Package: abs-mode
Fetcher: github
Source:  https://github.com/abstools/abs-mode.git

Updating /mnt/store/melpa/working/abs-mode/
Checking out 33f51510e894cea91b6d19c37e1575d7093392f5
Copying files (->) and directories (=>)
  from /mnt/store/melpa/working/abs-mode/
  to /tmp/abs-modeCCbXcX/abs-mode-20240718.1057
    abs-mode.el -> abs-mode.el
    snippets => snippets
Created abs-mode-20240718.1057.tar containing:
  abs-mode-20240718.1057/
  abs-mode-20240718.1057/abs-mode-pkg.el
  abs-mode-20240718.1057/abs-mode.el
  abs-mode-20240718.1057/snippets/
  abs-mode-20240718.1057/snippets/abs-mode/
  abs-mode-20240718.1057/snippets/abs-mode/case
  abs-mode-20240718.1057/snippets/abs-mode/class
  abs-mode-20240718.1057/snippets/abs-mode/data
  abs-mode-20240718.1057/snippets/abs-mode/def
  abs-mode-20240718.1057/snippets/abs-mode/exception
  abs-mode-20240718.1057/snippets/abs-mode/foreach
  abs-mode-20240718.1057/snippets/abs-mode/interface
  abs-mode-20240718.1057/snippets/abs-mode/let
  abs-mode-20240718.1057/snippets/abs-mode/module
  abs-mode-20240718.1057/snippets/abs-mode/recover
  abs-mode-20240718.1057/snippets/abs-mode/switch
  abs-mode-20240718.1057/snippets/abs-mode/try
  abs-mode-20240718.1057/snippets/abs-mode/type
  abs-mode-20240718.1057/snippets/abs-mode/while
 ✓ Success:
  2024-07-22T05:28:08+0000  abs-mode-20240718.1057.entry
  2024-07-22T05:28:08+0000  abs-mode-20240718.1057.tar
Built abs-mode in 3.920s, finished at 2024-07-22T05:28:09+0000
