Package: ac-js2
Fetcher: github
Source:  https://github.com/ScottyB/ac-js2.git

Updating /mnt/store/melpa/working/ac-js2/
Checking out 2b56d09a16c1a0ce514cc1b85d64cb1be4502723
Copying files (->) and directories (=>)
  from /mnt/store/melpa/working/ac-js2/
  to /tmp/ac-js2qELE7b/ac-js2-20190101.933
    skewer-addon.js -> skewer-addon.js
    ac-js2-tests.el -> ac-js2-tests.el
    ac-js2.el -> ac-js2.el
Created ac-js2-20190101.933.tar containing:
  ac-js2-20190101.933/
  ac-js2-20190101.933/ac-js2-pkg.el
  ac-js2-20190101.933/ac-js2-tests.el
  ac-js2-20190101.933/ac-js2.el
  ac-js2-20190101.933/skewer-addon.js
 ✓ Success:
  2024-01-10T00:05:27+0000  ac-js2-20190101.933.entry
  2024-01-10T00:05:26+0000  ac-js2-20190101.933.tar
Built ac-js2 in 4.138s, finished at 2024-01-10T00:05:28+0000
