Package: ac-php-core
Fetcher: github
Source:  https://github.com/xcwen/ac-php.git

Updating /mnt/store/melpa/working/ac-php-core/
Checking out 54d429e23dde99259d1c777bb58dfe18d45863ff
Copying files (->) and directories (=>)
  from /mnt/store/melpa/working/ac-php-core/
  to /tmp/ac-php-coreB2i2pj/ac-php-core-20240105.604
    ac-php-comm-tags-data.el -> ac-php-comm-tags-data.el
    ac-php-core.el -> ac-php-core.el
    phpctags -> phpctags
    ac-php-comm-tags-data.json -> ac-php-comm-tags-data.json
Created ac-php-core-20240105.604.tar containing:
  ac-php-core-20240105.604/
  ac-php-core-20240105.604/ac-php-comm-tags-data.el
  ac-php-core-20240105.604/ac-php-comm-tags-data.json
  ac-php-core-20240105.604/ac-php-core-pkg.el
  ac-php-core-20240105.604/ac-php-core.el
  ac-php-core-20240105.604/phpctags
 ✓ Success:
  2024-01-05T04:45:24+0000  ac-php-core-20230925.801.entry
  2024-01-05T04:45:24+0000  ac-php-core-20230925.801.tar
  2024-01-05T06:40:12+0000  ac-php-core-20240105.604.entry
  2024-01-05T06:40:12+0000  ac-php-core-20240105.604.tar
Built ac-php-core in 7.081s, finished at 2024-01-05T06:40:15+0000
