Package: achievements
Fetcher: gitlab
Source:  https://gitlab.com/gvol/emacs-achievements.git

Updating /mnt/store/melpa/working/achievements/
Checking out c229d21ad5d1e13be08e087ab498800b2b9b7c97
Copying files (->) and directories (=>)
  from /mnt/store/melpa/working/achievements/
  to /tmp/achievementsvtfLoX/achievements-20240703.318
    achievements-functions.el -> achievements-functions.el
    achievements-pkg.el -> achievements-pkg.el
    achievements.el -> achievements.el
    advanced-achievements.el -> advanced-achievements.el
    basic-achievements.el -> basic-achievements.el
    ideas-achievements.el -> ideas-achievements.el
Created achievements-20240703.318.tar containing:
  achievements-20240703.318/
  achievements-20240703.318/achievements-functions.el
  achievements-20240703.318/achievements-pkg.el
  achievements-20240703.318/achievements.el
  achievements-20240703.318/advanced-achievements.el
  achievements-20240703.318/basic-achievements.el
  achievements-20240703.318/ideas-achievements.el
 ✓ Success:
  2024-07-16T00:13:26+0000  achievements-20240703.318.entry
  2024-07-16T00:13:26+0000  achievements-20240703.318.tar
Built achievements in 3.525s, finished at 2024-07-16T00:13:27+0000
