Package: acp
Fetcher: github
Source:  https://github.com/xenodium/acp.el

Updating /mnt/store/melpa/working/acp/
Checking out f9dd828c7bfb209523e907cc947668924ff9f1bf
Copying files (->) and directories (=>)
  from /mnt/store/melpa/working/acp/
  to /tmp/acp21f6XY/acp-20251024.1517
    acp-fakes.el -> acp-fakes.el
    acp-traffic.el -> acp-traffic.el
    acp.el -> acp.el
Created acp-20251024.1517.tar containing:
  acp-20251024.1517/
  acp-20251024.1517/acp-fakes.el
  acp-20251024.1517/acp-pkg.el
  acp-20251024.1517/acp-traffic.el
  acp-20251024.1517/acp.el
 ✓ Success:
  2025-11-10T00:05:41+0000  acp-20251024.1517.entry
  2025-11-10T00:05:41+0000  acp-20251024.1517.tar
Built acp in 3.152s, finished at 2025-11-10T00:05:42+0000
