Package: ada-ts-mode
Fetcher: github
Source:  https://github.com/brownts/ada-ts-mode.git

Updating /mnt/store/melpa/working/ada-ts-mode/
Checking out fe84f62ea68c919bf321ba7b57b059d8d4b2bcd3
Copying files (->) and directories (=>)
  from /mnt/store/melpa/working/ada-ts-mode/
  to /tmp/ada-ts-modeWAl1lg/ada-ts-mode-20240324.2139
    ada-ts-mode.el -> ada-ts-mode.el
  ! doc/ada-ts-mode.texi -> ada-ts-mode.texi
Generating /tmp/ada-ts-modeWAl1lg/ada-ts-mode-20240324.2139/ada-ts-mode.info
Created ada-ts-mode-20240324.2139.tar containing:
  ada-ts-mode-20240324.2139/
  ada-ts-mode-20240324.2139/ada-ts-mode-pkg.el
  ada-ts-mode-20240324.2139/ada-ts-mode.el
  ada-ts-mode-20240324.2139/ada-ts-mode.info
  ada-ts-mode-20240324.2139/dir
 ✓ Success:
  2024-04-19T23:40:17+0000  ada-ts-mode-20240324.2139.entry
  2024-04-19T23:40:17+0000  ada-ts-mode-20240324.2139.tar
Built ada-ts-mode in 5.579s, finished at 2024-04-19T23:40:18+0000
