Package: alectryon
Fetcher: github
Source:  https://github.com/cpitclaudel/alectryon.git

Updating /mnt/store/melpa/working/alectryon/
Checking out 8a1f3054c97fc86d628413800cfef75577c43485
Copying files (->) and directories (=>)
  from /mnt/store/melpa/working/alectryon/
  to /tmp/alectryonOZFvO4/alectryon-20220925.2236
  ! etc/elisp/.gitignore -> .gitignore
  ! etc/elisp/Cask -> Cask
  ! etc/elisp/alectryon.el -> alectryon.el
  ! etc/elisp/screenshot => screenshot
Created alectryon-20220925.2236.tar containing:
  alectryon-20220925.2236/
  alectryon-20220925.2236/.gitignore
  alectryon-20220925.2236/Cask
  alectryon-20220925.2236/alectryon-pkg.el
  alectryon-20220925.2236/alectryon.el
  alectryon-20220925.2236/screenshot/
  alectryon-20220925.2236/screenshot/.gitignore
  alectryon-20220925.2236/screenshot/capture.el
  alectryon-20220925.2236/screenshot/example.v
 ✓ Success:
  2024-05-13T00:15:24+0000  alectryon-20220925.2236.entry
  2024-05-13T00:15:24+0000  alectryon-20220925.2236.tar
Built alectryon in 5.640s, finished at 2024-05-13T00:15:26+0000
