 • Building package alect-themes (from github:alezost/alect-themes)...
Updating /mnt/store/melpa/working/alect-themes/
Checking out b1f97e4bc0dc6ec91c7e9999fbe9fa371016463b
Copying files (->) and directories (=>)
  from /mnt/store/melpa/working/alect-themes/
  to /tmp/alect-themes6cxRtz/alect-themes-20251205.1503
    alect-black-alt-theme.el -> alect-black-alt-theme.el
    alect-black-theme.el -> alect-black-theme.el
    alect-dark-alt-theme.el -> alect-dark-alt-theme.el
    alect-dark-theme.el -> alect-dark-theme.el
    alect-light-alt-theme.el -> alect-light-alt-theme.el
    alect-light-theme.el -> alect-light-theme.el
    alect-themes.el -> alect-themes.el
Created alect-themes-20251205.1503.tar containing:
  alect-themes-20251205.1503/
  alect-themes-20251205.1503/alect-black-alt-theme.el
  alect-themes-20251205.1503/alect-black-theme.el
  alect-themes-20251205.1503/alect-dark-alt-theme.el
  alect-themes-20251205.1503/alect-dark-theme.el
  alect-themes-20251205.1503/alect-light-alt-theme.el
  alect-themes-20251205.1503/alect-light-theme.el
  alect-themes-20251205.1503/alect-themes-pkg.el
  alect-themes-20251205.1503/alect-themes.el
 ✓ Success:
  2025-12-15T02:01:50+0000  alect-themes-20251205.1503.entry
  2025-12-15T02:01:50+0000  alect-themes-20251205.1503.tar
Built alect-themes in 3.623s, finished at 2025-12-15T02:01:51+0000
