Package: all-the-icons
Fetcher: github
Source:  https://github.com/domtronn/all-the-icons.el.git

Updating /mnt/store/melpa/working/all-the-icons/
Checking out ee414384938ccf2ce93c77d717b85dc5538a257d
Copying files (->) and directories (=>)
  from /mnt/store/melpa/working/all-the-icons/
  to /tmp/all-the-iconsfuUVM5/all-the-icons-20240108.559
    all-the-icons-faces.el -> all-the-icons-faces.el
    all-the-icons.el -> all-the-icons.el
    data => data
Created all-the-icons-20240108.559.tar containing:
  all-the-icons-20240108.559/
  all-the-icons-20240108.559/all-the-icons-faces.el
  all-the-icons-20240108.559/all-the-icons-pkg.el
  all-the-icons-20240108.559/all-the-icons.el
  all-the-icons-20240108.559/data/
  all-the-icons-20240108.559/data/data-alltheicons.el
  all-the-icons-20240108.559/data/data-faicons.el
  all-the-icons-20240108.559/data/data-fileicons.el
  all-the-icons-20240108.559/data/data-material.el
  all-the-icons-20240108.559/data/data-octicons.el
  all-the-icons-20240108.559/data/data-weathericons.el
 ✓ Success:
  2024-03-13T00:11:02+0000  all-the-icons-20240108.559.entry
  2024-03-13T00:11:01+0000  all-the-icons-20240108.559.tar
Built all-the-icons in 6.255s, finished at 2024-03-13T00:11:04+0000
