Package: almost-mono-themes
Fetcher: github
Source:  https://github.com/cryon/almost-mono-themes.git

Updating /mnt/store/melpa/working/almost-mono-themes/
Checking out 0641bf565c113caef8d5c2a93f38cff32ebb62b7
Copying files (->) and directories (=>)
  from /mnt/store/melpa/working/almost-mono-themes/
  to /tmp/almost-mono-themes09K7mW/almost-mono-themes-20220422.1714
    almost-mono-black-theme.el -> almost-mono-black-theme.el
    almost-mono-cream-theme.el -> almost-mono-cream-theme.el
    almost-mono-gray-theme.el -> almost-mono-gray-theme.el
    almost-mono-themes.el -> almost-mono-themes.el
    almost-mono-white-theme.el -> almost-mono-white-theme.el
Created almost-mono-themes-20220422.1714.tar containing:
  almost-mono-themes-20220422.1714/
  almost-mono-themes-20220422.1714/almost-mono-black-theme.el
  almost-mono-themes-20220422.1714/almost-mono-cream-theme.el
  almost-mono-themes-20220422.1714/almost-mono-gray-theme.el
  almost-mono-themes-20220422.1714/almost-mono-themes-pkg.el
  almost-mono-themes-20220422.1714/almost-mono-themes.el
  almost-mono-themes-20220422.1714/almost-mono-white-theme.el
 ✓ Success:
  2024-08-22T23:33:24+0000  almost-mono-themes-20220422.1714.entry
  2024-08-22T23:33:24+0000  almost-mono-themes-20220422.1714.tar
Built almost-mono-themes in 2.953s, finished at 2024-08-22T23:33:25+0000
