Package: ample-theme
Fetcher: github
Source:  https://github.com/jordonbiondo/ample-theme

Updating /mnt/store/melpa/working/ample-theme/
Checking out 39ac29cf9a1229bb076964335fbd71cfb52e498b
Copying files (->) and directories (=>)
  from /mnt/store/melpa/working/ample-theme/
  to /tmp/ample-themeeV7fgi/ample-theme-20240426.1545
    ample-flat-theme.el -> ample-flat-theme.el
    ample-light-theme.el -> ample-light-theme.el
    ample-theme.el -> ample-theme.el
Created ample-theme-20240426.1545.tar containing:
  ample-theme-20240426.1545/
  ample-theme-20240426.1545/ample-flat-theme.el
  ample-theme-20240426.1545/ample-light-theme.el
  ample-theme-20240426.1545/ample-theme-pkg.el
  ample-theme-20240426.1545/ample-theme.el
 ✓ Success:
  2025-06-23T00:13:40+0000  ample-theme-20240426.1545.entry
  2025-06-23T00:13:40+0000  ample-theme-20240426.1545.tar
Built ample-theme in 4.593s, finished at 2025-06-23T00:13:42+0000
