Package: angular-mode
Fetcher: github
Source:  https://github.com/emacsattic/angular-mode

Updating /mnt/store/melpa/working/angular-mode/
Checking out 8720cde86af0f1859ccc8580571e8d0ad1c52cff
Copying files (->) and directories (=>)
  from /mnt/store/melpa/working/angular-mode/
  to /tmp/angular-modes0Y5PQ/angular-mode-20151201.2127
    angular-html-mode.el -> angular-html-mode.el
    angular-mode.el -> angular-mode.el
    snippets => snippets
Created angular-mode-20151201.2127.tar containing:
  angular-mode-20151201.2127/
  angular-mode-20151201.2127/angular-html-mode.el
  angular-mode-20151201.2127/angular-mode-pkg.el
  angular-mode-20151201.2127/angular-mode.el
  angular-mode-20151201.2127/snippets/
  angular-mode-20151201.2127/snippets/angular-html-mode/
  angular-mode-20151201.2127/snippets/angular-html-mode/ngclick
  angular-mode-20151201.2127/snippets/angular-mode/
  angular-mode-20151201.2127/snippets/angular-mode/config
  angular-mode-20151201.2127/snippets/angular-mode/controller
  angular-mode-20151201.2127/snippets/angular-mode/module
  angular-mode-20151201.2127/snippets/angular-mode/stateprovider
 ✓ Success:
  2025-01-14T23:02:53+0000  angular-mode-20151201.2127.entry
  2025-01-14T23:02:52+0000  angular-mode-20151201.2127.tar
Built angular-mode in 2.421s, finished at 2025-01-14T23:02:53+0000
