Package: annalist
Fetcher: github
Source:  https://github.com/noctuid/annalist.el.git

Updating /mnt/store/melpa/working/annalist/
Checking out 08df07e4530953a2c0b1aa553adcab37b7b614b0
Copying files (->) and directories (=>)
  from /mnt/store/melpa/working/annalist/
  to /tmp/annalist4cch5C/annalist-20190929.207
    annalist.el -> annalist.el
    annalist.texi -> annalist.texi
Generating /tmp/annalist4cch5C/annalist-20190929.207/annalist.info
Created annalist-20190929.207.tar containing:
  annalist-20190929.207/
  annalist-20190929.207/annalist-pkg.el
  annalist-20190929.207/annalist.el
  annalist-20190929.207/annalist.info
  annalist-20190929.207/dir
 ✓ Success:
  2023-12-29T06:41:12+0000  annalist-20190929.207.entry
  2023-12-29T06:41:11+0000  annalist-20190929.207.tar
Built annalist in 11.642s, finished at 2023-12-29T06:41:15+0000
