Package: apheleia
Fetcher: github
Source:  https://github.com/radian-software/apheleia

Updating /mnt/store/melpa/working/apheleia/
Checking out fa50cb3a3c7cb8f2b4216760c05f8a885a3ce906
Copying files (->) and directories (=>)
  from /mnt/store/melpa/working/apheleia/
  to /tmp/apheleiaTTUPsR/apheleia-20250118.1908
    apheleia-dp.el -> apheleia-dp.el
    apheleia-formatter-context.el -> apheleia-formatter-context.el
    apheleia-formatters.el -> apheleia-formatters.el
    apheleia-log.el -> apheleia-log.el
    apheleia-rcs.el -> apheleia-rcs.el
    apheleia-utils.el -> apheleia-utils.el
    apheleia.el -> apheleia.el
    scripts/formatters => scripts/formatters
Created apheleia-20250118.1908.tar containing:
  apheleia-20250118.1908/
  apheleia-20250118.1908/apheleia-dp.el
  apheleia-20250118.1908/apheleia-formatter-context.el
  apheleia-20250118.1908/apheleia-formatters.el
  apheleia-20250118.1908/apheleia-log.el
  apheleia-20250118.1908/apheleia-pkg.el
  apheleia-20250118.1908/apheleia-rcs.el
  apheleia-20250118.1908/apheleia-utils.el
  apheleia-20250118.1908/apheleia.el
  apheleia-20250118.1908/scripts/
  apheleia-20250118.1908/scripts/formatters/
  apheleia-20250118.1908/scripts/formatters/apheleia-docformatter
  apheleia-20250118.1908/scripts/formatters/apheleia-from-project-root
  apheleia-20250118.1908/scripts/formatters/apheleia-mix-format
  apheleia-20250118.1908/scripts/formatters/apheleia-npx
  apheleia-20250118.1908/scripts/formatters/apheleia-phpcs
  apheleia-20250118.1908/scripts/formatters/pnp-bin.js
 ✓ Success:
  2025-01-18T18:43:02+0000  apheleia-20250113.650.entry
  2025-01-18T18:43:02+0000  apheleia-20250113.650.tar
  2025-01-18T21:56:19+0000  apheleia-20250118.1908.entry
  2025-01-18T21:56:19+0000  apheleia-20250118.1908.tar
Built apheleia in 3.798s, finished at 2025-01-18T21:56:20+0000
