Package: aproject
Fetcher: github
Source:  https://github.com/vietor/aproject.git

Updating /mnt/store/melpa/working/aproject/
Checking out 13e176ee69851403bec6471c5cceed17b7912b6f
Copying files (->) and directories (=>)
  from /mnt/store/melpa/working/aproject/
  to /tmp/aproject60vV0B/aproject-20220410.541
    aproject-bookmark.el -> aproject-bookmark.el
    aproject-desktop.el -> aproject-desktop.el
    aproject-environ.el -> aproject-environ.el
    aproject-ido.el -> aproject-ido.el
    aproject-recentf.el -> aproject-recentf.el
    aproject.el -> aproject.el
Created aproject-20220410.541.tar containing:
  aproject-20220410.541/
  aproject-20220410.541/aproject-bookmark.el
  aproject-20220410.541/aproject-desktop.el
  aproject-20220410.541/aproject-environ.el
  aproject-20220410.541/aproject-ido.el
  aproject-20220410.541/aproject-pkg.el
  aproject-20220410.541/aproject-recentf.el
  aproject-20220410.541/aproject.el
 ✓ Success:
  2024-09-18T23:31:53+0000  aproject-20220410.541.entry
  2024-09-18T23:31:53+0000  aproject-20220410.541.tar
Built aproject in 2.440s, finished at 2024-09-18T23:31:54+0000
