Package: asm-blox
Fetcher: github
Source:  https://github.com/zkry/asm-blox

Updating /mnt/store/melpa/working/asm-blox/
Checking out 6731d8e4f78d0b43ec9b90d8184c1d86d725ac7c
Copying files (->) and directories (=>)
  from /mnt/store/melpa/working/asm-blox/
  to /tmp/asm-bloxzN19nZ/asm-blox-20240106.1930
    asm-blox-puzzles.el -> asm-blox-puzzles.el
    asm-blox.el -> asm-blox.el
    asm-blox.info -> asm-blox.info
Created asm-blox-20240106.1930.tar containing:
  asm-blox-20240106.1930/
  asm-blox-20240106.1930/asm-blox-pkg.el
  asm-blox-20240106.1930/asm-blox-puzzles.el
  asm-blox-20240106.1930/asm-blox.el
  asm-blox-20240106.1930/asm-blox.info
  asm-blox-20240106.1930/dir
 ✓ Success:
  2025-06-23T00:14:39+0000  asm-blox-20240106.1930.entry
  2025-06-23T00:14:38+0000  asm-blox-20240106.1930.tar
Built asm-blox in 3.505s, finished at 2025-06-23T00:14:39+0000
