Package: assess
Fetcher: github
Source:  https://github.com/phillord/assess.git

Updating /mnt/store/melpa/working/assess/
Checking out cadeb24a5d8261fad4bdfdc09e7d571cc395a6ca
Copying files (->) and directories (=>)
  from /mnt/store/melpa/working/assess/
  to /tmp/assessej6kx6/assess-20240303.1454
    assess-call.el -> assess-call.el
    assess-discover.el -> assess-discover.el
    assess-robot.el -> assess-robot.el
    assess.el -> assess.el
Created assess-20240303.1454.tar containing:
  assess-20240303.1454/
  assess-20240303.1454/assess-call.el
  assess-20240303.1454/assess-discover.el
  assess-20240303.1454/assess-pkg.el
  assess-20240303.1454/assess-robot.el
  assess-20240303.1454/assess.el
 ✓ Success:
  2024-06-02T23:59:24+0000  assess-20240303.1454.entry
  2024-06-02T23:59:23+0000  assess-20240303.1454.tar
Built assess in 7.976s, finished at 2024-06-02T23:59:27+0000
