Package: async
Fetcher: github
Source:  https://github.com/jwiegley/emacs-async.git

Updating /mnt/store/melpa/working/async/
Checking out 3623cb328a8d810d3277de6f005cce18fbcd8b1e
Copying files (->) and directories (=>)
  from /mnt/store/melpa/working/async/
  to /tmp/asyncxCwazh/async-20240714.709
    async-bytecomp.el -> async-bytecomp.el
    async-package.el -> async-package.el
    async.el -> async.el
    dired-async.el -> dired-async.el
    smtpmail-async.el -> smtpmail-async.el
Created async-20240714.709.tar containing:
  async-20240714.709/
  async-20240714.709/async-bytecomp.el
  async-20240714.709/async-package.el
  async-20240714.709/async-pkg.el
  async-20240714.709/async.el
  async-20240714.709/dired-async.el
  async-20240714.709/smtpmail-async.el
 ✓ Success:
  2024-07-14T23:06:29+0000  async-20240714.709.entry
  2024-07-14T23:06:29+0000  async-20240714.709.tar
Built async in 3.302s, finished at 2024-07-14T23:06:30+0000
