 • Building package avk-emacs-themes (from github:avkoval/avk-emacs-themes)...
Updating /mnt/store/melpa/working/avk-emacs-themes/
Checking out abe6fd059e0a7e8fcf2eb95b16c3dfac5620b1e7
Copying files (->) and directories (=>)
  from /mnt/store/melpa/working/avk-emacs-themes/
  to /tmp/avk-emacs-themesvnTDZS/avk-emacs-themes-20230825.922
    avk-darkblue-white-theme.el -> avk-darkblue-white-theme.el
    avk-darkblue-yellow-theme.el -> avk-darkblue-yellow-theme.el
    avk-daylight-theme.el -> avk-daylight-theme.el
    avk-emacs-themes-pkg.el -> avk-emacs-themes-pkg.el
    avk-emacs-themes.el -> avk-emacs-themes.el
Created avk-emacs-themes-20230825.922.tar containing:
  avk-emacs-themes-20230825.922/
  avk-emacs-themes-20230825.922/avk-darkblue-white-theme.el
  avk-emacs-themes-20230825.922/avk-darkblue-yellow-theme.el
  avk-emacs-themes-20230825.922/avk-daylight-theme.el
  avk-emacs-themes-20230825.922/avk-emacs-themes-pkg.el
  avk-emacs-themes-20230825.922/avk-emacs-themes.el
 ✓ Success:
  2025-12-29T00:11:04+0000  avk-emacs-themes-20230825.922.entry
  2025-12-29T00:11:04+0000  avk-emacs-themes-20230825.922.tar
Built avk-emacs-themes in 3.384s, finished at 2025-12-29T00:11:05+0000
