Package: ayu-theme
Fetcher: github
Source:  https://github.com/vutran1710/Ayu-Theme-Emacs.git

Updating /mnt/store/melpa/working/ayu-theme/
Checking out dc325520c1202463a0f05d4ece1644109830fef4
Copying files (->) and directories (=>)
  from /mnt/store/melpa/working/ayu-theme/
  to /tmp/ayu-themecdSPti/ayu-theme-20230306.1924
    ayu-dark-theme.el -> ayu-dark-theme.el
    ayu-grey-theme.el -> ayu-grey-theme.el
    ayu-light-theme.el -> ayu-light-theme.el
    ayu-theme.el -> ayu-theme.el
Created ayu-theme-20230306.1924.tar containing:
  ayu-theme-20230306.1924/
  ayu-theme-20230306.1924/ayu-dark-theme.el
  ayu-theme-20230306.1924/ayu-grey-theme.el
  ayu-theme-20230306.1924/ayu-light-theme.el
  ayu-theme-20230306.1924/ayu-theme-pkg.el
  ayu-theme-20230306.1924/ayu-theme.el
 ✓ Success:
  2024-05-27T23:22:51+0000  ayu-theme-20230306.1924.entry
  2024-05-27T23:22:51+0000  ayu-theme-20230306.1924.tar
Built ayu-theme in 3.990s, finished at 2024-05-27T23:22:52+0000
