 • Building package bank-buddy (from github:captainflasmr/bank-buddy)...
Updating /mnt/store/melpa/working/bank-buddy/
Checking out 762ad9e24fa2fe38991513b6b5166c0df8fdd689
Copying files (->) and directories (=>)
  from /mnt/store/melpa/working/bank-buddy/
  to /tmp/bank-buddy3Q3QeO/bank-buddy-20250526.1515
    bank-buddy-cat-mode.el -> bank-buddy-cat-mode.el
    bank-buddy-core.el -> bank-buddy-core.el
    bank-buddy.el -> bank-buddy.el
  ! docs/bank-buddy.info -> bank-buddy.info
  ! docs/bank-buddy.texi -> bank-buddy.texi
Generating bank-buddy.info
Created bank-buddy-20250526.1515.tar containing:
  bank-buddy-20250526.1515/
  bank-buddy-20250526.1515/bank-buddy-cat-mode.el
  bank-buddy-20250526.1515/bank-buddy-core.el
  bank-buddy-20250526.1515/bank-buddy-pkg.el
  bank-buddy-20250526.1515/bank-buddy.el
  bank-buddy-20250526.1515/bank-buddy.info
  bank-buddy-20250526.1515/dir
 ✓ Success:
  2025-12-29T00:11:28+0000  bank-buddy-20250526.1515.entry
  2025-12-29T00:11:28+0000  bank-buddy-20250526.1515.tar
Built bank-buddy in 5.303s, finished at 2025-12-29T00:11:29+0000
