Package: bbdb-vcard
Fetcher: github
Source:  https://github.com/tohojo/bbdb-vcard.git

Updating /mnt/store/melpa/working/bbdb-vcard/
Checking out 113c66115ce68316e209f51ebce56de8dded3606
Copying files (->) and directories (=>)
  from /mnt/store/melpa/working/bbdb-vcard/
  to /tmp/bbdb-vcardM9LEUT/bbdb-vcard-20210325.2208
    bbdb-vcard-vcard21.el -> bbdb-vcard-vcard21.el
    bbdb-vcard.el -> bbdb-vcard.el
    bbdb-vcard.texi -> bbdb-vcard.texi
Generating bbdb-vcard.info
Created bbdb-vcard-20210325.2208.tar containing:
  bbdb-vcard-20210325.2208/
  bbdb-vcard-20210325.2208/bbdb-vcard-pkg.el
  bbdb-vcard-20210325.2208/bbdb-vcard-vcard21.el
  bbdb-vcard-20210325.2208/bbdb-vcard.el
  bbdb-vcard-20210325.2208/bbdb-vcard.info
  bbdb-vcard-20210325.2208/dir
 ✓ Success:
  2024-09-22T23:54:24+0000  bbdb-vcard-20210325.2208.entry
  2024-09-22T23:54:24+0000  bbdb-vcard-20210325.2208.tar
Built bbdb-vcard in 3.732s, finished at 2024-09-22T23:54:25+0000
