Package: biblio
Fetcher: github
Source:  https://github.com/cpitclaudel/biblio.el.git

Updating /mnt/store/melpa/working/biblio/
Checking out ee52f6cda82ea6fbc3b400e7b12132595cc0374c
Copying files (->) and directories (=>)
  from /mnt/store/melpa/working/biblio/
  to /tmp/biblioUvVZkr/biblio-20230202.1721
    biblio-arxiv.el -> biblio-arxiv.el
    biblio-crossref.el -> biblio-crossref.el
    biblio-dblp.el -> biblio-dblp.el
    biblio-dissemin.el -> biblio-dissemin.el
    biblio-doi.el -> biblio-doi.el
    biblio-download.el -> biblio-download.el
    biblio-hal.el -> biblio-hal.el
    biblio-ieee.el -> biblio-ieee.el
    biblio-pkg.el -> biblio-pkg.el
    biblio.el -> biblio.el
Created biblio-20230202.1721.tar containing:
  biblio-20230202.1721/
  biblio-20230202.1721/biblio-arxiv.el
  biblio-20230202.1721/biblio-crossref.el
  biblio-20230202.1721/biblio-dblp.el
  biblio-20230202.1721/biblio-dissemin.el
  biblio-20230202.1721/biblio-doi.el
  biblio-20230202.1721/biblio-download.el
  biblio-20230202.1721/biblio-hal.el
  biblio-20230202.1721/biblio-ieee.el
  biblio-20230202.1721/biblio-pkg.el
  biblio-20230202.1721/biblio.el
 ✓ Success:
  2023-12-29T06:43:47+0000  biblio-20230202.1721.entry
  2023-12-29T06:43:47+0000  biblio-20230202.1721.tar
Built biblio in 4.361s, finished at 2023-12-29T06:43:49+0000
