Package: biome
Fetcher: github
Source:  https://github.com/SqrtMinusOne/biome.git

Updating /mnt/store/melpa/working/biome/
Checking out f931520566a31ebcc3392bb902f1c36e377bb2a2
Copying files (->) and directories (=>)
  from /mnt/store/melpa/working/biome/
  to /tmp/biomeHsgvVG/biome-20231015.1930
    biome-api-data.el -> biome-api-data.el
    biome-api-parse.el -> biome-api-parse.el
    biome-api.el -> biome-api.el
    biome-grid.el -> biome-grid.el
    biome-query.el -> biome-query.el
    biome.el -> biome.el
Created biome-20231015.1930.tar containing:
  biome-20231015.1930/
  biome-20231015.1930/biome-api-data.el
  biome-20231015.1930/biome-api-parse.el
  biome-20231015.1930/biome-api.el
  biome-20231015.1930/biome-grid.el
  biome-20231015.1930/biome-pkg.el
  biome-20231015.1930/biome-query.el
  biome-20231015.1930/biome.el
 ✓ Success:
  2023-12-25T12:02:14+0000  biome-20231015.1930.entry
  2023-12-25T12:02:14+0000  biome-20231015.1930.tar
Built biome in 4.446s, finished at 2023-12-25T12:02:16+0000
