Package: blgrep
Fetcher: github
Source:  https://github.com/ataka/blgrep

Updating /mnt/store/melpa/working/blgrep/
Checking out 605beda210610a5829750a987f5fcebea97af546
Copying files (->) and directories (=>)
  from /mnt/store/melpa/working/blgrep/
  to /tmp/blgrepFkaouF/blgrep-20150401.1416
    blg-2ch.el -> blg-2ch.el
    blg-autoloads.el -> blg-autoloads.el
    blg-bib.el -> blg-bib.el
    blg-cc.el -> blg-cc.el
    blg-changelog.el -> blg-changelog.el
    blg-css.el -> blg-css.el
    blg-elisp.el -> blg-elisp.el
    blg-outline.el -> blg-outline.el
    blgrep.el -> blgrep.el
    clgrep.el -> clgrep.el
Created blgrep-20150401.1416.tar containing:
  blgrep-20150401.1416/
  blgrep-20150401.1416/blg-2ch.el
  blgrep-20150401.1416/blg-autoloads.el
  blgrep-20150401.1416/blg-bib.el
  blgrep-20150401.1416/blg-cc.el
  blgrep-20150401.1416/blg-changelog.el
  blgrep-20150401.1416/blg-css.el
  blgrep-20150401.1416/blg-elisp.el
  blgrep-20150401.1416/blg-outline.el
  blgrep-20150401.1416/blgrep-pkg.el
  blgrep-20150401.1416/blgrep.el
  blgrep-20150401.1416/clgrep.el
 ✓ Success:
  2025-02-22T22:56:43+0000  blgrep-20150401.1416.entry
  2025-02-22T22:56:43+0000  blgrep-20150401.1416.tar
Built blgrep in 3.356s, finished at 2025-02-22T22:56:44+0000
