 • Building package bmp (from sourcehut:lepisma/bmp)...
Updating /mnt/store/melpa/working/bmp/
Checking out 8f4fe653ee49860d764b789919bbd46a4a9d3768
Copying files (->) and directories (=>)
  from /mnt/store/melpa/working/bmp/
  to /tmp/bmp33JU4M/bmp-20251005.2032
    bmp-base.el -> bmp-base.el
    bmp-bmpfile.el -> bmp-bmpfile.el
    bmp-elisp.el -> bmp-elisp.el
    bmp-node.el -> bmp-node.el
    bmp.el -> bmp.el
Created bmp-20251005.2032.tar containing:
  bmp-20251005.2032/
  bmp-20251005.2032/bmp-base.el
  bmp-20251005.2032/bmp-bmpfile.el
  bmp-20251005.2032/bmp-elisp.el
  bmp-20251005.2032/bmp-node.el
  bmp-20251005.2032/bmp-pkg.el
  bmp-20251005.2032/bmp.el
 ✓ Success:
  2025-12-29T00:12:37+0000  bmp-20251005.2032.entry
  2025-12-29T00:12:37+0000  bmp-20251005.2032.tar
Built bmp in 4.261s, finished at 2025-12-29T00:12:38+0000
