Package: boon
Fetcher: github
Source:  https://github.com/jyp/boon

Updating /mnt/store/melpa/working/boon/
Checking out 19a7f76e75759f5266986b40c470edb1f70c43df
Copying files (->) and directories (=>)
  from /mnt/store/melpa/working/boon/
  to /tmp/boonAR6IEG/boon-20240628.703
    boon-arguments.el -> boon-arguments.el
    boon-colemak-hnei.el -> boon-colemak-hnei.el
    boon-colemak.el -> boon-colemak.el
    boon-core.el -> boon-core.el
    boon-dvorak.el -> boon-dvorak.el
    boon-emacs.el -> boon-emacs.el
    boon-hl.el -> boon-hl.el
    boon-keys.el -> boon-keys.el
    boon-loaddefs.el -> boon-loaddefs.el
    boon-main.el -> boon-main.el
    boon-moves.el -> boon-moves.el
    boon-pkg.el -> boon-pkg.el
    boon-powerline.el -> boon-powerline.el
    boon-qwerty-hjkl.el -> boon-qwerty-hjkl.el
    boon-qwerty.el -> boon-qwerty.el
    boon-qwertz.el -> boon-qwertz.el
    boon-regs.el -> boon-regs.el
    boon-search.el -> boon-search.el
    boon-spaceline.el -> boon-spaceline.el
    boon-tutorial.el -> boon-tutorial.el
    boon-utils.el -> boon-utils.el
    boon-workman.el -> boon-workman.el
    boon.el -> boon.el
Created boon-20240628.703.tar containing:
  boon-20240628.703/
  boon-20240628.703/boon-arguments.el
  boon-20240628.703/boon-colemak-hnei.el
  boon-20240628.703/boon-colemak.el
  boon-20240628.703/boon-core.el
  boon-20240628.703/boon-dvorak.el
  boon-20240628.703/boon-emacs.el
  boon-20240628.703/boon-hl.el
  boon-20240628.703/boon-keys.el
  boon-20240628.703/boon-loaddefs.el
  boon-20240628.703/boon-main.el
  boon-20240628.703/boon-moves.el
  boon-20240628.703/boon-pkg.el
  boon-20240628.703/boon-powerline.el
  boon-20240628.703/boon-qwerty-hjkl.el
  boon-20240628.703/boon-qwerty.el
  boon-20240628.703/boon-qwertz.el
  boon-20240628.703/boon-regs.el
  boon-20240628.703/boon-search.el
  boon-20240628.703/boon-spaceline.el
  boon-20240628.703/boon-tutorial.el
  boon-20240628.703/boon-utils.el
  boon-20240628.703/boon-workman.el
  boon-20240628.703/boon.el
 ✓ Success:
  2024-11-10T00:20:20+0000  boon-20240628.703.entry
  2024-11-10T00:20:20+0000  boon-20240628.703.tar
Built boon in 3.406s, finished at 2024-11-10T00:20:20+0000
