Package: borg
Fetcher: github
Source:  https://github.com/emacscollective/borg.git

Updating /mnt/store/melpa/working/borg/
Checking out a403ee1ace20dc99a70c6ee3922f89a0e6e9eabf
Copying files (->) and directories (=>)
  from /mnt/store/melpa/working/borg/
  to /tmp/borg18OhQ5/borg-20240722.1326
    borg-elpa.el -> borg-elpa.el
    borg.el -> borg.el
  ! docs/borg.texi -> borg.texi
    borg.mk -> borg.mk
Generating /tmp/borg18OhQ5/borg-20240722.1326/borg.info
Created borg-20240722.1326.tar containing:
  borg-20240722.1326/
  borg-20240722.1326/borg-elpa.el
  borg-20240722.1326/borg-pkg.el
  borg-20240722.1326/borg.el
  borg-20240722.1326/borg.info
  borg-20240722.1326/borg.mk
  borg-20240722.1326/dir
 ✓ Success:
  2024-07-23T00:05:46+0000  borg-20240722.1326.entry
  2024-07-23T00:05:45+0000  borg-20240722.1326.tar
Built borg in 7.828s, finished at 2024-07-23T00:05:47+0000
