Package: bqn-mode
Fetcher: github
Source:  https://github.com/museoa/bqn-mode.git

Updating /mnt/store/melpa/working/bqn-mode/
Checking out 23fd9db096ab3a5c5fbd034e721b8a7d27d1d6b7
Copying files (->) and directories (=>)
  from /mnt/store/melpa/working/bqn-mode/
  to /tmp/bqn-mode2DZaqp/bqn-mode-20231217.1203
    bqn-glyph-mode.el -> bqn-glyph-mode.el
    bqn-keymap-mode.el -> bqn-keymap-mode.el
    bqn-mode.el -> bqn-mode.el
    bqn-symbols.el -> bqn-symbols.el
Created bqn-mode-20231217.1203.tar containing:
  bqn-mode-20231217.1203/
  bqn-mode-20231217.1203/bqn-glyph-mode.el
  bqn-mode-20231217.1203/bqn-keymap-mode.el
  bqn-mode-20231217.1203/bqn-mode-pkg.el
  bqn-mode-20231217.1203/bqn-mode.el
  bqn-mode-20231217.1203/bqn-symbols.el
 ✓ Success:
  2024-01-12T00:07:16+0000  bqn-mode-20231217.1203.entry
  2024-01-12T00:07:16+0000  bqn-mode-20231217.1203.tar
Built bqn-mode in 1.944s, finished at 2024-01-12T00:07:16+0000
