Package: brf
Fetcher: git
Source:  https://bitbucket.org/MikeWoolley/brf-mode

Updating /mnt/store/melpa/working/brf/
Checking out a6ea410920b19f1ec39aa270ee25591747654944
Copying files (->) and directories (=>)
  from /mnt/store/melpa/working/brf/
  to /tmp/brfPTvTsA/brf-20250114.1134
    brf-bookmark.el -> brf-bookmark.el
    brf-compat.el -> brf-compat.el
    brf-editing.el -> brf-editing.el
    brf-marking.el -> brf-marking.el
    brf-menu.el -> brf-menu.el
    brf-movement.el -> brf-movement.el
    brf-undo.el -> brf-undo.el
    brf-window.el -> brf-window.el
    brf.el -> brf.el
    brf-mode.info -> brf-mode.info
Created brf-20250114.1134.tar containing:
  brf-20250114.1134/
  brf-20250114.1134/brf-bookmark.el
  brf-20250114.1134/brf-compat.el
  brf-20250114.1134/brf-editing.el
  brf-20250114.1134/brf-marking.el
  brf-20250114.1134/brf-menu.el
  brf-20250114.1134/brf-mode.info
  brf-20250114.1134/brf-movement.el
  brf-20250114.1134/brf-pkg.el
  brf-20250114.1134/brf-undo.el
  brf-20250114.1134/brf-window.el
  brf-20250114.1134/brf.el
  brf-20250114.1134/dir
 ✓ Success:
  2025-01-18T22:00:34+0000  brf-20250114.1134.entry
  2025-01-18T22:00:34+0000  brf-20250114.1134.tar
Built brf in 2.951s, finished at 2025-01-18T22:00:35+0000
