Package: buffer-manage
Fetcher: github
Source:  https://github.com/plandes/buffer-manage

Updating /mnt/store/melpa/working/buffer-manage/
Checking out 3d338b1e64f256ccb70adf81de4c04bcda7eb8d8
Copying files (->) and directories (=>)
  from /mnt/store/melpa/working/buffer-manage/
  to /tmp/buffer-manageMjyCCK/buffer-manage-20241019.1748
    buffer-manage.el -> buffer-manage.el
    config-manage-base.el -> config-manage-base.el
    config-manage-declare.el -> config-manage-declare.el
    config-manage-mode.el -> config-manage-mode.el
    config-manage-prop.el -> config-manage-prop.el
    config-manage.el -> config-manage.el
Created buffer-manage-20241019.1748.tar containing:
  buffer-manage-20241019.1748/
  buffer-manage-20241019.1748/buffer-manage-pkg.el
  buffer-manage-20241019.1748/buffer-manage.el
  buffer-manage-20241019.1748/config-manage-base.el
  buffer-manage-20241019.1748/config-manage-declare.el
  buffer-manage-20241019.1748/config-manage-mode.el
  buffer-manage-20241019.1748/config-manage-prop.el
  buffer-manage-20241019.1748/config-manage.el
 ✓ Success:
  2025-09-29T01:47:43+0000  buffer-manage-20241019.1748.entry
  2025-09-29T01:47:43+0000  buffer-manage-20241019.1748.tar
Built buffer-manage in 2.779s, finished at 2025-09-29T01:47:44+0000
