Package: bug-reference-github
Fetcher: github
Source:  https://github.com/arnested/bug-reference-github

Updating /mnt/store/melpa/working/bug-reference-github/
Checking out 4e848472a5be464a3bc10a3c917322d1e344951a
Copying files (->) and directories (=>)
  from /mnt/store/melpa/working/bug-reference-github/
  to /tmp/bug-reference-githubmF7ONb/bug-reference-github-20200206.2158
    bug-reference-github.el -> bug-reference-github.el
    dir -> dir
    bug-reference-github.info -> bug-reference-github.info
Created bug-reference-github-20200206.2158.tar containing:
  bug-reference-github-20200206.2158/
  bug-reference-github-20200206.2158/bug-reference-github-pkg.el
  bug-reference-github-20200206.2158/bug-reference-github.el
  bug-reference-github-20200206.2158/bug-reference-github.info
  bug-reference-github-20200206.2158/dir
 ✓ Success:
  2025-04-02T23:23:00+0000  bug-reference-github-20200206.2158.entry
  2025-04-02T23:23:00+0000  bug-reference-github-20200206.2158.tar
Built bug-reference-github in 4.545s, finished at 2025-04-02T23:23:02+0000
