Package: bui
Fetcher: github
Source:  https://github.com/alezost/bui.el.git

Updating /mnt/store/melpa/working/bui/
Checking out ab62fcefc3c7ddf5e5d64c18045148a3c297592d
Copying files (->) and directories (=>)
  from /mnt/store/melpa/working/bui/
  to /tmp/buiXrWGAc/bui-20210108.1141
    bui-button.el -> bui-button.el
    bui-core.el -> bui-core.el
    bui-entry.el -> bui-entry.el
    bui-history.el -> bui-history.el
    bui-info.el -> bui-info.el
    bui-list.el -> bui-list.el
    bui-utils.el -> bui-utils.el
    bui.el -> bui.el
Created bui-20210108.1141.tar containing:
  bui-20210108.1141/
  bui-20210108.1141/bui-button.el
  bui-20210108.1141/bui-core.el
  bui-20210108.1141/bui-entry.el
  bui-20210108.1141/bui-history.el
  bui-20210108.1141/bui-info.el
  bui-20210108.1141/bui-list.el
  bui-20210108.1141/bui-pkg.el
  bui-20210108.1141/bui-utils.el
  bui-20210108.1141/bui.el
 ✓ Success:
  2023-12-29T06:45:01+0000  bui-20210108.1141.entry
  2023-12-29T06:45:00+0000  bui-20210108.1141.tar
Built bui in 4.827s, finished at 2023-12-29T06:45:03+0000
