Package: burly
Fetcher: github
Source:  https://github.com/alphapapa/burly.el

Updating /mnt/store/melpa/working/burly/
Checking out d5b7133b5b629dd6bca29bb16660a9e472e82e25
Copying files (->) and directories (=>)
  from /mnt/store/melpa/working/burly/
  to /tmp/burlyCitVhd/burly-20240727.545
    burly-tabs.el -> burly-tabs.el
    burly.el -> burly.el
    burly.info -> burly.info
Created burly-20240727.545.tar containing:
  burly-20240727.545/
  burly-20240727.545/burly-pkg.el
  burly-20240727.545/burly-tabs.el
  burly-20240727.545/burly.el
  burly-20240727.545/burly.info
  burly-20240727.545/dir
 ✓ Success:
  2025-06-23T00:18:16+0000  burly-20240727.545.entry
  2025-06-23T00:18:16+0000  burly-20240727.545.tar
Built burly in 3.230s, finished at 2025-06-23T00:18:17+0000
