Package: cacoo
Fetcher: github
Source:  https://github.com/kiwanami/emacs-cacoo.git

Updating /mnt/store/melpa/working/cacoo/
Checking out c9fa04fbe97639b24698709530361c2bb5f3273c
Copying files (->) and directories (=>)
  from /mnt/store/melpa/working/cacoo/
  to /tmp/cacooos9L0e/cacoo-20120319.2359
    cacoo-pkg.el -> cacoo-pkg.el
    cacoo-plugins.el -> cacoo-plugins.el
    cacoo.el -> cacoo.el
Created cacoo-20120319.2359.tar containing:
  cacoo-20120319.2359/
  cacoo-20120319.2359/cacoo-pkg.el
  cacoo-20120319.2359/cacoo-plugins.el
  cacoo-20120319.2359/cacoo.el
 ✓ Success:
  2024-02-02T07:01:40+0000  cacoo-20120319.2359.entry
  2024-02-02T07:01:39+0000  cacoo-20120319.2359.tar
Built cacoo in 3.182s, finished at 2024-02-02T07:01:41+0000
