Package: calibredb
Fetcher: github
Source:  https://github.com/chenyanming/calibredb.el

Updating /mnt/store/melpa/working/calibredb/
Checking out 0d26829a8c16ebf3a9fe403e64af9d816db9c1db
Copying files (->) and directories (=>)
  from /mnt/store/melpa/working/calibredb/
  to /tmp/calibredbtjmAQY/calibredb-20250214.1629
    calibredb-annotation.el -> calibredb-annotation.el
    calibredb-consult.el -> calibredb-consult.el
    calibredb-core.el -> calibredb-core.el
    calibredb-dired.el -> calibredb-dired.el
    calibredb-faces.el -> calibredb-faces.el
    calibredb-folder.el -> calibredb-folder.el
    calibredb-helm.el -> calibredb-helm.el
    calibredb-ivy.el -> calibredb-ivy.el
    calibredb-library.el -> calibredb-library.el
    calibredb-opds.el -> calibredb-opds.el
    calibredb-org.el -> calibredb-org.el
    calibredb-search.el -> calibredb-search.el
    calibredb-show.el -> calibredb-show.el
    calibredb-transient.el -> calibredb-transient.el
    calibredb-utils.el -> calibredb-utils.el
    calibredb.el -> calibredb.el
Created calibredb-20250214.1629.tar containing:
  calibredb-20250214.1629/
  calibredb-20250214.1629/calibredb-annotation.el
  calibredb-20250214.1629/calibredb-consult.el
  calibredb-20250214.1629/calibredb-core.el
  calibredb-20250214.1629/calibredb-dired.el
  calibredb-20250214.1629/calibredb-faces.el
  calibredb-20250214.1629/calibredb-folder.el
  calibredb-20250214.1629/calibredb-helm.el
  calibredb-20250214.1629/calibredb-ivy.el
  calibredb-20250214.1629/calibredb-library.el
  calibredb-20250214.1629/calibredb-opds.el
  calibredb-20250214.1629/calibredb-org.el
  calibredb-20250214.1629/calibredb-pkg.el
  calibredb-20250214.1629/calibredb-search.el
  calibredb-20250214.1629/calibredb-show.el
  calibredb-20250214.1629/calibredb-transient.el
  calibredb-20250214.1629/calibredb-utils.el
  calibredb-20250214.1629/calibredb.el
 ✓ Success:
  2025-02-15T00:12:28+0000  calibredb-20250214.1629.entry
  2025-02-15T00:12:28+0000  calibredb-20250214.1629.tar
Built calibredb in 1.349s, finished at 2025-02-15T00:12:29+0000
