Package: calle24
Fetcher: github
Source:  https://github.com/kickingvegas/calle24

Updating /mnt/store/melpa/working/calle24/
Checking out e1bfaaae438027518878521d6cd6a34401953327
Copying files (->) and directories (=>)
  from /mnt/store/melpa/working/calle24/
  to /tmp/calle24JoQwqS/calle24-20250309.1952
  ! lisp/calle24.el -> calle24.el
    images => images
Created calle24-20250309.1952.tar containing:
  calle24-20250309.1952/
  calle24-20250309.1952/calle24-pkg.el
  calle24-20250309.1952/calle24.el
  calle24-20250309.1952/images/
  calle24-20250309.1952/images/attach.xpm
  calle24-20250309.1952/images/attach_dark.xpm
  calle24-20250309.1952/images/back-arrow.xpm
  calle24-20250309.1952/images/back-arrow_dark.xpm
  calle24-20250309.1952/images/bookmark.xpm
  calle24-20250309.1952/images/bookmark_add.xpm
  calle24-20250309.1952/images/bookmark_add_dark.xpm
  calle24-20250309.1952/images/bookmark_dark.xpm
  calle24-20250309.1952/images/cancel.xpm
  calle24-20250309.1952/images/cancel_dark.xpm
  calle24-20250309.1952/images/checked.xpm
  calle24-20250309.1952/images/checked_dark.xpm
  calle24-20250309.1952/images/close.xpm
  calle24-20250309.1952/images/close_dark.xpm
  calle24-20250309.1952/images/connect-to-url.xpm
  calle24-20250309.1952/images/connect-to-url_dark.xpm
  calle24-20250309.1952/images/connect.xpm
  calle24-20250309.1952/images/connect_dark.xpm
  calle24-20250309.1952/images/contact.xpm
  calle24-20250309.1952/images/contact_dark.xpm
  calle24-20250309.1952/images/copy.xpm
  calle24-20250309.1952/images/copy_dark.xpm
  calle24-20250309.1952/images/cut.xpm
  calle24-20250309.1952/images/cut_dark.xpm
  calle24-20250309.1952/images/delete.xpm
  calle24-20250309.1952/images/delete_dark.xpm
  calle24-20250309.1952/images/diropen.xpm
  calle24-20250309.1952/images/diropen_dark.xpm
  calle24-20250309.1952/images/exit.xpm
  calle24-20250309.1952/images/exit_dark.xpm
  calle24-20250309.1952/images/fwd-arrow.xpm
  calle24-20250309.1952/images/fwd-arrow_dark.xpm
  calle24-20250309.1952/images/help.xpm
  calle24-20250309.1952/images/help_dark.xpm
  calle24-20250309.1952/images/hide.xpm
  calle24-20250309.1952/images/hide_dark.xpm
  calle24-20250309.1952/images/home.xpm
  calle24-20250309.1952/images/home_dark.xpm
  calle24-20250309.1952/images/index.xpm
  calle24-20250309.1952/images/index_dark.xpm
  calle24-20250309.1952/images/info.xpm
  calle24-20250309.1952/images/info_dark.xpm
  calle24-20250309.1952/images/jump-to.xpm
  calle24-20250309.1952/images/jump-to_dark.xpm
  calle24-20250309.1952/images/last-page.xpm
  calle24-20250309.1952/images/last-page_dark.xpm
  calle24-20250309.1952/images/left-arrow.xpm
  calle24-20250309.1952/images/left-arrow_dark.xpm
  calle24-20250309.1952/images/lock-broken.xpm
  calle24-20250309.1952/images/lock-broken_dark.xpm
  calle24-20250309.1952/images/lock-ok.xpm
  calle24-20250309.1952/images/lock-ok_dark.xpm
  calle24-20250309.1952/images/lock-open.xpm
  calle24-20250309.1952/images/lock-open_dark.xpm
  calle24-20250309.1952/images/lock.xpm
  calle24-20250309.1952/images/lock_dark.xpm
  calle24-20250309.1952/images/new.xpm
  calle24-20250309.1952/images/new_dark.xpm
  calle24-20250309.1952/images/next-node.xpm
  calle24-20250309.1952/images/next-node_dark.xpm
  calle24-20250309.1952/images/next-page.xpm
  calle24-20250309.1952/images/next-page_dark.xpm
  calle24-20250309.1952/images/open.xpm
  calle24-20250309.1952/images/open_dark.xpm
  calle24-20250309.1952/images/paste.xpm
  calle24-20250309.1952/images/paste_dark.xpm
  calle24-20250309.1952/images/preferences.xpm
  calle24-20250309.1952/images/preferences_dark.xpm
  calle24-20250309.1952/images/prev-node.xpm
  calle24-20250309.1952/images/prev-node_dark.xpm
  calle24-20250309.1952/images/prev-page.xpm
  calle24-20250309.1952/images/prev-page_dark.xpm
  calle24-20250309.1952/images/print.xpm
  calle24-20250309.1952/images/print_dark.xpm
  calle24-20250309.1952/images/redo.xpm
  calle24-20250309.1952/images/redo_dark.xpm
  calle24-20250309.1952/images/refresh.xpm
  calle24-20250309.1952/images/refresh_dark.xpm
  calle24-20250309.1952/images/right-arrow.xpm
  calle24-20250309.1952/images/right-arrow_dark.xpm
  calle24-20250309.1952/images/save.xpm
  calle24-20250309.1952/images/save_dark.xpm
  calle24-20250309.1952/images/saveas.xpm
  calle24-20250309.1952/images/saveas_dark.xpm
  calle24-20250309.1952/images/search-replace.xpm
  calle24-20250309.1952/images/search-replace_dark.xpm
  calle24-20250309.1952/images/search.xpm
  calle24-20250309.1952/images/search2.xpm
  calle24-20250309.1952/images/search2_dark.xpm
  calle24-20250309.1952/images/search_dark.xpm
  calle24-20250309.1952/images/share.xpm
  calle24-20250309.1952/images/share_dark.xpm
  calle24-20250309.1952/images/show.xpm
  calle24-20250309.1952/images/show_dark.xpm
  calle24-20250309.1952/images/unchecked.xpm
  calle24-20250309.1952/images/unchecked_dark.xpm
  calle24-20250309.1952/images/undo.xpm
  calle24-20250309.1952/images/undo_dark.xpm
  calle24-20250309.1952/images/up-arrow.xpm
  calle24-20250309.1952/images/up-arrow_dark.xpm
  calle24-20250309.1952/images/up-node.xpm
  calle24-20250309.1952/images/up-node_dark.xpm
  calle24-20250309.1952/images/zoom-in.xpm
  calle24-20250309.1952/images/zoom-in_dark.xpm
  calle24-20250309.1952/images/zoom-out.xpm
  calle24-20250309.1952/images/zoom-out_dark.xpm
 ✓ Success:
  2025-03-09T22:37:49+0000  calle24-20250309.1952.entry
  2025-03-09T22:37:49+0000  calle24-20250309.1952.tar
Built calle24 in 3.457s, finished at 2025-03-09T22:37:50+0000
