Package: casual-re-builder
Fetcher: github
Source:  https://github.com/kickingvegas/casual-re-builder

Updating /mnt/store/melpa/working/casual-re-builder/
Checking out 5195fcc9dc6676234c0f427c45f5c6d2ba28939e
Copying files (->) and directories (=>)
  from /mnt/store/melpa/working/casual-re-builder/
  to /tmp/casual-re-builderXJcxLo/casual-re-builder-20241021.2350
  ! lisp/casual-re-builder-settings.el -> casual-re-builder-settings.el
  ! lisp/casual-re-builder-utils.el -> casual-re-builder-utils.el
  ! lisp/casual-re-builder-version.el -> casual-re-builder-version.el
  ! lisp/casual-re-builder.el -> casual-re-builder.el
Created casual-re-builder-20241021.2350.tar containing:
  casual-re-builder-20241021.2350/
  casual-re-builder-20241021.2350/casual-re-builder-pkg.el
  casual-re-builder-20241021.2350/casual-re-builder-settings.el
  casual-re-builder-20241021.2350/casual-re-builder-utils.el
  casual-re-builder-20241021.2350/casual-re-builder-version.el
  casual-re-builder-20241021.2350/casual-re-builder.el
 ✓ Success:
  2024-10-23T23:45:31+0000  casual-re-builder-20241021.2350.entry
  2024-10-23T23:45:31+0000  casual-re-builder-20241021.2350.tar
Built casual-re-builder in 3.360s, finished at 2024-10-23T23:45:32+0000
