Package: casual-ibuffer
Fetcher: github
Source:  https://github.com/kickingvegas/casual-ibuffer.git

Updating /mnt/store/melpa/working/casual-ibuffer/
Checking out 72a2fa2f42bd3e6378b7c23586c5cd2b6ff02043
Copying files (->) and directories (=>)
  from /mnt/store/melpa/working/casual-ibuffer/
  to /tmp/casual-ibufferWObzOl/casual-ibuffer-20240705.2217
  ! lisp/casual-ibuffer-filter.el -> casual-ibuffer-filter.el
  ! lisp/casual-ibuffer-settings.el -> casual-ibuffer-settings.el
  ! lisp/casual-ibuffer-utils.el -> casual-ibuffer-utils.el
  ! lisp/casual-ibuffer-version.el -> casual-ibuffer-version.el
  ! lisp/casual-ibuffer.el -> casual-ibuffer.el
Created casual-ibuffer-20240705.2217.tar containing:
  casual-ibuffer-20240705.2217/
  casual-ibuffer-20240705.2217/casual-ibuffer-filter.el
  casual-ibuffer-20240705.2217/casual-ibuffer-pkg.el
  casual-ibuffer-20240705.2217/casual-ibuffer-settings.el
  casual-ibuffer-20240705.2217/casual-ibuffer-utils.el
  casual-ibuffer-20240705.2217/casual-ibuffer-version.el
  casual-ibuffer-20240705.2217/casual-ibuffer.el
 ✓ Success:
  2024-07-11T23:13:53+0000  casual-ibuffer-20240705.2217.entry
  2024-07-11T23:13:53+0000  casual-ibuffer-20240705.2217.tar
Built casual-ibuffer in 5.626s, finished at 2024-07-11T23:13:56+0000
