Package: casual-editkit
Fetcher: github
Source:  https://github.com/kickingvegas/casual-editkit

Updating /mnt/store/melpa/working/casual-editkit/
Checking out b84ba70335862975efa55d2a69fa560727b010e9
Copying files (->) and directories (=>)
  from /mnt/store/melpa/working/casual-editkit/
  to /tmp/casual-editkit6uGT6D/casual-editkit-20240930.2305
  ! lisp/casual-editkit-constants.el -> casual-editkit-constants.el
  ! lisp/casual-editkit-settings.el -> casual-editkit-settings.el
  ! lisp/casual-editkit-utils.el -> casual-editkit-utils.el
  ! lisp/casual-editkit-version.el -> casual-editkit-version.el
  ! lisp/casual-editkit.el -> casual-editkit.el
Created casual-editkit-20240930.2305.tar containing:
  casual-editkit-20240930.2305/
  casual-editkit-20240930.2305/casual-editkit-constants.el
  casual-editkit-20240930.2305/casual-editkit-pkg.el
  casual-editkit-20240930.2305/casual-editkit-settings.el
  casual-editkit-20240930.2305/casual-editkit-utils.el
  casual-editkit-20240930.2305/casual-editkit-version.el
  casual-editkit-20240930.2305/casual-editkit.el
 ✓ Success:
  2024-09-30T20:16:12+0000  casual-editkit-20240930.1654.entry
  2024-09-30T20:16:12+0000  casual-editkit-20240930.1654.tar
  2024-09-30T23:05:57+0000  casual-editkit-20240930.2305.entry
  2024-09-30T23:05:57+0000  casual-editkit-20240930.2305.tar
Built casual-editkit in 3.998s, finished at 2024-09-30T23:05:58+0000
