Package: casual-bookmarks
Fetcher: github
Source:  https://github.com/kickingvegas/casual-bookmarks.git

Updating /mnt/store/melpa/working/casual-bookmarks/
Checking out bad79bc1181855b47f603529569ac3223cd93de8
Copying files (->) and directories (=>)
  from /mnt/store/melpa/working/casual-bookmarks/
  to /tmp/casual-bookmarksJjSO4A/casual-bookmarks-20240729.318
  ! lisp/casual-bookmarks-settings.el -> casual-bookmarks-settings.el
  ! lisp/casual-bookmarks-utils.el -> casual-bookmarks-utils.el
  ! lisp/casual-bookmarks-version.el -> casual-bookmarks-version.el
  ! lisp/casual-bookmarks.el -> casual-bookmarks.el
Created casual-bookmarks-20240729.318.tar containing:
  casual-bookmarks-20240729.318/
  casual-bookmarks-20240729.318/casual-bookmarks-pkg.el
  casual-bookmarks-20240729.318/casual-bookmarks-settings.el
  casual-bookmarks-20240729.318/casual-bookmarks-utils.el
  casual-bookmarks-20240729.318/casual-bookmarks-version.el
  casual-bookmarks-20240729.318/casual-bookmarks.el
 ✓ Success:
  2024-07-30T02:20:40+0000  casual-bookmarks-20240729.318.entry
  2024-07-30T02:20:40+0000  casual-bookmarks-20240729.318.tar
Built casual-bookmarks in 3.848s, finished at 2024-07-30T02:20:42+0000
