Package: casual-lib
Fetcher: github
Source:  https://github.com/kickingvegas/casual-lib

Updating /mnt/store/melpa/working/casual-lib/
Checking out 38cb34644fd2825981551b16026dd9488f8242c3
Copying files (->) and directories (=>)
  from /mnt/store/melpa/working/casual-lib/
  to /tmp/casual-libH7CbFi/casual-lib-20241021.2349
  ! lisp/casual-lib-version.el -> casual-lib-version.el
  ! lisp/casual-lib.el -> casual-lib.el
Created casual-lib-20241021.2349.tar containing:
  casual-lib-20241021.2349/
  casual-lib-20241021.2349/casual-lib-pkg.el
  casual-lib-20241021.2349/casual-lib-version.el
  casual-lib-20241021.2349/casual-lib.el
 ✓ Success:
  2024-10-21T22:42:05+0000  casual-lib-20241001.704.entry
  2024-10-21T22:42:05+0000  casual-lib-20241001.704.tar
  2024-10-22T00:56:01+0000  casual-lib-20241021.2349.entry
  2024-10-22T00:56:01+0000  casual-lib-20241021.2349.tar
Built casual-lib in 3.358s, finished at 2024-10-22T00:56:02+0000
