Package: casual-suite
Fetcher: github
Source:  https://github.com/kickingvegas/casual-suite.git

Updating /mnt/store/melpa/working/casual-suite/
Checking out f317a570c5b0a5c6dc2d850d3b954c7de57d69a3
Copying files (->) and directories (=>)
  from /mnt/store/melpa/working/casual-suite/
  to /tmp/casual-suiteVpGFfY/casual-suite-20240826.2048
  ! lisp/casual-suite-variables.el -> casual-suite-variables.el
  ! lisp/casual-suite-version.el -> casual-suite-version.el
  ! lisp/casual-suite.el -> casual-suite.el
Created casual-suite-20240826.2048.tar containing:
  casual-suite-20240826.2048/
  casual-suite-20240826.2048/casual-suite-pkg.el
  casual-suite-20240826.2048/casual-suite-variables.el
  casual-suite-20240826.2048/casual-suite-version.el
  casual-suite-20240826.2048/casual-suite.el
 ✓ Success:
  2024-08-27T00:16:20+0000  casual-suite-20240826.2048.entry
  2024-08-27T00:16:19+0000  casual-suite-20240826.2048.tar
Built casual-suite in 2.863s, finished at 2024-08-27T00:16:20+0000
