Package: casual-symbol-overlay
Fetcher: github
Source:  https://github.com/kickingvegas/casual-symbol-overlay

Updating /mnt/store/melpa/working/casual-symbol-overlay/
Checking out 1453e7486dd0921f0319f21dd8c8b603e4eb7300
Copying files (->) and directories (=>)
  from /mnt/store/melpa/working/casual-symbol-overlay/
  to /tmp/casual-symbol-overlay7KjDPA/casual-symbol-overlay-20241021.2358
  ! lisp/casual-symbol-overlay-settings.el -> casual-symbol-overlay-settings.el
  ! lisp/casual-symbol-overlay-utils.el -> casual-symbol-overlay-utils.el
  ! lisp/casual-symbol-overlay-version.el -> casual-symbol-overlay-version.el
  ! lisp/casual-symbol-overlay.el -> casual-symbol-overlay.el
Created casual-symbol-overlay-20241021.2358.tar containing:
  casual-symbol-overlay-20241021.2358/
  casual-symbol-overlay-20241021.2358/casual-symbol-overlay-pkg.el
  casual-symbol-overlay-20241021.2358/casual-symbol-overlay-settings.el
  casual-symbol-overlay-20241021.2358/casual-symbol-overlay-utils.el
  casual-symbol-overlay-20241021.2358/casual-symbol-overlay-version.el
  casual-symbol-overlay-20241021.2358/casual-symbol-overlay.el
 ✓ Success:
  2025-06-30T00:18:12+0000  casual-symbol-overlay-20241021.2358.entry
  2025-06-30T00:18:12+0000  casual-symbol-overlay-20241021.2358.tar
Built casual-symbol-overlay in 3.472s, finished at 2025-06-30T00:18:13+0000
