Package: casual-dired
Fetcher: github
Source:  https://github.com/kickingvegas/casual-dired.git

Updating /mnt/store/melpa/working/casual-dired/
Checking out c48a7987ab9979af5088d883366b72894ef70b85
Copying files (->) and directories (=>)
  from /mnt/store/melpa/working/casual-dired/
  to /tmp/casual-diredASFSyP/casual-dired-20240506.2010
  ! lisp/casual-dired-settings.el -> casual-dired-settings.el
  ! lisp/casual-dired-sort-by.el -> casual-dired-sort-by.el
  ! lisp/casual-dired-variables.el -> casual-dired-variables.el
  ! lisp/casual-dired-version.el -> casual-dired-version.el
  ! lisp/casual-dired.el -> casual-dired.el
Created casual-dired-20240506.2010.tar containing:
  casual-dired-20240506.2010/
  casual-dired-20240506.2010/casual-dired-pkg.el
  casual-dired-20240506.2010/casual-dired-settings.el
  casual-dired-20240506.2010/casual-dired-sort-by.el
  casual-dired-20240506.2010/casual-dired-variables.el
  casual-dired-20240506.2010/casual-dired-version.el
  casual-dired-20240506.2010/casual-dired.el
 ✓ Success:
  2024-05-07T00:05:30+0000  casual-dired-20240506.2010.entry
  2024-05-07T00:05:30+0000  casual-dired-20240506.2010.tar
Built casual-dired in 6.091s, finished at 2024-05-07T00:05:33+0000
