Package: centaur-tabs
Fetcher: github
Source:  https://github.com/ema2159/centaur-tabs.git

Updating /mnt/store/melpa/working/centaur-tabs/
Checking out a1dffa3da14fca819f2dab891d07431344108f91
Copying files (->) and directories (=>)
  from /mnt/store/melpa/working/centaur-tabs/
  to /tmp/centaur-tabsdSq4XI/centaur-tabs-20240613.2218
    centaur-tabs-elements.el -> centaur-tabs-elements.el
    centaur-tabs-functions.el -> centaur-tabs-functions.el
    centaur-tabs-interactive.el -> centaur-tabs-interactive.el
    centaur-tabs.el -> centaur-tabs.el
Created centaur-tabs-20240613.2218.tar containing:
  centaur-tabs-20240613.2218/
  centaur-tabs-20240613.2218/centaur-tabs-elements.el
  centaur-tabs-20240613.2218/centaur-tabs-functions.el
  centaur-tabs-20240613.2218/centaur-tabs-interactive.el
  centaur-tabs-20240613.2218/centaur-tabs-pkg.el
  centaur-tabs-20240613.2218/centaur-tabs.el
 ✓ Success:
  2024-06-13T23:17:40+0000  centaur-tabs-20240613.2218.entry
  2024-06-13T23:17:40+0000  centaur-tabs-20240613.2218.tar
  2024-06-13T21:10:06+0000  centaur-tabs-20240613.936.entry
  2024-06-13T21:10:06+0000  centaur-tabs-20240613.936.tar
Built centaur-tabs in 3.829s, finished at 2024-06-13T23:17:42+0000
