Package: cerbere
Fetcher: github
Source:  https://github.com/nlamirault/cerbere

Updating /mnt/store/melpa/working/cerbere/
Checking out bb18d932b16541105d41a668dbf6fc4e833a6dc2
Copying files (->) and directories (=>)
  from /mnt/store/melpa/working/cerbere/
  to /tmp/cerbereUg1YOg/cerbere-20181113.1641
    cerbere-common.el -> cerbere-common.el
    cerbere-elisp-ert-runner.el -> cerbere-elisp-ert-runner.el
    cerbere-php-phpunit.el -> cerbere-php-phpunit.el
    cerbere-python-tox.el -> cerbere-python-tox.el
    cerbere-ruby-minitest.el -> cerbere-ruby-minitest.el
    cerbere-rust-libtest.el -> cerbere-rust-libtest.el
    cerbere.el -> cerbere.el
Created cerbere-20181113.1641.tar containing:
  cerbere-20181113.1641/
  cerbere-20181113.1641/cerbere-common.el
  cerbere-20181113.1641/cerbere-elisp-ert-runner.el
  cerbere-20181113.1641/cerbere-php-phpunit.el
  cerbere-20181113.1641/cerbere-pkg.el
  cerbere-20181113.1641/cerbere-python-tox.el
  cerbere-20181113.1641/cerbere-ruby-minitest.el
  cerbere-20181113.1641/cerbere-rust-libtest.el
  cerbere-20181113.1641/cerbere.el
 ✓ Success:
  2024-10-26T00:44:59+0000  cerbere-20181113.1641.entry
  2024-10-26T00:44:59+0000  cerbere-20181113.1641.tar
Built cerbere in 2.726s, finished at 2024-10-26T00:45:00+0000
