Package: cfn-mode
Fetcher: gitlab
Source:  https://gitlab.com/worr/cfn-mode

Updating /mnt/store/melpa/working/cfn-mode/
Checking out cea4db0ea7ffeef14cf667ecf0d5fddd1d0340b2
Copying files (->) and directories (=>)
  from /mnt/store/melpa/working/cfn-mode/
  to /tmp/cfn-modeJgYiBZ/cfn-mode-20250504.804
  ! cfn-mode/cfn-mode.el -> cfn-mode.el
  ! cfn-mode/cfn-properties.dat -> cfn-properties.dat
  ! cfn-mode/cfn-resources.dat -> cfn-resources.dat
Created cfn-mode-20250504.804.tar containing:
  cfn-mode-20250504.804/
  cfn-mode-20250504.804/cfn-mode-pkg.el
  cfn-mode-20250504.804/cfn-mode.el
  cfn-mode-20250504.804/cfn-properties.dat
  cfn-mode-20250504.804/cfn-resources.dat
 ✓ Success:
  2025-05-12T00:22:21+0000  cfn-mode-20250504.804.entry
  2025-05-12T00:22:20+0000  cfn-mode-20250504.804.tar
Built cfn-mode in 4.095s, finished at 2025-05-12T00:22:21+0000
