Package: chatu
Fetcher: github
Source:  https://github.com/kimim/chatu

Updating /mnt/store/melpa/working/chatu/
Checking out c878590f3e5189334f1ae456f4d7a2880fd9c8c1
Copying files (->) and directories (=>)
  from /mnt/store/melpa/working/chatu/
  to /tmp/chatuew8tKC/chatu-20250110.453
    chatu-babashka.el -> chatu-babashka.el
    chatu-clojure.el -> chatu-clojure.el
    chatu-common.el -> chatu-common.el
    chatu-curl.el -> chatu-curl.el
    chatu-drawio.el -> chatu-drawio.el
    chatu-inline.el -> chatu-inline.el
    chatu-lilypond.el -> chatu-lilypond.el
    chatu-plantuml.el -> chatu-plantuml.el
    chatu-python.el -> chatu-python.el
    chatu-r.el -> chatu-r.el
    chatu.el -> chatu.el
Created chatu-20250110.453.tar containing:
  chatu-20250110.453/
  chatu-20250110.453/chatu-babashka.el
  chatu-20250110.453/chatu-clojure.el
  chatu-20250110.453/chatu-common.el
  chatu-20250110.453/chatu-curl.el
  chatu-20250110.453/chatu-drawio.el
  chatu-20250110.453/chatu-inline.el
  chatu-20250110.453/chatu-lilypond.el
  chatu-20250110.453/chatu-pkg.el
  chatu-20250110.453/chatu-plantuml.el
  chatu-20250110.453/chatu-python.el
  chatu-20250110.453/chatu-r.el
  chatu-20250110.453/chatu.el
 ✓ Success:
  2025-01-13T22:34:00+0000  chatu-20250110.453.entry
  2025-01-13T22:34:00+0000  chatu-20250110.453.tar
Built chatu in 1.991s, finished at 2025-01-13T22:34:00+0000
