Package: chezmoi
Fetcher: github
Source:  https://github.com/tuh8888/chezmoi.el.git

Updating /mnt/store/melpa/working/chezmoi/
Checking out 1389782f8c0780c7e66f8e77b10345ba1f4eabae
Copying files (->) and directories (=>)
  from /mnt/store/melpa/working/chezmoi/
  to /tmp/chezmoiAxHfDU/chezmoi-20230726.1638
    chezmoi-core.el -> chezmoi-core.el
    chezmoi-template.el -> chezmoi-template.el
    chezmoi.el -> chezmoi.el
Created chezmoi-20230726.1638.tar containing:
  chezmoi-20230726.1638/
  chezmoi-20230726.1638/chezmoi-core.el
  chezmoi-20230726.1638/chezmoi-pkg.el
  chezmoi-20230726.1638/chezmoi-template.el
  chezmoi-20230726.1638/chezmoi.el
 ✓ Success:
  2023-12-25T23:50:32+0000  chezmoi-20230726.1638.entry
  2023-12-25T23:50:32+0000  chezmoi-20230726.1638.tar
Built chezmoi in 4.271s, finished at 2023-12-25T23:50:34+0000
