Package: chronos
Fetcher: github
Source:  https://github.com/DarkBuffalo/chronos

Updating /mnt/store/melpa/working/chronos/
Checking out 5ea0bf7c3881ea905e280446342539b242401979
Copying files (->) and directories (=>)
  from /mnt/store/melpa/working/chronos/
  to /tmp/chronostdi0MI/chronos-20240525.1339
    chronos.el -> chronos.el
    chronos.info -> chronos.info
Created chronos-20240525.1339.tar containing:
  chronos-20240525.1339/
  chronos-20240525.1339/chronos-pkg.el
  chronos-20240525.1339/chronos.el
  chronos-20240525.1339/chronos.info
  chronos-20240525.1339/dir
 ✓ Success:
  2024-09-29T00:43:36+0000  chronos-20240525.1339.entry
  2024-09-29T00:43:36+0000  chronos-20240525.1339.tar
Built chronos in 3.904s, finished at 2024-09-29T00:43:37+0000
