Package: chronometrist
Fetcher: codeberg
Source:  https://codeberg.org/contrapunctus/chronometrist

Updating /mnt/store/melpa/working/chronometrist/
Checking out fdeeba0c0f23cd0ebfa76d5ec2bf4e5e93f87941
Copying files (->) and directories (=>)
  from /mnt/store/melpa/working/chronometrist/
  to /tmp/chronometrist58en2Q/chronometrist-20240807.1850
  ! elisp/chronometrist-sqlite.el -> chronometrist-sqlite.el
  ! elisp/chronometrist-third.el -> chronometrist-third.el
  ! elisp/chronometrist.el -> chronometrist.el
  ! elisp/chronometrist-sqlite.org -> chronometrist-sqlite.org
  ! elisp/chronometrist-third.org -> chronometrist-third.org
  ! elisp/chronometrist.org -> chronometrist.org
Created chronometrist-20240807.1850.tar containing:
  chronometrist-20240807.1850/
  chronometrist-20240807.1850/chronometrist-pkg.el
  chronometrist-20240807.1850/chronometrist-sqlite.el
  chronometrist-20240807.1850/chronometrist-sqlite.org
  chronometrist-20240807.1850/chronometrist-third.el
  chronometrist-20240807.1850/chronometrist-third.org
  chronometrist-20240807.1850/chronometrist.el
  chronometrist-20240807.1850/chronometrist.org
 ✓ Success:
  2024-10-11T22:53:48+0000  chronometrist-20240807.1850.entry
  2024-10-11T22:53:48+0000  chronometrist-20240807.1850.tar
Built chronometrist in 3.808s, finished at 2024-10-11T22:53:49+0000
