Package: circe
Fetcher: github
Source:  https://github.com/emacs-circe/circe

Updating /mnt/store/melpa/working/circe/
Checking out 2c2b1337f7b8836e143c04d6d842dd3669546ec4
Copying files (->) and directories (=>)
  from /mnt/store/melpa/working/circe/
  to /tmp/circeyIHRry/circe-20250906.2034
    circe-chanop.el -> circe-chanop.el
    circe-color-nicks.el -> circe-color-nicks.el
    circe-compat.el -> circe-compat.el
    circe-display-images.el -> circe-display-images.el
    circe-lagmon.el -> circe-lagmon.el
    circe-new-day-notifier.el -> circe-new-day-notifier.el
    circe.el -> circe.el
    irc.el -> irc.el
    lcs.el -> lcs.el
    lui-autopaste.el -> lui-autopaste.el
    lui-format.el -> lui-format.el
    lui-irc-colors.el -> lui-irc-colors.el
    lui-logging.el -> lui-logging.el
    lui-track-bar.el -> lui-track-bar.el
    lui-track.el -> lui-track.el
    lui.el -> lui.el
    make-tls-process.el -> make-tls-process.el
    shorten.el -> shorten.el
    tracking.el -> tracking.el
Created circe-20250906.2034.tar containing:
  circe-20250906.2034/
  circe-20250906.2034/circe-chanop.el
  circe-20250906.2034/circe-color-nicks.el
  circe-20250906.2034/circe-compat.el
  circe-20250906.2034/circe-display-images.el
  circe-20250906.2034/circe-lagmon.el
  circe-20250906.2034/circe-new-day-notifier.el
  circe-20250906.2034/circe-pkg.el
  circe-20250906.2034/circe.el
  circe-20250906.2034/irc.el
  circe-20250906.2034/lcs.el
  circe-20250906.2034/lui-autopaste.el
  circe-20250906.2034/lui-format.el
  circe-20250906.2034/lui-irc-colors.el
  circe-20250906.2034/lui-logging.el
  circe-20250906.2034/lui-track-bar.el
  circe-20250906.2034/lui-track.el
  circe-20250906.2034/lui.el
  circe-20250906.2034/make-tls-process.el
  circe-20250906.2034/shorten.el
  circe-20250906.2034/tracking.el
 ✓ Success:
  2025-09-08T01:17:33+0000  circe-20250906.2034.entry
  2025-09-08T01:17:33+0000  circe-20250906.2034.tar
Built circe in 3.376s, finished at 2025-09-08T01:17:33+0000
