Package: citar
Fetcher: github
Source:  https://github.com/emacs-citar/citar

Updating /mnt/store/melpa/working/citar/
Checking out 6f2c61e2dcbda47a7aad0d87f40568c4e3c88f6b
Copying files (->) and directories (=>)
  from /mnt/store/melpa/working/citar/
  to /tmp/citar4yXynS/citar-20250112.1842
    citar-cache.el -> citar-cache.el
    citar-capf.el -> citar-capf.el
    citar-citeproc.el -> citar-citeproc.el
    citar-file.el -> citar-file.el
    citar-format.el -> citar-format.el
    citar-latex.el -> citar-latex.el
    citar-markdown.el -> citar-markdown.el
    citar-org.el -> citar-org.el
    citar.el -> citar.el
Created citar-20250112.1842.tar containing:
  citar-20250112.1842/
  citar-20250112.1842/citar-cache.el
  citar-20250112.1842/citar-capf.el
  citar-20250112.1842/citar-citeproc.el
  citar-20250112.1842/citar-file.el
  citar-20250112.1842/citar-format.el
  citar-20250112.1842/citar-latex.el
  citar-20250112.1842/citar-markdown.el
  citar-20250112.1842/citar-org.el
  citar-20250112.1842/citar-pkg.el
  citar-20250112.1842/citar.el
 ✓ Success:
  2025-01-12T23:17:53+0000  citar-20250112.1842.entry
  2025-01-12T23:17:53+0000  citar-20250112.1842.tar
Built citar in 2.412s, finished at 2025-01-12T23:17:53+0000
