Package: citeproc
Fetcher: github
Source:  https://github.com/andras-simonyi/citeproc-el.git

Updating /mnt/store/melpa/working/citeproc/
Checking out ce5d92969cd53b40185415a1b57c7681f3f611ef
Copying files (->) and directories (=>)
  from /mnt/store/melpa/working/citeproc/
  to /tmp/citeprocKqnBuY/citeproc-20240505.712
    citeproc-biblatex.el -> citeproc-biblatex.el
    citeproc-bibtex.el -> citeproc-bibtex.el
    citeproc-choose.el -> citeproc-choose.el
    citeproc-cite.el -> citeproc-cite.el
    citeproc-context.el -> citeproc-context.el
    citeproc-date.el -> citeproc-date.el
    citeproc-disamb.el -> citeproc-disamb.el
    citeproc-formatters.el -> citeproc-formatters.el
    citeproc-generic-elements.el -> citeproc-generic-elements.el
    citeproc-itemdata.el -> citeproc-itemdata.el
    citeproc-itemgetters.el -> citeproc-itemgetters.el
    citeproc-lib.el -> citeproc-lib.el
    citeproc-locale.el -> citeproc-locale.el
    citeproc-macro.el -> citeproc-macro.el
    citeproc-name.el -> citeproc-name.el
    citeproc-number.el -> citeproc-number.el
    citeproc-prange.el -> citeproc-prange.el
    citeproc-proc.el -> citeproc-proc.el
    citeproc-rt.el -> citeproc-rt.el
    citeproc-s.el -> citeproc-s.el
    citeproc-sort.el -> citeproc-sort.el
    citeproc-style.el -> citeproc-style.el
    citeproc-subbibs.el -> citeproc-subbibs.el
    citeproc-term.el -> citeproc-term.el
    citeproc-test-human.el -> citeproc-test-human.el
    citeproc.el -> citeproc.el
Created citeproc-20240505.712.tar containing:
  citeproc-20240505.712/
  citeproc-20240505.712/citeproc-biblatex.el
  citeproc-20240505.712/citeproc-bibtex.el
  citeproc-20240505.712/citeproc-choose.el
  citeproc-20240505.712/citeproc-cite.el
  citeproc-20240505.712/citeproc-context.el
  citeproc-20240505.712/citeproc-date.el
  citeproc-20240505.712/citeproc-disamb.el
  citeproc-20240505.712/citeproc-formatters.el
  citeproc-20240505.712/citeproc-generic-elements.el
  citeproc-20240505.712/citeproc-itemdata.el
  citeproc-20240505.712/citeproc-itemgetters.el
  citeproc-20240505.712/citeproc-lib.el
  citeproc-20240505.712/citeproc-locale.el
  citeproc-20240505.712/citeproc-macro.el
  citeproc-20240505.712/citeproc-name.el
  citeproc-20240505.712/citeproc-number.el
  citeproc-20240505.712/citeproc-pkg.el
  citeproc-20240505.712/citeproc-prange.el
  citeproc-20240505.712/citeproc-proc.el
  citeproc-20240505.712/citeproc-rt.el
  citeproc-20240505.712/citeproc-s.el
  citeproc-20240505.712/citeproc-sort.el
  citeproc-20240505.712/citeproc-style.el
  citeproc-20240505.712/citeproc-subbibs.el
  citeproc-20240505.712/citeproc-term.el
  citeproc-20240505.712/citeproc-test-human.el
  citeproc-20240505.712/citeproc.el
 ✓ Success:
  2024-05-07T00:06:49+0000  citeproc-20240505.712.entry
  2024-05-07T00:06:49+0000  citeproc-20240505.712.tar
Built citeproc in 5.062s, finished at 2024-05-07T00:06:51+0000
