Package: cliphist
Fetcher: github
Source:  https://github.com/redguardtoo/cliphist.git

Updating /mnt/store/melpa/working/cliphist/
Checking out d02b97a2aa0da13711d9a6f845649115de8ac11b
Copying files (->) and directories (=>)
  from /mnt/store/melpa/working/cliphist/
  to /tmp/cliphistyK5ZOY/cliphist-20220525.1034
    cliphist-clipit.el -> cliphist-clipit.el
    cliphist-flycut.el -> cliphist-flycut.el
    cliphist-greenclip.el -> cliphist-greenclip.el
    cliphist-parcellite.el -> cliphist-parcellite.el
    cliphist-sdk.el -> cliphist-sdk.el
    cliphist.el -> cliphist.el
Created cliphist-20220525.1034.tar containing:
  cliphist-20220525.1034/
  cliphist-20220525.1034/cliphist-clipit.el
  cliphist-20220525.1034/cliphist-flycut.el
  cliphist-20220525.1034/cliphist-greenclip.el
  cliphist-20220525.1034/cliphist-parcellite.el
  cliphist-20220525.1034/cliphist-pkg.el
  cliphist-20220525.1034/cliphist-sdk.el
  cliphist-20220525.1034/cliphist.el
 ✓ Success:
  2024-06-12T23:39:53+0000  cliphist-20220525.1034.entry
  2024-06-12T23:39:53+0000  cliphist-20220525.1034.tar
Built cliphist in 3.376s, finished at 2024-06-12T23:39:55+0000
