Package: clips-mode
Fetcher: github
Source:  https://github.com/clips-mode/clips-mode

Updating /mnt/store/melpa/working/clips-mode/
Checking out dd38e2822640a38f7d8bfec4f69d8dd24be27074
Copying files (->) and directories (=>)
  from /mnt/store/melpa/working/clips-mode/
  to /tmp/clips-modeD7Qopa/clips-mode-20170909.823
    clips-mode-pkg.el -> clips-mode-pkg.el
    clips-mode.el -> clips-mode.el
    inf-clips.el -> inf-clips.el
Created clips-mode-20170909.823.tar containing:
  clips-mode-20170909.823/
  clips-mode-20170909.823/clips-mode-pkg.el
  clips-mode-20170909.823/clips-mode.el
  clips-mode-20170909.823/inf-clips.el
 ✓ Success:
  2025-02-19T23:52:02+0000  clips-mode-20170909.823.entry
  2025-02-19T23:52:02+0000  clips-mode-20170909.823.tar
Built clips-mode in 3.845s, finished at 2025-02-19T23:52:03+0000
