Package: codic
Fetcher: github
Source:  https://github.com/emacsorphanage/codic.git

Updating /mnt/store/melpa/working/codic/
Checking out 52bbb6997ef4ab9fb7fea43bbfff7f04671aa557
Copying files (->) and directories (=>)
  from /mnt/store/melpa/working/codic/
  to /tmp/codicHwH76X/codic-20150926.1127
    codic.el -> codic.el
    dict/english-entry.csv -> dict/english-entry.csv
    dict/english-translation.csv -> dict/english-translation.csv
    dict/naming-entry.csv -> dict/naming-entry.csv
    dict/naming-translation.csv -> dict/naming-translation.csv
Created codic-20150926.1127.tar containing:
  codic-20150926.1127/
  codic-20150926.1127/codic-pkg.el
  codic-20150926.1127/codic.el
  codic-20150926.1127/dict/
  codic-20150926.1127/dict/english-entry.csv
  codic-20150926.1127/dict/english-translation.csv
  codic-20150926.1127/dict/naming-entry.csv
  codic-20150926.1127/dict/naming-translation.csv
 ✓ Success:
  2024-01-18T07:48:17+0000  codic-20150926.1127.entry
  2024-01-18T07:48:17+0000  codic-20150926.1127.tar
Built codic in 4.328s, finished at 2024-01-18T07:48:19+0000
