 • Building package color-theme-sanityinc-tomorrow (from github:purcell/color-theme-sanityinc-tomorrow)...
Updating /mnt/store/melpa/working/color-theme-sanityinc-tomorrow/
Checking out f3f05e31cd9fd2e99e8d7859a8d46a549fac9537
Copying files (->) and directories (=>)
  from /mnt/store/melpa/working/color-theme-sanityinc-tomorrow/
  to /tmp/color-theme-sanityinc-tomorroweQ5Su5/color-theme-sanityinc-tomorrow-20251107.1433
    color-theme-sanityinc-tomorrow.el -> color-theme-sanityinc-tomorrow.el
    sanityinc-tomorrow-blue-theme.el -> sanityinc-tomorrow-blue-theme.el
    sanityinc-tomorrow-bright-theme.el -> sanityinc-tomorrow-bright-theme.el
    sanityinc-tomorrow-day-theme.el -> sanityinc-tomorrow-day-theme.el
    sanityinc-tomorrow-eighties-theme.el -> sanityinc-tomorrow-eighties-theme.el
    sanityinc-tomorrow-night-theme.el -> sanityinc-tomorrow-night-theme.el
Created color-theme-sanityinc-tomorrow-20251107.1433.tar containing:
  color-theme-sanityinc-tomorrow-20251107.1433/
  color-theme-sanityinc-tomorrow-20251107.1433/color-theme-sanityinc-tomorrow-pkg.el
  color-theme-sanityinc-tomorrow-20251107.1433/color-theme-sanityinc-tomorrow.el
  color-theme-sanityinc-tomorrow-20251107.1433/sanityinc-tomorrow-blue-theme.el
  color-theme-sanityinc-tomorrow-20251107.1433/sanityinc-tomorrow-bright-theme.el
  color-theme-sanityinc-tomorrow-20251107.1433/sanityinc-tomorrow-day-theme.el
  color-theme-sanityinc-tomorrow-20251107.1433/sanityinc-tomorrow-eighties-theme.el
  color-theme-sanityinc-tomorrow-20251107.1433/sanityinc-tomorrow-night-theme.el
 ✓ Success:
  2025-12-07T23:48:05+0000  color-theme-sanityinc-tomorrow-20251107.1433.entry
  2025-12-07T23:48:05+0000  color-theme-sanityinc-tomorrow-20251107.1433.tar
Built color-theme-sanityinc-tomorrow in 2.830s, finished at 2025-12-07T23:48:06+0000
