Package: company-web
Fetcher: github
Source:  https://github.com/osv/company-web

Updating /mnt/store/melpa/working/company-web/
Checking out e0c6bfa3ae7006c73d0fdfc0fdb69816309baf1b
Copying files (->) and directories (=>)
  from /mnt/store/melpa/working/company-web/
  to /tmp/company-webam2V08/company-web-20220115.2146
    company-web-html.el -> company-web-html.el
    company-web-jade.el -> company-web-jade.el
    company-web-slim.el -> company-web-slim.el
    company-web.el -> company-web.el
Created company-web-20220115.2146.tar containing:
  company-web-20220115.2146/
  company-web-20220115.2146/company-web-html.el
  company-web-20220115.2146/company-web-jade.el
  company-web-20220115.2146/company-web-pkg.el
  company-web-20220115.2146/company-web-slim.el
  company-web-20220115.2146/company-web.el
 ✓ Success:
  2024-10-23T23:48:31+0000  company-web-20220115.2146.entry
  2024-10-23T23:48:31+0000  company-web-20220115.2146.tar
Built company-web in 2.692s, finished at 2024-10-23T23:48:32+0000
