Package: company-qml
Fetcher: github
Source:  https://github.com/cute-jumper/company-qml

Updating /mnt/store/melpa/working/company-qml/
Checking out 4af4f32a7ad86d86bb9293fb0b675aec513b5736
Copying files (->) and directories (=>)
  from /mnt/store/melpa/working/company-qml/
  to /tmp/company-qmlRf49Yb/company-qml-20170428.1708
    company-qml.el -> company-qml.el
    qmltypes-parser.el -> qmltypes-parser.el
    qmltypes-table.el -> qmltypes-table.el
Created company-qml-20170428.1708.tar containing:
  company-qml-20170428.1708/
  company-qml-20170428.1708/company-qml-pkg.el
  company-qml-20170428.1708/company-qml.el
  company-qml-20170428.1708/qmltypes-parser.el
  company-qml-20170428.1708/qmltypes-table.el
 ✓ Success:
  2024-10-17T23:32:34+0000  company-qml-20170428.1708.entry
  2024-10-17T23:32:34+0000  company-qml-20170428.1708.tar
Built company-qml in 2.686s, finished at 2024-10-17T23:32:35+0000
