Package: company-forge
Fetcher: github
Source:  https://github.com/pkryger/company-forge.el

Updating /mnt/store/melpa/working/company-forge/
Checking out eff2bbf6fb40475164b6b525dc0028a1369326fc
Copying files (->) and directories (=>)
  from /mnt/store/melpa/working/company-forge/
  to /tmp/company-forgePrVsKD/company-forge-20250317.1414
    company-forge.el -> company-forge.el
    icons => icons
Created company-forge-20250317.1414.tar containing:
  company-forge-20250317.1414/
  company-forge-20250317.1414/company-forge-pkg.el
  company-forge-20250317.1414/company-forge.el
  company-forge-20250317.1414/icons/
  company-forge-20250317.1414/icons/LICENSE.txt
  company-forge-20250317.1414/icons/git-merge-16.svg
  company-forge-20250317.1414/icons/git-pull-request-16.svg
  company-forge-20250317.1414/icons/git-pull-request-closed-16.svg
  company-forge-20250317.1414/icons/git-pull-request-draft-16.svg
  company-forge-20250317.1414/icons/issue-closed-16.svg
  company-forge-20250317.1414/icons/issue-draft-16.svg
  company-forge-20250317.1414/icons/issue-opened-16.svg
  company-forge-20250317.1414/icons/people-16.svg
  company-forge-20250317.1414/icons/person-16.svg
 ✓ Success:
  2025-03-21T23:31:24+0000  company-forge-20250317.1414.entry
  2025-03-21T23:31:24+0000  company-forge-20250317.1414.tar
Built company-forge in 3.209s, finished at 2025-03-21T23:31:25+0000
