Package: company-coq
Fetcher: github
Source:  https://github.com/cpitclaudel/company-coq.git

Updating /mnt/store/melpa/working/company-coq/
Checking out 5affe7a96a25df9101f9e44bac8a828d8292c2fa
Copying files (->) and directories (=>)
  from /mnt/store/melpa/working/company-coq/
  to /tmp/company-coqCifCBo/company-coq-20221130.536
    company-coq-abbrev.el -> company-coq-abbrev.el
    company-coq-pkg.el -> company-coq-pkg.el
    company-coq-tg.el -> company-coq-tg.el
    company-coq-utils.el -> company-coq-utils.el
    company-coq.el -> company-coq.el
    refman => refman
Created company-coq-20221130.536.tar containing:
  company-coq-20221130.536/
  company-coq-20221130.536/company-coq-abbrev.el
  company-coq-20221130.536/company-coq-pkg.el
  company-coq-20221130.536/company-coq-tg.el
  company-coq-20221130.536/company-coq-utils.el
  company-coq-20221130.536/company-coq.el
  company-coq-20221130.536/refman/
  company-coq-20221130.536/refman/1.html.gz
  company-coq-20221130.536/refman/10.html.gz
  company-coq-20221130.536/refman/11.html.gz
  company-coq-20221130.536/refman/12.html.gz
  company-coq-20221130.536/refman/13.html.gz
  company-coq-20221130.536/refman/14.html.gz
  company-coq-20221130.536/refman/15.html.gz
  company-coq-20221130.536/refman/16.html.gz
  company-coq-20221130.536/refman/17.html.gz
  company-coq-20221130.536/refman/18.html.gz
  company-coq-20221130.536/refman/19.html.gz
  company-coq-20221130.536/refman/1a.html.gz
  company-coq-20221130.536/refman/1b.html.gz
  company-coq-20221130.536/refman/1c.html.gz
  company-coq-20221130.536/refman/1d.html.gz
  company-coq-20221130.536/refman/1e.html.gz
  company-coq-20221130.536/refman/1f.html.gz
  company-coq-20221130.536/refman/1g.html.gz
  company-coq-20221130.536/refman/1h.html.gz
  company-coq-20221130.536/refman/1i.html.gz
  company-coq-20221130.536/refman/1j.html.gz
  company-coq-20221130.536/refman/1k.html.gz
  company-coq-20221130.536/refman/1l.html.gz
  company-coq-20221130.536/refman/1m.html.gz
  company-coq-20221130.536/refman/1n.html.gz
  company-coq-20221130.536/refman/1o.html.gz
  company-coq-20221130.536/refman/1p.html.gz
  company-coq-20221130.536/refman/1q.html.gz
  company-coq-20221130.536/refman/1r.html.gz
  company-coq-20221130.536/refman/1s.html.gz
  company-coq-20221130.536/refman/1t.html.gz
  company-coq-20221130.536/refman/1u.html.gz
  company-coq-20221130.536/refman/1v.html.gz
  company-coq-20221130.536/refman/1w.html.gz
  company-coq-20221130.536/refman/1x.html.gz
  company-coq-20221130.536/refman/1y.html.gz
  company-coq-20221130.536/refman/1z.html.gz
  company-coq-20221130.536/refman/2.html.gz
  company-coq-20221130.536/refman/20.html.gz
  company-coq-20221130.536/refman/21.html.gz
  company-coq-20221130.536/refman/22.html.gz
  company-coq-20221130.536/refman/23.html.gz
  company-coq-20221130.536/refman/24.html.gz
  company-coq-20221130.536/refman/25.html.gz
  company-coq-20221130.536/refman/26.html.gz
  company-coq-20221130.536/refman/27.html.gz
  company-coq-20221130.536/refman/28.html.gz
  company-coq-20221130.536/refman/29.html.gz
  company-coq-20221130.536/refman/2a.html.gz
  company-coq-20221130.536/refman/2b.html.gz
  company-coq-20221130.536/refman/2c.html.gz
  company-coq-20221130.536/refman/2d.html.gz
  company-coq-20221130.536/refman/2e.html.gz
  company-coq-20221130.536/refman/2f.html.gz
  company-coq-20221130.536/refman/2g.html.gz
  company-coq-20221130.536/refman/2h.html.gz
  company-coq-20221130.536/refman/2i.html.gz
  company-coq-20221130.536/refman/2j.html.gz
  company-coq-20221130.536/refman/2k.html.gz
  company-coq-20221130.536/refman/2l.html.gz
  company-coq-20221130.536/refman/2m.html.gz
  company-coq-20221130.536/refman/2n.html.gz
  company-coq-20221130.536/refman/2o.html.gz
  company-coq-20221130.536/refman/2p.html.gz
  company-coq-20221130.536/refman/2q.html.gz
  company-coq-20221130.536/refman/2r.html.gz
  company-coq-20221130.536/refman/2s.html.gz
  company-coq-20221130.536/refman/2t.html.gz
  company-coq-20221130.536/refman/2u.html.gz
  company-coq-20221130.536/refman/2v.html.gz
  company-coq-20221130.536/refman/2w.html.gz
  company-coq-20221130.536/refman/2x.html.gz
  company-coq-20221130.536/refman/2y.html.gz
  company-coq-20221130.536/refman/2z.html.gz
  company-coq-20221130.536/refman/3.html.gz
  company-coq-20221130.536/refman/30.html.gz
  company-coq-20221130.536/refman/31.html.gz
  company-coq-20221130.536/refman/32.html.gz
  company-coq-20221130.536/refman/33.html.gz
  company-coq-20221130.536/refman/34.html.gz
  company-coq-20221130.536/refman/35.html.gz
  company-coq-20221130.536/refman/36.html.gz
  company-coq-20221130.536/refman/37.html.gz
  company-coq-20221130.536/refman/38.html.gz
  company-coq-20221130.536/refman/39.html.gz
  company-coq-20221130.536/refman/3a.html.gz
  company-coq-20221130.536/refman/3b.html.gz
  company-coq-20221130.536/refman/3c.html.gz
  company-coq-20221130.536/refman/3d.html.gz
  company-coq-20221130.536/refman/3e.html.gz
  company-coq-20221130.536/refman/3f.html.gz
  company-coq-20221130.536/refman/3g.html.gz
  company-coq-20221130.536/refman/3h.html.gz
  company-coq-20221130.536/refman/3i.html.gz
  company-coq-20221130.536/refman/3j.html.gz
  company-coq-20221130.536/refman/3k.html.gz
  company-coq-20221130.536/refman/3l.html.gz
  company-coq-20221130.536/refman/3m.html.gz
  company-coq-20221130.536/refman/3n.html.gz
  company-coq-20221130.536/refman/3o.html.gz
  company-coq-20221130.536/refman/3p.html.gz
  company-coq-20221130.536/refman/3q.html.gz
  company-coq-20221130.536/refman/3r.html.gz
  company-coq-20221130.536/refman/3s.html.gz
  company-coq-20221130.536/refman/3t.html.gz
  company-coq-20221130.536/refman/3u.html.gz
  company-coq-20221130.536/refman/3v.html.gz
  company-coq-20221130.536/refman/3w.html.gz
  company-coq-20221130.536/refman/3x.html.gz
  company-coq-20221130.536/refman/3y.html.gz
  company-coq-20221130.536/refman/3z.html.gz
  company-coq-20221130.536/refman/4.html.gz
  company-coq-20221130.536/refman/40.html.gz
  company-coq-20221130.536/refman/41.html.gz
  company-coq-20221130.536/refman/42.html.gz
  company-coq-20221130.536/refman/43.html.gz
  company-coq-20221130.536/refman/44.html.gz
  company-coq-20221130.536/refman/45.html.gz
  company-coq-20221130.536/refman/46.html.gz
  company-coq-20221130.536/refman/47.html.gz
  company-coq-20221130.536/refman/48.html.gz
  company-coq-20221130.536/refman/49.html.gz
  company-coq-20221130.536/refman/4a.html.gz
  company-coq-20221130.536/refman/4b.html.gz
  company-coq-20221130.536/refman/4c.html.gz
  company-coq-20221130.536/refman/4d.html.gz
  company-coq-20221130.536/refman/4e.html.gz
  company-coq-20221130.536/refman/4f.html.gz
  company-coq-20221130.536/refman/4g.html.gz
  company-coq-20221130.536/refman/4h.html.gz
  company-coq-20221130.536/refman/4i.html.gz
  company-coq-20221130.536/refman/4j.html.gz
  company-coq-20221130.536/refman/4k.html.gz
  company-coq-20221130.536/refman/4l.html.gz
  company-coq-20221130.536/refman/4m.html.gz
  company-coq-20221130.536/refman/4n.html.gz
  company-coq-20221130.536/refman/4o.html.gz
  company-coq-20221130.536/refman/4p.html.gz
  company-coq-20221130.536/refman/4q.html.gz
  company-coq-20221130.536/refman/4r.html.gz
  company-coq-20221130.536/refman/4s.html.gz
  company-coq-20221130.536/refman/4t.html.gz
  company-coq-20221130.536/refman/4u.html.gz
  company-coq-20221130.536/refman/4v.html.gz
  company-coq-20221130.536/refman/4w.html.gz
  company-coq-20221130.536/refman/4x.html.gz
  company-coq-20221130.536/refman/4y.html.gz
  company-coq-20221130.536/refman/4z.html.gz
  company-coq-20221130.536/refman/5.html.gz
  company-coq-20221130.536/refman/50.html.gz
  company-coq-20221130.536/refman/51.html.gz
  company-coq-20221130.536/refman/52.html.gz
  company-coq-20221130.536/refman/53.html.gz
  company-coq-20221130.536/refman/54.html.gz
  company-coq-20221130.536/refman/55.html.gz
  company-coq-20221130.536/refman/56.html.gz
  company-coq-20221130.536/refman/57.html.gz
  company-coq-20221130.536/refman/58.html.gz
  company-coq-20221130.536/refman/59.html.gz
  company-coq-20221130.536/refman/5a.html.gz
  company-coq-20221130.536/refman/5b.html.gz
  company-coq-20221130.536/refman/5c.html.gz
  company-coq-20221130.536/refman/5d.html.gz
  company-coq-20221130.536/refman/5e.html.gz
  company-coq-20221130.536/refman/5f.html.gz
  company-coq-20221130.536/refman/5g.html.gz
  company-coq-20221130.536/refman/5h.html.gz
  company-coq-20221130.536/refman/5i.html.gz
  company-coq-20221130.536/refman/5j.html.gz
  company-coq-20221130.536/refman/5k.html.gz
  company-coq-20221130.536/refman/5l.html.gz
  company-coq-20221130.536/refman/5m.html.gz
  company-coq-20221130.536/refman/5n.html.gz
  company-coq-20221130.536/refman/5o.html.gz
  company-coq-20221130.536/refman/5p.html.gz
  company-coq-20221130.536/refman/5q.html.gz
  company-coq-20221130.536/refman/5r.html.gz
  company-coq-20221130.536/refman/5s.html.gz
  company-coq-20221130.536/refman/5t.html.gz
  company-coq-20221130.536/refman/5u.html.gz
  company-coq-20221130.536/refman/5v.html.gz
  company-coq-20221130.536/refman/5w.html.gz
  company-coq-20221130.536/refman/5x.html.gz
  company-coq-20221130.536/refman/5y.html.gz
  company-coq-20221130.536/refman/5z.html.gz
  company-coq-20221130.536/refman/6.html.gz
  company-coq-20221130.536/refman/60.html.gz
  company-coq-20221130.536/refman/61.html.gz
  company-coq-20221130.536/refman/62.html.gz
  company-coq-20221130.536/refman/63.html.gz
  company-coq-20221130.536/refman/64.html.gz
  company-coq-20221130.536/refman/65.html.gz
  company-coq-20221130.536/refman/66.html.gz
  company-coq-20221130.536/refman/67.html.gz
  company-coq-20221130.536/refman/68.html.gz
  company-coq-20221130.536/refman/69.html.gz
  company-coq-20221130.536/refman/6a.html.gz
  company-coq-20221130.536/refman/6b.html.gz
  company-coq-20221130.536/refman/6c.html.gz
  company-coq-20221130.536/refman/6d.html.gz
  company-coq-20221130.536/refman/6e.html.gz
  company-coq-20221130.536/refman/6f.html.gz
  company-coq-20221130.536/refman/6g.html.gz
  company-coq-20221130.536/refman/6h.html.gz
  company-coq-20221130.536/refman/6i.html.gz
  company-coq-20221130.536/refman/6j.html.gz
  company-coq-20221130.536/refman/6k.html.gz
  company-coq-20221130.536/refman/6l.html.gz
  company-coq-20221130.536/refman/6m.html.gz
  company-coq-20221130.536/refman/6n.html.gz
  company-coq-20221130.536/refman/6o.html.gz
  company-coq-20221130.536/refman/6p.html.gz
  company-coq-20221130.536/refman/6q.html.gz
  company-coq-20221130.536/refman/6r.html.gz
  company-coq-20221130.536/refman/6s.html.gz
  company-coq-20221130.536/refman/6t.html.gz
  company-coq-20221130.536/refman/6u.html.gz
  company-coq-20221130.536/refman/6v.html.gz
  company-coq-20221130.536/refman/6w.html.gz
  company-coq-20221130.536/refman/6x.html.gz
  company-coq-20221130.536/refman/6y.html.gz
  company-coq-20221130.536/refman/6z.html.gz
  company-coq-20221130.536/refman/7.html.gz
  company-coq-20221130.536/refman/70.html.gz
  company-coq-20221130.536/refman/71.html.gz
  company-coq-20221130.536/refman/72.html.gz
  company-coq-20221130.536/refman/73.html.gz
  company-coq-20221130.536/refman/74.html.gz
  company-coq-20221130.536/refman/75.html.gz
  company-coq-20221130.536/refman/76.html.gz
  company-coq-20221130.536/refman/77.html.gz
  company-coq-20221130.536/refman/78.html.gz
  company-coq-20221130.536/refman/79.html.gz
  company-coq-20221130.536/refman/7a.html.gz
  company-coq-20221130.536/refman/7b.html.gz
  company-coq-20221130.536/refman/7c.html.gz
  company-coq-20221130.536/refman/7d.html.gz
  company-coq-20221130.536/refman/7e.html.gz
  company-coq-20221130.536/refman/7f.html.gz
  company-coq-20221130.536/refman/7g.html.gz
  company-coq-20221130.536/refman/7h.html.gz
  company-coq-20221130.536/refman/7i.html.gz
  company-coq-20221130.536/refman/7j.html.gz
  company-coq-20221130.536/refman/7k.html.gz
  company-coq-20221130.536/refman/7l.html.gz
  company-coq-20221130.536/refman/7m.html.gz
  company-coq-20221130.536/refman/7n.html.gz
  company-coq-20221130.536/refman/7o.html.gz
  company-coq-20221130.536/refman/7p.html.gz
  company-coq-20221130.536/refman/7q.html.gz
  company-coq-20221130.536/refman/7r.html.gz
  company-coq-20221130.536/refman/7s.html.gz
  company-coq-20221130.536/refman/7t.html.gz
  company-coq-20221130.536/refman/7u.html.gz
  company-coq-20221130.536/refman/7v.html.gz
  company-coq-20221130.536/refman/7w.html.gz
  company-coq-20221130.536/refman/7x.html.gz
  company-coq-20221130.536/refman/7y.html.gz
  company-coq-20221130.536/refman/7z.html.gz
  company-coq-20221130.536/refman/8.html.gz
  company-coq-20221130.536/refman/80.html.gz
  company-coq-20221130.536/refman/81.html.gz
  company-coq-20221130.536/refman/82.html.gz
  company-coq-20221130.536/refman/83.html.gz
  company-coq-20221130.536/refman/84.html.gz
  company-coq-20221130.536/refman/85.html.gz
  company-coq-20221130.536/refman/86.html.gz
  company-coq-20221130.536/refman/87.html.gz
  company-coq-20221130.536/refman/88.html.gz
  company-coq-20221130.536/refman/89.html.gz
  company-coq-20221130.536/refman/8a.html.gz
  company-coq-20221130.536/refman/8b.html.gz
  company-coq-20221130.536/refman/8c.html.gz
  company-coq-20221130.536/refman/8d.html.gz
  company-coq-20221130.536/refman/8e.html.gz
  company-coq-20221130.536/refman/8f.html.gz
  company-coq-20221130.536/refman/8g.html.gz
  company-coq-20221130.536/refman/8h.html.gz
  company-coq-20221130.536/refman/8i.html.gz
  company-coq-20221130.536/refman/8j.html.gz
  company-coq-20221130.536/refman/8k.html.gz
  company-coq-20221130.536/refman/8l.html.gz
  company-coq-20221130.536/refman/8m.html.gz
  company-coq-20221130.536/refman/8n.html.gz
  company-coq-20221130.536/refman/8o.html.gz
  company-coq-20221130.536/refman/8p.html.gz
  company-coq-20221130.536/refman/8q.html.gz
  company-coq-20221130.536/refman/8r.html.gz
  company-coq-20221130.536/refman/8s.html.gz
  company-coq-20221130.536/refman/8t.html.gz
  company-coq-20221130.536/refman/8u.html.gz
  company-coq-20221130.536/refman/8v.html.gz
  company-coq-20221130.536/refman/8w.html.gz
  company-coq-20221130.536/refman/8x.html.gz
  company-coq-20221130.536/refman/8y.html.gz
  company-coq-20221130.536/refman/8z.html.gz
  company-coq-20221130.536/refman/9.html.gz
  company-coq-20221130.536/refman/90.html.gz
  company-coq-20221130.536/refman/91.html.gz
  company-coq-20221130.536/refman/92.html.gz
  company-coq-20221130.536/refman/93.html.gz
  company-coq-20221130.536/refman/94.html.gz
  company-coq-20221130.536/refman/95.html.gz
  company-coq-20221130.536/refman/96.html.gz
  company-coq-20221130.536/refman/97.html.gz
  company-coq-20221130.536/refman/98.html.gz
  company-coq-20221130.536/refman/99.html.gz
  company-coq-20221130.536/refman/9a.html.gz
  company-coq-20221130.536/refman/9b.html.gz
  company-coq-20221130.536/refman/9c.html.gz
  company-coq-20221130.536/refman/9d.html.gz
  company-coq-20221130.536/refman/9e.html.gz
  company-coq-20221130.536/refman/9f.html.gz
  company-coq-20221130.536/refman/9g.html.gz
  company-coq-20221130.536/refman/9h.html.gz
  company-coq-20221130.536/refman/9i.html.gz
  company-coq-20221130.536/refman/9j.html.gz
  company-coq-20221130.536/refman/9k.html.gz
  company-coq-20221130.536/refman/9l.html.gz
  company-coq-20221130.536/refman/9m.html.gz
  company-coq-20221130.536/refman/9n.html.gz
  company-coq-20221130.536/refman/9o.html.gz
  company-coq-20221130.536/refman/9p.html.gz
  company-coq-20221130.536/refman/9q.html.gz
  company-coq-20221130.536/refman/9r.html.gz
  company-coq-20221130.536/refman/9s.html.gz
  company-coq-20221130.536/refman/9t.html.gz
  company-coq-20221130.536/refman/9u.html.gz
  company-coq-20221130.536/refman/9v.html.gz
  company-coq-20221130.536/refman/9w.html.gz
  company-coq-20221130.536/refman/9x.html.gz
  company-coq-20221130.536/refman/9y.html.gz
  company-coq-20221130.536/refman/9z.html.gz
  company-coq-20221130.536/refman/a.html.gz
  company-coq-20221130.536/refman/a0.html.gz
  company-coq-20221130.536/refman/a1.html.gz
  company-coq-20221130.536/refman/a2.html.gz
  company-coq-20221130.536/refman/a3.html.gz
  company-coq-20221130.536/refman/a4.html.gz
  company-coq-20221130.536/refman/a5.html.gz
  company-coq-20221130.536/refman/a6.html.gz
  company-coq-20221130.536/refman/a7.html.gz
  company-coq-20221130.536/refman/a8.html.gz
  company-coq-20221130.536/refman/a9.html.gz
  company-coq-20221130.536/refman/aa.html.gz
  company-coq-20221130.536/refman/ab.html.gz
  company-coq-20221130.536/refman/ac.html.gz
  company-coq-20221130.536/refman/ad.html.gz
  company-coq-20221130.536/refman/ae.html.gz
  company-coq-20221130.536/refman/af.html.gz
  company-coq-20221130.536/refman/ag.html.gz
  company-coq-20221130.536/refman/ah.html.gz
  company-coq-20221130.536/refman/ai.html.gz
  company-coq-20221130.536/refman/aj.html.gz
  company-coq-20221130.536/refman/ak.html.gz
  company-coq-20221130.536/refman/al.html.gz
  company-coq-20221130.536/refman/am.html.gz
  company-coq-20221130.536/refman/an.html.gz
  company-coq-20221130.536/refman/ao.html.gz
  company-coq-20221130.536/refman/ap.html.gz
  company-coq-20221130.536/refman/aq.html.gz
  company-coq-20221130.536/refman/ar.html.gz
  company-coq-20221130.536/refman/as.html.gz
  company-coq-20221130.536/refman/at.html.gz
  company-coq-20221130.536/refman/au.html.gz
  company-coq-20221130.536/refman/av.html.gz
  company-coq-20221130.536/refman/aw.html.gz
  company-coq-20221130.536/refman/ax.html.gz
  company-coq-20221130.536/refman/ay.html.gz
  company-coq-20221130.536/refman/az.html.gz
  company-coq-20221130.536/refman/b.html.gz
  company-coq-20221130.536/refman/b0.html.gz
  company-coq-20221130.536/refman/b1.html.gz
  company-coq-20221130.536/refman/b2.html.gz
  company-coq-20221130.536/refman/b3.html.gz
  company-coq-20221130.536/refman/b4.html.gz
  company-coq-20221130.536/refman/b5.html.gz
  company-coq-20221130.536/refman/b6.html.gz
  company-coq-20221130.536/refman/b7.html.gz
  company-coq-20221130.536/refman/b8.html.gz
  company-coq-20221130.536/refman/b9.html.gz
  company-coq-20221130.536/refman/ba.html.gz
  company-coq-20221130.536/refman/bb.html.gz
  company-coq-20221130.536/refman/bc.html.gz
  company-coq-20221130.536/refman/bd.html.gz
  company-coq-20221130.536/refman/be.html.gz
  company-coq-20221130.536/refman/bf.html.gz
  company-coq-20221130.536/refman/bg.html.gz
  company-coq-20221130.536/refman/bh.html.gz
  company-coq-20221130.536/refman/bi.html.gz
  company-coq-20221130.536/refman/bj.html.gz
  company-coq-20221130.536/refman/bk.html.gz
  company-coq-20221130.536/refman/bl.html.gz
  company-coq-20221130.536/refman/bm.html.gz
  company-coq-20221130.536/refman/bn.html.gz
  company-coq-20221130.536/refman/bo.html.gz
  company-coq-20221130.536/refman/bp.html.gz
  company-coq-20221130.536/refman/bq.html.gz
  company-coq-20221130.536/refman/br.html.gz
  company-coq-20221130.536/refman/bs.html.gz
  company-coq-20221130.536/refman/bt.html.gz
  company-coq-20221130.536/refman/bu.html.gz
  company-coq-20221130.536/refman/bv.html.gz
  company-coq-20221130.536/refman/bw.html.gz
  company-coq-20221130.536/refman/bx.html.gz
  company-coq-20221130.536/refman/by.html.gz
  company-coq-20221130.536/refman/bz.html.gz
  company-coq-20221130.536/refman/c.html.gz
  company-coq-20221130.536/refman/c0.html.gz
  company-coq-20221130.536/refman/c1.html.gz
  company-coq-20221130.536/refman/c2.html.gz
  company-coq-20221130.536/refman/c3.html.gz
  company-coq-20221130.536/refman/c4.html.gz
  company-coq-20221130.536/refman/c5.html.gz
  company-coq-20221130.536/refman/c6.html.gz
  company-coq-20221130.536/refman/c7.html.gz
  company-coq-20221130.536/refman/c8.html.gz
  company-coq-20221130.536/refman/c9.html.gz
  company-coq-20221130.536/refman/ca.html.gz
  company-coq-20221130.536/refman/cb.html.gz
  company-coq-20221130.536/refman/cc.html.gz
  company-coq-20221130.536/refman/cd.html.gz
  company-coq-20221130.536/refman/ce.html.gz
  company-coq-20221130.536/refman/cf.html.gz
  company-coq-20221130.536/refman/cg.html.gz
  company-coq-20221130.536/refman/ch.html.gz
  company-coq-20221130.536/refman/ci.html.gz
  company-coq-20221130.536/refman/cj.html.gz
  company-coq-20221130.536/refman/ck.html.gz
  company-coq-20221130.536/refman/cl.html.gz
  company-coq-20221130.536/refman/cm.html.gz
  company-coq-20221130.536/refman/cn.html.gz
  company-coq-20221130.536/refman/co.html.gz
  company-coq-20221130.536/refman/cp.html.gz
  company-coq-20221130.536/refman/cq.html.gz
  company-coq-20221130.536/refman/cr.html.gz
  company-coq-20221130.536/refman/cs.html.gz
  company-coq-20221130.536/refman/ct.html.gz
  company-coq-20221130.536/refman/cu.html.gz
  company-coq-20221130.536/refman/cv.html.gz
  company-coq-20221130.536/refman/cw.html.gz
  company-coq-20221130.536/refman/cx.html.gz
  company-coq-20221130.536/refman/cy.html.gz
  company-coq-20221130.536/refman/cz.html.gz
  company-coq-20221130.536/refman/d.html.gz
  company-coq-20221130.536/refman/d0.html.gz
  company-coq-20221130.536/refman/d1.html.gz
  company-coq-20221130.536/refman/d2.html.gz
  company-coq-20221130.536/refman/d3.html.gz
  company-coq-20221130.536/refman/d4.html.gz
  company-coq-20221130.536/refman/d5.html.gz
  company-coq-20221130.536/refman/d6.html.gz
  company-coq-20221130.536/refman/d7.html.gz
  company-coq-20221130.536/refman/d8.html.gz
  company-coq-20221130.536/refman/d9.html.gz
  company-coq-20221130.536/refman/da.html.gz
  company-coq-20221130.536/refman/db.html.gz
  company-coq-20221130.536/refman/dc.html.gz
  company-coq-20221130.536/refman/dd.html.gz
  company-coq-20221130.536/refman/de.html.gz
  company-coq-20221130.536/refman/df.html.gz
  company-coq-20221130.536/refman/dg.html.gz
  company-coq-20221130.536/refman/dh.html.gz
  company-coq-20221130.536/refman/di.html.gz
  company-coq-20221130.536/refman/dj.html.gz
  company-coq-20221130.536/refman/dk.html.gz
  company-coq-20221130.536/refman/dl.html.gz
  company-coq-20221130.536/refman/dm.html.gz
  company-coq-20221130.536/refman/dn.html.gz
  company-coq-20221130.536/refman/do.html.gz
  company-coq-20221130.536/refman/dp.html.gz
  company-coq-20221130.536/refman/dq.html.gz
  company-coq-20221130.536/refman/dr.html.gz
  company-coq-20221130.536/refman/ds.html.gz
  company-coq-20221130.536/refman/dt.html.gz
  company-coq-20221130.536/refman/du.html.gz
  company-coq-20221130.536/refman/dv.html.gz
  company-coq-20221130.536/refman/dw.html.gz
  company-coq-20221130.536/refman/dx.html.gz
  company-coq-20221130.536/refman/dy.html.gz
  company-coq-20221130.536/refman/dz.html.gz
  company-coq-20221130.536/refman/e.html.gz
  company-coq-20221130.536/refman/e0.html.gz
  company-coq-20221130.536/refman/e1.html.gz
  company-coq-20221130.536/refman/e2.html.gz
  company-coq-20221130.536/refman/e3.html.gz
  company-coq-20221130.536/refman/e4.html.gz
  company-coq-20221130.536/refman/e5.html.gz
  company-coq-20221130.536/refman/e6.html.gz
  company-coq-20221130.536/refman/e7.html.gz
  company-coq-20221130.536/refman/e8.html.gz
  company-coq-20221130.536/refman/e9.html.gz
  company-coq-20221130.536/refman/ea.html.gz
  company-coq-20221130.536/refman/eb.html.gz
  company-coq-20221130.536/refman/ec.html.gz
  company-coq-20221130.536/refman/ed.html.gz
  company-coq-20221130.536/refman/ee.html.gz
  company-coq-20221130.536/refman/ef.html.gz
  company-coq-20221130.536/refman/eg.html.gz
  company-coq-20221130.536/refman/eh.html.gz
  company-coq-20221130.536/refman/ei.html.gz
  company-coq-20221130.536/refman/ej.html.gz
  company-coq-20221130.536/refman/ek.html.gz
  company-coq-20221130.536/refman/el.html.gz
  company-coq-20221130.536/refman/em.html.gz
  company-coq-20221130.536/refman/en.html.gz
  company-coq-20221130.536/refman/eo.html.gz
  company-coq-20221130.536/refman/ep.html.gz
  company-coq-20221130.536/refman/eq.html.gz
  company-coq-20221130.536/refman/er.html.gz
  company-coq-20221130.536/refman/es.html.gz
  company-coq-20221130.536/refman/et.html.gz
  company-coq-20221130.536/refman/eu.html.gz
  company-coq-20221130.536/refman/ev.html.gz
  company-coq-20221130.536/refman/ew.html.gz
  company-coq-20221130.536/refman/ex.html.gz
  company-coq-20221130.536/refman/ey.html.gz
  company-coq-20221130.536/refman/ez.html.gz
  company-coq-20221130.536/refman/f.html.gz
  company-coq-20221130.536/refman/f0.html.gz
  company-coq-20221130.536/refman/f1.html.gz
  company-coq-20221130.536/refman/f2.html.gz
  company-coq-20221130.536/refman/f3.html.gz
  company-coq-20221130.536/refman/f4.html.gz
  company-coq-20221130.536/refman/f5.html.gz
  company-coq-20221130.536/refman/f6.html.gz
  company-coq-20221130.536/refman/f7.html.gz
  company-coq-20221130.536/refman/f8.html.gz
  company-coq-20221130.536/refman/f9.html.gz
  company-coq-20221130.536/refman/fa.html.gz
  company-coq-20221130.536/refman/fb.html.gz
  company-coq-20221130.536/refman/fc.html.gz
  company-coq-20221130.536/refman/fd.html.gz
  company-coq-20221130.536/refman/fe.html.gz
  company-coq-20221130.536/refman/ff.html.gz
  company-coq-20221130.536/refman/fg.html.gz
  company-coq-20221130.536/refman/fh.html.gz
  company-coq-20221130.536/refman/fi.html.gz
  company-coq-20221130.536/refman/fj.html.gz
  company-coq-20221130.536/refman/fk.html.gz
  company-coq-20221130.536/refman/fl.html.gz
  company-coq-20221130.536/refman/fm.html.gz
  company-coq-20221130.536/refman/fn.html.gz
  company-coq-20221130.536/refman/fo.html.gz
  company-coq-20221130.536/refman/fp.html.gz
  company-coq-20221130.536/refman/fq.html.gz
  company-coq-20221130.536/refman/fr.html.gz
  company-coq-20221130.536/refman/fs.html.gz
  company-coq-20221130.536/refman/ft.html.gz
  company-coq-20221130.536/refman/fu.html.gz
  company-coq-20221130.536/refman/fv.html.gz
  company-coq-20221130.536/refman/fw.html.gz
  company-coq-20221130.536/refman/fx.html.gz
  company-coq-20221130.536/refman/fy.html.gz
  company-coq-20221130.536/refman/fz.html.gz
  company-coq-20221130.536/refman/g.html.gz
  company-coq-20221130.536/refman/g0.html.gz
  company-coq-20221130.536/refman/g1.html.gz
  company-coq-20221130.536/refman/g2.html.gz
  company-coq-20221130.536/refman/g3.html.gz
  company-coq-20221130.536/refman/g4.html.gz
  company-coq-20221130.536/refman/g5.html.gz
  company-coq-20221130.536/refman/g6.html.gz
  company-coq-20221130.536/refman/g7.html.gz
  company-coq-20221130.536/refman/g8.html.gz
  company-coq-20221130.536/refman/g9.html.gz
  company-coq-20221130.536/refman/ga.html.gz
  company-coq-20221130.536/refman/gb.html.gz
  company-coq-20221130.536/refman/gc.html.gz
  company-coq-20221130.536/refman/gd.html.gz
  company-coq-20221130.536/refman/ge.html.gz
  company-coq-20221130.536/refman/gf.html.gz
  company-coq-20221130.536/refman/gg.html.gz
  company-coq-20221130.536/refman/gh.html.gz
  company-coq-20221130.536/refman/gi.html.gz
  company-coq-20221130.536/refman/gj.html.gz
  company-coq-20221130.536/refman/gk.html.gz
  company-coq-20221130.536/refman/gl.html.gz
  company-coq-20221130.536/refman/gm.html.gz
  company-coq-20221130.536/refman/gn.html.gz
  company-coq-20221130.536/refman/go.html.gz
  company-coq-20221130.536/refman/gp.html.gz
  company-coq-20221130.536/refman/gq.html.gz
  company-coq-20221130.536/refman/gr.html.gz
  company-coq-20221130.536/refman/gs.html.gz
  company-coq-20221130.536/refman/gt.html.gz
  company-coq-20221130.536/refman/gu.html.gz
  company-coq-20221130.536/refman/gv.html.gz
  company-coq-20221130.536/refman/gw.html.gz
  company-coq-20221130.536/refman/gx.html.gz
  company-coq-20221130.536/refman/gy.html.gz
  company-coq-20221130.536/refman/gz.html.gz
  company-coq-20221130.536/refman/h.html.gz
  company-coq-20221130.536/refman/h0.html.gz
  company-coq-20221130.536/refman/h1.html.gz
  company-coq-20221130.536/refman/h2.html.gz
  company-coq-20221130.536/refman/h3.html.gz
  company-coq-20221130.536/refman/h4.html.gz
  company-coq-20221130.536/refman/h5.html.gz
  company-coq-20221130.536/refman/h6.html.gz
  company-coq-20221130.536/refman/h7.html.gz
  company-coq-20221130.536/refman/h8.html.gz
  company-coq-20221130.536/refman/h9.html.gz
  company-coq-20221130.536/refman/ha.html.gz
  company-coq-20221130.536/refman/hb.html.gz
  company-coq-20221130.536/refman/hc.html.gz
  company-coq-20221130.536/refman/i.html.gz
  company-coq-20221130.536/refman/icons/
  company-coq-20221130.536/refman/icons/rooster-dark-0.png
  company-coq-20221130.536/refman/icons/rooster-dark-105.png
  company-coq-20221130.536/refman/icons/rooster-dark-120.png
  company-coq-20221130.536/refman/icons/rooster-dark-135.png
  company-coq-20221130.536/refman/icons/rooster-dark-15.png
  company-coq-20221130.536/refman/icons/rooster-dark-150.png
  company-coq-20221130.536/refman/icons/rooster-dark-165.png
  company-coq-20221130.536/refman/icons/rooster-dark-180.png
  company-coq-20221130.536/refman/icons/rooster-dark-195.png
  company-coq-20221130.536/refman/icons/rooster-dark-210.png
  company-coq-20221130.536/refman/icons/rooster-dark-225.png
  company-coq-20221130.536/refman/icons/rooster-dark-240.png
  company-coq-20221130.536/refman/icons/rooster-dark-255.png
  company-coq-20221130.536/refman/icons/rooster-dark-270.png
  company-coq-20221130.536/refman/icons/rooster-dark-285.png
  company-coq-20221130.536/refman/icons/rooster-dark-30.png
  company-coq-20221130.536/refman/icons/rooster-dark-300.png
  company-coq-20221130.536/refman/icons/rooster-dark-315.png
  company-coq-20221130.536/refman/icons/rooster-dark-330.png
  company-coq-20221130.536/refman/icons/rooster-dark-345.png
  company-coq-20221130.536/refman/icons/rooster-dark-45.png
  company-coq-20221130.536/refman/icons/rooster-dark-60.png
  company-coq-20221130.536/refman/icons/rooster-dark-75.png
  company-coq-20221130.536/refman/icons/rooster-dark-90.png
  company-coq-20221130.536/refman/icons/rooster-dark.png
  company-coq-20221130.536/refman/icons/rooster-light-0.png
  company-coq-20221130.536/refman/icons/rooster-light-105.png
  company-coq-20221130.536/refman/icons/rooster-light-120.png
  company-coq-20221130.536/refman/icons/rooster-light-135.png
  company-coq-20221130.536/refman/icons/rooster-light-15.png
  company-coq-20221130.536/refman/icons/rooster-light-150.png
  company-coq-20221130.536/refman/icons/rooster-light-165.png
  company-coq-20221130.536/refman/icons/rooster-light-180.png
  company-coq-20221130.536/refman/icons/rooster-light-195.png
  company-coq-20221130.536/refman/icons/rooster-light-210.png
  company-coq-20221130.536/refman/icons/rooster-light-225.png
  company-coq-20221130.536/refman/icons/rooster-light-240.png
  company-coq-20221130.536/refman/icons/rooster-light-255.png
  company-coq-20221130.536/refman/icons/rooster-light-270.png
  company-coq-20221130.536/refman/icons/rooster-light-285.png
  company-coq-20221130.536/refman/icons/rooster-light-30.png
  company-coq-20221130.536/refman/icons/rooster-light-300.png
  company-coq-20221130.536/refman/icons/rooster-light-315.png
  company-coq-20221130.536/refman/icons/rooster-light-330.png
  company-coq-20221130.536/refman/icons/rooster-light-345.png
  company-coq-20221130.536/refman/icons/rooster-light-45.png
  company-coq-20221130.536/refman/icons/rooster-light-60.png
  company-coq-20221130.536/refman/icons/rooster-light-75.png
  company-coq-20221130.536/refman/icons/rooster-light-90.png
  company-coq-20221130.536/refman/icons/rooster-light.png
  company-coq-20221130.536/refman/j.html.gz
  company-coq-20221130.536/refman/k.html.gz
  company-coq-20221130.536/refman/l.html.gz
  company-coq-20221130.536/refman/m.html.gz
  company-coq-20221130.536/refman/n.html.gz
  company-coq-20221130.536/refman/o.html.gz
  company-coq-20221130.536/refman/p.html.gz
  company-coq-20221130.536/refman/q.html.gz
  company-coq-20221130.536/refman/r.html.gz
  company-coq-20221130.536/refman/s.html.gz
  company-coq-20221130.536/refman/t.html.gz
  company-coq-20221130.536/refman/tutorial.v
  company-coq-20221130.536/refman/u.html.gz
  company-coq-20221130.536/refman/v.html.gz
  company-coq-20221130.536/refman/w.html.gz
  company-coq-20221130.536/refman/x.html.gz
  company-coq-20221130.536/refman/y.html.gz
  company-coq-20221130.536/refman/z.html.gz
 ✓ Success:
  2024-05-07T23:30:47+0000  company-coq-20221130.536.entry
  2024-05-07T23:30:47+0000  company-coq-20221130.536.tar
Built company-coq in 7.488s, finished at 2024-05-07T23:30:50+0000
