Package: company-box
Fetcher: github
Source:  https://github.com/sebastiencs/company-box.git

Updating /mnt/store/melpa/working/company-box/
Checking out b6f53e26adf948aca55c3ff6c22c21a6a6614253
Copying files (->) and directories (=>)
  from /mnt/store/melpa/working/company-box/
  to /tmp/company-box2WEokM/company-box-20230312.1028
    company-box-doc.el -> company-box-doc.el
    company-box-icons.el -> company-box-icons.el
    company-box.el -> company-box.el
    images => images
Created company-box-20230312.1028.tar containing:
  company-box-20230312.1028/
  company-box-20230312.1028/company-box-doc.el
  company-box-20230312.1028/company-box-icons.el
  company-box-20230312.1028/company-box-pkg.el
  company-box-20230312.1028/company-box.el
  company-box-20230312.1028/images/
  company-box-20230312.1028/images/Class.png
  company-box-20230312.1028/images/ColorPalette.png
  company-box-20230312.1028/images/Constant.png
  company-box-20230312.1028/images/Document.png
  company-box-20230312.1028/images/EnumItem.png
  company-box-20230312.1028/images/Enumerator.png
  company-box-20230312.1028/images/Event.png
  company-box-20230312.1028/images/Field.png
  company-box-20230312.1028/images/Folder.png
  company-box-20230312.1028/images/Interface.png
  company-box-20230312.1028/images/Keyword.png
  company-box-20230312.1028/images/LocalVariable.png
  company-box-20230312.1028/images/Method.png
  company-box-20230312.1028/images/Misc.png
  company-box-20230312.1028/images/Namespace.png
  company-box-20230312.1028/images/Property.png
  company-box-20230312.1028/images/String.png
  company-box-20230312.1028/images/Template.png
  company-box-20230312.1028/images/eclipse/
  company-box-20230312.1028/images/eclipse/boolean.png
  company-box-20230312.1028/images/eclipse/boolean@2x.png
  company-box-20230312.1028/images/eclipse/class.png
  company-box-20230312.1028/images/eclipse/class@2x.png
  company-box-20230312.1028/images/eclipse/constant.png
  company-box-20230312.1028/images/eclipse/constant@2x.png
  company-box-20230312.1028/images/eclipse/constructor.png
  company-box-20230312.1028/images/eclipse/constructor@2x.png
  company-box-20230312.1028/images/eclipse/enum.png
  company-box-20230312.1028/images/eclipse/enum@2x.png
  company-box-20230312.1028/images/eclipse/field.png
  company-box-20230312.1028/images/eclipse/field@2x.png
  company-box-20230312.1028/images/eclipse/function.png
  company-box-20230312.1028/images/eclipse/function@2x.png
  company-box-20230312.1028/images/eclipse/interface.png
  company-box-20230312.1028/images/eclipse/interface@2x.png
  company-box-20230312.1028/images/eclipse/keyword.png
  company-box-20230312.1028/images/eclipse/keyword@2x.png
  company-box-20230312.1028/images/eclipse/method.png
  company-box-20230312.1028/images/eclipse/method@2x.png
  company-box-20230312.1028/images/eclipse/module.png
  company-box-20230312.1028/images/eclipse/module@2x.png
  company-box-20230312.1028/images/eclipse/namespace.png
  company-box-20230312.1028/images/eclipse/namespace@2x.png
  company-box-20230312.1028/images/eclipse/number.png
  company-box-20230312.1028/images/eclipse/number@2x.png
  company-box-20230312.1028/images/eclipse/package.png
  company-box-20230312.1028/images/eclipse/package@2x.png
  company-box-20230312.1028/images/eclipse/property.png
  company-box-20230312.1028/images/eclipse/property@2x.png
  company-box-20230312.1028/images/eclipse/reference.png
  company-box-20230312.1028/images/eclipse/reference@2x.png
  company-box-20230312.1028/images/eclipse/snippet.png
  company-box-20230312.1028/images/eclipse/snippet@2x.png
  company-box-20230312.1028/images/eclipse/text.png
  company-box-20230312.1028/images/eclipse/text@2x.png
  company-box-20230312.1028/images/eclipse/value.png
  company-box-20230312.1028/images/eclipse/value@2x.png
  company-box-20230312.1028/images/eclipse/variable.png
  company-box-20230312.1028/images/eclipse/variable@2x.png
  company-box-20230312.1028/images/idea/
  company-box-20230312.1028/images/idea/advice.png
  company-box-20230312.1028/images/idea/class.png
  company-box-20230312.1028/images/idea/enum.png
  company-box-20230312.1028/images/idea/field.png
  company-box-20230312.1028/images/idea/interface.png
  company-box-20230312.1028/images/idea/method.png
  company-box-20230312.1028/images/idea/misc.png
  company-box-20230312.1028/images/idea/module.png
  company-box-20230312.1028/images/idea/package.png
  company-box-20230312.1028/images/idea/parameter.png
  company-box-20230312.1028/images/idea/ppFile.png
  company-box-20230312.1028/images/idea/property.png
  company-box-20230312.1028/images/idea/readonly.png
  company-box-20230312.1028/images/idea/snippet.png
  company-box-20230312.1028/images/idea/sourceFolder.png
  company-box-20230312.1028/images/idea/static.png
  company-box-20230312.1028/images/idea/textArea.png
  company-box-20230312.1028/images/idea/textField.png
  company-box-20230312.1028/images/idea/variable.png
  company-box-20230312.1028/images/netbeans/
  company-box-20230312.1028/images/netbeans/attribute.png
  company-box-20230312.1028/images/netbeans/class.png
  company-box-20230312.1028/images/netbeans/color.gif
  company-box-20230312.1028/images/netbeans/constant.png
  company-box-20230312.1028/images/netbeans/constructor.png
  company-box-20230312.1028/images/netbeans/empty.png
  company-box-20230312.1028/images/netbeans/enum.png
  company-box-20230312.1028/images/netbeans/enummember.png
  company-box-20230312.1028/images/netbeans/event.png
  company-box-20230312.1028/images/netbeans/field.png
  company-box-20230312.1028/images/netbeans/file.png
  company-box-20230312.1028/images/netbeans/folder.gif
  company-box-20230312.1028/images/netbeans/function.png
  company-box-20230312.1028/images/netbeans/interface.png
  company-box-20230312.1028/images/netbeans/keyword.png
  company-box-20230312.1028/images/netbeans/method.png
  company-box-20230312.1028/images/netbeans/module.png
  company-box-20230312.1028/images/netbeans/operator.png
  company-box-20230312.1028/images/netbeans/property.png
  company-box-20230312.1028/images/netbeans/reference.png
  company-box-20230312.1028/images/netbeans/snippet.png
  company-box-20230312.1028/images/netbeans/struct.png
  company-box-20230312.1028/images/netbeans/text.png
  company-box-20230312.1028/images/netbeans/typeparameter.gif
  company-box-20230312.1028/images/netbeans/unit.png
  company-box-20230312.1028/images/netbeans/value.png
  company-box-20230312.1028/images/netbeans/variable.gif
 ✓ Success:
  2024-01-11T15:46:13+0000  company-box-20230312.1028.entry
  2024-01-11T15:46:13+0000  company-box-20230312.1028.tar
Built company-box in 2.388s, finished at 2024-01-11T15:46:14+0000
