Package: conda
Fetcher: github
Source:  https://github.com/necaris/conda.el.git

Updating /mnt/store/melpa/working/conda/
Checking out ce748a53f9c7d7a7d112632d32c848d6e5482e18
Copying files (->) and directories (=>)
  from /mnt/store/melpa/working/conda/
  to /tmp/condaMwq5rX/conda-20240708.2135
    conda-projectile.el -> conda-projectile.el
    conda.el -> conda.el
Created conda-20240708.2135.tar containing:
  conda-20240708.2135/
  conda-20240708.2135/conda-pkg.el
  conda-20240708.2135/conda-projectile.el
  conda-20240708.2135/conda.el
 ✓ Success:
  2024-07-08T21:08:03+0000  conda-20231109.219.entry
  2024-07-08T21:08:03+0000  conda-20231109.219.tar
  2024-07-08T23:35:08+0000  conda-20240708.2135.entry
  2024-07-08T23:35:08+0000  conda-20240708.2135.tar
Built conda in 4.239s, finished at 2024-07-08T23:35:10+0000
