Package: corfu
Fetcher: github
Source:  https://github.com/minad/corfu.git

Updating /mnt/store/melpa/working/corfu/
Checking out 63d1de2696adcb09a4ea01ba668635364e37a9c2
Copying files (->) and directories (=>)
  from /mnt/store/melpa/working/corfu/
  to /tmp/corfuCBJF64/corfu-20231230.1154
    corfu.el -> corfu.el
  ! extensions/corfu-echo.el -> corfu-echo.el
  ! extensions/corfu-history.el -> corfu-history.el
  ! extensions/corfu-indexed.el -> corfu-indexed.el
  ! extensions/corfu-info.el -> corfu-info.el
  ! extensions/corfu-popupinfo.el -> corfu-popupinfo.el
  ! extensions/corfu-quick.el -> corfu-quick.el
Created corfu-20231230.1154.tar containing:
  corfu-20231230.1154/
  corfu-20231230.1154/corfu-echo.el
  corfu-20231230.1154/corfu-history.el
  corfu-20231230.1154/corfu-indexed.el
  corfu-20231230.1154/corfu-info.el
  corfu-20231230.1154/corfu-pkg.el
  corfu-20231230.1154/corfu-popupinfo.el
  corfu-20231230.1154/corfu-quick.el
  corfu-20231230.1154/corfu.el
 ✓ Success:
  2023-12-30T15:48:25+0000  corfu-20231230.1154.entry
  2023-12-30T15:48:25+0000  corfu-20231230.1154.tar
Built corfu in 3.977s, finished at 2023-12-30T15:48:27+0000
