Package: counsel-spotify
Fetcher: github
Source:  https://github.com/Lautaro-Garcia/counsel-spotify.git

Updating /mnt/store/melpa/working/counsel-spotify/
Checking out 2743ad52a9def53534fd505397fbe1ac49e53015
Copying files (->) and directories (=>)
  from /mnt/store/melpa/working/counsel-spotify/
  to /tmp/counsel-spotifyoUJ13L/counsel-spotify-20200818.2055
    counsel-spotify-backends.el -> counsel-spotify-backends.el
    counsel-spotify-messages.el -> counsel-spotify-messages.el
    counsel-spotify-notifications.el -> counsel-spotify-notifications.el
    counsel-spotify-search.el -> counsel-spotify-search.el
    counsel-spotify.el -> counsel-spotify.el
Created counsel-spotify-20200818.2055.tar containing:
  counsel-spotify-20200818.2055/
  counsel-spotify-20200818.2055/counsel-spotify-backends.el
  counsel-spotify-20200818.2055/counsel-spotify-messages.el
  counsel-spotify-20200818.2055/counsel-spotify-notifications.el
  counsel-spotify-20200818.2055/counsel-spotify-pkg.el
  counsel-spotify-20200818.2055/counsel-spotify-search.el
  counsel-spotify-20200818.2055/counsel-spotify.el
 ✓ Success:
  2024-01-06T23:59:25+0000  counsel-spotify-20200818.2055.entry
  2024-01-06T23:59:25+0000  counsel-spotify-20200818.2055.tar
Built counsel-spotify in 5.360s, finished at 2024-01-06T23:59:27+0000
