Package: csharp-mode
Fetcher: github
Source:  https://github.com/emacs-csharp/csharp-mode

Updating /mnt/store/melpa/working/csharp-mode/
Checking out d8b058c9e9d0429ea7e81d121ce19b064bd7e0f5
Copying files (->) and directories (=>)
  from /mnt/store/melpa/working/csharp-mode/
  to /tmp/csharp-moderrp2f7/csharp-mode-20221126.2005
    csharp-compilation.el -> csharp-compilation.el
    csharp-mode.el -> csharp-mode.el
    csharp-tree-sitter.el -> csharp-tree-sitter.el
Created csharp-mode-20221126.2005.tar containing:
  csharp-mode-20221126.2005/
  csharp-mode-20221126.2005/csharp-compilation.el
  csharp-mode-20221126.2005/csharp-mode-pkg.el
  csharp-mode-20221126.2005/csharp-mode.el
  csharp-mode-20221126.2005/csharp-tree-sitter.el
 ✓ Success:
  2025-03-26T23:24:38+0000  csharp-mode-20221126.2005.entry
  2025-03-26T23:24:38+0000  csharp-mode-20221126.2005.tar
Built csharp-mode in 4.361s, finished at 2025-03-26T23:24:39+0000
