Package: csound-mode
Fetcher: github
Source:  https://github.com/hlolli/csound-mode

Updating /mnt/store/melpa/working/csound-mode/
Checking out 63b52738cb7fdc00afbf69c79bec6028c77dfbde
Copying files (->) and directories (=>)
  from /mnt/store/melpa/working/csound-mode/
  to /tmp/csound-modeO4aerR/csound-mode-20250224.952
    csound-eldoc.el -> csound-eldoc.el
    csound-font-lock.el -> csound-font-lock.el
    csound-indentation.el -> csound-indentation.el
    csound-manual-lookup.el -> csound-manual-lookup.el
    csound-mode.el -> csound-mode.el
    csound-opcodes.el -> csound-opcodes.el
    csound-repl-interaction.el -> csound-repl-interaction.el
    csound-repl.el -> csound-repl.el
    csound-score.el -> csound-score.el
    csound-skeleton.el -> csound-skeleton.el
    csound-util.el -> csound-util.el
Created csound-mode-20250224.952.tar containing:
  csound-mode-20250224.952/
  csound-mode-20250224.952/csound-eldoc.el
  csound-mode-20250224.952/csound-font-lock.el
  csound-mode-20250224.952/csound-indentation.el
  csound-mode-20250224.952/csound-manual-lookup.el
  csound-mode-20250224.952/csound-mode-pkg.el
  csound-mode-20250224.952/csound-mode.el
  csound-mode-20250224.952/csound-opcodes.el
  csound-mode-20250224.952/csound-repl-interaction.el
  csound-mode-20250224.952/csound-repl.el
  csound-mode-20250224.952/csound-score.el
  csound-mode-20250224.952/csound-skeleton.el
  csound-mode-20250224.952/csound-util.el
 ✓ Success:
  2025-03-06T22:55:35+0000  csound-mode-20250224.952.entry
  2025-03-06T22:55:35+0000  csound-mode-20250224.952.tar
Built csound-mode in 3.782s, finished at 2025-03-06T22:55:36+0000
