Package: csproj-mode
Fetcher: github
Source:  https://github.com/omajid/csproj-mode.git

Updating /mnt/store/melpa/working/csproj-mode/
Checking out a7f0f4610c976a28c41b9b8299892f88b5d0336c
Copying files (->) and directories (=>)
  from /mnt/store/melpa/working/csproj-mode/
  to /tmp/csproj-modeg8rxSs/csproj-mode-20200801.1732
    csproj-mode.el -> csproj-mode.el
    snippets => snippets
Created csproj-mode-20200801.1732.tar containing:
  csproj-mode-20200801.1732/
  csproj-mode-20200801.1732/csproj-mode-pkg.el
  csproj-mode-20200801.1732/csproj-mode.el
  csproj-mode-20200801.1732/snippets/
  csproj-mode-20200801.1732/snippets/csproj-mode/
  csproj-mode-20200801.1732/snippets/csproj-mode/Compile
  csproj-mode-20200801.1732/snippets/csproj-mode/Content
  csproj-mode-20200801.1732/snippets/csproj-mode/DefineConstants
  csproj-mode-20200801.1732/snippets/csproj-mode/DotNetCliToolReference
  csproj-mode-20200801.1732/snippets/csproj-mode/Import
  csproj-mode-20200801.1732/snippets/csproj-mode/IsPackable
  csproj-mode-20200801.1732/snippets/csproj-mode/ItemGroup
  csproj-mode-20200801.1732/snippets/csproj-mode/Message
  csproj-mode-20200801.1732/snippets/csproj-mode/None
  csproj-mode-20200801.1732/snippets/csproj-mode/OutputType
  csproj-mode-20200801.1732/snippets/csproj-mode/PackageLicenseExpression
  csproj-mode-20200801.1732/snippets/csproj-mode/PackageReference
  csproj-mode-20200801.1732/snippets/csproj-mode/Project
  csproj-mode-20200801.1732/snippets/csproj-mode/ProjectReference
  csproj-mode-20200801.1732/snippets/csproj-mode/PropertyGroup
  csproj-mode-20200801.1732/snippets/csproj-mode/RuntimeIdentifiers
  csproj-mode-20200801.1732/snippets/csproj-mode/Target
  csproj-mode-20200801.1732/snippets/csproj-mode/TargetFramework
 ✓ Success:
  2024-09-24T23:35:51+0000  csproj-mode-20200801.1732.entry
  2024-09-24T23:35:51+0000  csproj-mode-20200801.1732.tar
Built csproj-mode in 4.324s, finished at 2024-09-24T23:35:52+0000
