Package: cycle-at-point
Fetcher: codeberg
Source:  https://codeberg.org/ideasman42/emacs-cycle-at-point.git

Updating /mnt/store/melpa/working/cycle-at-point/
Checking out c7e10161abba951b64a4e00d41d0b0990aac64e6
Copying files (->) and directories (=>)
  from /mnt/store/melpa/working/cycle-at-point/
  to /tmp/cycle-at-pointTxxF5n/cycle-at-point-20240421.2355
    cycle-at-point-find-alphabet.el -> cycle-at-point-find-alphabet.el
    cycle-at-point-find-integer.el -> cycle-at-point-find-integer.el
    cycle-at-point-preset-c++-mode.el -> cycle-at-point-preset-c++-mode.el
    cycle-at-point-preset-c-mode.el -> cycle-at-point-preset-c-mode.el
    cycle-at-point-preset-cmake-mode.el -> cycle-at-point-preset-cmake-mode.el
    cycle-at-point-preset-emacs-lisp-mode.el -> cycle-at-point-preset-emacs-lisp-mode.el
    cycle-at-point-preset-lang-en.el -> cycle-at-point-preset-lang-en.el
    cycle-at-point-preset-python-mode.el -> cycle-at-point-preset-python-mode.el
    cycle-at-point.el -> cycle-at-point.el
Created cycle-at-point-20240421.2355.tar containing:
  cycle-at-point-20240421.2355/
  cycle-at-point-20240421.2355/cycle-at-point-find-alphabet.el
  cycle-at-point-20240421.2355/cycle-at-point-find-integer.el
  cycle-at-point-20240421.2355/cycle-at-point-pkg.el
  cycle-at-point-20240421.2355/cycle-at-point-preset-c++-mode.el
  cycle-at-point-20240421.2355/cycle-at-point-preset-c-mode.el
  cycle-at-point-20240421.2355/cycle-at-point-preset-cmake-mode.el
  cycle-at-point-20240421.2355/cycle-at-point-preset-emacs-lisp-mode.el
  cycle-at-point-20240421.2355/cycle-at-point-preset-lang-en.el
  cycle-at-point-20240421.2355/cycle-at-point-preset-python-mode.el
  cycle-at-point-20240421.2355/cycle-at-point.el
 ✓ Success:
  2024-04-22T00:21:26+0000  cycle-at-point-20240421.2355.entry
  2024-04-22T00:21:26+0000  cycle-at-point-20240421.2355.tar
  2024-04-21T22:19:58+0000  cycle-at-point-20240421.912.entry
  2024-04-21T22:19:58+0000  cycle-at-point-20240421.912.tar
Built cycle-at-point in 6.020s, finished at 2024-04-22T00:21:28+0000
