 • Building package dag-draw (from codeberg:trevoke/dag-draw.el)...
Updating /mnt/store/melpa/working/dag-draw/
Checking out 4cb319966daa262023bfb31df88169e083eef91f
Copying files (->) and directories (=>)
  from /mnt/store/melpa/working/dag-draw/
  to /tmp/dag-drawT60jpe/dag-draw-20251203.2207
    dag-draw-aesthetic-principles.el -> dag-draw-aesthetic-principles.el
    dag-draw-algorithms.el -> dag-draw-algorithms.el
    dag-draw-ascii-edges.el -> dag-draw-ascii-edges.el
    dag-draw-ascii-grid.el -> dag-draw-ascii-grid.el
    dag-draw-ascii-junctions.el -> dag-draw-ascii-junctions.el
    dag-draw-ascii-nodes.el -> dag-draw-ascii-nodes.el
    dag-draw-ascii-splines.el -> dag-draw-ascii-splines.el
    dag-draw-coord-transform.el -> dag-draw-coord-transform.el
    dag-draw-core.el -> dag-draw-core.el
    dag-draw-cycle-breaking.el -> dag-draw-cycle-breaking.el
    dag-draw-dot.el -> dag-draw-dot.el
    dag-draw-pass1-ranking.el -> dag-draw-pass1-ranking.el
    dag-draw-pass2-ordering.el -> dag-draw-pass2-ordering.el
    dag-draw-pass3-positioning.el -> dag-draw-pass3-positioning.el
    dag-draw-pass4-splines.el -> dag-draw-pass4-splines.el
    dag-draw-ports.el -> dag-draw-ports.el
    dag-draw-quality.el -> dag-draw-quality.el
    dag-draw-rank-balancing.el -> dag-draw-rank-balancing.el
    dag-draw-render-gknv-compliant.el -> dag-draw-render-gknv-compliant.el
    dag-draw-render.el -> dag-draw-render.el
    dag-draw-svg.el -> dag-draw-svg.el
    dag-draw-topological.el -> dag-draw-topological.el
    dag-draw.el -> dag-draw.el
    test-visual-ascii-properties.el -> test-visual-ascii-properties.el
    dir -> dir
    dag-draw.info -> dag-draw.info
  ! doc/dag-draw.texi -> dag-draw.texi
Generating dag-draw.info
Created dag-draw-20251203.2207.tar containing:
  dag-draw-20251203.2207/
  dag-draw-20251203.2207/dag-draw-aesthetic-principles.el
  dag-draw-20251203.2207/dag-draw-algorithms.el
  dag-draw-20251203.2207/dag-draw-ascii-edges.el
  dag-draw-20251203.2207/dag-draw-ascii-grid.el
  dag-draw-20251203.2207/dag-draw-ascii-junctions.el
  dag-draw-20251203.2207/dag-draw-ascii-nodes.el
  dag-draw-20251203.2207/dag-draw-ascii-splines.el
  dag-draw-20251203.2207/dag-draw-coord-transform.el
  dag-draw-20251203.2207/dag-draw-core.el
  dag-draw-20251203.2207/dag-draw-cycle-breaking.el
  dag-draw-20251203.2207/dag-draw-dot.el
  dag-draw-20251203.2207/dag-draw-pass1-ranking.el
  dag-draw-20251203.2207/dag-draw-pass2-ordering.el
  dag-draw-20251203.2207/dag-draw-pass3-positioning.el
  dag-draw-20251203.2207/dag-draw-pass4-splines.el
  dag-draw-20251203.2207/dag-draw-pkg.el
  dag-draw-20251203.2207/dag-draw-ports.el
  dag-draw-20251203.2207/dag-draw-quality.el
  dag-draw-20251203.2207/dag-draw-rank-balancing.el
  dag-draw-20251203.2207/dag-draw-render-gknv-compliant.el
  dag-draw-20251203.2207/dag-draw-render.el
  dag-draw-20251203.2207/dag-draw-svg.el
  dag-draw-20251203.2207/dag-draw-topological.el
  dag-draw-20251203.2207/dag-draw.el
  dag-draw-20251203.2207/dag-draw.info
  dag-draw-20251203.2207/dir
  dag-draw-20251203.2207/test-visual-ascii-properties.el
 ✓ Success:
  2025-12-07T23:51:34+0000  dag-draw-20251203.2207.entry
  2025-12-07T23:51:33+0000  dag-draw-20251203.2207.tar
Built dag-draw in 9.276s, finished at 2025-12-07T23:51:34+0000
