Package: darktooth-theme
Fetcher: github
Source:  https://github.com/emacsfodder/emacs-theme-darktooth.git

Updating /mnt/store/melpa/working/darktooth-theme/
Checking out 2358dd334b5dcb6dc9828422bd7bd1e4da556819
Copying files (->) and directories (=>)
  from /mnt/store/melpa/working/darktooth-theme/
  to /tmp/darktooth-themeJxNW77/darktooth-theme-20231011.427
    darktooth-dark-theme.el -> darktooth-dark-theme.el
    darktooth-darker-theme.el -> darktooth-darker-theme.el
    darktooth-theme.el -> darktooth-theme.el
    darktooth.el -> darktooth.el
Created darktooth-theme-20231011.427.tar containing:
  darktooth-theme-20231011.427/
  darktooth-theme-20231011.427/darktooth-dark-theme.el
  darktooth-theme-20231011.427/darktooth-darker-theme.el
  darktooth-theme-20231011.427/darktooth-theme-pkg.el
  darktooth-theme-20231011.427/darktooth-theme.el
  darktooth-theme-20231011.427/darktooth.el
 ✓ Success:
  2024-03-30T01:08:58+0000  darktooth-theme-20231011.427.entry
  2024-03-30T01:08:58+0000  darktooth-theme-20231011.427.tar
Built darktooth-theme in 4.780s, finished at 2024-03-30T01:09:01+0000
