Package: datetime
Fetcher: github
Source:  https://github.com/doublep/datetime

Updating /mnt/store/melpa/working/datetime/
Checking out 2601120d4d2857cdbad1cf8d4b84d77308920835
Copying files (->) and directories (=>)
  from /mnt/store/melpa/working/datetime/
  to /tmp/datetimeoyN3LQ/datetime-20250203.2047
    datetime.el -> datetime.el
    locale-data.extmap -> locale-data.extmap
    timezone-data.extmap -> timezone-data.extmap
    timezone-name-data.extmap -> timezone-name-data.extmap
Created datetime-20250203.2047.tar containing:
  datetime-20250203.2047/
  datetime-20250203.2047/datetime-pkg.el
  datetime-20250203.2047/datetime.el
  datetime-20250203.2047/locale-data.extmap
  datetime-20250203.2047/timezone-data.extmap
  datetime-20250203.2047/timezone-name-data.extmap
 ✓ Success:
  2025-02-03T20:36:37+0000  datetime-20250203.1949.entry
  2025-02-03T20:36:37+0000  datetime-20250203.1949.tar
  2025-02-03T23:06:59+0000  datetime-20250203.2047.entry
  2025-02-03T23:06:59+0000  datetime-20250203.2047.tar
Built datetime in 3.801s, finished at 2025-02-03T23:07:00+0000
