Package: datomic-snippets
Fetcher: github
Source:  https://github.com/magnars/datomic-snippets.git

Updating /mnt/store/melpa/working/datomic-snippets/
Checking out 4a14228840d5252e13d2bf6209670f26345bbb84
Copying files (->) and directories (=>)
  from /mnt/store/melpa/working/datomic-snippets/
  to /tmp/datomic-snippetsnLhwU2/datomic-snippets-20180817.1045
    datomic-snippets-pkg.el -> datomic-snippets-pkg.el
    datomic-snippets.el -> datomic-snippets.el
    snippets => snippets
Created datomic-snippets-20180817.1045.tar containing:
  datomic-snippets-20180817.1045/
  datomic-snippets-20180817.1045/datomic-snippets-pkg.el
  datomic-snippets-20180817.1045/datomic-snippets.el
  datomic-snippets-20180817.1045/snippets/
  datomic-snippets-20180817.1045/snippets/clojure-mode/
  datomic-snippets-20180817.1045/snippets/clojure-mode/datomic-schema-attr-doc
  datomic-snippets-20180817.1045/snippets/clojure-mode/datomic-schema-attr-fulltext
  datomic-snippets-20180817.1045/snippets/clojure-mode/datomic-schema-attr-index
  datomic-snippets-20180817.1045/snippets/clojure-mode/datomic-schema-attr-isComponent
  datomic-snippets-20180817.1045/snippets/clojure-mode/datomic-schema-attr-noHistory
  datomic-snippets-20180817.1045/snippets/clojure-mode/datomic-schema-attr-unique
  datomic-snippets-20180817.1045/snippets/clojure-mode/datomic-schema-attribute
  datomic-snippets-20180817.1045/snippets/clojure-mode/datomic-schema-cardinality-many
  datomic-snippets-20180817.1045/snippets/clojure-mode/datomic-schema-function
  datomic-snippets-20180817.1045/snippets/clojure-mode/datomic-schema-type-bigdec
  datomic-snippets-20180817.1045/snippets/clojure-mode/datomic-schema-type-bigint
  datomic-snippets-20180817.1045/snippets/clojure-mode/datomic-schema-type-boolean
  datomic-snippets-20180817.1045/snippets/clojure-mode/datomic-schema-type-bytes
  datomic-snippets-20180817.1045/snippets/clojure-mode/datomic-schema-type-double
  datomic-snippets-20180817.1045/snippets/clojure-mode/datomic-schema-type-float
  datomic-snippets-20180817.1045/snippets/clojure-mode/datomic-schema-type-instant
  datomic-snippets-20180817.1045/snippets/clojure-mode/datomic-schema-type-keyword
  datomic-snippets-20180817.1045/snippets/clojure-mode/datomic-schema-type-long
  datomic-snippets-20180817.1045/snippets/clojure-mode/datomic-schema-type-ref
  datomic-snippets-20180817.1045/snippets/clojure-mode/datomic-schema-type-string
  datomic-snippets-20180817.1045/snippets/clojure-mode/datomic-schema-type-uri
  datomic-snippets-20180817.1045/snippets/clojure-mode/datomic-schema-type-uuid
  datomic-snippets-20180817.1045/snippets/clojure-mode/datomic-schema-unique-identity
  datomic-snippets-20180817.1045/snippets/clojure-mode/datomic-schema-value-type-ref
 ✓ Success:
  2024-06-28T23:53:16+0000  datomic-snippets-20180817.1045.entry
  2024-06-28T23:53:16+0000  datomic-snippets-20180817.1045.tar
Built datomic-snippets in 6.602s, finished at 2024-06-28T23:53:19+0000
