Package: dayone
Fetcher: github
Source:  https://github.com/mori-dev/emacs-dayone.git

Updating /mnt/store/melpa/working/dayone/
Checking out ab628274f0806451f23bce16f62a6a11cbf91a2b
Copying files (->) and directories (=>)
  from /mnt/store/melpa/working/dayone/
  to /tmp/dayone4C7EG3/dayone-20160105.1240
    dayone.el -> dayone.el
    layout.xml.mustache -> layout.xml.mustache
    tag.xml.mustache -> tag.xml.mustache
Created dayone-20160105.1240.tar containing:
  dayone-20160105.1240/
  dayone-20160105.1240/dayone-pkg.el
  dayone-20160105.1240/dayone.el
  dayone-20160105.1240/layout.xml.mustache
  dayone-20160105.1240/tag.xml.mustache
 ✓ Success:
  2024-01-30T07:25:56+0000  dayone-20160105.1240.entry
  2024-01-30T07:25:56+0000  dayone-20160105.1240.tar
Built dayone in 3.505s, finished at 2024-01-30T07:25:58+0000
