Package: debian-el
Fetcher: git
Source:  https://salsa.debian.org/emacsen-team/debian-el.git

Updating /mnt/store/melpa/working/debian-el/
Checking out a092229c9fa26a7b983c6fa1636d2c61efa0f5da
Copying files (->) and directories (=>)
  from /mnt/store/melpa/working/debian-el/
  to /tmp/debian-elM0leYg/debian-el-20240607.2052
    apt-sources.el -> apt-sources.el
    apt-utils.el -> apt-utils.el
    deb-view.el -> deb-view.el
    debian-autoloads.el -> debian-autoloads.el
    debian-bug.el -> debian-bug.el
    debian-el.el -> debian-el.el
    gnus-BTS.el -> gnus-BTS.el
    preseed.el -> preseed.el
    debian-el.texi -> debian-el.texi
Generating /tmp/debian-elM0leYg/debian-el-20240607.2052/debian-el.info
Created debian-el-20240607.2052.tar containing:
  debian-el-20240607.2052/
  debian-el-20240607.2052/apt-sources.el
  debian-el-20240607.2052/apt-utils.el
  debian-el-20240607.2052/deb-view.el
  debian-el-20240607.2052/debian-autoloads.el
  debian-el-20240607.2052/debian-bug.el
  debian-el-20240607.2052/debian-el-pkg.el
  debian-el-20240607.2052/debian-el.el
  debian-el-20240607.2052/debian-el.info
  debian-el-20240607.2052/dir
  debian-el-20240607.2052/gnus-BTS.el
  debian-el-20240607.2052/preseed.el
 ✓ Success:
  2024-06-10T22:54:37+0000  debian-el-20240607.2052.entry
  2024-06-10T22:54:37+0000  debian-el-20240607.2052.tar
Built debian-el in 7.772s, finished at 2024-06-10T22:54:39+0000
