Package: demap
Fetcher: gitlab
Source:  https://gitlab.com/sawyerjgardner/demap.el.git

Updating /mnt/store/melpa/working/demap/
Checking out c42ec4752544f80ca7c172ff65e705a56089bc96
Copying files (->) and directories (=>)
  from /mnt/store/melpa/working/demap/
  to /tmp/demapYwd79j/demap-20220322.2309
    demap-minimap.el -> demap-minimap.el
    demap-modes.el -> demap-modes.el
    demap-tools.el -> demap-tools.el
    demap.el -> demap.el
Created demap-20220322.2309.tar containing:
  demap-20220322.2309/
  demap-20220322.2309/demap-minimap.el
  demap-20220322.2309/demap-modes.el
  demap-20220322.2309/demap-pkg.el
  demap-20220322.2309/demap-tools.el
  demap-20220322.2309/demap.el
 ✓ Success:
  2023-12-29T06:52:01+0000  demap-20220322.2309.entry
  2023-12-29T06:52:01+0000  demap-20220322.2309.tar
Built demap in 4.147s, finished at 2023-12-29T06:52:03+0000
