Package: dic-lookup-w3m
Fetcher: github
Source:  https://github.com/emacsattic/dic-lookup-w3m.git

Updating /mnt/store/melpa/working/dic-lookup-w3m/
Checking out 3254ab10cbf0078c7162557dd1f68dac28459cf9
Copying files (->) and directories (=>)
  from /mnt/store/melpa/working/dic-lookup-w3m/
  to /tmp/dic-lookup-w3mjZbPtp/dic-lookup-w3m-20180526.1621
    dic-lookup-w3m-ja.el -> dic-lookup-w3m-ja.el
    dic-lookup-w3m-text-translator.el -> dic-lookup-w3m-text-translator.el
    dic-lookup-w3m-zh.el -> dic-lookup-w3m-zh.el
    dic-lookup-w3m.el -> dic-lookup-w3m.el
Created dic-lookup-w3m-20180526.1621.tar containing:
  dic-lookup-w3m-20180526.1621/
  dic-lookup-w3m-20180526.1621/dic-lookup-w3m-ja.el
  dic-lookup-w3m-20180526.1621/dic-lookup-w3m-pkg.el
  dic-lookup-w3m-20180526.1621/dic-lookup-w3m-text-translator.el
  dic-lookup-w3m-20180526.1621/dic-lookup-w3m-zh.el
  dic-lookup-w3m-20180526.1621/dic-lookup-w3m.el
 ✓ Success:
  2024-04-12T23:52:34+0000  dic-lookup-w3m-20180526.1621.entry
  2024-04-12T23:52:34+0000  dic-lookup-w3m-20180526.1621.tar
Built dic-lookup-w3m in 4.969s, finished at 2024-04-12T23:52:36+0000
