 • Building package diff-hl (from github:dgutov/diff-hl)...
Updating /mnt/store/melpa/working/diff-hl/
Checking out 845c492a9b5174c136e4246ef8e3312ad9156dfe
Copying files (->) and directories (=>)
  from /mnt/store/melpa/working/diff-hl/
  to /tmp/diff-hlg4iQDS/diff-hl-20251214.216
    diff-hl-amend.el -> diff-hl-amend.el
    diff-hl-dired.el -> diff-hl-dired.el
    diff-hl-flydiff.el -> diff-hl-flydiff.el
    diff-hl-margin.el -> diff-hl-margin.el
    diff-hl-show-hunk-inline.el -> diff-hl-show-hunk-inline.el
    diff-hl-show-hunk-posframe.el -> diff-hl-show-hunk-posframe.el
    diff-hl-show-hunk.el -> diff-hl-show-hunk.el
    diff-hl.el -> diff-hl.el
Created diff-hl-20251214.216.tar containing:
  diff-hl-20251214.216/
  diff-hl-20251214.216/diff-hl-amend.el
  diff-hl-20251214.216/diff-hl-dired.el
  diff-hl-20251214.216/diff-hl-flydiff.el
  diff-hl-20251214.216/diff-hl-margin.el
  diff-hl-20251214.216/diff-hl-pkg.el
  diff-hl-20251214.216/diff-hl-show-hunk-inline.el
  diff-hl-20251214.216/diff-hl-show-hunk-posframe.el
  diff-hl-20251214.216/diff-hl-show-hunk.el
  diff-hl-20251214.216/diff-hl.el
 ✓ Success:
  2025-12-14T23:50:19+0000  diff-hl-20251214.216.entry
  2025-12-14T23:50:19+0000  diff-hl-20251214.216.tar
Built diff-hl in 3.560s, finished at 2025-12-14T23:50:20+0000
