Package: digistar-mode
Fetcher: github
Source:  https://github.com/retroj/digistar-mode

Updating /mnt/store/melpa/working/digistar-mode/
Checking out 54b38bd570cd52348065b61360d1194a779a5af6
Copying files (->) and directories (=>)
  from /mnt/store/melpa/working/digistar-mode/
  to /tmp/digistar-modeJbVhZS/digistar-mode-20250429.1455
    digistar-mode.el -> digistar-mode.el
    images => images
Created digistar-mode-20250429.1455.tar containing:
  digistar-mode-20250429.1455/
  digistar-mode-20250429.1455/digistar-mode-pkg.el
  digistar-mode-20250429.1455/digistar-mode.el
  digistar-mode-20250429.1455/images/
  digistar-mode-20250429.1455/images/digistar-play.pbm
  digistar-mode-20250429.1455/images/digistar-play.xpm
 ✓ Success:
  2025-07-07T00:19:48+0000  digistar-mode-20250429.1455.entry
  2025-07-07T00:19:48+0000  digistar-mode-20250429.1455.tar
Built digistar-mode in 2.824s, finished at 2025-07-07T00:19:48+0000
