Package: dime
Fetcher: github
Source:  https://github.com/dylan-lang/dylan-emacs-support.git

Updating /mnt/store/melpa/working/dime/
Checking out d85409dc3cba57a390ca85da95822f8078ecbfa2
Copying files (->) and directories (=>)
  from /mnt/store/melpa/working/dime/
  to /tmp/dimetkDtaU/dime-20210613.1431
    dime-browse.el -> dime-browse.el
    dime-note-tree.el -> dime-note-tree.el
    dime-repl.el -> dime-repl.el
    dime.el -> dime.el
Created dime-20210613.1431.tar containing:
  dime-20210613.1431/
  dime-20210613.1431/dime-browse.el
  dime-20210613.1431/dime-note-tree.el
  dime-20210613.1431/dime-pkg.el
  dime-20210613.1431/dime-repl.el
  dime-20210613.1431/dime.el
 ✓ Success:
  2024-01-13T01:04:22+0000  dime-20210613.1431.entry
  2024-01-13T01:04:22+0000  dime-20210613.1431.tar
Built dime in 2.046s, finished at 2024-01-13T01:04:23+0000
