Package: dircmp
Fetcher: github
Source:  https://github.com/matthewlmcclure/dircmp-mode.git

Updating /mnt/store/melpa/working/dircmp/
Checking out 558ee0b601c2de9d247612085aafe2926f56a09f
Copying files (->) and directories (=>)
  from /mnt/store/melpa/working/dircmp/
  to /tmp/dircmpb9guQh/dircmp-20141204.1756
    dircmp.el -> dircmp.el
    emacs-git-difftool.sh -> emacs-git-difftool.sh
    emacs-git-mergetool.sh -> emacs-git-mergetool.sh
Created dircmp-20141204.1756.tar containing:
  dircmp-20141204.1756/
  dircmp-20141204.1756/dircmp-pkg.el
  dircmp-20141204.1756/dircmp.el
  dircmp-20141204.1756/emacs-git-difftool.sh
  dircmp-20141204.1756/emacs-git-mergetool.sh
 ✓ Success:
  2024-02-16T00:47:28+0000  dircmp-20141204.1756.entry
  2024-02-16T00:47:28+0000  dircmp-20141204.1756.tar
Built dircmp in 1.570s, finished at 2024-02-16T00:47:29+0000
