Package: dired-icon
Fetcher: gitlab
Source:  https://gitlab.com/xuhdev/dired-icon

Updating /mnt/store/melpa/working/dired-icon/
Checking out f60e10757a5011235b519231ad35974ff25963ed
Copying files (->) and directories (=>)
  from /mnt/store/melpa/working/dired-icon/
  to /tmp/dired-iconNx3Sz0/dired-icon-20170223.526
    dired-icon.el -> dired-icon.el
    get-icon-path-gtk3.py -> get-icon-path-gtk3.py
    get-icon-path-macos.m -> get-icon-path-macos.m
Created dired-icon-20170223.526.tar containing:
  dired-icon-20170223.526/
  dired-icon-20170223.526/dired-icon-pkg.el
  dired-icon-20170223.526/dired-icon.el
  dired-icon-20170223.526/get-icon-path-gtk3.py
  dired-icon-20170223.526/get-icon-path-macos.m
 ✓ Success:
  2025-02-24T00:04:26+0000  dired-icon-20170223.526.entry
  2025-02-24T00:04:26+0000  dired-icon-20170223.526.tar
Built dired-icon in 3.644s, finished at 2025-02-24T00:04:27+0000
