Package: dired-hist
Fetcher: github
Source:  https://github.com/Anoncheg1/dired-hist

Updating /mnt/store/melpa/working/dired-hist/
Checking out d312b8247fabd792dda618cd15471b9e66df0358
Copying files (->) and directories (=>)
  from /mnt/store/melpa/working/dired-hist/
  to /tmp/dired-histTsVAs9/dired-hist-20251109.2240
    dired-hist-tl.el -> dired-hist-tl.el
    dired-hist.el -> dired-hist.el
Created dired-hist-20251109.2240.tar containing:
  dired-hist-20251109.2240/
  dired-hist-20251109.2240/dired-hist-pkg.el
  dired-hist-20251109.2240/dired-hist-tl.el
  dired-hist-20251109.2240/dired-hist.el
 ✓ Success:
  2025-11-09T21:57:25+0000  dired-hist-20240405.2347.entry
  2025-11-09T21:57:25+0000  dired-hist-20240405.2347.tar
  2025-11-10T00:19:08+0000  dired-hist-20251109.2240.entry
  2025-11-10T00:19:08+0000  dired-hist-20251109.2240.tar
Built dired-hist in 2.612s, finished at 2025-11-10T00:19:09+0000
