Package: dirvish
Fetcher: github
Source:  https://github.com/alexluigit/dirvish

Updating /mnt/store/melpa/working/dirvish/
Checking out fa17e5588f1ca4cce5de496abea180813cfa0682
Copying files (->) and directories (=>)
  from /mnt/store/melpa/working/dirvish/
  to /tmp/dirvishsLem1J/dirvish-20250206.302
    dirvish-extras.el -> dirvish-extras.el
    dirvish-tramp.el -> dirvish-tramp.el
    dirvish-widgets.el -> dirvish-widgets.el
    dirvish.el -> dirvish.el
  ! extensions/dirvish-collapse.el -> dirvish-collapse.el
  ! extensions/dirvish-emerge.el -> dirvish-emerge.el
  ! extensions/dirvish-fd.el -> dirvish-fd.el
  ! extensions/dirvish-history.el -> dirvish-history.el
  ! extensions/dirvish-icons.el -> dirvish-icons.el
  ! extensions/dirvish-ls.el -> dirvish-ls.el
  ! extensions/dirvish-narrow.el -> dirvish-narrow.el
  ! extensions/dirvish-peek.el -> dirvish-peek.el
  ! extensions/dirvish-quick-access.el -> dirvish-quick-access.el
  ! extensions/dirvish-side.el -> dirvish-side.el
  ! extensions/dirvish-subtree.el -> dirvish-subtree.el
  ! extensions/dirvish-vc.el -> dirvish-vc.el
  ! extensions/dirvish-yank.el -> dirvish-yank.el
Created dirvish-20250206.302.tar containing:
  dirvish-20250206.302/
  dirvish-20250206.302/dirvish-collapse.el
  dirvish-20250206.302/dirvish-emerge.el
  dirvish-20250206.302/dirvish-extras.el
  dirvish-20250206.302/dirvish-fd.el
  dirvish-20250206.302/dirvish-history.el
  dirvish-20250206.302/dirvish-icons.el
  dirvish-20250206.302/dirvish-ls.el
  dirvish-20250206.302/dirvish-narrow.el
  dirvish-20250206.302/dirvish-peek.el
  dirvish-20250206.302/dirvish-pkg.el
  dirvish-20250206.302/dirvish-quick-access.el
  dirvish-20250206.302/dirvish-side.el
  dirvish-20250206.302/dirvish-subtree.el
  dirvish-20250206.302/dirvish-tramp.el
  dirvish-20250206.302/dirvish-vc.el
  dirvish-20250206.302/dirvish-widgets.el
  dirvish-20250206.302/dirvish-yank.el
  dirvish-20250206.302/dirvish.el
 ✓ Success:
  2025-02-07T00:40:22+0000  dirvish-20250206.302.entry
  2025-02-07T00:40:22+0000  dirvish-20250206.302.tar
Built dirvish in 3.803s, finished at 2025-02-07T00:40:23+0000
