 • Building package disproject (from github:aurtzy/disproject)...
Updating /mnt/store/melpa/working/disproject/
Checking out c2b14a5e1b1e9173b5089102a737e4ed110cd2b6
Copying files (->) and directories (=>)
  from /mnt/store/melpa/working/disproject/
  to /tmp/disproject5dDOwX/disproject-20251007.310
    disproject.el -> disproject.el
  ! doc/disproject.texi -> disproject.texi
  ! doc/doclicense.texi -> doclicense.texi
  ! doc/gpl.texi -> gpl.texi
Generating disproject.info
Generating doclicense.info
Generating gpl.info
Created disproject-20251007.310.tar containing:
  disproject-20251007.310/
  disproject-20251007.310/dir
  disproject-20251007.310/disproject-pkg.el
  disproject-20251007.310/disproject.el
  disproject-20251007.310/disproject.info
  disproject-20251007.310/doclicense.info
  disproject-20251007.310/gpl.info
 ✓ Success:
  2025-12-14T23:51:37+0000  disproject-20251007.310.entry
  2025-12-14T23:51:37+0000  disproject-20251007.310.tar
Built disproject in 13.053s, finished at 2025-12-14T23:51:38+0000
