Package: dix
Fetcher: github
Source:  https://github.com/unhammer/dix.git

Updating /mnt/store/melpa/working/dix/
Checking out 5eeed9362fbeaf5a032bccd69b861b8a36877516
Copying files (->) and directories (=>)
  from /mnt/store/melpa/working/dix/
  to /tmp/dixM6YGRg/dix-20230126.1017
    dix.el -> dix.el
    schemas.xml -> schemas.xml
    local-schemas.xml -> local-schemas.xml
Created dix-20230126.1017.tar containing:
  dix-20230126.1017/
  dix-20230126.1017/dix-pkg.el
  dix-20230126.1017/dix.el
  dix-20230126.1017/local-schemas.xml
  dix-20230126.1017/schemas.xml
 ✓ Success:
  2024-07-23T22:34:58+0000  dix-20230126.1017.entry
  2024-07-23T22:34:57+0000  dix-20230126.1017.tar
Built dix in 10.679s, finished at 2024-07-23T22:35:01+0000
