Package: dkdo
Fetcher: github
Source:  https://github.com/davidkeegan/dkdo.git

Updating /mnt/store/melpa/working/dkdo/
Checking out fd6bb105e8331fafb6385c5238c988c4c5bbe2da
Copying files (->) and directories (=>)
  from /mnt/store/melpa/working/dkdo/
  to /tmp/dkdoEiGBOC/dkdo-20131110.1119
    dkdo-pkg.el -> dkdo-pkg.el
    dkdo.el -> dkdo.el
    dkdo.texi -> dkdo.texi
    sample.do -> sample.do
Generating /tmp/dkdoEiGBOC/dkdo-20131110.1119/dkdo.info
Created dkdo-20131110.1119.tar containing:
  dkdo-20131110.1119/
  dkdo-20131110.1119/dir
  dkdo-20131110.1119/dkdo-pkg.el
  dkdo-20131110.1119/dkdo.el
  dkdo-20131110.1119/dkdo.info
  dkdo-20131110.1119/sample.do
 ✓ Success:
  2024-03-14T23:45:35+0000  dkdo-20131110.1119.entry
  2024-03-14T23:45:35+0000  dkdo-20131110.1119.tar
Built dkdo in 6.929s, finished at 2024-03-14T23:45:37+0000
