Package: dkl
Fetcher: github
Source:  https://github.com/flexibeast/dkl.git

Updating /mnt/store/melpa/working/dkl/
Checking out 6b4584f86037bda3383960c678d51f340229fb91
Copying files (->) and directories (=>)
  from /mnt/store/melpa/working/dkl/
  to /tmp/dklO5iXRr/dkl-20161005.7
    dkl.el -> dkl.el
    keyboards => keyboards
    layouts => layouts
Created dkl-20161005.7.tar containing:
  dkl-20161005.7/
  dkl-20161005.7/dkl-pkg.el
  dkl-20161005.7/dkl.el
  dkl-20161005.7/keyboards/
  dkl-20161005.7/keyboards/standard
  dkl-20161005.7/layouts/
  dkl-20161005.7/layouts/devanagari-inscript
  dkl-20161005.7/layouts/hebrew-new
  dkl-20161005.7/layouts/qwerty-us
 ✓ Success:
  2024-05-07T23:36:58+0000  dkl-20161005.7.entry
  2024-05-07T23:36:58+0000  dkl-20161005.7.tar
Built dkl in 3.755s, finished at 2024-05-07T23:37:00+0000
