Package: doom-modeline
Fetcher: github
Source:  https://github.com/seagle0128/doom-modeline.git

Updating /mnt/store/melpa/working/doom-modeline/
Checking out a43bc7a222e054a4c3c0b97028f1dec1c596c114
Copying files (->) and directories (=>)
  from /mnt/store/melpa/working/doom-modeline/
  to /tmp/doom-modelineAR1d5T/doom-modeline-20240112.1056
    doom-modeline-core.el -> doom-modeline-core.el
    doom-modeline-env.el -> doom-modeline-env.el
    doom-modeline-segments.el -> doom-modeline-segments.el
    doom-modeline.el -> doom-modeline.el
Created doom-modeline-20240112.1056.tar containing:
  doom-modeline-20240112.1056/
  doom-modeline-20240112.1056/doom-modeline-core.el
  doom-modeline-20240112.1056/doom-modeline-env.el
  doom-modeline-20240112.1056/doom-modeline-pkg.el
  doom-modeline-20240112.1056/doom-modeline-segments.el
  doom-modeline-20240112.1056/doom-modeline.el
 ✓ Success:
  2024-01-18T07:54:10+0000  doom-modeline-20240112.1056.entry
  2024-01-18T07:54:10+0000  doom-modeline-20240112.1056.tar
Built doom-modeline in 3.783s, finished at 2024-01-18T07:54:12+0000
