Package: doom-themes
Fetcher: github
Source:  https://github.com/doomemacs/themes.git

Updating /mnt/store/melpa/working/doom-themes/
Checking out ff26f26ea3d761375f5fc4070438fbd0f3473d33
Copying files (->) and directories (=>)
  from /mnt/store/melpa/working/doom-themes/
  to /tmp/doom-themesDvVMVb/doom-themes-20231208.2011
    doom-themes-base.el -> doom-themes-base.el
    doom-themes.el -> doom-themes.el
  ! themes/doom-1337-theme.el -> doom-1337-theme.el
  ! themes/doom-Iosvkem-theme.el -> doom-Iosvkem-theme.el
  ! themes/doom-acario-dark-theme.el -> doom-acario-dark-theme.el
  ! themes/doom-acario-light-theme.el -> doom-acario-light-theme.el
  ! themes/doom-ayu-dark-theme.el -> doom-ayu-dark-theme.el
  ! themes/doom-ayu-light-theme.el -> doom-ayu-light-theme.el
  ! themes/doom-ayu-mirage-theme.el -> doom-ayu-mirage-theme.el
  ! themes/doom-badger-theme.el -> doom-badger-theme.el
  ! themes/doom-bluloco-dark-theme.el -> doom-bluloco-dark-theme.el
  ! themes/doom-bluloco-light-theme.el -> doom-bluloco-light-theme.el
  ! themes/doom-challenger-deep-theme.el -> doom-challenger-deep-theme.el
  ! themes/doom-city-lights-theme.el -> doom-city-lights-theme.el
  ! themes/doom-dark+-theme.el -> doom-dark+-theme.el
  ! themes/doom-dracula-theme.el -> doom-dracula-theme.el
  ! themes/doom-earl-grey-theme.el -> doom-earl-grey-theme.el
  ! themes/doom-ephemeral-theme.el -> doom-ephemeral-theme.el
  ! themes/doom-fairy-floss-theme.el -> doom-fairy-floss-theme.el
  ! themes/doom-feather-dark-theme.el -> doom-feather-dark-theme.el
  ! themes/doom-feather-light-theme.el -> doom-feather-light-theme.el
  ! themes/doom-flatwhite-theme.el -> doom-flatwhite-theme.el
  ! themes/doom-gruvbox-light-theme.el -> doom-gruvbox-light-theme.el
  ! themes/doom-gruvbox-theme.el -> doom-gruvbox-theme.el
  ! themes/doom-henna-theme.el -> doom-henna-theme.el
  ! themes/doom-homage-black-theme.el -> doom-homage-black-theme.el
  ! themes/doom-homage-white-theme.el -> doom-homage-white-theme.el
  ! themes/doom-horizon-theme.el -> doom-horizon-theme.el
  ! themes/doom-ir-black-theme.el -> doom-ir-black-theme.el
  ! themes/doom-lantern-theme.el -> doom-lantern-theme.el
  ! themes/doom-laserwave-theme.el -> doom-laserwave-theme.el
  ! themes/doom-manegarm-theme.el -> doom-manegarm-theme.el
  ! themes/doom-material-dark-theme.el -> doom-material-dark-theme.el
  ! themes/doom-material-theme.el -> doom-material-theme.el
  ! themes/doom-meltbus-theme.el -> doom-meltbus-theme.el
  ! themes/doom-miramare-theme.el -> doom-miramare-theme.el
  ! themes/doom-molokai-theme.el -> doom-molokai-theme.el
  ! themes/doom-monokai-classic-theme.el -> doom-monokai-classic-theme.el
  ! themes/doom-monokai-machine-theme.el -> doom-monokai-machine-theme.el
  ! themes/doom-monokai-octagon-theme.el -> doom-monokai-octagon-theme.el
  ! themes/doom-monokai-pro-theme.el -> doom-monokai-pro-theme.el
  ! themes/doom-monokai-ristretto-theme.el -> doom-monokai-ristretto-theme.el
  ! themes/doom-monokai-spectrum-theme.el -> doom-monokai-spectrum-theme.el
  ! themes/doom-moonlight-theme.el -> doom-moonlight-theme.el
  ! themes/doom-nord-aurora-theme.el -> doom-nord-aurora-theme.el
  ! themes/doom-nord-light-theme.el -> doom-nord-light-theme.el
  ! themes/doom-nord-theme.el -> doom-nord-theme.el
  ! themes/doom-nova-theme.el -> doom-nova-theme.el
  ! themes/doom-oceanic-next-theme.el -> doom-oceanic-next-theme.el
  ! themes/doom-oksolar-dark-theme.el -> doom-oksolar-dark-theme.el
  ! themes/doom-oksolar-light-theme.el -> doom-oksolar-light-theme.el
  ! themes/doom-old-hope-theme.el -> doom-old-hope-theme.el
  ! themes/doom-one-light-theme.el -> doom-one-light-theme.el
  ! themes/doom-one-theme.el -> doom-one-theme.el
  ! themes/doom-opera-light-theme.el -> doom-opera-light-theme.el
  ! themes/doom-opera-theme.el -> doom-opera-theme.el
  ! themes/doom-outrun-electric-theme.el -> doom-outrun-electric-theme.el
  ! themes/doom-palenight-theme.el -> doom-palenight-theme.el
  ! themes/doom-peacock-theme.el -> doom-peacock-theme.el
  ! themes/doom-pine-theme.el -> doom-pine-theme.el
  ! themes/doom-plain-dark-theme.el -> doom-plain-dark-theme.el
  ! themes/doom-plain-theme.el -> doom-plain-theme.el
  ! themes/doom-rouge-theme.el -> doom-rouge-theme.el
  ! themes/doom-shades-of-purple-theme.el -> doom-shades-of-purple-theme.el
  ! themes/doom-snazzy-theme.el -> doom-snazzy-theme.el
  ! themes/doom-solarized-dark-high-contrast-theme.el -> doom-solarized-dark-high-contrast-theme.el
  ! themes/doom-solarized-dark-theme.el -> doom-solarized-dark-theme.el
  ! themes/doom-solarized-light-theme.el -> doom-solarized-light-theme.el
  ! themes/doom-sourcerer-theme.el -> doom-sourcerer-theme.el
  ! themes/doom-spacegrey-theme.el -> doom-spacegrey-theme.el
  ! themes/doom-tokyo-night-theme.el -> doom-tokyo-night-theme.el
  ! themes/doom-tomorrow-day-theme.el -> doom-tomorrow-day-theme.el
  ! themes/doom-tomorrow-night-theme.el -> doom-tomorrow-night-theme.el
  ! themes/doom-vibrant-theme.el -> doom-vibrant-theme.el
  ! themes/doom-wilmersdorf-theme.el -> doom-wilmersdorf-theme.el
  ! themes/doom-xcode-theme.el -> doom-xcode-theme.el
  ! themes/doom-zenburn-theme.el -> doom-zenburn-theme.el
  ! extensions/doom-themes-ext-neotree.el -> doom-themes-ext-neotree.el
  ! extensions/doom-themes-ext-org.el -> doom-themes-ext-org.el
  ! extensions/doom-themes-ext-treemacs.el -> doom-themes-ext-treemacs.el
  ! extensions/doom-themes-ext-visual-bell.el -> doom-themes-ext-visual-bell.el
Created doom-themes-20231208.2011.tar containing:
  doom-themes-20231208.2011/
  doom-themes-20231208.2011/doom-1337-theme.el
  doom-themes-20231208.2011/doom-Iosvkem-theme.el
  doom-themes-20231208.2011/doom-acario-dark-theme.el
  doom-themes-20231208.2011/doom-acario-light-theme.el
  doom-themes-20231208.2011/doom-ayu-dark-theme.el
  doom-themes-20231208.2011/doom-ayu-light-theme.el
  doom-themes-20231208.2011/doom-ayu-mirage-theme.el
  doom-themes-20231208.2011/doom-badger-theme.el
  doom-themes-20231208.2011/doom-bluloco-dark-theme.el
  doom-themes-20231208.2011/doom-bluloco-light-theme.el
  doom-themes-20231208.2011/doom-challenger-deep-theme.el
  doom-themes-20231208.2011/doom-city-lights-theme.el
  doom-themes-20231208.2011/doom-dark+-theme.el
  doom-themes-20231208.2011/doom-dracula-theme.el
  doom-themes-20231208.2011/doom-earl-grey-theme.el
  doom-themes-20231208.2011/doom-ephemeral-theme.el
  doom-themes-20231208.2011/doom-fairy-floss-theme.el
  doom-themes-20231208.2011/doom-feather-dark-theme.el
  doom-themes-20231208.2011/doom-feather-light-theme.el
  doom-themes-20231208.2011/doom-flatwhite-theme.el
  doom-themes-20231208.2011/doom-gruvbox-light-theme.el
  doom-themes-20231208.2011/doom-gruvbox-theme.el
  doom-themes-20231208.2011/doom-henna-theme.el
  doom-themes-20231208.2011/doom-homage-black-theme.el
  doom-themes-20231208.2011/doom-homage-white-theme.el
  doom-themes-20231208.2011/doom-horizon-theme.el
  doom-themes-20231208.2011/doom-ir-black-theme.el
  doom-themes-20231208.2011/doom-lantern-theme.el
  doom-themes-20231208.2011/doom-laserwave-theme.el
  doom-themes-20231208.2011/doom-manegarm-theme.el
  doom-themes-20231208.2011/doom-material-dark-theme.el
  doom-themes-20231208.2011/doom-material-theme.el
  doom-themes-20231208.2011/doom-meltbus-theme.el
  doom-themes-20231208.2011/doom-miramare-theme.el
  doom-themes-20231208.2011/doom-molokai-theme.el
  doom-themes-20231208.2011/doom-monokai-classic-theme.el
  doom-themes-20231208.2011/doom-monokai-machine-theme.el
  doom-themes-20231208.2011/doom-monokai-octagon-theme.el
  doom-themes-20231208.2011/doom-monokai-pro-theme.el
  doom-themes-20231208.2011/doom-monokai-ristretto-theme.el
  doom-themes-20231208.2011/doom-monokai-spectrum-theme.el
  doom-themes-20231208.2011/doom-moonlight-theme.el
  doom-themes-20231208.2011/doom-nord-aurora-theme.el
  doom-themes-20231208.2011/doom-nord-light-theme.el
  doom-themes-20231208.2011/doom-nord-theme.el
  doom-themes-20231208.2011/doom-nova-theme.el
  doom-themes-20231208.2011/doom-oceanic-next-theme.el
  doom-themes-20231208.2011/doom-oksolar-dark-theme.el
  doom-themes-20231208.2011/doom-oksolar-light-theme.el
  doom-themes-20231208.2011/doom-old-hope-theme.el
  doom-themes-20231208.2011/doom-one-light-theme.el
  doom-themes-20231208.2011/doom-one-theme.el
  doom-themes-20231208.2011/doom-opera-light-theme.el
  doom-themes-20231208.2011/doom-opera-theme.el
  doom-themes-20231208.2011/doom-outrun-electric-theme.el
  doom-themes-20231208.2011/doom-palenight-theme.el
  doom-themes-20231208.2011/doom-peacock-theme.el
  doom-themes-20231208.2011/doom-pine-theme.el
  doom-themes-20231208.2011/doom-plain-dark-theme.el
  doom-themes-20231208.2011/doom-plain-theme.el
  doom-themes-20231208.2011/doom-rouge-theme.el
  doom-themes-20231208.2011/doom-shades-of-purple-theme.el
  doom-themes-20231208.2011/doom-snazzy-theme.el
  doom-themes-20231208.2011/doom-solarized-dark-high-contrast-theme.el
  doom-themes-20231208.2011/doom-solarized-dark-theme.el
  doom-themes-20231208.2011/doom-solarized-light-theme.el
  doom-themes-20231208.2011/doom-sourcerer-theme.el
  doom-themes-20231208.2011/doom-spacegrey-theme.el
  doom-themes-20231208.2011/doom-themes-base.el
  doom-themes-20231208.2011/doom-themes-ext-neotree.el
  doom-themes-20231208.2011/doom-themes-ext-org.el
  doom-themes-20231208.2011/doom-themes-ext-treemacs.el
  doom-themes-20231208.2011/doom-themes-ext-visual-bell.el
  doom-themes-20231208.2011/doom-themes-pkg.el
  doom-themes-20231208.2011/doom-themes.el
  doom-themes-20231208.2011/doom-tokyo-night-theme.el
  doom-themes-20231208.2011/doom-tomorrow-day-theme.el
  doom-themes-20231208.2011/doom-tomorrow-night-theme.el
  doom-themes-20231208.2011/doom-vibrant-theme.el
  doom-themes-20231208.2011/doom-wilmersdorf-theme.el
  doom-themes-20231208.2011/doom-xcode-theme.el
  doom-themes-20231208.2011/doom-zenburn-theme.el
 ✓ Success:
  2024-01-19T14:26:58+0000  doom-themes-20231208.2011.entry
  2024-01-19T14:26:58+0000  doom-themes-20231208.2011.tar
Built doom-themes in 4.709s, finished at 2024-01-19T14:27:00+0000
