Package: dslide
Fetcher: github
Source:  https://github.com/positron-solutions/dslide

Updating /mnt/store/melpa/working/dslide/
Checking out be47f2dcb939779067f8c77c3493162bcf242b83
Copying files (->) and directories (=>)
  from /mnt/store/melpa/working/dslide/
  to /tmp/dslideoWO5OF/dslide-20250102.819
    dslide.el -> dslide.el
  ! doc/dslide.texi -> dslide.texi
Generating dslide.info
Created dslide-20250102.819.tar containing:
  dslide-20250102.819/
  dslide-20250102.819/dir
  dslide-20250102.819/dslide-pkg.el
  dslide-20250102.819/dslide.el
  dslide-20250102.819/dslide.info
 ✓ Success:
  2025-03-13T22:37:09+0000  dslide-20250102.819.entry
  2025-03-13T22:37:09+0000  dslide-20250102.819.tar
Built dslide in 5.826s, finished at 2025-03-13T22:37:10+0000
