Package: ducpel
Fetcher: github
Source:  https://github.com/alezost/ducpel

Updating /mnt/store/melpa/working/ducpel/
Checking out 2f2ce2df269d99261c808a5c4ebc00d6d2cddabc
Copying files (->) and directories (=>)
  from /mnt/store/melpa/working/ducpel/
  to /tmp/ducpel3O5rJG/ducpel-20140702.1154
    ducpel-glyphs.el -> ducpel-glyphs.el
    ducpel.el -> ducpel.el
    levels => levels
Created ducpel-20140702.1154.tar containing:
  ducpel-20140702.1154/
  ducpel-20140702.1154/ducpel-glyphs.el
  ducpel-20140702.1154/ducpel-pkg.el
  ducpel-20140702.1154/ducpel.el
  ducpel-20140702.1154/levels/
  ducpel-20140702.1154/levels/0001
  ducpel-20140702.1154/levels/0002
  ducpel-20140702.1154/levels/0003
  ducpel-20140702.1154/levels/0004
  ducpel-20140702.1154/levels/0005
  ducpel-20140702.1154/levels/0006
  ducpel-20140702.1154/levels/0007
  ducpel-20140702.1154/levels/0008
  ducpel-20140702.1154/levels/0009
 ✓ Success:
  2025-03-13T00:24:01+0000  ducpel-20140702.1154.entry
  2025-03-13T00:24:01+0000  ducpel-20140702.1154.tar
Built ducpel in 3.288s, finished at 2025-03-13T00:24:02+0000
