Package: dune
Fetcher: github
Source:  https://github.com/ocaml/dune.git

Updating /mnt/store/melpa/working/dune/
Checking out e53368337be3c353fd654bdbead322605fc875c5
Copying files (->) and directories (=>)
  from /mnt/store/melpa/working/dune/
  to /tmp/duneLHWN7k/dune-20230402.1815
  ! editor-integration/emacs/dune-flymake.el -> dune-flymake.el
  ! editor-integration/emacs/dune-watch.el -> dune-watch.el
  ! editor-integration/emacs/dune.el -> dune.el
Created dune-20230402.1815.tar containing:
  dune-20230402.1815/
  dune-20230402.1815/dune-flymake.el
  dune-20230402.1815/dune-pkg.el
  dune-20230402.1815/dune-watch.el
  dune-20230402.1815/dune.el
 ✓ Success:
  2023-12-28T14:52:11+0000  dune-20230402.1815.entry
  2023-12-28T14:52:11+0000  dune-20230402.1815.tar
Built dune in 11.587s, finished at 2023-12-28T14:52:13+0000
