Package: dylan
Fetcher: github
Source:  https://github.com/dylan-lang/dylan-emacs-support

Updating /mnt/store/melpa/working/dylan/
Checking out 8cf635979a2233e14a2a72071d44ddb47109edef
Copying files (->) and directories (=>)
  from /mnt/store/melpa/working/dylan/
  to /tmp/dylan7wPe6r/dylan-20250209.721
    dylan-lid.el -> dylan-lid.el
    dylan-opt.el -> dylan-opt.el
    dylan.el -> dylan.el
Created dylan-20250209.721.tar containing:
  dylan-20250209.721/
  dylan-20250209.721/dylan-lid.el
  dylan-20250209.721/dylan-opt.el
  dylan-20250209.721/dylan-pkg.el
  dylan-20250209.721/dylan.el
 ✓ Success:
  2025-03-09T22:47:02+0000  dylan-20250209.721.entry
  2025-03-09T22:47:02+0000  dylan-20250209.721.tar
Built dylan in 3.305s, finished at 2025-03-09T22:47:03+0000
