Package: dynaring
Fetcher: github
Source:  https://github.com/countvajhula/dynaring

Updating /mnt/store/melpa/working/dynaring/
Checking out 42333fcb734f675cab5d25d1b9d142d502914388
Copying files (->) and directories (=>)
  from /mnt/store/melpa/working/dynaring/
  to /tmp/dynaringVsYjHg/dynaring-20241126.252
    dynaring-dll.el -> dynaring-dll.el
    dynaring-ring.el -> dynaring-ring.el
    dynaring-segment.el -> dynaring-segment.el
    dynaring.el -> dynaring.el
Created dynaring-20241126.252.tar containing:
  dynaring-20241126.252/
  dynaring-20241126.252/dynaring-dll.el
  dynaring-20241126.252/dynaring-pkg.el
  dynaring-20241126.252/dynaring-ring.el
  dynaring-20241126.252/dynaring-segment.el
  dynaring-20241126.252/dynaring.el
 ✓ Success:
  2024-12-10T00:46:44+0000  dynaring-20241126.252.entry
  2024-12-10T00:46:44+0000  dynaring-20241126.252.tar
Built dynaring in 2.168s, finished at 2024-12-10T00:46:45+0000
