Package: dyncloze
Fetcher: github
Source:  https://github.com/ahyatt/emacs-dyncloze.git

Updating /mnt/store/melpa/working/dyncloze/
Checking out aafc5adc25c7f714b619109bccf92e475d6c84ef
Copying files (->) and directories (=>)
  from /mnt/store/melpa/working/dyncloze/
  to /tmp/dynclozeylgvty/dyncloze-20210712.145
    dyncloze-es.el -> dyncloze-es.el
    dyncloze-pt.el -> dyncloze-pt.el
    dyncloze.el -> dyncloze.el
Created dyncloze-20210712.145.tar containing:
  dyncloze-20210712.145/
  dyncloze-20210712.145/dyncloze-es.el
  dyncloze-20210712.145/dyncloze-pkg.el
  dyncloze-20210712.145/dyncloze-pt.el
  dyncloze-20210712.145/dyncloze.el
 ✓ Success:
  2023-12-25T23:58:23+0000  dyncloze-20210712.145.entry
  2023-12-25T23:58:23+0000  dyncloze-20210712.145.tar
Built dyncloze in 6.334s, finished at 2023-12-25T23:58:26+0000
