Package: e2ansi
Fetcher: github
Source:  https://github.com/Lindydancer/e2ansi.git

Updating /mnt/store/melpa/working/e2ansi/
Checking out 6e1bb4e4e27885d1786db08b091cfa13b184fb54
Copying files (->) and directories (=>)
  from /mnt/store/melpa/working/e2ansi/
  to /tmp/e2ansiiWYbHk/e2ansi-20190517.1902
    e2ansi-list.el -> e2ansi-list.el
    e2ansi-magic.el -> e2ansi-magic.el
    e2ansi-silent.el -> e2ansi-silent.el
    e2ansi.el -> e2ansi.el
    bin => bin
Created e2ansi-20190517.1902.tar containing:
  e2ansi-20190517.1902/
  e2ansi-20190517.1902/bin/
  e2ansi-20190517.1902/bin/e2ansi-cat
  e2ansi-20190517.1902/bin/e2ansi-info
  e2ansi-20190517.1902/e2ansi-list.el
  e2ansi-20190517.1902/e2ansi-magic.el
  e2ansi-20190517.1902/e2ansi-pkg.el
  e2ansi-20190517.1902/e2ansi-silent.el
  e2ansi-20190517.1902/e2ansi.el
 ✓ Success:
  2023-12-27T14:45:56+0000  e2ansi-20190517.1902.entry
  2023-12-27T14:45:56+0000  e2ansi-20190517.1902.tar
Built e2ansi in 7.070s, finished at 2023-12-27T14:45:59+0000
