Package: eask
Fetcher: github
Source:  https://github.com/emacs-eask/eask

Updating /mnt/store/melpa/working/eask/
Checking out 7925aacf9cd8bd73cc025fa28d79cc266f778c77
Copying files (->) and directories (=>)
  from /mnt/store/melpa/working/eask/
  to /tmp/easkOC2eSU/eask-20250608.221
    eask-api.el -> eask-api.el
    eask-core.el -> eask-core.el
    eask.el -> eask.el
Created eask-20250608.221.tar containing:
  eask-20250608.221/
  eask-20250608.221/eask-api.el
  eask-20250608.221/eask-core.el
  eask-20250608.221/eask-pkg.el
  eask-20250608.221/eask.el
 ✓ Success:
  2025-06-16T02:06:03+0000  eask-20250608.221.entry
  2025-06-16T02:06:03+0000  eask-20250608.221.tar
Built eask in 3.861s, finished at 2025-06-16T02:06:04+0000
