Package: ebib
Fetcher: github
Source:  https://github.com/joostkremers/ebib.git

Updating /mnt/store/melpa/working/ebib/
Checking out fec74c94d6e570f0529d9ab533a257cbd9fe9cbf
Copying files (->) and directories (=>)
  from /mnt/store/melpa/working/ebib/
  to /tmp/ebibSNYZHB/ebib-20240107.1625
    ebib-biblio.el -> ebib-biblio.el
    ebib-db.el -> ebib-db.el
    ebib-filters.el -> ebib-filters.el
    ebib-ivy.el -> ebib-ivy.el
    ebib-keywords.el -> ebib-keywords.el
    ebib-notes.el -> ebib-notes.el
    ebib-reading-list.el -> ebib-reading-list.el
    ebib-utils.el -> ebib-utils.el
    ebib.el -> ebib.el
    org-ebib.el -> org-ebib.el
    ebib.info -> ebib.info
Created ebib-20240107.1625.tar containing:
  ebib-20240107.1625/
  ebib-20240107.1625/dir
  ebib-20240107.1625/ebib-biblio.el
  ebib-20240107.1625/ebib-db.el
  ebib-20240107.1625/ebib-filters.el
  ebib-20240107.1625/ebib-ivy.el
  ebib-20240107.1625/ebib-keywords.el
  ebib-20240107.1625/ebib-notes.el
  ebib-20240107.1625/ebib-pkg.el
  ebib-20240107.1625/ebib-reading-list.el
  ebib-20240107.1625/ebib-utils.el
  ebib-20240107.1625/ebib.el
  ebib-20240107.1625/ebib.info
  ebib-20240107.1625/org-ebib.el
 ✓ Success:
  2024-01-08T06:46:26+0000  ebib-20240107.1625.entry
  2024-01-08T06:46:26+0000  ebib-20240107.1625.tar
Built ebib in 3.360s, finished at 2024-01-08T06:46:27+0000
