Package: edbi
Fetcher: github
Source:  https://github.com/kiwanami/emacs-edbi

Updating /mnt/store/melpa/working/edbi/
Checking out 6f50aaf4bde75255221f2292c7a4ad3fa9d918c0
Copying files (->) and directories (=>)
  from /mnt/store/melpa/working/edbi/
  to /tmp/edbixFpd6W/edbi-20160225.141
    edbi-pkg.el -> edbi-pkg.el
    edbi.el -> edbi.el
    edbi-bridge.pl -> edbi-bridge.pl
Created edbi-20160225.141.tar containing:
  edbi-20160225.141/
  edbi-20160225.141/edbi-bridge.pl
  edbi-20160225.141/edbi-pkg.el
  edbi-20160225.141/edbi.el
 ✓ Success:
  2024-12-27T23:37:21+0000  edbi-20160225.141.entry
  2024-12-27T23:37:21+0000  edbi-20160225.141.tar
Built edbi in 1.944s, finished at 2024-12-27T23:37:21+0000
