Package: editorconfig
Fetcher: github
Source:  https://github.com/editorconfig/editorconfig-emacs.git

Updating /mnt/store/melpa/working/editorconfig/
Checking out 648f0cf9aeb72db77b252832a58367332b7bc055
Copying files (->) and directories (=>)
  from /mnt/store/melpa/working/editorconfig/
  to /tmp/editorconfigOOkgnk/editorconfig-20240813.801
    editorconfig-conf-mode.el -> editorconfig-conf-mode.el
    editorconfig-core-handle.el -> editorconfig-core-handle.el
    editorconfig-core.el -> editorconfig-core.el
    editorconfig-fnmatch.el -> editorconfig-fnmatch.el
    editorconfig-tools.el -> editorconfig-tools.el
    editorconfig.el -> editorconfig.el
  ! doc/editorconfig.texi -> editorconfig.texi
Generating /tmp/editorconfigOOkgnk/editorconfig-20240813.801/editorconfig.info
Created editorconfig-20240813.801.tar containing:
  editorconfig-20240813.801/
  editorconfig-20240813.801/dir
  editorconfig-20240813.801/editorconfig-conf-mode.el
  editorconfig-20240813.801/editorconfig-core-handle.el
  editorconfig-20240813.801/editorconfig-core.el
  editorconfig-20240813.801/editorconfig-fnmatch.el
  editorconfig-20240813.801/editorconfig-pkg.el
  editorconfig-20240813.801/editorconfig-tools.el
  editorconfig-20240813.801/editorconfig.el
  editorconfig-20240813.801/editorconfig.info
 ✓ Success:
  2024-08-24T23:15:04+0000  editorconfig-20240813.801.entry
  2024-08-24T23:15:04+0000  editorconfig-20240813.801.tar
Built editorconfig in 4.582s, finished at 2024-08-24T23:15:05+0000
