Package: edit-as-format
Fetcher: github
Source:  https://github.com/etern/edit-as-format.git

Updating /mnt/store/melpa/working/edit-as-format/
Checking out 59c6f439683846d994a7a2110b9b00cc16c08c40
Copying files (->) and directories (=>)
  from /mnt/store/melpa/working/edit-as-format/
  to /tmp/edit-as-formatnu4oze/edit-as-format-20220221.1312
    edit-as-format.el -> edit-as-format.el
    filters => filters
Created edit-as-format-20220221.1312.tar containing:
  edit-as-format-20220221.1312/
  edit-as-format-20220221.1312/edit-as-format-pkg.el
  edit-as-format-20220221.1312/edit-as-format.el
  edit-as-format-20220221.1312/filters/
  edit-as-format-20220221.1312/filters/_simple-headers.lua
 ✓ Success:
  2024-03-14T23:46:53+0000  edit-as-format-20220221.1312.entry
  2024-03-14T23:46:52+0000  edit-as-format-20220221.1312.tar
Built edit-as-format in 3.254s, finished at 2024-03-14T23:46:54+0000
