 • Building package eide (from https://forge.tedomum.net/hjuvi/eide.git)...
Updating /mnt/store/melpa/working/eide/
Checking out 3767f271e7783deb85eafe7851fb2a0c597f9651
Copying files (->) and directories (=>)
  from /mnt/store/melpa/working/eide/
  to /tmp/eidepZDhGA/eide-20251226.729
  ! src/eide-compare.el -> eide-compare.el
  ! src/eide-config.el -> eide-config.el
  ! src/eide-display.el -> eide-display.el
  ! src/eide-edit.el -> eide-edit.el
  ! src/eide-keys.el -> eide-keys.el
  ! src/eide-menu.el -> eide-menu.el
  ! src/eide-popup.el -> eide-popup.el
  ! src/eide-project.el -> eide-project.el
  ! src/eide-search.el -> eide-search.el
  ! src/eide-vc.el -> eide-vc.el
  ! src/eide-windows.el -> eide-windows.el
  ! src/eide.el -> eide.el
  ! src/themes/eide-dark-theme.el -> eide-dark-theme.el
  ! src/themes/eide-light-theme.el -> eide-light-theme.el
Created eide-20251226.729.tar containing:
  eide-20251226.729/
  eide-20251226.729/eide-compare.el
  eide-20251226.729/eide-config.el
  eide-20251226.729/eide-dark-theme.el
  eide-20251226.729/eide-display.el
  eide-20251226.729/eide-edit.el
  eide-20251226.729/eide-keys.el
  eide-20251226.729/eide-light-theme.el
  eide-20251226.729/eide-menu.el
  eide-20251226.729/eide-pkg.el
  eide-20251226.729/eide-popup.el
  eide-20251226.729/eide-project.el
  eide-20251226.729/eide-search.el
  eide-20251226.729/eide-vc.el
  eide-20251226.729/eide-windows.el
  eide-20251226.729/eide.el
 ✓ Success:
  2025-12-29T00:25:25+0000  eide-20251226.729.entry
  2025-12-29T00:25:25+0000  eide-20251226.729.tar
Built eide in 5.374s, finished at 2025-12-29T00:25:26+0000
