Package: ejc-sql
Fetcher: gitlab
Source:  https://gitlab.com/kostafey/ejc-sql

Updating /mnt/store/melpa/working/ejc-sql/
Checking out 1fc5a38d974aed401424ecd3b49a74e0a0ebc3bb
Copying files (->) and directories (=>)
  from /mnt/store/melpa/working/ejc-sql/
  to /tmp/ejc-sqlQ32UVK/ejc-sql-20241111.117
    ejc-autocomplete.el -> ejc-autocomplete.el
    ejc-company.el -> ejc-company.el
    ejc-completion-common.el -> ejc-completion-common.el
    ejc-doc.el -> ejc-doc.el
    ejc-eldoc.el -> ejc-eldoc.el
    ejc-flx.el -> ejc-flx.el
    ejc-format.el -> ejc-format.el
    ejc-interaction.el -> ejc-interaction.el
    ejc-lib.el -> ejc-lib.el
    ejc-result-buffer.el -> ejc-result-buffer.el
    ejc-result-mode.el -> ejc-result-mode.el
    ejc-sql.el -> ejc-sql.el
    project.clj -> project.clj
    src => src
    snippets => snippets
Created ejc-sql-20241111.117.tar containing:
  ejc-sql-20241111.117/
  ejc-sql-20241111.117/ejc-autocomplete.el
  ejc-sql-20241111.117/ejc-company.el
  ejc-sql-20241111.117/ejc-completion-common.el
  ejc-sql-20241111.117/ejc-doc.el
  ejc-sql-20241111.117/ejc-eldoc.el
  ejc-sql-20241111.117/ejc-flx.el
  ejc-sql-20241111.117/ejc-format.el
  ejc-sql-20241111.117/ejc-interaction.el
  ejc-sql-20241111.117/ejc-lib.el
  ejc-sql-20241111.117/ejc-result-buffer.el
  ejc-sql-20241111.117/ejc-result-mode.el
  ejc-sql-20241111.117/ejc-sql-pkg.el
  ejc-sql-20241111.117/ejc-sql.el
  ejc-sql-20241111.117/project.clj
  ejc-sql-20241111.117/snippets/
  ejc-sql-20241111.117/snippets/sql-mode/
  ejc-sql-20241111.117/snippets/sql-mode/alter.yasnippet
  ejc-sql-20241111.117/snippets/sql-mode/begin.snippet
  ejc-sql-20241111.117/snippets/sql-mode/create.d.yasnippet
  ejc-sql-20241111.117/snippets/sql-mode/delete.yasnippet
  ejc-sql-20241111.117/snippets/sql-mode/drop.d.yasnippet
  ejc-sql-20241111.117/snippets/sql-mode/grant.yasnippet
  ejc-sql-20241111.117/snippets/sql-mode/inner.yasnippet
  ejc-sql-20241111.117/snippets/sql-mode/insert.yasnippet
  ejc-sql-20241111.117/snippets/sql-mode/left.yasnippet
  ejc-sql-20241111.117/snippets/sql-mode/revoke.yasnippet
  ejc-sql-20241111.117/snippets/sql-mode/right.yasnippet
  ejc-sql-20241111.117/snippets/sql-mode/select.yasnippet
  ejc-sql-20241111.117/snippets/sql-mode/show.snippet
  ejc-sql-20241111.117/snippets/sql-mode/update.yasnippet
  ejc-sql-20241111.117/snippets/sql-mode/where.yasnippet
  ejc-sql-20241111.117/src/
  ejc-sql-20241111.117/src/ejc_sql/
  ejc-sql-20241111.117/src/ejc_sql/cache.clj
  ejc-sql-20241111.117/src/ejc_sql/classpath.clj
  ejc-sql-20241111.117/src/ejc_sql/connect.clj
  ejc-sql-20241111.117/src/ejc_sql/deps_resolver.clj
  ejc-sql-20241111.117/src/ejc_sql/keywords.clj
  ejc-sql-20241111.117/src/ejc_sql/lib.clj
  ejc-sql-20241111.117/src/ejc_sql/output.clj
  ejc-sql-20241111.117/src/ejc_sql/structure.clj
 ✓ Success:
  2025-10-27T00:06:20+0000  ejc-sql-20241111.117.entry
  2025-10-27T00:06:20+0000  ejc-sql-20241111.117.tar
Built ejc-sql in 5.251s, finished at 2025-10-27T00:06:22+0000
