 • Building package el-get (from github:dimitri/el-get)...
Updating /mnt/store/melpa/working/el-get/
Checking out 64112351b1f58c77463b8802ddd7f78964c9c5ca
Copying files (->) and directories (=>)
  from /mnt/store/melpa/working/el-get/
  to /tmp/el-getQLn7J0/el-get-20251110.758
    el-get-autoloading.el -> el-get-autoloading.el
    el-get-build.el -> el-get-build.el
    el-get-bundle.el -> el-get-bundle.el
    el-get-byte-compile.el -> el-get-byte-compile.el
    el-get-check.el -> el-get-check.el
    el-get-core.el -> el-get-core.el
    el-get-custom.el -> el-get-custom.el
    el-get-dependencies.el -> el-get-dependencies.el
    el-get-install.el -> el-get-install.el
    el-get-list-packages.el -> el-get-list-packages.el
    el-get-methods.el -> el-get-methods.el
    el-get-notify.el -> el-get-notify.el
    el-get-recipes.el -> el-get-recipes.el
    el-get-status.el -> el-get-status.el
    el-get.el -> el-get.el
    el-get.info -> el-get.info
    el-get.texi -> el-get.texi
    methods => methods
    recipes/el-get.rcp -> recipes/el-get.rcp
Generating el-get.info
Created el-get-20251110.758.tar containing:
  el-get-20251110.758/
  el-get-20251110.758/dir
  el-get-20251110.758/el-get-autoloading.el
  el-get-20251110.758/el-get-build.el
  el-get-20251110.758/el-get-bundle.el
  el-get-20251110.758/el-get-byte-compile.el
  el-get-20251110.758/el-get-check.el
  el-get-20251110.758/el-get-core.el
  el-get-20251110.758/el-get-custom.el
  el-get-20251110.758/el-get-dependencies.el
  el-get-20251110.758/el-get-install.el
  el-get-20251110.758/el-get-list-packages.el
  el-get-20251110.758/el-get-methods.el
  el-get-20251110.758/el-get-notify.el
  el-get-20251110.758/el-get-pkg.el
  el-get-20251110.758/el-get-recipes.el
  el-get-20251110.758/el-get-status.el
  el-get-20251110.758/el-get.el
  el-get-20251110.758/el-get.info
  el-get-20251110.758/methods/
  el-get-20251110.758/methods/el-get-apt-get.el
  el-get-20251110.758/methods/el-get-brew.el
  el-get-20251110.758/methods/el-get-builtin.el
  el-get-20251110.758/methods/el-get-bzr.el
  el-get-20251110.758/methods/el-get-cvs.el
  el-get-20251110.758/methods/el-get-darcs.el
  el-get-20251110.758/methods/el-get-elpa.el
  el-get-20251110.758/methods/el-get-emacsmirror.el
  el-get-20251110.758/methods/el-get-emacswiki.el
  el-get-20251110.758/methods/el-get-fink.el
  el-get-20251110.758/methods/el-get-fossil.el
  el-get-20251110.758/methods/el-get-git-svn.el
  el-get-20251110.758/methods/el-get-git.el
  el-get-20251110.758/methods/el-get-github-tar.el
  el-get-20251110.758/methods/el-get-github-zip.el
  el-get-20251110.758/methods/el-get-github.el
  el-get-20251110.758/methods/el-get-go.el
  el-get-20251110.758/methods/el-get-hg.el
  el-get-20251110.758/methods/el-get-http-tar.el
  el-get-20251110.758/methods/el-get-http-zip.el
  el-get-20251110.758/methods/el-get-http.el
  el-get-20251110.758/methods/el-get-pacman.el
  el-get-20251110.758/methods/el-get-svn.el
  el-get-20251110.758/recipes/
  el-get-20251110.758/recipes/el-get.rcp
 ✓ Success:
  2025-12-07T23:55:56+0000  el-get-20251110.758.entry
  2025-12-07T23:55:56+0000  el-get-20251110.758.tar
Built el-get in 5.993s, finished at 2025-12-07T23:55:57+0000
