Package: el-secretario
Fetcher: sourcehut
Source:  https://git.sr.ht/~zetagon/el-secretario

Updating /mnt/store/melpa/working/el-secretario/
Checking out 575396ca689065188ad0f90c379d9bcf7ff6fc0b
Copying files (->) and directories (=>)
  from /mnt/store/melpa/working/el-secretario/
  to /tmp/el-secretarioTuW4Pb/el-secretario-20220426.1905
    el-secretario.el -> el-secretario.el
    el-secretario-source.el -> el-secretario-source.el
    el-secretario-message.el -> el-secretario-message.el
    el-secretario-function.el -> el-secretario-function.el
Created el-secretario-20220426.1905.tar containing:
  el-secretario-20220426.1905/
  el-secretario-20220426.1905/el-secretario-function.el
  el-secretario-20220426.1905/el-secretario-message.el
  el-secretario-20220426.1905/el-secretario-pkg.el
  el-secretario-20220426.1905/el-secretario-source.el
  el-secretario-20220426.1905/el-secretario.el
 ✓ Success:
  2024-01-21T15:42:08+0000  el-secretario-20220426.1905.entry
  2024-01-21T15:42:07+0000  el-secretario-20220426.1905.tar
Built el-secretario in 5.020s, finished at 2024-01-21T15:42:09+0000
