Package: elbank
Fetcher: github
Source:  https://github.com/NicolasPetton/elbank

Updating /mnt/store/melpa/working/elbank/
Checking out 6dbd21e31fdf7cf62491f6d24b8198d4f91a031b
Copying files (->) and directories (=>)
  from /mnt/store/melpa/working/elbank/
  to /tmp/elbankTZ83ln/elbank-20180316.1343
    elbank-boobank.el -> elbank-boobank.el
    elbank-budget.el -> elbank-budget.el
    elbank-common.el -> elbank-common.el
    elbank-compat.el -> elbank-compat.el
    elbank-overview.el -> elbank-overview.el
    elbank-progressbar.el -> elbank-progressbar.el
    elbank-report.el -> elbank-report.el
    elbank-transaction.el -> elbank-transaction.el
    elbank.el -> elbank.el
Created elbank-20180316.1343.tar containing:
  elbank-20180316.1343/
  elbank-20180316.1343/elbank-boobank.el
  elbank-20180316.1343/elbank-budget.el
  elbank-20180316.1343/elbank-common.el
  elbank-20180316.1343/elbank-compat.el
  elbank-20180316.1343/elbank-overview.el
  elbank-20180316.1343/elbank-pkg.el
  elbank-20180316.1343/elbank-progressbar.el
  elbank-20180316.1343/elbank-report.el
  elbank-20180316.1343/elbank-transaction.el
  elbank-20180316.1343/elbank.el
 ✓ Success:
  2024-11-06T22:58:11+0000  elbank-20180316.1343.entry
  2024-11-06T22:58:11+0000  elbank-20180316.1343.tar
Built elbank in 2.915s, finished at 2024-11-06T22:58:12+0000
