Package: eldev
Fetcher: github
Source:  https://github.com/emacs-eldev/eldev

Updating /mnt/store/melpa/working/eldev/
Checking out 3671b55cdba956bdd23aa91155ebceb4175ba665
Copying files (->) and directories (=>)
  from /mnt/store/melpa/working/eldev/
  to /tmp/eldevKatUfG/eldev-20241208.1709
    eldev-build.el -> eldev-build.el
    eldev-buttercup.el -> eldev-buttercup.el
    eldev-doctest.el -> eldev-doctest.el
    eldev-doctor.el -> eldev-doctor.el
    eldev-ecukes.el -> eldev-ecukes.el
    eldev-ert.el -> eldev-ert.el
    eldev-plugins.el -> eldev-plugins.el
    eldev-util.el -> eldev-util.el
    eldev-vc.el -> eldev-vc.el
    eldev.el -> eldev.el
    bin/eldev -> bin/eldev
    bin/eldev.bat -> bin/eldev.bat
    bin/eldev.ps1 -> bin/eldev.ps1
Created eldev-20241208.1709.tar containing:
  eldev-20241208.1709/
  eldev-20241208.1709/bin/
  eldev-20241208.1709/bin/eldev
  eldev-20241208.1709/bin/eldev.bat
  eldev-20241208.1709/bin/eldev.ps1
  eldev-20241208.1709/eldev-build.el
  eldev-20241208.1709/eldev-buttercup.el
  eldev-20241208.1709/eldev-doctest.el
  eldev-20241208.1709/eldev-doctor.el
  eldev-20241208.1709/eldev-ecukes.el
  eldev-20241208.1709/eldev-ert.el
  eldev-20241208.1709/eldev-pkg.el
  eldev-20241208.1709/eldev-plugins.el
  eldev-20241208.1709/eldev-util.el
  eldev-20241208.1709/eldev-vc.el
  eldev-20241208.1709/eldev.el
 ✓ Success:
  2024-12-09T01:43:13+0000  eldev-20241208.1709.entry
  2024-12-09T01:43:13+0000  eldev-20241208.1709.tar
Built eldev in 1.872s, finished at 2024-12-09T01:43:13+0000
