Package: elfeed-web
Fetcher: github
Source:  https://github.com/skeeto/elfeed.git

Updating /mnt/store/melpa/working/elfeed-web/
Checking out 0ccd59aaace34546017a1a0d7c393749747d5bc6
Copying files (->) and directories (=>)
  from /mnt/store/melpa/working/elfeed-web/
  to /tmp/elfeed-webfDbLRr/elfeed-web-20210226.258
  ! web/elfeed-web-pkg.el -> elfeed-web-pkg.el
  ! web/elfeed-web.el -> elfeed-web.el
  ! web/elfeed.css -> elfeed.css
  ! web/elfeed.js -> elfeed.js
  ! web/index.html -> index.html
Created elfeed-web-20210226.258.tar containing:
  elfeed-web-20210226.258/
  elfeed-web-20210226.258/elfeed-web-pkg.el
  elfeed-web-20210226.258/elfeed-web.el
  elfeed-web-20210226.258/elfeed.css
  elfeed-web-20210226.258/elfeed.js
  elfeed-web-20210226.258/index.html
 ✓ Success:
  2024-01-19T14:29:06+0000  elfeed-web-20210226.258.entry
  2024-01-19T14:29:06+0000  elfeed-web-20210226.258.tar
Built elfeed-web in 4.336s, finished at 2024-01-19T14:29:08+0000
