Package: elfeed
Fetcher: github
Source:  https://github.com/skeeto/elfeed.git

Updating /mnt/store/melpa/working/elfeed/
Checking out 55fb162fa27e71b88effa59a83c57842e262b00f
Copying files (->) and directories (=>)
  from /mnt/store/melpa/working/elfeed/
  to /tmp/elfeedu9QJcM/elfeed-20221108.755
    elfeed-csv.el -> elfeed-csv.el
    elfeed-curl.el -> elfeed-curl.el
    elfeed-db.el -> elfeed-db.el
    elfeed-lib.el -> elfeed-lib.el
    elfeed-link.el -> elfeed-link.el
    elfeed-log.el -> elfeed-log.el
    elfeed-pkg.el -> elfeed-pkg.el
    elfeed-search.el -> elfeed-search.el
    elfeed-show.el -> elfeed-show.el
    elfeed.el -> elfeed.el
    xml-query.el -> xml-query.el
    README.md -> README.md
Created elfeed-20221108.755.tar containing:
  elfeed-20221108.755/
  elfeed-20221108.755/README.md
  elfeed-20221108.755/elfeed-csv.el
  elfeed-20221108.755/elfeed-curl.el
  elfeed-20221108.755/elfeed-db.el
  elfeed-20221108.755/elfeed-lib.el
  elfeed-20221108.755/elfeed-link.el
  elfeed-20221108.755/elfeed-log.el
  elfeed-20221108.755/elfeed-pkg.el
  elfeed-20221108.755/elfeed-search.el
  elfeed-20221108.755/elfeed-show.el
  elfeed-20221108.755/elfeed.el
  elfeed-20221108.755/xml-query.el
 ✓ Success:
  2023-12-31T07:22:46+0000  elfeed-20221108.755.entry
  2023-12-31T07:22:46+0000  elfeed-20221108.755.tar
Built elfeed in 3.771s, finished at 2023-12-31T07:22:48+0000
