Package: elfeed-score
Fetcher: github
Source:  https://github.com/sp1ff/elfeed-score

Updating /mnt/store/melpa/working/elfeed-score/
Checking out c2be8c12d4c1e7027409d4a1b7876da68f3c167c
Copying files (->) and directories (=>)
  from /mnt/store/melpa/working/elfeed-score/
  to /tmp/elfeed-scorecxvvfX/elfeed-score-20240711.433
    elfeed-score-log.el -> elfeed-score-log.el
    elfeed-score-maint.el -> elfeed-score-maint.el
    elfeed-score-pkg.el -> elfeed-score-pkg.el
    elfeed-score-rule-stats.el -> elfeed-score-rule-stats.el
    elfeed-score-rules.el -> elfeed-score-rules.el
    elfeed-score-scoring.el -> elfeed-score-scoring.el
    elfeed-score-serde.el -> elfeed-score-serde.el
    elfeed-score.el -> elfeed-score.el
  ! doc/elfeed-score.texi -> elfeed-score.texi
  ! doc/version.texi -> version.texi
Generating elfeed-score.info
Generating version.info
Created elfeed-score-20240711.433.tar containing:
  elfeed-score-20240711.433/
  elfeed-score-20240711.433/dir
  elfeed-score-20240711.433/elfeed-score-log.el
  elfeed-score-20240711.433/elfeed-score-maint.el
  elfeed-score-20240711.433/elfeed-score-pkg.el
  elfeed-score-20240711.433/elfeed-score-rule-stats.el
  elfeed-score-20240711.433/elfeed-score-rules.el
  elfeed-score-20240711.433/elfeed-score-scoring.el
  elfeed-score-20240711.433/elfeed-score-serde.el
  elfeed-score-20240711.433/elfeed-score.el
  elfeed-score-20240711.433/elfeed-score.info
  elfeed-score-20240711.433/version.info
 ✓ Success:
  2024-11-24T23:45:59+0000  elfeed-score-20240711.433.entry
  2024-11-24T23:45:59+0000  elfeed-score-20240711.433.tar
Built elfeed-score in 5.979s, finished at 2024-11-24T23:46:00+0000
