Package: elfeed-goodies
Fetcher: github
Source:  https://github.com/jeetelongname/elfeed-goodies.git

Updating /mnt/store/melpa/working/elfeed-goodies/
Checking out 544ef42ead011d960a0ad1c1d34df5d222461a6b
Copying files (->) and directories (=>)
  from /mnt/store/melpa/working/elfeed-goodies/
  to /tmp/elfeed-goodies1UHWwe/elfeed-goodies-20221003.1406
    elfeed-goodies-logging.el -> elfeed-goodies-logging.el
    elfeed-goodies-new-entry-hooks.el -> elfeed-goodies-new-entry-hooks.el
    elfeed-goodies-search-mode.el -> elfeed-goodies-search-mode.el
    elfeed-goodies-show-mode.el -> elfeed-goodies-show-mode.el
    elfeed-goodies-split-pane.el -> elfeed-goodies-split-pane.el
    elfeed-goodies.el -> elfeed-goodies.el
Created elfeed-goodies-20221003.1406.tar containing:
  elfeed-goodies-20221003.1406/
  elfeed-goodies-20221003.1406/elfeed-goodies-logging.el
  elfeed-goodies-20221003.1406/elfeed-goodies-new-entry-hooks.el
  elfeed-goodies-20221003.1406/elfeed-goodies-pkg.el
  elfeed-goodies-20221003.1406/elfeed-goodies-search-mode.el
  elfeed-goodies-20221003.1406/elfeed-goodies-show-mode.el
  elfeed-goodies-20221003.1406/elfeed-goodies-split-pane.el
  elfeed-goodies-20221003.1406/elfeed-goodies.el
 ✓ Success:
  2024-05-19T22:54:36+0000  elfeed-goodies-20221003.1406.entry
  2024-05-19T22:54:36+0000  elfeed-goodies-20221003.1406.tar
Built elfeed-goodies in 7.898s, finished at 2024-05-19T22:54:39+0000
