Package: elfeed-protocol
Fetcher: github
Source:  https://github.com/fasheng/elfeed-protocol

Updating /mnt/store/melpa/working/elfeed-protocol/
Checking out 4f5e77a28c501db686ac06a2ea250a7b37d5420c
Copying files (->) and directories (=>)
  from /mnt/store/melpa/working/elfeed-protocol/
  to /tmp/elfeed-protocolTBPQkv/elfeed-protocol-20240822.805
    elfeed-protocol-common.el -> elfeed-protocol-common.el
    elfeed-protocol-fever.el -> elfeed-protocol-fever.el
    elfeed-protocol-newsblur.el -> elfeed-protocol-newsblur.el
    elfeed-protocol-owncloud.el -> elfeed-protocol-owncloud.el
    elfeed-protocol-ttrss.el -> elfeed-protocol-ttrss.el
    elfeed-protocol.el -> elfeed-protocol.el
Created elfeed-protocol-20240822.805.tar containing:
  elfeed-protocol-20240822.805/
  elfeed-protocol-20240822.805/elfeed-protocol-common.el
  elfeed-protocol-20240822.805/elfeed-protocol-fever.el
  elfeed-protocol-20240822.805/elfeed-protocol-newsblur.el
  elfeed-protocol-20240822.805/elfeed-protocol-owncloud.el
  elfeed-protocol-20240822.805/elfeed-protocol-pkg.el
  elfeed-protocol-20240822.805/elfeed-protocol-ttrss.el
  elfeed-protocol-20240822.805/elfeed-protocol.el
 ✓ Success:
  2024-09-30T23:15:56+0000  elfeed-protocol-20240822.805.entry
  2024-09-30T23:15:56+0000  elfeed-protocol-20240822.805.tar
Built elfeed-protocol in 2.607s, finished at 2024-09-30T23:15:57+0000
