Package: elfeed-tube
Fetcher: github
Source:  https://github.com/karthink/elfeed-tube

Updating /mnt/store/melpa/working/elfeed-tube/
Checking out 0c3fbc21259e1fa794f3179a53b410ba610231f2
Copying files (->) and directories (=>)
  from /mnt/store/melpa/working/elfeed-tube/
  to /tmp/elfeed-tubeauRclx/elfeed-tube-20240606.241
    elfeed-tube.el -> elfeed-tube.el
    elfeed-tube-utils.el -> elfeed-tube-utils.el
    elfeed-tube-fill.el -> elfeed-tube-fill.el
Created elfeed-tube-20240606.241.tar containing:
  elfeed-tube-20240606.241/
  elfeed-tube-20240606.241/elfeed-tube-fill.el
  elfeed-tube-20240606.241/elfeed-tube-pkg.el
  elfeed-tube-20240606.241/elfeed-tube-utils.el
  elfeed-tube-20240606.241/elfeed-tube.el
 ✓ Success:
  2025-01-24T22:08:00+0000  elfeed-tube-20240606.241.entry
  2025-01-24T22:07:59+0000  elfeed-tube-20240606.241.tar
Built elfeed-tube in 4.516s, finished at 2025-01-24T22:08:01+0000
