Package: elhome
Fetcher: github
Source:  https://github.com/demyanrogozhin/elhome.git

Updating /mnt/store/melpa/working/elhome/
Checking out e789e806469af3e9705f72298683c21f6c3a516d
Copying files (->) and directories (=>)
  from /mnt/store/melpa/working/elhome/
  to /tmp/elhomebVm17G/elhome-20161025.2042
    elhome.el -> elhome.el
    startup => startup
Created elhome-20161025.2042.tar containing:
  elhome-20161025.2042/
  elhome-20161025.2042/elhome-pkg.el
  elhome-20161025.2042/elhome.el
  elhome-20161025.2042/startup/
  elhome-20161025.2042/startup/00-me-minor-mode.el
  elhome-20161025.2042/startup/05-after-load.el
  elhome-20161025.2042/startup/20-initsplit.el
  elhome-20161025.2042/startup/30-elhome-settings.el
  elhome-20161025.2042/startup/README
 ✓ Success:
  2024-04-16T23:51:15+0000  elhome-20161025.2042.entry
  2024-04-16T23:51:15+0000  elhome-20161025.2042.tar
Built elhome in 2.997s, finished at 2024-04-16T23:51:16+0000
