Package: elisp-autofmt
Fetcher: codeberg
Source:  https://codeberg.org/ideasman42/emacs-elisp-autofmt

Updating /mnt/store/melpa/working/elisp-autofmt/
Checking out 5d6d843d2a94aa462c32456e2ec751ce5ca3cab0
Copying files (->) and directories (=>)
  from /mnt/store/melpa/working/elisp-autofmt/
  to /tmp/elisp-autofmtwBFGIf/elisp-autofmt-20250224.2229
    elisp-autofmt.el -> elisp-autofmt.el
    elisp-autofmt.py -> elisp-autofmt.py
    elisp-autofmt.overrides.json -> elisp-autofmt.overrides.json
Created elisp-autofmt-20250224.2229.tar containing:
  elisp-autofmt-20250224.2229/
  elisp-autofmt-20250224.2229/elisp-autofmt-pkg.el
  elisp-autofmt-20250224.2229/elisp-autofmt.el
  elisp-autofmt-20250224.2229/elisp-autofmt.overrides.json
  elisp-autofmt-20250224.2229/elisp-autofmt.py
 ✓ Success:
  2025-03-21T23:40:12+0000  elisp-autofmt-20250224.2229.entry
  2025-03-21T23:40:12+0000  elisp-autofmt-20250224.2229.tar
Built elisp-autofmt in 3.832s, finished at 2025-03-21T23:40:13+0000
