Package: elixir-yasnippets
Fetcher: github
Source:  https://github.com/hisea/elixir-yasnippets.git

Updating /mnt/store/melpa/working/elixir-yasnippets/
Checking out 980ca7626c14ef0573bec0035ec7942796062783
Copying files (->) and directories (=>)
  from /mnt/store/melpa/working/elixir-yasnippets/
  to /tmp/elixir-yasnippetsP9cFX1/elixir-yasnippets-20150417.1239
    elixir-yasnippets-pkg.el -> elixir-yasnippets-pkg.el
    elixir-yasnippets.el -> elixir-yasnippets.el
    snippets => snippets
Created elixir-yasnippets-20150417.1239.tar containing:
  elixir-yasnippets-20150417.1239/
  elixir-yasnippets-20150417.1239/elixir-yasnippets-pkg.el
  elixir-yasnippets-20150417.1239/elixir-yasnippets.el
  elixir-yasnippets-20150417.1239/snippets/
  elixir-yasnippets-20150417.1239/snippets/elixir-mode/
  elixir-yasnippets-20150417.1239/snippets/elixir-mode/application
  elixir-yasnippets-20150417.1239/snippets/elixir-mode/behaviour
  elixir-yasnippets-20150417.1239/snippets/elixir-mode/case
  elixir-yasnippets-20150417.1239/snippets/elixir-mode/cond
  elixir-yasnippets-20150417.1239/snippets/elixir-mode/def
  elixir-yasnippets-20150417.1239/snippets/elixir-mode/defimpl
  elixir-yasnippets-20150417.1239/snippets/elixir-mode/defmacro
  elixir-yasnippets-20150417.1239/snippets/elixir-mode/defmacrop
  elixir-yasnippets-20150417.1239/snippets/elixir-mode/defmodule
  elixir-yasnippets-20150417.1239/snippets/elixir-mode/defp
  elixir-yasnippets-20150417.1239/snippets/elixir-mode/defprotocol
  elixir-yasnippets-20150417.1239/snippets/elixir-mode/do
  elixir-yasnippets-20150417.1239/snippets/elixir-mode/doc
  elixir-yasnippets-20150417.1239/snippets/elixir-mode/fn
  elixir-yasnippets-20150417.1239/snippets/elixir-mode/for
  elixir-yasnippets-20150417.1239/snippets/elixir-mode/genevent
  elixir-yasnippets-20150417.1239/snippets/elixir-mode/genserver
  elixir-yasnippets-20150417.1239/snippets/elixir-mode/if
  elixir-yasnippets-20150417.1239/snippets/elixir-mode/mdoc
  elixir-yasnippets-20150417.1239/snippets/elixir-mode/pry
  elixir-yasnippets-20150417.1239/snippets/elixir-mode/receive
  elixir-yasnippets-20150417.1239/snippets/elixir-mode/supervisor
  elixir-yasnippets-20150417.1239/snippets/elixir-mode/test
  elixir-yasnippets-20150417.1239/snippets/elixir-mode/unless
 ✓ Success:
  2024-05-10T23:29:21+0000  elixir-yasnippets-20150417.1239.entry
  2024-05-10T23:29:21+0000  elixir-yasnippets-20150417.1239.tar
Built elixir-yasnippets in 4.169s, finished at 2024-05-10T23:29:23+0000
