Package: ellama
Fetcher: github
Source:  https://github.com/s-kostyaev/ellama

Updating /mnt/store/melpa/working/ellama/
Checking out b996115b90a8edda01d6078dc391c99c243f6496
Copying files (->) and directories (=>)
  from /mnt/store/melpa/working/ellama/
  to /tmp/ellamaMeSJIk/ellama-20250310.742
    ellama-blueprint.el -> ellama-blueprint.el
    ellama-community-prompts.el -> ellama-community-prompts.el
    ellama-context.el -> ellama-context.el
    ellama-transient.el -> ellama-transient.el
    ellama.el -> ellama.el
Created ellama-20250310.742.tar containing:
  ellama-20250310.742/
  ellama-20250310.742/ellama-blueprint.el
  ellama-20250310.742/ellama-community-prompts.el
  ellama-20250310.742/ellama-context.el
  ellama-20250310.742/ellama-pkg.el
  ellama-20250310.742/ellama-transient.el
  ellama-20250310.742/ellama.el
 ✓ Success:
  2025-03-10T23:19:41+0000  ellama-20250310.742.entry
  2025-03-10T23:19:41+0000  ellama-20250310.742.tar
Built ellama in 3.705s, finished at 2025-03-10T23:19:42+0000
