 • Building package elmpd (from github:sp1ff/elmpd)...
Updating /mnt/store/melpa/working/elmpd/
Checking out a68563fa3e3b09fcdaf4b9f070542f8cfa257067
Copying files (->) and directories (=>)
  from /mnt/store/melpa/working/elmpd/
  to /tmp/elmpdOplq2j/elmpd-20250910.327
    elmpd.el -> elmpd.el
  ! doc/elmpd.texi -> elmpd.texi
  ! doc/version.texi -> version.texi
Generating elmpd.info
Generating version.info
Created elmpd-20250910.327.tar containing:
  elmpd-20250910.327/
  elmpd-20250910.327/dir
  elmpd-20250910.327/elmpd-pkg.el
  elmpd-20250910.327/elmpd.el
  elmpd-20250910.327/elmpd.info
  elmpd-20250910.327/version.info
 ✓ Success:
  2025-12-29T00:26:32+0000  elmpd-20250910.327.entry
  2025-12-29T00:26:32+0000  elmpd-20250910.327.tar
Built elmpd in 5.831s, finished at 2025-12-29T00:26:33+0000
