Package: elpher
Fetcher: git
Source:  https://thelambdalab.xyz/git/elpher.git

Updating /mnt/store/melpa/working/elpher/
Checking out 0bd12913940a047724d830725bf8649e4f8df499
Copying files (->) and directories (=>)
  from /mnt/store/melpa/working/elpher/
  to /tmp/elphern2PSJA/elpher-20240702.816
    elpher-pkg.el -> elpher-pkg.el
    elpher.el -> elpher.el
    elpher.texi -> elpher.texi
Generating /tmp/elphern2PSJA/elpher-20240702.816/elpher.info
Created elpher-20240702.816.tar containing:
  elpher-20240702.816/
  elpher-20240702.816/dir
  elpher-20240702.816/elpher-pkg.el
  elpher-20240702.816/elpher.el
  elpher-20240702.816/elpher.info
 ✓ Success:
  2024-08-14T22:42:22+0000  elpher-20240702.816.entry
  2024-08-14T22:42:22+0000  elpher-20240702.816.tar
Built elpher in 5.137s, finished at 2024-08-14T22:42:23+0000
