Package: elpy
Fetcher: github
Source:  https://github.com/jorgenschaefer/elpy

Updating /mnt/store/melpa/working/elpy/
Checking out bcfd5e8c25e5efbcb26cfcf389f1bf01c2e2f44f
Copying files (->) and directories (=>)
  from /mnt/store/melpa/working/elpy/
  to /tmp/elpyao8ijf/elpy-20241227.2255
    elpy-django.el -> elpy-django.el
    elpy-profile.el -> elpy-profile.el
    elpy-refactor.el -> elpy-refactor.el
    elpy-rpc.el -> elpy-rpc.el
    elpy-shell.el -> elpy-shell.el
    elpy.el -> elpy.el
    snippets => snippets
    elpy => elpy
Created elpy-20241227.2255.tar containing:
  elpy-20241227.2255/
  elpy-20241227.2255/elpy-django.el
  elpy-20241227.2255/elpy-pkg.el
  elpy-20241227.2255/elpy-profile.el
  elpy-20241227.2255/elpy-refactor.el
  elpy-20241227.2255/elpy-rpc.el
  elpy-20241227.2255/elpy-shell.el
  elpy-20241227.2255/elpy.el
  elpy-20241227.2255/elpy/
  elpy-20241227.2255/elpy/__init__.py
  elpy-20241227.2255/elpy/__main__.py
  elpy-20241227.2255/elpy/auto_pep8.py
  elpy-20241227.2255/elpy/blackutil.py
  elpy-20241227.2255/elpy/compat.py
  elpy-20241227.2255/elpy/jedibackend.py
  elpy-20241227.2255/elpy/json_encoder.py
  elpy-20241227.2255/elpy/pydocutils.py
  elpy-20241227.2255/elpy/rpc.py
  elpy-20241227.2255/elpy/server.py
  elpy-20241227.2255/elpy/tests/
  elpy-20241227.2255/elpy/tests/__init__.py
  elpy-20241227.2255/elpy/tests/compat.py
  elpy-20241227.2255/elpy/tests/support.py
  elpy-20241227.2255/elpy/tests/test_auto_pep8.py
  elpy-20241227.2255/elpy/tests/test_black.py
  elpy-20241227.2255/elpy/tests/test_jedibackend.py
  elpy-20241227.2255/elpy/tests/test_pydocutils.py
  elpy-20241227.2255/elpy/tests/test_rpc.py
  elpy-20241227.2255/elpy/tests/test_server.py
  elpy-20241227.2255/elpy/tests/test_support.py
  elpy-20241227.2255/elpy/tests/test_yapf.py
  elpy-20241227.2255/elpy/yapfutil.py
  elpy-20241227.2255/snippets/
  elpy-20241227.2255/snippets/python-mode/
  elpy-20241227.2255/snippets/python-mode/.yas-setup.el
  elpy-20241227.2255/snippets/python-mode/_abs
  elpy-20241227.2255/snippets/python-mode/_add
  elpy-20241227.2255/snippets/python-mode/_and
  elpy-20241227.2255/snippets/python-mode/_bool
  elpy-20241227.2255/snippets/python-mode/_call
  elpy-20241227.2255/snippets/python-mode/_cmp
  elpy-20241227.2255/snippets/python-mode/_coerce
  elpy-20241227.2255/snippets/python-mode/_complex
  elpy-20241227.2255/snippets/python-mode/_contains
  elpy-20241227.2255/snippets/python-mode/_del
  elpy-20241227.2255/snippets/python-mode/_delattr
  elpy-20241227.2255/snippets/python-mode/_delete
  elpy-20241227.2255/snippets/python-mode/_delitem
  elpy-20241227.2255/snippets/python-mode/_div
  elpy-20241227.2255/snippets/python-mode/_divmod
  elpy-20241227.2255/snippets/python-mode/_enter
  elpy-20241227.2255/snippets/python-mode/_eq
  elpy-20241227.2255/snippets/python-mode/_exit
  elpy-20241227.2255/snippets/python-mode/_float
  elpy-20241227.2255/snippets/python-mode/_floordiv
  elpy-20241227.2255/snippets/python-mode/_ge
  elpy-20241227.2255/snippets/python-mode/_get
  elpy-20241227.2255/snippets/python-mode/_getattr
  elpy-20241227.2255/snippets/python-mode/_getattribute
  elpy-20241227.2255/snippets/python-mode/_getitem
  elpy-20241227.2255/snippets/python-mode/_gt
  elpy-20241227.2255/snippets/python-mode/_hash
  elpy-20241227.2255/snippets/python-mode/_hex
  elpy-20241227.2255/snippets/python-mode/_iadd
  elpy-20241227.2255/snippets/python-mode/_iand
  elpy-20241227.2255/snippets/python-mode/_idiv
  elpy-20241227.2255/snippets/python-mode/_ifloordiv
  elpy-20241227.2255/snippets/python-mode/_ilshift
  elpy-20241227.2255/snippets/python-mode/_imod
  elpy-20241227.2255/snippets/python-mode/_imul
  elpy-20241227.2255/snippets/python-mode/_index
  elpy-20241227.2255/snippets/python-mode/_init
  elpy-20241227.2255/snippets/python-mode/_instancecheck
  elpy-20241227.2255/snippets/python-mode/_int
  elpy-20241227.2255/snippets/python-mode/_invert
  elpy-20241227.2255/snippets/python-mode/_ior
  elpy-20241227.2255/snippets/python-mode/_ipow
  elpy-20241227.2255/snippets/python-mode/_irshift
  elpy-20241227.2255/snippets/python-mode/_isub
  elpy-20241227.2255/snippets/python-mode/_iter
  elpy-20241227.2255/snippets/python-mode/_itruediv
  elpy-20241227.2255/snippets/python-mode/_ixor
  elpy-20241227.2255/snippets/python-mode/_le
  elpy-20241227.2255/snippets/python-mode/_len
  elpy-20241227.2255/snippets/python-mode/_long
  elpy-20241227.2255/snippets/python-mode/_lshift
  elpy-20241227.2255/snippets/python-mode/_lt
  elpy-20241227.2255/snippets/python-mode/_mod
  elpy-20241227.2255/snippets/python-mode/_mul
  elpy-20241227.2255/snippets/python-mode/_ne
  elpy-20241227.2255/snippets/python-mode/_neg
  elpy-20241227.2255/snippets/python-mode/_new
  elpy-20241227.2255/snippets/python-mode/_nonzero
  elpy-20241227.2255/snippets/python-mode/_oct
  elpy-20241227.2255/snippets/python-mode/_or
  elpy-20241227.2255/snippets/python-mode/_pos
  elpy-20241227.2255/snippets/python-mode/_pow
  elpy-20241227.2255/snippets/python-mode/_radd
  elpy-20241227.2255/snippets/python-mode/_rand
  elpy-20241227.2255/snippets/python-mode/_rdivmod
  elpy-20241227.2255/snippets/python-mode/_repr
  elpy-20241227.2255/snippets/python-mode/_reversed
  elpy-20241227.2255/snippets/python-mode/_rfloordiv
  elpy-20241227.2255/snippets/python-mode/_rlshift
  elpy-20241227.2255/snippets/python-mode/_rmod
  elpy-20241227.2255/snippets/python-mode/_rmul
  elpy-20241227.2255/snippets/python-mode/_ror
  elpy-20241227.2255/snippets/python-mode/_rpow
  elpy-20241227.2255/snippets/python-mode/_rrshift
  elpy-20241227.2255/snippets/python-mode/_rshift
  elpy-20241227.2255/snippets/python-mode/_rsub
  elpy-20241227.2255/snippets/python-mode/_rtruediv
  elpy-20241227.2255/snippets/python-mode/_rxor
  elpy-20241227.2255/snippets/python-mode/_set
  elpy-20241227.2255/snippets/python-mode/_setattr
  elpy-20241227.2255/snippets/python-mode/_setitem
  elpy-20241227.2255/snippets/python-mode/_slots
  elpy-20241227.2255/snippets/python-mode/_str
  elpy-20241227.2255/snippets/python-mode/_sub
  elpy-20241227.2255/snippets/python-mode/_subclasscheck
  elpy-20241227.2255/snippets/python-mode/_truediv
  elpy-20241227.2255/snippets/python-mode/_unicode
  elpy-20241227.2255/snippets/python-mode/_xor
  elpy-20241227.2255/snippets/python-mode/ase
  elpy-20241227.2255/snippets/python-mode/asne
  elpy-20241227.2255/snippets/python-mode/asr
  elpy-20241227.2255/snippets/python-mode/class
  elpy-20241227.2255/snippets/python-mode/def
  elpy-20241227.2255/snippets/python-mode/defs
  elpy-20241227.2255/snippets/python-mode/enc
  elpy-20241227.2255/snippets/python-mode/env
  elpy-20241227.2255/snippets/python-mode/from
  elpy-20241227.2255/snippets/python-mode/pdb
  elpy-20241227.2255/snippets/python-mode/py3
  elpy-20241227.2255/snippets/python-mode/super
  elpy-20241227.2255/snippets/python-ts-mode/
  elpy-20241227.2255/snippets/python-ts-mode/.yas-parents
 ✓ Success:
  2025-03-13T00:26:27+0000  elpy-20241227.2255.entry
  2025-03-13T00:26:26+0000  elpy-20241227.2255.tar
Built elpy in 3.608s, finished at 2025-03-13T00:26:28+0000
