Package: elsa
Fetcher: github
Source:  https://github.com/emacs-elsa/Elsa

Updating /mnt/store/melpa/working/elsa/
Checking out f719e2404ab6f3323df9341751469cb2e413e013
Copying files (->) and directories (=>)
  from /mnt/store/melpa/working/elsa/
  to /tmp/elsaS9Ij0a/elsa-20230621.1005
    Elsafile.el -> Elsafile.el
    elsa-analyser.el -> elsa-analyser.el
    elsa-check.el -> elsa-check.el
    elsa-declare.el -> elsa-declare.el
    elsa-dependencies.el -> elsa-dependencies.el
    elsa-english.el -> elsa-english.el
    elsa-error.el -> elsa-error.el
    elsa-explainer.el -> elsa-explainer.el
    elsa-extension-builtin.el -> elsa-extension-builtin.el
    elsa-extension-cl.el -> elsa-extension-cl.el
    elsa-extension-dash.el -> elsa-extension-dash.el
    elsa-extension-eieio.el -> elsa-extension-eieio.el
    elsa-extension-elsa.el -> elsa-extension-elsa.el
    elsa-extension-flycheck.el -> elsa-extension-flycheck.el
    elsa-extension-seq.el -> elsa-extension-seq.el
    elsa-extension-subr.el -> elsa-extension-subr.el
    elsa-font-lock.el -> elsa-font-lock.el
    elsa-form.el -> elsa-form.el
    elsa-functions.el -> elsa-functions.el
    elsa-log.el -> elsa-log.el
    elsa-lsp-core.el -> elsa-lsp-core.el
    elsa-lsp.el -> elsa-lsp.el
    elsa-methods.el -> elsa-methods.el
    elsa-pkg.el -> elsa-pkg.el
    elsa-reader.el -> elsa-reader.el
    elsa-rules-list.el -> elsa-rules-list.el
    elsa-ruleset.el -> elsa-ruleset.el
    elsa-scope.el -> elsa-scope.el
    elsa-startup.el -> elsa-startup.el
    elsa-state.el -> elsa-state.el
    elsa-structure-slot.el -> elsa-structure-slot.el
    elsa-type-algebra.el -> elsa-type-algebra.el
    elsa-type-helpers.el -> elsa-type-helpers.el
    elsa-type.el -> elsa-type.el
    elsa-typed-builtin.el -> elsa-typed-builtin.el
    elsa-typed-cl.el -> elsa-typed-cl.el
    elsa-typed-eieio.el -> elsa-typed-eieio.el
    elsa-typed-subr.el -> elsa-typed-subr.el
    elsa-typed-syntax.el -> elsa-typed-syntax.el
    elsa-typed-thingatpt.el -> elsa-typed-thingatpt.el
    elsa-types-simple.el -> elsa-types-simple.el
    elsa-types.el -> elsa-types.el
    elsa-variable.el -> elsa-variable.el
    elsa.el -> elsa.el
    bin => bin
Created elsa-20230621.1005.tar containing:
  elsa-20230621.1005/
  elsa-20230621.1005/Elsafile.el
  elsa-20230621.1005/bin/
  elsa-20230621.1005/bin/elsa
  elsa-20230621.1005/bin/elsa-lsp
  elsa-20230621.1005/bin/elsa-lsp.bat
  elsa-20230621.1005/bin/elsa.bat
  elsa-20230621.1005/elsa-analyser.el
  elsa-20230621.1005/elsa-check.el
  elsa-20230621.1005/elsa-declare.el
  elsa-20230621.1005/elsa-dependencies.el
  elsa-20230621.1005/elsa-english.el
  elsa-20230621.1005/elsa-error.el
  elsa-20230621.1005/elsa-explainer.el
  elsa-20230621.1005/elsa-extension-builtin.el
  elsa-20230621.1005/elsa-extension-cl.el
  elsa-20230621.1005/elsa-extension-dash.el
  elsa-20230621.1005/elsa-extension-eieio.el
  elsa-20230621.1005/elsa-extension-elsa.el
  elsa-20230621.1005/elsa-extension-flycheck.el
  elsa-20230621.1005/elsa-extension-seq.el
  elsa-20230621.1005/elsa-extension-subr.el
  elsa-20230621.1005/elsa-font-lock.el
  elsa-20230621.1005/elsa-form.el
  elsa-20230621.1005/elsa-functions.el
  elsa-20230621.1005/elsa-log.el
  elsa-20230621.1005/elsa-lsp-core.el
  elsa-20230621.1005/elsa-lsp.el
  elsa-20230621.1005/elsa-methods.el
  elsa-20230621.1005/elsa-pkg.el
  elsa-20230621.1005/elsa-reader.el
  elsa-20230621.1005/elsa-rules-list.el
  elsa-20230621.1005/elsa-ruleset.el
  elsa-20230621.1005/elsa-scope.el
  elsa-20230621.1005/elsa-startup.el
  elsa-20230621.1005/elsa-state.el
  elsa-20230621.1005/elsa-structure-slot.el
  elsa-20230621.1005/elsa-type-algebra.el
  elsa-20230621.1005/elsa-type-helpers.el
  elsa-20230621.1005/elsa-type.el
  elsa-20230621.1005/elsa-typed-builtin.el
  elsa-20230621.1005/elsa-typed-cl.el
  elsa-20230621.1005/elsa-typed-eieio.el
  elsa-20230621.1005/elsa-typed-subr.el
  elsa-20230621.1005/elsa-typed-syntax.el
  elsa-20230621.1005/elsa-typed-thingatpt.el
  elsa-20230621.1005/elsa-types-simple.el
  elsa-20230621.1005/elsa-types.el
  elsa-20230621.1005/elsa-variable.el
  elsa-20230621.1005/elsa.el
 ✓ Success:
  2024-11-13T00:08:05+0000  elsa-20230621.1005.entry
  2024-11-13T00:08:04+0000  elsa-20230621.1005.tar
Built elsa in 4.088s, finished at 2024-11-13T00:08:05+0000
