Package: emacsql
Fetcher: github
Source:  https://github.com/magit/emacsql

Updating /mnt/store/melpa/working/emacsql/
Checking out 48cbd1600b932ba0f7ecfcae3404d47c3685f721
Copying files (->) and directories (=>)
  from /mnt/store/melpa/working/emacsql/
  to /tmp/emacsqljkBiVg/emacsql-20250220.1155
    emacsql-compiler.el -> emacsql-compiler.el
    emacsql-mysql.el -> emacsql-mysql.el
    emacsql-pg.el -> emacsql-pg.el
    emacsql-psql.el -> emacsql-psql.el
    emacsql-sqlite-builtin.el -> emacsql-sqlite-builtin.el
    emacsql-sqlite-common.el -> emacsql-sqlite-common.el
    emacsql-sqlite-module.el -> emacsql-sqlite-module.el
    emacsql-sqlite.el -> emacsql-sqlite.el
    emacsql.el -> emacsql.el
    README.md -> README.md
Created emacsql-20250220.1155.tar containing:
  emacsql-20250220.1155/
  emacsql-20250220.1155/README.md
  emacsql-20250220.1155/emacsql-compiler.el
  emacsql-20250220.1155/emacsql-mysql.el
  emacsql-20250220.1155/emacsql-pg.el
  emacsql-20250220.1155/emacsql-pkg.el
  emacsql-20250220.1155/emacsql-psql.el
  emacsql-20250220.1155/emacsql-sqlite-builtin.el
  emacsql-20250220.1155/emacsql-sqlite-common.el
  emacsql-20250220.1155/emacsql-sqlite-module.el
  emacsql-20250220.1155/emacsql-sqlite.el
  emacsql-20250220.1155/emacsql.el
 ✓ Success:
  2025-02-21T22:29:39+0000  emacsql-20250220.1155.entry
  2025-02-21T22:29:39+0000  emacsql-20250220.1155.tar
Built emacsql in 3.000s, finished at 2025-02-21T22:29:40+0000
