Package: emacsql-sqlite
Fetcher: github
Source:  https://github.com/magit/emacsql.git

Updating /mnt/store/melpa/working/emacsql-sqlite/
Checking out efddd69c5e69214dbbe921fbf90f938501414894
Copying files (->) and directories (=>)
  from /mnt/store/melpa/working/emacsql-sqlite/
  to /tmp/emacsql-sqlitevEeNgq/emacsql-sqlite-20240623.1340
    emacsql-sqlite.el -> emacsql-sqlite.el
    sqlite => sqlite
Created emacsql-sqlite-20240623.1340.tar containing:
  emacsql-sqlite-20240623.1340/
  emacsql-sqlite-20240623.1340/emacsql-sqlite-pkg.el
  emacsql-sqlite-20240623.1340/emacsql-sqlite.el
  emacsql-sqlite-20240623.1340/sqlite/
  emacsql-sqlite-20240623.1340/sqlite/Makefile
  emacsql-sqlite-20240623.1340/sqlite/emacsql.c
  emacsql-sqlite-20240623.1340/sqlite/sqlite3.c
  emacsql-sqlite-20240623.1340/sqlite/sqlite3.h
 ✓ Success:
  2024-07-27T22:06:00+0000  emacsql-sqlite-20240623.1340.entry
  2024-07-27T22:06:00+0000  emacsql-sqlite-20240623.1340.tar
Built emacsql-sqlite in 5.099s, finished at 2024-07-27T22:06:02+0000
