Package: embark
Fetcher: github
Source:  https://github.com/oantolin/embark.git

Updating /mnt/store/melpa/working/embark/
Checking out 4ddbe6326bc596a05b574cf0109acdb5a79bc748
Copying files (->) and directories (=>)
  from /mnt/store/melpa/working/embark/
  to /tmp/embarkiWOa25/embark-20240717.2103
    embark.el -> embark.el
    embark-org.el -> embark-org.el
    embark.texi -> embark.texi
Generating /tmp/embarkiWOa25/embark-20240717.2103/embark.info
Created embark-20240717.2103.tar containing:
  embark-20240717.2103/
  embark-20240717.2103/dir
  embark-20240717.2103/embark-org.el
  embark-20240717.2103/embark-pkg.el
  embark-20240717.2103/embark.el
  embark-20240717.2103/embark.info
 ✓ Success:
  2024-07-22T05:51:02+0000  embark-20240717.2103.entry
  2024-07-22T05:51:01+0000  embark-20240717.2103.tar
Built embark in 7.818s, finished at 2024-07-22T05:51:03+0000
