Package: emms-player-simple-mpv
Fetcher: github
Source:  https://github.com/momomo5717/emms-player-simple-mpv

Updating /mnt/store/melpa/working/emms-player-simple-mpv/
Checking out 101d120ccdee1c2c213fd2f0423c858b21649c00
Copying files (->) and directories (=>)
  from /mnt/store/melpa/working/emms-player-simple-mpv/
  to /tmp/emms-player-simple-mpvlYHUsl/emms-player-simple-mpv-20180316.1549
    emms-player-simple-mpv-control-functions.el -> emms-player-simple-mpv-control-functions.el
    emms-player-simple-mpv-e.g.hydra.el -> emms-player-simple-mpv-e.g.hydra.el
    emms-player-simple-mpv-e.g.playlist-fname.el -> emms-player-simple-mpv-e.g.playlist-fname.el
    emms-player-simple-mpv-e.g.time-display.el -> emms-player-simple-mpv-e.g.time-display.el
    emms-player-simple-mpv-playlist-mode.el -> emms-player-simple-mpv-playlist-mode.el
    emms-player-simple-mpv.el -> emms-player-simple-mpv.el
Created emms-player-simple-mpv-20180316.1549.tar containing:
  emms-player-simple-mpv-20180316.1549/
  emms-player-simple-mpv-20180316.1549/emms-player-simple-mpv-control-functions.el
  emms-player-simple-mpv-20180316.1549/emms-player-simple-mpv-e.g.hydra.el
  emms-player-simple-mpv-20180316.1549/emms-player-simple-mpv-e.g.playlist-fname.el
  emms-player-simple-mpv-20180316.1549/emms-player-simple-mpv-e.g.time-display.el
  emms-player-simple-mpv-20180316.1549/emms-player-simple-mpv-pkg.el
  emms-player-simple-mpv-20180316.1549/emms-player-simple-mpv-playlist-mode.el
  emms-player-simple-mpv-20180316.1549/emms-player-simple-mpv.el
 ✓ Success:
  2025-02-18T23:39:40+0000  emms-player-simple-mpv-20180316.1549.entry
  2025-02-18T23:39:40+0000  emms-player-simple-mpv-20180316.1549.tar
Built emms-player-simple-mpv in 3.234s, finished at 2025-02-18T23:39:41+0000
