Package: emojify
Fetcher: github
Source:  https://github.com/iqbalansari/emacs-emojify.git

Updating /mnt/store/melpa/working/emojify/
Checking out cfa00865388809363df3f884b4dd554a5d44f835
Copying files (->) and directories (=>)
  from /mnt/store/melpa/working/emojify/
  to /tmp/emojifyxbGj01/emojify-20210108.1111
    emojify.el -> emojify.el
    data => data
Created emojify-20210108.1111.tar containing:
  emojify-20210108.1111/
  emojify-20210108.1111/data/
  emojify-20210108.1111/data/emoji-sets.json
  emojify-20210108.1111/data/emoji.json
  emojify-20210108.1111/emojify-pkg.el
  emojify-20210108.1111/emojify.el
 ✓ Success:
  2024-08-14T22:42:57+0000  emojify-20210108.1111.entry
  2024-08-14T22:42:57+0000  emojify-20210108.1111.tar
Built emojify in 3.312s, finished at 2024-08-14T22:42:59+0000
