Package: emoji-recall
Fetcher: github
Source:  https://github.com/lujun9972/emoji-recall.el.git

Updating /mnt/store/melpa/working/emoji-recall/
Checking out 1c12d18e5592eaa2138dd3034012dced277e6d99
Copying files (->) and directories (=>)
  from /mnt/store/melpa/working/emoji-recall/
  to /tmp/emoji-recall5Yp1SY/emoji-recall-20160723.2208
    emoji-recall.el -> emoji-recall.el
  ! emoji-cheat-sheet/angry.png -> angry.png
  ! emoji-cheat-sheet/anguished.png -> anguished.png
  ! emoji-cheat-sheet/astonished.png -> astonished.png
  ! emoji-cheat-sheet/blush.png -> blush.png
  ! emoji-cheat-sheet/confounded.png -> confounded.png
  ! emoji-cheat-sheet/confused.png -> confused.png
  ! emoji-cheat-sheet/cry.png -> cry.png
  ! emoji-cheat-sheet/disappointed.png -> disappointed.png
  ! emoji-cheat-sheet/disappointed_relieved.png -> disappointed_relieved.png
  ! emoji-cheat-sheet/dizzy_face.png -> dizzy_face.png
  ! emoji-cheat-sheet/fearful.png -> fearful.png
  ! emoji-cheat-sheet/flushed.png -> flushed.png
  ! emoji-cheat-sheet/frowning.png -> frowning.png
  ! emoji-cheat-sheet/full_moon_with_face.png -> full_moon_with_face.png
  ! emoji-cheat-sheet/grimacing.png -> grimacing.png
  ! emoji-cheat-sheet/grin.png -> grin.png
  ! emoji-cheat-sheet/grinning.png -> grinning.png
  ! emoji-cheat-sheet/heart_eyes.png -> heart_eyes.png
  ! emoji-cheat-sheet/hushed.png -> hushed.png
  ! emoji-cheat-sheet/innocent.png -> innocent.png
  ! emoji-cheat-sheet/joy.png -> joy.png
  ! emoji-cheat-sheet/kissing.png -> kissing.png
  ! emoji-cheat-sheet/kissing_closed_eyes.png -> kissing_closed_eyes.png
  ! emoji-cheat-sheet/kissing_face.png -> kissing_face.png
  ! emoji-cheat-sheet/kissing_heart.png -> kissing_heart.png
  ! emoji-cheat-sheet/kissing_smiling_eyes.png -> kissing_smiling_eyes.png
  ! emoji-cheat-sheet/laughing.png -> laughing.png
  ! emoji-cheat-sheet/mask.png -> mask.png
  ! emoji-cheat-sheet/neutral_face.png -> neutral_face.png
  ! emoji-cheat-sheet/no_mouth.png -> no_mouth.png
  ! emoji-cheat-sheet/open_mouth.png -> open_mouth.png
  ! emoji-cheat-sheet/pensive.png -> pensive.png
  ! emoji-cheat-sheet/persevere.png -> persevere.png
  ! emoji-cheat-sheet/relaxed.png -> relaxed.png
  ! emoji-cheat-sheet/relieved.png -> relieved.png
  ! emoji-cheat-sheet/satisfied.png -> satisfied.png
  ! emoji-cheat-sheet/scream.png -> scream.png
  ! emoji-cheat-sheet/sleeping.png -> sleeping.png
  ! emoji-cheat-sheet/sleepy.png -> sleepy.png
  ! emoji-cheat-sheet/smile.png -> smile.png
  ! emoji-cheat-sheet/smiley.png -> smiley.png
  ! emoji-cheat-sheet/smirk.png -> smirk.png
  ! emoji-cheat-sheet/stuck_out_tongue.png -> stuck_out_tongue.png
Write error: No space left on device, /tmp/emoji-recall5Yp1SY/emoji-recall-20160723.2208/stuck_out_tongue.png
