 • Building package enh-ruby-mode (from github:zenspider/enhanced-ruby-mode)...
Updating /mnt/store/melpa/working/enh-ruby-mode/
Checking out cec9ea862ef196113ef19b16e347a522bc8fdd88
Copying files (->) and directories (=>)
  from /mnt/store/melpa/working/enh-ruby-mode/
  to /tmp/enh-ruby-mode8Skk5G/enh-ruby-mode-20251001.2056
    enh-ruby-mode.el -> enh-ruby-mode.el
    ruby/erm.rb -> ruby/erm.rb
    ruby/erm_buffer.rb -> ruby/erm_buffer.rb
Created enh-ruby-mode-20251001.2056.tar containing:
  enh-ruby-mode-20251001.2056/
  enh-ruby-mode-20251001.2056/enh-ruby-mode-pkg.el
  enh-ruby-mode-20251001.2056/enh-ruby-mode.el
  enh-ruby-mode-20251001.2056/ruby/
  enh-ruby-mode-20251001.2056/ruby/erm.rb
  enh-ruby-mode-20251001.2056/ruby/erm_buffer.rb
 ✓ Success:
  2025-12-07T23:57:58+0000  enh-ruby-mode-20251001.2056.entry
  2025-12-07T23:57:58+0000  enh-ruby-mode-20251001.2056.tar
Built enh-ruby-mode in 3.311s, finished at 2025-12-07T23:57:59+0000
