Package: epkg
Fetcher: github
Source:  https://github.com/emacscollective/epkg.git

Updating /mnt/store/melpa/working/epkg/
Checking out b0003f88afae8b9843e77149c1b1284f7ec4de33
Copying files (->) and directories (=>)
  from /mnt/store/melpa/working/epkg/
  to /tmp/epkgx3x7PH/epkg-20240818.1954
  ! lisp/epkg-desc.el -> epkg-desc.el
  ! lisp/epkg-elpa.el -> epkg-elpa.el
  ! lisp/epkg-list.el -> epkg-list.el
  ! lisp/epkg-org.el -> epkg-org.el
  ! lisp/epkg-schemata.el -> epkg-schemata.el
  ! lisp/epkg-utils.el -> epkg-utils.el
  ! lisp/epkg.el -> epkg.el
  ! docs/epkg.texi -> epkg.texi
Generating /tmp/epkgx3x7PH/epkg-20240818.1954/epkg.info
Created epkg-20240818.1954.tar containing:
  epkg-20240818.1954/
  epkg-20240818.1954/dir
  epkg-20240818.1954/epkg-desc.el
  epkg-20240818.1954/epkg-elpa.el
  epkg-20240818.1954/epkg-list.el
  epkg-20240818.1954/epkg-org.el
  epkg-20240818.1954/epkg-pkg.el
  epkg-20240818.1954/epkg-schemata.el
  epkg-20240818.1954/epkg-utils.el
  epkg-20240818.1954/epkg.el
  epkg-20240818.1954/epkg.info
 ✓ Success:
  2024-08-19T23:00:54+0000  epkg-20240818.1954.entry
  2024-08-19T23:00:53+0000  epkg-20240818.1954.tar
Built epkg in 4.798s, finished at 2024-08-19T23:00:54+0000
