Package: epm
Fetcher: github
Source:  https://github.com/xuchunyang/epm.git

Updating /mnt/store/melpa/working/epm/
Checking out 6375ddbf93c5f25647f6ebb25b54045b3c93a5be
Copying files (->) and directories (=>)
  from /mnt/store/melpa/working/epm/
  to /tmp/epmIA3hWX/epm-20190509.443
    .epm.el -> .epm.el
    epm.el -> epm.el
    epm -> epm
Created epm-20190509.443.tar containing:
  epm-20190509.443/
  epm-20190509.443/.epm.el
  epm-20190509.443/epm
  epm-20190509.443/epm-pkg.el
  epm-20190509.443/epm.el
 ✓ Success:
  2024-02-16T00:52:59+0000  epm-20190509.443.entry
  2024-02-16T00:52:59+0000  epm-20190509.443.tar
Built epm in 3.203s, finished at 2024-02-16T00:53:01+0000
