Package: erlang
Fetcher: github
Source:  https://github.com/erlang/otp

Updating /mnt/store/melpa/working/erlang/
Checking out 35b9053be8f5ff070e0c72e737885901c7bd8352
Copying files (->) and directories (=>)
  from /mnt/store/melpa/working/erlang/
  to /tmp/erlangMXPFOr/erlang-20250403.714
  ! lib/tools/emacs/erlang-edoc.el -> erlang-edoc.el
  ! lib/tools/emacs/erlang-eunit.el -> erlang-eunit.el
  ! lib/tools/emacs/erlang-flymake.el -> erlang-flymake.el
  ! lib/tools/emacs/erlang-skels-old.el -> erlang-skels-old.el
  ! lib/tools/emacs/erlang-skels.el -> erlang-skels.el
  ! lib/tools/emacs/erlang-start.el -> erlang-start.el
  ! lib/tools/emacs/erlang-test.el -> erlang-test.el
  ! lib/tools/emacs/erlang.el -> erlang.el
  ! lib/tools/emacs/erldoc.el -> erldoc.el
Created erlang-20250403.714.tar containing:
  erlang-20250403.714/
  erlang-20250403.714/erlang-edoc.el
  erlang-20250403.714/erlang-eunit.el
  erlang-20250403.714/erlang-flymake.el
  erlang-20250403.714/erlang-pkg.el
  erlang-20250403.714/erlang-skels-old.el
  erlang-20250403.714/erlang-skels.el
  erlang-20250403.714/erlang-start.el
  erlang-20250403.714/erlang-test.el
  erlang-20250403.714/erlang.el
  erlang-20250403.714/erldoc.el
 ✓ Success:
  2025-04-03T23:40:19+0000  erlang-20250403.714.entry
  2025-04-03T23:40:19+0000  erlang-20250403.714.tar
Built erlang in 14.752s, finished at 2025-04-03T23:40:20+0000
