2024-01-17T14:35:53+0000  2048-game                  Command `hg purge' exited with non-zero exit-code: 255
2024-01-17T14:41:55+0000  caser                      Command `hg purge' exited with non-zero exit-code: 255
2024-01-17T14:49:18+0000  ditz-mode                  Command `hg purge' exited with non-zero exit-code: 255
2024-01-17T14:53:23+0000  enlightened-theme          Command `hg purge' exited with non-zero exit-code: 255
2024-01-17T14:56:08+0000  eshell-outline             Command `git fetch -f --tags origin' exited with non-zero exit-code: 128
2024-01-17T14:59:15+0000  flymake-golangci           Command `git fetch -f --tags origin' exited with non-zero exit-code: 128
2024-01-17T15:05:20+0000  frecentf                   Command `git fetch -f --tags origin' exited with non-zero exit-code: 128
2024-01-17T15:06:37+0000  global-tags                Command `git fetch -f --tags origin' exited with non-zero exit-code: 128
2024-01-17T15:10:31+0000  jabber                     No define-package found in jabber-pkg.el
2024-01-17T15:12:02+0000  kanban                     Command `hg purge' exited with non-zero exit-code: 255
2024-01-17T15:14:49+0000  lms                        Command `hg purge' exited with non-zero exit-code: 255
2024-01-17T15:17:33+0000  minesweeper                Command `hg purge' exited with non-zero exit-code: 255
2024-01-17T15:23:56+0000  org-parser                 Command `hg purge' exited with non-zero exit-code: 255
2024-01-17T15:27:32+0000  per-buffer-theme           Command `hg purge' exited with non-zero exit-code: 255
2024-01-17T15:28:51+0000  pmdm                       Command `hg purge' exited with non-zero exit-code: 255
2024-01-17T15:30:23+0000  protobuf-ts-mode           Command `git fetch -f --tags origin' exited with non-zero exit-code: 128
2024-01-17T15:38:18+0000  srefactor                  Command `git fetch -f --tags origin' exited with non-zero exit-code: 128
2024-01-17T15:38:37+0000  stickyfunc-enhance         Command `git fetch -f --tags origin' exited with non-zero exit-code: 128
2024-01-17T15:45:54+0000  wisp-mode                  Command `hg purge' exited with non-zero exit-code: 255
2024-01-17T15:46:25+0000  xwidgete                   Command `git fetch -f --tags origin' exited with non-zero exit-code: 128
2024-01-17T15:47:04+0000  yatex                      Command `hg purge' exited with non-zero exit-code: 255
2024-01-17T15:47:40+0000  zpresent                   Command `hg purge' exited with non-zero exit-code: 255
