Package: ert-runner
Fetcher: github
Source:  https://github.com/rejeep/ert-runner.el.git

Updating /mnt/store/melpa/working/ert-runner/
Checking out 98a5a6f683663f9f0357459d75ce1dc36c987e4a
Copying files (->) and directories (=>)
  from /mnt/store/melpa/working/ert-runner/
  to /tmp/ert-runneruKeXU0/ert-runner-20231110.1358
    ert-compat.el -> ert-compat.el
    ert-runner.el -> ert-runner.el
    bin => bin
    reporters => reporters
Created ert-runner-20231110.1358.tar containing:
  ert-runner-20231110.1358/
  ert-runner-20231110.1358/bin/
  ert-runner-20231110.1358/bin/ert-runner
  ert-runner-20231110.1358/bin/ert-runner.bat
  ert-runner-20231110.1358/ert-compat.el
  ert-runner-20231110.1358/ert-runner-pkg.el
  ert-runner-20231110.1358/ert-runner.el
  ert-runner-20231110.1358/reporters/
  ert-runner-20231110.1358/reporters/ert-runner-reporter-dot.el
  ert-runner-20231110.1358/reporters/ert-runner-reporter-ert+duration.el
  ert-runner-20231110.1358/reporters/ert-runner-reporter-ert.el
 ✓ Success:
  2024-06-27T00:03:13+0000  ert-runner-20231110.1358.entry
  2024-06-27T00:03:12+0000  ert-runner-20231110.1358.tar
Built ert-runner in 5.195s, finished at 2024-06-27T00:03:15+0000
