Package: es-lib
Fetcher: github
Source:  https://github.com/sabof/es-lib

Updating /mnt/store/melpa/working/es-lib/
Checking out 753b27363e39c10edc9e4e452bdbbbe4d190df4a
Copying files (->) and directories (=>)
  from /mnt/store/melpa/working/es-lib/
  to /tmp/es-lib6Pdure/es-lib-20141111.1830
    es-lib-buffer-local-set-key.el -> es-lib-buffer-local-set-key.el
    es-lib-core-functions.el -> es-lib-core-functions.el
    es-lib-core-macros.el -> es-lib-core-macros.el
    es-lib-lexical.el -> es-lib-lexical.el
    es-lib-readme-generator.el -> es-lib-readme-generator.el
    es-lib-text-navigate.el -> es-lib-text-navigate.el
    es-lib-total-line.el -> es-lib-total-line.el
    es-lib.el -> es-lib.el
Created es-lib-20141111.1830.tar containing:
  es-lib-20141111.1830/
  es-lib-20141111.1830/es-lib-buffer-local-set-key.el
  es-lib-20141111.1830/es-lib-core-functions.el
  es-lib-20141111.1830/es-lib-core-macros.el
  es-lib-20141111.1830/es-lib-lexical.el
  es-lib-20141111.1830/es-lib-pkg.el
  es-lib-20141111.1830/es-lib-readme-generator.el
  es-lib-20141111.1830/es-lib-text-navigate.el
  es-lib-20141111.1830/es-lib-total-line.el
  es-lib-20141111.1830/es-lib.el
 ✓ Success:
  2025-03-19T22:59:53+0000  es-lib-20141111.1830.entry
  2025-03-19T22:59:53+0000  es-lib-20141111.1830.tar
Built es-lib in 2.908s, finished at 2025-03-19T22:59:54+0000
