Package: eslint-disable-rule
Fetcher: github
Source:  https://github.com/DamienCassou/eslint-disable-rule.git

Updating /mnt/store/melpa/working/eslint-disable-rule/
Checking out 54771405e09e2cf5cb8f47aab2818e77d3046f53
Copying files (->) and directories (=>)
  from /mnt/store/melpa/working/eslint-disable-rule/
  to /tmp/eslint-disable-ruler4r3P2/eslint-disable-rule-20230904.1821
    eslint-disable-rule-all.el -> eslint-disable-rule-all.el
    eslint-disable-rule-flycheck.el -> eslint-disable-rule-flycheck.el
    eslint-disable-rule-flymake.el -> eslint-disable-rule-flymake.el
    eslint-disable-rule.el -> eslint-disable-rule.el
Created eslint-disable-rule-20230904.1821.tar containing:
  eslint-disable-rule-20230904.1821/
  eslint-disable-rule-20230904.1821/eslint-disable-rule-all.el
  eslint-disable-rule-20230904.1821/eslint-disable-rule-flycheck.el
  eslint-disable-rule-20230904.1821/eslint-disable-rule-flymake.el
  eslint-disable-rule-20230904.1821/eslint-disable-rule-pkg.el
  eslint-disable-rule-20230904.1821/eslint-disable-rule.el
 ✓ Success:
  2024-01-24T08:12:04+0000  eslint-disable-rule-20230904.1821.entry
  2024-01-24T08:12:04+0000  eslint-disable-rule-20230904.1821.tar
Built eslint-disable-rule in 3.441s, finished at 2024-01-24T08:12:06+0000
