Package: eterm-fn
Fetcher: github
Source:  https://github.com/oitofelix/eterm-fn

Updating /mnt/store/melpa/working/eterm-fn/
Checking out b5d433fedc030046ea0e4a217f4dd3846a113fe4
Copying files (->) and directories (=>)
  from /mnt/store/melpa/working/eterm-fn/
  to /tmp/eterm-fnv8vXhM/eterm-fn-20250110.1354
    eterm-fn.el -> eterm-fn.el
    eterm-fn-256color.ti -> eterm-fn-256color.ti
    eterm-fn-color.ti -> eterm-fn-color.ti
Created eterm-fn-20250110.1354.tar containing:
  eterm-fn-20250110.1354/
  eterm-fn-20250110.1354/eterm-fn-256color.ti
  eterm-fn-20250110.1354/eterm-fn-color.ti
  eterm-fn-20250110.1354/eterm-fn-pkg.el
  eterm-fn-20250110.1354/eterm-fn.el
 ✓ Success:
  2025-04-04T22:41:37+0000  eterm-fn-20250110.1354.entry
  2025-04-04T22:41:37+0000  eterm-fn-20250110.1354.tar
Built eterm-fn in 3.745s, finished at 2025-04-04T22:41:38+0000
