 • Building package evedel (from github:daedsidog/evedel)...
Updating /mnt/store/melpa/working/evedel/
Checking out d979801f5f496ff20aebf4c3343bffcd0e0d3a0b
Copying files (->) and directories (=>)
  from /mnt/store/melpa/working/evedel/
  to /tmp/evedel4Z50cB/evedel-20250303.1213
    evedel-gptel.el -> evedel-gptel.el
    evedel-instructions.el -> evedel-instructions.el
    evedel-restorer.el -> evedel-restorer.el
    evedel-utilities.el -> evedel-utilities.el
    evedel.el -> evedel.el
Created evedel-20250303.1213.tar containing:
  evedel-20250303.1213/
  evedel-20250303.1213/evedel-gptel.el
  evedel-20250303.1213/evedel-instructions.el
  evedel-20250303.1213/evedel-pkg.el
  evedel-20250303.1213/evedel-restorer.el
  evedel-20250303.1213/evedel-utilities.el
  evedel-20250303.1213/evedel.el
 ✓ Success:
  2025-12-07T23:59:23+0000  evedel-20250303.1213.entry
  2025-12-07T23:59:23+0000  evedel-20250303.1213.tar
Built evedel in 3.094s, finished at 2025-12-07T23:59:24+0000
