Package: evenok
Fetcher: codeberg
Source:  https://codeberg.org/mekeor/evenok

Updating /mnt/store/melpa/working/evenok/
Checking out a1c4768dee8febb7998f412adba8613688f4fc38
Copying files (->) and directories (=>)
  from /mnt/store/melpa/working/evenok/
  to /tmp/evenokaYVdJI/evenok-20250319.2125
    evenok-dark-extra-theme.el -> evenok-dark-extra-theme.el
    evenok-dark-theme.el -> evenok-dark-theme.el
    evenok-extra.el -> evenok-extra.el
    evenok-light-extra-theme.el -> evenok-light-extra-theme.el
    evenok-light-theme.el -> evenok-light-theme.el
    evenok.el -> evenok.el
Created evenok-20250319.2125.tar containing:
  evenok-20250319.2125/
  evenok-20250319.2125/evenok-dark-extra-theme.el
  evenok-20250319.2125/evenok-dark-theme.el
  evenok-20250319.2125/evenok-extra.el
  evenok-20250319.2125/evenok-light-extra-theme.el
  evenok-20250319.2125/evenok-light-theme.el
  evenok-20250319.2125/evenok-pkg.el
  evenok-20250319.2125/evenok.el
 ✓ Success:
  2025-03-19T20:25:48+0000  evenok-20250309.138.entry
  2025-03-19T20:25:48+0000  evenok-20250309.138.tar
  2025-03-19T23:00:43+0000  evenok-20250319.2125.entry
  2025-03-19T23:00:43+0000  evenok-20250319.2125.tar
Built evenok in 4.477s, finished at 2025-03-19T23:00:44+0000
