Package: evil-opener
Fetcher: github
Source:  https://github.com/0robustus1/opener.el

Updating /mnt/store/melpa/working/evil-opener/
Checking out c384f67278046fdcd220275fdd212ab85672cbeb
Copying files (->) and directories (=>)
  from /mnt/store/melpa/working/evil-opener/
  to /tmp/evil-openerW8llpT/evil-opener-20161207.1810
    evil-opener.el -> evil-opener.el
    evil-opener.texi -> evil-opener.texi
Generating evil-opener.info
Created evil-opener-20161207.1810.tar containing:
  evil-opener-20161207.1810/
  evil-opener-20161207.1810/dir
  evil-opener-20161207.1810/evil-opener-pkg.el
  evil-opener-20161207.1810/evil-opener.el
  evil-opener-20161207.1810/evil-opener.info
 ✓ Success:
  2025-03-18T23:57:11+0000  evil-opener-20161207.1810.entry
  2025-03-18T23:57:11+0000  evil-opener-20161207.1810.tar
Built evil-opener in 4.561s, finished at 2025-03-18T23:57:12+0000
