Package: evil-nerd-commenter
Fetcher: github
Source:  https://github.com/redguardtoo/evil-nerd-commenter

Updating /mnt/store/melpa/working/evil-nerd-commenter/
Checking out 3b197a2b559b06a7cf39978704b196f53dac802a
Copying files (->) and directories (=>)
  from /mnt/store/melpa/working/evil-nerd-commenter/
  to /tmp/evil-nerd-commenter6U8S5i/evil-nerd-commenter-20230625.254
    evil-nerd-commenter-operator.el -> evil-nerd-commenter-operator.el
    evil-nerd-commenter-sdk.el -> evil-nerd-commenter-sdk.el
    evil-nerd-commenter.el -> evil-nerd-commenter.el
Created evil-nerd-commenter-20230625.254.tar containing:
  evil-nerd-commenter-20230625.254/
  evil-nerd-commenter-20230625.254/evil-nerd-commenter-operator.el
  evil-nerd-commenter-20230625.254/evil-nerd-commenter-pkg.el
  evil-nerd-commenter-20230625.254/evil-nerd-commenter-sdk.el
  evil-nerd-commenter-20230625.254/evil-nerd-commenter.el
 ✓ Success:
  2025-10-19T23:52:10+0000  evil-nerd-commenter-20230625.254.entry
  2025-10-19T23:52:10+0000  evil-nerd-commenter-20230625.254.tar
Built evil-nerd-commenter in 4.236s, finished at 2025-10-19T23:52:11+0000
