Package: evil-collection
Fetcher: github
Source:  https://github.com/emacs-evil/evil-collection

Updating /mnt/store/melpa/working/evil-collection/
Checking out 5a1315bfc7f21533de12f35544b29c29ccec491d
Copying files (->) and directories (=>)
  from /mnt/store/melpa/working/evil-collection/
  to /tmp/evil-collection2KkSOS/evil-collection-20241031.1423
    evil-collection.el -> evil-collection.el
    modes => modes
Created evil-collection-20241031.1423.tar containing:
  evil-collection-20241031.1423/
  evil-collection-20241031.1423/evil-collection-pkg.el
  evil-collection-20241031.1423/evil-collection.el
  evil-collection-20241031.1423/modes/
  evil-collection-20241031.1423/modes/.nosearch
  evil-collection-20241031.1423/modes/2048-game/
  evil-collection-20241031.1423/modes/2048-game/evil-collection-2048-game.el
  evil-collection-20241031.1423/modes/ag/
  evil-collection-20241031.1423/modes/ag/evil-collection-ag.el
  evil-collection-20241031.1423/modes/alchemist/
  evil-collection-20241031.1423/modes/alchemist/evil-collection-alchemist.el
  evil-collection-20241031.1423/modes/anaconda-mode/
  evil-collection-20241031.1423/modes/anaconda-mode/evil-collection-anaconda-mode.el
  evil-collection-20241031.1423/modes/apropos/
  evil-collection-20241031.1423/modes/apropos/evil-collection-apropos.el
  evil-collection-20241031.1423/modes/arc-mode/
  evil-collection-20241031.1423/modes/arc-mode/evil-collection-arc-mode.el
  evil-collection-20241031.1423/modes/atomic-chrome/
  evil-collection-20241031.1423/modes/atomic-chrome/evil-collection-atomic-chrome.el
  evil-collection-20241031.1423/modes/auto-package-update/
  evil-collection-20241031.1423/modes/auto-package-update/evil-collection-auto-package-update.el
  evil-collection-20241031.1423/modes/beginend/
  evil-collection-20241031.1423/modes/beginend/evil-collection-beginend.el
  evil-collection-20241031.1423/modes/bluetooth/
  evil-collection-20241031.1423/modes/bluetooth/evil-collection-bluetooth.el
  evil-collection-20241031.1423/modes/bm/
  evil-collection-20241031.1423/modes/bm/evil-collection-bm.el
  evil-collection-20241031.1423/modes/bookmark/
  evil-collection-20241031.1423/modes/bookmark/evil-collection-bookmark.el
  evil-collection-20241031.1423/modes/buff-menu/
  evil-collection-20241031.1423/modes/buff-menu/evil-collection-buff-menu.el
  evil-collection-20241031.1423/modes/bufler/
  evil-collection-20241031.1423/modes/bufler/evil-collection-bufler.el
  evil-collection-20241031.1423/modes/calc/
  evil-collection-20241031.1423/modes/calc/evil-collection-calc.el
  evil-collection-20241031.1423/modes/calendar/
  evil-collection-20241031.1423/modes/calendar/evil-collection-calendar.el
  evil-collection-20241031.1423/modes/cider/
  evil-collection-20241031.1423/modes/cider/evil-collection-cider.el
  evil-collection-20241031.1423/modes/cmake-mode/
  evil-collection-20241031.1423/modes/cmake-mode/evil-collection-cmake-mode.el
  evil-collection-20241031.1423/modes/color-rg/
  evil-collection-20241031.1423/modes/color-rg/evil-collection-color-rg.el
  evil-collection-20241031.1423/modes/comint/
  evil-collection-20241031.1423/modes/comint/evil-collection-comint.el
  evil-collection-20241031.1423/modes/company/
  evil-collection-20241031.1423/modes/company/evil-collection-company.el
  evil-collection-20241031.1423/modes/compile/
  evil-collection-20241031.1423/modes/compile/evil-collection-compile.el
  evil-collection-20241031.1423/modes/consult/
  evil-collection-20241031.1423/modes/consult/evil-collection-consult.el
  evil-collection-20241031.1423/modes/corfu/
  evil-collection-20241031.1423/modes/corfu/evil-collection-corfu.el
  evil-collection-20241031.1423/modes/crdt/
  evil-collection-20241031.1423/modes/crdt/evil-collection-crdt.el
  evil-collection-20241031.1423/modes/csv/
  evil-collection-20241031.1423/modes/csv/evil-collection-csv.el
  evil-collection-20241031.1423/modes/cus-theme/
  evil-collection-20241031.1423/modes/cus-theme/evil-collection-cus-theme.el
  evil-collection-20241031.1423/modes/custom/
  evil-collection-20241031.1423/modes/custom/evil-collection-custom.el
  evil-collection-20241031.1423/modes/daemons/
  evil-collection-20241031.1423/modes/daemons/evil-collection-daemons.el
  evil-collection-20241031.1423/modes/dape/
  evil-collection-20241031.1423/modes/dape/evil-collection-dape.el
  evil-collection-20241031.1423/modes/dashboard/
  evil-collection-20241031.1423/modes/dashboard/evil-collection-dashboard.el
  evil-collection-20241031.1423/modes/deadgrep/
  evil-collection-20241031.1423/modes/deadgrep/evil-collection-deadgrep.el
  evil-collection-20241031.1423/modes/debbugs/
  evil-collection-20241031.1423/modes/debbugs/evil-collection-debbugs.el
  evil-collection-20241031.1423/modes/debug/
  evil-collection-20241031.1423/modes/debug/evil-collection-debug.el
  evil-collection-20241031.1423/modes/devdocs/
  evil-collection-20241031.1423/modes/devdocs/evil-collection-devdocs.el
  evil-collection-20241031.1423/modes/dictionary/
  evil-collection-20241031.1423/modes/dictionary/evil-collection-dictionary.el
  evil-collection-20241031.1423/modes/diff-hl/
  evil-collection-20241031.1423/modes/diff-hl/evil-collection-diff-hl.el
  evil-collection-20241031.1423/modes/diff-mode/
  evil-collection-20241031.1423/modes/diff-mode/evil-collection-diff-mode.el
  evil-collection-20241031.1423/modes/dired-sidebar/
  evil-collection-20241031.1423/modes/dired-sidebar/evil-collection-dired-sidebar.el
  evil-collection-20241031.1423/modes/dired/
  evil-collection-20241031.1423/modes/dired/evil-collection-dired.el
  evil-collection-20241031.1423/modes/disk-usage/
  evil-collection-20241031.1423/modes/disk-usage/evil-collection-disk-usage.el
  evil-collection-20241031.1423/modes/distel/
  evil-collection-20241031.1423/modes/distel/evil-collection-distel.el
  evil-collection-20241031.1423/modes/doc-view/
  evil-collection-20241031.1423/modes/doc-view/evil-collection-doc-view.el
  evil-collection-20241031.1423/modes/docker/
  evil-collection-20241031.1423/modes/docker/evil-collection-docker.el
  evil-collection-20241031.1423/modes/eat/
  evil-collection-20241031.1423/modes/eat/evil-collection-eat.el
  evil-collection-20241031.1423/modes/ebib/
  evil-collection-20241031.1423/modes/ebib/evil-collection-ebib.el
  evil-collection-20241031.1423/modes/ebuku/
  evil-collection-20241031.1423/modes/ebuku/evil-collection-ebuku.el
  evil-collection-20241031.1423/modes/edbi/
  evil-collection-20241031.1423/modes/edbi/evil-collection-edbi.el
  evil-collection-20241031.1423/modes/edebug/
  evil-collection-20241031.1423/modes/edebug/evil-collection-edebug.el
  evil-collection-20241031.1423/modes/ediff/
  evil-collection-20241031.1423/modes/ediff/README.org
  evil-collection-20241031.1423/modes/ediff/evil-collection-ediff.el
  evil-collection-20241031.1423/modes/eglot/
  evil-collection-20241031.1423/modes/eglot/evil-collection-eglot.el
  evil-collection-20241031.1423/modes/eldoc/
  evil-collection-20241031.1423/modes/eldoc/evil-collection-eldoc.el
  evil-collection-20241031.1423/modes/elfeed/
  evil-collection-20241031.1423/modes/elfeed/evil-collection-elfeed.el
  evil-collection-20241031.1423/modes/elisp-mode/
  evil-collection-20241031.1423/modes/elisp-mode/evil-collection-elisp-mode.el
  evil-collection-20241031.1423/modes/elisp-refs/
  evil-collection-20241031.1423/modes/elisp-refs/evil-collection-elisp-refs.el
  evil-collection-20241031.1423/modes/elisp-slime-nav/
  evil-collection-20241031.1423/modes/elisp-slime-nav/evil-collection-elisp-slime-nav.el
  evil-collection-20241031.1423/modes/elpaca/
  evil-collection-20241031.1423/modes/elpaca/evil-collection-elpaca.el
  evil-collection-20241031.1423/modes/embark/
  evil-collection-20241031.1423/modes/embark/evil-collection-embark.el
  evil-collection-20241031.1423/modes/ement/
  evil-collection-20241031.1423/modes/ement/evil-collection-ement.el
  evil-collection-20241031.1423/modes/emms/
  evil-collection-20241031.1423/modes/emms/evil-collection-emms.el
  evil-collection-20241031.1423/modes/emoji/
  evil-collection-20241031.1423/modes/emoji/evil-collection-emoji.el
  evil-collection-20241031.1423/modes/epa/
  evil-collection-20241031.1423/modes/epa/evil-collection-epa.el
  evil-collection-20241031.1423/modes/ert/
  evil-collection-20241031.1423/modes/ert/evil-collection-ert.el
  evil-collection-20241031.1423/modes/eshell/
  evil-collection-20241031.1423/modes/eshell/evil-collection-eshell.el
  evil-collection-20241031.1423/modes/eval-sexp-fu/
  evil-collection-20241031.1423/modes/eval-sexp-fu/evil-collection-eval-sexp-fu.el
  evil-collection-20241031.1423/modes/evil-mc/
  evil-collection-20241031.1423/modes/evil-mc/evil-collection-evil-mc.el
  evil-collection-20241031.1423/modes/eww/
  evil-collection-20241031.1423/modes/eww/evil-collection-eww.el
  evil-collection-20241031.1423/modes/explain-pause-mode/
  evil-collection-20241031.1423/modes/explain-pause-mode/evil-collection-explain-pause-mode.el
  evil-collection-20241031.1423/modes/fanyi/
  evil-collection-20241031.1423/modes/fanyi/evil-collection-fanyi.el
  evil-collection-20241031.1423/modes/finder/
  evil-collection-20241031.1423/modes/finder/evil-collection-finder.el
  evil-collection-20241031.1423/modes/flycheck/
  evil-collection-20241031.1423/modes/flycheck/evil-collection-flycheck.el
  evil-collection-20241031.1423/modes/flymake/
  evil-collection-20241031.1423/modes/flymake/evil-collection-flymake.el
  evil-collection-20241031.1423/modes/forge/
  evil-collection-20241031.1423/modes/forge/evil-collection-forge.el
  evil-collection-20241031.1423/modes/free-keys/
  evil-collection-20241031.1423/modes/free-keys/evil-collection-free-keys.el
  evil-collection-20241031.1423/modes/geiser/
  evil-collection-20241031.1423/modes/geiser/evil-collection-geiser.el
  evil-collection-20241031.1423/modes/ggtags/
  evil-collection-20241031.1423/modes/ggtags/evil-collection-ggtags.el
  evil-collection-20241031.1423/modes/git-timemachine/
  evil-collection-20241031.1423/modes/git-timemachine/evil-collection-git-timemachine.el
  evil-collection-20241031.1423/modes/gited/
  evil-collection-20241031.1423/modes/gited/evil-collection-gited.el
  evil-collection-20241031.1423/modes/gnus/
  evil-collection-20241031.1423/modes/gnus/evil-collection-gnus.el
  evil-collection-20241031.1423/modes/go-mode/
  evil-collection-20241031.1423/modes/go-mode/evil-collection-go-mode.el
  evil-collection-20241031.1423/modes/grep/
  evil-collection-20241031.1423/modes/grep/evil-collection-grep.el
  evil-collection-20241031.1423/modes/guix/
  evil-collection-20241031.1423/modes/guix/evil-collection-guix.el
  evil-collection-20241031.1423/modes/hackernews/
  evil-collection-20241031.1423/modes/hackernews/evil-collection-hackernews.el
  evil-collection-20241031.1423/modes/helm/
  evil-collection-20241031.1423/modes/helm/evil-collection-helm.el
  evil-collection-20241031.1423/modes/help/
  evil-collection-20241031.1423/modes/help/evil-collection-help.el
  evil-collection-20241031.1423/modes/helpful/
  evil-collection-20241031.1423/modes/helpful/evil-collection-helpful.el
  evil-collection-20241031.1423/modes/hg-histedit/
  evil-collection-20241031.1423/modes/hg-histedit/evil-collection-hg-histedit.el
  evil-collection-20241031.1423/modes/hungry-delete/
  evil-collection-20241031.1423/modes/hungry-delete/evil-collection-hungry-delete.el
  evil-collection-20241031.1423/modes/hyrolo/
  evil-collection-20241031.1423/modes/hyrolo/evil-collection-hyrolo.el
  evil-collection-20241031.1423/modes/ibuffer/
  evil-collection-20241031.1423/modes/ibuffer/evil-collection-ibuffer.el
  evil-collection-20241031.1423/modes/image+/
  evil-collection-20241031.1423/modes/image+/evil-collection-image+.el
  evil-collection-20241031.1423/modes/image-dired/
  evil-collection-20241031.1423/modes/image-dired/evil-collection-image-dired.el
  evil-collection-20241031.1423/modes/image/
  evil-collection-20241031.1423/modes/image/evil-collection-image.el
  evil-collection-20241031.1423/modes/imenu-list/
  evil-collection-20241031.1423/modes/imenu-list/evil-collection-imenu-list.el
  evil-collection-20241031.1423/modes/imenu/
  evil-collection-20241031.1423/modes/imenu/evil-collection-imenu.el
  evil-collection-20241031.1423/modes/indent/
  evil-collection-20241031.1423/modes/indent/evil-collection-indent.el
  evil-collection-20241031.1423/modes/indium/
  evil-collection-20241031.1423/modes/indium/evil-collection-indium.el
  evil-collection-20241031.1423/modes/info/
  evil-collection-20241031.1423/modes/info/evil-collection-info.el
  evil-collection-20241031.1423/modes/ivy/
  evil-collection-20241031.1423/modes/ivy/evil-collection-ivy.el
  evil-collection-20241031.1423/modes/js2-mode/
  evil-collection-20241031.1423/modes/js2-mode/evil-collection-js2-mode.el
  evil-collection-20241031.1423/modes/kmacro/
  evil-collection-20241031.1423/modes/kmacro/evil-collection-kmacro.el
  evil-collection-20241031.1423/modes/kotlin-mode/
  evil-collection-20241031.1423/modes/kotlin-mode/evil-collection-kotlin-mode.el
  evil-collection-20241031.1423/modes/leetcode/
  evil-collection-20241031.1423/modes/leetcode/evil-collection-leetcode.el
  evil-collection-20241031.1423/modes/lispy/
  evil-collection-20241031.1423/modes/lispy/evil-collection-lispy.el
  evil-collection-20241031.1423/modes/lms/
  evil-collection-20241031.1423/modes/lms/evil-collection-lms.el
  evil-collection-20241031.1423/modes/log-edit/
  evil-collection-20241031.1423/modes/log-edit/evil-collection-log-edit.el
  evil-collection-20241031.1423/modes/log-view/
  evil-collection-20241031.1423/modes/log-view/evil-collection-log-view.el
  evil-collection-20241031.1423/modes/lsp-ui-imenu/
  evil-collection-20241031.1423/modes/lsp-ui-imenu/evil-collection-lsp-ui-imenu.el
  evil-collection-20241031.1423/modes/lua-mode/
  evil-collection-20241031.1423/modes/lua-mode/evil-collection-lua-mode.el
  evil-collection-20241031.1423/modes/macrostep/
  evil-collection-20241031.1423/modes/macrostep/evil-collection-macrostep.el
  evil-collection-20241031.1423/modes/magit-repos/
  evil-collection-20241031.1423/modes/magit-repos/evil-collection-magit-repos.el
  evil-collection-20241031.1423/modes/magit-section/
  evil-collection-20241031.1423/modes/magit-section/evil-collection-magit-section.el
  evil-collection-20241031.1423/modes/magit-todos/
  evil-collection-20241031.1423/modes/magit-todos/evil-collection-magit-todos.el
  evil-collection-20241031.1423/modes/magit/
  evil-collection-20241031.1423/modes/magit/README.org
  evil-collection-20241031.1423/modes/magit/evil-collection-magit.el
  evil-collection-20241031.1423/modes/man/
  evil-collection-20241031.1423/modes/man/evil-collection-man.el
  evil-collection-20241031.1423/modes/markdown-mode/
  evil-collection-20241031.1423/modes/markdown-mode/evil-collection-markdown-mode.el
  evil-collection-20241031.1423/modes/minibuffer/
  evil-collection-20241031.1423/modes/minibuffer/evil-collection-minibuffer.el
  evil-collection-20241031.1423/modes/monky/
  evil-collection-20241031.1423/modes/monky/evil-collection-monky.el
  evil-collection-20241031.1423/modes/mpc/
  evil-collection-20241031.1423/modes/mpc/evil-collection-mpc.el
  evil-collection-20241031.1423/modes/mpdel/
  evil-collection-20241031.1423/modes/mpdel/evil-collection-mpdel.el
  evil-collection-20241031.1423/modes/mpdired/
  evil-collection-20241031.1423/modes/mpdired/evil-collection-mpdired.el
  evil-collection-20241031.1423/modes/mu4e-conversation/
  evil-collection-20241031.1423/modes/mu4e-conversation/evil-collection-mu4e-conversation.el
  evil-collection-20241031.1423/modes/mu4e/
  evil-collection-20241031.1423/modes/mu4e/evil-collection-mu4e-1.8.el
  evil-collection-20241031.1423/modes/mu4e/evil-collection-mu4e.el
  evil-collection-20241031.1423/modes/neotree/
  evil-collection-20241031.1423/modes/neotree/evil-collection-neotree.el
  evil-collection-20241031.1423/modes/newsticker/
  evil-collection-20241031.1423/modes/newsticker/evil-collection-newsticker.el
  evil-collection-20241031.1423/modes/notmuch/
  evil-collection-20241031.1423/modes/notmuch/evil-collection-notmuch.el
  evil-collection-20241031.1423/modes/nov/
  evil-collection-20241031.1423/modes/nov/evil-collection-nov.el
  evil-collection-20241031.1423/modes/omnisharp/
  evil-collection-20241031.1423/modes/omnisharp/evil-collection-omnisharp.el
  evil-collection-20241031.1423/modes/org-present/
  evil-collection-20241031.1423/modes/org-present/evil-collection-org-present.el
  evil-collection-20241031.1423/modes/org-roam/
  evil-collection-20241031.1423/modes/org-roam/evil-collection-org-roam.el
  evil-collection-20241031.1423/modes/org/
  evil-collection-20241031.1423/modes/org/evil-collection-org.el
  evil-collection-20241031.1423/modes/osx-dictionary/
  evil-collection-20241031.1423/modes/osx-dictionary/evil-collection-osx-dictionary.el
  evil-collection-20241031.1423/modes/outline/
  evil-collection-20241031.1423/modes/outline/evil-collection-outline.el
  evil-collection-20241031.1423/modes/p4/
  evil-collection-20241031.1423/modes/p4/evil-collection-p4.el
  evil-collection-20241031.1423/modes/package-menu/
  evil-collection-20241031.1423/modes/package-menu/evil-collection-package-menu.el
  evil-collection-20241031.1423/modes/pass/
  evil-collection-20241031.1423/modes/pass/evil-collection-pass.el
  evil-collection-20241031.1423/modes/pdf/
  evil-collection-20241031.1423/modes/pdf/evil-collection-pdf.el
  evil-collection-20241031.1423/modes/popup/
  evil-collection-20241031.1423/modes/popup/evil-collection-popup.el
  evil-collection-20241031.1423/modes/proced/
  evil-collection-20241031.1423/modes/proced/evil-collection-proced.el
  evil-collection-20241031.1423/modes/process-menu/
  evil-collection-20241031.1423/modes/process-menu/evil-collection-process-menu.el
  evil-collection-20241031.1423/modes/prodigy/
  evil-collection-20241031.1423/modes/prodigy/evil-collection-prodigy.el
  evil-collection-20241031.1423/modes/profiler/
  evil-collection-20241031.1423/modes/profiler/evil-collection-profiler.el
  evil-collection-20241031.1423/modes/python/
  evil-collection-20241031.1423/modes/python/evil-collection-python.el
  evil-collection-20241031.1423/modes/quickrun/
  evil-collection-20241031.1423/modes/quickrun/evil-collection-quickrun.el
  evil-collection-20241031.1423/modes/racer/
  evil-collection-20241031.1423/modes/racer/evil-collection-racer.el
  evil-collection-20241031.1423/modes/racket-describe/
  evil-collection-20241031.1423/modes/racket-describe/evil-collection-racket-describe.el
  evil-collection-20241031.1423/modes/realgud/
  evil-collection-20241031.1423/modes/realgud/evil-collection-realgud.el
  evil-collection-20241031.1423/modes/reftex/
  evil-collection-20241031.1423/modes/reftex/evil-collection-reftex.el
  evil-collection-20241031.1423/modes/replace/
  evil-collection-20241031.1423/modes/replace/evil-collection-replace.el
  evil-collection-20241031.1423/modes/restclient/
  evil-collection-20241031.1423/modes/restclient/evil-collection-restclient.el
  evil-collection-20241031.1423/modes/rg/
  evil-collection-20241031.1423/modes/rg/evil-collection-rg.el
  evil-collection-20241031.1423/modes/ripgrep/
  evil-collection-20241031.1423/modes/ripgrep/evil-collection-ripgrep.el
  evil-collection-20241031.1423/modes/rjsx-mode/
  evil-collection-20241031.1423/modes/rjsx-mode/evil-collection-rjsx-mode.el
  evil-collection-20241031.1423/modes/robe/
  evil-collection-20241031.1423/modes/robe/evil-collection-robe.el
  evil-collection-20241031.1423/modes/rtags/
  evil-collection-20241031.1423/modes/rtags/evil-collection-rtags.el
  evil-collection-20241031.1423/modes/ruby-mode/
  evil-collection-20241031.1423/modes/ruby-mode/evil-collection-ruby-mode.el
  evil-collection-20241031.1423/modes/scheme/
  evil-collection-20241031.1423/modes/scheme/evil-collection-scheme.el
  evil-collection-20241031.1423/modes/scroll-lock/
  evil-collection-20241031.1423/modes/scroll-lock/evil-collection-scroll-lock.el
  evil-collection-20241031.1423/modes/selectrum/
  evil-collection-20241031.1423/modes/selectrum/evil-collection-selectrum.el
  evil-collection-20241031.1423/modes/sh-script/
  evil-collection-20241031.1423/modes/sh-script/evil-collection-sh-script.el
  evil-collection-20241031.1423/modes/shortdoc/
  evil-collection-20241031.1423/modes/shortdoc/evil-collection-shortdoc.el
  evil-collection-20241031.1423/modes/simple-mpc/
  evil-collection-20241031.1423/modes/simple-mpc/evil-collection-simple-mpc.el
  evil-collection-20241031.1423/modes/simple/
  evil-collection-20241031.1423/modes/simple/evil-collection-simple.el
  evil-collection-20241031.1423/modes/slime/
  evil-collection-20241031.1423/modes/slime/evil-collection-slime.el
  evil-collection-20241031.1423/modes/sly/
  evil-collection-20241031.1423/modes/sly/evil-collection-sly.el
  evil-collection-20241031.1423/modes/smerge-mode/
  evil-collection-20241031.1423/modes/smerge-mode/README.org
  evil-collection-20241031.1423/modes/smerge-mode/evil-collection-smerge-mode.el
  evil-collection-20241031.1423/modes/snake/
  evil-collection-20241031.1423/modes/snake/evil-collection-snake.el
  evil-collection-20241031.1423/modes/so-long/
  evil-collection-20241031.1423/modes/so-long/evil-collection-so-long.el
  evil-collection-20241031.1423/modes/speedbar/
  evil-collection-20241031.1423/modes/speedbar/evil-collection-speedbar.el
  evil-collection-20241031.1423/modes/tab-bar/
  evil-collection-20241031.1423/modes/tab-bar/evil-collection-tab-bar.el
  evil-collection-20241031.1423/modes/tablist/
  evil-collection-20241031.1423/modes/tablist/evil-collection-tablist.el
  evil-collection-20241031.1423/modes/tabulated-list/
  evil-collection-20241031.1423/modes/tabulated-list/evil-collection-tabulated-list.el
  evil-collection-20241031.1423/modes/tar-mode/
  evil-collection-20241031.1423/modes/tar-mode/evil-collection-tar-mode.el
  evil-collection-20241031.1423/modes/telega/
  evil-collection-20241031.1423/modes/telega/evil-collection-telega.el
  evil-collection-20241031.1423/modes/term/
  evil-collection-20241031.1423/modes/term/evil-collection-term.el
  evil-collection-20241031.1423/modes/tetris/
  evil-collection-20241031.1423/modes/tetris/evil-collection-tetris.el
  evil-collection-20241031.1423/modes/thread/
  evil-collection-20241031.1423/modes/thread/evil-collection-thread.el
  evil-collection-20241031.1423/modes/tide/
  evil-collection-20241031.1423/modes/tide/evil-collection-tide.el
  evil-collection-20241031.1423/modes/timer-list/
  evil-collection-20241031.1423/modes/timer-list/evil-collection-timer-list.el
  evil-collection-20241031.1423/modes/transmission/
  evil-collection-20241031.1423/modes/transmission/evil-collection-transmission.el
  evil-collection-20241031.1423/modes/trashed/
  evil-collection-20241031.1423/modes/trashed/evil-collection-trashed.el
  evil-collection-20241031.1423/modes/tuareg/
  evil-collection-20241031.1423/modes/tuareg/evil-collection-tuareg.el
  evil-collection-20241031.1423/modes/typescript-mode/
  evil-collection-20241031.1423/modes/typescript-mode/evil-collection-typescript-mode.el
  evil-collection-20241031.1423/modes/unimpaired/
  evil-collection-20241031.1423/modes/unimpaired/evil-collection-unimpaired.el
  evil-collection-20241031.1423/modes/vc-annotate/
  evil-collection-20241031.1423/modes/vc-annotate/evil-collection-vc-annotate.el
  evil-collection-20241031.1423/modes/vc-dir/
  evil-collection-20241031.1423/modes/vc-dir/evil-collection-vc-dir.el
  evil-collection-20241031.1423/modes/vc-git/
  evil-collection-20241031.1423/modes/vc-git/evil-collection-vc-git.el
  evil-collection-20241031.1423/modes/vdiff/
  evil-collection-20241031.1423/modes/vdiff/evil-collection-vdiff.el
  evil-collection-20241031.1423/modes/vertico/
  evil-collection-20241031.1423/modes/vertico/evil-collection-vertico.el
  evil-collection-20241031.1423/modes/view/
  evil-collection-20241031.1423/modes/view/evil-collection-view.el
  evil-collection-20241031.1423/modes/vlf/
  evil-collection-20241031.1423/modes/vlf/evil-collection-vlf.el
  evil-collection-20241031.1423/modes/vterm/
  evil-collection-20241031.1423/modes/vterm/evil-collection-vterm.el
  evil-collection-20241031.1423/modes/vundo/
  evil-collection-20241031.1423/modes/vundo/evil-collection-vundo.el
  evil-collection-20241031.1423/modes/w3m/
  evil-collection-20241031.1423/modes/w3m/evil-collection-w3m.el
  evil-collection-20241031.1423/modes/wdired/
  evil-collection-20241031.1423/modes/wdired/evil-collection-wdired.el
  evil-collection-20241031.1423/modes/wgrep/
  evil-collection-20241031.1423/modes/wgrep/evil-collection-wgrep.el
  evil-collection-20241031.1423/modes/which-key/
  evil-collection-20241031.1423/modes/which-key/evil-collection-which-key.el
  evil-collection-20241031.1423/modes/with-editor/
  evil-collection-20241031.1423/modes/with-editor/evil-collection-with-editor.el
  evil-collection-20241031.1423/modes/woman/
  evil-collection-20241031.1423/modes/woman/evil-collection-woman.el
  evil-collection-20241031.1423/modes/xref/
  evil-collection-20241031.1423/modes/xref/evil-collection-xref.el
  evil-collection-20241031.1423/modes/xwidget/
  evil-collection-20241031.1423/modes/xwidget/evil-collection-xwidget.el
  evil-collection-20241031.1423/modes/yaml-mode/
  evil-collection-20241031.1423/modes/yaml-mode/evil-collection-yaml-mode.el
  evil-collection-20241031.1423/modes/youtube-dl/
  evil-collection-20241031.1423/modes/youtube-dl/evil-collection-youtube-dl.el
  evil-collection-20241031.1423/modes/zmusic/
  evil-collection-20241031.1423/modes/zmusic/evil-collection-zmusic.el
  evil-collection-20241031.1423/modes/ztree/
  evil-collection-20241031.1423/modes/ztree/evil-collection-ztree.el
 ✓ Success:
  2024-11-03T23:55:03+0000  evil-collection-20241031.1423.entry
  2024-11-03T23:55:02+0000  evil-collection-20241031.1423.tar
Built evil-collection in 8.492s, finished at 2024-11-03T23:55:04+0000
