Package: evil-cleverparens
Fetcher: github
Source:  https://github.com/emacs-evil/evil-cleverparens

Updating /mnt/store/melpa/working/evil-cleverparens/
Checking out 6637717af0bdac55f97eef98433d53a10395cf77
Copying files (->) and directories (=>)
  from /mnt/store/melpa/working/evil-cleverparens/
  to /tmp/evil-cleverparensOzPAw1/evil-cleverparens-20240529.1025
    evil-cleverparens-text-objects.el -> evil-cleverparens-text-objects.el
    evil-cleverparens-util.el -> evil-cleverparens-util.el
    evil-cleverparens.el -> evil-cleverparens.el
Created evil-cleverparens-20240529.1025.tar containing:
  evil-cleverparens-20240529.1025/
  evil-cleverparens-20240529.1025/evil-cleverparens-pkg.el
  evil-cleverparens-20240529.1025/evil-cleverparens-text-objects.el
  evil-cleverparens-20240529.1025/evil-cleverparens-util.el
  evil-cleverparens-20240529.1025/evil-cleverparens.el
 ✓ Success:
  2025-01-01T00:14:03+0000  evil-cleverparens-20240529.1025.entry
  2025-01-01T00:14:03+0000  evil-cleverparens-20240529.1025.tar
Built evil-cleverparens in 2.655s, finished at 2025-01-01T00:14:04+0000
