Package: evil-mc
Fetcher: github
Source:  https://github.com/gabesoft/evil-mc

Updating /mnt/store/melpa/working/evil-mc/
Checking out 7e363dd6b0a39751e13eb76f2e9b7b13c7054a43
Copying files (->) and directories (=>)
  from /mnt/store/melpa/working/evil-mc/
  to /tmp/evil-mcfcTH01/evil-mc-20241025.2045
    evil-mc-command-execute.el -> evil-mc-command-execute.el
    evil-mc-command-record.el -> evil-mc-command-record.el
    evil-mc-common.el -> evil-mc-common.el
    evil-mc-cursor-make.el -> evil-mc-cursor-make.el
    evil-mc-cursor-state.el -> evil-mc-cursor-state.el
    evil-mc-known-commands.el -> evil-mc-known-commands.el
    evil-mc-region.el -> evil-mc-region.el
    evil-mc-scratch.el -> evil-mc-scratch.el
    evil-mc-setup.el -> evil-mc-setup.el
    evil-mc-undo.el -> evil-mc-undo.el
    evil-mc-vars.el -> evil-mc-vars.el
    evil-mc.el -> evil-mc.el
Created evil-mc-20241025.2045.tar containing:
  evil-mc-20241025.2045/
  evil-mc-20241025.2045/evil-mc-command-execute.el
  evil-mc-20241025.2045/evil-mc-command-record.el
  evil-mc-20241025.2045/evil-mc-common.el
  evil-mc-20241025.2045/evil-mc-cursor-make.el
  evil-mc-20241025.2045/evil-mc-cursor-state.el
  evil-mc-20241025.2045/evil-mc-known-commands.el
  evil-mc-20241025.2045/evil-mc-pkg.el
  evil-mc-20241025.2045/evil-mc-region.el
  evil-mc-20241025.2045/evil-mc-scratch.el
  evil-mc-20241025.2045/evil-mc-setup.el
  evil-mc-20241025.2045/evil-mc-undo.el
  evil-mc-20241025.2045/evil-mc-vars.el
  evil-mc-20241025.2045/evil-mc.el
 ✓ Success:
  2024-10-31T22:56:12+0000  evil-mc-20241025.2045.entry
  2024-10-31T22:56:12+0000  evil-mc-20241025.2045.tar
Built evil-mc in 3.436s, finished at 2024-10-31T22:56:13+0000
