Package: evil
Fetcher: github
Source:  https://github.com/emacs-evil/evil.git

Updating /mnt/store/melpa/working/evil/
Checking out 76667a1a46d896d673f51f7f5782125d06b3a022
Copying files (->) and directories (=>)
  from /mnt/store/melpa/working/evil/
  to /tmp/evilm2Msra/evil-20240503.1656
    evil-command-window.el -> evil-command-window.el
    evil-commands.el -> evil-commands.el
    evil-common.el -> evil-common.el
    evil-core.el -> evil-core.el
    evil-development.el -> evil-development.el
    evil-digraphs.el -> evil-digraphs.el
    evil-ex.el -> evil-ex.el
    evil-integration.el -> evil-integration.el
    evil-jumps.el -> evil-jumps.el
    evil-keybindings.el -> evil-keybindings.el
    evil-macros.el -> evil-macros.el
    evil-maps.el -> evil-maps.el
    evil-pkg.el -> evil-pkg.el
    evil-repeat.el -> evil-repeat.el
    evil-search.el -> evil-search.el
    evil-states.el -> evil-states.el
    evil-types.el -> evil-types.el
    evil-vars.el -> evil-vars.el
    evil.el -> evil.el
  ! doc/build/texinfo/evil.texi -> evil.texi
Generating /tmp/evilm2Msra/evil-20240503.1656/evil.info
Created evil-20240503.1656.tar containing:
  evil-20240503.1656/
  evil-20240503.1656/dir
  evil-20240503.1656/evil-command-window.el
  evil-20240503.1656/evil-commands.el
  evil-20240503.1656/evil-common.el
  evil-20240503.1656/evil-core.el
  evil-20240503.1656/evil-development.el
  evil-20240503.1656/evil-digraphs.el
  evil-20240503.1656/evil-ex.el
  evil-20240503.1656/evil-integration.el
  evil-20240503.1656/evil-jumps.el
  evil-20240503.1656/evil-keybindings.el
  evil-20240503.1656/evil-macros.el
  evil-20240503.1656/evil-maps.el
  evil-20240503.1656/evil-pkg.el
  evil-20240503.1656/evil-repeat.el
  evil-20240503.1656/evil-search.el
  evil-20240503.1656/evil-states.el
  evil-20240503.1656/evil-types.el
  evil-20240503.1656/evil-vars.el
  evil-20240503.1656/evil.el
  evil-20240503.1656/evil.info
 ✓ Success:
  2024-05-03T23:28:13+0000  evil-20240503.1656.entry
  2024-05-03T23:28:12+0000  evil-20240503.1656.tar
Built evil in 12.414s, finished at 2024-05-03T23:28:15+0000
