 • Building package evil-matchit (from github:redguardtoo/evil-matchit)...
Updating /mnt/store/melpa/working/evil-matchit/
Checking out eb2b0c776c9d1cf3199c24473499ce4adfa44178
Copying files (->) and directories (=>)
  from /mnt/store/melpa/working/evil-matchit/
  to /tmp/evil-matchitFAJGhM/evil-matchit-20251212.1256
    evil-matchit-c.el -> evil-matchit-c.el
    evil-matchit-cmake.el -> evil-matchit-cmake.el
    evil-matchit-diff.el -> evil-matchit-diff.el
    evil-matchit-elixir.el -> evil-matchit-elixir.el
    evil-matchit-evil-setup.el -> evil-matchit-evil-setup.el
    evil-matchit-fortran.el -> evil-matchit-fortran.el
    evil-matchit-html.el -> evil-matchit-html.el
    evil-matchit-indent.el -> evil-matchit-indent.el
    evil-matchit-javascript.el -> evil-matchit-javascript.el
    evil-matchit-latex.el -> evil-matchit-latex.el
    evil-matchit-markdown.el -> evil-matchit-markdown.el
    evil-matchit-ocaml.el -> evil-matchit-ocaml.el
    evil-matchit-octave.el -> evil-matchit-octave.el
    evil-matchit-org.el -> evil-matchit-org.el
    evil-matchit-prog.el -> evil-matchit-prog.el
    evil-matchit-python.el -> evil-matchit-python.el
    evil-matchit-ruby.el -> evil-matchit-ruby.el
    evil-matchit-script.el -> evil-matchit-script.el
    evil-matchit-sdk.el -> evil-matchit-sdk.el
    evil-matchit-sh.el -> evil-matchit-sh.el
    evil-matchit-simple.el -> evil-matchit-simple.el
    evil-matchit-sql.el -> evil-matchit-sql.el
    evil-matchit-template.el -> evil-matchit-template.el
    evil-matchit-terminal.el -> evil-matchit-terminal.el
    evil-matchit-verilog.el -> evil-matchit-verilog.el
    evil-matchit-yaml.el -> evil-matchit-yaml.el
    evil-matchit.el -> evil-matchit.el
Created evil-matchit-20251212.1256.tar containing:
  evil-matchit-20251212.1256/
  evil-matchit-20251212.1256/evil-matchit-c.el
  evil-matchit-20251212.1256/evil-matchit-cmake.el
  evil-matchit-20251212.1256/evil-matchit-diff.el
  evil-matchit-20251212.1256/evil-matchit-elixir.el
  evil-matchit-20251212.1256/evil-matchit-evil-setup.el
  evil-matchit-20251212.1256/evil-matchit-fortran.el
  evil-matchit-20251212.1256/evil-matchit-html.el
  evil-matchit-20251212.1256/evil-matchit-indent.el
  evil-matchit-20251212.1256/evil-matchit-javascript.el
  evil-matchit-20251212.1256/evil-matchit-latex.el
  evil-matchit-20251212.1256/evil-matchit-markdown.el
  evil-matchit-20251212.1256/evil-matchit-ocaml.el
  evil-matchit-20251212.1256/evil-matchit-octave.el
  evil-matchit-20251212.1256/evil-matchit-org.el
  evil-matchit-20251212.1256/evil-matchit-pkg.el
  evil-matchit-20251212.1256/evil-matchit-prog.el
  evil-matchit-20251212.1256/evil-matchit-python.el
  evil-matchit-20251212.1256/evil-matchit-ruby.el
  evil-matchit-20251212.1256/evil-matchit-script.el
  evil-matchit-20251212.1256/evil-matchit-sdk.el
  evil-matchit-20251212.1256/evil-matchit-sh.el
  evil-matchit-20251212.1256/evil-matchit-simple.el
  evil-matchit-20251212.1256/evil-matchit-sql.el
  evil-matchit-20251212.1256/evil-matchit-template.el
  evil-matchit-20251212.1256/evil-matchit-terminal.el
  evil-matchit-20251212.1256/evil-matchit-verilog.el
  evil-matchit-20251212.1256/evil-matchit-yaml.el
  evil-matchit-20251212.1256/evil-matchit.el
 ✓ Success:
  2025-12-14T23:57:50+0000  evil-matchit-20251212.1256.entry
  2025-12-14T23:57:50+0000  evil-matchit-20251212.1256.tar
Built evil-matchit in 3.423s, finished at 2025-12-14T23:57:51+0000
