Package: evil-textobj-tree-sitter
Fetcher: github
Source:  https://github.com/meain/evil-textobj-tree-sitter

Updating /mnt/store/melpa/working/evil-textobj-tree-sitter/
Checking out 61d4e04fbaf239653b38c6e50cf580845f43a5fc
Copying files (->) and directories (=>)
  from /mnt/store/melpa/working/evil-textobj-tree-sitter/
  to /tmp/evil-textobj-tree-sitter8556q9/evil-textobj-tree-sitter-20250629.1239
    evil-textobj-tree-sitter-core.el -> evil-textobj-tree-sitter-core.el
    evil-textobj-tree-sitter-thing-at-point.el -> evil-textobj-tree-sitter-thing-at-point.el
    evil-textobj-tree-sitter.el -> evil-textobj-tree-sitter.el
    queries => queries
    treesit-queries => treesit-queries
Created evil-textobj-tree-sitter-20250629.1239.tar containing:
  evil-textobj-tree-sitter-20250629.1239/
  evil-textobj-tree-sitter-20250629.1239/evil-textobj-tree-sitter-core.el
  evil-textobj-tree-sitter-20250629.1239/evil-textobj-tree-sitter-pkg.el
  evil-textobj-tree-sitter-20250629.1239/evil-textobj-tree-sitter-thing-at-point.el
  evil-textobj-tree-sitter-20250629.1239/evil-textobj-tree-sitter.el
  evil-textobj-tree-sitter-20250629.1239/queries/
  evil-textobj-tree-sitter-20250629.1239/queries/apex/
  evil-textobj-tree-sitter-20250629.1239/queries/apex/textobjects.scm
  evil-textobj-tree-sitter-20250629.1239/queries/astro/
  evil-textobj-tree-sitter-20250629.1239/queries/astro/textobjects.scm
  evil-textobj-tree-sitter-20250629.1239/queries/bash/
  evil-textobj-tree-sitter-20250629.1239/queries/bash/textobjects.scm
  evil-textobj-tree-sitter-20250629.1239/queries/bibtex/
  evil-textobj-tree-sitter-20250629.1239/queries/bibtex/textobjects.scm
  evil-textobj-tree-sitter-20250629.1239/queries/c/
  evil-textobj-tree-sitter-20250629.1239/queries/c/textobjects.scm
  evil-textobj-tree-sitter-20250629.1239/queries/c_sharp/
  evil-textobj-tree-sitter-20250629.1239/queries/c_sharp/textobjects.scm
  evil-textobj-tree-sitter-20250629.1239/queries/cmake/
  evil-textobj-tree-sitter-20250629.1239/queries/cmake/textobjects.scm
  evil-textobj-tree-sitter-20250629.1239/queries/cpp/
  evil-textobj-tree-sitter-20250629.1239/queries/cpp/textobjects.scm
  evil-textobj-tree-sitter-20250629.1239/queries/css/
  evil-textobj-tree-sitter-20250629.1239/queries/css/textobjects.scm
  evil-textobj-tree-sitter-20250629.1239/queries/cuda/
  evil-textobj-tree-sitter-20250629.1239/queries/cuda/textobjects.scm
  evil-textobj-tree-sitter-20250629.1239/queries/dart/
  evil-textobj-tree-sitter-20250629.1239/queries/dart/textobjects.scm
  evil-textobj-tree-sitter-20250629.1239/queries/dockerfile/
  evil-textobj-tree-sitter-20250629.1239/queries/dockerfile/textobjects.scm
  evil-textobj-tree-sitter-20250629.1239/queries/ecma/
  evil-textobj-tree-sitter-20250629.1239/queries/ecma/textobjects.scm
  evil-textobj-tree-sitter-20250629.1239/queries/elixir/
  evil-textobj-tree-sitter-20250629.1239/queries/elixir/textobjects.scm
  evil-textobj-tree-sitter-20250629.1239/queries/elm/
  evil-textobj-tree-sitter-20250629.1239/queries/elm/textobjects.scm
  evil-textobj-tree-sitter-20250629.1239/queries/fennel/
  evil-textobj-tree-sitter-20250629.1239/queries/fennel/textobjects.scm
  evil-textobj-tree-sitter-20250629.1239/queries/fish/
  evil-textobj-tree-sitter-20250629.1239/queries/fish/textobjects.scm
  evil-textobj-tree-sitter-20250629.1239/queries/foam/
  evil-textobj-tree-sitter-20250629.1239/queries/foam/textobjects.scm
  evil-textobj-tree-sitter-20250629.1239/queries/gdscript/
  evil-textobj-tree-sitter-20250629.1239/queries/gdscript/textobjects.scm
  evil-textobj-tree-sitter-20250629.1239/queries/glimmer/
  evil-textobj-tree-sitter-20250629.1239/queries/glimmer/textobjects.scm
  evil-textobj-tree-sitter-20250629.1239/queries/glsl/
  evil-textobj-tree-sitter-20250629.1239/queries/glsl/textobjects.scm
  evil-textobj-tree-sitter-20250629.1239/queries/go/
  evil-textobj-tree-sitter-20250629.1239/queries/go/textobjects.scm
  evil-textobj-tree-sitter-20250629.1239/queries/hack/
  evil-textobj-tree-sitter-20250629.1239/queries/hack/textobjects.scm
  evil-textobj-tree-sitter-20250629.1239/queries/haskell/
  evil-textobj-tree-sitter-20250629.1239/queries/haskell/textobjects.scm
  evil-textobj-tree-sitter-20250629.1239/queries/hcl/
  evil-textobj-tree-sitter-20250629.1239/queries/hcl/textobjects.scm
  evil-textobj-tree-sitter-20250629.1239/queries/heex/
  evil-textobj-tree-sitter-20250629.1239/queries/heex/textobjects.scm
  evil-textobj-tree-sitter-20250629.1239/queries/hlsl/
  evil-textobj-tree-sitter-20250629.1239/queries/hlsl/textobjects.scm
  evil-textobj-tree-sitter-20250629.1239/queries/html/
  evil-textobj-tree-sitter-20250629.1239/queries/html/textobjects.scm
  evil-textobj-tree-sitter-20250629.1239/queries/inko/
  evil-textobj-tree-sitter-20250629.1239/queries/inko/textobjects.scm
  evil-textobj-tree-sitter-20250629.1239/queries/java/
  evil-textobj-tree-sitter-20250629.1239/queries/java/textobjects.scm
  evil-textobj-tree-sitter-20250629.1239/queries/javascript/
  evil-textobj-tree-sitter-20250629.1239/queries/javascript/textobjects.scm
  evil-textobj-tree-sitter-20250629.1239/queries/jsx/
  evil-textobj-tree-sitter-20250629.1239/queries/jsx/textobjects.scm
  evil-textobj-tree-sitter-20250629.1239/queries/julia/
  evil-textobj-tree-sitter-20250629.1239/queries/julia/textobjects.scm
  evil-textobj-tree-sitter-20250629.1239/queries/kotlin/
  evil-textobj-tree-sitter-20250629.1239/queries/kotlin/textobjects.scm
  evil-textobj-tree-sitter-20250629.1239/queries/latex/
  evil-textobj-tree-sitter-20250629.1239/queries/latex/textobjects.scm
  evil-textobj-tree-sitter-20250629.1239/queries/lua/
  evil-textobj-tree-sitter-20250629.1239/queries/lua/textobjects.scm
  evil-textobj-tree-sitter-20250629.1239/queries/markdown/
  evil-textobj-tree-sitter-20250629.1239/queries/markdown/textobjects.scm
  evil-textobj-tree-sitter-20250629.1239/queries/matlab/
  evil-textobj-tree-sitter-20250629.1239/queries/matlab/textobjects.scm
  evil-textobj-tree-sitter-20250629.1239/queries/nasm/
  evil-textobj-tree-sitter-20250629.1239/queries/nasm/textobjects.scm
  evil-textobj-tree-sitter-20250629.1239/queries/nim/
  evil-textobj-tree-sitter-20250629.1239/queries/nim/textobjects.scm
  evil-textobj-tree-sitter-20250629.1239/queries/nix/
  evil-textobj-tree-sitter-20250629.1239/queries/nix/textobjects.scm
  evil-textobj-tree-sitter-20250629.1239/queries/odin/
  evil-textobj-tree-sitter-20250629.1239/queries/odin/textobjects.scm
  evil-textobj-tree-sitter-20250629.1239/queries/perl/
  evil-textobj-tree-sitter-20250629.1239/queries/perl/textobjects.scm
  evil-textobj-tree-sitter-20250629.1239/queries/php/
  evil-textobj-tree-sitter-20250629.1239/queries/php/textobjects.scm
  evil-textobj-tree-sitter-20250629.1239/queries/php_only/
  evil-textobj-tree-sitter-20250629.1239/queries/php_only/textobjects.scm
  evil-textobj-tree-sitter-20250629.1239/queries/python/
  evil-textobj-tree-sitter-20250629.1239/queries/python/textobjects.scm
  evil-textobj-tree-sitter-20250629.1239/queries/ql/
  evil-textobj-tree-sitter-20250629.1239/queries/ql/textobjects.scm
  evil-textobj-tree-sitter-20250629.1239/queries/query/
  evil-textobj-tree-sitter-20250629.1239/queries/query/textobjects.scm
  evil-textobj-tree-sitter-20250629.1239/queries/r/
  evil-textobj-tree-sitter-20250629.1239/queries/r/textobjects.scm
  evil-textobj-tree-sitter-20250629.1239/queries/readline/
  evil-textobj-tree-sitter-20250629.1239/queries/readline/textobjects.scm
  evil-textobj-tree-sitter-20250629.1239/queries/rst/
  evil-textobj-tree-sitter-20250629.1239/queries/rst/textobjects.scm
  evil-textobj-tree-sitter-20250629.1239/queries/ruby/
  evil-textobj-tree-sitter-20250629.1239/queries/ruby/textobjects.scm
  evil-textobj-tree-sitter-20250629.1239/queries/rust/
  evil-textobj-tree-sitter-20250629.1239/queries/rust/textobjects.scm
  evil-textobj-tree-sitter-20250629.1239/queries/scala/
  evil-textobj-tree-sitter-20250629.1239/queries/scala/textobjects.scm
  evil-textobj-tree-sitter-20250629.1239/queries/scss/
  evil-textobj-tree-sitter-20250629.1239/queries/scss/textobjects.scm
  evil-textobj-tree-sitter-20250629.1239/queries/slang/
  evil-textobj-tree-sitter-20250629.1239/queries/slang/textobjects.scm
  evil-textobj-tree-sitter-20250629.1239/queries/supercollider/
  evil-textobj-tree-sitter-20250629.1239/queries/supercollider/textobjects.scm
  evil-textobj-tree-sitter-20250629.1239/queries/swift/
  evil-textobj-tree-sitter-20250629.1239/queries/swift/textobjects.scm
  evil-textobj-tree-sitter-20250629.1239/queries/tact/
  evil-textobj-tree-sitter-20250629.1239/queries/tact/textobjects.scm
  evil-textobj-tree-sitter-20250629.1239/queries/terraform/
  evil-textobj-tree-sitter-20250629.1239/queries/terraform/textobjects.scm
  evil-textobj-tree-sitter-20250629.1239/queries/toml/
  evil-textobj-tree-sitter-20250629.1239/queries/toml/textobjects.scm
  evil-textobj-tree-sitter-20250629.1239/queries/tsx/
  evil-textobj-tree-sitter-20250629.1239/queries/tsx/textobjects.scm
  evil-textobj-tree-sitter-20250629.1239/queries/twig/
  evil-textobj-tree-sitter-20250629.1239/queries/twig/textobjects.scm
  evil-textobj-tree-sitter-20250629.1239/queries/typescript/
  evil-textobj-tree-sitter-20250629.1239/queries/typescript/textobjects.scm
  evil-textobj-tree-sitter-20250629.1239/queries/v/
  evil-textobj-tree-sitter-20250629.1239/queries/v/textobjects.scm
  evil-textobj-tree-sitter-20250629.1239/queries/verilog/
  evil-textobj-tree-sitter-20250629.1239/queries/verilog/textobjects.scm
  evil-textobj-tree-sitter-20250629.1239/queries/vim/
  evil-textobj-tree-sitter-20250629.1239/queries/vim/textobjects.scm
  evil-textobj-tree-sitter-20250629.1239/queries/vue/
  evil-textobj-tree-sitter-20250629.1239/queries/vue/textobjects.scm
  evil-textobj-tree-sitter-20250629.1239/queries/wgsl/
  evil-textobj-tree-sitter-20250629.1239/queries/wgsl/textobjects.scm
  evil-textobj-tree-sitter-20250629.1239/queries/wgsl_bevy/
  evil-textobj-tree-sitter-20250629.1239/queries/wgsl_bevy/textobjects.scm
  evil-textobj-tree-sitter-20250629.1239/queries/yaml/
  evil-textobj-tree-sitter-20250629.1239/queries/yaml/textobjects.scm
  evil-textobj-tree-sitter-20250629.1239/queries/zig/
  evil-textobj-tree-sitter-20250629.1239/queries/zig/textobjects.scm
  evil-textobj-tree-sitter-20250629.1239/treesit-queries/
  evil-textobj-tree-sitter-20250629.1239/treesit-queries/_typescript/
  evil-textobj-tree-sitter-20250629.1239/treesit-queries/_typescript/textobjects.scm
  evil-textobj-tree-sitter-20250629.1239/treesit-queries/ada/
  evil-textobj-tree-sitter-20250629.1239/treesit-queries/ada/textobjects.scm
  evil-textobj-tree-sitter-20250629.1239/treesit-queries/adl/
  evil-textobj-tree-sitter-20250629.1239/treesit-queries/adl/textobjects.scm
  evil-textobj-tree-sitter-20250629.1239/treesit-queries/awk/
  evil-textobj-tree-sitter-20250629.1239/treesit-queries/awk/textobjects.scm
  evil-textobj-tree-sitter-20250629.1239/treesit-queries/bash/
  evil-textobj-tree-sitter-20250629.1239/treesit-queries/bash/textobjects.scm
  evil-textobj-tree-sitter-20250629.1239/treesit-queries/c-sharp/
  evil-textobj-tree-sitter-20250629.1239/treesit-queries/c-sharp/textobjects.scm
  evil-textobj-tree-sitter-20250629.1239/treesit-queries/c/
  evil-textobj-tree-sitter-20250629.1239/treesit-queries/c/textobjects.scm
  evil-textobj-tree-sitter-20250629.1239/treesit-queries/cairo/
  evil-textobj-tree-sitter-20250629.1239/treesit-queries/cairo/textobjects.scm
  evil-textobj-tree-sitter-20250629.1239/treesit-queries/cmake/
  evil-textobj-tree-sitter-20250629.1239/treesit-queries/cmake/textobjects.scm
  evil-textobj-tree-sitter-20250629.1239/treesit-queries/codeql/
  evil-textobj-tree-sitter-20250629.1239/treesit-queries/codeql/textobjects.scm
  evil-textobj-tree-sitter-20250629.1239/treesit-queries/cpp/
  evil-textobj-tree-sitter-20250629.1239/treesit-queries/cpp/textobjects.scm
  evil-textobj-tree-sitter-20250629.1239/treesit-queries/crystal/
  evil-textobj-tree-sitter-20250629.1239/treesit-queries/crystal/textobjects.scm
  evil-textobj-tree-sitter-20250629.1239/treesit-queries/cylc/
  evil-textobj-tree-sitter-20250629.1239/treesit-queries/cylc/textobjects.scm
  evil-textobj-tree-sitter-20250629.1239/treesit-queries/d/
  evil-textobj-tree-sitter-20250629.1239/treesit-queries/d/textobjects.scm
  evil-textobj-tree-sitter-20250629.1239/treesit-queries/dart/
  evil-textobj-tree-sitter-20250629.1239/treesit-queries/dart/textobjects.scm
  evil-textobj-tree-sitter-20250629.1239/treesit-queries/dhall/
  evil-textobj-tree-sitter-20250629.1239/treesit-queries/dhall/textobjects.scm
  evil-textobj-tree-sitter-20250629.1239/treesit-queries/docker-compose/
  evil-textobj-tree-sitter-20250629.1239/treesit-queries/docker-compose/textobjects.scm
  evil-textobj-tree-sitter-20250629.1239/treesit-queries/dockerfile/
  evil-textobj-tree-sitter-20250629.1239/treesit-queries/dockerfile/textobjects.scm
  evil-textobj-tree-sitter-20250629.1239/treesit-queries/earthfile/
  evil-textobj-tree-sitter-20250629.1239/treesit-queries/earthfile/textobjects.scm
  evil-textobj-tree-sitter-20250629.1239/treesit-queries/ecma/
  evil-textobj-tree-sitter-20250629.1239/treesit-queries/ecma/textobjects.scm
  evil-textobj-tree-sitter-20250629.1239/treesit-queries/elixir/
  evil-textobj-tree-sitter-20250629.1239/treesit-queries/elixir/textobjects.scm
  evil-textobj-tree-sitter-20250629.1239/treesit-queries/elm/
  evil-textobj-tree-sitter-20250629.1239/treesit-queries/elm/textobjects.scm
  evil-textobj-tree-sitter-20250629.1239/treesit-queries/env/
  evil-textobj-tree-sitter-20250629.1239/treesit-queries/env/textobjects.scm
  evil-textobj-tree-sitter-20250629.1239/treesit-queries/erlang/
  evil-textobj-tree-sitter-20250629.1239/treesit-queries/erlang/textobjects.scm
  evil-textobj-tree-sitter-20250629.1239/treesit-queries/fga/
  evil-textobj-tree-sitter-20250629.1239/treesit-queries/fga/textobjects.scm
  evil-textobj-tree-sitter-20250629.1239/treesit-queries/fish/
  evil-textobj-tree-sitter-20250629.1239/treesit-queries/fish/textobjects.scm
  evil-textobj-tree-sitter-20250629.1239/treesit-queries/gas/
  evil-textobj-tree-sitter-20250629.1239/treesit-queries/gas/textobjects.scm
  evil-textobj-tree-sitter-20250629.1239/treesit-queries/gdscript/
  evil-textobj-tree-sitter-20250629.1239/treesit-queries/gdscript/textobjects.scm
  evil-textobj-tree-sitter-20250629.1239/treesit-queries/git-commit/
  evil-textobj-tree-sitter-20250629.1239/treesit-queries/git-commit/textobjects.scm
  evil-textobj-tree-sitter-20250629.1239/treesit-queries/git-config/
  evil-textobj-tree-sitter-20250629.1239/treesit-queries/git-config/textobjects.scm
  evil-textobj-tree-sitter-20250629.1239/treesit-queries/gjs/
  evil-textobj-tree-sitter-20250629.1239/treesit-queries/gjs/textobjects.scm
  evil-textobj-tree-sitter-20250629.1239/treesit-queries/gleam/
  evil-textobj-tree-sitter-20250629.1239/treesit-queries/gleam/textobjects.scm
  evil-textobj-tree-sitter-20250629.1239/treesit-queries/glsl/
  evil-textobj-tree-sitter-20250629.1239/treesit-queries/glsl/textobjects.scm
  evil-textobj-tree-sitter-20250629.1239/treesit-queries/go/
  evil-textobj-tree-sitter-20250629.1239/treesit-queries/go/textobjects.scm
  evil-textobj-tree-sitter-20250629.1239/treesit-queries/godot-resource/
  evil-textobj-tree-sitter-20250629.1239/treesit-queries/godot-resource/textobjects.scm
  evil-textobj-tree-sitter-20250629.1239/treesit-queries/graphql/
  evil-textobj-tree-sitter-20250629.1239/treesit-queries/graphql/textobjects.scm
  evil-textobj-tree-sitter-20250629.1239/treesit-queries/gren/
  evil-textobj-tree-sitter-20250629.1239/treesit-queries/gren/textobjects.scm
  evil-textobj-tree-sitter-20250629.1239/treesit-queries/gts/
  evil-textobj-tree-sitter-20250629.1239/treesit-queries/gts/textobjects.scm
  evil-textobj-tree-sitter-20250629.1239/treesit-queries/haskell/
  evil-textobj-tree-sitter-20250629.1239/treesit-queries/haskell/textobjects.scm
  evil-textobj-tree-sitter-20250629.1239/treesit-queries/hcl/
  evil-textobj-tree-sitter-20250629.1239/treesit-queries/hcl/textobjects.scm
  evil-textobj-tree-sitter-20250629.1239/treesit-queries/heex/
  evil-textobj-tree-sitter-20250629.1239/treesit-queries/heex/textobjects.scm
  evil-textobj-tree-sitter-20250629.1239/treesit-queries/hocon/
  evil-textobj-tree-sitter-20250629.1239/treesit-queries/hocon/textobjects.scm
  evil-textobj-tree-sitter-20250629.1239/treesit-queries/hurl/
  evil-textobj-tree-sitter-20250629.1239/treesit-queries/hurl/textobjects.scm
  evil-textobj-tree-sitter-20250629.1239/treesit-queries/inko/
  evil-textobj-tree-sitter-20250629.1239/treesit-queries/inko/textobjects.scm
  evil-textobj-tree-sitter-20250629.1239/treesit-queries/java/
  evil-textobj-tree-sitter-20250629.1239/treesit-queries/java/textobjects.scm
  evil-textobj-tree-sitter-20250629.1239/treesit-queries/javascript/
  evil-textobj-tree-sitter-20250629.1239/treesit-queries/javascript/textobjects.scm
  evil-textobj-tree-sitter-20250629.1239/treesit-queries/jq/
  evil-textobj-tree-sitter-20250629.1239/treesit-queries/jq/textobjects.scm
  evil-textobj-tree-sitter-20250629.1239/treesit-queries/json/
  evil-textobj-tree-sitter-20250629.1239/treesit-queries/json/textobjects.scm
  evil-textobj-tree-sitter-20250629.1239/treesit-queries/jsx/
  evil-textobj-tree-sitter-20250629.1239/treesit-queries/jsx/textobjects.scm
  evil-textobj-tree-sitter-20250629.1239/treesit-queries/julia/
  evil-textobj-tree-sitter-20250629.1239/treesit-queries/julia/textobjects.scm
  evil-textobj-tree-sitter-20250629.1239/treesit-queries/just/
  evil-textobj-tree-sitter-20250629.1239/treesit-queries/just/textobjects.scm
  evil-textobj-tree-sitter-20250629.1239/treesit-queries/kdl/
  evil-textobj-tree-sitter-20250629.1239/treesit-queries/kdl/textobjects.scm
  evil-textobj-tree-sitter-20250629.1239/treesit-queries/kotlin/
  evil-textobj-tree-sitter-20250629.1239/treesit-queries/kotlin/textobjects.scm
  evil-textobj-tree-sitter-20250629.1239/treesit-queries/koto/
  evil-textobj-tree-sitter-20250629.1239/treesit-queries/koto/textobjects.scm
  evil-textobj-tree-sitter-20250629.1239/treesit-queries/latex/
  evil-textobj-tree-sitter-20250629.1239/treesit-queries/latex/textobjects.scm
  evil-textobj-tree-sitter-20250629.1239/treesit-queries/llvm-mir/
  evil-textobj-tree-sitter-20250629.1239/treesit-queries/llvm-mir/textobjects.scm
  evil-textobj-tree-sitter-20250629.1239/treesit-queries/llvm/
  evil-textobj-tree-sitter-20250629.1239/treesit-queries/llvm/textobjects.scm
  evil-textobj-tree-sitter-20250629.1239/treesit-queries/lua/
  evil-textobj-tree-sitter-20250629.1239/treesit-queries/lua/textobjects.scm
  evil-textobj-tree-sitter-20250629.1239/treesit-queries/luau/
  evil-textobj-tree-sitter-20250629.1239/treesit-queries/luau/textobjects.scm
  evil-textobj-tree-sitter-20250629.1239/treesit-queries/mail/
  evil-textobj-tree-sitter-20250629.1239/treesit-queries/mail/textobjects.scm
  evil-textobj-tree-sitter-20250629.1239/treesit-queries/matlab/
  evil-textobj-tree-sitter-20250629.1239/treesit-queries/matlab/textobjects.scm
  evil-textobj-tree-sitter-20250629.1239/treesit-queries/mojo/
  evil-textobj-tree-sitter-20250629.1239/treesit-queries/mojo/textobjects.scm
  evil-textobj-tree-sitter-20250629.1239/treesit-queries/nasm/
  evil-textobj-tree-sitter-20250629.1239/treesit-queries/nasm/textobjects.scm
  evil-textobj-tree-sitter-20250629.1239/treesit-queries/nestedtext/
  evil-textobj-tree-sitter-20250629.1239/treesit-queries/nestedtext/textobjects.scm
  evil-textobj-tree-sitter-20250629.1239/treesit-queries/nim/
  evil-textobj-tree-sitter-20250629.1239/treesit-queries/nim/textobjects.scm
  evil-textobj-tree-sitter-20250629.1239/treesit-queries/nix/
  evil-textobj-tree-sitter-20250629.1239/treesit-queries/nix/textobjects.scm
  evil-textobj-tree-sitter-20250629.1239/treesit-queries/odin/
  evil-textobj-tree-sitter-20250629.1239/treesit-queries/odin/textobjects.scm
  evil-textobj-tree-sitter-20250629.1239/treesit-queries/ohm/
  evil-textobj-tree-sitter-20250629.1239/treesit-queries/ohm/textobjects.scm
  evil-textobj-tree-sitter-20250629.1239/treesit-queries/opencl/
  evil-textobj-tree-sitter-20250629.1239/treesit-queries/opencl/textobjects.scm
  evil-textobj-tree-sitter-20250629.1239/treesit-queries/pascal/
  evil-textobj-tree-sitter-20250629.1239/treesit-queries/pascal/textobjects.scm
  evil-textobj-tree-sitter-20250629.1239/treesit-queries/perl/
  evil-textobj-tree-sitter-20250629.1239/treesit-queries/perl/textobjects.scm
  evil-textobj-tree-sitter-20250629.1239/treesit-queries/pest/
  evil-textobj-tree-sitter-20250629.1239/treesit-queries/pest/textobjects.scm
  evil-textobj-tree-sitter-20250629.1239/treesit-queries/php/
  evil-textobj-tree-sitter-20250629.1239/treesit-queries/php/textobjects.scm
  evil-textobj-tree-sitter-20250629.1239/treesit-queries/pkgbuild/
  evil-textobj-tree-sitter-20250629.1239/treesit-queries/pkgbuild/textobjects.scm
  evil-textobj-tree-sitter-20250629.1239/treesit-queries/po/
  evil-textobj-tree-sitter-20250629.1239/treesit-queries/po/textobjects.scm
  evil-textobj-tree-sitter-20250629.1239/treesit-queries/ponylang/
  evil-textobj-tree-sitter-20250629.1239/treesit-queries/ponylang/textobjects.scm
  evil-textobj-tree-sitter-20250629.1239/treesit-queries/prisma/
  evil-textobj-tree-sitter-20250629.1239/treesit-queries/prisma/textobjects.scm
  evil-textobj-tree-sitter-20250629.1239/treesit-queries/protobuf/
  evil-textobj-tree-sitter-20250629.1239/treesit-queries/protobuf/textobjects.scm
  evil-textobj-tree-sitter-20250629.1239/treesit-queries/purescript/
  evil-textobj-tree-sitter-20250629.1239/treesit-queries/purescript/textobjects.scm
  evil-textobj-tree-sitter-20250629.1239/treesit-queries/python/
  evil-textobj-tree-sitter-20250629.1239/treesit-queries/python/textobjects.scm
  evil-textobj-tree-sitter-20250629.1239/treesit-queries/rescript/
  evil-textobj-tree-sitter-20250629.1239/treesit-queries/rescript/textobjects.scm
  evil-textobj-tree-sitter-20250629.1239/treesit-queries/ruby/
  evil-textobj-tree-sitter-20250629.1239/treesit-queries/ruby/textobjects.scm
  evil-textobj-tree-sitter-20250629.1239/treesit-queries/rust/
  evil-textobj-tree-sitter-20250629.1239/treesit-queries/rust/textobjects.scm
  evil-textobj-tree-sitter-20250629.1239/treesit-queries/sage/
  evil-textobj-tree-sitter-20250629.1239/treesit-queries/sage/textobjects.scm
  evil-textobj-tree-sitter-20250629.1239/treesit-queries/scala/
  evil-textobj-tree-sitter-20250629.1239/treesit-queries/scala/textobjects.scm
  evil-textobj-tree-sitter-20250629.1239/treesit-queries/slang/
  evil-textobj-tree-sitter-20250629.1239/treesit-queries/slang/textobjects.scm
  evil-textobj-tree-sitter-20250629.1239/treesit-queries/slint/
  evil-textobj-tree-sitter-20250629.1239/treesit-queries/slint/textobjects.scm
  evil-textobj-tree-sitter-20250629.1239/treesit-queries/solidity/
  evil-textobj-tree-sitter-20250629.1239/treesit-queries/solidity/textobjects.scm
  evil-textobj-tree-sitter-20250629.1239/treesit-queries/sourcepawn/
  evil-textobj-tree-sitter-20250629.1239/treesit-queries/sourcepawn/textobjects.scm
  evil-textobj-tree-sitter-20250629.1239/treesit-queries/sql/
  evil-textobj-tree-sitter-20250629.1239/treesit-queries/sql/textobjects.scm
  evil-textobj-tree-sitter-20250629.1239/treesit-queries/starlark/
  evil-textobj-tree-sitter-20250629.1239/treesit-queries/starlark/textobjects.scm
  evil-textobj-tree-sitter-20250629.1239/treesit-queries/sway/
  evil-textobj-tree-sitter-20250629.1239/treesit-queries/sway/textobjects.scm
  evil-textobj-tree-sitter-20250629.1239/treesit-queries/swift/
  evil-textobj-tree-sitter-20250629.1239/treesit-queries/swift/textobjects.scm
  evil-textobj-tree-sitter-20250629.1239/treesit-queries/tablegen/
  evil-textobj-tree-sitter-20250629.1239/treesit-queries/tablegen/textobjects.scm
  evil-textobj-tree-sitter-20250629.1239/treesit-queries/tact/
  evil-textobj-tree-sitter-20250629.1239/treesit-queries/tact/textobjects.scm
  evil-textobj-tree-sitter-20250629.1239/treesit-queries/textproto/
  evil-textobj-tree-sitter-20250629.1239/treesit-queries/textproto/textobjects.scm
  evil-textobj-tree-sitter-20250629.1239/treesit-queries/toml/
  evil-textobj-tree-sitter-20250629.1239/treesit-queries/toml/textobjects.scm
  evil-textobj-tree-sitter-20250629.1239/treesit-queries/tsx/
  evil-textobj-tree-sitter-20250629.1239/treesit-queries/tsx/textobjects.scm
  evil-textobj-tree-sitter-20250629.1239/treesit-queries/typescript/
  evil-textobj-tree-sitter-20250629.1239/treesit-queries/typescript/textobjects.scm
  evil-textobj-tree-sitter-20250629.1239/treesit-queries/typespec/
  evil-textobj-tree-sitter-20250629.1239/treesit-queries/typespec/textobjects.scm
  evil-textobj-tree-sitter-20250629.1239/treesit-queries/unison/
  evil-textobj-tree-sitter-20250629.1239/treesit-queries/unison/textobjects.scm
  evil-textobj-tree-sitter-20250629.1239/treesit-queries/v/
  evil-textobj-tree-sitter-20250629.1239/treesit-queries/v/textobjects.scm
  evil-textobj-tree-sitter-20250629.1239/treesit-queries/vala/
  evil-textobj-tree-sitter-20250629.1239/treesit-queries/vala/textobjects.scm
  evil-textobj-tree-sitter-20250629.1239/treesit-queries/verilog/
  evil-textobj-tree-sitter-20250629.1239/treesit-queries/verilog/textobjects.scm
  evil-textobj-tree-sitter-20250629.1239/treesit-queries/wesl/
  evil-textobj-tree-sitter-20250629.1239/treesit-queries/wesl/textobjects.scm
  evil-textobj-tree-sitter-20250629.1239/treesit-queries/wren/
  evil-textobj-tree-sitter-20250629.1239/treesit-queries/wren/textobjects.scm
  evil-textobj-tree-sitter-20250629.1239/treesit-queries/yaml/
  evil-textobj-tree-sitter-20250629.1239/treesit-queries/yaml/textobjects.scm
  evil-textobj-tree-sitter-20250629.1239/treesit-queries/zig/
  evil-textobj-tree-sitter-20250629.1239/treesit-queries/zig/textobjects.scm
 ✓ Success:
  2025-06-30T00:33:46+0000  evil-textobj-tree-sitter-20250629.1239.entry
  2025-06-30T00:33:46+0000  evil-textobj-tree-sitter-20250629.1239.tar
Built evil-textobj-tree-sitter in 6.332s, finished at 2025-06-30T00:33:48+0000
