Package: ewal-spacemacs-themes
Fetcher: github
Source:  https://github.com/cyruseuros/ewal

Updating /mnt/store/melpa/working/ewal-spacemacs-themes/
Checking out 0d245edcfcd9cc5766d37b270214fb9da9b4336d
Copying files (->) and directories (=>)
  from /mnt/store/melpa/working/ewal-spacemacs-themes/
  to /tmp/ewal-spacemacs-themesC3NRbc/ewal-spacemacs-themes-20230505.609
  ! spacemacs-themes/ewal-spacemacs-classic-theme.el -> ewal-spacemacs-classic-theme.el
  ! spacemacs-themes/ewal-spacemacs-modern-theme.el -> ewal-spacemacs-modern-theme.el
  ! spacemacs-themes/ewal-spacemacs-themes.el -> ewal-spacemacs-themes.el
Created ewal-spacemacs-themes-20230505.609.tar containing:
  ewal-spacemacs-themes-20230505.609/
  ewal-spacemacs-themes-20230505.609/ewal-spacemacs-classic-theme.el
  ewal-spacemacs-themes-20230505.609/ewal-spacemacs-modern-theme.el
  ewal-spacemacs-themes-20230505.609/ewal-spacemacs-themes-pkg.el
  ewal-spacemacs-themes-20230505.609/ewal-spacemacs-themes.el
 ✓ Success:
  2024-10-13T23:52:50+0000  ewal-spacemacs-themes-20230505.609.entry
  2024-10-13T23:52:49+0000  ewal-spacemacs-themes-20230505.609.tar
Built ewal-spacemacs-themes in 4.191s, finished at 2024-10-13T23:52:51+0000
