Package: expand-region
Fetcher: github
Source:  https://github.com/magnars/expand-region.el.git

Updating /mnt/store/melpa/working/expand-region/
Checking out af2916b89d8b5e520ff4ee7214bab62a0fdb3cec
Copying files (->) and directories (=>)
  from /mnt/store/melpa/working/expand-region/
  to /tmp/expand-region9BbZxO/expand-region-20240104.1721
    cc-mode-expansions.el -> cc-mode-expansions.el
    clojure-mode-expansions.el -> clojure-mode-expansions.el
    cperl-mode-expansions.el -> cperl-mode-expansions.el
    css-mode-expansions.el -> css-mode-expansions.el
    enh-ruby-mode-expansions.el -> enh-ruby-mode-expansions.el
    er-basic-expansions.el -> er-basic-expansions.el
    erlang-mode-expansions.el -> erlang-mode-expansions.el
    expand-region-core.el -> expand-region-core.el
    expand-region-custom.el -> expand-region-custom.el
    expand-region.el -> expand-region.el
    feature-mode-expansions.el -> feature-mode-expansions.el
    html-mode-expansions.el -> html-mode-expansions.el
    js-mode-expansions.el -> js-mode-expansions.el
    js2-mode-expansions.el -> js2-mode-expansions.el
    jsp-expansions.el -> jsp-expansions.el
    latex-mode-expansions.el -> latex-mode-expansions.el
    nxml-mode-expansions.el -> nxml-mode-expansions.el
    octave-expansions.el -> octave-expansions.el
    python-el-expansions.el -> python-el-expansions.el
    python-el-fgallina-expansions.el -> python-el-fgallina-expansions.el
    python-mode-expansions.el -> python-mode-expansions.el
    ruby-mode-expansions.el -> ruby-mode-expansions.el
    sml-mode-expansions.el -> sml-mode-expansions.el
    subword-mode-expansions.el -> subword-mode-expansions.el
    text-mode-expansions.el -> text-mode-expansions.el
    the-org-mode-expansions.el -> the-org-mode-expansions.el
    web-mode-expansions.el -> web-mode-expansions.el
    yaml-mode-expansions.el -> yaml-mode-expansions.el
Created expand-region-20240104.1721.tar containing:
  expand-region-20240104.1721/
  expand-region-20240104.1721/cc-mode-expansions.el
  expand-region-20240104.1721/clojure-mode-expansions.el
  expand-region-20240104.1721/cperl-mode-expansions.el
  expand-region-20240104.1721/css-mode-expansions.el
  expand-region-20240104.1721/enh-ruby-mode-expansions.el
  expand-region-20240104.1721/er-basic-expansions.el
  expand-region-20240104.1721/erlang-mode-expansions.el
  expand-region-20240104.1721/expand-region-core.el
  expand-region-20240104.1721/expand-region-custom.el
  expand-region-20240104.1721/expand-region-pkg.el
  expand-region-20240104.1721/expand-region.el
  expand-region-20240104.1721/feature-mode-expansions.el
  expand-region-20240104.1721/html-mode-expansions.el
  expand-region-20240104.1721/js-mode-expansions.el
  expand-region-20240104.1721/js2-mode-expansions.el
  expand-region-20240104.1721/jsp-expansions.el
  expand-region-20240104.1721/latex-mode-expansions.el
  expand-region-20240104.1721/nxml-mode-expansions.el
  expand-region-20240104.1721/octave-expansions.el
  expand-region-20240104.1721/python-el-expansions.el
  expand-region-20240104.1721/python-el-fgallina-expansions.el
  expand-region-20240104.1721/python-mode-expansions.el
  expand-region-20240104.1721/ruby-mode-expansions.el
  expand-region-20240104.1721/sml-mode-expansions.el
  expand-region-20240104.1721/subword-mode-expansions.el
  expand-region-20240104.1721/text-mode-expansions.el
  expand-region-20240104.1721/the-org-mode-expansions.el
  expand-region-20240104.1721/web-mode-expansions.el
  expand-region-20240104.1721/yaml-mode-expansions.el
 ✓ Success:
  2024-01-07T15:06:11+0000  expand-region-20240104.1721.entry
  2024-01-07T15:06:11+0000  expand-region-20240104.1721.tar
Built expand-region in 3.425s, finished at 2024-01-07T15:06:12+0000
