Package: extend-dnd
Fetcher: github
Source:  https://github.com/mattfidler/extend-dnd.git

Updating /mnt/store/melpa/working/extend-dnd/
Checking out 80c966c93b82c9bb5c6225a432557c39144fc602
Copying files (->) and directories (=>)
  from /mnt/store/melpa/working/extend-dnd/
  to /tmp/extend-dndQH6kHk/extend-dnd-20151122.1850
    extend-dnd.el -> extend-dnd.el
    dir -> dir
    extend-dnd.info -> extend-dnd.info
Created extend-dnd-20151122.1850.tar containing:
  extend-dnd-20151122.1850/
  extend-dnd-20151122.1850/dir
  extend-dnd-20151122.1850/extend-dnd-pkg.el
  extend-dnd-20151122.1850/extend-dnd.el
  extend-dnd-20151122.1850/extend-dnd.info
 ✓ Success:
  2024-01-10T16:09:33+0000  extend-dnd-20151122.1850.entry
  2024-01-10T16:09:33+0000  extend-dnd-20151122.1850.tar
Built extend-dnd in 3.424s, finished at 2024-01-10T16:09:34+0000
