Package: farmhouse-themes
Fetcher: github
Source:  https://github.com/emacsorphanage/farmhouse-themes.git

Updating /mnt/store/melpa/working/farmhouse-themes/
Checking out 30c763d01611dad88f1a1ff88451431e2629016d
Copying files (->) and directories (=>)
  from /mnt/store/melpa/working/farmhouse-themes/
  to /tmp/farmhouse-themesYx0VyQ/farmhouse-themes-20221025.2054
    farmhouse-dark-theme.el -> farmhouse-dark-theme.el
    farmhouse-light-theme.el -> farmhouse-light-theme.el
    farmhouse-themes.el -> farmhouse-themes.el
Created farmhouse-themes-20221025.2054.tar containing:
  farmhouse-themes-20221025.2054/
  farmhouse-themes-20221025.2054/farmhouse-dark-theme.el
  farmhouse-themes-20221025.2054/farmhouse-light-theme.el
  farmhouse-themes-20221025.2054/farmhouse-themes-pkg.el
  farmhouse-themes-20221025.2054/farmhouse-themes.el
 ✓ Success:
  2024-01-10T08:17:54+0000  farmhouse-themes-20221025.2054.entry
  2024-01-10T08:17:54+0000  farmhouse-themes-20221025.2054.tar
Built farmhouse-themes in 3.915s, finished at 2024-01-10T08:17:56+0000
