Package: fedi
Fetcher: codeberg
Source:  https://codeberg.org/martianh/fedi.el.git

Updating /mnt/store/melpa/working/fedi/
Checking out b4996a467868b11e7f4ee9c53354131a99bc6bad
Copying files (->) and directories (=>)
  from /mnt/store/melpa/working/fedi/
  to /tmp/fedismr8F0/fedi-20240311.1417
    fedi-http.el -> fedi-http.el
    fedi-iso.el -> fedi-iso.el
    fedi-post.el -> fedi-post.el
    fedi.el -> fedi.el
Created fedi-20240311.1417.tar containing:
  fedi-20240311.1417/
  fedi-20240311.1417/fedi-http.el
  fedi-20240311.1417/fedi-iso.el
  fedi-20240311.1417/fedi-pkg.el
  fedi-20240311.1417/fedi-post.el
  fedi-20240311.1417/fedi.el
 ✓ Success:
  2024-05-09T00:57:53+0000  fedi-20240311.1417.entry
  2024-05-09T00:57:53+0000  fedi-20240311.1417.tar
Built fedi in 5.651s, finished at 2024-05-09T00:57:56+0000
