Package: fennel-mode
Fetcher: sourcehut
Source:  https://git.sr.ht/~technomancy/fennel-mode

Updating /mnt/store/melpa/working/fennel-mode/
Checking out fd4444b03039a2ab2f4b717f7d8f758a00cc8007
Copying files (->) and directories (=>)
  from /mnt/store/melpa/working/fennel-mode/
  to /tmp/fennel-modecCgYPp/fennel-mode-20240309.623
    antifennel.el -> antifennel.el
    fennel-mode.el -> fennel-mode.el
    fennel-proto-repl.el -> fennel-proto-repl.el
    fennel-scratch.el -> fennel-scratch.el
    ob-fennel.el -> ob-fennel.el
Created fennel-mode-20240309.623.tar containing:
  fennel-mode-20240309.623/
  fennel-mode-20240309.623/antifennel.el
  fennel-mode-20240309.623/fennel-mode-pkg.el
  fennel-mode-20240309.623/fennel-mode.el
  fennel-mode-20240309.623/fennel-proto-repl.el
  fennel-mode-20240309.623/fennel-scratch.el
  fennel-mode-20240309.623/ob-fennel.el
 ✓ Success:
  2024-03-11T00:13:49+0000  fennel-mode-20240309.623.entry
  2024-03-11T00:13:49+0000  fennel-mode-20240309.623.tar
Built fennel-mode in 3.809s, finished at 2024-03-11T00:13:50+0000
