Package: fingers
Fetcher: github
Source:  https://github.com/fgeller/fingers.el.git

Updating /mnt/store/melpa/working/fingers/
Checking out 7de351448a6f5ea7aa7a25db6c90d5138f87eb16
Copying files (->) and directories (=>)
  from /mnt/store/melpa/working/fingers/
  to /tmp/fingersvYCvcR/fingers-20160817.829
    fingers-neo.el -> fingers-neo.el
    fingers-qwerty.el -> fingers-qwerty.el
    fingers.el -> fingers.el
Created fingers-20160817.829.tar containing:
  fingers-20160817.829/
  fingers-20160817.829/fingers-neo.el
  fingers-20160817.829/fingers-pkg.el
  fingers-20160817.829/fingers-qwerty.el
  fingers-20160817.829/fingers.el
 ✓ Success:
  2023-12-28T14:59:10+0000  fingers-20160817.829.entry
  2023-12-28T14:59:10+0000  fingers-20160817.829.tar
Built fingers in 3.786s, finished at 2023-12-28T14:59:12+0000
