Package: finito
Fetcher: github
Source:  https://github.com/LaurenceWarne/finito.el.git

Updating /mnt/store/melpa/working/finito/
Checking out 47ab84e86628198cb33fc55ddca6534c0ee172f6
Copying files (->) and directories (=>)
  from /mnt/store/melpa/working/finito/
  to /tmp/finitoo7d2zZ/finito-20240218.2123
    finito-buffer.el -> finito-buffer.el
    finito-core.el -> finito-core.el
    finito-graphql.el -> finito-graphql.el
    finito-request.el -> finito-request.el
    finito-server.el -> finito-server.el
    finito-view.el -> finito-view.el
    finito.el -> finito.el
Created finito-20240218.2123.tar containing:
  finito-20240218.2123/
  finito-20240218.2123/finito-buffer.el
  finito-20240218.2123/finito-core.el
  finito-20240218.2123/finito-graphql.el
  finito-20240218.2123/finito-pkg.el
  finito-20240218.2123/finito-request.el
  finito-20240218.2123/finito-server.el
  finito-20240218.2123/finito-view.el
  finito-20240218.2123/finito.el
 ✓ Success:
  2024-02-18T23:32:02+0000  finito-20240218.2123.entry
  2024-02-18T23:32:02+0000  finito-20240218.2123.tar
Built finito in 3.411s, finished at 2024-02-18T23:32:04+0000
