Package: firstly-search
Fetcher: github
Source:  https://github.com/Anoncheg1/firstly-search.git

Updating /mnt/store/melpa/working/firstly-search/
Checking out 519f16c248b204e74a96695c748e5aeb844e10a6
Copying files (->) and directories (=>)
  from /mnt/store/melpa/working/firstly-search/
  to /tmp/firstly-searchgWlmkz/firstly-search-20240406.47
    firstly-search-bookmarks.el -> firstly-search-bookmarks.el
    firstly-search-buffermenu.el -> firstly-search-buffermenu.el
    firstly-search-dired.el -> firstly-search-dired.el
    firstly-search-package.el -> firstly-search-package.el
    firstly-search-tabulated-list.el -> firstly-search-tabulated-list.el
    firstly-search.el -> firstly-search.el
Created firstly-search-20240406.47.tar containing:
  firstly-search-20240406.47/
  firstly-search-20240406.47/firstly-search-bookmarks.el
  firstly-search-20240406.47/firstly-search-buffermenu.el
  firstly-search-20240406.47/firstly-search-dired.el
  firstly-search-20240406.47/firstly-search-package.el
  firstly-search-20240406.47/firstly-search-pkg.el
  firstly-search-20240406.47/firstly-search-tabulated-list.el
  firstly-search-20240406.47/firstly-search.el
 ✓ Success:
  2024-04-07T23:16:21+0000  firstly-search-20240406.47.entry
  2024-04-07T23:16:21+0000  firstly-search-20240406.47.tar
Built firstly-search in 3.513s, finished at 2024-04-07T23:16:22+0000
