 • Building package flex-compile (from github:plandes/flex-compile)...
Updating /mnt/store/melpa/working/flex-compile/
Checking out 4e1057bb8f2430015a8912d05763d971c843f43c
Copying files (->) and directories (=>)
  from /mnt/store/melpa/working/flex-compile/
  to /tmp/flex-compile7WgoEv/flex-compile-20251123.2259
    flex-compile-base.el -> flex-compile-base.el
    flex-compile-choice-program.el -> flex-compile-choice-program.el
    flex-compile-cli.el -> flex-compile-cli.el
    flex-compile-clojure.el -> flex-compile-clojure.el
    flex-compile-comint.el -> flex-compile-comint.el
    flex-compile-command.el -> flex-compile-command.el
    flex-compile-config.el -> flex-compile-config.el
    flex-compile-ess.el -> flex-compile-ess.el
    flex-compile-lisp.el -> flex-compile-lisp.el
    flex-compile-make.el -> flex-compile-make.el
    flex-compile-manage.el -> flex-compile-manage.el
    flex-compile-org-export.el -> flex-compile-org-export.el
    flex-compile-python.el -> flex-compile-python.el
    flex-compile-repl.el -> flex-compile-repl.el
    flex-compile-script.el -> flex-compile-script.el
    flex-compile-single-buffer.el -> flex-compile-single-buffer.el
    flex-compile-xml-validate.el -> flex-compile-xml-validate.el
    flex-compile.el -> flex-compile.el
    flex-compiler.el -> flex-compiler.el
Created flex-compile-20251123.2259.tar containing:
  flex-compile-20251123.2259/
  flex-compile-20251123.2259/flex-compile-base.el
  flex-compile-20251123.2259/flex-compile-choice-program.el
  flex-compile-20251123.2259/flex-compile-cli.el
  flex-compile-20251123.2259/flex-compile-clojure.el
  flex-compile-20251123.2259/flex-compile-comint.el
  flex-compile-20251123.2259/flex-compile-command.el
  flex-compile-20251123.2259/flex-compile-config.el
  flex-compile-20251123.2259/flex-compile-ess.el
  flex-compile-20251123.2259/flex-compile-lisp.el
  flex-compile-20251123.2259/flex-compile-make.el
  flex-compile-20251123.2259/flex-compile-manage.el
  flex-compile-20251123.2259/flex-compile-org-export.el
  flex-compile-20251123.2259/flex-compile-pkg.el
  flex-compile-20251123.2259/flex-compile-python.el
  flex-compile-20251123.2259/flex-compile-repl.el
  flex-compile-20251123.2259/flex-compile-script.el
  flex-compile-20251123.2259/flex-compile-single-buffer.el
  flex-compile-20251123.2259/flex-compile-xml-validate.el
  flex-compile-20251123.2259/flex-compile.el
  flex-compile-20251123.2259/flex-compiler.el
 ✓ Success:
  2025-12-08T00:01:58+0000  flex-compile-20251123.2259.entry
  2025-12-08T00:01:58+0000  flex-compile-20251123.2259.tar
Built flex-compile in 3.419s, finished at 2025-12-08T00:01:58+0000
