Package: flexoki-themes
Fetcher: github
Source:  https://github.com/crmsnbleyd/flexoki-emacs-theme

Updating /mnt/store/melpa/working/flexoki-themes/
Checking out a777d2377a3d80af625c701d182c396316c0338d
Copying files (->) and directories (=>)
  from /mnt/store/melpa/working/flexoki-themes/
  to /tmp/flexoki-themesQ2aBDo/flexoki-themes-20250114.959
    flexoki-themes-dark-theme.el -> flexoki-themes-dark-theme.el
    flexoki-themes-light-theme.el -> flexoki-themes-light-theme.el
    flexoki-themes.el -> flexoki-themes.el
Created flexoki-themes-20250114.959.tar containing:
  flexoki-themes-20250114.959/
  flexoki-themes-20250114.959/flexoki-themes-dark-theme.el
  flexoki-themes-20250114.959/flexoki-themes-light-theme.el
  flexoki-themes-20250114.959/flexoki-themes-pkg.el
  flexoki-themes-20250114.959/flexoki-themes.el
 ✓ Success:
  2025-01-29T00:07:57+0000  flexoki-themes-20250114.959.entry
  2025-01-29T00:07:57+0000  flexoki-themes-20250114.959.tar
Built flexoki-themes in 3.510s, finished at 2025-01-29T00:07:58+0000
