Package: flim
Fetcher: github
Source:  https://github.com/emacsmirror/flim

Cloning https://github.com/emacsmirror/flim to /mnt/store/melpa/working/flim/
Checking out e4e147c3f279f2ef475254fc3762da040e505ebf
Copying files (->) and directories (=>)
  from /mnt/store/melpa/working/flim/
  to /tmp/flimgQUofX/flim-20240301.1244
    mime-en.texi -> mime-en.texi
    mime-ja.texi -> mime-ja.texi
    eword-decode.el -> eword-decode.el
    eword-encode.el -> eword-encode.el
    flim-pkg.el -> flim-pkg.el
    flim.el -> flim.el
    hmac-sha1.el -> hmac-sha1.el
    mel-g.el -> mel-g.el
    mel-q-ccl.el -> mel-q-ccl.el
    mel-q.el -> mel-q.el
    mel-u.el -> mel-u.el
    mel.el -> mel.el
    mime-conf.el -> mime-conf.el
    mime-def.el -> mime-def.el
    mime-parse.el -> mime-parse.el
    mime.el -> mime.el
    mmbuffer.el -> mmbuffer.el
    mmcooked.el -> mmcooked.el
    mmexternal.el -> mmexternal.el
    mmgeneric.el -> mmgeneric.el
    qmtp.el -> qmtp.el
    sasl-xoauth2.el -> sasl-xoauth2.el
    smtp.el -> smtp.el
    std11.el -> std11.el
Generating mime-en.info
Generating mime-ja.info
Created flim-20240301.1244.tar containing:
  flim-20240301.1244/
  flim-20240301.1244/dir
  flim-20240301.1244/eword-decode.el
  flim-20240301.1244/eword-encode.el
  flim-20240301.1244/flim-pkg.el
  flim-20240301.1244/flim.el
  flim-20240301.1244/hmac-sha1.el
  flim-20240301.1244/mel-g.el
  flim-20240301.1244/mel-q-ccl.el
  flim-20240301.1244/mel-q.el
  flim-20240301.1244/mel-u.el
  flim-20240301.1244/mel.el
  flim-20240301.1244/mime-conf.el
  flim-20240301.1244/mime-def.el
  flim-20240301.1244/mime-en.info
  flim-20240301.1244/mime-ja.info
  flim-20240301.1244/mime-parse.el
  flim-20240301.1244/mime.el
  flim-20240301.1244/mmbuffer.el
  flim-20240301.1244/mmcooked.el
  flim-20240301.1244/mmexternal.el
  flim-20240301.1244/mmgeneric.el
  flim-20240301.1244/qmtp.el
  flim-20240301.1244/sasl-xoauth2.el
  flim-20240301.1244/smtp.el
  flim-20240301.1244/std11.el
 ✓ Success:
  2024-11-24T21:39:03+0000  flim-20240221.1353.entry
  2024-11-24T21:39:03+0000  flim-20240221.1353.tar
  2024-11-24T23:51:49+0000  flim-20240301.1244.entry
  2024-11-24T23:51:49+0000  flim-20240301.1244.tar
Built flim in 9.631s, finished at 2024-11-24T23:51:50+0000
