Package: flutter
Fetcher: github
Source:  https://github.com/amake/flutter.el

Updating /mnt/store/melpa/working/flutter/
Checking out e71235d400787d977da7ed792709437899c2a03c
Copying files (->) and directories (=>)
  from /mnt/store/melpa/working/flutter/
  to /tmp/flutterUri56A/flutter-20240823.1231
    flutter.el -> flutter.el
    flutter-project.el -> flutter-project.el
    flutter-l10n.el -> flutter-l10n.el
Created flutter-20240823.1231.tar containing:
  flutter-20240823.1231/
  flutter-20240823.1231/flutter-l10n.el
  flutter-20240823.1231/flutter-pkg.el
  flutter-20240823.1231/flutter-project.el
  flutter-20240823.1231/flutter.el
 ✓ Success:
  2024-10-05T23:25:15+0000  flutter-20240823.1231.entry
  2024-10-05T23:25:15+0000  flutter-20240823.1231.tar
Built flutter in 2.672s, finished at 2024-10-05T23:25:16+0000
