Package: flycheck-pycheckers
Fetcher: github
Source:  https://github.com/msherry/flycheck-pycheckers.git

Updating /mnt/store/melpa/working/flycheck-pycheckers/
Checking out 1bd9b7a7d4009a81ebd34515a72a3a94c313ad76
Copying files (->) and directories (=>)
  from /mnt/store/melpa/working/flycheck-pycheckers/
  to /tmp/flycheck-pycheckersYo1Q8d/flycheck-pycheckers-20240817.2
    flycheck-pycheckers.el -> flycheck-pycheckers.el
    bin/pycheckers.py -> bin/pycheckers.py
Created flycheck-pycheckers-20240817.2.tar containing:
  flycheck-pycheckers-20240817.2/
  flycheck-pycheckers-20240817.2/bin/
  flycheck-pycheckers-20240817.2/bin/pycheckers.py
  flycheck-pycheckers-20240817.2/flycheck-pycheckers-pkg.el
  flycheck-pycheckers-20240817.2/flycheck-pycheckers.el
 ✓ Success:
  2024-08-23T23:55:18+0000  flycheck-pycheckers-20240817.2.entry
  2024-08-23T23:55:18+0000  flycheck-pycheckers-20240817.2.tar
Built flycheck-pycheckers in 2.784s, finished at 2024-08-23T23:55:19+0000
