Package: flycheck-pyre
Fetcher: github
Source:  https://github.com/linnik/flycheck-pyre.git

Updating /mnt/store/melpa/working/flycheck-pyre/
Checking out 0560122caae207d99d8af1ac2b4e5d6f6a1ce444
Copying files (->) and directories (=>)
  from /mnt/store/melpa/working/flycheck-pyre/
  to /tmp/flycheck-pyrez6m65g/flycheck-pyre-20190215.1222
    flycheck-pyre.el -> flycheck-pyre.el
    bin => bin
Created flycheck-pyre-20190215.1222.tar containing:
  flycheck-pyre-20190215.1222/
  flycheck-pyre-20190215.1222/bin/
  flycheck-pyre-20190215.1222/bin/pyrewrapper.sh
  flycheck-pyre-20190215.1222/flycheck-pyre-pkg.el
  flycheck-pyre-20190215.1222/flycheck-pyre.el
 ✓ Success:
  2024-02-17T06:59:38+0000  flycheck-pyre-20190215.1222.entry
  2024-02-17T06:59:37+0000  flycheck-pyre-20190215.1222.tar
Built flycheck-pyre in 2.792s, finished at 2024-02-17T06:59:39+0000
