Package: fontsloth
Fetcher: github
Source:  https://github.com/jollm/fontsloth

Updating /mnt/store/melpa/working/fontsloth/
Checking out 93b094a7e2cc9a80d3e1d08ffd0e8d7c03d47731
Copying files (->) and directories (=>)
  from /mnt/store/melpa/working/fontsloth/
  to /tmp/fontsloth2fQaEE/fontsloth-20250706.707
    fontsloth--common-types.el -> fontsloth--common-types.el
    fontsloth-bbox.el -> fontsloth-bbox.el
    fontsloth-cache.el -> fontsloth-cache.el
    fontsloth-coords.el -> fontsloth-coords.el
    fontsloth-geometry.el -> fontsloth-geometry.el
    fontsloth-glyph.el -> fontsloth-glyph.el
    fontsloth-layout-lb-tables.el -> fontsloth-layout-lb-tables.el
    fontsloth-layout-linebreak.el -> fontsloth-layout-linebreak.el
    fontsloth-layout.el -> fontsloth-layout.el
    fontsloth-line.el -> fontsloth-line.el
    fontsloth-log.el -> fontsloth-log.el
    fontsloth-otf--mac-names.el -> fontsloth-otf--mac-names.el
    fontsloth-otf-.el -> fontsloth-otf-.el
    fontsloth-otf-cff-dict.el -> fontsloth-otf-cff-dict.el
    fontsloth-otf-cff.el -> fontsloth-otf-cff.el
    fontsloth-otf-glyf.el -> fontsloth-otf-glyf.el
    fontsloth-otf-kern.el -> fontsloth-otf-kern.el
    fontsloth-otf-typo.el -> fontsloth-otf-typo.el
    fontsloth-otf.el -> fontsloth-otf.el
    fontsloth-point.el -> fontsloth-point.el
    fontsloth-raster.el -> fontsloth-raster.el
    fontsloth-test-util.el -> fontsloth-test-util.el
    fontsloth-woff.el -> fontsloth-woff.el
    fontsloth.el -> fontsloth.el
Created fontsloth-20250706.707.tar containing:
  fontsloth-20250706.707/
  fontsloth-20250706.707/fontsloth--common-types.el
  fontsloth-20250706.707/fontsloth-bbox.el
  fontsloth-20250706.707/fontsloth-cache.el
  fontsloth-20250706.707/fontsloth-coords.el
  fontsloth-20250706.707/fontsloth-geometry.el
  fontsloth-20250706.707/fontsloth-glyph.el
  fontsloth-20250706.707/fontsloth-layout-lb-tables.el
  fontsloth-20250706.707/fontsloth-layout-linebreak.el
  fontsloth-20250706.707/fontsloth-layout.el
  fontsloth-20250706.707/fontsloth-line.el
  fontsloth-20250706.707/fontsloth-log.el
  fontsloth-20250706.707/fontsloth-otf--mac-names.el
  fontsloth-20250706.707/fontsloth-otf-.el
  fontsloth-20250706.707/fontsloth-otf-cff-dict.el
  fontsloth-20250706.707/fontsloth-otf-cff.el
  fontsloth-20250706.707/fontsloth-otf-glyf.el
  fontsloth-20250706.707/fontsloth-otf-kern.el
  fontsloth-20250706.707/fontsloth-otf-typo.el
  fontsloth-20250706.707/fontsloth-otf.el
  fontsloth-20250706.707/fontsloth-pkg.el
  fontsloth-20250706.707/fontsloth-point.el
  fontsloth-20250706.707/fontsloth-raster.el
  fontsloth-20250706.707/fontsloth-test-util.el
  fontsloth-20250706.707/fontsloth-woff.el
  fontsloth-20250706.707/fontsloth.el
 ✓ Success:
  2025-07-07T00:31:52+0000  fontsloth-20250706.707.entry
  2025-07-07T00:31:52+0000  fontsloth-20250706.707.tar
Built fontsloth in 3.002s, finished at 2025-07-07T00:31:53+0000
