Package: for
Fetcher: github
Source:  https://github.com/usaoc/elisp-for.git

Updating /mnt/store/melpa/working/for/
Checking out c0e9046d363a86a88fdcf73eacc09839aae4dd5a
Copying files (->) and directories (=>)
  from /mnt/store/melpa/working/for/
  to /tmp/for9VfpJC/for-20230828.832
    for-helper.el -> for-helper.el
    for-iteration.el -> for-iteration.el
    for-sequence.el -> for-sequence.el
    for.el -> for.el
    for.texi -> for.texi
Generating /tmp/for9VfpJC/for-20230828.832/for.info
Created for-20230828.832.tar containing:
  for-20230828.832/
  for-20230828.832/dir
  for-20230828.832/for-helper.el
  for-20230828.832/for-iteration.el
  for-20230828.832/for-pkg.el
  for-20230828.832/for-sequence.el
  for-20230828.832/for.el
  for-20230828.832/for.info
 ✓ Success:
  2024-05-19T23:05:40+0000  for-20230828.832.entry
  2024-05-19T23:05:40+0000  for-20230828.832.tar
Built for in 14.175s, finished at 2024-05-19T23:05:43+0000
