Package: forge
Fetcher: github
Source:  https://github.com/magit/forge.git

Updating /mnt/store/melpa/working/forge/
Checking out 2f0cd9c81471bf113d94a60255b520d02b3228dd
Copying files (->) and directories (=>)
  from /mnt/store/melpa/working/forge/
  to /tmp/forgeGisZNf/forge-20240203.1827
    forge-pkg.el -> forge-pkg.el
  ! lisp/forge-bitbucket.el -> forge-bitbucket.el
  ! lisp/forge-commands.el -> forge-commands.el
  ! lisp/forge-core.el -> forge-core.el
  ! lisp/forge-db.el -> forge-db.el
  ! lisp/forge-gitea.el -> forge-gitea.el
  ! lisp/forge-github.el -> forge-github.el
  ! lisp/forge-gitlab.el -> forge-gitlab.el
  ! lisp/forge-gogs.el -> forge-gogs.el
  ! lisp/forge-issue.el -> forge-issue.el
  ! lisp/forge-list.el -> forge-list.el
  ! lisp/forge-notify.el -> forge-notify.el
  ! lisp/forge-post.el -> forge-post.el
  ! lisp/forge-pullreq.el -> forge-pullreq.el
  ! lisp/forge-repo.el -> forge-repo.el
  ! lisp/forge-revnote.el -> forge-revnote.el
  ! lisp/forge-semi.el -> forge-semi.el
  ! lisp/forge-topic.el -> forge-topic.el
  ! lisp/forge.el -> forge.el
  ! docs/forge.texi -> forge.texi
Generating /tmp/forgeGisZNf/forge-20240203.1827/forge.info
Created forge-20240203.1827.tar containing:
  forge-20240203.1827/
  forge-20240203.1827/dir
  forge-20240203.1827/forge-bitbucket.el
  forge-20240203.1827/forge-commands.el
  forge-20240203.1827/forge-core.el
  forge-20240203.1827/forge-db.el
  forge-20240203.1827/forge-gitea.el
  forge-20240203.1827/forge-github.el
  forge-20240203.1827/forge-gitlab.el
  forge-20240203.1827/forge-gogs.el
  forge-20240203.1827/forge-issue.el
  forge-20240203.1827/forge-list.el
  forge-20240203.1827/forge-notify.el
  forge-20240203.1827/forge-pkg.el
  forge-20240203.1827/forge-post.el
  forge-20240203.1827/forge-pullreq.el
  forge-20240203.1827/forge-repo.el
  forge-20240203.1827/forge-revnote.el
  forge-20240203.1827/forge-semi.el
  forge-20240203.1827/forge-topic.el
  forge-20240203.1827/forge.el
  forge-20240203.1827/forge.info
 ✓ Success:
  2024-02-03T23:33:31+0000  forge-20240203.1827.entry
  2024-02-03T23:33:31+0000  forge-20240203.1827.tar
Built forge in 7.833s, finished at 2024-02-03T23:33:33+0000
