Package: fortpy
Fetcher: github
Source:  https://github.com/rosenbrockc/fortpy-el.git

Updating /mnt/store/melpa/working/fortpy/
Checking out c614517e9396ef7a78be3b8786fbf303879cf43b
Copying files (->) and directories (=>)
  from /mnt/store/melpa/working/fortpy/
  to /tmp/fortpyl4utv2/fortpy-20150715.2032
    fortpy.el -> fortpy.el
    fortpyepcserver.py -> fortpyepcserver.py
    Makefile -> Makefile
    setup.py -> setup.py
Created fortpy-20150715.2032.tar containing:
  fortpy-20150715.2032/
  fortpy-20150715.2032/Makefile
  fortpy-20150715.2032/fortpy-pkg.el
  fortpy-20150715.2032/fortpy.el
  fortpy-20150715.2032/fortpyepcserver.py
  fortpy-20150715.2032/setup.py
 ✓ Success:
  2024-04-28T01:10:20+0000  fortpy-20150715.2032.entry
  2024-04-28T01:10:19+0000  fortpy-20150715.2032.tar
Built fortpy in 6.374s, finished at 2024-04-28T01:10:23+0000
