Package: fountain-mode
Fetcher: github
Source:  https://github.com/rnkn/fountain-mode.git

Updating /mnt/store/melpa/working/fountain-mode/
Checking out b25315fed996cf1d41cc2d612dacc62b3e95f928
Copying files (->) and directories (=>)
  from /mnt/store/melpa/working/fountain-mode/
  to /tmp/fountain-modekFkOTs/fountain-mode-20240329.229
    fountain-mode.el -> fountain-mode.el
  ! doc/fountain-mode.texi -> fountain-mode.texi
  ! contrib/fountain-theme.el -> fountain-theme.el
Generating /tmp/fountain-modekFkOTs/fountain-mode-20240329.229/fountain-mode.info
Created fountain-mode-20240329.229.tar containing:
  fountain-mode-20240329.229/
  fountain-mode-20240329.229/dir
  fountain-mode-20240329.229/fountain-mode-pkg.el
  fountain-mode-20240329.229/fountain-mode.el
  fountain-mode-20240329.229/fountain-mode.info
  fountain-mode-20240329.229/fountain-theme.el
 ✓ Success:
  2024-05-10T00:23:30+0000  fountain-mode-20240329.229.entry
  2024-05-10T00:23:30+0000  fountain-mode-20240329.229.tar
Built fountain-mode in 10.394s, finished at 2024-05-10T00:23:32+0000
