Package: frimacs
Fetcher: github
Source:  https://github.com/pdo/frimacs

Updating /mnt/store/melpa/working/frimacs/
Checking out 8585ab33b109c977f3f05bea49ca8ff148df878a
Copying files (->) and directories (=>)
  from /mnt/store/melpa/working/frimacs/
  to /tmp/frimacsLOscMj/frimacs-20250125.1556
    frimacs-base.el -> frimacs-base.el
    frimacs-boot-mode.el -> frimacs-boot-mode.el
    frimacs-buffer-menu.el -> frimacs-buffer-menu.el
    frimacs-domain-explorer.el -> frimacs-domain-explorer.el
    frimacs-help-mode.el -> frimacs-help-mode.el
    frimacs-input-mode.el -> frimacs-input-mode.el
    frimacs-process-mode.el -> frimacs-process-mode.el
    frimacs-selector.el -> frimacs-selector.el
    frimacs-spad-mode.el -> frimacs-spad-mode.el
    frimacs.el -> frimacs.el
    data/fricas-standard-category-info.dat -> data/fricas-standard-category-info.dat
    data/fricas-standard-domain-info.dat -> data/fricas-standard-domain-info.dat
    data/fricas-standard-operation-info.dat -> data/fricas-standard-operation-info.dat
    data/fricas-standard-package-info.dat -> data/fricas-standard-package-info.dat
Created frimacs-20250125.1556.tar containing:
  frimacs-20250125.1556/
  frimacs-20250125.1556/data/
  frimacs-20250125.1556/data/fricas-standard-category-info.dat
  frimacs-20250125.1556/data/fricas-standard-domain-info.dat
  frimacs-20250125.1556/data/fricas-standard-operation-info.dat
  frimacs-20250125.1556/data/fricas-standard-package-info.dat
  frimacs-20250125.1556/frimacs-base.el
  frimacs-20250125.1556/frimacs-boot-mode.el
  frimacs-20250125.1556/frimacs-buffer-menu.el
  frimacs-20250125.1556/frimacs-domain-explorer.el
  frimacs-20250125.1556/frimacs-help-mode.el
  frimacs-20250125.1556/frimacs-input-mode.el
  frimacs-20250125.1556/frimacs-pkg.el
  frimacs-20250125.1556/frimacs-process-mode.el
  frimacs-20250125.1556/frimacs-selector.el
  frimacs-20250125.1556/frimacs-spad-mode.el
  frimacs-20250125.1556/frimacs.el
 ✓ Success:
  2025-04-04T22:49:20+0000  frimacs-20250125.1556.entry
  2025-04-04T22:49:20+0000  frimacs-20250125.1556.tar
Built frimacs in 3.277s, finished at 2025-04-04T22:49:21+0000
