Package: fsharp-mode
Fetcher: github
Source:  https://github.com/fsharp/emacs-fsharp-mode

Updating /mnt/store/melpa/working/fsharp-mode/
Checking out 9b2405bb8367661fde1b55a6b8a5793bb324282d
Copying files (->) and directories (=>)
  from /mnt/store/melpa/working/fsharp-mode/
  to /tmp/fsharp-modeUMF0Tn/fsharp-mode-20250630.1818
    fsharp-mode-font.el -> fsharp-mode-font.el
    fsharp-mode-structure.el -> fsharp-mode-structure.el
    fsharp-mode-util.el -> fsharp-mode-util.el
    fsharp-mode.el -> fsharp-mode.el
    inf-fsharp-mode.el -> inf-fsharp-mode.el
Created fsharp-mode-20250630.1818.tar containing:
  fsharp-mode-20250630.1818/
  fsharp-mode-20250630.1818/fsharp-mode-font.el
  fsharp-mode-20250630.1818/fsharp-mode-pkg.el
  fsharp-mode-20250630.1818/fsharp-mode-structure.el
  fsharp-mode-20250630.1818/fsharp-mode-util.el
  fsharp-mode-20250630.1818/fsharp-mode.el
  fsharp-mode-20250630.1818/inf-fsharp-mode.el
 ✓ Success:
  2025-08-25T00:39:28+0000  fsharp-mode-20250630.1818.entry
  2025-08-25T00:39:28+0000  fsharp-mode-20250630.1818.tar
Built fsharp-mode in 3.483s, finished at 2025-08-25T00:39:29+0000
