Package: fuel
Fetcher: github
Source:  https://github.com/factor/factor

Updating /mnt/store/melpa/working/fuel/
Checking out beb857f27c2f478e048ad670e5772b4822f3a015
Copying files (->) and directories (=>)
  from /mnt/store/melpa/working/fuel/
  to /tmp/fuelUZLTIn/fuel-20240930.2217
  ! misc/fuel/factor-mode.el -> factor-mode.el
  ! misc/fuel/factor-smie.el -> factor-smie.el
  ! misc/fuel/fuel-autodoc.el -> fuel-autodoc.el
  ! misc/fuel/fuel-autohelp.el -> fuel-autohelp.el
  ! misc/fuel/fuel-base.el -> fuel-base.el
  ! misc/fuel/fuel-completion.el -> fuel-completion.el
  ! misc/fuel/fuel-connection.el -> fuel-connection.el
  ! misc/fuel/fuel-debug-uses.el -> fuel-debug-uses.el
  ! misc/fuel/fuel-debug.el -> fuel-debug.el
  ! misc/fuel/fuel-edit.el -> fuel-edit.el
  ! misc/fuel/fuel-eval.el -> fuel-eval.el
  ! misc/fuel/fuel-help.el -> fuel-help.el
  ! misc/fuel/fuel-listener.el -> fuel-listener.el
  ! misc/fuel/fuel-log.el -> fuel-log.el
  ! misc/fuel/fuel-markup.el -> fuel-markup.el
  ! misc/fuel/fuel-menu.el -> fuel-menu.el
  ! misc/fuel/fuel-mode.el -> fuel-mode.el
  ! misc/fuel/fuel-pkg.el -> fuel-pkg.el
  ! misc/fuel/fuel-popup.el -> fuel-popup.el
  ! misc/fuel/fuel-refactor.el -> fuel-refactor.el
  ! misc/fuel/fuel-scaffold.el -> fuel-scaffold.el
  ! misc/fuel/fuel-stack.el -> fuel-stack.el
  ! misc/fuel/fuel-table.el -> fuel-table.el
  ! misc/fuel/fuel-tests.el -> fuel-tests.el
  ! misc/fuel/fuel-xref.el -> fuel-xref.el
  ! misc/fuel/fuel.el -> fuel.el
Created fuel-20240930.2217.tar containing:
  fuel-20240930.2217/
  fuel-20240930.2217/factor-mode.el
  fuel-20240930.2217/factor-smie.el
  fuel-20240930.2217/fuel-autodoc.el
  fuel-20240930.2217/fuel-autohelp.el
  fuel-20240930.2217/fuel-base.el
  fuel-20240930.2217/fuel-completion.el
  fuel-20240930.2217/fuel-connection.el
  fuel-20240930.2217/fuel-debug-uses.el
  fuel-20240930.2217/fuel-debug.el
  fuel-20240930.2217/fuel-edit.el
  fuel-20240930.2217/fuel-eval.el
  fuel-20240930.2217/fuel-help.el
  fuel-20240930.2217/fuel-listener.el
  fuel-20240930.2217/fuel-log.el
  fuel-20240930.2217/fuel-markup.el
  fuel-20240930.2217/fuel-menu.el
  fuel-20240930.2217/fuel-mode.el
  fuel-20240930.2217/fuel-pkg.el
  fuel-20240930.2217/fuel-popup.el
  fuel-20240930.2217/fuel-refactor.el
  fuel-20240930.2217/fuel-scaffold.el
  fuel-20240930.2217/fuel-stack.el
  fuel-20240930.2217/fuel-table.el
  fuel-20240930.2217/fuel-tests.el
  fuel-20240930.2217/fuel-xref.el
  fuel-20240930.2217/fuel.el
 ✓ Success:
  2024-10-03T00:15:21+0000  fuel-20240930.2217.entry
  2024-10-03T00:15:21+0000  fuel-20240930.2217.tar
Built fuel in 8.426s, finished at 2024-10-03T00:15:22+0000
