 • Building package fuz (from github:rustify-emacs/fuz.el)...
Updating /mnt/store/melpa/working/fuz/
Checking out 0b6b64cebde5675be3a28520ee16234db48d3b8b
Copying files (->) and directories (=>)
  from /mnt/store/melpa/working/fuz/
  to /tmp/fuzaxBp1s/fuz-20200104.524
    fuz-extra.el -> fuz-extra.el
    fuz.el -> fuz.el
    Cargo.toml -> Cargo.toml
    Cargo.lock -> Cargo.lock
    src => src
Created fuz-20200104.524.tar containing:
  fuz-20200104.524/
  fuz-20200104.524/Cargo.lock
  fuz-20200104.524/Cargo.toml
  fuz-20200104.524/fuz-extra.el
  fuz-20200104.524/fuz-pkg.el
  fuz-20200104.524/fuz.el
  fuz-20200104.524/src/
  fuz-20200104.524/src/dynmod.rs
  fuz-20200104.524/src/lib.rs
 ✓ Success:
  2025-12-22T02:05:14+0000  fuz-20200104.524.entry
  2025-12-22T02:05:14+0000  fuz-20200104.524.tar
Built fuz in 2.620s, finished at 2025-12-22T02:05:15+0000
