Package: fxrd-mode
Fetcher: github
Source:  https://github.com/msherry/fxrd-mode.git

Updating /mnt/store/melpa/working/fxrd-mode/
Checking out 795b969346982b75e24b5c8619b46197982fbb4d
Copying files (->) and directories (=>)
  from /mnt/store/melpa/working/fxrd-mode/
  to /tmp/fxrd-modeJ3yUzd/fxrd-mode-20170728.1801
    fxrd-mode.el -> fxrd-mode.el
    fxrd-validators.el -> fxrd-validators.el
  ! fxrd-modes/cbnot-mode.el -> cbnot-mode.el
  ! fxrd-modes/nacha-mode.el -> nacha-mode.el
  ! fxrd-modes/rm37-mode.el -> rm37-mode.el
  ! fxrd-modes/sample-mode.el -> sample-mode.el
  ! fxrd-modes/tso6-mode.el -> tso6-mode.el
Created fxrd-mode-20170728.1801.tar containing:
  fxrd-mode-20170728.1801/
  fxrd-mode-20170728.1801/cbnot-mode.el
  fxrd-mode-20170728.1801/fxrd-mode-pkg.el
  fxrd-mode-20170728.1801/fxrd-mode.el
  fxrd-mode-20170728.1801/fxrd-validators.el
  fxrd-mode-20170728.1801/nacha-mode.el
  fxrd-mode-20170728.1801/rm37-mode.el
  fxrd-mode-20170728.1801/sample-mode.el
  fxrd-mode-20170728.1801/tso6-mode.el
 ✓ Success:
  2024-06-10T23:10:37+0000  fxrd-mode-20170728.1801.entry
  2024-06-10T23:10:36+0000  fxrd-mode-20170728.1801.tar
Built fxrd-mode in 3.812s, finished at 2024-06-10T23:10:38+0000
