 • Building package gdscript-mode (from github:godotengine/emacs-gdscript-mode)...
Updating /mnt/store/melpa/working/gdscript-mode/
Checking out e94dfd9dc7a50261b2c41ae3daa05043331a54a8
Copying files (->) and directories (=>)
  from /mnt/store/melpa/working/gdscript-mode/
  to /tmp/gdscript-modeObmU8s/gdscript-mode-20251104.1437
    gdscript-comint-gdformat.el -> gdscript-comint-gdformat.el
    gdscript-comint.el -> gdscript-comint.el
    gdscript-completion.el -> gdscript-completion.el
    gdscript-customization.el -> gdscript-customization.el
    gdscript-debug.el -> gdscript-debug.el
    gdscript-docs.el -> gdscript-docs.el
    gdscript-eglot.el -> gdscript-eglot.el
    gdscript-fill-paragraph.el -> gdscript-fill-paragraph.el
    gdscript-format.el -> gdscript-format.el
    gdscript-godot.el -> gdscript-godot.el
    gdscript-history.el -> gdscript-history.el
    gdscript-hydra.el -> gdscript-hydra.el
    gdscript-imenu.el -> gdscript-imenu.el
    gdscript-indent-and-nav.el -> gdscript-indent-and-nav.el
    gdscript-keywords.el -> gdscript-keywords.el
    gdscript-mode.el -> gdscript-mode.el
    gdscript-project.el -> gdscript-project.el
    gdscript-rx.el -> gdscript-rx.el
    gdscript-syntax.el -> gdscript-syntax.el
    gdscript-ts-mode.el -> gdscript-ts-mode.el
    gdscript-utils.el -> gdscript-utils.el
Created gdscript-mode-20251104.1437.tar containing:
  gdscript-mode-20251104.1437/
  gdscript-mode-20251104.1437/gdscript-comint-gdformat.el
  gdscript-mode-20251104.1437/gdscript-comint.el
  gdscript-mode-20251104.1437/gdscript-completion.el
  gdscript-mode-20251104.1437/gdscript-customization.el
  gdscript-mode-20251104.1437/gdscript-debug.el
  gdscript-mode-20251104.1437/gdscript-docs.el
  gdscript-mode-20251104.1437/gdscript-eglot.el
  gdscript-mode-20251104.1437/gdscript-fill-paragraph.el
  gdscript-mode-20251104.1437/gdscript-format.el
  gdscript-mode-20251104.1437/gdscript-godot.el
  gdscript-mode-20251104.1437/gdscript-history.el
  gdscript-mode-20251104.1437/gdscript-hydra.el
  gdscript-mode-20251104.1437/gdscript-imenu.el
  gdscript-mode-20251104.1437/gdscript-indent-and-nav.el
  gdscript-mode-20251104.1437/gdscript-keywords.el
  gdscript-mode-20251104.1437/gdscript-mode-pkg.el
  gdscript-mode-20251104.1437/gdscript-mode.el
  gdscript-mode-20251104.1437/gdscript-project.el
  gdscript-mode-20251104.1437/gdscript-rx.el
  gdscript-mode-20251104.1437/gdscript-syntax.el
  gdscript-mode-20251104.1437/gdscript-ts-mode.el
  gdscript-mode-20251104.1437/gdscript-utils.el
 ✓ Success:
  2025-12-08T00:05:40+0000  gdscript-mode-20251104.1437.entry
  2025-12-08T00:05:40+0000  gdscript-mode-20251104.1437.tar
Built gdscript-mode in 4.120s, finished at 2025-12-08T00:05:41+0000
