Package: geiser-mit
Fetcher: gitlab
Source:  https://gitlab.com/emacs-geiser/mit.git

Updating /mnt/store/melpa/working/geiser-mit/
Checking out 4e90e9ae815e89f3540fb9644e6016c663ef5765
Copying files (->) and directories (=>)
  from /mnt/store/melpa/working/geiser-mit/
  to /tmp/geiser-mitKw2c7J/geiser-mit-20211204.1935
    geiser-mit.el -> geiser-mit.el
    src/geiser => src/geiser
Created geiser-mit-20211204.1935.tar containing:
  geiser-mit-20211204.1935/
  geiser-mit-20211204.1935/geiser-mit-pkg.el
  geiser-mit-20211204.1935/geiser-mit.el
  geiser-mit-20211204.1935/src/
  geiser-mit-20211204.1935/src/geiser/
  geiser-mit-20211204.1935/src/geiser/compile.scm
  geiser-mit-20211204.1935/src/geiser/emacs.scm
  geiser-mit-20211204.1935/src/geiser/geiser.pkg
  geiser-mit-20211204.1935/src/geiser/load.scm
 ✓ Success:
  2024-04-10T00:25:23+0000  geiser-mit-20211204.1935.entry
  2024-04-10T00:25:23+0000  geiser-mit-20211204.1935.tar
Built geiser-mit in 3.702s, finished at 2024-04-10T00:25:24+0000
