Package: geiser
Fetcher: gitlab
Source:  https://gitlab.com/emacs-geiser/geiser

Updating /mnt/store/melpa/working/geiser/
Checking out 74eed1669aec9bb45c96440dfb6d8c1c6ecfbb5f
Copying files (->) and directories (=>)
  from /mnt/store/melpa/working/geiser/
  to /tmp/geiser9iyABy/geiser-20250105.1533
  ! elisp/geiser-autodoc.el -> geiser-autodoc.el
  ! elisp/geiser-base.el -> geiser-base.el
  ! elisp/geiser-capf.el -> geiser-capf.el
  ! elisp/geiser-compile.el -> geiser-compile.el
  ! elisp/geiser-completion.el -> geiser-completion.el
  ! elisp/geiser-connection.el -> geiser-connection.el
  ! elisp/geiser-custom.el -> geiser-custom.el
  ! elisp/geiser-debug.el -> geiser-debug.el
  ! elisp/geiser-doc.el -> geiser-doc.el
  ! elisp/geiser-edit.el -> geiser-edit.el
  ! elisp/geiser-eval.el -> geiser-eval.el
  ! elisp/geiser-image.el -> geiser-image.el
  ! elisp/geiser-impl.el -> geiser-impl.el
  ! elisp/geiser-log.el -> geiser-log.el
  ! elisp/geiser-menu.el -> geiser-menu.el
  ! elisp/geiser-mode.el -> geiser-mode.el
  ! elisp/geiser-popup.el -> geiser-popup.el
  ! elisp/geiser-reload.el -> geiser-reload.el
  ! elisp/geiser-repl.el -> geiser-repl.el
  ! elisp/geiser-syntax.el -> geiser-syntax.el
  ! elisp/geiser-table.el -> geiser-table.el
  ! elisp/geiser-xref.el -> geiser-xref.el
  ! elisp/geiser.el -> geiser.el
  ! doc/dir -> dir
  ! doc/geiser.texi -> geiser.texi
Generating geiser.info
Created geiser-20250105.1533.tar containing:
  geiser-20250105.1533/
  geiser-20250105.1533/dir
  geiser-20250105.1533/geiser-autodoc.el
  geiser-20250105.1533/geiser-base.el
  geiser-20250105.1533/geiser-capf.el
  geiser-20250105.1533/geiser-compile.el
  geiser-20250105.1533/geiser-completion.el
  geiser-20250105.1533/geiser-connection.el
  geiser-20250105.1533/geiser-custom.el
  geiser-20250105.1533/geiser-debug.el
  geiser-20250105.1533/geiser-doc.el
  geiser-20250105.1533/geiser-edit.el
  geiser-20250105.1533/geiser-eval.el
  geiser-20250105.1533/geiser-image.el
  geiser-20250105.1533/geiser-impl.el
  geiser-20250105.1533/geiser-log.el
  geiser-20250105.1533/geiser-menu.el
  geiser-20250105.1533/geiser-mode.el
  geiser-20250105.1533/geiser-pkg.el
  geiser-20250105.1533/geiser-popup.el
  geiser-20250105.1533/geiser-reload.el
  geiser-20250105.1533/geiser-repl.el
  geiser-20250105.1533/geiser-syntax.el
  geiser-20250105.1533/geiser-table.el
  geiser-20250105.1533/geiser-xref.el
  geiser-20250105.1533/geiser.el
  geiser-20250105.1533/geiser.info
 ✓ Success:
  2025-01-12T23:37:59+0000  geiser-20250105.1533.entry
  2025-01-12T23:37:59+0000  geiser-20250105.1533.tar
Built geiser in 3.139s, finished at 2025-01-12T23:37:59+0000
