Package: geiser-chez
Fetcher: gitlab
Source:  https://gitlab.com/emacs-geiser/chez.git

Updating /mnt/store/melpa/working/geiser-chez/
Checking out 605a81ff7b2d2b275a3ec68e3ce7e5b50f85014d
Copying files (->) and directories (=>)
  from /mnt/store/melpa/working/geiser-chez/
  to /tmp/geiser-chezuXm98h/geiser-chez-20230707.1334
    geiser-chez.el -> geiser-chez.el
    src/geiser => src/geiser
Created geiser-chez-20230707.1334.tar containing:
  geiser-chez-20230707.1334/
  geiser-chez-20230707.1334/geiser-chez-pkg.el
  geiser-chez-20230707.1334/geiser-chez.el
  geiser-chez-20230707.1334/src/
  geiser-chez-20230707.1334/src/geiser/
  geiser-chez-20230707.1334/src/geiser/geiser-data.ss
  geiser-chez-20230707.1334/src/geiser/geiser.ss
  geiser-chez-20230707.1334/src/geiser/test.ss
 ✓ Success:
  2024-04-05T00:04:58+0000  geiser-chez-20230707.1334.entry
  2024-04-05T00:04:58+0000  geiser-chez-20230707.1334.tar
Built geiser-chez in 3.508s, finished at 2024-04-05T00:04:59+0000
