Package: geiser-gambit
Fetcher: gitlab
Source:  https://gitlab.com/emacs-geiser/gambit.git

Updating /mnt/store/melpa/working/geiser-gambit/
Checking out 381d74ca5059b44fe3d8b5daf42214019c6d1a88
Copying files (->) and directories (=>)
  from /mnt/store/melpa/working/geiser-gambit/
  to /tmp/geiser-gambitbM45Sf/geiser-gambit-20220208.1356
    geiser-gambit.el -> geiser-gambit.el
    src/geiser => src/geiser
Created geiser-gambit-20220208.1356.tar containing:
  geiser-gambit-20220208.1356/
  geiser-gambit-20220208.1356/geiser-gambit-pkg.el
  geiser-gambit-20220208.1356/geiser-gambit.el
  geiser-gambit-20220208.1356/src/
  geiser-gambit-20220208.1356/src/geiser/
  geiser-gambit-20220208.1356/src/geiser/gambit.scm
  geiser-gambit-20220208.1356/src/geiser/gambit_procedures.scm
 ✓ Success:
  2024-05-03T23:35:34+0000  geiser-gambit-20220208.1356.entry
  2024-05-03T23:35:33+0000  geiser-gambit-20220208.1356.tar
Built geiser-gambit in 3.832s, finished at 2024-05-03T23:35:35+0000
