 • Building package geiser-chicken (from gitlab:emacs-geiser/chicken)...
Updating /mnt/store/melpa/working/geiser-chicken/
Checking out 8342bad8ce1c79fee3563cd95ee27a8b062f6a9e
Copying files (->) and directories (=>)
  from /mnt/store/melpa/working/geiser-chicken/
  to /tmp/geiser-chickensMC3oz/geiser-chicken-20250803.1721
    geiser-chicken.el -> geiser-chicken.el
    src => src
Created geiser-chicken-20250803.1721.tar containing:
  geiser-chicken-20250803.1721/
  geiser-chicken-20250803.1721/geiser-chicken-pkg.el
  geiser-chicken-20250803.1721/geiser-chicken.el
  geiser-chicken-20250803.1721/src/
  geiser-chicken-20250803.1721/src/geiser/
  geiser-chicken-20250803.1721/src/geiser/chicken4.scm
  geiser-chicken-20250803.1721/src/geiser/chicken5.scm
 ✓ Success:
  2025-12-15T00:04:13+0000  geiser-chicken-20250803.1721.entry
  2025-12-15T00:04:12+0000  geiser-chicken-20250803.1721.tar
Built geiser-chicken in 3.331s, finished at 2025-12-15T00:04:13+0000
