Package: genrnc
Fetcher: github
Source:  https://github.com/aki2o/emacs-genrnc

Updating /mnt/store/melpa/working/genrnc/
Checking out da75b1966a73ad215ec2ced4522c25f4d0bf1f9a
Copying files (->) and directories (=>)
  from /mnt/store/melpa/working/genrnc/
  to /tmp/genrncs5I8JN/genrnc-20140612.1237
    genrnc.el -> genrnc.el
    trang.jar -> trang.jar
    xsd2rng.jar -> xsd2rng.jar
    xsd2rng.xsl -> xsd2rng.xsl
Created genrnc-20140612.1237.tar containing:
  genrnc-20140612.1237/
  genrnc-20140612.1237/genrnc-pkg.el
  genrnc-20140612.1237/genrnc.el
  genrnc-20140612.1237/trang.jar
  genrnc-20140612.1237/xsd2rng.jar
  genrnc-20140612.1237/xsd2rng.xsl
 ✓ Success:
  2024-10-03T23:37:27+0000  genrnc-20140612.1237.entry
  2024-10-03T23:37:27+0000  genrnc-20140612.1237.tar
Built genrnc in 2.543s, finished at 2024-10-03T23:37:27+0000
