Package: git-modes
Fetcher: github
Source:  https://github.com/magit/git-modes

Updating /mnt/store/melpa/working/git-modes/
Checking out dfc450d79498b7997b1155ac76629ab01f7ef355
Copying files (->) and directories (=>)
  from /mnt/store/melpa/working/git-modes/
  to /tmp/git-modes4wboJN/git-modes-20251101.2017
    git-modes.el -> git-modes.el
    gitattributes-mode.el -> gitattributes-mode.el
    gitconfig-mode.el -> gitconfig-mode.el
    gitignore-mode.el -> gitignore-mode.el
Created git-modes-20251101.2017.tar containing:
  git-modes-20251101.2017/
  git-modes-20251101.2017/git-modes-pkg.el
  git-modes-20251101.2017/git-modes.el
  git-modes-20251101.2017/gitattributes-mode.el
  git-modes-20251101.2017/gitconfig-mode.el
  git-modes-20251101.2017/gitignore-mode.el
 ✓ Success:
  2025-11-10T00:32:19+0000  git-modes-20251101.2017.entry
  2025-11-10T00:32:19+0000  git-modes-20251101.2017.tar
Built git-modes in 3.156s, finished at 2025-11-10T00:32:20+0000
