Package: git-walktree
Fetcher: github
Source:  https://github.com/10sr/git-walktree-el.git

Updating /mnt/store/melpa/working/git-walktree/
Checking out a1a5490b89d193724ec637818baf2d8edf97c638
Copying files (->) and directories (=>)
  from /mnt/store/melpa/working/git-walktree/
  to /tmp/git-walktree7n6DxN/git-walktree-20191101.302
    git-walktree-mode.el -> git-walktree-mode.el
    git-walktree-read.el -> git-walktree-read.el
    git-walktree-utils.el -> git-walktree-utils.el
    git-walktree.el -> git-walktree.el
Created git-walktree-20191101.302.tar containing:
  git-walktree-20191101.302/
  git-walktree-20191101.302/git-walktree-mode.el
  git-walktree-20191101.302/git-walktree-pkg.el
  git-walktree-20191101.302/git-walktree-read.el
  git-walktree-20191101.302/git-walktree-utils.el
  git-walktree-20191101.302/git-walktree.el
 ✓ Success:
  2024-04-19T00:40:32+0000  git-walktree-20191101.302.entry
  2024-04-19T00:40:32+0000  git-walktree-20191101.302.tar
Built git-walktree in 5.473s, finished at 2024-04-19T00:40:35+0000
