Package: github-elpa
Fetcher: github
Source:  https://github.com/10sr/github-elpa.git

Updating /mnt/store/melpa/working/github-elpa/
Checking out c818883d9dc8d34eaee03691574e0408f18db28a
Copying files (->) and directories (=>)
  from /mnt/store/melpa/working/github-elpa/
  to /tmp/github-elpaViW69e/github-elpa-20231201.804
    github-elpa.el -> github-elpa.el
    bin => bin
Created github-elpa-20231201.804.tar containing:
  github-elpa-20231201.804/
  github-elpa-20231201.804/bin/
  github-elpa-20231201.804/bin/github-elpa
  github-elpa-20231201.804/bin/github-elpa.bat
  github-elpa-20231201.804/github-elpa-pkg.el
  github-elpa-20231201.804/github-elpa.el
 ✓ Success:
  2023-12-29T07:06:43+0000  github-elpa-20231201.804.entry
  2023-12-29T07:06:42+0000  github-elpa-20231201.804.tar
Built github-elpa in 4.022s, finished at 2023-12-29T07:06:44+0000
