Package: gitlab
Fetcher: github
Source:  https://github.com/nlamirault/emacs-gitlab.git

Updating /mnt/store/melpa/working/gitlab/
Checking out 68318aca3206d50701039c9aae39734ca29a49f9
Copying files (->) and directories (=>)
  from /mnt/store/melpa/working/gitlab/
  to /tmp/gitlabeTajkp/gitlab-20180312.1647
    gitlab-api.el -> gitlab-api.el
    gitlab-browse.el -> gitlab-browse.el
    gitlab-groups.el -> gitlab-groups.el
    gitlab-http.el -> gitlab-http.el
    gitlab-issues.el -> gitlab-issues.el
    gitlab-milestones.el -> gitlab-milestones.el
    gitlab-mode.el -> gitlab-mode.el
    gitlab-notes.el -> gitlab-notes.el
    gitlab-projects.el -> gitlab-projects.el
    gitlab-session.el -> gitlab-session.el
    gitlab-ui.el -> gitlab-ui.el
    gitlab-users.el -> gitlab-users.el
    gitlab-utils.el -> gitlab-utils.el
    gitlab-version.el -> gitlab-version.el
    gitlab.el -> gitlab.el
Created gitlab-20180312.1647.tar containing:
  gitlab-20180312.1647/
  gitlab-20180312.1647/gitlab-api.el
  gitlab-20180312.1647/gitlab-browse.el
  gitlab-20180312.1647/gitlab-groups.el
  gitlab-20180312.1647/gitlab-http.el
  gitlab-20180312.1647/gitlab-issues.el
  gitlab-20180312.1647/gitlab-milestones.el
  gitlab-20180312.1647/gitlab-mode.el
  gitlab-20180312.1647/gitlab-notes.el
  gitlab-20180312.1647/gitlab-pkg.el
  gitlab-20180312.1647/gitlab-projects.el
  gitlab-20180312.1647/gitlab-session.el
  gitlab-20180312.1647/gitlab-ui.el
  gitlab-20180312.1647/gitlab-users.el
  gitlab-20180312.1647/gitlab-utils.el
  gitlab-20180312.1647/gitlab-version.el
  gitlab-20180312.1647/gitlab.el
 ✓ Success:
  2024-05-10T23:41:58+0000  gitlab-20180312.1647.entry
  2024-05-10T23:41:58+0000  gitlab-20180312.1647.tar
Built gitlab in 6.005s, finished at 2024-05-10T23:42:02+0000
