 • Building package gitstatus (from github:igorepst/gitstatus-el)...
Updating /mnt/store/melpa/working/gitstatus/
Checking out c3e30341d0add9728010e566b9eb031c76414b47
Copying files (->) and directories (=>)
  from /mnt/store/melpa/working/gitstatus/
  to /tmp/gitstatusudLW9H/gitstatus-20221113.1951
    gitstatus-eshell.el -> gitstatus-eshell.el
    gitstatus.el -> gitstatus.el
    gitstatusd.el -> gitstatusd.el
    gitstatus.info -> gitstatus.info
Created gitstatus-20221113.1951.tar containing:
  gitstatus-20221113.1951/
  gitstatus-20221113.1951/dir
  gitstatus-20221113.1951/gitstatus-eshell.el
  gitstatus-20221113.1951/gitstatus-pkg.el
  gitstatus-20221113.1951/gitstatus.el
  gitstatus-20221113.1951/gitstatus.info
  gitstatus-20221113.1951/gitstatusd.el
 ✓ Success:
  2025-12-08T00:06:46+0000  gitstatus-20221113.1951.entry
  2025-12-08T00:06:46+0000  gitstatus-20221113.1951.tar
Built gitstatus in 3.026s, finished at 2025-12-08T00:06:47+0000
