Package: gnuplot
Fetcher: github
Source:  https://github.com/emacs-gnuplot/gnuplot.git

Updating /mnt/store/melpa/working/gnuplot/
Checking out 235ba76c358d9db5b10f177552f5f8deeef74df5
Copying files (->) and directories (=>)
  from /mnt/store/melpa/working/gnuplot/
  to /tmp/gnuplot3coi14/gnuplot-20240914.1522
    gnuplot.el -> gnuplot.el
    gnuplot-gui.el -> gnuplot-gui.el
    gnuplot-context.el -> gnuplot-context.el
Created gnuplot-20240914.1522.tar containing:
  gnuplot-20240914.1522/
  gnuplot-20240914.1522/gnuplot-context.el
  gnuplot-20240914.1522/gnuplot-gui.el
  gnuplot-20240914.1522/gnuplot-pkg.el
  gnuplot-20240914.1522/gnuplot.el
 ✓ Success:
  2024-09-24T23:49:16+0000  gnuplot-20240914.1522.entry
  2024-09-24T23:49:16+0000  gnuplot-20240914.1522.tar
Built gnuplot in 3.189s, finished at 2024-09-24T23:49:17+0000
