Package: good-scroll
Fetcher: github
Source:  https://github.com/io12/good-scroll.el.git

Updating /mnt/store/melpa/working/good-scroll/
Checking out a7ffd5c0e5935cebd545a0570f64949077f71ee3
Copying files (->) and directories (=>)
  from /mnt/store/melpa/working/good-scroll/
  to /tmp/good-scrollmJtnht/good-scroll-20211101.942
    good-scroll-bezier.el -> good-scroll-bezier.el
    good-scroll-linear.el -> good-scroll-linear.el
    good-scroll.el -> good-scroll.el
Created good-scroll-20211101.942.tar containing:
  good-scroll-20211101.942/
  good-scroll-20211101.942/good-scroll-bezier.el
  good-scroll-20211101.942/good-scroll-linear.el
  good-scroll-20211101.942/good-scroll-pkg.el
  good-scroll-20211101.942/good-scroll.el
 ✓ Success:
  2023-12-27T14:59:27+0000  good-scroll-20211101.942.entry
  2023-12-27T14:59:27+0000  good-scroll-20211101.942.tar
Built good-scroll in 4.118s, finished at 2023-12-27T14:59:29+0000
