 • Building package google-maps (from github:jd/google-maps.el)...
Updating /mnt/store/melpa/working/google-maps/
Checking out 2eb16ff609f5a9f8d02c15238a111fbb7db6c146
Copying files (->) and directories (=>)
  from /mnt/store/melpa/working/google-maps/
  to /tmp/google-maps18U8Ez/google-maps-20181121.1532
    google-maps-base.el -> google-maps-base.el
    google-maps-geocode.el -> google-maps-geocode.el
    google-maps-static.el -> google-maps-static.el
    google-maps.el -> google-maps.el
    org-location-google-maps.el -> org-location-google-maps.el
Created google-maps-20181121.1532.tar containing:
  google-maps-20181121.1532/
  google-maps-20181121.1532/google-maps-base.el
  google-maps-20181121.1532/google-maps-geocode.el
  google-maps-20181121.1532/google-maps-pkg.el
  google-maps-20181121.1532/google-maps-static.el
  google-maps-20181121.1532/google-maps.el
  google-maps-20181121.1532/org-location-google-maps.el
 ✓ Success:
  2025-12-15T00:06:07+0000  google-maps-20181121.1532.entry
  2025-12-15T00:06:07+0000  google-maps-20181121.1532.tar
Built google-maps in 3.291s, finished at 2025-12-15T00:06:08+0000
