Package: gpr-ts-mode
Fetcher: github
Source:  https://github.com/brownts/gpr-ts-mode.git

Updating /mnt/store/melpa/working/gpr-ts-mode/
Checking out a92ab100759cddb51d042adf109f1831a57dbff8
Copying files (->) and directories (=>)
  from /mnt/store/melpa/working/gpr-ts-mode/
  to /tmp/gpr-ts-mode3lLVNe/gpr-ts-mode-20240404.1258
    gpr-ts-mode.el -> gpr-ts-mode.el
  ! doc/gpr-ts-mode.texi -> gpr-ts-mode.texi
Generating /tmp/gpr-ts-mode3lLVNe/gpr-ts-mode-20240404.1258/gpr-ts-mode.info
Created gpr-ts-mode-20240404.1258.tar containing:
  gpr-ts-mode-20240404.1258/
  gpr-ts-mode-20240404.1258/dir
  gpr-ts-mode-20240404.1258/gpr-ts-mode-pkg.el
  gpr-ts-mode-20240404.1258/gpr-ts-mode.el
  gpr-ts-mode-20240404.1258/gpr-ts-mode.info
 ✓ Success:
  2024-04-15T03:00:22+0000  gpr-ts-mode-20240404.1258.entry
  2024-04-15T03:00:22+0000  gpr-ts-mode-20240404.1258.tar
Built gpr-ts-mode in 7.060s, finished at 2024-04-15T03:00:24+0000
