Package: gpx
Fetcher: github
Source:  https://github.com/mkcms/gpx-mode

Updating /mnt/store/melpa/working/gpx/
Checking out 88aa5fed1b0987d90f442eb002ab0f2e4731e223
Copying files (->) and directories (=>)
  from /mnt/store/melpa/working/gpx/
  to /tmp/gpx86f43t/gpx-20240609.2200
    gpx.el -> gpx.el
    gpx2html.py -> gpx2html.py
    plot_track_elevation.py -> plot_track_elevation.py
Created gpx-20240609.2200.tar containing:
  gpx-20240609.2200/
  gpx-20240609.2200/gpx-pkg.el
  gpx-20240609.2200/gpx.el
  gpx-20240609.2200/gpx2html.py
  gpx-20240609.2200/plot_track_elevation.py
 ✓ Success:
  2025-03-10T23:30:59+0000  gpx-20240609.2200.entry
  2025-03-10T23:30:59+0000  gpx-20240609.2200.tar
Built gpx in 5.202s, finished at 2025-03-10T23:31:00+0000
