Package: graphene
Fetcher: github
Source:  https://github.com/rdallasgray/graphene

Updating /mnt/store/melpa/working/graphene/
Checking out cc8477fcfb7771ea4e5bbaf3c01f9e679234c1c1
Copying files (->) and directories (=>)
  from /mnt/store/melpa/working/graphene/
  to /tmp/grapheneOY5SyS/graphene-20180529.1112
  ! lib/graphene-editing.el -> graphene-editing.el
  ! lib/graphene-env.el -> graphene-env.el
  ! lib/graphene-helper-functions.el -> graphene-helper-functions.el
  ! lib/graphene-linux-defaults.el -> graphene-linux-defaults.el
  ! lib/graphene-look.el -> graphene-look.el
  ! lib/graphene-osx-defaults.el -> graphene-osx-defaults.el
  ! lib/graphene-other-defaults.el -> graphene-other-defaults.el
  ! lib/graphene-pkg.el -> graphene-pkg.el
  ! lib/graphene-projects.el -> graphene-projects.el
  ! lib/graphene-smartparens-config.el -> graphene-smartparens-config.el
  ! lib/graphene-windows-defaults.el -> graphene-windows-defaults.el
  ! lib/graphene.el -> graphene.el
Created graphene-20180529.1112.tar containing:
  graphene-20180529.1112/
  graphene-20180529.1112/graphene-editing.el
  graphene-20180529.1112/graphene-env.el
  graphene-20180529.1112/graphene-helper-functions.el
  graphene-20180529.1112/graphene-linux-defaults.el
  graphene-20180529.1112/graphene-look.el
  graphene-20180529.1112/graphene-osx-defaults.el
  graphene-20180529.1112/graphene-other-defaults.el
  graphene-20180529.1112/graphene-pkg.el
  graphene-20180529.1112/graphene-projects.el
  graphene-20180529.1112/graphene-smartparens-config.el
  graphene-20180529.1112/graphene-windows-defaults.el
  graphene-20180529.1112/graphene.el
 ✓ Success:
  2024-09-28T23:27:00+0000  graphene-20180529.1112.entry
  2024-09-28T23:27:00+0000  graphene-20180529.1112.tar
Built graphene in 4.004s, finished at 2024-09-28T23:27:02+0000
