Package: greader
Fetcher: gitlab
Source:  https://gitlab.com/michelangelo-rodriguez/greader.git

Updating /mnt/store/melpa/working/greader/
Checking out 00f53aaeeff2d2e6a994d60765d4619d8b6816f4
Copying files (->) and directories (=>)
  from /mnt/store/melpa/working/greader/
  to /tmp/greader94uAZM/greader-20240725.2315
    greader-audiobook.el -> greader-audiobook.el
    greader-dict.el -> greader-dict.el
    greader-espeak.el -> greader-espeak.el
    greader-mac.el -> greader-mac.el
    greader-speechd.el -> greader-speechd.el
    greader-translate.el -> greader-translate.el
    greader.el -> greader.el
Created greader-20240725.2315.tar containing:
  greader-20240725.2315/
  greader-20240725.2315/greader-audiobook.el
  greader-20240725.2315/greader-dict.el
  greader-20240725.2315/greader-espeak.el
  greader-20240725.2315/greader-mac.el
  greader-20240725.2315/greader-pkg.el
  greader-20240725.2315/greader-speechd.el
  greader-20240725.2315/greader-translate.el
  greader-20240725.2315/greader.el
 ✓ Success:
  2024-07-27T22:21:37+0000  greader-20240725.2315.entry
  2024-07-27T22:21:37+0000  greader-20240725.2315.tar
Built greader in 5.509s, finished at 2024-07-27T22:21:39+0000
