Package: groovy-mode
Fetcher: github
Source:  https://github.com/Groovy-Emacs-Modes/groovy-emacs-modes.git

Updating /mnt/store/melpa/working/groovy-mode/
Checking out 7b8520b2e2d3ab1d62b35c426e17ac25ed0120bb
Copying files (->) and directories (=>)
  from /mnt/store/melpa/working/groovy-mode/
  to /tmp/groovy-modeuBLF2a/groovy-mode-20230318.533
    groovy-electric.el -> groovy-electric.el
    groovy-mode.el -> groovy-mode.el
    inf-groovy.el -> inf-groovy.el
Created groovy-mode-20230318.533.tar containing:
  groovy-mode-20230318.533/
  groovy-mode-20230318.533/groovy-electric.el
  groovy-mode-20230318.533/groovy-mode-pkg.el
  groovy-mode-20230318.533/groovy-mode.el
  groovy-mode-20230318.533/inf-groovy.el
 ✓ Success:
  2024-08-04T22:54:54+0000  groovy-mode-20230318.533.entry
  2024-08-04T22:54:53+0000  groovy-mode-20230318.533.tar
Built groovy-mode in 3.434s, finished at 2024-08-04T22:54:55+0000
