Package: grugru
Fetcher: github
Source:  https://github.com/ROCKTAKEY/grugru.git

Updating /mnt/store/melpa/working/grugru/
Checking out 3f1bc431f4dc919a7b04e519f1c8add9fb2949f3
Copying files (->) and directories (=>)
  from /mnt/store/melpa/working/grugru/
  to /tmp/grugruW0E3zN/grugru-20231202.250
    grugru-default.el -> grugru-default.el
    grugru-utils.el -> grugru-utils.el
    grugru.el -> grugru.el
Created grugru-20231202.250.tar containing:
  grugru-20231202.250/
  grugru-20231202.250/grugru-default.el
  grugru-20231202.250/grugru-pkg.el
  grugru-20231202.250/grugru-utils.el
  grugru-20231202.250/grugru.el
 ✓ Success:
  2024-09-07T23:44:34+0000  grugru-20231202.250.entry
  2024-09-07T23:44:34+0000  grugru-20231202.250.tar
Built grugru in 2.695s, finished at 2024-09-07T23:44:35+0000
