 • Building package guix (from codeberg:guix/emacs-guix)...
Updating /mnt/store/melpa/working/guix/
Checking out 324987fb4a3e67c6f0f565b6605b8fce559f60ee
Copying files (->) and directories (=>)
  from /mnt/store/melpa/working/guix/
  to /tmp/guixqqE090/guix-20250914.1923
  ! elisp/guix-about.el -> guix-about.el
  ! elisp/guix-auto-mode.el -> guix-auto-mode.el
  ! elisp/guix-build-log.el -> guix-build-log.el
  ! elisp/guix-command.el -> guix-command.el
  ! elisp/guix-config.el -> guix-config.el
  ! elisp/guix-default-config.el -> guix-default-config.el
  ! elisp/guix-derivation.el -> guix-derivation.el
  ! elisp/guix-devel.el -> guix-devel.el
  ! elisp/guix-env-var.el -> guix-env-var.el
  ! elisp/guix-external.el -> guix-external.el
  ! elisp/guix-geiser.el -> guix-geiser.el
  ! elisp/guix-graph.el -> guix-graph.el
  ! elisp/guix-guile.el -> guix-guile.el
  ! elisp/guix-hash.el -> guix-hash.el
  ! elisp/guix-help-vars.el -> guix-help-vars.el
  ! elisp/guix-help.el -> guix-help.el
  ! elisp/guix-license.el -> guix-license.el
  ! elisp/guix-location.el -> guix-location.el
  ! elisp/guix-misc.el -> guix-misc.el
  ! elisp/guix-package.el -> guix-package.el
  ! elisp/guix-pcomplete.el -> guix-pcomplete.el
  ! elisp/guix-popup.el -> guix-popup.el
  ! elisp/guix-prettify.el -> guix-prettify.el
  ! elisp/guix-profiles.el -> guix-profiles.el
  ! elisp/guix-read.el -> guix-read.el
  ! elisp/guix-repl.el -> guix-repl.el
  ! elisp/guix-scheme.el -> guix-scheme.el
  ! elisp/guix-service.el -> guix-service.el
  ! elisp/guix-ui-generation.el -> guix-ui-generation.el
  ! elisp/guix-ui-license.el -> guix-ui-license.el
  ! elisp/guix-ui-lint-checker.el -> guix-ui-lint-checker.el
  ! elisp/guix-ui-messages.el -> guix-ui-messages.el
  ! elisp/guix-ui-package-location.el -> guix-ui-package-location.el
  ! elisp/guix-ui-package.el -> guix-ui-package.el
  ! elisp/guix-ui-profile.el -> guix-ui-profile.el
  ! elisp/guix-ui-service-location.el -> guix-ui-service-location.el
  ! elisp/guix-ui-service.el -> guix-ui-service.el
  ! elisp/guix-ui-store-item.el -> guix-ui-store-item.el
  ! elisp/guix-ui-system-generation.el -> guix-ui-system-generation.el
  ! elisp/guix-ui-system.el -> guix-ui-system.el
  ! elisp/guix-ui.el -> guix-ui.el
  ! elisp/guix-utils.el -> guix-utils.el
  ! elisp/guix.el -> guix.el
  ! doc/emacs-guix.texi -> emacs-guix.texi
    images/guix-logo.svg -> images/guix-logo.svg
    scheme/emacs-guix => scheme/emacs-guix
    scheme/emacs-guix.scm -> scheme/emacs-guix.scm
Generating emacs-guix.info
Created guix-20250914.1923.tar containing:
  guix-20250914.1923/
  guix-20250914.1923/dir
  guix-20250914.1923/emacs-guix.info
  guix-20250914.1923/guix-about.el
  guix-20250914.1923/guix-auto-mode.el
  guix-20250914.1923/guix-build-log.el
  guix-20250914.1923/guix-command.el
  guix-20250914.1923/guix-config.el
  guix-20250914.1923/guix-default-config.el
  guix-20250914.1923/guix-derivation.el
  guix-20250914.1923/guix-devel.el
  guix-20250914.1923/guix-env-var.el
  guix-20250914.1923/guix-external.el
  guix-20250914.1923/guix-geiser.el
  guix-20250914.1923/guix-graph.el
  guix-20250914.1923/guix-guile.el
  guix-20250914.1923/guix-hash.el
  guix-20250914.1923/guix-help-vars.el
  guix-20250914.1923/guix-help.el
  guix-20250914.1923/guix-license.el
  guix-20250914.1923/guix-location.el
  guix-20250914.1923/guix-misc.el
  guix-20250914.1923/guix-package.el
  guix-20250914.1923/guix-pcomplete.el
  guix-20250914.1923/guix-pkg.el
  guix-20250914.1923/guix-popup.el
  guix-20250914.1923/guix-prettify.el
  guix-20250914.1923/guix-profiles.el
  guix-20250914.1923/guix-read.el
  guix-20250914.1923/guix-repl.el
  guix-20250914.1923/guix-scheme.el
  guix-20250914.1923/guix-service.el
  guix-20250914.1923/guix-ui-generation.el
  guix-20250914.1923/guix-ui-license.el
  guix-20250914.1923/guix-ui-lint-checker.el
  guix-20250914.1923/guix-ui-messages.el
  guix-20250914.1923/guix-ui-package-location.el
  guix-20250914.1923/guix-ui-package.el
  guix-20250914.1923/guix-ui-profile.el
  guix-20250914.1923/guix-ui-service-location.el
  guix-20250914.1923/guix-ui-service.el
  guix-20250914.1923/guix-ui-store-item.el
  guix-20250914.1923/guix-ui-system-generation.el
  guix-20250914.1923/guix-ui-system.el
  guix-20250914.1923/guix-ui.el
  guix-20250914.1923/guix-utils.el
  guix-20250914.1923/guix.el
  guix-20250914.1923/images/
  guix-20250914.1923/images/guix-logo.svg
  guix-20250914.1923/scheme/
  guix-20250914.1923/scheme/emacs-guix.scm
  guix-20250914.1923/scheme/emacs-guix/
  guix-20250914.1923/scheme/emacs-guix/actions.scm
  guix-20250914.1923/scheme/emacs-guix/commands.scm
  guix-20250914.1923/scheme/emacs-guix/emacs.scm
  guix-20250914.1923/scheme/emacs-guix/generations.scm
  guix-20250914.1923/scheme/emacs-guix/graph.scm
  guix-20250914.1923/scheme/emacs-guix/hash.scm
  guix-20250914.1923/scheme/emacs-guix/licenses.scm
  guix-20250914.1923/scheme/emacs-guix/lint.scm
  guix-20250914.1923/scheme/emacs-guix/pack.scm
  guix-20250914.1923/scheme/emacs-guix/packages.scm
  guix-20250914.1923/scheme/emacs-guix/profiles.scm
  guix-20250914.1923/scheme/emacs-guix/refresh.scm
  guix-20250914.1923/scheme/emacs-guix/services.scm
  guix-20250914.1923/scheme/emacs-guix/store-items.scm
  guix-20250914.1923/scheme/emacs-guix/system-generations.scm
  guix-20250914.1923/scheme/emacs-guix/system.scm
  guix-20250914.1923/scheme/emacs-guix/utils.scm
 ✓ Success:
  2025-12-29T00:38:42+0000  guix-20250914.1923.entry
  2025-12-29T00:38:42+0000  guix-20250914.1923.tar
Built guix in 7.944s, finished at 2025-12-29T00:38:43+0000
