Package: gumshoe
Fetcher: github
Source:  https://github.com/Overdr0ne/gumshoe.git

Updating /mnt/store/melpa/working/gumshoe/
Checking out 569ee770d022df9f6d51ff448652788a379c377c
Copying files (->) and directories (=>)
  from /mnt/store/melpa/working/gumshoe/
  to /tmp/gumshoedAJfnI/gumshoe-20240628.2142
    elpa.el -> elpa.el
    gumshoe-core.el -> gumshoe-core.el
    gumshoe-persp.el -> gumshoe-persp.el
    gumshoe.el -> gumshoe.el
Created gumshoe-20240628.2142.tar containing:
  gumshoe-20240628.2142/
  gumshoe-20240628.2142/elpa.el
  gumshoe-20240628.2142/gumshoe-core.el
  gumshoe-20240628.2142/gumshoe-persp.el
  gumshoe-20240628.2142/gumshoe-pkg.el
  gumshoe-20240628.2142/gumshoe.el
 ✓ Success:
  2024-08-22T23:57:45+0000  gumshoe-20240628.2142.entry
  2024-08-22T23:57:45+0000  gumshoe-20240628.2142.tar
Built gumshoe in 2.645s, finished at 2024-08-22T23:57:46+0000
