Package: hass
Fetcher: github
Source:  https://github.com/purplg/hass

Updating /mnt/store/melpa/working/hass/
Checking out 4c9da37c5217177d43dbd2cb9cd458c01b834c54
Copying files (->) and directories (=>)
  from /mnt/store/melpa/working/hass/
  to /tmp/hassiXg9ep/hass-20230529.1312
    hass-dash.el -> hass-dash.el
    hass-websocket.el -> hass-websocket.el
    hass.el -> hass.el
Created hass-20230529.1312.tar containing:
  hass-20230529.1312/
  hass-20230529.1312/hass-dash.el
  hass-20230529.1312/hass-pkg.el
  hass-20230529.1312/hass-websocket.el
  hass-20230529.1312/hass.el
 ✓ Success:
  2025-08-25T00:43:16+0000  hass-20230529.1312.entry
  2025-08-25T00:43:16+0000  hass-20230529.1312.tar
Built hass in 4.697s, finished at 2025-08-25T00:43:17+0000
