 • Building package helix (from github:mgmarlow/helix-mode)...
Updating /mnt/store/melpa/working/helix/
Checking out 95720173db4b0d4a4fab17aa8413700484c92a77
Copying files (->) and directories (=>)
  from /mnt/store/melpa/working/helix/
  to /tmp/helixUtoF3n/helix-20251125.2011
    helix-core.el -> helix-core.el
    helix-jj.el -> helix-jj.el
    helix-multiple-cursors.el -> helix-multiple-cursors.el
    helix.el -> helix.el
Created helix-20251125.2011.tar containing:
  helix-20251125.2011/
  helix-20251125.2011/helix-core.el
  helix-20251125.2011/helix-jj.el
  helix-20251125.2011/helix-multiple-cursors.el
  helix-20251125.2011/helix-pkg.el
  helix-20251125.2011/helix.el
 ✓ Success:
  2025-12-29T00:39:15+0000  helix-20251125.2011.entry
  2025-12-29T00:39:15+0000  helix-20251125.2011.tar
Built helix in 2.929s, finished at 2025-12-29T00:39:16+0000
