Package: helm-rage
Fetcher: github
Source:  https://github.com/bomgar/helm-rage.git

Updating /mnt/store/melpa/working/helm-rage/
Checking out 5b5316b92fd2b5319f7296c7ccaa93d471935076
Copying files (->) and directories (=>)
  from /mnt/store/melpa/working/helm-rage/
  to /tmp/helm-rageF4Y9hS/helm-rage-20240202.822
    helm-rage.el -> helm-rage.el
    meme => meme
Created helm-rage-20240202.822.tar containing:
  helm-rage-20240202.822/
  helm-rage-20240202.822/helm-rage-pkg.el
  helm-rage-20240202.822/helm-rage.el
  helm-rage-20240202.822/meme/
  helm-rage-20240202.822/meme/Double_Table_Flip.meme
  helm-rage-20240202.822/meme/FLIP_ALL_DEM_TABLEZ.meme
  helm-rage-20240202.822/meme/FU.meme
  helm-rage-20240202.822/meme/Finger_2.meme
  helm-rage-20240202.822/meme/Fuck_You.meme
  helm-rage-20240202.822/meme/Happy.meme
  helm-rage-20240202.822/meme/Help.meme
  helm-rage-20240202.822/meme/Lenny_face.meme
  helm-rage-20240202.822/meme/Ping_Pong.meme
  helm-rage-20240202.822/meme/Put_that_table_back!_(better_version).meme
  helm-rage-20240202.822/meme/Rare.meme
  helm-rage-20240202.822/meme/Table_Flip.meme
  helm-rage-20240202.822/meme/YOLO.meme
  helm-rage-20240202.822/meme/aliens.meme
  helm-rage-20240202.822/meme/all_the_things.meme
  helm-rage-20240202.822/meme/alone.meme
  helm-rage-20240202.822/meme/alone2.meme
  helm-rage-20240202.822/meme/android.meme
  helm-rage-20240202.822/meme/angry.meme
  helm-rage-20240202.822/meme/angry_lenny.meme
  helm-rage-20240202.822/meme/anime_girl.meme
  helm-rage-20240202.822/meme/anime_girl_2.meme
  helm-rage-20240202.822/meme/ape.meme
  helm-rage-20240202.822/meme/ban_hammer.meme
  helm-rage-20240202.822/meme/bender.meme
  helm-rage-20240202.822/meme/bitch_please.meme
  helm-rage-20240202.822/meme/bmw_hamster.meme
  helm-rage-20240202.822/meme/bonjour.meme
  helm-rage-20240202.822/meme/brofist.meme
  helm-rage-20240202.822/meme/bye_bye.meme
  helm-rage-20240202.822/meme/cereal_guy.meme
  helm-rage-20240202.822/meme/cute_cat.meme
  helm-rage-20240202.822/meme/cuteness_overload.meme
  helm-rage-20240202.822/meme/dancee.meme
  helm-rage-20240202.822/meme/deal_with_it.meme
  helm-rage-20240202.822/meme/derp_smile.meme
  helm-rage-20240202.822/meme/dick_butt.meme
  helm-rage-20240202.822/meme/diddly.meme
  helm-rage-20240202.822/meme/doge.meme
  helm-rage-20240202.822/meme/dude_come_on.meme
  helm-rage-20240202.822/meme/f_you.meme
  helm-rage-20240202.822/meme/face_palm.meme
  helm-rage-20240202.822/meme/fail.meme
  helm-rage-20240202.822/meme/foot.meme
  helm-rage-20240202.822/meme/gimme.meme
  helm-rage-20240202.822/meme/go_away_bear.meme
  helm-rage-20240202.822/meme/hamster.meme
  helm-rage-20240202.822/meme/heart.meme
  helm-rage-20240202.822/meme/homer.meme
  helm-rage-20240202.822/meme/kiss.meme
  helm-rage-20240202.822/meme/like_a_sir.meme
  helm-rage-20240202.822/meme/lol.meme
  helm-rage-20240202.822/meme/lol_text.meme
  helm-rage-20240202.822/meme/mario.meme
  helm-rage-20240202.822/meme/no.meme
  helm-rage-20240202.822/meme/not_bad_obama.meme
  helm-rage-20240202.822/meme/nyan_cat.meme
  helm-rage-20240202.822/meme/oh_god_why.meme
  helm-rage-20240202.822/meme/ohboy.meme
  helm-rage-20240202.822/meme/ok.meme
  helm-rage-20240202.822/meme/patrick.meme
  helm-rage-20240202.822/meme/patrick_star.meme
  helm-rage-20240202.822/meme/pedobear.meme
  helm-rage-20240202.822/meme/pepe.meme
  helm-rage-20240202.822/meme/pepe_the_frog.meme
  helm-rage-20240202.822/meme/pistols.meme
  helm-rage-20240202.822/meme/poop.meme
  helm-rage-20240202.822/meme/rage_guy.meme
  helm-rage-20240202.822/meme/rip.meme
  helm-rage-20240202.822/meme/salty.meme
  helm-rage-20240202.822/meme/sunglasses.meme
  helm-rage-20240202.822/meme/superman.meme
  helm-rage-20240202.822/meme/surprised.meme
  helm-rage-20240202.822/meme/take_my_money.meme
  helm-rage-20240202.822/meme/tank.meme
  helm-rage-20240202.822/meme/thumb_up.meme
  helm-rage-20240202.822/meme/thumb_up_heart.meme
  helm-rage-20240202.822/meme/troll.meme
  helm-rage-20240202.822/meme/trolldad.meme
  helm-rage-20240202.822/meme/twilight_sparkler_pony.meme
  helm-rage-20240202.822/meme/umadbro.meme
  helm-rage-20240202.822/meme/wat.meme
  helm-rage-20240202.822/meme/wat2.meme
  helm-rage-20240202.822/meme/y_you_no.meme
  helm-rage-20240202.822/meme/you_don't_say.meme
 ✓ Success:
  2024-03-30T07:23:04+0000  helm-rage-20240202.822.entry
  2024-03-30T07:23:04+0000  helm-rage-20240202.822.tar
Built helm-rage in 3.848s, finished at 2024-03-30T07:23:06+0000
