Package: helm-cider
Fetcher: github
Source:  https://github.com/clojure-emacs/helm-cider.git

Updating /mnt/store/melpa/working/helm-cider/
Checking out fe7e48befdb0b20ea1b0fb3626a8a725e54ae626
Copying files (->) and directories (=>)
  from /mnt/store/melpa/working/helm-cider/
  to /tmp/helm-cidergUsk93/helm-cider-20220706.944
    helm-cider-cheatsheet.el -> helm-cider-cheatsheet.el
    helm-cider-repl.el -> helm-cider-repl.el
    helm-cider-spec.el -> helm-cider-spec.el
    helm-cider-util.el -> helm-cider-util.el
    helm-cider.el -> helm-cider.el
Created helm-cider-20220706.944.tar containing:
  helm-cider-20220706.944/
  helm-cider-20220706.944/helm-cider-cheatsheet.el
  helm-cider-20220706.944/helm-cider-pkg.el
  helm-cider-20220706.944/helm-cider-repl.el
  helm-cider-20220706.944/helm-cider-spec.el
  helm-cider-20220706.944/helm-cider-util.el
  helm-cider-20220706.944/helm-cider.el
 ✓ Success:
  2023-12-29T07:09:32+0000  helm-cider-20220706.944.entry
  2023-12-29T07:09:32+0000  helm-cider-20220706.944.tar
Built helm-cider in 3.934s, finished at 2023-12-29T07:09:34+0000
