Package: helm-ext
Fetcher: github
Source:  https://github.com/cute-jumper/helm-ext

Updating /mnt/store/melpa/working/helm-ext/
Checking out c30f7772ec577a5ce1de3215f0507826e0725a69
Copying files (->) and directories (=>)
  from /mnt/store/melpa/working/helm-ext/
  to /tmp/helm-extVG6ZPV/helm-ext-20200722.107
    helm-ext-ff.el -> helm-ext-ff.el
    helm-ext-minibuffer.el -> helm-ext-minibuffer.el
    helm-ext.el -> helm-ext.el
Created helm-ext-20200722.107.tar containing:
  helm-ext-20200722.107/
  helm-ext-20200722.107/helm-ext-ff.el
  helm-ext-20200722.107/helm-ext-minibuffer.el
  helm-ext-20200722.107/helm-ext-pkg.el
  helm-ext-20200722.107/helm-ext.el
 ✓ Success:
  2025-01-16T21:41:07+0000  helm-ext-20200722.107.entry
  2025-01-16T21:41:06+0000  helm-ext-20200722.107.tar
Built helm-ext in 4.047s, finished at 2025-01-16T21:41:08+0000
