Package: helm-system-packages
Fetcher: github
Source:  https://github.com/emacs-helm/helm-system-packages.git

Updating /mnt/store/melpa/working/helm-system-packages/
Checking out e93f4aeaa77b73c6e529141c3fa0ac49b40b6306
Copying files (->) and directories (=>)
  from /mnt/store/melpa/working/helm-system-packages/
  to /tmp/helm-system-packages8UeLUB/helm-system-packages-20220515.812
    helm-system-packages-brew.el -> helm-system-packages-brew.el
    helm-system-packages-dnf.el -> helm-system-packages-dnf.el
    helm-system-packages-dpkg.el -> helm-system-packages-dpkg.el
    helm-system-packages-guix.el -> helm-system-packages-guix.el
    helm-system-packages-pacman.el -> helm-system-packages-pacman.el
    helm-system-packages-portage.el -> helm-system-packages-portage.el
    helm-system-packages-xbps.el -> helm-system-packages-xbps.el
    helm-system-packages.el -> helm-system-packages.el
Created helm-system-packages-20220515.812.tar containing:
  helm-system-packages-20220515.812/
  helm-system-packages-20220515.812/helm-system-packages-brew.el
  helm-system-packages-20220515.812/helm-system-packages-dnf.el
  helm-system-packages-20220515.812/helm-system-packages-dpkg.el
  helm-system-packages-20220515.812/helm-system-packages-guix.el
  helm-system-packages-20220515.812/helm-system-packages-pacman.el
  helm-system-packages-20220515.812/helm-system-packages-pkg.el
  helm-system-packages-20220515.812/helm-system-packages-portage.el
  helm-system-packages-20220515.812/helm-system-packages-xbps.el
  helm-system-packages-20220515.812/helm-system-packages.el
 ✓ Success:
  2024-04-15T23:55:50+0000  helm-system-packages-20220515.812.entry
  2024-04-15T23:55:50+0000  helm-system-packages-20220515.812.tar
Built helm-system-packages in 6.991s, finished at 2024-04-15T23:55:53+0000
