Package: helm-tree-sitter
Fetcher: github
Source:  https://github.com/Giedriusj1/helm-tree-sitter.git

Updating /mnt/store/melpa/working/helm-tree-sitter/
Checking out ef5209bd1deb56d6cab7a26e6d55615161f2115a
Copying files (->) and directories (=>)
  from /mnt/store/melpa/working/helm-tree-sitter/
  to /tmp/helm-tree-sitterHl8otG/helm-tree-sitter-20220328.1345
    helm-tree-sitter-c.el -> helm-tree-sitter-c.el
    helm-tree-sitter-core.el -> helm-tree-sitter-core.el
    helm-tree-sitter-cpp.el -> helm-tree-sitter-cpp.el
    helm-tree-sitter-debug.el -> helm-tree-sitter-debug.el
    helm-tree-sitter-default.el -> helm-tree-sitter-default.el
    helm-tree-sitter-python.el -> helm-tree-sitter-python.el
    helm-tree-sitter-rust.el -> helm-tree-sitter-rust.el
    helm-tree-sitter-utils.el -> helm-tree-sitter-utils.el
    helm-tree-sitter.el -> helm-tree-sitter.el
Created helm-tree-sitter-20220328.1345.tar containing:
  helm-tree-sitter-20220328.1345/
  helm-tree-sitter-20220328.1345/helm-tree-sitter-c.el
  helm-tree-sitter-20220328.1345/helm-tree-sitter-core.el
  helm-tree-sitter-20220328.1345/helm-tree-sitter-cpp.el
  helm-tree-sitter-20220328.1345/helm-tree-sitter-debug.el
  helm-tree-sitter-20220328.1345/helm-tree-sitter-default.el
  helm-tree-sitter-20220328.1345/helm-tree-sitter-pkg.el
  helm-tree-sitter-20220328.1345/helm-tree-sitter-python.el
  helm-tree-sitter-20220328.1345/helm-tree-sitter-rust.el
  helm-tree-sitter-20220328.1345/helm-tree-sitter-utils.el
  helm-tree-sitter-20220328.1345/helm-tree-sitter.el
 ✓ Success:
  2024-01-07T00:20:05+0000  helm-tree-sitter-20220328.1345.entry
  2024-01-07T00:20:05+0000  helm-tree-sitter-20220328.1345.tar
Built helm-tree-sitter in 5.282s, finished at 2024-01-07T00:20:08+0000
