Package: helm-img
Fetcher: github
Source:  https://github.com/mtmtcode/helm-img.git

Updating /mnt/store/melpa/working/helm-img/
Checking out aa3f8a5dce8d0413bf07584f07153a39015c2bfc
Copying files (->) and directories (=>)
  from /mnt/store/melpa/working/helm-img/
  to /tmp/helm-imgBDc3g6/helm-img-20151224.2321
    helm-img-bing.el -> helm-img-bing.el
    helm-img-dir.el -> helm-img-dir.el
    helm-img.el -> helm-img.el
Created helm-img-20151224.2321.tar containing:
  helm-img-20151224.2321/
  helm-img-20151224.2321/helm-img-bing.el
  helm-img-20151224.2321/helm-img-dir.el
  helm-img-20151224.2321/helm-img-pkg.el
  helm-img-20151224.2321/helm-img.el
 ✓ Success:
  2024-03-07T23:20:30+0000  helm-img-20151224.2321.entry
  2024-03-07T23:20:30+0000  helm-img-20151224.2321.tar
Built helm-img in 3.258s, finished at 2024-03-07T23:20:32+0000
