Package: helm-chronos
Fetcher: github
Source:  https://github.com/dxknight/helm-chronos

Updating /mnt/store/melpa/working/helm-chronos/
Checking out a14fc3d65dd96ce6616234b3f7b8b08b4c1817ef
Copying files (->) and directories (=>)
  from /mnt/store/melpa/working/helm-chronos/
  to /tmp/helm-chronos74iw89/helm-chronos-20150528.2036
    helm-chronos.el -> helm-chronos.el
    helm-chronos.info -> helm-chronos.info
Created helm-chronos-20150528.2036.tar containing:
  helm-chronos-20150528.2036/
  helm-chronos-20150528.2036/dir
  helm-chronos-20150528.2036/helm-chronos-pkg.el
  helm-chronos-20150528.2036/helm-chronos.el
  helm-chronos-20150528.2036/helm-chronos.info
 ✓ Success:
  2025-03-09T23:01:34+0000  helm-chronos-20150528.2036.entry
  2025-03-09T23:01:34+0000  helm-chronos-20150528.2036.tar
Built helm-chronos in 2.728s, finished at 2025-03-09T23:01:35+0000
