Package: hemisu-theme
Fetcher: github
Source:  https://github.com/andrzejsliwa/hemisu-theme

Updating /mnt/store/melpa/working/hemisu-theme/
Checking out ae593ac58e6bffef97467259c1d1472840385e84
Copying files (->) and directories (=>)
  from /mnt/store/melpa/working/hemisu-theme/
  to /tmp/hemisu-theme3zvU6y/hemisu-theme-20130508.1844
    hemisu-dark-theme.el -> hemisu-dark-theme.el
    hemisu-light-theme.el -> hemisu-light-theme.el
    hemisu-theme.el -> hemisu-theme.el
Created hemisu-theme-20130508.1844.tar containing:
  hemisu-theme-20130508.1844/
  hemisu-theme-20130508.1844/hemisu-dark-theme.el
  hemisu-theme-20130508.1844/hemisu-light-theme.el
  hemisu-theme-20130508.1844/hemisu-theme-pkg.el
  hemisu-theme-20130508.1844/hemisu-theme.el
 ✓ Success:
  2024-12-27T23:52:55+0000  hemisu-theme-20130508.1844.entry
  2024-12-27T23:52:55+0000  hemisu-theme-20130508.1844.tar
Built hemisu-theme in 3.432s, finished at 2024-12-27T23:52:56+0000
