Package: highlight2clipboard
Fetcher: github
Source:  https://github.com/Lindydancer/highlight2clipboard.git

Updating /mnt/store/melpa/working/highlight2clipboard/
Checking out 6564fafd09a9c676b4d393f2260a0c73daac7257
Copying files (->) and directories (=>)
  from /mnt/store/melpa/working/highlight2clipboard/
  to /tmp/highlight2clipboardzxK6HQ/highlight2clipboard-20240516.1942
    highlight2clipboard.el -> highlight2clipboard.el
    bin => bin
Created highlight2clipboard-20240516.1942.tar containing:
  highlight2clipboard-20240516.1942/
  highlight2clipboard-20240516.1942/bin/
  highlight2clipboard-20240516.1942/bin/highlight2clipboard-osx.py
  highlight2clipboard-20240516.1942/bin/highlight2clipboard-w32.rb
  highlight2clipboard-20240516.1942/highlight2clipboard-pkg.el
  highlight2clipboard-20240516.1942/highlight2clipboard.el
 ✓ Success:
  2024-08-24T00:02:54+0000  highlight2clipboard-20240516.1942.entry
  2024-08-24T00:02:54+0000  highlight2clipboard-20240516.1942.tar
Built highlight2clipboard in 2.726s, finished at 2024-08-24T00:02:55+0000
