Package: himalaya
Fetcher: github
Source:  https://github.com/dantecatalfamo/himalaya-emacs.git

Updating /mnt/store/melpa/working/himalaya/
Checking out 6c2c7f354a0bed95b2199e1814342620119bf13e
Copying files (->) and directories (=>)
  from /mnt/store/melpa/working/himalaya/
  to /tmp/himalayaY94FRE/himalaya-20240321.1324
    himalaya-account.el -> himalaya-account.el
    himalaya-attachment.el -> himalaya-attachment.el
    himalaya-envelope-mark.el -> himalaya-envelope-mark.el
    himalaya-envelope.el -> himalaya-envelope.el
    himalaya-flag.el -> himalaya-flag.el
    himalaya-folder.el -> himalaya-folder.el
    himalaya-message.el -> himalaya-message.el
    himalaya-process.el -> himalaya-process.el
    himalaya-template.el -> himalaya-template.el
    himalaya.el -> himalaya.el
Created himalaya-20240321.1324.tar containing:
  himalaya-20240321.1324/
  himalaya-20240321.1324/himalaya-account.el
  himalaya-20240321.1324/himalaya-attachment.el
  himalaya-20240321.1324/himalaya-envelope-mark.el
  himalaya-20240321.1324/himalaya-envelope.el
  himalaya-20240321.1324/himalaya-flag.el
  himalaya-20240321.1324/himalaya-folder.el
  himalaya-20240321.1324/himalaya-message.el
  himalaya-20240321.1324/himalaya-pkg.el
  himalaya-20240321.1324/himalaya-process.el
  himalaya-20240321.1324/himalaya-template.el
  himalaya-20240321.1324/himalaya.el
 ✓ Success:
  2024-09-24T23:53:30+0000  himalaya-20240321.1324.entry
  2024-09-24T23:53:30+0000  himalaya-20240321.1324.tar
Built himalaya in 2.722s, finished at 2024-09-24T23:53:30+0000
