Package: hippo-themes
Fetcher: github
Source:  https://github.com/kimim/emacs-hippo-theme

Updating /mnt/store/melpa/working/hippo-themes/
Checking out ab04264f651807fd41617bca0216c2b2e6cdb79f
Copying files (->) and directories (=>)
  from /mnt/store/melpa/working/hippo-themes/
  to /tmp/hippo-themesHtkgRI/hippo-themes-20230626.1439
    hippo-themes-light-theme.el -> hippo-themes-light-theme.el
    hippo-themes-night-theme.el -> hippo-themes-night-theme.el
    hippo-themes-paper-theme.el -> hippo-themes-paper-theme.el
    hippo-themes.el -> hippo-themes.el
Created hippo-themes-20230626.1439.tar containing:
  hippo-themes-20230626.1439/
  hippo-themes-20230626.1439/hippo-themes-light-theme.el
  hippo-themes-20230626.1439/hippo-themes-night-theme.el
  hippo-themes-20230626.1439/hippo-themes-paper-theme.el
  hippo-themes-20230626.1439/hippo-themes-pkg.el
  hippo-themes-20230626.1439/hippo-themes.el
 ✓ Success:
  2025-03-13T22:54:29+0000  hippo-themes-20230626.1439.entry
  2025-03-13T22:54:29+0000  hippo-themes-20230626.1439.tar
Built hippo-themes in 2.703s, finished at 2025-03-13T22:54:30+0000
