Package: howm
Fetcher: github
Source:  https://github.com/kaorahi/howm

Updating /mnt/store/melpa/working/howm/
Checking out f7deb43bb38f004cdd907b2abfc17bded33047bb
Copying files (->) and directories (=>)
  from /mnt/store/melpa/working/howm/
  to /tmp/howmk0rnHn/howm-20250223.1411
    action-lock.el -> action-lock.el
    bcomp.el -> bcomp.el
    cheat-font-lock.el -> cheat-font-lock.el
    gfunc.el -> gfunc.el
    honest-report.el -> honest-report.el
    howm-backend.el -> howm-backend.el
    howm-common.el -> howm-common.el
    howm-date.el -> howm-date.el
    howm-lang-en.el -> howm-lang-en.el
    howm-lang-fr.el -> howm-lang-fr.el
    howm-lang-ja.el -> howm-lang-ja.el
    howm-menu-en.el -> howm-menu-en.el
    howm-menu-fr.el -> howm-menu-fr.el
    howm-menu-ja.el -> howm-menu-ja.el
    howm-menu.el -> howm-menu.el
    howm-misc.el -> howm-misc.el
    howm-mkmenu.el -> howm-mkmenu.el
    howm-mode.el -> howm-mode.el
    howm-reminder.el -> howm-reminder.el
    howm-vars.el -> howm-vars.el
    howm-view.el -> howm-view.el
    howm.el -> howm.el
    iigrep.el -> iigrep.el
    illusion.el -> illusion.el
    riffle.el -> riffle.el
Created howm-20250223.1411.tar containing:
  howm-20250223.1411/
  howm-20250223.1411/action-lock.el
  howm-20250223.1411/bcomp.el
  howm-20250223.1411/cheat-font-lock.el
  howm-20250223.1411/gfunc.el
  howm-20250223.1411/honest-report.el
  howm-20250223.1411/howm-backend.el
  howm-20250223.1411/howm-common.el
  howm-20250223.1411/howm-date.el
  howm-20250223.1411/howm-lang-en.el
  howm-20250223.1411/howm-lang-fr.el
  howm-20250223.1411/howm-lang-ja.el
  howm-20250223.1411/howm-menu-en.el
  howm-20250223.1411/howm-menu-fr.el
  howm-20250223.1411/howm-menu-ja.el
  howm-20250223.1411/howm-menu.el
  howm-20250223.1411/howm-misc.el
  howm-20250223.1411/howm-mkmenu.el
  howm-20250223.1411/howm-mode.el
  howm-20250223.1411/howm-pkg.el
  howm-20250223.1411/howm-reminder.el
  howm-20250223.1411/howm-vars.el
  howm-20250223.1411/howm-view.el
  howm-20250223.1411/howm.el
  howm-20250223.1411/iigrep.el
  howm-20250223.1411/illusion.el
  howm-20250223.1411/riffle.el
 ✓ Success:
  2025-02-24T00:26:47+0000  howm-20250223.1411.entry
  2025-02-24T00:26:47+0000  howm-20250223.1411.tar
Built howm in 4.627s, finished at 2025-02-24T00:26:48+0000
