Package: humanoid-themes
Fetcher: github
Source:  https://github.com/humanoid-colors/emacs-humanoid-themes.git

Updating /mnt/store/melpa/working/humanoid-themes/
Checking out 7dd4fe1211e0af187ae9ad4db6d5bea9e3e944f9
Copying files (->) and directories (=>)
  from /mnt/store/melpa/working/humanoid-themes/
  to /tmp/humanoid-themesOqhXHw/humanoid-themes-20231222.1052
    humanoid-dark-theme.el -> humanoid-dark-theme.el
    humanoid-light-theme.el -> humanoid-light-theme.el
    humanoid-themes.el -> humanoid-themes.el
Created humanoid-themes-20231222.1052.tar containing:
  humanoid-themes-20231222.1052/
  humanoid-themes-20231222.1052/humanoid-dark-theme.el
  humanoid-themes-20231222.1052/humanoid-light-theme.el
  humanoid-themes-20231222.1052/humanoid-themes-pkg.el
  humanoid-themes-20231222.1052/humanoid-themes.el
 ✓ Success:
  2024-02-13T15:28:06+0000  humanoid-themes-20231222.1052.entry
  2024-02-13T15:28:06+0000  humanoid-themes-20231222.1052.tar
Built humanoid-themes in 3.426s, finished at 2024-02-13T15:28:07+0000
