Package: hydra
Fetcher: github
Source:  https://github.com/abo-abo/hydra.git

Updating /mnt/store/melpa/working/hydra/
Checking out 317e1de33086637579a7aeb60f77ed0405bf359b
Copying files (->) and directories (=>)
  from /mnt/store/melpa/working/hydra/
  to /tmp/hydrafi7lDu/hydra-20220910.1206
    hydra-examples.el -> hydra-examples.el
    hydra-ox.el -> hydra-ox.el
    hydra.el -> hydra.el
Created hydra-20220910.1206.tar containing:
  hydra-20220910.1206/
  hydra-20220910.1206/hydra-examples.el
  hydra-20220910.1206/hydra-ox.el
  hydra-20220910.1206/hydra-pkg.el
  hydra-20220910.1206/hydra.el
 ✓ Success:
  2024-02-17T15:58:54+0000  hydra-20220910.1206.entry
  2024-02-17T15:58:54+0000  hydra-20220910.1206.tar
Built hydra in 3.920s, finished at 2024-02-17T15:58:56+0000
