Package: hyperstitional-themes
Fetcher: github
Source:  https://github.com/precompute/hyperstitional-themes

Updating /mnt/store/melpa/working/hyperstitional-themes/
Checking out e87e4ca39384c75398c64c920bf4cbc253f6740b
Copying files (->) and directories (=>)
  from /mnt/store/melpa/working/hyperstitional-themes/
  to /tmp/hyperstitional-themesZ8mURZ/hyperstitional-themes-20240528.2016
    hyperstitional-themes-digitalsear-inverted-theme.el -> hyperstitional-themes-digitalsear-inverted-theme.el
    hyperstitional-themes-digitalsear-theme.el -> hyperstitional-themes-digitalsear-theme.el
    hyperstitional-themes.el -> hyperstitional-themes.el
Created hyperstitional-themes-20240528.2016.tar containing:
  hyperstitional-themes-20240528.2016/
  hyperstitional-themes-20240528.2016/hyperstitional-themes-digitalsear-inverted-theme.el
  hyperstitional-themes-20240528.2016/hyperstitional-themes-digitalsear-theme.el
  hyperstitional-themes-20240528.2016/hyperstitional-themes-pkg.el
  hyperstitional-themes-20240528.2016/hyperstitional-themes.el
 ✓ Success:
  2024-12-11T23:29:25+0000  hyperstitional-themes-20240528.2016.entry
  2024-12-11T23:29:25+0000  hyperstitional-themes-20240528.2016.tar
Built hyperstitional-themes in 1.544s, finished at 2024-12-11T23:29:26+0000
