Package: hyperdrive
Fetcher: sourcehut
Source:  https://git.sr.ht/~ushin/hyperdrive.el

Updating /mnt/store/melpa/working/hyperdrive/
Checking out c2d69e94e2ae10790e65dc8d3a3d9597d16fa33a
Copying files (->) and directories (=>)
  from /mnt/store/melpa/working/hyperdrive/
  to /tmp/hyperdriveaEioBv/hyperdrive-20240713.1842
    hyperdrive-describe.el -> hyperdrive-describe.el
    hyperdrive-diff.el -> hyperdrive-diff.el
    hyperdrive-dir.el -> hyperdrive-dir.el
    hyperdrive-ewoc.el -> hyperdrive-ewoc.el
    hyperdrive-history.el -> hyperdrive-history.el
    hyperdrive-lib.el -> hyperdrive-lib.el
    hyperdrive-menu.el -> hyperdrive-menu.el
    hyperdrive-mirror.el -> hyperdrive-mirror.el
    hyperdrive-org.el -> hyperdrive-org.el
    hyperdrive-vars.el -> hyperdrive-vars.el
    hyperdrive.el -> hyperdrive.el
  ! doc/hyperdrive.texi -> hyperdrive.texi
Generating /tmp/hyperdriveaEioBv/hyperdrive-20240713.1842/hyperdrive.info
Created hyperdrive-20240713.1842.tar containing:
  hyperdrive-20240713.1842/
  hyperdrive-20240713.1842/dir
  hyperdrive-20240713.1842/hyperdrive-describe.el
  hyperdrive-20240713.1842/hyperdrive-diff.el
  hyperdrive-20240713.1842/hyperdrive-dir.el
  hyperdrive-20240713.1842/hyperdrive-ewoc.el
  hyperdrive-20240713.1842/hyperdrive-history.el
  hyperdrive-20240713.1842/hyperdrive-lib.el
  hyperdrive-20240713.1842/hyperdrive-menu.el
  hyperdrive-20240713.1842/hyperdrive-mirror.el
  hyperdrive-20240713.1842/hyperdrive-org.el
  hyperdrive-20240713.1842/hyperdrive-pkg.el
  hyperdrive-20240713.1842/hyperdrive-vars.el
  hyperdrive-20240713.1842/hyperdrive.el
  hyperdrive-20240713.1842/hyperdrive.info
 ✓ Success:
  2024-07-14T23:39:20+0000  hyperdrive-20240713.1842.entry
  2024-07-14T23:39:20+0000  hyperdrive-20240713.1842.tar
Built hyperdrive in 12.888s, finished at 2024-07-14T23:39:22+0000
