Package: i-ching
Fetcher: github
Source:  https://github.com/zzkt/i-ching.git

Updating /mnt/store/melpa/working/i-ching/
Checking out 2f1e8393b09f926188eb640604f5bc637707315e
Copying files (->) and directories (=>)
  from /mnt/store/melpa/working/i-ching/
  to /tmp/i-chingFTp33X/i-ching-20230530.937
    i-ching.el -> i-ching.el
    i-ching.info -> i-ching.info
Created i-ching-20230530.937.tar containing:
  i-ching-20230530.937/
  i-ching-20230530.937/dir
  i-ching-20230530.937/i-ching-pkg.el
  i-ching-20230530.937/i-ching.el
  i-ching-20230530.937/i-ching.info
 ✓ Success:
  2024-07-03T23:05:58+0000  i-ching-20230530.937.entry
  2024-07-03T23:05:58+0000  i-ching-20230530.937.tar
Built i-ching in 3.167s, finished at 2024-07-03T23:06:00+0000
