Package: icomplete-vertical
Fetcher: github
Source:  https://github.com/oantolin/icomplete-vertical

Updating /mnt/store/melpa/working/icomplete-vertical/
Checking out f5775d535630199703c936380d210d38249b342c
Copying files (->) and directories (=>)
  from /mnt/store/melpa/working/icomplete-vertical/
  to /tmp/icomplete-verticalBQOSQZ/icomplete-vertical-20220418.2119
    icomplete-vertical.el -> icomplete-vertical.el
    icomplete-vertical.texi -> icomplete-vertical.texi
Generating icomplete-vertical.info
Created icomplete-vertical-20220418.2119.tar containing:
  icomplete-vertical-20220418.2119/
  icomplete-vertical-20220418.2119/dir
  icomplete-vertical-20220418.2119/icomplete-vertical-pkg.el
  icomplete-vertical-20220418.2119/icomplete-vertical.el
  icomplete-vertical-20220418.2119/icomplete-vertical.info
 ✓ Success:
  2024-10-07T00:00:43+0000  icomplete-vertical-20220418.2119.entry
  2024-10-07T00:00:43+0000  icomplete-vertical-20220418.2119.tar
Built icomplete-vertical in 4.153s, finished at 2024-10-07T00:00:44+0000
