Package: ids-edit
Fetcher: github
Source:  https://github.com/kawabata/ids-edit.git

Updating /mnt/store/melpa/working/ids-edit/
Checking out 8562a6cbfb3f2d44bc6f62ab15081a80f8fee502
Copying files (->) and directories (=>)
  from /mnt/store/melpa/working/ids-edit/
  to /tmp/ids-editCeW215/ids-edit-20170818.1502
    ids-edit.el -> ids-edit.el
    ids-cdp.txt -> ids-cdp.txt
    ucs-strokes.txt -> ucs-strokes.txt
Created ids-edit-20170818.1502.tar containing:
  ids-edit-20170818.1502/
  ids-edit-20170818.1502/ids-cdp.txt
  ids-edit-20170818.1502/ids-edit-pkg.el
  ids-edit-20170818.1502/ids-edit.el
  ids-edit-20170818.1502/ucs-strokes.txt
 ✓ Success:
  2024-02-12T15:09:35+0000  ids-edit-20170818.1502.entry
  2024-02-12T15:09:35+0000  ids-edit-20170818.1502.tar
Built ids-edit in 2.352s, finished at 2024-02-12T15:09:36+0000
