Package: imbot
Fetcher: github
Source:  https://github.com/QiangF/imbot

Updating /mnt/store/melpa/working/imbot/
Checking out 3d4d5b0e73981a5249bcedfabd6bb188a1283075
Copying files (->) and directories (=>)
  from /mnt/store/melpa/working/imbot/
  to /tmp/imbot78u63c/imbot-20250108.1419
    imbot--fcitx5.el -> imbot--fcitx5.el
    imbot--ibus.el -> imbot--ibus.el
    imbot--windows.el -> imbot--windows.el
    imbot.el -> imbot.el
Created imbot-20250108.1419.tar containing:
  imbot-20250108.1419/
  imbot-20250108.1419/imbot--fcitx5.el
  imbot-20250108.1419/imbot--ibus.el
  imbot-20250108.1419/imbot--windows.el
  imbot-20250108.1419/imbot-pkg.el
  imbot-20250108.1419/imbot.el
 ✓ Success:
  2025-01-23T22:01:46+0000  imbot-20250108.1419.entry
  2025-01-23T22:01:46+0000  imbot-20250108.1419.tar
Built imbot in 4.848s, finished at 2025-01-23T22:01:48+0000
