Package: immaterial-theme
Fetcher: github
Source:  https://github.com/petergardfjall/emacs-immaterial-theme

Updating /mnt/store/melpa/working/immaterial-theme/
Checking out cbfe12f95d05d56929dad6b0f996089288fb9eae
Copying files (->) and directories (=>)
  from /mnt/store/melpa/working/immaterial-theme/
  to /tmp/immaterial-themeeD4vnV/immaterial-theme-20250124.826
    immaterial-dark-theme.el -> immaterial-dark-theme.el
    immaterial-light-theme.el -> immaterial-light-theme.el
    immaterial-theme.el -> immaterial-theme.el
Created immaterial-theme-20250124.826.tar containing:
  immaterial-theme-20250124.826/
  immaterial-theme-20250124.826/immaterial-dark-theme.el
  immaterial-theme-20250124.826/immaterial-light-theme.el
  immaterial-theme-20250124.826/immaterial-theme-pkg.el
  immaterial-theme-20250124.826/immaterial-theme.el
 ✓ Success:
  2025-03-09T23:05:41+0000  immaterial-theme-20250124.826.entry
  2025-03-09T23:05:41+0000  immaterial-theme-20250124.826.tar
Built immaterial-theme in 3.511s, finished at 2025-03-09T23:05:42+0000
