 • Building package impatient-mode (from github:skeeto/impatient-mode)...
Updating /mnt/store/melpa/working/impatient-mode/
Checking out a4e4e12852840996b027cb8e9fb2b809c37a0ee3
Copying files (->) and directories (=>)
  from /mnt/store/melpa/working/impatient-mode/
  to /tmp/impatient-mode3cI0Vs/impatient-mode-20230511.1746
    index.html -> index.html
    loading.html -> loading.html
    jquery.js -> jquery.js
    impatient-mode.el -> impatient-mode.el
Created impatient-mode-20230511.1746.tar containing:
  impatient-mode-20230511.1746/
  impatient-mode-20230511.1746/impatient-mode-pkg.el
  impatient-mode-20230511.1746/impatient-mode.el
  impatient-mode-20230511.1746/index.html
  impatient-mode-20230511.1746/jquery.js
  impatient-mode-20230511.1746/loading.html
 ✓ Success:
  2025-12-21T23:46:56+0000  impatient-mode-20230511.1746.entry
  2025-12-21T23:46:56+0000  impatient-mode-20230511.1746.tar
Built impatient-mode in 4.428s, finished at 2025-12-21T23:46:58+0000
