Package: indexed
Fetcher: github
Source:  https://github.com/meedstrom/indexed

Updating /mnt/store/melpa/working/indexed/
Checking out 1a0a8e2776cdc861ffbe9b49f99d5aac70c7d89a
Copying files (->) and directories (=>)
  from /mnt/store/melpa/working/indexed/
  to /tmp/indexedmdMX7D/indexed-20250327.1025
    indexed-list.el -> indexed-list.el
    indexed-org-parser.el -> indexed-org-parser.el
    indexed-orgdb.el -> indexed-orgdb.el
    indexed-roam.el -> indexed-roam.el
    indexed-x.el -> indexed-x.el
    indexed.el -> indexed.el
Created indexed-20250327.1025.tar containing:
  indexed-20250327.1025/
  indexed-20250327.1025/indexed-list.el
  indexed-20250327.1025/indexed-org-parser.el
  indexed-20250327.1025/indexed-orgdb.el
  indexed-20250327.1025/indexed-pkg.el
  indexed-20250327.1025/indexed-roam.el
  indexed-20250327.1025/indexed-x.el
  indexed-20250327.1025/indexed.el
 ✓ Success:
  2025-03-27T23:33:17+0000  indexed-20250327.1025.entry
  2025-03-27T23:33:17+0000  indexed-20250327.1025.tar
Built indexed in 4.080s, finished at 2025-03-27T23:33:18+0000
