Package: ink-mode
Fetcher: github
Source:  https://github.com/Kungsgeten/ink-mode

Updating /mnt/store/melpa/working/ink-mode/
Checking out 71d215712067729eb92e766a3b2067e7f3254183
Copying files (->) and directories (=>)
  from /mnt/store/melpa/working/ink-mode/
  to /tmp/ink-modexTEoWy/ink-mode-20201105.2242
    ink-mode.el -> ink-mode.el
  ! doc/WritingWithInk.texi -> WritingWithInk.texi
    snippets => snippets
Generating WritingWithInk.info
Created ink-mode-20201105.2242.tar containing:
  ink-mode-20201105.2242/
  ink-mode-20201105.2242/WritingWithInk.info
  ink-mode-20201105.2242/dir
  ink-mode-20201105.2242/ink-mode-pkg.el
  ink-mode-20201105.2242/ink-mode.el
  ink-mode-20201105.2242/snippets/
  ink-mode-20201105.2242/snippets/ink-mode/
  ink-mode-20201105.2242/snippets/ink-mode/choice_once
  ink-mode-20201105.2242/snippets/ink-mode/choice_sticky
  ink-mode-20201105.2242/snippets/ink-mode/condition
  ink-mode-20201105.2242/snippets/ink-mode/condition_multiline
  ink-mode-20201105.2242/snippets/ink-mode/divert
  ink-mode-20201105.2242/snippets/ink-mode/knot
  ink-mode-20201105.2242/snippets/ink-mode/stitch
 ✓ Success:
  2025-01-10T23:38:51+0000  ink-mode-20201105.2242.entry
  2025-01-10T23:38:51+0000  ink-mode-20201105.2242.tar
Built ink-mode in 3.230s, finished at 2025-01-10T23:38:52+0000
