Package: ivs-edit
Fetcher: github
Source:  https://github.com/kawabata/ivs-edit.git

Updating /mnt/store/melpa/working/ivs-edit/
Checking out 5db39c234aa7393b591168a4fd0a9a4cbbca347d
Copying files (->) and directories (=>)
  from /mnt/store/melpa/working/ivs-edit/
  to /tmp/ivs-editC9EAhI/ivs-edit-20170818.1441
    ivs-edit.el -> ivs-edit.el
    IVD_Sequences.txt -> IVD_Sequences.txt
    jp-old-style.txt -> jp-old-style.txt
Created ivs-edit-20170818.1441.tar containing:
  ivs-edit-20170818.1441/
  ivs-edit-20170818.1441/IVD_Sequences.txt
  ivs-edit-20170818.1441/ivs-edit-pkg.el
  ivs-edit-20170818.1441/ivs-edit.el
  ivs-edit-20170818.1441/jp-old-style.txt
 ✓ Success:
  2024-05-15T21:29:14+0000  ivs-edit-20170818.1441.entry
  2024-05-15T21:29:14+0000  ivs-edit-20170818.1441.tar
Built ivs-edit in 4.716s, finished at 2024-05-15T21:29:16+0000
