 • Building package ivy (from github:abo-abo/swiper)...
Updating /mnt/store/melpa/working/ivy/
Checking out ec9421340c88ebe08f05680e22308ed57ed68a3d
Copying files (->) and directories (=>)
  from /mnt/store/melpa/working/ivy/
  to /tmp/ivyg1qSQZ/ivy-20251123.1023
    colir.el -> colir.el
    ivy-faces.el -> ivy-faces.el
    ivy-overlay.el -> ivy-overlay.el
    ivy.el -> ivy.el
  ! doc/ivy.texi -> ivy.texi
  ! doc/ivy-help.org -> ivy-help.org
Generating ivy.info
Created ivy-20251123.1023.tar containing:
  ivy-20251123.1023/
  ivy-20251123.1023/colir.el
  ivy-20251123.1023/dir
  ivy-20251123.1023/ivy-faces.el
  ivy-20251123.1023/ivy-help.org
  ivy-20251123.1023/ivy-overlay.el
  ivy-20251123.1023/ivy-pkg.el
  ivy-20251123.1023/ivy.el
  ivy-20251123.1023/ivy.info
 ✓ Success:
  2025-12-08T00:14:58+0000  ivy-20251123.1023.entry
  2025-12-08T00:14:58+0000  ivy-20251123.1023.tar
Built ivy in 5.374s, finished at 2025-12-08T00:14:59+0000
