Package: jira
Fetcher: github
Source:  https://github.com/unmonoqueteclea/jira.el

Updating /mnt/store/melpa/working/jira/
Checking out 98bc0cc66ede34793c535a8afd526f42e32b0753
Copying files (->) and directories (=>)
  from /mnt/store/melpa/working/jira/
  to /tmp/jiraEMqPaD/jira-20250824.1519
    jira-actions.el -> jira-actions.el
    jira-api.el -> jira-api.el
    jira-complete.el -> jira-complete.el
    jira-detail.el -> jira-detail.el
    jira-doc.el -> jira-doc.el
    jira-fmt.el -> jira-fmt.el
    jira-issues.el -> jira-issues.el
    jira-table.el -> jira-table.el
    jira-tempo.el -> jira-tempo.el
    jira-users.el -> jira-users.el
    jira-utils.el -> jira-utils.el
    jira.el -> jira.el
Created jira-20250824.1519.tar containing:
  jira-20250824.1519/
  jira-20250824.1519/jira-actions.el
  jira-20250824.1519/jira-api.el
  jira-20250824.1519/jira-complete.el
  jira-20250824.1519/jira-detail.el
  jira-20250824.1519/jira-doc.el
  jira-20250824.1519/jira-fmt.el
  jira-20250824.1519/jira-issues.el
  jira-20250824.1519/jira-pkg.el
  jira-20250824.1519/jira-table.el
  jira-20250824.1519/jira-tempo.el
  jira-20250824.1519/jira-users.el
  jira-20250824.1519/jira-utils.el
  jira-20250824.1519/jira.el
 ✓ Success:
  2025-08-25T00:49:41+0000  jira-20250824.1519.entry
  2025-08-25T00:49:41+0000  jira-20250824.1519.tar
Built jira in 3.559s, finished at 2025-08-25T00:49:42+0000
