Package: js-format
Fetcher: github
Source:  https://github.com/futurist/js-format.el

Updating /mnt/store/melpa/working/js-format/
Checking out 544bda9be72b74ec2d442543ba60cff727d96669
Copying files (->) and directories (=>)
  from /mnt/store/melpa/working/js-format/
  to /tmp/js-formatyuCCda/js-format-20170119.102
    js-format.el -> js-format.el
    server.js -> server.js
    styles.json -> styles.json
    styles => styles
Created js-format-20170119.102.tar containing:
  js-format-20170119.102/
  js-format-20170119.102/js-format-pkg.el
  js-format-20170119.102/js-format.el
  js-format-20170119.102/server.js
  js-format-20170119.102/styles.json
  js-format-20170119.102/styles/
  js-format-20170119.102/styles/airbnb/
  js-format-20170119.102/styles/airbnb/index.js
  js-format-20170119.102/styles/airbnb/package.json
  js-format-20170119.102/styles/esformatter/
  js-format-20170119.102/styles/esformatter/index.js
  js-format-20170119.102/styles/esformatter/package.json
  js-format-20170119.102/styles/esformatter/style.json
  js-format-20170119.102/styles/jsbeautify/
  js-format-20170119.102/styles/jsbeautify/css.js
  js-format-20170119.102/styles/jsbeautify/html.js
  js-format-20170119.102/styles/jsbeautify/index.js
  js-format-20170119.102/styles/jsbeautify/package.json
  js-format-20170119.102/styles/jsbeautify/style.json
  js-format-20170119.102/styles/standard/
  js-format-20170119.102/styles/standard/index.js
  js-format-20170119.102/styles/standard/package.json
  js-format-20170119.102/styles/stylefmt/
  js-format-20170119.102/styles/stylefmt/index.js
  js-format-20170119.102/styles/stylefmt/package.json
 ✓ Success:
  2024-10-17T23:58:02+0000  js-format-20170119.102.entry
  2024-10-17T23:58:02+0000  js-format-20170119.102.tar
Built js-format in 2.633s, finished at 2024-10-17T23:58:03+0000
