Package: js2-mode
Fetcher: github
Source:  https://github.com/mooz/js2-mode.git

Updating /mnt/store/melpa/working/js2-mode/
Checking out ca0af32eea0281322a9ce268d98f01fbb88bbb7a
Copying files (->) and directories (=>)
  from /mnt/store/melpa/working/js2-mode/
  to /tmp/js2-modeJkkFLS/js2-mode-20231225.1150
    js2-imenu-extras.el -> js2-imenu-extras.el
    js2-mode.el -> js2-mode.el
    js2-old-indent.el -> js2-old-indent.el
Created js2-mode-20231225.1150.tar containing:
  js2-mode-20231225.1150/
  js2-mode-20231225.1150/js2-imenu-extras.el
  js2-mode-20231225.1150/js2-mode-pkg.el
  js2-mode-20231225.1150/js2-mode.el
  js2-mode-20231225.1150/js2-old-indent.el
 ✓ Success:
  2023-12-29T07:16:37+0000  js2-mode-20231225.1150.entry
  2023-12-29T07:16:37+0000  js2-mode-20231225.1150.tar
Built js2-mode in 6.709s, finished at 2023-12-29T07:16:40+0000
