Package: json-par
Fetcher: github
Source:  https://github.com/taku0/json-par

Updating /mnt/store/melpa/working/json-par/
Checking out c4a9566142de6b0812cf4dfe0b0bf49b3e35f038
Copying files (->) and directories (=>)
  from /mnt/store/melpa/working/json-par/
  to /tmp/json-parN9wN3D/json-par-20240608.725
    json-par-ancestor-overlay.el -> json-par-ancestor-overlay.el
    json-par-clone.el -> json-par-clone.el
    json-par-delete.el -> json-par-delete.el
    json-par-fixup.el -> json-par-fixup.el
    json-par-guess.el -> json-par-guess.el
    json-par-indent.el -> json-par-indent.el
    json-par-insert.el -> json-par-insert.el
    json-par-keymap.el -> json-par-keymap.el
    json-par-lexer.el -> json-par-lexer.el
    json-par-mark-narrow.el -> json-par-mark-narrow.el
    json-par-motion.el -> json-par-motion.el
    json-par-oneline-multiline.el -> json-par-oneline-multiline.el
    json-par-raise.el -> json-par-raise.el
    json-par-split-join.el -> json-par-split-join.el
    json-par-transpose.el -> json-par-transpose.el
    json-par-utils.el -> json-par-utils.el
    json-par.el -> json-par.el
