Package: kagi
Fetcher: codeberg
Source:  https://codeberg.org/bram85/kagi.el.git

Updating /mnt/store/melpa/working/kagi/
Checking out b3d45264fb25aa95130352c65bc87ec4659e6e71
Copying files (->) and directories (=>)
  from /mnt/store/melpa/working/kagi/
  to /tmp/kagi3kWZ0O/kagi-20240424.2021
    kagi.el -> kagi.el
    ob-kagi-fastgpt.el -> ob-kagi-fastgpt.el
    kagi.info -> kagi.info
Created kagi-20240424.2021.tar containing:
  kagi-20240424.2021/
  kagi-20240424.2021/dir
  kagi-20240424.2021/kagi-pkg.el
  kagi-20240424.2021/kagi.el
  kagi-20240424.2021/kagi.info
  kagi-20240424.2021/ob-kagi-fastgpt.el
 ✓ Success:
  2024-06-27T00:25:45+0000  kagi-20240424.2021.entry
  2024-06-27T00:25:44+0000  kagi-20240424.2021.tar
Built kagi in 8.296s, finished at 2024-06-27T00:25:48+0000
