Package: kanagawa-themes
Fetcher: github
Source:  https://github.com/Fabiokleis/kanagawa-emacs

Updating /mnt/store/melpa/working/kanagawa-themes/
Checking out ca11cbb0c2c9e3c8b69379a531fdcb6477bc6f02
Copying files (->) and directories (=>)
  from /mnt/store/melpa/working/kanagawa-themes/
  to /tmp/kanagawa-themesFrn1hF/kanagawa-themes-20250903.1411
    kanagawa-dragon-theme.el -> kanagawa-dragon-theme.el
    kanagawa-lotus-theme.el -> kanagawa-lotus-theme.el
    kanagawa-themes.el -> kanagawa-themes.el
    kanagawa-wave-theme.el -> kanagawa-wave-theme.el
Created kanagawa-themes-20250903.1411.tar containing:
  kanagawa-themes-20250903.1411/
  kanagawa-themes-20250903.1411/kanagawa-dragon-theme.el
  kanagawa-themes-20250903.1411/kanagawa-lotus-theme.el
  kanagawa-themes-20250903.1411/kanagawa-themes-pkg.el
  kanagawa-themes-20250903.1411/kanagawa-themes.el
  kanagawa-themes-20250903.1411/kanagawa-wave-theme.el
 ✓ Success:
  2025-09-08T01:46:28+0000  kanagawa-themes-20250903.1411.entry
  2025-09-08T01:46:28+0000  kanagawa-themes-20250903.1411.tar
Built kanagawa-themes in 2.559s, finished at 2025-09-08T01:46:29+0000
