Package: kaolin-themes
Fetcher: github
Source:  https://github.com/ogdenwebb/emacs-kaolin-themes

Updating /mnt/store/melpa/working/kaolin-themes/
Checking out fc43da84f4f786f30ee7f34fa4ceda64f2246074
Copying files (->) and directories (=>)
  from /mnt/store/melpa/working/kaolin-themes/
  to /tmp/kaolin-themesJME3qt/kaolin-themes-20250104.708
    kaolin-themes-lib.el -> kaolin-themes-lib.el
    kaolin-themes-treemacs.el -> kaolin-themes-treemacs.el
    kaolin-themes.el -> kaolin-themes.el
  ! themes/kaolin-aurora-theme.el -> kaolin-aurora-theme.el
  ! themes/kaolin-blossom-theme.el -> kaolin-blossom-theme.el
  ! themes/kaolin-breeze-theme.el -> kaolin-breeze-theme.el
  ! themes/kaolin-bubblegum-theme.el -> kaolin-bubblegum-theme.el
  ! themes/kaolin-dark-theme.el -> kaolin-dark-theme.el
  ! themes/kaolin-eclipse-theme.el -> kaolin-eclipse-theme.el
  ! themes/kaolin-galaxy-theme.el -> kaolin-galaxy-theme.el
  ! themes/kaolin-light-theme.el -> kaolin-light-theme.el
  ! themes/kaolin-mono-dark-theme.el -> kaolin-mono-dark-theme.el
  ! themes/kaolin-mono-light-theme.el -> kaolin-mono-light-theme.el
  ! themes/kaolin-ocean-theme.el -> kaolin-ocean-theme.el
  ! themes/kaolin-shiva-theme.el -> kaolin-shiva-theme.el
  ! themes/kaolin-temple-theme.el -> kaolin-temple-theme.el
  ! themes/kaolin-valley-dark-theme.el -> kaolin-valley-dark-theme.el
  ! themes/kaolin-valley-light-theme.el -> kaolin-valley-light-theme.el
Created kaolin-themes-20250104.708.tar containing:
  kaolin-themes-20250104.708/
  kaolin-themes-20250104.708/kaolin-aurora-theme.el
  kaolin-themes-20250104.708/kaolin-blossom-theme.el
  kaolin-themes-20250104.708/kaolin-breeze-theme.el
  kaolin-themes-20250104.708/kaolin-bubblegum-theme.el
  kaolin-themes-20250104.708/kaolin-dark-theme.el
  kaolin-themes-20250104.708/kaolin-eclipse-theme.el
  kaolin-themes-20250104.708/kaolin-galaxy-theme.el
  kaolin-themes-20250104.708/kaolin-light-theme.el
  kaolin-themes-20250104.708/kaolin-mono-dark-theme.el
  kaolin-themes-20250104.708/kaolin-mono-light-theme.el
  kaolin-themes-20250104.708/kaolin-ocean-theme.el
  kaolin-themes-20250104.708/kaolin-shiva-theme.el
  kaolin-themes-20250104.708/kaolin-temple-theme.el
  kaolin-themes-20250104.708/kaolin-themes-lib.el
  kaolin-themes-20250104.708/kaolin-themes-pkg.el
  kaolin-themes-20250104.708/kaolin-themes-treemacs.el
  kaolin-themes-20250104.708/kaolin-themes.el
  kaolin-themes-20250104.708/kaolin-valley-dark-theme.el
  kaolin-themes-20250104.708/kaolin-valley-light-theme.el
 ✓ Success:
  2025-01-04T23:34:44+0000  kaolin-themes-20250104.708.entry
  2025-01-04T23:34:44+0000  kaolin-themes-20250104.708.tar
Built kaolin-themes in 3.271s, finished at 2025-01-04T23:34:45+0000
