Package: keyword-search
Fetcher: github
Source:  https://github.com/keyword-search/keyword-search

Updating /mnt/store/melpa/working/keyword-search/
Checking out f8475ecaddb8804a9be6bee47678207c86ac8dee
Copying files (->) and directories (=>)
  from /mnt/store/melpa/working/keyword-search/
  to /tmp/keyword-searchywKgdU/keyword-search-20180424.1102
    keyword-search-extra.el -> keyword-search-extra.el
    keyword-search-mad.el -> keyword-search-mad.el
    keyword-search.el -> keyword-search.el
Created keyword-search-20180424.1102.tar containing:
  keyword-search-20180424.1102/
  keyword-search-20180424.1102/keyword-search-extra.el
  keyword-search-20180424.1102/keyword-search-mad.el
  keyword-search-20180424.1102/keyword-search-pkg.el
  keyword-search-20180424.1102/keyword-search.el
 ✓ Success:
  2024-11-20T00:36:16+0000  keyword-search-20180424.1102.entry
  2024-11-20T00:36:16+0000  keyword-search-20180424.1102.tar
Built keyword-search in 2.948s, finished at 2024-11-20T00:36:17+0000
