Package: kmacro-x
Fetcher: github
Source:  https://github.com/vifon/kmacro-x.el

Updating /mnt/store/melpa/working/kmacro-x/
Checking out 3f58f5421b98b436122dba2514cf559a7359904d
Copying files (->) and directories (=>)
  from /mnt/store/melpa/working/kmacro-x/
  to /tmp/kmacro-xG3GOUa/kmacro-x-20240721.1103
    kmacro-x-mc-extra.el -> kmacro-x-mc-extra.el
    kmacro-x-mc-legacy.el -> kmacro-x-mc-legacy.el
    kmacro-x-mc.el -> kmacro-x-mc.el
    kmacro-x.el -> kmacro-x.el
Created kmacro-x-20240721.1103.tar containing:
  kmacro-x-20240721.1103/
  kmacro-x-20240721.1103/kmacro-x-mc-extra.el
  kmacro-x-20240721.1103/kmacro-x-mc-legacy.el
  kmacro-x-20240721.1103/kmacro-x-mc.el
  kmacro-x-20240721.1103/kmacro-x-pkg.el
  kmacro-x-20240721.1103/kmacro-x.el
 ✓ Success:
  2025-02-02T00:09:21+0000  kmacro-x-20240721.1103.entry
  2025-02-02T00:09:21+0000  kmacro-x-20240721.1103.tar
Built kmacro-x in 5.637s, finished at 2025-02-02T00:09:23+0000
