Package: know-your-http-well
Fetcher: github
Source:  https://github.com/for-GET/know-your-http-well.git

Updating /mnt/store/melpa/working/know-your-http-well/
Checking out c381a9735f3ea86ebc9667e35cdfeab0b67fefb7
Copying files (->) and directories (=>)
  from /mnt/store/melpa/working/know-your-http-well/
  to /tmp/know-your-http-wellNqMf5e/know-your-http-well-20160208.2305
  ! emacs/http-headers.el -> http-headers.el
  ! emacs/http-methods.el -> http-methods.el
  ! emacs/http-relations.el -> http-relations.el
  ! emacs/http-status-codes.el -> http-status-codes.el
  ! emacs/know-your-http-well.el -> know-your-http-well.el
  ! emacs/media-types.el -> media-types.el
Created know-your-http-well-20160208.2305.tar containing:
  know-your-http-well-20160208.2305/
  know-your-http-well-20160208.2305/http-headers.el
  know-your-http-well-20160208.2305/http-methods.el
  know-your-http-well-20160208.2305/http-relations.el
  know-your-http-well-20160208.2305/http-status-codes.el
  know-your-http-well-20160208.2305/know-your-http-well-pkg.el
  know-your-http-well-20160208.2305/know-your-http-well.el
  know-your-http-well-20160208.2305/media-types.el
 ✓ Success:
  2024-03-28T23:58:42+0000  know-your-http-well-20160208.2305.entry
  2024-03-28T23:58:42+0000  know-your-http-well-20160208.2305.tar
Built know-your-http-well in 3.837s, finished at 2024-03-28T23:58:43+0000
