Package: kubernetes
Fetcher: github
Source:  https://github.com/kubernetes-el/kubernetes-el

Updating /mnt/store/melpa/working/kubernetes/
Checking out cb2e60375c753ccf689deb8c4b191470e1e1aee1
Copying files (->) and directories (=>)
  from /mnt/store/melpa/working/kubernetes/
  to /tmp/kubernetesO9qbmg/kubernetes-20250308.817
    kubernetes-ast.el -> kubernetes-ast.el
    kubernetes-commands.el -> kubernetes-commands.el
    kubernetes-configmaps.el -> kubernetes-configmaps.el
    kubernetes-contexts.el -> kubernetes-contexts.el
    kubernetes-core.el -> kubernetes-core.el
    kubernetes-cronjobs.el -> kubernetes-cronjobs.el
    kubernetes-deployments.el -> kubernetes-deployments.el
    kubernetes-el-tramp.el -> kubernetes-el-tramp.el
    kubernetes-errors.el -> kubernetes-errors.el
    kubernetes-ingress.el -> kubernetes-ingress.el
    kubernetes-jobs.el -> kubernetes-jobs.el
    kubernetes-kubectl.el -> kubernetes-kubectl.el
    kubernetes-labels.el -> kubernetes-labels.el
    kubernetes-loading-container.el -> kubernetes-loading-container.el
    kubernetes-logs.el -> kubernetes-logs.el
    kubernetes-modes.el -> kubernetes-modes.el
    kubernetes-namespaces.el -> kubernetes-namespaces.el
    kubernetes-networkpolicies.el -> kubernetes-networkpolicies.el
    kubernetes-nodes.el -> kubernetes-nodes.el
    kubernetes-overview.el -> kubernetes-overview.el
    kubernetes-persistentvolumeclaims.el -> kubernetes-persistentvolumeclaims.el
    kubernetes-pod-line.el -> kubernetes-pod-line.el
    kubernetes-pods.el -> kubernetes-pods.el
    kubernetes-popups.el -> kubernetes-popups.el
    kubernetes-process.el -> kubernetes-process.el
    kubernetes-resources.el -> kubernetes-resources.el
    kubernetes-secrets.el -> kubernetes-secrets.el
    kubernetes-services.el -> kubernetes-services.el
    kubernetes-state.el -> kubernetes-state.el
    kubernetes-statefulsets.el -> kubernetes-statefulsets.el
    kubernetes-utils.el -> kubernetes-utils.el
    kubernetes-vars.el -> kubernetes-vars.el
    kubernetes-yaml.el -> kubernetes-yaml.el
    kubernetes.el -> kubernetes.el
Created kubernetes-20250308.817.tar containing:
  kubernetes-20250308.817/
  kubernetes-20250308.817/kubernetes-ast.el
  kubernetes-20250308.817/kubernetes-commands.el
  kubernetes-20250308.817/kubernetes-configmaps.el
  kubernetes-20250308.817/kubernetes-contexts.el
  kubernetes-20250308.817/kubernetes-core.el
  kubernetes-20250308.817/kubernetes-cronjobs.el
  kubernetes-20250308.817/kubernetes-deployments.el
  kubernetes-20250308.817/kubernetes-el-tramp.el
  kubernetes-20250308.817/kubernetes-errors.el
  kubernetes-20250308.817/kubernetes-ingress.el
  kubernetes-20250308.817/kubernetes-jobs.el
  kubernetes-20250308.817/kubernetes-kubectl.el
  kubernetes-20250308.817/kubernetes-labels.el
  kubernetes-20250308.817/kubernetes-loading-container.el
  kubernetes-20250308.817/kubernetes-logs.el
  kubernetes-20250308.817/kubernetes-modes.el
  kubernetes-20250308.817/kubernetes-namespaces.el
  kubernetes-20250308.817/kubernetes-networkpolicies.el
  kubernetes-20250308.817/kubernetes-nodes.el
  kubernetes-20250308.817/kubernetes-overview.el
  kubernetes-20250308.817/kubernetes-persistentvolumeclaims.el
  kubernetes-20250308.817/kubernetes-pkg.el
  kubernetes-20250308.817/kubernetes-pod-line.el
  kubernetes-20250308.817/kubernetes-pods.el
  kubernetes-20250308.817/kubernetes-popups.el
  kubernetes-20250308.817/kubernetes-process.el
  kubernetes-20250308.817/kubernetes-resources.el
  kubernetes-20250308.817/kubernetes-secrets.el
  kubernetes-20250308.817/kubernetes-services.el
  kubernetes-20250308.817/kubernetes-state.el
  kubernetes-20250308.817/kubernetes-statefulsets.el
  kubernetes-20250308.817/kubernetes-utils.el
  kubernetes-20250308.817/kubernetes-vars.el
  kubernetes-20250308.817/kubernetes-yaml.el
  kubernetes-20250308.817/kubernetes.el
 ✓ Success:
  2025-03-08T22:54:10+0000  kubernetes-20250308.817.entry
  2025-03-08T22:54:09+0000  kubernetes-20250308.817.tar
Built kubernetes in 3.560s, finished at 2025-03-08T22:54:11+0000
