Package: lab-themes
Fetcher: github
Source:  https://github.com/MetroWind/lab-theme.git

Updating /mnt/store/melpa/working/lab-themes/
Checking out 9d7deb9635959d3a50ccb1082eb1207275f4b3e8
Copying files (->) and directories (=>)
  from /mnt/store/melpa/working/lab-themes/
  to /tmp/lab-themesN3vzhk/lab-themes-20200815.2104
    lab-dark-theme.el -> lab-dark-theme.el
    lab-light-theme.el -> lab-light-theme.el
    lab-themes.el -> lab-themes.el
Created lab-themes-20200815.2104.tar containing:
  lab-themes-20200815.2104/
  lab-themes-20200815.2104/lab-dark-theme.el
  lab-themes-20200815.2104/lab-light-theme.el
  lab-themes-20200815.2104/lab-themes-pkg.el
  lab-themes-20200815.2104/lab-themes.el
 ✓ Success:
  2023-12-27T15:10:17+0000  lab-themes-20200815.2104.entry
  2023-12-27T15:10:17+0000  lab-themes-20200815.2104.tar
Built lab-themes in 4.408s, finished at 2023-12-27T15:10:19+0000
