Package: lambdapi-mode
Fetcher: github
Source:  https://github.com/Deducteam/lambdapi

Updating /mnt/store/melpa/working/lambdapi-mode/
Checking out 00c63619580c2bf679ec6ee85ba5161da8cd2cb7
Copying files (->) and directories (=>)
  from /mnt/store/melpa/working/lambdapi-mode/
  to /tmp/lambdapi-mode59Hqqo/lambdapi-mode-20250212.807
  ! editors/emacs/lambdapi-abbrev.el -> lambdapi-abbrev.el
  ! editors/emacs/lambdapi-capf.el -> lambdapi-capf.el
  ! editors/emacs/lambdapi-input.el -> lambdapi-input.el
  ! editors/emacs/lambdapi-layout.el -> lambdapi-layout.el
  ! editors/emacs/lambdapi-mode.el -> lambdapi-mode.el
  ! editors/emacs/lambdapi-proofs.el -> lambdapi-proofs.el
  ! editors/emacs/lambdapi-smie.el -> lambdapi-smie.el
  ! editors/emacs/lambdapi-vars.el -> lambdapi-vars.el
Created lambdapi-mode-20250212.807.tar containing:
  lambdapi-mode-20250212.807/
  lambdapi-mode-20250212.807/lambdapi-abbrev.el
  lambdapi-mode-20250212.807/lambdapi-capf.el
  lambdapi-mode-20250212.807/lambdapi-input.el
  lambdapi-mode-20250212.807/lambdapi-layout.el
  lambdapi-mode-20250212.807/lambdapi-mode-pkg.el
  lambdapi-mode-20250212.807/lambdapi-mode.el
  lambdapi-mode-20250212.807/lambdapi-proofs.el
  lambdapi-mode-20250212.807/lambdapi-smie.el
  lambdapi-mode-20250212.807/lambdapi-vars.el
 ✓ Success:
  2025-02-20T00:23:43+0000  lambdapi-mode-20250212.807.entry
  2025-02-20T00:23:43+0000  lambdapi-mode-20250212.807.tar
Built lambdapi-mode in 6.184s, finished at 2025-02-20T00:23:45+0000
