Package: languagetool
Fetcher: github
Source:  https://github.com/PillFall/languagetool.el.git

Updating /mnt/store/melpa/working/languagetool/
Checking out b136d531129eb488dc4134784e34c4afedcb0c2f
Copying files (->) and directories (=>)
  from /mnt/store/melpa/working/languagetool/
  to /tmp/languagetooluumM5y/languagetool-20230325.507
    languagetool-console.el -> languagetool-console.el
    languagetool-core.el -> languagetool-core.el
    languagetool-correction.el -> languagetool-correction.el
    languagetool-issue.el -> languagetool-issue.el
    languagetool-java.el -> languagetool-java.el
    languagetool-server.el -> languagetool-server.el
    languagetool.el -> languagetool.el
Created languagetool-20230325.507.tar containing:
  languagetool-20230325.507/
  languagetool-20230325.507/languagetool-console.el
  languagetool-20230325.507/languagetool-core.el
  languagetool-20230325.507/languagetool-correction.el
  languagetool-20230325.507/languagetool-issue.el
  languagetool-20230325.507/languagetool-java.el
  languagetool-20230325.507/languagetool-pkg.el
  languagetool-20230325.507/languagetool-server.el
  languagetool-20230325.507/languagetool.el
 ✓ Success:
  2024-01-22T23:41:15+0000  languagetool-20230325.507.entry
  2024-01-22T23:41:15+0000  languagetool-20230325.507.tar
Built languagetool in 6.824s, finished at 2024-01-22T23:41:18+0000
