Package: ledger-mode
Fetcher: github
Source:  https://github.com/ledger/ledger-mode

Updating /mnt/store/melpa/working/ledger-mode/
Checking out 0365501aeaffdd8955f4cad25c9eaf3bee30efe5
Copying files (->) and directories (=>)
  from /mnt/store/melpa/working/ledger-mode/
  to /tmp/ledger-mode8As5Eh/ledger-mode-20250313.459
    ledger-check.el -> ledger-check.el
    ledger-commodities.el -> ledger-commodities.el
    ledger-complete.el -> ledger-complete.el
    ledger-context.el -> ledger-context.el
    ledger-exec.el -> ledger-exec.el
    ledger-flymake.el -> ledger-flymake.el
    ledger-fontify.el -> ledger-fontify.el
    ledger-fonts.el -> ledger-fonts.el
    ledger-init.el -> ledger-init.el
    ledger-mode.el -> ledger-mode.el
    ledger-navigate.el -> ledger-navigate.el
    ledger-occur.el -> ledger-occur.el
    ledger-post.el -> ledger-post.el
    ledger-reconcile.el -> ledger-reconcile.el
    ledger-regex.el -> ledger-regex.el
    ledger-report.el -> ledger-report.el
    ledger-schedule.el -> ledger-schedule.el
    ledger-sort.el -> ledger-sort.el
    ledger-state.el -> ledger-state.el
    ledger-test.el -> ledger-test.el
    ledger-texi.el -> ledger-texi.el
    ledger-xact.el -> ledger-xact.el
  ! doc/ledger-mode.texi -> ledger-mode.texi
Generating ledger-mode.info
Created ledger-mode-20250313.459.tar containing:
  ledger-mode-20250313.459/
  ledger-mode-20250313.459/dir
  ledger-mode-20250313.459/ledger-check.el
  ledger-mode-20250313.459/ledger-commodities.el
  ledger-mode-20250313.459/ledger-complete.el
  ledger-mode-20250313.459/ledger-context.el
  ledger-mode-20250313.459/ledger-exec.el
  ledger-mode-20250313.459/ledger-flymake.el
  ledger-mode-20250313.459/ledger-fontify.el
  ledger-mode-20250313.459/ledger-fonts.el
  ledger-mode-20250313.459/ledger-init.el
  ledger-mode-20250313.459/ledger-mode-pkg.el
  ledger-mode-20250313.459/ledger-mode.el
  ledger-mode-20250313.459/ledger-mode.info
  ledger-mode-20250313.459/ledger-navigate.el
  ledger-mode-20250313.459/ledger-occur.el
  ledger-mode-20250313.459/ledger-post.el
  ledger-mode-20250313.459/ledger-reconcile.el
  ledger-mode-20250313.459/ledger-regex.el
  ledger-mode-20250313.459/ledger-report.el
  ledger-mode-20250313.459/ledger-schedule.el
  ledger-mode-20250313.459/ledger-sort.el
  ledger-mode-20250313.459/ledger-state.el
  ledger-mode-20250313.459/ledger-test.el
  ledger-mode-20250313.459/ledger-texi.el
  ledger-mode-20250313.459/ledger-xact.el
 ✓ Success:
  2025-03-13T23:01:07+0000  ledger-mode-20250313.459.entry
  2025-03-13T23:01:07+0000  ledger-mode-20250313.459.tar
Built ledger-mode in 9.176s, finished at 2025-03-13T23:01:08+0000
