Package: lem
Fetcher: codeberg
Source:  https://codeberg.org/martianh/lem.el.git

Updating /mnt/store/melpa/working/lem/
Checking out 3eb9a3ba01628271317c3651c0dc87ed0ddbb3ae
Copying files (->) and directories (=>)
  from /mnt/store/melpa/working/lem/
  to /tmp/lemcXP7HQ/lem-20240220.1656
  ! lisp/lem-api.el -> lem-api.el
  ! lisp/lem-post.el -> lem-post.el
  ! lisp/lem-request.el -> lem-request.el
  ! lisp/lem-search.el -> lem-search.el
  ! lisp/lem-ui.el -> lem-ui.el
  ! lisp/lem.el -> lem.el
Created lem-20240220.1656.tar containing:
  lem-20240220.1656/
  lem-20240220.1656/lem-api.el
  lem-20240220.1656/lem-pkg.el
  lem-20240220.1656/lem-post.el
  lem-20240220.1656/lem-request.el
  lem-20240220.1656/lem-search.el
  lem-20240220.1656/lem-ui.el
  lem-20240220.1656/lem.el
 ✓ Success:
  2024-02-20T23:55:12+0000  lem-20240220.1656.entry
  2024-02-20T23:55:12+0000  lem-20240220.1656.tar
Built lem in 4.591s, finished at 2024-02-20T23:55:14+0000
