Package: lfe-mode
Fetcher: github
Source:  https://github.com/rvirding/lfe

Updating /mnt/store/melpa/working/lfe-mode/
Checking out 68c9c7ec8ef441eb79e68772ec4956fd2671b2e7
Copying files (->) and directories (=>)
  from /mnt/store/melpa/working/lfe-mode/
  to /tmp/lfe-modeCkxL03/lfe-mode-20230102.1428
  ! emacs/inferior-lfe.el -> inferior-lfe.el
  ! emacs/lfe-mode.el -> lfe-mode.el
  ! emacs/lfe-indent.el -> lfe-indent.el
Created lfe-mode-20230102.1428.tar containing:
  lfe-mode-20230102.1428/
  lfe-mode-20230102.1428/inferior-lfe.el
  lfe-mode-20230102.1428/lfe-indent.el
  lfe-mode-20230102.1428/lfe-mode-pkg.el
  lfe-mode-20230102.1428/lfe-mode.el
 ✓ Success:
  2024-10-04T23:15:41+0000  lfe-mode-20230102.1428.entry
  2024-10-04T23:15:41+0000  lfe-mode-20230102.1428.tar
Built lfe-mode in 2.974s, finished at 2024-10-04T23:15:42+0000
