Package: libbcel
Fetcher: github
Source:  https://github.com/DamienCassou/libbcel

Updating /mnt/store/melpa/working/libbcel/
Checking out 35679c86b6d73817fef17df4119a7a45dfc9f33d
Copying files (->) and directories (=>)
  from /mnt/store/melpa/working/libbcel/
  to /tmp/libbcelh6eju4/libbcel-20230826.1233
    libbcel-actions.el -> libbcel-actions.el
    libbcel-client.el -> libbcel-client.el
    libbcel-nav.el -> libbcel-nav.el
    libbcel-oauth.el -> libbcel-oauth.el
    libbcel-structs.el -> libbcel-structs.el
    libbcel-util.el -> libbcel-util.el
    libbcel.el -> libbcel.el
Created libbcel-20230826.1233.tar containing:
  libbcel-20230826.1233/
  libbcel-20230826.1233/libbcel-actions.el
  libbcel-20230826.1233/libbcel-client.el
  libbcel-20230826.1233/libbcel-nav.el
  libbcel-20230826.1233/libbcel-oauth.el
  libbcel-20230826.1233/libbcel-pkg.el
  libbcel-20230826.1233/libbcel-structs.el
  libbcel-20230826.1233/libbcel-util.el
  libbcel-20230826.1233/libbcel.el
 ✓ Success:
  2025-03-02T22:25:56+0000  libbcel-20230826.1233.entry
  2025-03-02T22:25:56+0000  libbcel-20230826.1233.tar
Built libbcel in 3.481s, finished at 2025-03-02T22:25:57+0000
