Package: loco
Fetcher: github
Source:  https://github.com/csmclaren/loco.git

Updating /mnt/store/melpa/working/loco/
Checking out 5bea5cc549be33a23cf8f1bfaf02074047055351
Copying files (->) and directories (=>)
  from /mnt/store/melpa/working/loco/
  to /tmp/locoQv6wp8/loco-20240706.1719
    loco.el -> loco.el
    loco.info -> loco.info
Created loco-20240706.1719.tar containing:
  loco-20240706.1719/
  loco-20240706.1719/dir
  loco-20240706.1719/loco-pkg.el
  loco-20240706.1719/loco.el
  loco-20240706.1719/loco.info
 ✓ Success:
  2024-07-06T23:54:10+0000  loco-20240706.1719.entry
  2024-07-06T23:54:10+0000  loco-20240706.1719.tar
Built loco in 3.935s, finished at 2024-07-06T23:54:11+0000
