Package: loopy
Fetcher: github
Source:  https://github.com/okamsn/loopy.git

Updating /mnt/store/melpa/working/loopy/
Checking out 4888299a28d527fbc5e6a0c7a639cdf93d3828c4
Copying files (->) and directories (=>)
  from /mnt/store/melpa/working/loopy/
  to /tmp/loopyD43iFH/loopy-20240219.1748
    loopy-commands.el -> loopy-commands.el
    loopy-destructure.el -> loopy-destructure.el
    loopy-instrs.el -> loopy-instrs.el
    loopy-iter.el -> loopy-iter.el
    loopy-misc.el -> loopy-misc.el
    loopy-pcase.el -> loopy-pcase.el
    loopy-pkg.el -> loopy-pkg.el
    loopy-seq.el -> loopy-seq.el
    loopy-vars.el -> loopy-vars.el
    loopy.el -> loopy.el
  ! doc/loopy.texi -> loopy.texi
Generating /tmp/loopyD43iFH/loopy-20240219.1748/loopy.info
Created loopy-20240219.1748.tar containing:
  loopy-20240219.1748/
  loopy-20240219.1748/dir
  loopy-20240219.1748/loopy-commands.el
  loopy-20240219.1748/loopy-destructure.el
  loopy-20240219.1748/loopy-instrs.el
  loopy-20240219.1748/loopy-iter.el
  loopy-20240219.1748/loopy-misc.el
  loopy-20240219.1748/loopy-pcase.el
  loopy-20240219.1748/loopy-pkg.el
  loopy-20240219.1748/loopy-seq.el
  loopy-20240219.1748/loopy-vars.el
  loopy-20240219.1748/loopy.el
  loopy-20240219.1748/loopy.info
 ✓ Success:
  2024-02-19T23:49:02+0000  loopy-20240219.1748.entry
  2024-02-19T23:49:02+0000  loopy-20240219.1748.tar
Built loopy in 12.032s, finished at 2024-02-19T23:49:04+0000
