Package: lsp-dart
Fetcher: github
Source:  https://github.com/emacs-lsp/lsp-dart.git

Updating /mnt/store/melpa/working/lsp-dart/
Checking out 78ab137e05c4c2be406a121407c8e71e11ee3339
Copying files (->) and directories (=>)
  from /mnt/store/melpa/working/lsp-dart/
  to /tmp/lsp-dart0RvdAz/lsp-dart-20231028.2340
    lsp-dart-closing-labels.el -> lsp-dart-closing-labels.el
    lsp-dart-code-lens.el -> lsp-dart-code-lens.el
    lsp-dart-commands.el -> lsp-dart-commands.el
    lsp-dart-dap.el -> lsp-dart-dap.el
    lsp-dart-devtools.el -> lsp-dart-devtools.el
    lsp-dart-flutter-colors.el -> lsp-dart-flutter-colors.el
    lsp-dart-flutter-daemon.el -> lsp-dart-flutter-daemon.el
    lsp-dart-flutter-fringe-colors.el -> lsp-dart-flutter-fringe-colors.el
    lsp-dart-flutter-widget-guide.el -> lsp-dart-flutter-widget-guide.el
    lsp-dart-outline.el -> lsp-dart-outline.el
    lsp-dart-protocol.el -> lsp-dart-protocol.el
    lsp-dart-test-output.el -> lsp-dart-test-output.el
    lsp-dart-test-support.el -> lsp-dart-test-support.el
    lsp-dart-test-tree.el -> lsp-dart-test-tree.el
    lsp-dart-utils.el -> lsp-dart-utils.el
    lsp-dart.el -> lsp-dart.el
Created lsp-dart-20231028.2340.tar containing:
  lsp-dart-20231028.2340/
  lsp-dart-20231028.2340/lsp-dart-closing-labels.el
  lsp-dart-20231028.2340/lsp-dart-code-lens.el
  lsp-dart-20231028.2340/lsp-dart-commands.el
  lsp-dart-20231028.2340/lsp-dart-dap.el
  lsp-dart-20231028.2340/lsp-dart-devtools.el
  lsp-dart-20231028.2340/lsp-dart-flutter-colors.el
  lsp-dart-20231028.2340/lsp-dart-flutter-daemon.el
  lsp-dart-20231028.2340/lsp-dart-flutter-fringe-colors.el
  lsp-dart-20231028.2340/lsp-dart-flutter-widget-guide.el
  lsp-dart-20231028.2340/lsp-dart-outline.el
  lsp-dart-20231028.2340/lsp-dart-pkg.el
  lsp-dart-20231028.2340/lsp-dart-protocol.el
  lsp-dart-20231028.2340/lsp-dart-test-output.el
  lsp-dart-20231028.2340/lsp-dart-test-support.el
  lsp-dart-20231028.2340/lsp-dart-test-tree.el
  lsp-dart-20231028.2340/lsp-dart-utils.el
  lsp-dart-20231028.2340/lsp-dart.el
 ✓ Success:
  2024-01-31T03:39:42+0000  lsp-dart-20231028.2340.entry
  2024-01-31T03:39:42+0000  lsp-dart-20231028.2340.tar
Built lsp-dart in 3.243s, finished at 2024-01-31T03:39:43+0000
