Package: lsp-treemacs
Fetcher: github
Source:  https://github.com/emacs-lsp/lsp-treemacs

Updating /mnt/store/melpa/working/lsp-treemacs/
Checking out 2495abd9df2f19335b4a280d9db641e02e2ddcfa
Copying files (->) and directories (=>)
  from /mnt/store/melpa/working/lsp-treemacs/
  to /tmp/lsp-treemacsCKcMq5/lsp-treemacs-20250301.131
    lsp-treemacs-generic.el -> lsp-treemacs-generic.el
    lsp-treemacs-themes.el -> lsp-treemacs-themes.el
    lsp-treemacs.el -> lsp-treemacs.el
    icons => icons
Created lsp-treemacs-20250301.131.tar containing:
  lsp-treemacs-20250301.131/
  lsp-treemacs-20250301.131/icons/
  lsp-treemacs-20250301.131/icons/eclipse/
  lsp-treemacs-20250301.131/icons/eclipse/boolean.png
  lsp-treemacs-20250301.131/icons/eclipse/boolean@2x.png
  lsp-treemacs-20250301.131/icons/eclipse/class.png
  lsp-treemacs-20250301.131/icons/eclipse/class@2x.png
  lsp-treemacs-20250301.131/icons/eclipse/constant.png
  lsp-treemacs-20250301.131/icons/eclipse/constant@2x.png
  lsp-treemacs-20250301.131/icons/eclipse/constructor.png
  lsp-treemacs-20250301.131/icons/eclipse/constructor@2x.png
  lsp-treemacs-20250301.131/icons/eclipse/enum.png
  lsp-treemacs-20250301.131/icons/eclipse/enum@2x.png
  lsp-treemacs-20250301.131/icons/eclipse/field.png
  lsp-treemacs-20250301.131/icons/eclipse/field@2x.png
  lsp-treemacs-20250301.131/icons/eclipse/function.png
  lsp-treemacs-20250301.131/icons/eclipse/function@2x.png
  lsp-treemacs-20250301.131/icons/eclipse/interface.png
  lsp-treemacs-20250301.131/icons/eclipse/interface@2x.png
  lsp-treemacs-20250301.131/icons/eclipse/keyword.png
  lsp-treemacs-20250301.131/icons/eclipse/keyword@2x.png
  lsp-treemacs-20250301.131/icons/eclipse/method.png
  lsp-treemacs-20250301.131/icons/eclipse/method@2x.png
  lsp-treemacs-20250301.131/icons/eclipse/module.png
  lsp-treemacs-20250301.131/icons/eclipse/module@2x.png
  lsp-treemacs-20250301.131/icons/eclipse/namespace.png
  lsp-treemacs-20250301.131/icons/eclipse/namespace@2x.png
  lsp-treemacs-20250301.131/icons/eclipse/number.png
  lsp-treemacs-20250301.131/icons/eclipse/number@2x.png
  lsp-treemacs-20250301.131/icons/eclipse/package.png
  lsp-treemacs-20250301.131/icons/eclipse/package@2x.png
  lsp-treemacs-20250301.131/icons/eclipse/property.png
  lsp-treemacs-20250301.131/icons/eclipse/property@2x.png
  lsp-treemacs-20250301.131/icons/eclipse/reference.png
  lsp-treemacs-20250301.131/icons/eclipse/reference@2x.png
  lsp-treemacs-20250301.131/icons/eclipse/snippet.png
  lsp-treemacs-20250301.131/icons/eclipse/snippet@2x.png
  lsp-treemacs-20250301.131/icons/eclipse/text.png
  lsp-treemacs-20250301.131/icons/eclipse/text@2x.png
  lsp-treemacs-20250301.131/icons/eclipse/value.png
  lsp-treemacs-20250301.131/icons/eclipse/value@2x.png
  lsp-treemacs-20250301.131/icons/eclipse/variable.png
  lsp-treemacs-20250301.131/icons/eclipse/variable@2x.png
  lsp-treemacs-20250301.131/icons/idea/
  lsp-treemacs-20250301.131/icons/idea/advice.png
  lsp-treemacs-20250301.131/icons/idea/class.png
  lsp-treemacs-20250301.131/icons/idea/enum.png
  lsp-treemacs-20250301.131/icons/idea/field.png
  lsp-treemacs-20250301.131/icons/idea/interface.png
  lsp-treemacs-20250301.131/icons/idea/method.png
  lsp-treemacs-20250301.131/icons/idea/misc.png
  lsp-treemacs-20250301.131/icons/idea/module.png
  lsp-treemacs-20250301.131/icons/idea/package.png
  lsp-treemacs-20250301.131/icons/idea/parameter.png
  lsp-treemacs-20250301.131/icons/idea/ppFile.png
  lsp-treemacs-20250301.131/icons/idea/property.png
  lsp-treemacs-20250301.131/icons/idea/readonly.png
  lsp-treemacs-20250301.131/icons/idea/snippet.png
  lsp-treemacs-20250301.131/icons/idea/sourceFolder.png
  lsp-treemacs-20250301.131/icons/idea/static.png
  lsp-treemacs-20250301.131/icons/idea/textArea.png
  lsp-treemacs-20250301.131/icons/idea/textField.png
  lsp-treemacs-20250301.131/icons/idea/variable.png
  lsp-treemacs-20250301.131/icons/netbeans/
  lsp-treemacs-20250301.131/icons/netbeans/attribute.png
  lsp-treemacs-20250301.131/icons/netbeans/class.png
  lsp-treemacs-20250301.131/icons/netbeans/color.gif
  lsp-treemacs-20250301.131/icons/netbeans/constant.png
  lsp-treemacs-20250301.131/icons/netbeans/constructor.png
  lsp-treemacs-20250301.131/icons/netbeans/empty.png
  lsp-treemacs-20250301.131/icons/netbeans/enum.png
  lsp-treemacs-20250301.131/icons/netbeans/enummember.png
  lsp-treemacs-20250301.131/icons/netbeans/event.png
  lsp-treemacs-20250301.131/icons/netbeans/field.png
  lsp-treemacs-20250301.131/icons/netbeans/file.png
  lsp-treemacs-20250301.131/icons/netbeans/folder.gif
  lsp-treemacs-20250301.131/icons/netbeans/function.png
  lsp-treemacs-20250301.131/icons/netbeans/interface.png
  lsp-treemacs-20250301.131/icons/netbeans/keyword.png
  lsp-treemacs-20250301.131/icons/netbeans/method.png
  lsp-treemacs-20250301.131/icons/netbeans/module.png
  lsp-treemacs-20250301.131/icons/netbeans/operator.png
  lsp-treemacs-20250301.131/icons/netbeans/property.png
  lsp-treemacs-20250301.131/icons/netbeans/reference.png
  lsp-treemacs-20250301.131/icons/netbeans/snippet.png
  lsp-treemacs-20250301.131/icons/netbeans/struct.png
  lsp-treemacs-20250301.131/icons/netbeans/text.png
  lsp-treemacs-20250301.131/icons/netbeans/typeparameter.gif
  lsp-treemacs-20250301.131/icons/netbeans/unit.png
  lsp-treemacs-20250301.131/icons/netbeans/value.png
  lsp-treemacs-20250301.131/icons/netbeans/variable.gif
  lsp-treemacs-20250301.131/icons/vscode/
  lsp-treemacs-20250301.131/icons/vscode/BooleanData.png
  lsp-treemacs-20250301.131/icons/vscode/ColorPalette.png
  lsp-treemacs-20250301.131/icons/vscode/Document.png
  lsp-treemacs-20250301.131/icons/vscode/EnumItem.png
  lsp-treemacs-20250301.131/icons/vscode/Enumerator.png
  lsp-treemacs-20250301.131/icons/vscode/Indexer.png
  lsp-treemacs-20250301.131/icons/vscode/IntelliSenseKeyword.png
  lsp-treemacs-20250301.131/icons/vscode/LocalVariable.png
  lsp-treemacs-20250301.131/icons/vscode/Numeric.png
  lsp-treemacs-20250301.131/icons/vscode/Operator.png
  lsp-treemacs-20250301.131/icons/vscode/Template.png
  lsp-treemacs-20250301.131/icons/vscode/classfile.png
  lsp-treemacs-20250301.131/icons/vscode/collapsed.png
  lsp-treemacs-20250301.131/icons/vscode/default_folder.png
  lsp-treemacs-20250301.131/icons/vscode/default_folder_opened.png
  lsp-treemacs-20250301.131/icons/vscode/default_root_folder.png
  lsp-treemacs-20250301.131/icons/vscode/default_root_folder_opened.png
  lsp-treemacs-20250301.131/icons/vscode/error.png
  lsp-treemacs-20250301.131/icons/vscode/expanded.png
  lsp-treemacs-20250301.131/icons/vscode/file_type_class.png
  lsp-treemacs-20250301.131/icons/vscode/file_type_flutter.png
  lsp-treemacs-20250301.131/icons/vscode/file_type_jar.png
  lsp-treemacs-20250301.131/icons/vscode/folder-open.png
  lsp-treemacs-20250301.131/icons/vscode/folder.png
  lsp-treemacs-20250301.131/icons/vscode/folder_type_component.png
  lsp-treemacs-20250301.131/icons/vscode/folder_type_component_opened.png
  lsp-treemacs-20250301.131/icons/vscode/folder_type_library.png
  lsp-treemacs-20250301.131/icons/vscode/folder_type_library_opened.png
  lsp-treemacs-20250301.131/icons/vscode/folder_type_maven.png
  lsp-treemacs-20250301.131/icons/vscode/folder_type_maven_opened.png
  lsp-treemacs-20250301.131/icons/vscode/folder_type_package.png
  lsp-treemacs-20250301.131/icons/vscode/folder_type_package_opened.png
  lsp-treemacs-20250301.131/icons/vscode/icon-create.png
  lsp-treemacs-20250301.131/icons/vscode/icon-flat.png
  lsp-treemacs-20250301.131/icons/vscode/icon-hierarchical.png
  lsp-treemacs-20250301.131/icons/vscode/icon-link.png
  lsp-treemacs-20250301.131/icons/vscode/icon-refresh.png
  lsp-treemacs-20250301.131/icons/vscode/icon-unlink.png
  lsp-treemacs-20250301.131/icons/vscode/info.png
  lsp-treemacs-20250301.131/icons/vscode/jar.png
  lsp-treemacs-20250301.131/icons/vscode/library.png
  lsp-treemacs-20250301.131/icons/vscode/package.png
  lsp-treemacs-20250301.131/icons/vscode/packagefolder-open.png
  lsp-treemacs-20250301.131/icons/vscode/packagefolder.png
  lsp-treemacs-20250301.131/icons/vscode/project-open.png
  lsp-treemacs-20250301.131/icons/vscode/project.png
  lsp-treemacs-20250301.131/icons/vscode/symbol-array.png
  lsp-treemacs-20250301.131/icons/vscode/symbol-boolean.png
  lsp-treemacs-20250301.131/icons/vscode/symbol-class.png
  lsp-treemacs-20250301.131/icons/vscode/symbol-color.png
  lsp-treemacs-20250301.131/icons/vscode/symbol-constant.png
  lsp-treemacs-20250301.131/icons/vscode/symbol-enumerator-member.png
  lsp-treemacs-20250301.131/icons/vscode/symbol-enumerator.png
  lsp-treemacs-20250301.131/icons/vscode/symbol-event.png
  lsp-treemacs-20250301.131/icons/vscode/symbol-field.png
  lsp-treemacs-20250301.131/icons/vscode/symbol-interface.png
  lsp-treemacs-20250301.131/icons/vscode/symbol-key.png
  lsp-treemacs-20250301.131/icons/vscode/symbol-keyword.png
  lsp-treemacs-20250301.131/icons/vscode/symbol-method.png
  lsp-treemacs-20250301.131/icons/vscode/symbol-misc.png
  lsp-treemacs-20250301.131/icons/vscode/symbol-namespace.png
  lsp-treemacs-20250301.131/icons/vscode/symbol-numeric.png
  lsp-treemacs-20250301.131/icons/vscode/symbol-operator.png
  lsp-treemacs-20250301.131/icons/vscode/symbol-parameter.png
  lsp-treemacs-20250301.131/icons/vscode/symbol-property.png
  lsp-treemacs-20250301.131/icons/vscode/symbol-ruler.png
  lsp-treemacs-20250301.131/icons/vscode/symbol-snippet.png
  lsp-treemacs-20250301.131/icons/vscode/symbol-string.png
  lsp-treemacs-20250301.131/icons/vscode/symbol-structure.png
  lsp-treemacs-20250301.131/icons/vscode/symbol-variable.png
  lsp-treemacs-20250301.131/icons/vscode/warning.png
  lsp-treemacs-20250301.131/lsp-treemacs-generic.el
  lsp-treemacs-20250301.131/lsp-treemacs-pkg.el
  lsp-treemacs-20250301.131/lsp-treemacs-themes.el
  lsp-treemacs-20250301.131/lsp-treemacs.el
 ✓ Success:
  2025-03-19T23:22:25+0000  lsp-treemacs-20250301.131.entry
  2025-03-19T23:22:24+0000  lsp-treemacs-20250301.131.tar
Built lsp-treemacs in 3.693s, finished at 2025-03-19T23:22:25+0000
