Package: lsp-java
Fetcher: github
Source:  https://github.com/emacs-lsp/lsp-java.git

Updating /mnt/store/melpa/working/lsp-java/
Checking out 37c95ef7e992001250d893277acfccf4af0099b4
Copying files (->) and directories (=>)
  from /mnt/store/melpa/working/lsp-java/
  to /tmp/lsp-javarMA0p0/lsp-java-20240501.1928
    dap-java.el -> dap-java.el
    lsp-java-boot.el -> lsp-java-boot.el
    lsp-java.el -> lsp-java.el
    lsp-jt.el -> lsp-jt.el
    icons => icons
Created lsp-java-20240501.1928.tar containing:
  lsp-java-20240501.1928/
  lsp-java-20240501.1928/dap-java.el
  lsp-java-20240501.1928/icons/
  lsp-java-20240501.1928/icons/vscode/
  lsp-java-20240501.1928/icons/vscode/class.png
  lsp-java-20240501.1928/icons/vscode/debug.png
  lsp-java-20240501.1928/icons/vscode/history.png
  lsp-java-20240501.1928/icons/vscode/method.png
  lsp-java-20240501.1928/icons/vscode/package.png
  lsp-java-20240501.1928/icons/vscode/pass.png
  lsp-java-20240501.1928/icons/vscode/placeholder.png
  lsp-java-20240501.1928/icons/vscode/refresh.png
  lsp-java-20240501.1928/icons/vscode/run.png
  lsp-java-20240501.1928/icons/vscode/running.png
  lsp-java-20240501.1928/icons/vscode/test-error.png
  lsp-java-20240501.1928/lsp-java-boot.el
  lsp-java-20240501.1928/lsp-java-pkg.el
  lsp-java-20240501.1928/lsp-java.el
  lsp-java-20240501.1928/lsp-jt.el
 ✓ Success:
  2024-05-15T21:35:55+0000  lsp-java-20240501.1928.entry
  2024-05-15T21:35:55+0000  lsp-java-20240501.1928.tar
Built lsp-java in 9.059s, finished at 2024-05-15T21:35:59+0000
