Package: lsp-mode
Fetcher: github
Source:  https://github.com/emacs-lsp/lsp-mode.git

Updating /mnt/store/melpa/working/lsp-mode/
Checking out ac2c4163adc7fa7b8185674a596d72cb5516e995
Copying files (->) and directories (=>)
  from /mnt/store/melpa/working/lsp-mode/
  to /tmp/lsp-modeeXqZxk/lsp-mode-20231227.2020
    lsp-completion.el -> lsp-completion.el
    lsp-diagnostics.el -> lsp-diagnostics.el
    lsp-dired.el -> lsp-dired.el
    lsp-headerline.el -> lsp-headerline.el
    lsp-icons.el -> lsp-icons.el
    lsp-ido.el -> lsp-ido.el
    lsp-iedit.el -> lsp-iedit.el
    lsp-lens.el -> lsp-lens.el
    lsp-mode.el -> lsp-mode.el
    lsp-modeline.el -> lsp-modeline.el
    lsp-protocol.el -> lsp-protocol.el
    lsp-semantic-tokens.el -> lsp-semantic-tokens.el
    lsp.el -> lsp.el
  ! clients/lsp-actionscript.el -> lsp-actionscript.el
  ! clients/lsp-ada.el -> lsp-ada.el
  ! clients/lsp-angular.el -> lsp-angular.el
  ! clients/lsp-ansible.el -> lsp-ansible.el
  ! clients/lsp-asm.el -> lsp-asm.el
  ! clients/lsp-astro.el -> lsp-astro.el
  ! clients/lsp-autotools.el -> lsp-autotools.el
  ! clients/lsp-awk.el -> lsp-awk.el
  ! clients/lsp-bash.el -> lsp-bash.el
  ! clients/lsp-beancount.el -> lsp-beancount.el
  ! clients/lsp-bufls.el -> lsp-bufls.el
  ! clients/lsp-camel.el -> lsp-camel.el
  ! clients/lsp-clangd.el -> lsp-clangd.el
  ! clients/lsp-clojure.el -> lsp-clojure.el
  ! clients/lsp-cmake.el -> lsp-cmake.el
  ! clients/lsp-credo.el -> lsp-credo.el
  ! clients/lsp-crystal.el -> lsp-crystal.el
  ! clients/lsp-csharp.el -> lsp-csharp.el
  ! clients/lsp-css.el -> lsp-css.el
  ! clients/lsp-cypher.el -> lsp-cypher.el
  ! clients/lsp-d.el -> lsp-d.el
  ! clients/lsp-dhall.el -> lsp-dhall.el
  ! clients/lsp-dockerfile.el -> lsp-dockerfile.el
  ! clients/lsp-dot.el -> lsp-dot.el
  ! clients/lsp-elixir.el -> lsp-elixir.el
  ! clients/lsp-elm.el -> lsp-elm.el
  ! clients/lsp-emmet.el -> lsp-emmet.el
  ! clients/lsp-erlang.el -> lsp-erlang.el
  ! clients/lsp-eslint.el -> lsp-eslint.el
  ! clients/lsp-fortran.el -> lsp-fortran.el
  ! clients/lsp-fsharp.el -> lsp-fsharp.el
  ! clients/lsp-gdscript.el -> lsp-gdscript.el
  ! clients/lsp-gleam.el -> lsp-gleam.el
  ! clients/lsp-glsl.el -> lsp-glsl.el
  ! clients/lsp-go.el -> lsp-go.el
  ! clients/lsp-golangci-lint.el -> lsp-golangci-lint.el
  ! clients/lsp-graphql.el -> lsp-graphql.el
  ! clients/lsp-groovy.el -> lsp-groovy.el
  ! clients/lsp-hack.el -> lsp-hack.el
  ! clients/lsp-haxe.el -> lsp-haxe.el
  ! clients/lsp-html.el -> lsp-html.el
  ! clients/lsp-idris.el -> lsp-idris.el
  ! clients/lsp-javascript.el -> lsp-javascript.el
  ! clients/lsp-jq.el -> lsp-jq.el
  ! clients/lsp-json.el -> lsp-json.el
  ! clients/lsp-kotlin.el -> lsp-kotlin.el
  ! clients/lsp-lua.el -> lsp-lua.el
  ! clients/lsp-magik.el -> lsp-magik.el
  ! clients/lsp-markdown.el -> lsp-markdown.el
  ! clients/lsp-marksman.el -> lsp-marksman.el
  ! clients/lsp-mdx.el -> lsp-mdx.el
  ! clients/lsp-mint.el -> lsp-mint.el
  ! clients/lsp-mojo.el -> lsp-mojo.el
  ! clients/lsp-move.el -> lsp-move.el
  ! clients/lsp-nginx.el -> lsp-nginx.el
  ! clients/lsp-nim.el -> lsp-nim.el
  ! clients/lsp-nix.el -> lsp-nix.el
  ! clients/lsp-ocaml.el -> lsp-ocaml.el
  ! clients/lsp-openscad.el -> lsp-openscad.el
  ! clients/lsp-perl.el -> lsp-perl.el
  ! clients/lsp-perlnavigator.el -> lsp-perlnavigator.el
  ! clients/lsp-php.el -> lsp-php.el
  ! clients/lsp-pls.el -> lsp-pls.el
  ! clients/lsp-prolog.el -> lsp-prolog.el
  ! clients/lsp-purescript.el -> lsp-purescript.el
  ! clients/lsp-pwsh.el -> lsp-pwsh.el
  ! clients/lsp-pyls.el -> lsp-pyls.el
  ! clients/lsp-pylsp.el -> lsp-pylsp.el
  ! clients/lsp-r.el -> lsp-r.el
  ! clients/lsp-racket.el -> lsp-racket.el
  ! clients/lsp-remark.el -> lsp-remark.el
  ! clients/lsp-rf.el -> lsp-rf.el
  ! clients/lsp-rubocop.el -> lsp-rubocop.el
  ! clients/lsp-ruby-lsp.el -> lsp-ruby-lsp.el
  ! clients/lsp-ruby-syntax-tree.el -> lsp-ruby-syntax-tree.el
  ! clients/lsp-ruff-lsp.el -> lsp-ruff-lsp.el
  ! clients/lsp-rust.el -> lsp-rust.el
  ! clients/lsp-semgrep.el -> lsp-semgrep.el
  ! clients/lsp-sml.el -> lsp-sml.el
  ! clients/lsp-solargraph.el -> lsp-solargraph.el
  ! clients/lsp-solidity.el -> lsp-solidity.el
  ! clients/lsp-sorbet.el -> lsp-sorbet.el
  ! clients/lsp-sqls.el -> lsp-sqls.el
  ! clients/lsp-steep.el -> lsp-steep.el
  ! clients/lsp-svelte.el -> lsp-svelte.el
  ! clients/lsp-terraform.el -> lsp-terraform.el
  ! clients/lsp-tex.el -> lsp-tex.el
  ! clients/lsp-tilt.el -> lsp-tilt.el
  ! clients/lsp-toml.el -> lsp-toml.el
  ! clients/lsp-ttcn3.el -> lsp-ttcn3.el
  ! clients/lsp-typeprof.el -> lsp-typeprof.el
  ! clients/lsp-v.el -> lsp-v.el
  ! clients/lsp-vala.el -> lsp-vala.el
  ! clients/lsp-verilog.el -> lsp-verilog.el
  ! clients/lsp-vetur.el -> lsp-vetur.el
  ! clients/lsp-vhdl.el -> lsp-vhdl.el
  ! clients/lsp-vimscript.el -> lsp-vimscript.el
  ! clients/lsp-volar.el -> lsp-volar.el
  ! clients/lsp-wgsl.el -> lsp-wgsl.el
  ! clients/lsp-xml.el -> lsp-xml.el
  ! clients/lsp-yaml.el -> lsp-yaml.el
  ! clients/lsp-zig.el -> lsp-zig.el
Created lsp-mode-20231227.2020.tar containing:
  lsp-mode-20231227.2020/
  lsp-mode-20231227.2020/lsp-actionscript.el
  lsp-mode-20231227.2020/lsp-ada.el
  lsp-mode-20231227.2020/lsp-angular.el
  lsp-mode-20231227.2020/lsp-ansible.el
  lsp-mode-20231227.2020/lsp-asm.el
  lsp-mode-20231227.2020/lsp-astro.el
  lsp-mode-20231227.2020/lsp-autotools.el
  lsp-mode-20231227.2020/lsp-awk.el
  lsp-mode-20231227.2020/lsp-bash.el
  lsp-mode-20231227.2020/lsp-beancount.el
  lsp-mode-20231227.2020/lsp-bufls.el
  lsp-mode-20231227.2020/lsp-camel.el
  lsp-mode-20231227.2020/lsp-clangd.el
  lsp-mode-20231227.2020/lsp-clojure.el
  lsp-mode-20231227.2020/lsp-cmake.el
  lsp-mode-20231227.2020/lsp-completion.el
  lsp-mode-20231227.2020/lsp-credo.el
  lsp-mode-20231227.2020/lsp-crystal.el
  lsp-mode-20231227.2020/lsp-csharp.el
  lsp-mode-20231227.2020/lsp-css.el
  lsp-mode-20231227.2020/lsp-cypher.el
  lsp-mode-20231227.2020/lsp-d.el
  lsp-mode-20231227.2020/lsp-dhall.el
  lsp-mode-20231227.2020/lsp-diagnostics.el
  lsp-mode-20231227.2020/lsp-dired.el
  lsp-mode-20231227.2020/lsp-dockerfile.el
  lsp-mode-20231227.2020/lsp-dot.el
  lsp-mode-20231227.2020/lsp-elixir.el
  lsp-mode-20231227.2020/lsp-elm.el
  lsp-mode-20231227.2020/lsp-emmet.el
  lsp-mode-20231227.2020/lsp-erlang.el
  lsp-mode-20231227.2020/lsp-eslint.el
  lsp-mode-20231227.2020/lsp-fortran.el
  lsp-mode-20231227.2020/lsp-fsharp.el
  lsp-mode-20231227.2020/lsp-gdscript.el
  lsp-mode-20231227.2020/lsp-gleam.el
  lsp-mode-20231227.2020/lsp-glsl.el
  lsp-mode-20231227.2020/lsp-go.el
  lsp-mode-20231227.2020/lsp-golangci-lint.el
  lsp-mode-20231227.2020/lsp-graphql.el
  lsp-mode-20231227.2020/lsp-groovy.el
  lsp-mode-20231227.2020/lsp-hack.el
  lsp-mode-20231227.2020/lsp-haxe.el
  lsp-mode-20231227.2020/lsp-headerline.el
  lsp-mode-20231227.2020/lsp-html.el
  lsp-mode-20231227.2020/lsp-icons.el
  lsp-mode-20231227.2020/lsp-ido.el
  lsp-mode-20231227.2020/lsp-idris.el
  lsp-mode-20231227.2020/lsp-iedit.el
  lsp-mode-20231227.2020/lsp-javascript.el
  lsp-mode-20231227.2020/lsp-jq.el
  lsp-mode-20231227.2020/lsp-json.el
  lsp-mode-20231227.2020/lsp-kotlin.el
  lsp-mode-20231227.2020/lsp-lens.el
  lsp-mode-20231227.2020/lsp-lua.el
  lsp-mode-20231227.2020/lsp-magik.el
  lsp-mode-20231227.2020/lsp-markdown.el
  lsp-mode-20231227.2020/lsp-marksman.el
  lsp-mode-20231227.2020/lsp-mdx.el
  lsp-mode-20231227.2020/lsp-mint.el
  lsp-mode-20231227.2020/lsp-mode-pkg.el
  lsp-mode-20231227.2020/lsp-mode.el
  lsp-mode-20231227.2020/lsp-modeline.el
  lsp-mode-20231227.2020/lsp-mojo.el
  lsp-mode-20231227.2020/lsp-move.el
  lsp-mode-20231227.2020/lsp-nginx.el
  lsp-mode-20231227.2020/lsp-nim.el
  lsp-mode-20231227.2020/lsp-nix.el
  lsp-mode-20231227.2020/lsp-ocaml.el
  lsp-mode-20231227.2020/lsp-openscad.el
  lsp-mode-20231227.2020/lsp-perl.el
  lsp-mode-20231227.2020/lsp-perlnavigator.el
  lsp-mode-20231227.2020/lsp-php.el
  lsp-mode-20231227.2020/lsp-pls.el
  lsp-mode-20231227.2020/lsp-prolog.el
  lsp-mode-20231227.2020/lsp-protocol.el
  lsp-mode-20231227.2020/lsp-purescript.el
  lsp-mode-20231227.2020/lsp-pwsh.el
  lsp-mode-20231227.2020/lsp-pyls.el
  lsp-mode-20231227.2020/lsp-pylsp.el
  lsp-mode-20231227.2020/lsp-r.el
  lsp-mode-20231227.2020/lsp-racket.el
  lsp-mode-20231227.2020/lsp-remark.el
  lsp-mode-20231227.2020/lsp-rf.el
  lsp-mode-20231227.2020/lsp-rubocop.el
  lsp-mode-20231227.2020/lsp-ruby-lsp.el
  lsp-mode-20231227.2020/lsp-ruby-syntax-tree.el
  lsp-mode-20231227.2020/lsp-ruff-lsp.el
  lsp-mode-20231227.2020/lsp-rust.el
  lsp-mode-20231227.2020/lsp-semantic-tokens.el
  lsp-mode-20231227.2020/lsp-semgrep.el
  lsp-mode-20231227.2020/lsp-sml.el
  lsp-mode-20231227.2020/lsp-solargraph.el
  lsp-mode-20231227.2020/lsp-solidity.el
  lsp-mode-20231227.2020/lsp-sorbet.el
  lsp-mode-20231227.2020/lsp-sqls.el
  lsp-mode-20231227.2020/lsp-steep.el
  lsp-mode-20231227.2020/lsp-svelte.el
  lsp-mode-20231227.2020/lsp-terraform.el
  lsp-mode-20231227.2020/lsp-tex.el
  lsp-mode-20231227.2020/lsp-tilt.el
  lsp-mode-20231227.2020/lsp-toml.el
  lsp-mode-20231227.2020/lsp-ttcn3.el
  lsp-mode-20231227.2020/lsp-typeprof.el
  lsp-mode-20231227.2020/lsp-v.el
  lsp-mode-20231227.2020/lsp-vala.el
  lsp-mode-20231227.2020/lsp-verilog.el
  lsp-mode-20231227.2020/lsp-vetur.el
  lsp-mode-20231227.2020/lsp-vhdl.el
  lsp-mode-20231227.2020/lsp-vimscript.el
  lsp-mode-20231227.2020/lsp-volar.el
  lsp-mode-20231227.2020/lsp-wgsl.el
  lsp-mode-20231227.2020/lsp-xml.el
  lsp-mode-20231227.2020/lsp-yaml.el
  lsp-mode-20231227.2020/lsp-zig.el
  lsp-mode-20231227.2020/lsp.el
 ✓ Success:
  2023-12-28T15:18:59+0000  lsp-mode-20231227.2020.entry
  2023-12-28T15:18:59+0000  lsp-mode-20231227.2020.tar
Built lsp-mode in 5.544s, finished at 2023-12-28T15:19:01+0000
