Package: lsp-julia
Fetcher: github
Source:  https://github.com/gdkrmr/lsp-julia.git

Updating /mnt/store/melpa/working/lsp-julia/
Checking out c869b2f6c05a97e5495ed3cc6710a33b4faf41a2
Copying files (->) and directories (=>)
  from /mnt/store/melpa/working/lsp-julia/
  to /tmp/lsp-juliaMeI7vk/lsp-julia-20230915.654
    lsp-julia.el -> lsp-julia.el
    languageserver => languageserver
Created lsp-julia-20230915.654.tar containing:
  lsp-julia-20230915.654/
  lsp-julia-20230915.654/languageserver/
  lsp-julia-20230915.654/languageserver/Project.toml
  lsp-julia-20230915.654/lsp-julia-pkg.el
  lsp-julia-20230915.654/lsp-julia.el
 ✓ Success:
  2024-01-08T07:11:40+0000  lsp-julia-20230915.654.entry
  2024-01-08T07:11:40+0000  lsp-julia-20230915.654.tar
Built lsp-julia in 3.222s, finished at 2024-01-08T07:11:41+0000
