Package: lsp-cfn
Fetcher: github
Source:  https://github.com/LaurenceWarne/lsp-cfn.el

Updating /mnt/store/melpa/working/lsp-cfn/
Checking out 2297533003118ebd9db0116b4d3486a987e98ca9
Copying files (->) and directories (=>)
  from /mnt/store/melpa/working/lsp-cfn/
  to /tmp/lsp-cfnwWv2By/lsp-cfn-20240112.921
    lsp-cfn.el -> lsp-cfn.el
    snippets => snippets
Created lsp-cfn-20240112.921.tar containing:
  lsp-cfn-20240112.921/
  lsp-cfn-20240112.921/lsp-cfn-pkg.el
  lsp-cfn-20240112.921/lsp-cfn.el
  lsp-cfn-20240112.921/snippets/
  lsp-cfn-20240112.921/snippets/js-mode/
  lsp-cfn-20240112.921/snippets/js-mode/aws
  lsp-cfn-20240112.921/snippets/js-mode/sam
  lsp-cfn-20240112.921/snippets/yaml-mode/
  lsp-cfn-20240112.921/snippets/yaml-mode/aws
  lsp-cfn-20240112.921/snippets/yaml-mode/sam
 ✓ Success:
  2024-10-08T23:04:50+0000  lsp-cfn-20240112.921.entry
  2024-10-08T23:04:50+0000  lsp-cfn-20240112.921.tar
Built lsp-cfn in 4.099s, finished at 2024-10-08T23:04:52+0000
