Package: lyrics-fetcher
Fetcher: github
Source:  https://github.com/SqrtMinusOne/lyrics-fetcher.el.git

Updating /mnt/store/melpa/working/lyrics-fetcher/
Checking out a3be34b0153c2c056dc4b55bbc5fbdc2d9f87549
Copying files (->) and directories (=>)
  from /mnt/store/melpa/working/lyrics-fetcher/
  to /tmp/lyrics-fetcher5js493/lyrics-fetcher-20220717.1716
    lyrics-fetcher-analyze.el -> lyrics-fetcher-analyze.el
    lyrics-fetcher-genius.el -> lyrics-fetcher-genius.el
    lyrics-fetcher-neteasecloud.el -> lyrics-fetcher-neteasecloud.el
    lyrics-fetcher.el -> lyrics-fetcher.el
Created lyrics-fetcher-20220717.1716.tar containing:
  lyrics-fetcher-20220717.1716/
  lyrics-fetcher-20220717.1716/lyrics-fetcher-analyze.el
  lyrics-fetcher-20220717.1716/lyrics-fetcher-genius.el
  lyrics-fetcher-20220717.1716/lyrics-fetcher-neteasecloud.el
  lyrics-fetcher-20220717.1716/lyrics-fetcher-pkg.el
  lyrics-fetcher-20220717.1716/lyrics-fetcher.el
 ✓ Success:
  2023-12-25T22:28:22+0000  lyrics-fetcher-20220717.1716.entry
  2023-12-25T22:28:22+0000  lyrics-fetcher-20220717.1716.tar
Built lyrics-fetcher in 3.714s, finished at 2023-12-25T22:28:24+0000
