Package: macports
Fetcher: github
Source:  https://github.com/amake/macports.el.git

Updating /mnt/store/melpa/working/macports/
Checking out a5ef9d69ff04f5dc62c5a48c5119d96ab3e4d62a
Copying files (->) and directories (=>)
  from /mnt/store/melpa/working/macports/
  to /tmp/macportswymMKO/macports-20240321.2352
    macports-core.el -> macports-core.el
    macports-describe.el -> macports-describe.el
    macports-installed.el -> macports-installed.el
    macports-outdated.el -> macports-outdated.el
    macports-select.el -> macports-select.el
    macports.el -> macports.el
Created macports-20240321.2352.tar containing:
  macports-20240321.2352/
  macports-20240321.2352/macports-core.el
  macports-20240321.2352/macports-describe.el
  macports-20240321.2352/macports-installed.el
  macports-20240321.2352/macports-outdated.el
  macports-20240321.2352/macports-pkg.el
  macports-20240321.2352/macports-select.el
  macports-20240321.2352/macports.el
 ✓ Success:
  2024-07-14T23:47:32+0000  macports-20240321.2352.entry
  2024-07-14T23:47:32+0000  macports-20240321.2352.tar
Built macports in 4.207s, finished at 2024-07-14T23:47:33+0000
