Package: magik-company
Fetcher: github
Source:  https://github.com/reinierkof/magik-company

Updating /mnt/store/melpa/working/magik-company/
Checking out de5d179be07d43b46b821db10164dfbd92da665b
Copying files (->) and directories (=>)
  from /mnt/store/melpa/working/magik-company/
  to /tmp/magik-company2RyXtj/magik-company-20250808.1454
    magik-company-annotation.el -> magik-company-annotation.el
    magik-company-buffer-cache.el -> magik-company-buffer-cache.el
    magik-company-cb-cache.el -> magik-company-cb-cache.el
    magik-company-cb.el -> magik-company-cb.el
    magik-company-exemplar-types.el -> magik-company-exemplar-types.el
    magik-company-extras.el -> magik-company-extras.el
    magik-company-prefixes.el -> magik-company-prefixes.el
    magik-company-treesitter-extras.el -> magik-company-treesitter-extras.el
    magik-company-yasnippet-handling.el -> magik-company-yasnippet-handling.el
    magik-company.el -> magik-company.el
Created magik-company-20250808.1454.tar containing:
  magik-company-20250808.1454/
  magik-company-20250808.1454/magik-company-annotation.el
  magik-company-20250808.1454/magik-company-buffer-cache.el
  magik-company-20250808.1454/magik-company-cb-cache.el
  magik-company-20250808.1454/magik-company-cb.el
  magik-company-20250808.1454/magik-company-exemplar-types.el
  magik-company-20250808.1454/magik-company-extras.el
  magik-company-20250808.1454/magik-company-pkg.el
  magik-company-20250808.1454/magik-company-prefixes.el
  magik-company-20250808.1454/magik-company-treesitter-extras.el
  magik-company-20250808.1454/magik-company-yasnippet-handling.el
  magik-company-20250808.1454/magik-company.el
 ✓ Success:
  2025-08-11T00:35:14+0000  magik-company-20250808.1454.entry
  2025-08-11T00:35:14+0000  magik-company-20250808.1454.tar
Built magik-company in 3.036s, finished at 2025-08-11T00:35:15+0000
