Package: magit-section
Fetcher: github
Source:  https://github.com/magit/magit

Updating /mnt/store/melpa/working/magit-section/
Checking out 3ad94012b0f570809c52eb3323fa1436e180984e
Copying files (->) and directories (=>)
  from /mnt/store/melpa/working/magit-section/
  to /tmp/magit-section8wYLiD/magit-section-20250221.105
  ! lisp/magit-section.el -> magit-section.el
  ! docs/magit-section.texi -> magit-section.texi
Generating magit-section.info
Created magit-section-20250221.105.tar containing:
  magit-section-20250221.105/
  magit-section-20250221.105/dir
  magit-section-20250221.105/magit-section-pkg.el
  magit-section-20250221.105/magit-section.el
  magit-section-20250221.105/magit-section.info
 ✓ Success:
  2025-02-22T23:35:43+0000  magit-section-20250221.105.entry
  2025-02-22T23:35:42+0000  magit-section-20250221.105.tar
Built magit-section in 5.210s, finished at 2025-02-22T23:35:43+0000
