Package: magik-mode
Fetcher: github
Source:  https://github.com/roadrunner1776/magik.git

Updating /mnt/store/melpa/working/magik-mode/
Checking out d6532f4d0da858e3ec9d6f44ec668e51c171c204
Copying files (->) and directories (=>)
  from /mnt/store/melpa/working/magik-mode/
  to /tmp/magik-modeQLkbjX/magik-mode-20240214.1048
    magik-aliases.el -> magik-aliases.el
    magik-cb-ac.el -> magik-cb-ac.el
    magik-cb.el -> magik-cb.el
    magik-electric.el -> magik-electric.el
    magik-indent.el -> magik-indent.el
    magik-keys.el -> magik-keys.el
    magik-lint.el -> magik-lint.el
    magik-loadlist.el -> magik-loadlist.el
    magik-menu.el -> magik-menu.el
    magik-mode.el -> magik-mode.el
    magik-module.el -> magik-module.el
    magik-msg.el -> magik-msg.el
    magik-pragma.el -> magik-pragma.el
    magik-product.el -> magik-product.el
    magik-session-extras.el -> magik-session-extras.el
    magik-session-filter.el -> magik-session-filter.el
    magik-session.el -> magik-session.el
    magik-template.el -> magik-template.el
    magik-treesit.el -> magik-treesit.el
    magik-utils.el -> magik-utils.el
    magik-version.el -> magik-version.el
Created magik-mode-20240214.1048.tar containing:
  magik-mode-20240214.1048/
  magik-mode-20240214.1048/magik-aliases.el
  magik-mode-20240214.1048/magik-cb-ac.el
  magik-mode-20240214.1048/magik-cb.el
  magik-mode-20240214.1048/magik-electric.el
  magik-mode-20240214.1048/magik-indent.el
  magik-mode-20240214.1048/magik-keys.el
  magik-mode-20240214.1048/magik-lint.el
  magik-mode-20240214.1048/magik-loadlist.el
  magik-mode-20240214.1048/magik-menu.el
  magik-mode-20240214.1048/magik-mode-pkg.el
  magik-mode-20240214.1048/magik-mode.el
  magik-mode-20240214.1048/magik-module.el
  magik-mode-20240214.1048/magik-msg.el
  magik-mode-20240214.1048/magik-pragma.el
  magik-mode-20240214.1048/magik-product.el
  magik-mode-20240214.1048/magik-session-extras.el
  magik-mode-20240214.1048/magik-session-filter.el
  magik-mode-20240214.1048/magik-session.el
  magik-mode-20240214.1048/magik-template.el
  magik-mode-20240214.1048/magik-treesit.el
  magik-mode-20240214.1048/magik-utils.el
  magik-mode-20240214.1048/magik-version.el
 ✓ Success:
  2024-02-14T15:33:59+0000  magik-mode-20240214.1048.entry
  2024-02-14T15:33:59+0000  magik-mode-20240214.1048.tar
Built magik-mode in 2.967s, finished at 2024-02-14T15:34:01+0000
