Package: magit
Fetcher: github
Source:  https://github.com/magit/magit.git

Updating /mnt/store/melpa/working/magit/
Checking out 058ca81497c2400db45644bfe3920bcaac21f1f1
Copying files (->) and directories (=>)
  from /mnt/store/melpa/working/magit/
  to /tmp/magitZ1NwJj/magit-20240428.1821
  ! lisp/magit-apply.el -> magit-apply.el
  ! lisp/magit-autorevert.el -> magit-autorevert.el
  ! lisp/magit-base.el -> magit-base.el
  ! lisp/magit-bisect.el -> magit-bisect.el
  ! lisp/magit-blame.el -> magit-blame.el
  ! lisp/magit-bookmark.el -> magit-bookmark.el
  ! lisp/magit-branch.el -> magit-branch.el
  ! lisp/magit-bundle.el -> magit-bundle.el
  ! lisp/magit-clone.el -> magit-clone.el
  ! lisp/magit-commit.el -> magit-commit.el
  ! lisp/magit-core.el -> magit-core.el
  ! lisp/magit-diff.el -> magit-diff.el
  ! lisp/magit-ediff.el -> magit-ediff.el
  ! lisp/magit-extras.el -> magit-extras.el
  ! lisp/magit-fetch.el -> magit-fetch.el
  ! lisp/magit-files.el -> magit-files.el
  ! lisp/magit-git.el -> magit-git.el
  ! lisp/magit-gitignore.el -> magit-gitignore.el
  ! lisp/magit-log.el -> magit-log.el
  ! lisp/magit-margin.el -> magit-margin.el
  ! lisp/magit-merge.el -> magit-merge.el
  ! lisp/magit-mode.el -> magit-mode.el
  ! lisp/magit-notes.el -> magit-notes.el
  ! lisp/magit-patch.el -> magit-patch.el
  ! lisp/magit-pkg.el -> magit-pkg.el
  ! lisp/magit-process.el -> magit-process.el
  ! lisp/magit-pull.el -> magit-pull.el
  ! lisp/magit-push.el -> magit-push.el
  ! lisp/magit-reflog.el -> magit-reflog.el
  ! lisp/magit-refs.el -> magit-refs.el
  ! lisp/magit-remote.el -> magit-remote.el
  ! lisp/magit-repos.el -> magit-repos.el
  ! lisp/magit-reset.el -> magit-reset.el
  ! lisp/magit-sequence.el -> magit-sequence.el
  ! lisp/magit-sparse-checkout.el -> magit-sparse-checkout.el
  ! lisp/magit-stash.el -> magit-stash.el
  ! lisp/magit-status.el -> magit-status.el
  ! lisp/magit-submodule.el -> magit-submodule.el
  ! lisp/magit-subtree.el -> magit-subtree.el
  ! lisp/magit-tag.el -> magit-tag.el
  ! lisp/magit-transient.el -> magit-transient.el
  ! lisp/magit-wip.el -> magit-wip.el
  ! lisp/magit-worktree.el -> magit-worktree.el
  ! lisp/magit.el -> magit.el
  ! lisp/git-rebase.el -> git-rebase.el
  ! docs/magit.texi -> magit.texi
  ! docs/AUTHORS.md -> AUTHORS.md
    LICENSE -> LICENSE
Generating /tmp/magitZ1NwJj/magit-20240428.1821/magit.info
Created magit-20240428.1821.tar containing:
  magit-20240428.1821/
  magit-20240428.1821/AUTHORS.md
  magit-20240428.1821/LICENSE
  magit-20240428.1821/dir
  magit-20240428.1821/git-rebase.el
  magit-20240428.1821/magit-apply.el
  magit-20240428.1821/magit-autorevert.el
  magit-20240428.1821/magit-base.el
  magit-20240428.1821/magit-bisect.el
  magit-20240428.1821/magit-blame.el
  magit-20240428.1821/magit-bookmark.el
  magit-20240428.1821/magit-branch.el
  magit-20240428.1821/magit-bundle.el
  magit-20240428.1821/magit-clone.el
  magit-20240428.1821/magit-commit.el
  magit-20240428.1821/magit-core.el
  magit-20240428.1821/magit-diff.el
  magit-20240428.1821/magit-ediff.el
  magit-20240428.1821/magit-extras.el
  magit-20240428.1821/magit-fetch.el
  magit-20240428.1821/magit-files.el
  magit-20240428.1821/magit-git.el
  magit-20240428.1821/magit-gitignore.el
  magit-20240428.1821/magit-log.el
  magit-20240428.1821/magit-margin.el
  magit-20240428.1821/magit-merge.el
  magit-20240428.1821/magit-mode.el
  magit-20240428.1821/magit-notes.el
  magit-20240428.1821/magit-patch.el
  magit-20240428.1821/magit-pkg.el
  magit-20240428.1821/magit-process.el
  magit-20240428.1821/magit-pull.el
  magit-20240428.1821/magit-push.el
  magit-20240428.1821/magit-reflog.el
  magit-20240428.1821/magit-refs.el
  magit-20240428.1821/magit-remote.el
  magit-20240428.1821/magit-repos.el
  magit-20240428.1821/magit-reset.el
  magit-20240428.1821/magit-sequence.el
  magit-20240428.1821/magit-sparse-checkout.el
  magit-20240428.1821/magit-stash.el
  magit-20240428.1821/magit-status.el
  magit-20240428.1821/magit-submodule.el
  magit-20240428.1821/magit-subtree.el
  magit-20240428.1821/magit-tag.el
  magit-20240428.1821/magit-transient.el
  magit-20240428.1821/magit-wip.el
  magit-20240428.1821/magit-worktree.el
  magit-20240428.1821/magit.el
  magit-20240428.1821/magit.info
 ✓ Success:
  2024-04-28T23:21:19+0000  magit-20240428.1821.entry
  2024-04-28T23:21:19+0000  magit-20240428.1821.tar
Built magit in 29.628s, finished at 2024-04-28T23:21:21+0000
