Package: mallard-mode
Fetcher: github
Source:  https://github.com/jhradilek/emacs-mallard-mode

Updating /mnt/store/melpa/working/mallard-mode/
Checking out 0a4cfede57bc31134495804ce513cc106de8de3c
Copying files (->) and directories (=>)
  from /mnt/store/melpa/working/mallard-mode/
  to /tmp/mallard-modex9iang/mallard-mode-20131204.425
    mallard-mode.el -> mallard-mode.el
    schema => schema
Created mallard-mode-20131204.425.tar containing:
  mallard-mode-20131204.425/
  mallard-mode-20131204.425/mallard-mode-pkg.el
  mallard-mode-20131204.425/mallard-mode.el
  mallard-mode-20131204.425/schema/
  mallard-mode-20131204.425/schema/mallard-1.0.rnc
  mallard-mode-20131204.425/schema/schemas.xml
 ✓ Success:
  2024-10-07T00:07:53+0000  mallard-mode-20131204.425.entry
  2024-10-07T00:07:53+0000  mallard-mode-20131204.425.tar
Built mallard-mode in 4.076s, finished at 2024-10-07T00:07:55+0000
