Package: mame
Fetcher: github
Source:  https://github.com/Iacob/elmame.git

Updating /mnt/store/melpa/working/mame/
Checking out 04322e0b036198112417cf688ddf6b711010561e
Copying files (->) and directories (=>)
  from /mnt/store/melpa/working/mame/
  to /tmp/mameotlVUO/mame-20231021.1522
    mame-base.el -> mame-base.el
    mame-config.el -> mame-config.el
    mame-machine-info-loader.el -> mame-machine-info-loader.el
    mame.el -> mame.el
Created mame-20231021.1522.tar containing:
  mame-20231021.1522/
  mame-20231021.1522/mame-base.el
  mame-20231021.1522/mame-config.el
  mame-20231021.1522/mame-machine-info-loader.el
  mame-20231021.1522/mame-pkg.el
  mame-20231021.1522/mame.el
 ✓ Success:
  2024-06-12T00:08:43+0000  mame-20231021.1522.entry
  2024-06-12T00:08:43+0000  mame-20231021.1522.tar
Built mame in 4.740s, finished at 2024-06-12T00:08:46+0000
