Package: mandoku
Fetcher: github
Source:  https://github.com/mandoku/mandoku.git

Updating /mnt/store/melpa/working/mandoku/
Checking out e3b7678762e9824861b1ce775a94b05b096164f5
Copying files (->) and directories (=>)
  from /mnt/store/melpa/working/mandoku/
  to /tmp/mandokunpdveb/mandoku-20180403.1106
  ! lisp/mandoku-annot.el -> mandoku-annot.el
  ! lisp/mandoku-cbeta.el -> mandoku-cbeta.el
  ! lisp/mandoku-dict.el -> mandoku-dict.el
  ! lisp/mandoku-github.el -> mandoku-github.el
  ! lisp/mandoku-images.el -> mandoku-images.el
  ! lisp/mandoku-init.el -> mandoku-init.el
  ! lisp/mandoku-link.el -> mandoku-link.el
  ! lisp/mandoku-remote.el -> mandoku-remote.el
  ! lisp/mandoku-trans.el -> mandoku-trans.el
  ! lisp/mandoku-two-columns.el -> mandoku-two-columns.el
  ! lisp/mandoku.el -> mandoku.el
  ! lisp/w32-registry.el -> w32-registry.el
  ! lisp/mandoku-settings.org -> mandoku-settings.org
Created mandoku-20180403.1106.tar containing:
  mandoku-20180403.1106/
  mandoku-20180403.1106/mandoku-annot.el
  mandoku-20180403.1106/mandoku-cbeta.el
  mandoku-20180403.1106/mandoku-dict.el
  mandoku-20180403.1106/mandoku-github.el
  mandoku-20180403.1106/mandoku-images.el
  mandoku-20180403.1106/mandoku-init.el
  mandoku-20180403.1106/mandoku-link.el
  mandoku-20180403.1106/mandoku-pkg.el
  mandoku-20180403.1106/mandoku-remote.el
  mandoku-20180403.1106/mandoku-settings.org
  mandoku-20180403.1106/mandoku-trans.el
  mandoku-20180403.1106/mandoku-two-columns.el
  mandoku-20180403.1106/mandoku.el
  mandoku-20180403.1106/w32-registry.el
 ✓ Success:
  2024-01-30T16:03:38+0000  mandoku-20180403.1106.entry
  2024-01-30T16:03:38+0000  mandoku-20180403.1106.tar
Built mandoku in 3.330s, finished at 2024-01-30T16:03:39+0000
