 • Building package mantra (from github:countvajhula/mantra)...
Updating /mnt/store/melpa/working/mantra/
Checking out ad46c9d7fdcd50d771f129fd458f85bf6e28dd9d
Copying files (->) and directories (=>)
  from /mnt/store/melpa/working/mantra/
  to /tmp/mantraIQZ5MW/mantra-20250920.129
    mantra-debug.el -> mantra-debug.el
    mantra-dsl.el -> mantra-dsl.el
    mantra-parse.el -> mantra-parse.el
    mantra-util.el -> mantra-util.el
    mantra.el -> mantra.el
Created mantra-20250920.129.tar containing:
  mantra-20250920.129/
  mantra-20250920.129/mantra-debug.el
  mantra-20250920.129/mantra-dsl.el
  mantra-20250920.129/mantra-parse.el
  mantra-20250920.129/mantra-pkg.el
  mantra-20250920.129/mantra-util.el
  mantra-20250920.129/mantra.el
 ✓ Success:
  2025-12-08T00:21:16+0000  mantra-20250920.129.entry
  2025-12-08T00:21:16+0000  mantra-20250920.129.tar
Built mantra in 3.070s, finished at 2025-12-08T00:21:17+0000
