 • Building package marcopolo (from github:nlamirault/marcopolo)...
Updating /mnt/store/melpa/working/marcopolo/
Checking out 85db828f2bb4346a811b3326349b1c6d0aae4601
Copying files (->) and directories (=>)
  from /mnt/store/melpa/working/marcopolo/
  to /tmp/marcopolohkiFSi/marcopolo-20160421.1004
    marcopolo-api.el -> marcopolo-api.el
    marcopolo-custom.el -> marcopolo-custom.el
    marcopolo-errors.el -> marcopolo-errors.el
    marcopolo-hub.el -> marcopolo-hub.el
    marcopolo-mode.el -> marcopolo-mode.el
    marcopolo-registry.el -> marcopolo-registry.el
    marcopolo-ui.el -> marcopolo-ui.el
    marcopolo-utils.el -> marcopolo-utils.el
    marcopolo-version.el -> marcopolo-version.el
    marcopolo.el -> marcopolo.el
Created marcopolo-20160421.1004.tar containing:
  marcopolo-20160421.1004/
  marcopolo-20160421.1004/marcopolo-api.el
  marcopolo-20160421.1004/marcopolo-custom.el
  marcopolo-20160421.1004/marcopolo-errors.el
  marcopolo-20160421.1004/marcopolo-hub.el
  marcopolo-20160421.1004/marcopolo-mode.el
  marcopolo-20160421.1004/marcopolo-pkg.el
  marcopolo-20160421.1004/marcopolo-registry.el
  marcopolo-20160421.1004/marcopolo-ui.el
  marcopolo-20160421.1004/marcopolo-utils.el
  marcopolo-20160421.1004/marcopolo-version.el
  marcopolo-20160421.1004/marcopolo.el
 ✓ Success:
  2025-12-08T00:21:18+0000  marcopolo-20160421.1004.entry
  2025-12-08T00:21:17+0000  marcopolo-20160421.1004.tar
Built marcopolo in 3.403s, finished at 2025-12-08T00:21:18+0000
