Package: markdown-preview-mode
Fetcher: github
Source:  https://github.com/ancane/markdown-preview-mode.git

Updating /mnt/store/melpa/working/markdown-preview-mode/
Checking out 68242b3907dc065aa35412bfd928b43d8052d321
Copying files (->) and directories (=>)
  from /mnt/store/melpa/working/markdown-preview-mode/
  to /tmp/markdown-preview-modezjh6Pc/markdown-preview-mode-20230707.803
    markdown-preview-mode.el -> markdown-preview-mode.el
    preview.html -> preview.html
    favicon.ico -> favicon.ico
Created markdown-preview-mode-20230707.803.tar containing:
  markdown-preview-mode-20230707.803/
  markdown-preview-mode-20230707.803/favicon.ico
  markdown-preview-mode-20230707.803/markdown-preview-mode-pkg.el
  markdown-preview-mode-20230707.803/markdown-preview-mode.el
  markdown-preview-mode-20230707.803/preview.html
 ✓ Success:
  2024-02-13T08:12:28+0000  markdown-preview-mode-20230707.803.entry
  2024-02-13T08:12:28+0000  markdown-preview-mode-20230707.803.tar
Built markdown-preview-mode in 5.009s, finished at 2024-02-13T08:12:30+0000
