Package: mastodon
Fetcher: codeberg
Source:  https://codeberg.org/martianh/mastodon.el

Updating /mnt/store/melpa/working/mastodon/
Checking out 9319d0647755e1d9dfc081241bfcb2ef3ec96be3
Copying files (->) and directories (=>)
  from /mnt/store/melpa/working/mastodon/
  to /tmp/mastodonkg01my/mastodon-20251006.1740
  ! lisp/mastodon-async.el -> mastodon-async.el
  ! lisp/mastodon-auth.el -> mastodon-auth.el
  ! lisp/mastodon-client.el -> mastodon-client.el
  ! lisp/mastodon-discover.el -> mastodon-discover.el
  ! lisp/mastodon-http.el -> mastodon-http.el
  ! lisp/mastodon-inspect.el -> mastodon-inspect.el
  ! lisp/mastodon-iso.el -> mastodon-iso.el
  ! lisp/mastodon-media.el -> mastodon-media.el
  ! lisp/mastodon-notifications.el -> mastodon-notifications.el
  ! lisp/mastodon-profile.el -> mastodon-profile.el
  ! lisp/mastodon-search.el -> mastodon-search.el
  ! lisp/mastodon-tl.el -> mastodon-tl.el
  ! lisp/mastodon-toot.el -> mastodon-toot.el
  ! lisp/mastodon-transient.el -> mastodon-transient.el
  ! lisp/mastodon-views.el -> mastodon-views.el
  ! lisp/mastodon-widget.el -> mastodon-widget.el
  ! lisp/mastodon.el -> mastodon.el
    dir -> dir
    mastodon.info -> mastodon.info
    mastodon.texi -> mastodon.texi
Generating mastodon.info
Created mastodon-20251006.1740.tar containing:
  mastodon-20251006.1740/
  mastodon-20251006.1740/dir
  mastodon-20251006.1740/mastodon-async.el
  mastodon-20251006.1740/mastodon-auth.el
  mastodon-20251006.1740/mastodon-client.el
  mastodon-20251006.1740/mastodon-discover.el
  mastodon-20251006.1740/mastodon-http.el
  mastodon-20251006.1740/mastodon-inspect.el
  mastodon-20251006.1740/mastodon-iso.el
  mastodon-20251006.1740/mastodon-media.el
  mastodon-20251006.1740/mastodon-notifications.el
  mastodon-20251006.1740/mastodon-pkg.el
  mastodon-20251006.1740/mastodon-profile.el
  mastodon-20251006.1740/mastodon-search.el
  mastodon-20251006.1740/mastodon-tl.el
  mastodon-20251006.1740/mastodon-toot.el
  mastodon-20251006.1740/mastodon-transient.el
  mastodon-20251006.1740/mastodon-views.el
  mastodon-20251006.1740/mastodon-widget.el
  mastodon-20251006.1740/mastodon.el
  mastodon-20251006.1740/mastodon.info
 ✓ Success:
  2025-10-20T00:14:20+0000  mastodon-20251006.1740.entry
  2025-10-20T00:14:20+0000  mastodon-20251006.1740.tar
Built mastodon in 7.460s, finished at 2025-10-20T00:14:21+0000
