Package: mc-extras
Fetcher: github
Source:  https://github.com/knu/mc-extras.el.git

Updating /mnt/store/melpa/working/mc-extras/
Checking out 8718cbdaa7bf3dd5c0f30c66a36a6bfbdf7f07c1
Copying files (->) and directories (=>)
  from /mnt/store/melpa/working/mc-extras/
  to /tmp/mc-extrasSxsP1C/mc-extras-20231206.1655
    mc-cua.el -> mc-cua.el
    mc-extras.el -> mc-extras.el
    mc-freeze.el -> mc-freeze.el
    mc-mark-extras.el -> mc-mark-extras.el
    mc-move.el -> mc-move.el
    mc-rect.el -> mc-rect.el
    mc-remove.el -> mc-remove.el
Created mc-extras-20231206.1655.tar containing:
  mc-extras-20231206.1655/
  mc-extras-20231206.1655/mc-cua.el
  mc-extras-20231206.1655/mc-extras-pkg.el
  mc-extras-20231206.1655/mc-extras.el
  mc-extras-20231206.1655/mc-freeze.el
  mc-extras-20231206.1655/mc-mark-extras.el
  mc-extras-20231206.1655/mc-move.el
  mc-extras-20231206.1655/mc-rect.el
  mc-extras-20231206.1655/mc-remove.el
 ✓ Success:
  2024-01-10T14:31:40+0000  mc-extras-20231206.1655.entry
  2024-01-10T14:31:40+0000  mc-extras-20231206.1655.tar
Built mc-extras in 3.987s, finished at 2024-01-10T14:31:42+0000
