Package: md-readme
Fetcher: github
Source:  https://github.com/thomas11/md-readme

Updating /mnt/store/melpa/working/md-readme/
Checking out ca99f44de11fab18d1f50d4b1722f2ceee3c814d
Copying files (->) and directories (=>)
  from /mnt/store/melpa/working/md-readme/
  to /tmp/md-readmel2U8SU/md-readme-20191112.1943
    md-readme.el -> md-readme.el
    bin => bin
Created md-readme-20191112.1943.tar containing:
  md-readme-20191112.1943/
  md-readme-20191112.1943/bin/
  md-readme-20191112.1943/bin/md-readme
  md-readme-20191112.1943/md-readme-pkg.el
  md-readme-20191112.1943/md-readme.el
 ✓ Success:
  2025-02-16T23:17:09+0000  md-readme-20191112.1943.entry
  2025-02-16T23:17:09+0000  md-readme-20191112.1943.tar
Built md-readme in 2.644s, finished at 2025-02-16T23:17:10+0000
