Package: meghanada
Fetcher: github
Source:  https://github.com/mopemope/meghanada-emacs.git

Updating /mnt/store/melpa/working/meghanada/
Checking out 59c46cabb7eee715fe810ce59424934a1286df84
Copying files (->) and directories (=>)
  from /mnt/store/melpa/working/meghanada/
  to /tmp/meghanadaFAsSl3/meghanada-20220101.505
    company-meghanada.el -> company-meghanada.el
    eldoc-meghanada.el -> eldoc-meghanada.el
    flycheck-meghanada.el -> flycheck-meghanada.el
    meghanada.el -> meghanada.el
Created meghanada-20220101.505.tar containing:
  meghanada-20220101.505/
  meghanada-20220101.505/company-meghanada.el
  meghanada-20220101.505/eldoc-meghanada.el
  meghanada-20220101.505/flycheck-meghanada.el
  meghanada-20220101.505/meghanada-pkg.el
  meghanada-20220101.505/meghanada.el
 ✓ Success:
  2024-04-07T23:36:26+0000  meghanada-20220101.505.entry
  2024-04-07T23:36:25+0000  meghanada-20220101.505.tar
Built meghanada in 7.654s, finished at 2024-04-07T23:36:28+0000
