Package: meow
Fetcher: github
Source:  https://github.com/meow-edit/meow

Updating /mnt/store/melpa/working/meow/
Checking out 532b302bb2da843ac8ae1541e9017d50e20cfbe1
Copying files (->) and directories (=>)
  from /mnt/store/melpa/working/meow/
  to /tmp/meowkXMWce/meow-20241106.2320
    meow-beacon.el -> meow-beacon.el
    meow-cheatsheet-layout.el -> meow-cheatsheet-layout.el
    meow-cheatsheet.el -> meow-cheatsheet.el
    meow-command.el -> meow-command.el
    meow-core.el -> meow-core.el
    meow-esc.el -> meow-esc.el
    meow-face.el -> meow-face.el
    meow-helpers.el -> meow-helpers.el
    meow-keymap.el -> meow-keymap.el
    meow-keypad.el -> meow-keypad.el
    meow-shims.el -> meow-shims.el
    meow-thing.el -> meow-thing.el
    meow-tutor.el -> meow-tutor.el
    meow-util.el -> meow-util.el
    meow-var.el -> meow-var.el
    meow-visual.el -> meow-visual.el
    meow.el -> meow.el
Created meow-20241106.2320.tar containing:
  meow-20241106.2320/
  meow-20241106.2320/meow-beacon.el
  meow-20241106.2320/meow-cheatsheet-layout.el
  meow-20241106.2320/meow-cheatsheet.el
  meow-20241106.2320/meow-command.el
  meow-20241106.2320/meow-core.el
  meow-20241106.2320/meow-esc.el
  meow-20241106.2320/meow-face.el
  meow-20241106.2320/meow-helpers.el
  meow-20241106.2320/meow-keymap.el
  meow-20241106.2320/meow-keypad.el
  meow-20241106.2320/meow-pkg.el
  meow-20241106.2320/meow-shims.el
  meow-20241106.2320/meow-thing.el
  meow-20241106.2320/meow-tutor.el
  meow-20241106.2320/meow-util.el
  meow-20241106.2320/meow-var.el
  meow-20241106.2320/meow-visual.el
  meow-20241106.2320/meow.el
 ✓ Success:
  2024-11-06T21:08:49+0000  meow-20241103.1639.entry
  2024-11-06T21:08:49+0000  meow-20241103.1639.tar
  2024-11-06T23:22:25+0000  meow-20241106.2320.entry
  2024-11-06T23:22:25+0000  meow-20241106.2320.tar
Built meow in 3.560s, finished at 2024-11-06T23:22:26+0000
