Package: merlin
Fetcher: github
Source:  https://github.com/ocaml/merlin

Updating /mnt/store/melpa/working/merlin/
Checking out 80e919cf32a62acdaee95a5dab9b4bc18a8b4034
Copying files (->) and directories (=>)
  from /mnt/store/melpa/working/merlin/
  to /tmp/merliny3St6D/merlin-20240925.900
  ! emacs/merlin-cap.el -> merlin-cap.el
  ! emacs/merlin-imenu.el -> merlin-imenu.el
  ! emacs/merlin-xref.el -> merlin-xref.el
  ! emacs/merlin.el -> merlin.el
Created merlin-20240925.900.tar containing:
  merlin-20240925.900/
  merlin-20240925.900/merlin-cap.el
  merlin-20240925.900/merlin-imenu.el
  merlin-20240925.900/merlin-pkg.el
  merlin-20240925.900/merlin-xref.el
  merlin-20240925.900/merlin.el
 ✓ Success:
  2024-10-25T23:05:17+0000  merlin-20240925.900.entry
  2024-10-25T23:05:17+0000  merlin-20240925.900.tar
Built merlin in 4.968s, finished at 2024-10-25T23:05:18+0000
