Package: mess
Fetcher: github
Source:  https://github.com/Iacob/mess.el.git

Updating /mnt/store/melpa/working/mess/
Checking out 65392b0d0ded45de789d4deab28a4ce88de24567
Copying files (->) and directories (=>)
  from /mnt/store/melpa/working/mess/
  to /tmp/mess3904Ib/mess-20230718.1533
    mess-base.el -> mess-base.el
    mess-config.el -> mess-config.el
    mess.el -> mess.el
Created mess-20230718.1533.tar containing:
  mess-20230718.1533/
  mess-20230718.1533/mess-base.el
  mess-20230718.1533/mess-config.el
  mess-20230718.1533/mess-pkg.el
  mess-20230718.1533/mess.el
 ✓ Success:
  2024-09-25T00:01:49+0000  mess-20230718.1533.entry
  2024-09-25T00:01:49+0000  mess-20230718.1533.tar
Built mess in 2.614s, finished at 2024-09-25T00:01:50+0000
