Package: metronome
Fetcher: sourcehut
Source:  https://git.sr.ht/~jagrg/metronome

Updating /mnt/store/melpa/working/metronome/
Checking out 4811b54d800d1bb69fd501ffeab3adf86978362d
Copying files (->) and directories (=>)
  from /mnt/store/melpa/working/metronome/
  to /tmp/metronomeL74KLL/metronome-20230515.1850
    metronome.el -> metronome.el
    sounds => sounds
Created metronome-20230515.1850.tar containing:
  metronome-20230515.1850/
  metronome-20230515.1850/metronome-pkg.el
  metronome-20230515.1850/metronome.el
  metronome-20230515.1850/sounds/
  metronome-20230515.1850/sounds/high.wav
  metronome-20230515.1850/sounds/low.wav
 ✓ Success:
  2024-10-19T01:03:45+0000  metronome-20230515.1850.entry
  2024-10-19T01:03:45+0000  metronome-20230515.1850.tar
Built metronome in 4.331s, finished at 2024-10-19T01:03:46+0000
