 • Building package mew (from github:kazu-yamamoto/Mew)...
Updating /mnt/store/melpa/working/mew/
Checking out 505fa0a42dd16a361bd08030318725ddc8bd8954
Copying files (->) and directories (=>)
  from /mnt/store/melpa/working/mew/
  to /tmp/mewJ0YxSK/mew-20251127.544
  ! elisp/mew-addrbook.el -> mew-addrbook.el
  ! elisp/mew-attach.el -> mew-attach.el
  ! elisp/mew-auth.el -> mew-auth.el
  ! elisp/mew-blvs.el -> mew-blvs.el
  ! elisp/mew-bq.el -> mew-bq.el
  ! elisp/mew-cache.el -> mew-cache.el
  ! elisp/mew-complete.el -> mew-complete.el
  ! elisp/mew-config.el -> mew-config.el
  ! elisp/mew-const.el -> mew-const.el
  ! elisp/mew-darwin.el -> mew-darwin.el
  ! elisp/mew-decode.el -> mew-decode.el
  ! elisp/mew-demo.el -> mew-demo.el
  ! elisp/mew-draft.el -> mew-draft.el
  ! elisp/mew-edit.el -> mew-edit.el
  ! elisp/mew-encode.el -> mew-encode.el
  ! elisp/mew-env.el -> mew-env.el
  ! elisp/mew-env0.el -> mew-env0.el
  ! elisp/mew-exec.el -> mew-exec.el
  ! elisp/mew-ext.el -> mew-ext.el
  ! elisp/mew-fib.el -> mew-fib.el
  ! elisp/mew-func.el -> mew-func.el
  ! elisp/mew-gemacs.el -> mew-gemacs.el
  ! elisp/mew-header.el -> mew-header.el
  ! elisp/mew-highlight.el -> mew-highlight.el
  ! elisp/mew-imap.el -> mew-imap.el
  ! elisp/mew-imap2.el -> mew-imap2.el
  ! elisp/mew-key.el -> mew-key.el
  ! elisp/mew-lang-jp.el -> mew-lang-jp.el
  ! elisp/mew-lang-kr.el -> mew-lang-kr.el
  ! elisp/mew-lang-latin.el -> mew-lang-latin.el
  ! elisp/mew-local.el -> mew-local.el
  ! elisp/mew-mark.el -> mew-mark.el
  ! elisp/mew-message.el -> mew-message.el
  ! elisp/mew-mime.el -> mew-mime.el
  ! elisp/mew-minibuf.el -> mew-minibuf.el
  ! elisp/mew-mule.el -> mew-mule.el
  ! elisp/mew-mule3.el -> mew-mule3.el
  ! elisp/mew-net.el -> mew-net.el
  ! elisp/mew-nntp.el -> mew-nntp.el
  ! elisp/mew-nntp2.el -> mew-nntp2.el
  ! elisp/mew-oauth2.el -> mew-oauth2.el
  ! elisp/mew-passwd.el -> mew-passwd.el
  ! elisp/mew-pgp.el -> mew-pgp.el
  ! elisp/mew-pick.el -> mew-pick.el
  ! elisp/mew-pop.el -> mew-pop.el
  ! elisp/mew-refile.el -> mew-refile.el
  ! elisp/mew-scan.el -> mew-scan.el
  ! elisp/mew-search.el -> mew-search.el
  ! elisp/mew-smime.el -> mew-smime.el
  ! elisp/mew-smtp.el -> mew-smtp.el
  ! elisp/mew-sort.el -> mew-sort.el
  ! elisp/mew-ssh.el -> mew-ssh.el
  ! elisp/mew-ssl.el -> mew-ssl.el
  ! elisp/mew-summary.el -> mew-summary.el
  ! elisp/mew-summary2.el -> mew-summary2.el
  ! elisp/mew-summary3.el -> mew-summary3.el
  ! elisp/mew-summary4.el -> mew-summary4.el
  ! elisp/mew-syntax.el -> mew-syntax.el
  ! elisp/mew-thread.el -> mew-thread.el
  ! elisp/mew-unix.el -> mew-unix.el
  ! elisp/mew-vars.el -> mew-vars.el
  ! elisp/mew-vars2.el -> mew-vars2.el
  ! elisp/mew-vars3.el -> mew-vars3.el
  ! elisp/mew-varsx.el -> mew-varsx.el
  ! elisp/mew-virtual.el -> mew-virtual.el
  ! elisp/mew-win32.el -> mew-win32.el
  ! elisp/mew.el -> mew.el
    etc => etc
  ! info/mew.info -> mew.info
  ! info/mew.ja.info -> mew.ja.info
Created mew-20251127.544.tar containing:
  mew-20251127.544/
  mew-20251127.544/dir
  mew-20251127.544/etc/
  mew-20251127.544/etc/Mew.img
  mew-20251127.544/etc/Mew.png
  mew-20251127.544/etc/Mew.xbm
  mew-20251127.544/etc/Mew.xpm
  mew-20251127.544/etc/mew-Audio.xpm
  mew-20251127.544/etc/mew-Blank.xpm
  mew-20251127.544/etc/mew-External.xpm
  mew-20251127.544/etc/mew-Folder.xpm
  mew-20251127.544/etc/mew-Image.xpm
  mew-20251127.544/etc/mew-Octet-Stream.xpm
  mew-20251127.544/etc/mew-Postscript.xpm
  mew-20251127.544/etc/mew-Rfc822.xpm
  mew-20251127.544/etc/mew-Text.xpm
  mew-20251127.544/etc/mew-Unknown.xpm
  mew-20251127.544/etc/mew-Video.xpm
  mew-20251127.544/etc/mew-attach.xpm
  mew-20251127.544/etc/mew-cite.xpm
  mew-20251127.544/etc/mew-forward.xpm
  mew-20251127.544/etc/mew-inc.xpm
  mew-20251127.544/etc/mew-lock.xpm
  mew-20251127.544/etc/mew-next.xpm
  mew-20251127.544/etc/mew-pgp-enc.xpm
  mew-20251127.544/etc/mew-pgp-sigenc.xpm
  mew-20251127.544/etc/mew-pgp-sign.xpm
  mew-20251127.544/etc/mew-prev.xpm
  mew-20251127.544/etc/mew-queue.xpm
  mew-20251127.544/etc/mew-refile.xpm
  mew-20251127.544/etc/mew-reply.xpm
  mew-20251127.544/etc/mew-send.xpm
  mew-20251127.544/etc/mew-sep.xpm
  mew-20251127.544/etc/mew-show.xpm
  mew-20251127.544/etc/mew-write.xpm
  mew-20251127.544/etc/mew-yank.xpm
  mew-20251127.544/mew-addrbook.el
  mew-20251127.544/mew-attach.el
  mew-20251127.544/mew-auth.el
  mew-20251127.544/mew-blvs.el
  mew-20251127.544/mew-bq.el
  mew-20251127.544/mew-cache.el
  mew-20251127.544/mew-complete.el
  mew-20251127.544/mew-config.el
  mew-20251127.544/mew-const.el
  mew-20251127.544/mew-darwin.el
  mew-20251127.544/mew-decode.el
  mew-20251127.544/mew-demo.el
  mew-20251127.544/mew-draft.el
  mew-20251127.544/mew-edit.el
  mew-20251127.544/mew-encode.el
  mew-20251127.544/mew-env.el
  mew-20251127.544/mew-env0.el
  mew-20251127.544/mew-exec.el
  mew-20251127.544/mew-ext.el
  mew-20251127.544/mew-fib.el
  mew-20251127.544/mew-func.el
  mew-20251127.544/mew-gemacs.el
  mew-20251127.544/mew-header.el
  mew-20251127.544/mew-highlight.el
  mew-20251127.544/mew-imap.el
  mew-20251127.544/mew-imap2.el
  mew-20251127.544/mew-key.el
  mew-20251127.544/mew-lang-jp.el
  mew-20251127.544/mew-lang-kr.el
  mew-20251127.544/mew-lang-latin.el
  mew-20251127.544/mew-local.el
  mew-20251127.544/mew-mark.el
  mew-20251127.544/mew-message.el
  mew-20251127.544/mew-mime.el
  mew-20251127.544/mew-minibuf.el
  mew-20251127.544/mew-mule.el
  mew-20251127.544/mew-mule3.el
  mew-20251127.544/mew-net.el
  mew-20251127.544/mew-nntp.el
  mew-20251127.544/mew-nntp2.el
  mew-20251127.544/mew-oauth2.el
  mew-20251127.544/mew-passwd.el
  mew-20251127.544/mew-pgp.el
  mew-20251127.544/mew-pick.el
  mew-20251127.544/mew-pkg.el
  mew-20251127.544/mew-pop.el
  mew-20251127.544/mew-refile.el
  mew-20251127.544/mew-scan.el
  mew-20251127.544/mew-search.el
  mew-20251127.544/mew-smime.el
  mew-20251127.544/mew-smtp.el
  mew-20251127.544/mew-sort.el
  mew-20251127.544/mew-ssh.el
  mew-20251127.544/mew-ssl.el
  mew-20251127.544/mew-summary.el
  mew-20251127.544/mew-summary2.el
  mew-20251127.544/mew-summary3.el
  mew-20251127.544/mew-summary4.el
  mew-20251127.544/mew-syntax.el
  mew-20251127.544/mew-thread.el
  mew-20251127.544/mew-unix.el
  mew-20251127.544/mew-vars.el
  mew-20251127.544/mew-vars2.el
  mew-20251127.544/mew-vars3.el
  mew-20251127.544/mew-varsx.el
  mew-20251127.544/mew-virtual.el
  mew-20251127.544/mew-win32.el
  mew-20251127.544/mew.el
  mew-20251127.544/mew.info
  mew-20251127.544/mew.ja.info
 ✓ Success:
  2025-12-21T23:56:12+0000  mew-20251127.544.entry
  2025-12-21T23:56:12+0000  mew-20251127.544.tar
Built mew in 5.038s, finished at 2025-12-21T23:56:13+0000
