 • Building package mhc (from github:yoshinari-nomura/mhc)...
Updating /mnt/store/melpa/working/mhc/
Checking out 2e5e6260363744f124bd0ca22ac7d5962e32fd87
Copying files (->) and directories (=>)
  from /mnt/store/melpa/working/mhc/
  to /tmp/mhcL52gxZ/mhc-20250904.940
  ! emacs/mhc-calendar.el -> mhc-calendar.el
  ! emacs/mhc-calfw.el -> mhc-calfw.el
  ! emacs/mhc-compat.el -> mhc-compat.el
  ! emacs/mhc-date.el -> mhc-date.el
  ! emacs/mhc-day.el -> mhc-day.el
  ! emacs/mhc-db.el -> mhc-db.el
  ! emacs/mhc-draft.el -> mhc-draft.el
  ! emacs/mhc-e21.el -> mhc-e21.el
  ! emacs/mhc-face.el -> mhc-face.el
  ! emacs/mhc-file.el -> mhc-file.el
  ! emacs/mhc-guess.el -> mhc-guess.el
  ! emacs/mhc-header.el -> mhc-header.el
  ! emacs/mhc-logic.el -> mhc-logic.el
  ! emacs/mhc-message.el -> mhc-message.el
  ! emacs/mhc-minibuf.el -> mhc-minibuf.el
  ! emacs/mhc-misc.el -> mhc-misc.el
  ! emacs/mhc-parse.el -> mhc-parse.el
  ! emacs/mhc-process.el -> mhc-process.el
  ! emacs/mhc-ps.el -> mhc-ps.el
  ! emacs/mhc-record.el -> mhc-record.el
  ! emacs/mhc-schedule.el -> mhc-schedule.el
  ! emacs/mhc-summary.el -> mhc-summary.el
  ! emacs/mhc-sync.el -> mhc-sync.el
  ! emacs/mhc-vars.el -> mhc-vars.el
  ! emacs/mhc.el -> mhc.el
Created mhc-20250904.940.tar containing:
  mhc-20250904.940/
  mhc-20250904.940/mhc-calendar.el
  mhc-20250904.940/mhc-calfw.el
  mhc-20250904.940/mhc-compat.el
  mhc-20250904.940/mhc-date.el
  mhc-20250904.940/mhc-day.el
  mhc-20250904.940/mhc-db.el
  mhc-20250904.940/mhc-draft.el
  mhc-20250904.940/mhc-e21.el
  mhc-20250904.940/mhc-face.el
  mhc-20250904.940/mhc-file.el
  mhc-20250904.940/mhc-guess.el
  mhc-20250904.940/mhc-header.el
  mhc-20250904.940/mhc-logic.el
  mhc-20250904.940/mhc-message.el
  mhc-20250904.940/mhc-minibuf.el
  mhc-20250904.940/mhc-misc.el
  mhc-20250904.940/mhc-parse.el
  mhc-20250904.940/mhc-pkg.el
  mhc-20250904.940/mhc-process.el
  mhc-20250904.940/mhc-ps.el
  mhc-20250904.940/mhc-record.el
  mhc-20250904.940/mhc-schedule.el
  mhc-20250904.940/mhc-summary.el
  mhc-20250904.940/mhc-sync.el
  mhc-20250904.940/mhc-vars.el
  mhc-20250904.940/mhc.el
 ✓ Success:
  2025-12-21T23:56:14+0000  mhc-20250904.940.entry
  2025-12-21T23:56:14+0000  mhc-20250904.940.tar
Built mhc in 4.235s, finished at 2025-12-21T23:56:15+0000
