Package: mindstream
Fetcher: github
Source:  https://github.com/countvajhula/mindstream

Updating /mnt/store/melpa/working/mindstream/
Checking out ff9927b18e7e23ecb2bbd67b50bb3b70b6d46027
Copying files (->) and directories (=>)
  from /mnt/store/melpa/working/mindstream/
  to /tmp/mindstreamO9aoeo/mindstream-20250306.58
    mindstream-backend.el -> mindstream-backend.el
    mindstream-custom.el -> mindstream-custom.el
    mindstream-session.el -> mindstream-session.el
    mindstream-util.el -> mindstream-util.el
    mindstream.el -> mindstream.el
Created mindstream-20250306.58.tar containing:
  mindstream-20250306.58/
  mindstream-20250306.58/mindstream-backend.el
  mindstream-20250306.58/mindstream-custom.el
  mindstream-20250306.58/mindstream-pkg.el
  mindstream-20250306.58/mindstream-session.el
  mindstream-20250306.58/mindstream-util.el
  mindstream-20250306.58/mindstream.el
 ✓ Success:
  2025-03-06T23:28:33+0000  mindstream-20250306.58.entry
  2025-03-06T23:28:33+0000  mindstream-20250306.58.tar
Built mindstream in 3.153s, finished at 2025-03-06T23:28:34+0000
