Package: minimal-theme
Fetcher: github
Source:  https://github.com/anler/minimal-theme

Updating /mnt/store/melpa/working/minimal-theme/
Checking out 063b4d8ca33d55d04c341f0b2b777ec241a3e201
Copying files (->) and directories (=>)
  from /mnt/store/melpa/working/minimal-theme/
  to /tmp/minimal-themeIXRqLF/minimal-theme-20190113.2132
    minimal-black-theme.el -> minimal-black-theme.el
    minimal-light-theme.el -> minimal-light-theme.el
    minimal-theme.el -> minimal-theme.el
Created minimal-theme-20190113.2132.tar containing:
  minimal-theme-20190113.2132/
  minimal-theme-20190113.2132/minimal-black-theme.el
  minimal-theme-20190113.2132/minimal-light-theme.el
  minimal-theme-20190113.2132/minimal-theme-pkg.el
  minimal-theme-20190113.2132/minimal-theme.el
 ✓ Success:
  2024-11-21T00:16:59+0000  minimal-theme-20190113.2132.entry
  2024-11-21T00:16:59+0000  minimal-theme-20190113.2132.tar
Built minimal-theme in 2.700s, finished at 2024-11-21T00:17:00+0000
