Package: mistty
Fetcher: github
Source:  https://github.com/szermatt/mistty

Updating /mnt/store/melpa/working/mistty/
Checking out 05e018d4fffc45327bf3cd920dc7db7d73f29b10
Copying files (->) and directories (=>)
  from /mnt/store/melpa/working/mistty/
  to /tmp/mistty03PFca/mistty-20250209.2059
    mistty-changeset.el -> mistty-changeset.el
    mistty-launch.el -> mistty-launch.el
    mistty-log.el -> mistty-log.el
    mistty-osc7.el -> mistty-osc7.el
    mistty-project.el -> mistty-project.el
    mistty-queue.el -> mistty-queue.el
    mistty-term.el -> mistty-term.el
    mistty-undo.el -> mistty-undo.el
    mistty-util.el -> mistty-util.el
    mistty.el -> mistty.el
    mistty.texi -> mistty.texi
Generating mistty.info
Created mistty-20250209.2059.tar containing:
  mistty-20250209.2059/
  mistty-20250209.2059/dir
  mistty-20250209.2059/mistty-changeset.el
  mistty-20250209.2059/mistty-launch.el
  mistty-20250209.2059/mistty-log.el
  mistty-20250209.2059/mistty-osc7.el
  mistty-20250209.2059/mistty-pkg.el
  mistty-20250209.2059/mistty-project.el
  mistty-20250209.2059/mistty-queue.el
  mistty-20250209.2059/mistty-term.el
  mistty-20250209.2059/mistty-undo.el
  mistty-20250209.2059/mistty-util.el
  mistty-20250209.2059/mistty.el
  mistty-20250209.2059/mistty.info
 ✓ Success:
  2025-02-09T20:50:29+0000  mistty-20250130.1831.entry
  2025-02-09T20:50:29+0000  mistty-20250130.1831.tar
  2025-02-09T23:13:28+0000  mistty-20250209.2059.entry
  2025-02-09T23:13:28+0000  mistty-20250209.2059.tar
Built mistty in 6.278s, finished at 2025-02-09T23:13:29+0000
