Package: modus-themes
Fetcher: sourcehut
Source:  https://git.sr.ht/~protesilaos/modus-themes

Updating /mnt/store/melpa/working/modus-themes/
Checking out 6e38792b21525f4641edd1b3a082557372c3939b
Copying files (->) and directories (=>)
  from /mnt/store/melpa/working/modus-themes/
  to /tmp/modus-themesy3w712/modus-themes-20231224.1503
    modus-operandi-deuteranopia-theme.el -> modus-operandi-deuteranopia-theme.el
    modus-operandi-theme.el -> modus-operandi-theme.el
    modus-operandi-tinted-theme.el -> modus-operandi-tinted-theme.el
    modus-operandi-tritanopia-theme.el -> modus-operandi-tritanopia-theme.el
    modus-themes.el -> modus-themes.el
    modus-vivendi-deuteranopia-theme.el -> modus-vivendi-deuteranopia-theme.el
    modus-vivendi-theme.el -> modus-vivendi-theme.el
    modus-vivendi-tinted-theme.el -> modus-vivendi-tinted-theme.el
    modus-vivendi-tritanopia-theme.el -> modus-vivendi-tritanopia-theme.el
  ! doc/modus-themes.info -> modus-themes.info
  ! doc/doclicense.texi -> doclicense.texi
Generating /tmp/modus-themesy3w712/modus-themes-20231224.1503/doclicense.info
Created modus-themes-20231224.1503.tar containing:
  modus-themes-20231224.1503/
  modus-themes-20231224.1503/dir
  modus-themes-20231224.1503/doclicense.info
  modus-themes-20231224.1503/modus-operandi-deuteranopia-theme.el
  modus-themes-20231224.1503/modus-operandi-theme.el
  modus-themes-20231224.1503/modus-operandi-tinted-theme.el
  modus-themes-20231224.1503/modus-operandi-tritanopia-theme.el
  modus-themes-20231224.1503/modus-themes-pkg.el
  modus-themes-20231224.1503/modus-themes.el
  modus-themes-20231224.1503/modus-themes.info
  modus-themes-20231224.1503/modus-vivendi-deuteranopia-theme.el
  modus-themes-20231224.1503/modus-vivendi-theme.el
  modus-themes-20231224.1503/modus-vivendi-tinted-theme.el
  modus-themes-20231224.1503/modus-vivendi-tritanopia-theme.el
 ✓ Success:
  2023-12-25T10:43:18+0000  modus-themes-20231224.1503.entry
  2023-12-25T10:43:18+0000  modus-themes-20231224.1503.tar
Built modus-themes in 6.466s, finished at 2023-12-25T10:43:20+0000
