Package: monokai-pro-theme
Fetcher: github
Source:  https://github.com/belak/emacs-monokai-pro-theme.git

Updating /mnt/store/melpa/working/monokai-pro-theme/
Checking out d56fa38a9ed3b1d8e4f8401cb4c3f08073f3ba26
Copying files (->) and directories (=>)
  from /mnt/store/melpa/working/monokai-pro-theme/
  to /tmp/monokai-pro-themewu1rgh/monokai-pro-theme-20231120.1622
    monokai-pro-classic-theme.el -> monokai-pro-classic-theme.el
    monokai-pro-machine-theme.el -> monokai-pro-machine-theme.el
    monokai-pro-octagon-theme.el -> monokai-pro-octagon-theme.el
    monokai-pro-ristretto-theme.el -> monokai-pro-ristretto-theme.el
    monokai-pro-spectrum-theme.el -> monokai-pro-spectrum-theme.el
    monokai-pro-theme.el -> monokai-pro-theme.el
Created monokai-pro-theme-20231120.1622.tar containing:
  monokai-pro-theme-20231120.1622/
  monokai-pro-theme-20231120.1622/monokai-pro-classic-theme.el
  monokai-pro-theme-20231120.1622/monokai-pro-machine-theme.el
  monokai-pro-theme-20231120.1622/monokai-pro-octagon-theme.el
  monokai-pro-theme-20231120.1622/monokai-pro-ristretto-theme.el
  monokai-pro-theme-20231120.1622/monokai-pro-spectrum-theme.el
  monokai-pro-theme-20231120.1622/monokai-pro-theme-pkg.el
  monokai-pro-theme-20231120.1622/monokai-pro-theme.el
 ✓ Success:
  2024-01-05T07:22:04+0000  monokai-pro-theme-20231120.1622.entry
  2024-01-05T07:22:04+0000  monokai-pro-theme-20231120.1622.tar
Built monokai-pro-theme in 3.689s, finished at 2024-01-05T07:22:05+0000
