 • Building package mood-line (from gitlab:jessieh/mood-line)...
Updating /mnt/store/melpa/working/mood-line/
Checking out d1c024fdf9543fbc0101cd2c6e8b248378f591cd
Copying files (->) and directories (=>)
  from /mnt/store/melpa/working/mood-line/
  to /tmp/mood-line5z0gBb/mood-line-20231210.1309
    mood-line-segment-checker.el -> mood-line-segment-checker.el
    mood-line-segment-indentation.el -> mood-line-segment-indentation.el
    mood-line-segment-modal.el -> mood-line-segment-modal.el
    mood-line-segment-vc.el -> mood-line-segment-vc.el
    mood-line.el -> mood-line.el
Created mood-line-20231210.1309.tar containing:
  mood-line-20231210.1309/
  mood-line-20231210.1309/mood-line-pkg.el
  mood-line-20231210.1309/mood-line-segment-checker.el
  mood-line-20231210.1309/mood-line-segment-indentation.el
  mood-line-20231210.1309/mood-line-segment-modal.el
  mood-line-20231210.1309/mood-line-segment-vc.el
  mood-line-20231210.1309/mood-line.el
 ✓ Success:
  2025-12-08T00:23:19+0000  mood-line-20231210.1309.entry
  2025-12-08T00:23:18+0000  mood-line-20231210.1309.tar
Built mood-line in 3.719s, finished at 2025-12-08T00:23:19+0000
