 • Building package mpdel (from github:mpdel/mpdel)...
Updating /mnt/store/melpa/working/mpdel/
Checking out 006ccab29492cda567112be76e84e40e51d1f70b
Copying files (->) and directories (=>)
  from /mnt/store/melpa/working/mpdel/
  to /tmp/mpdelJmDk8a/mpdel-20250922.929
    mpdel-browser.el -> mpdel-browser.el
    mpdel-core.el -> mpdel-core.el
    mpdel-playlist.el -> mpdel-playlist.el
    mpdel-song.el -> mpdel-song.el
    mpdel-tablist.el -> mpdel-tablist.el
    mpdel.el -> mpdel.el
Created mpdel-20250922.929.tar containing:
  mpdel-20250922.929/
  mpdel-20250922.929/mpdel-browser.el
  mpdel-20250922.929/mpdel-core.el
  mpdel-20250922.929/mpdel-pkg.el
  mpdel-20250922.929/mpdel-playlist.el
  mpdel-20250922.929/mpdel-song.el
  mpdel-20250922.929/mpdel-tablist.el
  mpdel-20250922.929/mpdel.el
 ✓ Success:
  2025-12-15T00:22:13+0000  mpdel-20250922.929.entry
  2025-12-15T00:22:13+0000  mpdel-20250922.929.tar
Built mpdel in 2.890s, finished at 2025-12-15T00:22:14+0000
