Package: mpdmacs
Fetcher: github
Source:  https://github.com/sp1ff/mpdmacs

Updating /mnt/store/melpa/working/mpdmacs/
Checking out fca8374804216fb0533b5cbe92199dc4179033db
Copying files (->) and directories (=>)
  from /mnt/store/melpa/working/mpdmacs/
  to /tmp/mpdmacs7t6GE9/mpdmacs-20240917.310
    mpdmacs.el -> mpdmacs.el
  ! doc/mpdmacs.texi -> mpdmacs.texi
  ! doc/version.texi -> version.texi
Generating mpdmacs.info
Generating version.info
Created mpdmacs-20240917.310.tar containing:
  mpdmacs-20240917.310/
  mpdmacs-20240917.310/dir
  mpdmacs-20240917.310/mpdmacs-pkg.el
  mpdmacs-20240917.310/mpdmacs.el
  mpdmacs-20240917.310/mpdmacs.info
  mpdmacs-20240917.310/version.info
 ✓ Success:
  2024-12-11T23:39:20+0000  mpdmacs-20240917.310.entry
  2024-12-11T23:39:20+0000  mpdmacs-20240917.310.tar
Built mpdmacs in 4.956s, finished at 2024-12-11T23:39:21+0000
