Package: msvc
Fetcher: github
Source:  https://github.com/yaruopooner/msvc.git

Updating /mnt/store/melpa/working/msvc/
Checking out 1bf173b5da3fbf2bdb799116e2a1f31916c1e16e
Copying files (->) and directories (=>)
  from /mnt/store/melpa/working/msvc/
  to /tmp/msvcAbLKVV/msvc-20221015.1610
    msvc-env.el -> msvc-env.el
    msvc-flags.el -> msvc-flags.el
    msvc.el -> msvc.el
    empty.cpp -> empty.cpp
    invoke-msbuild.bat -> invoke-msbuild.bat
    msvc-extractor.cflags.vcxproj -> msvc-extractor.cflags.vcxproj
    msvc-extractor.flymake.vcxproj -> msvc-extractor.flymake.vcxproj
Created msvc-20221015.1610.tar containing:
  msvc-20221015.1610/
  msvc-20221015.1610/empty.cpp
  msvc-20221015.1610/invoke-msbuild.bat
  msvc-20221015.1610/msvc-env.el
  msvc-20221015.1610/msvc-extractor.cflags.vcxproj
  msvc-20221015.1610/msvc-extractor.flymake.vcxproj
  msvc-20221015.1610/msvc-flags.el
  msvc-20221015.1610/msvc-pkg.el
  msvc-20221015.1610/msvc.el
 ✓ Success:
  2024-06-20T00:37:18+0000  msvc-20221015.1610.entry
  2024-06-20T00:37:17+0000  msvc-20221015.1610.tar
Built msvc in 4.992s, finished at 2024-06-20T00:37:20+0000
