 • Building package mu-cite (from github:ksato9700/mu-cite)...
Updating /mnt/store/melpa/working/mu-cite/
Checking out b2c83bbce4646d100b942f0f0de0877a8d47298c
Copying files (->) and directories (=>)
  from /mnt/store/melpa/working/mu-cite/
  to /tmp/mu-citeskcbo2/mu-cite-20190803.439
    latex-math-symbol.el -> latex-math-symbol.el
    mu-cite-pkg.el -> mu-cite-pkg.el
    mu-cite.el -> mu-cite.el
    mu-register.el -> mu-register.el
Created mu-cite-20190803.439.tar containing:
  mu-cite-20190803.439/
  mu-cite-20190803.439/latex-math-symbol.el
  mu-cite-20190803.439/mu-cite-pkg.el
  mu-cite-20190803.439/mu-cite.el
  mu-cite-20190803.439/mu-register.el
 ✓ Success:
  2025-12-08T00:23:45+0000  mu-cite-20190803.439.entry
  2025-12-08T00:23:45+0000  mu-cite-20190803.439.tar
Built mu-cite in 2.993s, finished at 2025-12-08T00:23:46+0000
