 • Building package nael (from codeberg:mekeor/nael)...
Updating /mnt/store/melpa/working/nael/
Checking out 7a8fb2615a10f57380bb83fad1f0c12775c4b6c5
Copying files (->) and directories (=>)
  from /mnt/store/melpa/working/nael/
  to /tmp/naelZB4t8f/nael-20251217.1400
  ! nael/nael-abbrev.el -> nael-abbrev.el
  ! nael/nael-eglot.el -> nael-eglot.el
  ! nael/nael-skeleton.el -> nael-skeleton.el
  ! nael/nael.el -> nael.el
  ! nael/nael.info -> nael.info
  ! nael/nael.texi -> nael.texi
Generating nael.info
Created nael-20251217.1400.tar containing:
  nael-20251217.1400/
  nael-20251217.1400/dir
  nael-20251217.1400/nael-abbrev.el
  nael-20251217.1400/nael-eglot.el
  nael-20251217.1400/nael-pkg.el
  nael-20251217.1400/nael-skeleton.el
  nael-20251217.1400/nael.el
  nael-20251217.1400/nael.info
 ✓ Success:
  2025-12-21T23:58:33+0000  nael-20251217.1400.entry
  2025-12-21T23:58:32+0000  nael-20251217.1400.tar
Built nael in 9.120s, finished at 2025-12-21T23:58:34+0000
