Package: naga-theme
Fetcher: github
Source:  https://github.com/kenranunderscore/emacs-naga-theme.git

Updating /mnt/store/melpa/working/naga-theme/
Checking out 84b28f3f5dcdd03205d5ff4764704806019ff332
Copying files (->) and directories (=>)
  from /mnt/store/melpa/working/naga-theme/
  to /tmp/naga-themeYPDf20/naga-theme-20240607.1946
    naga-base.el -> naga-base.el
    naga-dimmed-theme.el -> naga-dimmed-theme.el
    naga-theme.el -> naga-theme.el
Created naga-theme-20240607.1946.tar containing:
  naga-theme-20240607.1946/
  naga-theme-20240607.1946/naga-base.el
  naga-theme-20240607.1946/naga-dimmed-theme.el
  naga-theme-20240607.1946/naga-theme-pkg.el
  naga-theme-20240607.1946/naga-theme.el
 ✓ Success:
  2024-06-10T23:33:31+0000  naga-theme-20240607.1946.entry
  2024-06-10T23:33:31+0000  naga-theme-20240607.1946.tar
Built naga-theme in 4.197s, finished at 2024-06-10T23:33:33+0000
