Package: nclip
Fetcher: github
Source:  https://github.com/maio/nclip.el

Updating /mnt/store/melpa/working/nclip/
Checking out af88e38b1f04be02bf2e57affc662dbd0f828e67
Copying files (->) and directories (=>)
  from /mnt/store/melpa/working/nclip/
  to /tmp/nclipFJRHtH/nclip-20130617.2015
    nclip.el -> nclip.el
    nclip.rb -> nclip.rb
    nclip.py -> nclip.py
Created nclip-20130617.2015.tar containing:
  nclip-20130617.2015/
  nclip-20130617.2015/nclip-pkg.el
  nclip-20130617.2015/nclip.el
  nclip-20130617.2015/nclip.py
  nclip-20130617.2015/nclip.rb
 ✓ Success:
  2025-07-28T00:57:28+0000  nclip-20130617.2015.entry
  2025-07-28T00:57:28+0000  nclip-20130617.2015.tar
Built nclip in 2.691s, finished at 2025-07-28T00:57:29+0000
