Package: neotree
Fetcher: github
Source:  https://github.com/jaypei/emacs-neotree

Updating /mnt/store/melpa/working/neotree/
Checking out 599bd049a5d9cfab8a0d7ab7bec99d58b4581751
Copying files (->) and directories (=>)
  from /mnt/store/melpa/working/neotree/
  to /tmp/neotreeFKjlM2/neotree-20240721.233
    neotree.el -> neotree.el
    icons => icons
Created neotree-20240721.233.tar containing:
  neotree-20240721.233/
  neotree-20240721.233/icons/
  neotree-20240721.233/icons/close.xpm
  neotree-20240721.233/icons/leaf.xpm
  neotree-20240721.233/icons/open.xpm
  neotree-20240721.233/neotree-pkg.el
  neotree-20240721.233/neotree.el
 ✓ Success:
  2025-03-07T22:23:07+0000  neotree-20240721.233.entry
  2025-03-07T22:23:07+0000  neotree-20240721.233.tar
Built neotree in 3.333s, finished at 2025-03-07T22:23:08+0000
