Package: nerd-icons
Fetcher: github
Source:  https://github.com/rainstormstudio/nerd-icons.el

Updating /mnt/store/melpa/working/nerd-icons/
Checking out d75364b982afda171cccca6d9c6d4c06ec03c91d
Copying files (->) and directories (=>)
  from /mnt/store/melpa/working/nerd-icons/
  to /tmp/nerd-icons8gq6vx/nerd-icons-20250305.618
    nerd-icons-data.el -> nerd-icons-data.el
    nerd-icons-faces.el -> nerd-icons-faces.el
    nerd-icons.el -> nerd-icons.el
    data => data
Created nerd-icons-20250305.618.tar containing:
  nerd-icons-20250305.618/
  nerd-icons-20250305.618/data/
  nerd-icons-20250305.618/data/nerd-icons-data-codicon.el
  nerd-icons-20250305.618/data/nerd-icons-data-devicon.el
  nerd-icons-20250305.618/data/nerd-icons-data-faicon.el
  nerd-icons-20250305.618/data/nerd-icons-data-flicon.el
  nerd-icons-20250305.618/data/nerd-icons-data-ipsicon.el
  nerd-icons-20250305.618/data/nerd-icons-data-mdicon.el
  nerd-icons-20250305.618/data/nerd-icons-data-octicon.el
  nerd-icons-20250305.618/data/nerd-icons-data-pomicon.el
  nerd-icons-20250305.618/data/nerd-icons-data-powerline.el
  nerd-icons-20250305.618/data/nerd-icons-data-sucicon.el
  nerd-icons-20250305.618/data/nerd-icons-data-wicon.el
  nerd-icons-20250305.618/nerd-icons-data.el
  nerd-icons-20250305.618/nerd-icons-faces.el
  nerd-icons-20250305.618/nerd-icons-pkg.el
  nerd-icons-20250305.618/nerd-icons.el
 ✓ Success:
  2025-03-06T23:31:13+0000  nerd-icons-20250305.618.entry
  2025-03-06T23:31:13+0000  nerd-icons-20250305.618.tar
Built nerd-icons in 3.602s, finished at 2025-03-06T23:31:14+0000
