Package: nethack
Fetcher: github
Source:  https://github.com/Feyorsh/nethack-el

Updating /mnt/store/melpa/working/nethack/
Checking out 4d0df6185acb4e581268db4a0df350e46450ce18
Copying files (->) and directories (=>)
  from /mnt/store/melpa/working/nethack/
  to /tmp/nethack1mhJ5d/nethack-20251013.11
    nethack-api.el -> nethack-api.el
    nethack-cmd.el -> nethack-cmd.el
    nethack-compat.el -> nethack-compat.el
    nethack-gen-tiles.el -> nethack-gen-tiles.el
    nethack-keys.el -> nethack-keys.el
    nethack-lisprec.el -> nethack-lisprec.el
    nethack-options.el -> nethack-options.el
    nethack.el -> nethack.el
    enh-367.patch -> enh-367.patch
    enh-370.patch -> enh-370.patch
Created nethack-20251013.11.tar containing:
  nethack-20251013.11/
  nethack-20251013.11/enh-367.patch
  nethack-20251013.11/enh-370.patch
  nethack-20251013.11/nethack-api.el
  nethack-20251013.11/nethack-cmd.el
  nethack-20251013.11/nethack-compat.el
  nethack-20251013.11/nethack-gen-tiles.el
  nethack-20251013.11/nethack-keys.el
  nethack-20251013.11/nethack-lisprec.el
  nethack-20251013.11/nethack-options.el
  nethack-20251013.11/nethack-pkg.el
  nethack-20251013.11/nethack.el
 ✓ Success:
  2025-10-12T22:56:58+0000  nethack-20251012.204.entry
  2025-10-12T22:56:58+0000  nethack-20251012.204.tar
  2025-10-13T01:16:27+0000  nethack-20251013.11.entry
  2025-10-13T01:16:27+0000  nethack-20251013.11.tar
Built nethack in 3.617s, finished at 2025-10-13T01:16:28+0000
