Package: nix-mode
Fetcher: github
Source:  https://github.com/NixOS/nix-mode.git

Updating /mnt/store/melpa/working/nix-mode/
Checking out 719feb7868fb567ecfe5578f6119892c771ac5e5
Copying files (->) and directories (=>)
  from /mnt/store/melpa/working/nix-mode/
  to /tmp/nix-modeU1Rba9/nix-mode-20230421.2036
    nix-build.el -> nix-build.el
    nix-drv-mode.el -> nix-drv-mode.el
    nix-edit.el -> nix-edit.el
    nix-flake.el -> nix-flake.el
    nix-format.el -> nix-format.el
    nix-instantiate.el -> nix-instantiate.el
    nix-log.el -> nix-log.el
    nix-mode.el -> nix-mode.el
    nix-prettify-mode.el -> nix-prettify-mode.el
    nix-repl.el -> nix-repl.el
    nix-search.el -> nix-search.el
    nix-shebang.el -> nix-shebang.el
    nix-shell.el -> nix-shell.el
    nix-store.el -> nix-store.el
    nix.el -> nix.el
Created nix-mode-20230421.2036.tar containing:
  nix-mode-20230421.2036/
  nix-mode-20230421.2036/nix-build.el
  nix-mode-20230421.2036/nix-drv-mode.el
  nix-mode-20230421.2036/nix-edit.el
  nix-mode-20230421.2036/nix-flake.el
  nix-mode-20230421.2036/nix-format.el
  nix-mode-20230421.2036/nix-instantiate.el
  nix-mode-20230421.2036/nix-log.el
  nix-mode-20230421.2036/nix-mode-pkg.el
  nix-mode-20230421.2036/nix-mode.el
  nix-mode-20230421.2036/nix-prettify-mode.el
  nix-mode-20230421.2036/nix-repl.el
  nix-mode-20230421.2036/nix-search.el
  nix-mode-20230421.2036/nix-shebang.el
  nix-mode-20230421.2036/nix-shell.el
  nix-mode-20230421.2036/nix-store.el
  nix-mode-20230421.2036/nix.el
 ✓ Success:
  2024-03-13T23:45:23+0000  nix-mode-20230421.2036.entry
  2024-03-13T23:45:23+0000  nix-mode-20230421.2036.tar
Built nix-mode in 5.169s, finished at 2024-03-13T23:45:25+0000
