Package: nndiscourse
Fetcher: github
Source:  https://github.com/dickmao/nndiscourse.git

Updating /mnt/store/melpa/working/nndiscourse/
Checking out d54edbd7cf6b75c5101a961cab54efbafef7d80e
Copying files (->) and directories (=>)
  from /mnt/store/melpa/working/nndiscourse/
  to /tmp/nndiscourselX3oUO/nndiscourse-20230705.1229
    nndiscourse.el -> nndiscourse.el
    nndiscourse/Gemfile -> nndiscourse/Gemfile
    nndiscourse/Gemfile.lock -> nndiscourse/Gemfile.lock
    nndiscourse/nndiscourse.gemspec -> nndiscourse/nndiscourse.gemspec
    nndiscourse/nndiscourse.thor -> nndiscourse/nndiscourse.thor
    nndiscourse/lib => nndiscourse/lib
Created nndiscourse-20230705.1229.tar containing:
  nndiscourse-20230705.1229/
  nndiscourse-20230705.1229/nndiscourse-pkg.el
  nndiscourse-20230705.1229/nndiscourse.el
  nndiscourse-20230705.1229/nndiscourse/
  nndiscourse-20230705.1229/nndiscourse/Gemfile
  nndiscourse-20230705.1229/nndiscourse/Gemfile.lock
  nndiscourse-20230705.1229/nndiscourse/lib/
  nndiscourse-20230705.1229/nndiscourse/lib/nndiscourse.rb
  nndiscourse-20230705.1229/nndiscourse/lib/nndiscourse/
  nndiscourse-20230705.1229/nndiscourse/lib/nndiscourse/version.rb
  nndiscourse-20230705.1229/nndiscourse/nndiscourse.gemspec
  nndiscourse-20230705.1229/nndiscourse/nndiscourse.thor
 ✓ Success:
  2024-01-13T23:36:18+0000  nndiscourse-20230705.1229.entry
  2024-01-13T23:36:18+0000  nndiscourse-20230705.1229.tar
Built nndiscourse in 3.748s, finished at 2024-01-13T23:36:20+0000
