 • Building package nnreddit (from github:dickmao/nnreddit)...
Updating /mnt/store/melpa/working/nnreddit/
Checking out 4b194b5953e9d4e6d94ce929fc264cd2b9e200a4
Copying files (->) and directories (=>)
  from /mnt/store/melpa/working/nnreddit/
  to /tmp/nnredditEh65FH/nnreddit-20250831.1249
  ! lisp/nnreddit-pkg.el -> nnreddit-pkg.el
  ! lisp/nnreddit.el -> nnreddit.el
    setup.py -> setup.py
    requirements.txt -> requirements.txt
    nnreddit => nnreddit
Created nnreddit-20250831.1249.tar containing:
  nnreddit-20250831.1249/
  nnreddit-20250831.1249/nnreddit-pkg.el
  nnreddit-20250831.1249/nnreddit.el
  nnreddit-20250831.1249/nnreddit/
  nnreddit-20250831.1249/nnreddit/VERSION
  nnreddit-20250831.1249/nnreddit/__init__.py
  nnreddit-20250831.1249/nnreddit/__main__.py
  nnreddit-20250831.1249/nnreddit/authenticated_reddit.py
  nnreddit-20250831.1249/nnreddit/pylintrc
  nnreddit-20250831.1249/nnreddit/templates/
  nnreddit-20250831.1249/nnreddit/templates/index.html
  nnreddit-20250831.1249/nnreddit/templates/mailcap
  nnreddit-20250831.1249/nnreddit/templates/rtv.cfg
  nnreddit-20250831.1249/requirements.txt
  nnreddit-20250831.1249/setup.py
 ✓ Success:
  2025-12-21T23:59:31+0000  nnreddit-20250831.1249.entry
  2025-12-21T23:59:31+0000  nnreddit-20250831.1249.tar
Built nnreddit in 3.146s, finished at 2025-12-21T23:59:32+0000
