Package: noether
Fetcher: sourcehut
Source:  https://git.sr.ht/~lxsameer/noether

Updating /mnt/store/melpa/working/noether/
Checking out 0a32429a6cf4c0f3f8157a16f778a7996a85e189
Copying files (->) and directories (=>)
  from /mnt/store/melpa/working/noether/
  to /tmp/noetherDtP7iW/noether-20250309.1704
    noether-units.el -> noether-units.el
    noether-views.el -> noether-views.el
    noether.el -> noether.el
Created noether-20250309.1704.tar containing:
  noether-20250309.1704/
  noether-20250309.1704/noether-pkg.el
  noether-20250309.1704/noether-units.el
  noether-20250309.1704/noether-views.el
  noether-20250309.1704/noether.el
 ✓ Success:
  2025-03-16T22:47:38+0000  noether-20250309.1704.entry
  2025-03-16T22:47:38+0000  noether-20250309.1704.tar
Built noether in 3.642s, finished at 2025-03-16T22:47:39+0000
