Package: nofrils-acme-theme
Fetcher: gitlab
Source:  https://gitlab.com/esessoms/nofrils-theme

Updating /mnt/store/melpa/working/nofrils-acme-theme/
Checking out 98ad7bfaff1d85b33dc162645670285b067c6f92
Copying files (->) and directories (=>)
  from /mnt/store/melpa/working/nofrils-acme-theme/
  to /tmp/nofrils-acme-thememJ4yvP/nofrils-acme-theme-20180620.1248
    nofrils-acme-theme.el -> nofrils-acme-theme.el
    nofrils-dark-theme.el -> nofrils-dark-theme.el
    nofrils-light-theme.el -> nofrils-light-theme.el
    nofrils-sepia-theme.el -> nofrils-sepia-theme.el
Created nofrils-acme-theme-20180620.1248.tar containing:
  nofrils-acme-theme-20180620.1248/
  nofrils-acme-theme-20180620.1248/nofrils-acme-theme-pkg.el
  nofrils-acme-theme-20180620.1248/nofrils-acme-theme.el
  nofrils-acme-theme-20180620.1248/nofrils-dark-theme.el
  nofrils-acme-theme-20180620.1248/nofrils-light-theme.el
  nofrils-acme-theme-20180620.1248/nofrils-sepia-theme.el
 ✓ Success:
  2025-01-10T23:50:02+0000  nofrils-acme-theme-20180620.1248.entry
  2025-01-10T23:50:02+0000  nofrils-acme-theme-20180620.1248.tar
Built nofrils-acme-theme in 3.298s, finished at 2025-01-10T23:50:03+0000
