Package: notmuch-labeler
Fetcher: github
Source:  https://github.com/DamienCassou/notmuch-labeler.git

Updating /mnt/store/melpa/working/notmuch-labeler/
Checking out d65d1129555d368243df4770ecc1e7ccb88efc58
Copying files (->) and directories (=>)
  from /mnt/store/melpa/working/notmuch-labeler/
  to /tmp/notmuch-labelerah8Qst/notmuch-labeler-20131230.1719
    notmuch-labeler-folder.el -> notmuch-labeler-folder.el
    notmuch-labeler-plug.el -> notmuch-labeler-plug.el
    notmuch-labeler.el -> notmuch-labeler.el
Created notmuch-labeler-20131230.1719.tar containing:
  notmuch-labeler-20131230.1719/
  notmuch-labeler-20131230.1719/notmuch-labeler-folder.el
  notmuch-labeler-20131230.1719/notmuch-labeler-pkg.el
  notmuch-labeler-20131230.1719/notmuch-labeler-plug.el
  notmuch-labeler-20131230.1719/notmuch-labeler.el
 ✓ Success:
  2024-06-06T00:00:57+0000  notmuch-labeler-20131230.1719.entry
  2024-06-06T00:00:57+0000  notmuch-labeler-20131230.1719.tar
Built notmuch-labeler in 5.684s, finished at 2024-06-06T00:01:00+0000
