Package: nsis-mode
Fetcher: github
Source:  https://github.com/mattfidler/nsis-mode.git

Updating /mnt/store/melpa/working/nsis-mode/
Checking out b5ae66dbab9b2d933a234bdcd28e017d44a1276f
Copying files (->) and directories (=>)
  from /mnt/store/melpa/working/nsis-mode/
  to /tmp/nsis-modefxHjH5/nsis-mode-20230619.1220
    nsis-mode.el -> nsis-mode.el
    nsis-mode.texi -> nsis-mode.texi
Generating /tmp/nsis-modefxHjH5/nsis-mode-20230619.1220/nsis-mode.info
Created nsis-mode-20230619.1220.tar containing:
  nsis-mode-20230619.1220/
  nsis-mode-20230619.1220/dir
  nsis-mode-20230619.1220/nsis-mode-pkg.el
  nsis-mode-20230619.1220/nsis-mode.el
  nsis-mode-20230619.1220/nsis-mode.info
 ✓ Success:
  2023-12-25T10:45:55+0000  nsis-mode-20230619.1220.entry
  2023-12-25T10:45:55+0000  nsis-mode-20230619.1220.tar
Built nsis-mode in 5.591s, finished at 2023-12-25T10:45:57+0000
