Package: ob-ffuf
Fetcher: github
Source:  https://github.com/daniel-ts/ob-ffuf.git

Updating /mnt/store/melpa/working/ob-ffuf/
Checking out 5310a3e766a252ac34f8cb2307c4e48e982f5611
Copying files (->) and directories (=>)
  from /mnt/store/melpa/working/ob-ffuf/
  to /tmp/ob-ffufveGl3b/ob-ffuf-20221004.1715
    ob-ffuf-helpers.el -> ob-ffuf-helpers.el
    ob-ffuf-mode.el -> ob-ffuf-mode.el
    ob-ffuf.el -> ob-ffuf.el
Created ob-ffuf-20221004.1715.tar containing:
  ob-ffuf-20221004.1715/
  ob-ffuf-20221004.1715/ob-ffuf-helpers.el
  ob-ffuf-20221004.1715/ob-ffuf-mode.el
  ob-ffuf-20221004.1715/ob-ffuf-pkg.el
  ob-ffuf-20221004.1715/ob-ffuf.el
 ✓ Success:
  2023-12-27T15:19:00+0000  ob-ffuf-20221004.1715.entry
  2023-12-27T15:18:59+0000  ob-ffuf-20221004.1715.tar
Built ob-ffuf in 4.421s, finished at 2023-12-27T15:19:02+0000
