Package: ob-ml-marklogic
Fetcher: github
Source:  https://github.com/ndw/ob-ml-marklogic

Updating /mnt/store/melpa/working/ob-ml-marklogic/
Checking out d5660ad14f29e17cd26ae92eeb585b24030e9570
Copying files (->) and directories (=>)
  from /mnt/store/melpa/working/ob-ml-marklogic/
  to /tmp/ob-ml-marklogicYp2Dlj/ob-ml-marklogic-20190312.1314
    ob-ml-common.el -> ob-ml-common.el
    ob-ml-javascript.el -> ob-ml-javascript.el
    ob-ml-marklogic.el -> ob-ml-marklogic.el
    ob-ml-sparql.el -> ob-ml-sparql.el
    ob-ml-xquery.el -> ob-ml-xquery.el
Created ob-ml-marklogic-20190312.1314.tar containing:
  ob-ml-marklogic-20190312.1314/
  ob-ml-marklogic-20190312.1314/ob-ml-common.el
  ob-ml-marklogic-20190312.1314/ob-ml-javascript.el
  ob-ml-marklogic-20190312.1314/ob-ml-marklogic-pkg.el
  ob-ml-marklogic-20190312.1314/ob-ml-marklogic.el
  ob-ml-marklogic-20190312.1314/ob-ml-sparql.el
  ob-ml-marklogic-20190312.1314/ob-ml-xquery.el
 ✓ Success:
  2024-09-28T23:53:27+0000  ob-ml-marklogic-20190312.1314.entry
  2024-09-28T23:53:26+0000  ob-ml-marklogic-20190312.1314.tar
Built ob-ml-marklogic in 4.378s, finished at 2024-09-28T23:53:28+0000
