Package: ocaml-eglot
Fetcher: github
Source:  https://github.com/tarides/ocaml-eglot

Updating /mnt/store/melpa/working/ocaml-eglot/
Checking out 1578210d2a1281373c3c6eaf1612ee86dd3f7e33
Copying files (->) and directories (=>)
  from /mnt/store/melpa/working/ocaml-eglot/
  to /tmp/ocaml-eglotA6ujfa/ocaml-eglot-20250106.1605
    ocaml-eglot-req.el -> ocaml-eglot-req.el
    ocaml-eglot-util.el -> ocaml-eglot-util.el
    ocaml-eglot.el -> ocaml-eglot.el
Created ocaml-eglot-20250106.1605.tar containing:
  ocaml-eglot-20250106.1605/
  ocaml-eglot-20250106.1605/ocaml-eglot-pkg.el
  ocaml-eglot-20250106.1605/ocaml-eglot-req.el
  ocaml-eglot-20250106.1605/ocaml-eglot-util.el
  ocaml-eglot-20250106.1605/ocaml-eglot.el
 ✓ Success:
  2025-01-07T00:55:11+0000  ocaml-eglot-20250106.1605.entry
  2025-01-07T00:55:11+0000  ocaml-eglot-20250106.1605.tar
Built ocaml-eglot in 2.965s, finished at 2025-01-07T00:55:12+0000
