Package: oer-reveal
Fetcher: gitlab
Source:  https://gitlab.com/oer/oer-reveal.git

Updating /mnt/store/melpa/working/oer-reveal/
Checking out 5d8cfc7a1b39cb39339caa1654d6072e94228488
Copying files (->) and directories (=>)
  from /mnt/store/melpa/working/oer-reveal/
  to /tmp/oer-revealAlYMdO/oer-reveal-20240502.1334
    oer-reveal-publish.el -> oer-reveal-publish.el
    oer-reveal.el -> oer-reveal.el
    ox-oer-reveal.el -> ox-oer-reveal.el
    README.md -> README.md
    README.md.license -> README.md.license
    LICENSE -> LICENSE
    LICENSES => LICENSES
    org => org
    css => css
    title-slide => title-slide
    examples => examples
Created oer-reveal-20240502.1334.tar containing:
  oer-reveal-20240502.1334/
  oer-reveal-20240502.1334/LICENSE
  oer-reveal-20240502.1334/LICENSES/
  oer-reveal-20240502.1334/LICENSES/CC-BY-4.0.txt
  oer-reveal-20240502.1334/LICENSES/CC-BY-SA-4.0.txt
  oer-reveal-20240502.1334/LICENSES/CC0-1.0.txt
  oer-reveal-20240502.1334/LICENSES/GPL-3.0-or-later.txt
  oer-reveal-20240502.1334/LICENSES/LicenseRef-MIT-HEH-JL.txt
  oer-reveal-20240502.1334/LICENSES/LicenseRef-MIT-JL.txt
  oer-reveal-20240502.1334/README.md
  oer-reveal-20240502.1334/README.md.license
  oer-reveal-20240502.1334/css/
  oer-reveal-20240502.1334/css/chevron-left.svg
  oer-reveal-20240502.1334/css/chevron-left.svg.license
  oer-reveal-20240502.1334/css/chevron-right.svg
  oer-reveal-20240502.1334/css/chevron-right.svg.license
  oer-reveal-20240502.1334/css/comment.svg
  oer-reveal-20240502.1334/css/comment.svg.license
  oer-reveal-20240502.1334/css/dbis-longtitle.css
  oer-reveal-20240502.1334/css/dbis.css
  oer-reveal-20240502.1334/css/ercis-quote.css
  oer-reveal-20240502.1334/css/ercis.css
  oer-reveal-20240502.1334/css/ercis2019.css
  oer-reveal-20240502.1334/css/expand.svg
  oer-reveal-20240502.1334/css/expand.svg.license
  oer-reveal-20240502.1334/css/folder_inbox.png
  oer-reveal-20240502.1334/css/folder_inbox.png.base
  oer-reveal-20240502.1334/css/folder_inbox.png.base.license
  oer-reveal-20240502.1334/css/folder_inbox.png.license
  oer-reveal-20240502.1334/css/hidelinks.js
  oer-reveal-20240502.1334/css/index.css
  oer-reveal-20240502.1334/css/keyboard.svg
  oer-reveal-20240502.1334/css/keyboard.svg.license
  oer-reveal-20240502.1334/css/oer-reveal.css
  oer-reveal-20240502.1334/css/outgoing-link.png
  oer-reveal-20240502.1334/css/outgoing-link.png.base
  oer-reveal-20240502.1334/css/outgoing-link.png.base.license
  oer-reveal-20240502.1334/css/outgoing-link.png.license
  oer-reveal-20240502.1334/css/search.svg
  oer-reveal-20240502.1334/css/search.svg.license
  oer-reveal-20240502.1334/css/toc-style.css
  oer-reveal-20240502.1334/css/wwu-ercis.css
  oer-reveal-20240502.1334/examples/
  oer-reveal-20240502.1334/examples/publish.el
  oer-reveal-20240502.1334/examples/quizzes/
  oer-reveal-20240502.1334/examples/quizzes/usage-hints.js
  oer-reveal-20240502.1334/examples/test-audio-jump.org
  oer-reveal-20240502.1334/examples/test-default.org
  oer-reveal-20240502.1334/examples/test-license.org
  oer-reveal-20240502.1334/examples/test-local.org
  oer-reveal-20240502.1334/examples/test-plain.org
  oer-reveal-20240502.1334/examples/title-slide.html
  oer-reveal-20240502.1334/oer-reveal-pkg.el
  oer-reveal-20240502.1334/oer-reveal-publish.el
  oer-reveal-20240502.1334/oer-reveal.el
  oer-reveal-20240502.1334/org/
  oer-reveal-20240502.1334/org/backmatter-de.org
  oer-reveal-20240502.1334/org/backmatter-ercis.org
  oer-reveal-20240502.1334/org/backmatter.org
  oer-reveal-20240502.1334/org/bibliography-de.org
  oer-reveal-20240502.1334/org/bibliography.org
  oer-reveal-20240502.1334/org/config-de.org
  oer-reveal-20240502.1334/org/config-ercis2019-de.org
  oer-reveal-20240502.1334/org/config-ercis2019.org
  oer-reveal-20240502.1334/org/config-title-notes.org
  oer-reveal-20240502.1334/org/config-usage-notes-de.org
  oer-reveal-20240502.1334/org/config-usage-notes.org
  oer-reveal-20240502.1334/org/config.org
  oer-reveal-20240502.1334/org/finalslide-ercis.org
  oer-reveal-20240502.1334/org/learning-objectives-notes.org
  oer-reveal-20240502.1334/org/license-disclaimer-cc-by-sa-4.0-de.org
  oer-reveal-20240502.1334/org/license-disclaimer-cc-by-sa-4.0.org
  oer-reveal-20240502.1334/org/license-template-de.org
  oer-reveal-20240502.1334/org/license-template.org
  oer-reveal-20240502.1334/org/reveal.js-hints-de.org
  oer-reveal-20240502.1334/org/reveal.js-hints.org
  oer-reveal-20240502.1334/org/source-code-licenses-de.org
  oer-reveal-20240502.1334/org/source-code-licenses.org
  oer-reveal-20240502.1334/ox-oer-reveal.el
  oer-reveal-20240502.1334/title-slide/
  oer-reveal-20240502.1334/title-slide/course-mlde-qr.html
  oer-reveal-20240502.1334/title-slide/course-mlde.html
  oer-reveal-20240502.1334/title-slide/csos.html
  oer-reveal-20240502.1334/title-slide/dbis-course.html
  oer-reveal-20240502.1334/title-slide/dbis-talk-de.html
  oer-reveal-20240502.1334/title-slide/dbis-talk-glr-de.html
  oer-reveal-20240502.1334/title-slide/dbis-talk-pdf.html
  oer-reveal-20240502.1334/title-slide/dbis-talk-qr-de.html
  oer-reveal-20240502.1334/title-slide/dbis-talk-qr.html
  oer-reveal-20240502.1334/title-slide/dbis-talk.html
  oer-reveal-20240502.1334/title-slide/ds.html
  oer-reveal-20240502.1334/title-slide/ercis-talk-online-qr.html
  oer-reveal-20240502.1334/title-slide/ercis-talk-online.html
  oer-reveal-20240502.1334/title-slide/ercis-talk.html
  oer-reveal-20240502.1334/title-slide/ercis-talk2019.html
  oer-reveal-20240502.1334/title-slide/ercis2019-talk-online-qr.html
  oer-reveal-20240502.1334/title-slide/ercis2019-vortrag.html
  oer-reveal-20240502.1334/title-slide/ercis2023-talk-online-qr.html
  oer-reveal-20240502.1334/title-slide/kurs-mlde.html
  oer-reveal-20240502.1334/title-slide/kurs.html
 ✓ Success:
  2024-05-04T00:01:58+0000  oer-reveal-20240502.1334.entry
  2024-05-04T00:01:58+0000  oer-reveal-20240502.1334.tar
Built oer-reveal in 5.439s, finished at 2024-05-04T00:02:00+0000
