Package: olc
Fetcher: git
Source:  https://gitlab.liu.se/davby02/olc.git

Updating /mnt/store/melpa/working/olc/
Checking out d2dc62dbc3cf6460cc12bd96857a988bc80ac37e
Copying files (->) and directories (=>)
  from /mnt/store/melpa/working/olc/
  to /tmp/olcKWWw9m/olc-20200818.1221
    olc.el -> olc.el
    olc.info -> olc.info
    olc.texi -> olc.texi
Created olc-20200818.1221.tar containing:
  olc-20200818.1221/
  olc-20200818.1221/dir
  olc-20200818.1221/olc-pkg.el
  olc-20200818.1221/olc.el
  olc-20200818.1221/olc.info
 ✓ Success:
  2023-12-27T23:26:50+0000  olc-20200818.1221.entry
  2023-12-27T23:26:50+0000  olc-20200818.1221.tar
Built olc in 6.811s, finished at 2023-12-27T23:26:52+0000
