Package: omnisharp
Fetcher: github
Source:  https://github.com/OmniSharp/omnisharp-emacs

Updating /mnt/store/melpa/working/omnisharp/
Checking out c222e970998d796bdfd49e45ed789e2fd1a9da03
Copying files (->) and directories (=>)
  from /mnt/store/melpa/working/omnisharp/
  to /tmp/omnisharpE3EPnO/omnisharp-20210725.1955
    omnisharp-auto-complete-actions.el -> omnisharp-auto-complete-actions.el
    omnisharp-code-structure.el -> omnisharp-code-structure.el
    omnisharp-current-symbol-actions.el -> omnisharp-current-symbol-actions.el
    omnisharp-format-actions.el -> omnisharp-format-actions.el
    omnisharp-helm-integration.el -> omnisharp-helm-integration.el
    omnisharp-http-utils.el -> omnisharp-http-utils.el
    omnisharp-navigation-actions.el -> omnisharp-navigation-actions.el
    omnisharp-server-actions.el -> omnisharp-server-actions.el
    omnisharp-server-installation.el -> omnisharp-server-installation.el
    omnisharp-server-management.el -> omnisharp-server-management.el
    omnisharp-settings.el -> omnisharp-settings.el
    omnisharp-solution-actions.el -> omnisharp-solution-actions.el
    omnisharp-unit-test-actions.el -> omnisharp-unit-test-actions.el
    omnisharp-utils.el -> omnisharp-utils.el
    omnisharp.el -> omnisharp.el
Created omnisharp-20210725.1955.tar containing:
  omnisharp-20210725.1955/
  omnisharp-20210725.1955/omnisharp-auto-complete-actions.el
  omnisharp-20210725.1955/omnisharp-code-structure.el
  omnisharp-20210725.1955/omnisharp-current-symbol-actions.el
  omnisharp-20210725.1955/omnisharp-format-actions.el
  omnisharp-20210725.1955/omnisharp-helm-integration.el
  omnisharp-20210725.1955/omnisharp-http-utils.el
  omnisharp-20210725.1955/omnisharp-navigation-actions.el
  omnisharp-20210725.1955/omnisharp-pkg.el
  omnisharp-20210725.1955/omnisharp-server-actions.el
  omnisharp-20210725.1955/omnisharp-server-installation.el
  omnisharp-20210725.1955/omnisharp-server-management.el
  omnisharp-20210725.1955/omnisharp-settings.el
  omnisharp-20210725.1955/omnisharp-solution-actions.el
  omnisharp-20210725.1955/omnisharp-unit-test-actions.el
  omnisharp-20210725.1955/omnisharp-utils.el
  omnisharp-20210725.1955/omnisharp.el
 ✓ Success:
  2025-02-20T22:41:51+0000  omnisharp-20210725.1955.entry
  2025-02-20T22:41:51+0000  omnisharp-20210725.1955.tar
Built omnisharp in 3.137s, finished at 2025-02-20T22:41:52+0000
