 • Building package omni-quotes (from github:AdrieanKhisbe/omni-quotes.el)...
Updating /mnt/store/melpa/working/omni-quotes/
Checking out cfc7b7f01628a5d57384820d1096de4541e67cdf
Copying files (->) and directories (=>)
  from /mnt/store/melpa/working/omni-quotes/
  to /tmp/omni-quotesSJ27eN/omni-quotes-20200304.2341
    omni-quotes-reader.el -> omni-quotes-reader.el
    omni-quotes-ring.el -> omni-quotes-ring.el
    omni-quotes-timer.el -> omni-quotes-timer.el
    omni-quotes.el -> omni-quotes.el
Created omni-quotes-20200304.2341.tar containing:
  omni-quotes-20200304.2341/
  omni-quotes-20200304.2341/omni-quotes-pkg.el
  omni-quotes-20200304.2341/omni-quotes-reader.el
  omni-quotes-20200304.2341/omni-quotes-ring.el
  omni-quotes-20200304.2341/omni-quotes-timer.el
  omni-quotes-20200304.2341/omni-quotes.el
 ✓ Success:
  2025-12-22T00:01:50+0000  omni-quotes-20200304.2341.entry
  2025-12-22T00:01:50+0000  omni-quotes-20200304.2341.tar
Built omni-quotes in 3.944s, finished at 2025-12-22T00:01:51+0000
