Package: opener
Fetcher: github
Source:  https://github.com/0robustus1/opener.el.git

Updating /mnt/store/melpa/working/opener/
Checking out c384f67278046fdcd220275fdd212ab85672cbeb
Copying files (->) and directories (=>)
  from /mnt/store/melpa/working/opener/
  to /tmp/openerkx9LJN/opener-20161207.1810
    opener.el -> opener.el
    opener.texi -> opener.texi
Generating /tmp/openerkx9LJN/opener-20161207.1810/opener.info
Created opener-20161207.1810.tar containing:
  opener-20161207.1810/
  opener-20161207.1810/dir
  opener-20161207.1810/opener-pkg.el
  opener-20161207.1810/opener.el
  opener-20161207.1810/opener.info
 ✓ Success:
  2024-05-04T00:02:28+0000  opener-20161207.1810.entry
  2024-05-04T00:02:28+0000  opener-20161207.1810.tar
Built opener in 8.722s, finished at 2024-05-04T00:02:30+0000
