Package: orderless
Fetcher: github
Source:  https://github.com/oantolin/orderless.git

Updating /mnt/store/melpa/working/orderless/
Checking out b24748093b00b37c3a572c4909f61c08fa27504f
Copying files (->) and directories (=>)
  from /mnt/store/melpa/working/orderless/
  to /tmp/orderlessavSRBX/orderless-20231110.1448
    orderless.el -> orderless.el
    orderless.texi -> orderless.texi
Generating /tmp/orderlessavSRBX/orderless-20231110.1448/orderless.info
Created orderless-20231110.1448.tar containing:
  orderless-20231110.1448/
  orderless-20231110.1448/dir
  orderless-20231110.1448/orderless-pkg.el
  orderless-20231110.1448/orderless.el
  orderless-20231110.1448/orderless.info
 ✓ Success:
  2024-02-05T07:37:45+0000  orderless-20231110.1448.entry
  2024-02-05T07:37:44+0000  orderless-20231110.1448.tar
Built orderless in 8.475s, finished at 2024-02-05T07:37:46+0000
