Package: org-outlook
Fetcher: github
Source:  https://github.com/mattfidler/org-outlook.el

Updating /mnt/store/melpa/working/org-outlook/
Checking out ec32d8d9d8ffd17e6de4de0b52fc3f5ad9b4cc0d
Copying files (->) and directories (=>)
  from /mnt/store/melpa/working/org-outlook/
  to /tmp/org-outlookwA31GL/org-outlook-20160705.1338
    org-outlook.el -> org-outlook.el
    dir -> dir
    org-outlook.info -> org-outlook.info
Created org-outlook-20160705.1338.tar containing:
  org-outlook-20160705.1338/
  org-outlook-20160705.1338/dir
  org-outlook-20160705.1338/org-outlook-pkg.el
  org-outlook-20160705.1338/org-outlook.el
  org-outlook-20160705.1338/org-outlook.info
 ✓ Success:
  2025-03-13T23:12:15+0000  org-outlook-20160705.1338.entry
  2025-03-13T23:12:15+0000  org-outlook-20160705.1338.tar
Built org-outlook in 3.483s, finished at 2025-03-13T23:12:16+0000
