Package: org-iv
Fetcher: github
Source:  https://github.com/kuangdash/org-iv.git

Updating /mnt/store/melpa/working/org-iv/
Checking out 7f2bb1b32647655fd9d6684f6f09dcc66b61b0cd
Warning: org-iv :files spec is equivalent to the default
Copying files (->) and directories (=>)
  from /mnt/store/melpa/working/org-iv/
  to /tmp/org-ivo6TbF2/org-iv-20171001.1022
    org-iv-config.el -> org-iv-config.el
    org-iv-pkg.el -> org-iv-pkg.el
    org-iv.el -> org-iv.el
Created org-iv-20171001.1022.tar containing:
  org-iv-20171001.1022/
  org-iv-20171001.1022/org-iv-config.el
  org-iv-20171001.1022/org-iv-pkg.el
  org-iv-20171001.1022/org-iv.el
 ✓ Success:
  2024-08-19T23:30:06+0000  org-iv-20171001.1022.entry
  2024-08-19T23:30:06+0000  org-iv-20171001.1022.tar
Built org-iv in 3.186s, finished at 2024-08-19T23:30:07+0000
