Package: org-zettelkasten
Fetcher: sourcehut
Source:  https://git.sr.ht/~ymherklotz/org-zettelkasten

Updating /mnt/store/melpa/working/org-zettelkasten/
Checking out b6ee54071f9653fb95a33491e2c0152efc3c61c8
Copying files (->) and directories (=>)
  from /mnt/store/melpa/working/org-zettelkasten/
  to /tmp/org-zettelkasten6BXfaT/org-zettelkasten-20240716.2114
    org-zettelkasten-consult.el -> org-zettelkasten-consult.el
    org-zettelkasten-counsel.el -> org-zettelkasten-counsel.el
    org-zettelkasten.el -> org-zettelkasten.el
Created org-zettelkasten-20240716.2114.tar containing:
  org-zettelkasten-20240716.2114/
  org-zettelkasten-20240716.2114/org-zettelkasten-consult.el
  org-zettelkasten-20240716.2114/org-zettelkasten-counsel.el
  org-zettelkasten-20240716.2114/org-zettelkasten-pkg.el
  org-zettelkasten-20240716.2114/org-zettelkasten.el
 ✓ Success:
  2024-07-25T00:13:24+0000  org-zettelkasten-20240716.2114.entry
  2024-07-25T00:13:24+0000  org-zettelkasten-20240716.2114.tar
Built org-zettelkasten in 5.525s, finished at 2024-07-25T00:13:26+0000
