Package: org-clock-reminder
Fetcher: github
Source:  https://github.com/inickey/org-clock-reminder.git

Updating /mnt/store/melpa/working/org-clock-reminder/
Checking out d3bf97113fd519aa08198e2283ba9c236a6df168
Copying files (->) and directories (=>)
  from /mnt/store/melpa/working/org-clock-reminder/
  to /tmp/org-clock-reminderVqFkG1/org-clock-reminder-20230222.1956
    org-clock-reminder.el -> org-clock-reminder.el
  ! icons/clocking.png -> clocking.png
  ! icons/inactivity.png -> inactivity.png
Created org-clock-reminder-20230222.1956.tar containing:
  org-clock-reminder-20230222.1956/
  org-clock-reminder-20230222.1956/clocking.png
  org-clock-reminder-20230222.1956/inactivity.png
  org-clock-reminder-20230222.1956/org-clock-reminder-pkg.el
  org-clock-reminder-20230222.1956/org-clock-reminder.el
 ✓ Success:
  2024-05-10T06:00:58+0000  org-clock-reminder-20230222.1956.entry
  2024-05-10T06:00:57+0000  org-clock-reminder-20230222.1956.tar
Built org-clock-reminder in 6.248s, finished at 2024-05-10T06:01:00+0000
