 • Building package org-sync (from github:arbox/org-sync)...
Updating /mnt/store/melpa/working/org-sync/
Checking out e34a385fa9e658c8341a0a6e6bc3472d4d536bb8
Copying files (->) and directories (=>)
  from /mnt/store/melpa/working/org-sync/
  to /tmp/org-syncuiFbbB/org-sync-20181204.23
    org-sync-bb.el -> org-sync-bb.el
    org-sync-github.el -> org-sync-github.el
    org-sync-gitlab.el -> org-sync-gitlab.el
    org-sync-redmine.el -> org-sync-redmine.el
    org-sync-rtm.el -> org-sync-rtm.el
    org-sync.el -> org-sync.el
Created org-sync-20181204.23.tar containing:
  org-sync-20181204.23/
  org-sync-20181204.23/org-sync-bb.el
  org-sync-20181204.23/org-sync-github.el
  org-sync-20181204.23/org-sync-gitlab.el
  org-sync-20181204.23/org-sync-pkg.el
  org-sync-20181204.23/org-sync-redmine.el
  org-sync-20181204.23/org-sync-rtm.el
  org-sync-20181204.23/org-sync.el
 ✓ Success:
  2025-12-15T00:28:45+0000  org-sync-20181204.23.entry
  2025-12-15T00:28:45+0000  org-sync-20181204.23.tar
Built org-sync in 3.282s, finished at 2025-12-15T00:28:46+0000
