Package: org-newtab
Fetcher: github
Source:  https://github.com/Zweihander-Main/org-newtab.git

Updating /mnt/store/melpa/working/org-newtab/
Checking out 144cefe43f58440bd8acfebbbb959e25325e7a59
Copying files (->) and directories (=>)
  from /mnt/store/melpa/working/org-newtab/
  to /tmp/org-newtabsbGE55/org-newtab-20240225.420
  ! lisp/org-newtab-agenda.el -> org-newtab-agenda.el
  ! lisp/org-newtab-item.el -> org-newtab-item.el
  ! lisp/org-newtab-mode.el -> org-newtab-mode.el
  ! lisp/org-newtab-server.el -> org-newtab-server.el
  ! lisp/org-newtab-store.el -> org-newtab-store.el
  ! lisp/org-newtab.el -> org-newtab.el
Created org-newtab-20240225.420.tar containing:
  org-newtab-20240225.420/
  org-newtab-20240225.420/org-newtab-agenda.el
  org-newtab-20240225.420/org-newtab-item.el
  org-newtab-20240225.420/org-newtab-mode.el
  org-newtab-20240225.420/org-newtab-pkg.el
  org-newtab-20240225.420/org-newtab-server.el
  org-newtab-20240225.420/org-newtab-store.el
  org-newtab-20240225.420/org-newtab.el
 ✓ Success:
  2024-02-25T23:32:03+0000  org-newtab-20240225.420.entry
  2024-02-25T23:32:03+0000  org-newtab-20240225.420.tar
Built org-newtab in 4.099s, finished at 2024-02-25T23:32:04+0000
