 • Building package org-if (from gitlab:elzair/org-if)...
Updating /mnt/store/melpa/working/org-if/
Checking out fab602cc1bbee7a4e99c0083e129219d3f9ed2e8
Copying files (->) and directories (=>)
  from /mnt/store/melpa/working/org-if/
  to /tmp/org-ifilFEut/org-if-20150920.1513
    ob-org-if.el -> ob-org-if.el
    org-if-active.el -> org-if-active.el
    org-if-interpreter.el -> org-if-interpreter.el
    org-if-link.el -> org-if-link.el
    org-if-misc.el -> org-if-misc.el
    org-if-mode.el -> org-if-mode.el
    org-if-pkg.el -> org-if-pkg.el
    org-if-reader.el -> org-if-reader.el
    org-if.el -> org-if.el
Created org-if-20150920.1513.tar containing:
  org-if-20150920.1513/
  org-if-20150920.1513/ob-org-if.el
  org-if-20150920.1513/org-if-active.el
  org-if-20150920.1513/org-if-interpreter.el
  org-if-20150920.1513/org-if-link.el
  org-if-20150920.1513/org-if-misc.el
  org-if-20150920.1513/org-if-mode.el
  org-if-20150920.1513/org-if-pkg.el
  org-if-20150920.1513/org-if-reader.el
  org-if-20150920.1513/org-if.el
 ✓ Success:
  2025-12-08T00:28:41+0000  org-if-20150920.1513.entry
  2025-12-08T00:28:41+0000  org-if-20150920.1513.tar
Built org-if in 4.195s, finished at 2025-12-08T00:28:42+0000
