Package: org-jira
Fetcher: github
Source:  https://github.com/ahungry/org-jira

Updating /mnt/store/melpa/working/org-jira/
Checking out 5d8b291d66fca2bf8bbdaab673400570d1bbc295
Copying files (->) and directories (=>)
  from /mnt/store/melpa/working/org-jira/
  to /tmp/org-jiraDW3ENa/org-jira-20250110.2220
    jiralib.el -> jiralib.el
    org-jira.el -> org-jira.el
    org-jira-sdk.el -> org-jira-sdk.el
Created org-jira-20250110.2220.tar containing:
  org-jira-20250110.2220/
  org-jira-20250110.2220/jiralib.el
  org-jira-20250110.2220/org-jira-pkg.el
  org-jira-20250110.2220/org-jira-sdk.el
  org-jira-20250110.2220/org-jira.el
 ✓ Success:
  2025-03-10T23:52:09+0000  org-jira-20250110.2220.entry
  2025-03-10T23:52:08+0000  org-jira-20250110.2220.tar
Built org-jira in 3.529s, finished at 2025-03-10T23:52:10+0000
