Package: org-re-reveal-ref
Fetcher: gitlab
Source:  https://gitlab.com/oer/org-re-reveal-ref.git

Updating /mnt/store/melpa/working/org-re-reveal-ref/
Checking out ea9661864d5fbef87b12b78f516c13a40c683f24
Copying files (->) and directories (=>)
  from /mnt/store/melpa/working/org-re-reveal-ref/
  to /tmp/org-re-reveal-refm0c6R5/org-re-reveal-ref-20211029.551
    org-re-reveal-ref.el -> org-re-reveal-ref.el
    LICENSES => LICENSES
    README.org -> README.org
    references.bib -> references.bib
Created org-re-reveal-ref-20211029.551.tar containing:
  org-re-reveal-ref-20211029.551/
  org-re-reveal-ref-20211029.551/LICENSES/
  org-re-reveal-ref-20211029.551/LICENSES/GPL-3.0-or-later.txt
  org-re-reveal-ref-20211029.551/README.org
  org-re-reveal-ref-20211029.551/org-re-reveal-ref-pkg.el
  org-re-reveal-ref-20211029.551/org-re-reveal-ref.el
  org-re-reveal-ref-20211029.551/references.bib
 ✓ Success:
  2023-12-25T10:49:39+0000  org-re-reveal-ref-20211029.551.entry
  2023-12-25T10:49:39+0000  org-re-reveal-ref-20211029.551.tar
Built org-re-reveal-ref in 4.242s, finished at 2023-12-25T10:49:40+0000
