Package: org-gcal
Fetcher: github
Source:  https://github.com/kidd/org-gcal.el

Updating /mnt/store/melpa/working/org-gcal/
Checking out c7ad854ee44e88a55db74269d53819c931d55b8e
Copying files (->) and directories (=>)
  from /mnt/store/melpa/working/org-gcal/
  to /tmp/org-gcalz9uRo2/org-gcal-20250624.1628
    org-gcal-pkg.el -> org-gcal-pkg.el
    org-gcal.el -> org-gcal.el
    org-generic-id.el -> org-generic-id.el
Created org-gcal-20250624.1628.tar containing:
  org-gcal-20250624.1628/
  org-gcal-20250624.1628/org-gcal-pkg.el
  org-gcal-20250624.1628/org-gcal.el
  org-gcal-20250624.1628/org-generic-id.el
 ✓ Success:
  2025-07-28T01:01:33+0000  org-gcal-20250624.1628.entry
  2025-07-28T01:01:33+0000  org-gcal-20250624.1628.tar
Built org-gcal in 3.212s, finished at 2025-07-28T01:01:34+0000
