Package: org-link-beautify
Fetcher: git
Source:  https://repo.or.cz/org-link-beautify.git

Updating /mnt/store/melpa/working/org-link-beautify/
Checking out ef09237e2ad8e69c85a854654e5a08d7cd4a0c85
Copying files (->) and directories (=>)
  from /mnt/store/melpa/working/org-link-beautify/
  to /tmp/org-link-beautifyELXqOj/org-link-beautify-20240603.1054
    org-link-beautify.el -> org-link-beautify.el
    scripts => scripts
Created org-link-beautify-20240603.1054.tar containing:
  org-link-beautify-20240603.1054/
  org-link-beautify-20240603.1054/org-link-beautify-pkg.el
  org-link-beautify-20240603.1054/org-link-beautify.el
  org-link-beautify-20240603.1054/scripts/
  org-link-beautify-20240603.1054/scripts/epub-thumbnailer.py
 ✓ Success:
  2024-06-05T00:19:37+0000  org-link-beautify-20240603.1054.entry
  2024-06-05T00:19:37+0000  org-link-beautify-20240603.1054.tar
Built org-link-beautify in 5.583s, finished at 2024-06-05T00:19:39+0000
