Package: org-ql
Fetcher: github
Source:  https://github.com/alphapapa/org-ql.git

Updating /mnt/store/melpa/working/org-ql/
Checking out 5b0026260aa9c419c1b893b9d369ab5a8ccc409c
Copying files (->) and directories (=>)
  from /mnt/store/melpa/working/org-ql/
  to /tmp/org-qlZKpiCj/org-ql-20240109.828
    org-ql-completing-read.el -> org-ql-completing-read.el
    org-ql-find.el -> org-ql-find.el
    org-ql-search.el -> org-ql-search.el
    org-ql-view.el -> org-ql-view.el
    org-ql.el -> org-ql.el
    org-ql.info -> org-ql.info
Created org-ql-20240109.828.tar containing:
  org-ql-20240109.828/
  org-ql-20240109.828/dir
  org-ql-20240109.828/org-ql-completing-read.el
  org-ql-20240109.828/org-ql-find.el
  org-ql-20240109.828/org-ql-pkg.el
  org-ql-20240109.828/org-ql-search.el
  org-ql-20240109.828/org-ql-view.el
  org-ql-20240109.828/org-ql.el
  org-ql-20240109.828/org-ql.info
 ✓ Success:
  2024-01-10T06:46:21+0000  org-ql-20240109.828.entry
  2024-01-10T06:46:21+0000  org-ql-20240109.828.tar
Built org-ql in 1.242s, finished at 2024-01-10T06:46:21+0000
