 • Building package org-ref (from github:jkitchin/org-ref)...
Updating /mnt/store/melpa/working/org-ref/
Checking out dc2481d430906fe2552f9318f4405242e6d37396
Copying files (->) and directories (=>)
  from /mnt/store/melpa/working/org-ref/
  to /tmp/org-refQC7S6O/org-ref-20251206.1422
    contrib.el -> contrib.el
    doi-utils.el -> doi-utils.el
    nist-webbook.el -> nist-webbook.el
    openalex.el -> openalex.el
    org-ref-arxiv.el -> org-ref-arxiv.el
    org-ref-bibliography-links.el -> org-ref-bibliography-links.el
    org-ref-bibtex.el -> org-ref-bibtex.el
    org-ref-citation-links.el -> org-ref-citation-links.el
    org-ref-compat.el -> org-ref-compat.el
    org-ref-core.el -> org-ref-core.el
    org-ref-export.el -> org-ref-export.el
    org-ref-extract.el -> org-ref-extract.el
    org-ref-glossary.el -> org-ref-glossary.el
    org-ref-helm.el -> org-ref-helm.el
    org-ref-isbn.el -> org-ref-isbn.el
    org-ref-ivy.el -> org-ref-ivy.el
    org-ref-label-link.el -> org-ref-label-link.el
    org-ref-latex.el -> org-ref-latex.el
    org-ref-misc-links.el -> org-ref-misc-links.el
    org-ref-natbib-bbl-citeproc.el -> org-ref-natbib-bbl-citeproc.el
    org-ref-pdf.el -> org-ref-pdf.el
    org-ref-pgk.el -> org-ref-pgk.el
    org-ref-publish.el -> org-ref-publish.el
    org-ref-pubmed.el -> org-ref-pubmed.el
    org-ref-ref-links.el -> org-ref-ref-links.el
    org-ref-refproc.el -> org-ref-refproc.el
    org-ref-sci-id.el -> org-ref-sci-id.el
    org-ref-scifinder.el -> org-ref-scifinder.el
    org-ref-scopus.el -> org-ref-scopus.el
    org-ref-url-utils.el -> org-ref-url-utils.el
    org-ref-utils.el -> org-ref-utils.el
    org-ref-worldcat.el -> org-ref-worldcat.el
    org-ref-wos.el -> org-ref-wos.el
    org-ref.el -> org-ref.el
    x2bib.el -> x2bib.el
    org-ref.org -> org-ref.org
    org-ref.bib -> org-ref.bib
    citeproc => citeproc
Created org-ref-20251206.1422.tar containing:
  org-ref-20251206.1422/
  org-ref-20251206.1422/citeproc/
  org-ref-20251206.1422/citeproc/csl-locales/
  org-ref-20251206.1422/citeproc/csl-locales/locales-en-US.xml
  org-ref-20251206.1422/citeproc/csl-styles/
  org-ref-20251206.1422/citeproc/csl-styles/apa-5th-edition.csl
  org-ref-20251206.1422/citeproc/csl-styles/apa-numeric-superscript-brackets.csl
  org-ref-20251206.1422/citeproc/csl-styles/chicago-author-date-16th-edition.csl
  org-ref-20251206.1422/citeproc/csl-styles/chicago-fullnote-bibliography-16th-edition.csl
  org-ref-20251206.1422/citeproc/csl-styles/elsevier-harvard.csl
  org-ref-20251206.1422/citeproc/csl-styles/elsevier-with-titles.csl
  org-ref-20251206.1422/contrib.el
  org-ref-20251206.1422/doi-utils.el
  org-ref-20251206.1422/nist-webbook.el
  org-ref-20251206.1422/openalex.el
  org-ref-20251206.1422/org-ref-arxiv.el
  org-ref-20251206.1422/org-ref-bibliography-links.el
  org-ref-20251206.1422/org-ref-bibtex.el
  org-ref-20251206.1422/org-ref-citation-links.el
  org-ref-20251206.1422/org-ref-compat.el
  org-ref-20251206.1422/org-ref-core.el
  org-ref-20251206.1422/org-ref-export.el
  org-ref-20251206.1422/org-ref-extract.el
  org-ref-20251206.1422/org-ref-glossary.el
  org-ref-20251206.1422/org-ref-helm.el
  org-ref-20251206.1422/org-ref-isbn.el
  org-ref-20251206.1422/org-ref-ivy.el
  org-ref-20251206.1422/org-ref-label-link.el
  org-ref-20251206.1422/org-ref-latex.el
  org-ref-20251206.1422/org-ref-misc-links.el
  org-ref-20251206.1422/org-ref-natbib-bbl-citeproc.el
  org-ref-20251206.1422/org-ref-pdf.el
  org-ref-20251206.1422/org-ref-pgk.el
  org-ref-20251206.1422/org-ref-pkg.el
  org-ref-20251206.1422/org-ref-publish.el
  org-ref-20251206.1422/org-ref-pubmed.el
  org-ref-20251206.1422/org-ref-ref-links.el
  org-ref-20251206.1422/org-ref-refproc.el
  org-ref-20251206.1422/org-ref-sci-id.el
  org-ref-20251206.1422/org-ref-scifinder.el
  org-ref-20251206.1422/org-ref-scopus.el
  org-ref-20251206.1422/org-ref-url-utils.el
  org-ref-20251206.1422/org-ref-utils.el
  org-ref-20251206.1422/org-ref-worldcat.el
  org-ref-20251206.1422/org-ref-wos.el
  org-ref-20251206.1422/org-ref.bib
  org-ref-20251206.1422/org-ref.el
  org-ref-20251206.1422/org-ref.org
  org-ref-20251206.1422/x2bib.el
 ✓ Success:
  2025-12-08T00:29:35+0000  org-ref-20251206.1422.entry
  2025-12-08T00:29:35+0000  org-ref-20251206.1422.tar
Built org-ref in 3.781s, finished at 2025-12-08T00:29:35+0000
