Package: org-evil
Fetcher: github
Source:  https://github.com/GuiltyDolphin/org-evil

Updating /mnt/store/melpa/working/org-evil/
Checking out 981b0931d043d3b0eb61fcab6258b5a88cc74d15
Copying files (->) and directories (=>)
  from /mnt/store/melpa/working/org-evil/
  to /tmp/org-evillZh9sL/org-evil-20210809.1724
    org-evil-commands.el -> org-evil-commands.el
    org-evil-core.el -> org-evil-core.el
    org-evil-list.el -> org-evil-list.el
    org-evil-motion.el -> org-evil-motion.el
    org-evil-table.el -> org-evil-table.el
    org-evil.el -> org-evil.el
Created org-evil-20210809.1724.tar containing:
  org-evil-20210809.1724/
  org-evil-20210809.1724/org-evil-commands.el
  org-evil-20210809.1724/org-evil-core.el
  org-evil-20210809.1724/org-evil-list.el
  org-evil-20210809.1724/org-evil-motion.el
  org-evil-20210809.1724/org-evil-pkg.el
  org-evil-20210809.1724/org-evil-table.el
  org-evil-20210809.1724/org-evil.el
 ✓ Success:
  2025-03-02T22:37:12+0000  org-evil-20210809.1724.entry
  2025-03-02T22:37:12+0000  org-evil-20210809.1724.tar
Built org-evil in 2.981s, finished at 2025-03-02T22:37:13+0000
