 • Building package org-re-reveal-citeproc (from gitlab:oer/org-re-reveal-citeproc)...
Updating /mnt/store/melpa/working/org-re-reveal-citeproc/
Checking out faa9ea387917b20bd1499ad90199ff3d417c00c2
Copying files (->) and directories (=>)
  from /mnt/store/melpa/working/org-re-reveal-citeproc/
  to /tmp/org-re-reveal-citeprocg3e29h/org-re-reveal-citeproc-20211028.1328
    org-re-reveal-citeproc.el -> org-re-reveal-citeproc.el
    README.org -> README.org
    local.css -> local.css
    references.bib -> references.bib
Created org-re-reveal-citeproc-20211028.1328.tar containing:
  org-re-reveal-citeproc-20211028.1328/
  org-re-reveal-citeproc-20211028.1328/README.org
  org-re-reveal-citeproc-20211028.1328/local.css
  org-re-reveal-citeproc-20211028.1328/org-re-reveal-citeproc-pkg.el
  org-re-reveal-citeproc-20211028.1328/org-re-reveal-citeproc.el
  org-re-reveal-citeproc-20211028.1328/references.bib
 ✓ Success:
  2025-12-22T00:04:25+0000  org-re-reveal-citeproc-20211028.1328.entry
  2025-12-22T00:04:25+0000  org-re-reveal-citeproc-20211028.1328.tar
Built org-re-reveal-citeproc in 6.074s, finished at 2025-12-22T00:04:26+0000
