 • Building package org-incoming (from github:tinloaf/org-incoming)...
Updating /mnt/store/melpa/working/org-incoming/
Checking out e702e208326a583e44e4e0c6bf7d9ce397a97453
Copying files (->) and directories (=>)
  from /mnt/store/melpa/working/org-incoming/
  to /tmp/org-incomingKQScnz/org-incoming-20250522.752
    org-incoming.el -> org-incoming.el
    dir -> dir
    org-incoming.info -> org-incoming.info
  ! doc/screenshot_annotation.png -> screenshot_annotation.png
  ! doc/screenshot_query.png -> screenshot_query.png
Created org-incoming-20250522.752.tar containing:
  org-incoming-20250522.752/
  org-incoming-20250522.752/dir
  org-incoming-20250522.752/org-incoming-pkg.el
  org-incoming-20250522.752/org-incoming.el
  org-incoming-20250522.752/org-incoming.info
  org-incoming-20250522.752/screenshot_annotation.png
  org-incoming-20250522.752/screenshot_query.png
 ✓ Success:
  2025-12-15T00:27:26+0000  org-incoming-20250522.752.entry
  2025-12-15T00:27:26+0000  org-incoming-20250522.752.tar
Built org-incoming in 2.980s, finished at 2025-12-15T00:27:27+0000
