Package: org-mem
Fetcher: github
Source:  https://github.com/meedstrom/org-mem

Updating /mnt/store/melpa/working/org-mem/
Checking out 23af3ad63083ebc4bb0397fbfc3dfd52e1f664a8
Copying files (->) and directories (=>)
  from /mnt/store/melpa/working/org-mem/
  to /tmp/org-memeq7tpM/org-mem-20250518.1336
    org-mem-db1.el -> org-mem-db1.el
    org-mem-list.el -> org-mem-list.el
    org-mem-parser.el -> org-mem-parser.el
    org-mem-roamy.el -> org-mem-roamy.el
    org-mem-updater.el -> org-mem-updater.el
    org-mem.el -> org-mem.el
  ! lisp/indexed-list.el -> indexed-list.el
  ! lisp/indexed-org-parser.el -> indexed-org-parser.el
  ! lisp/indexed-orgdb.el -> indexed-orgdb.el
  ! lisp/indexed-roam.el -> indexed-roam.el
  ! lisp/indexed-x.el -> indexed-x.el
  ! lisp/indexed.el -> indexed.el
  ! lisp/org-mem-x.el -> org-mem-x.el
Created org-mem-20250518.1336.tar containing:
  org-mem-20250518.1336/
  org-mem-20250518.1336/indexed-list.el
  org-mem-20250518.1336/indexed-org-parser.el
  org-mem-20250518.1336/indexed-orgdb.el
  org-mem-20250518.1336/indexed-roam.el
  org-mem-20250518.1336/indexed-x.el
  org-mem-20250518.1336/indexed.el
  org-mem-20250518.1336/org-mem-db1.el
  org-mem-20250518.1336/org-mem-list.el
  org-mem-20250518.1336/org-mem-parser.el
  org-mem-20250518.1336/org-mem-pkg.el
  org-mem-20250518.1336/org-mem-roamy.el
  org-mem-20250518.1336/org-mem-updater.el
  org-mem-20250518.1336/org-mem-x.el
  org-mem-20250518.1336/org-mem.el
 ✓ Success:
  2025-05-19T00:21:06+0000  org-mem-20250518.1336.entry
  2025-05-19T00:21:06+0000  org-mem-20250518.1336.tar
Built org-mem in 4.606s, finished at 2025-05-19T00:21:07+0000
