Package: org-vcard
Fetcher: github
Source:  https://github.com/flexibeast/org-vcard.git

Updating /mnt/store/melpa/working/org-vcard/
Checking out 92345fa9f1e1f928278a654ac5ad57d22d74dbef
Copying files (->) and directories (=>)
  from /mnt/store/melpa/working/org-vcard/
  to /tmp/org-vcard5LOBoB/org-vcard-20221111.328
    org-vcard.el -> org-vcard.el
    styles => styles
Created org-vcard-20221111.328.tar containing:
  org-vcard-20221111.328/
  org-vcard-20221111.328/org-vcard-pkg.el
  org-vcard-20221111.328/org-vcard.el
  org-vcard-20221111.328/styles/
  org-vcard-20221111.328/styles/flat/
  org-vcard-20221111.328/styles/flat/functions.el
  org-vcard-20221111.328/styles/flat/mappings/
  org-vcard-20221111.328/styles/flat/mappings/en
  org-vcard-20221111.328/styles/flat/mappings/en_AU
  org-vcard-20221111.328/styles/flat/mappings/en_US
  org-vcard-20221111.328/styles/tree/
  org-vcard-20221111.328/styles/tree/functions.el
  org-vcard-20221111.328/styles/tree/mappings/
  org-vcard-20221111.328/styles/tree/mappings/en
  org-vcard-20221111.328/styles/tree/mappings/en_AU
  org-vcard-20221111.328/styles/tree/mappings/en_US
 ✓ Success:
  2024-01-31T03:47:50+0000  org-vcard-20221111.328.entry
  2024-01-31T03:47:50+0000  org-vcard-20221111.328.tar
Built org-vcard in 3.369s, finished at 2024-01-31T03:47:51+0000
