Package: org-super-agenda
Fetcher: github
Source:  https://github.com/alphapapa/org-super-agenda

Updating /mnt/store/melpa/working/org-super-agenda/
Checking out d0954b8e7780a4efe49ab32fc11941db21c22bfd
Copying files (->) and directories (=>)
  from /mnt/store/melpa/working/org-super-agenda/
  to /tmp/org-super-agenda38aJ8J/org-super-agenda-20240916.1753
    org-super-agenda.el -> org-super-agenda.el
    org-super-agenda.info -> org-super-agenda.info
Created org-super-agenda-20240916.1753.tar containing:
  org-super-agenda-20240916.1753/
  org-super-agenda-20240916.1753/dir
  org-super-agenda-20240916.1753/org-super-agenda-pkg.el
  org-super-agenda-20240916.1753/org-super-agenda.el
  org-super-agenda-20240916.1753/org-super-agenda.info
 ✓ Success:
  2025-03-24T23:17:56+0000  org-super-agenda-20240916.1753.entry
  2025-03-24T23:17:56+0000  org-super-agenda-20240916.1753.tar
Built org-super-agenda in 3.201s, finished at 2025-03-24T23:17:57+0000
