Package: org-web-track
Fetcher: github
Source:  https://github.com/p-snow/org-web-track.git

Updating /mnt/store/melpa/working/org-web-track/
Checking out bca3a6e159b1b939906f9fc033c7a93e6be3c41c
Copying files (->) and directories (=>)
  from /mnt/store/melpa/working/org-web-track/
  to /tmp/org-web-trackLH9Vb2/org-web-track-20240628.1032
    org-web-track.el -> org-web-track.el
    org-web-track.info -> org-web-track.info
    org-web-track.texi -> org-web-track.texi
Created org-web-track-20240628.1032.tar containing:
  org-web-track-20240628.1032/
  org-web-track-20240628.1032/dir
  org-web-track-20240628.1032/org-web-track-pkg.el
  org-web-track-20240628.1032/org-web-track.el
  org-web-track-20240628.1032/org-web-track.info
 ✓ Success:
  2024-07-04T23:43:18+0000  org-web-track-20240628.1032.entry
  2024-07-04T23:43:18+0000  org-web-track-20240628.1032.tar
Built org-web-track in 3.698s, finished at 2024-07-04T23:43:20+0000
