Package: org-linkotron
Fetcher: gitlab
Source:  https://gitlab.com/perweij/org-linkotron

Updating /mnt/store/melpa/working/org-linkotron/
Checking out d0adc5247b205bc73d2f1a83d4a512d2be541eb5
Copying files (->) and directories (=>)
  from /mnt/store/melpa/working/org-linkotron/
  to /tmp/org-linkotronwrtO7A/org-linkotron-20200112.2235
    org-linkotron.el -> org-linkotron.el
    org-linkotron.info -> org-linkotron.info
Created org-linkotron-20200112.2235.tar containing:
  org-linkotron-20200112.2235/
  org-linkotron-20200112.2235/dir
  org-linkotron-20200112.2235/org-linkotron-pkg.el
  org-linkotron-20200112.2235/org-linkotron.el
  org-linkotron-20200112.2235/org-linkotron.info
 ✓ Success:
  2025-02-24T22:24:20+0000  org-linkotron-20200112.2235.entry
  2025-02-24T22:24:20+0000  org-linkotron-20200112.2235.tar
Built org-linkotron in 3.667s, finished at 2025-02-24T22:24:21+0000
