Package: org-roam
Fetcher: github
Source:  https://github.com/org-roam/org-roam

Updating /mnt/store/melpa/working/org-roam/
Checking out 0037daaf3eb2d1c3a1c215efb4d38a32db140224
Copying files (->) and directories (=>)
  from /mnt/store/melpa/working/org-roam/
  to /tmp/org-roamqI23WH/org-roam-20250218.1722
    org-roam-capture.el -> org-roam-capture.el
    org-roam-compat.el -> org-roam-compat.el
    org-roam-db.el -> org-roam-db.el
    org-roam-id.el -> org-roam-id.el
    org-roam-log.el -> org-roam-log.el
    org-roam-migrate.el -> org-roam-migrate.el
    org-roam-mode.el -> org-roam-mode.el
    org-roam-node.el -> org-roam-node.el
    org-roam-utils.el -> org-roam-utils.el
    org-roam.el -> org-roam.el
  ! doc/org-roam.texi -> org-roam.texi
  ! extensions/org-roam-dailies.el -> org-roam-dailies.el
  ! extensions/org-roam-export.el -> org-roam-export.el
  ! extensions/org-roam-graph.el -> org-roam-graph.el
  ! extensions/org-roam-overlay.el -> org-roam-overlay.el
  ! extensions/org-roam-protocol.el -> org-roam-protocol.el
Generating org-roam.info
Created org-roam-20250218.1722.tar containing:
  org-roam-20250218.1722/
  org-roam-20250218.1722/dir
  org-roam-20250218.1722/org-roam-capture.el
  org-roam-20250218.1722/org-roam-compat.el
  org-roam-20250218.1722/org-roam-dailies.el
  org-roam-20250218.1722/org-roam-db.el
  org-roam-20250218.1722/org-roam-export.el
  org-roam-20250218.1722/org-roam-graph.el
  org-roam-20250218.1722/org-roam-id.el
  org-roam-20250218.1722/org-roam-log.el
  org-roam-20250218.1722/org-roam-migrate.el
  org-roam-20250218.1722/org-roam-mode.el
  org-roam-20250218.1722/org-roam-node.el
  org-roam-20250218.1722/org-roam-overlay.el
  org-roam-20250218.1722/org-roam-pkg.el
  org-roam-20250218.1722/org-roam-protocol.el
  org-roam-20250218.1722/org-roam-utils.el
  org-roam-20250218.1722/org-roam.el
  org-roam-20250218.1722/org-roam.info
 ✓ Success:
  2025-03-10T23:53:03+0000  org-roam-20250218.1722.entry
  2025-03-10T23:53:03+0000  org-roam-20250218.1722.tar
Built org-roam in 6.485s, finished at 2025-03-10T23:53:04+0000
