Package: org-node
Fetcher: github
Source:  https://github.com/meedstrom/org-node

Updating /mnt/store/melpa/working/org-node/
Checking out 6e192a0b6159fca01d7d49f419450050b86f15b0
Copying files (->) and directories (=>)
  from /mnt/store/melpa/working/org-node/
  to /tmp/org-nodeyUZ0S6/org-node-20250320.2052
    org-node-backlink.el -> org-node-backlink.el
    org-node-changes.el -> org-node-changes.el
    org-node-context.el -> org-node-context.el
    org-node-parser.el -> org-node-parser.el
    org-node-seq.el -> org-node-seq.el
    org-node.el -> org-node.el
    org-node.texi -> org-node.texi
Generating org-node.info
Created org-node-20250320.2052.tar containing:
  org-node-20250320.2052/
  org-node-20250320.2052/dir
  org-node-20250320.2052/org-node-backlink.el
  org-node-20250320.2052/org-node-changes.el
  org-node-20250320.2052/org-node-context.el
  org-node-20250320.2052/org-node-parser.el
  org-node-20250320.2052/org-node-pkg.el
  org-node-20250320.2052/org-node-seq.el
  org-node-20250320.2052/org-node.el
  org-node-20250320.2052/org-node.info
 ✓ Success:
  2025-03-20T23:59:55+0000  org-node-20250320.2052.entry
  2025-03-20T23:59:55+0000  org-node-20250320.2052.tar
Built org-node in 6.966s, finished at 2025-03-20T23:59:56+0000
