Package: org-treescope
Fetcher: gitlab
Source:  https://gitlab.com/mtekman/org-treescope.el

Updating /mnt/store/melpa/working/org-treescope/
Checking out a7c386ff134c71fd4f1f042e320751f077d57ddb
Copying files (->) and directories (=>)
  from /mnt/store/melpa/working/org-treescope/
  to /tmp/org-treescopekUTn7z/org-treescope-20200503.1609
    org-treescope-calendarranges.el -> org-treescope-calendarranges.el
    org-treescope-cyclestates.el -> org-treescope-cyclestates.el
    org-treescope-datehelper.el -> org-treescope-datehelper.el
    org-treescope-faces.el -> org-treescope-faces.el
    org-treescope-modehelper.el -> org-treescope-modehelper.el
    org-treescope-query.el -> org-treescope-query.el
    org-treescope.el -> org-treescope.el
Created org-treescope-20200503.1609.tar containing:
  org-treescope-20200503.1609/
  org-treescope-20200503.1609/org-treescope-calendarranges.el
  org-treescope-20200503.1609/org-treescope-cyclestates.el
  org-treescope-20200503.1609/org-treescope-datehelper.el
  org-treescope-20200503.1609/org-treescope-faces.el
  org-treescope-20200503.1609/org-treescope-modehelper.el
  org-treescope-20200503.1609/org-treescope-pkg.el
  org-treescope-20200503.1609/org-treescope-query.el
  org-treescope-20200503.1609/org-treescope.el
 ✓ Success:
  2025-01-02T00:17:33+0000  org-treescope-20200503.1609.entry
  2025-01-02T00:17:33+0000  org-treescope-20200503.1609.tar
Built org-treescope in 2.254s, finished at 2025-01-02T00:17:34+0000
