Package: org2blog
Fetcher: github
Source:  https://github.com/org2blog/org2blog

Updating /mnt/store/melpa/working/org2blog/
Checking out f476f08879465e41e5dce455ca75c7605c4e3ce9
Copying files (->) and directories (=>)
  from /mnt/store/melpa/working/org2blog/
  to /tmp/org2blogzXFFCG/org2blog-20250202.1845
    org2blog-test-system.el -> org2blog-test-system.el
    org2blog.el -> org2blog.el
    ox-wp.el -> ox-wp.el
    README.org -> README.org
Created org2blog-20250202.1845.tar containing:
  org2blog-20250202.1845/
  org2blog-20250202.1845/README.org
  org2blog-20250202.1845/org2blog-pkg.el
  org2blog-20250202.1845/org2blog-test-system.el
  org2blog-20250202.1845/org2blog.el
  org2blog-20250202.1845/ox-wp.el
 ✓ Success:
  2025-02-02T23:38:29+0000  org2blog-20250202.1845.entry
  2025-02-02T23:38:29+0000  org2blog-20250202.1845.tar
Built org2blog in 3.476s, finished at 2025-02-02T23:38:30+0000
