Package: organize-imports-java
Fetcher: github
Source:  https://github.com/jcs-elpa/organize-imports-java.git

Updating /mnt/store/melpa/working/organize-imports-java/
Checking out 5965228882c6b72a9e38ad61a047e599c8488d20
Copying files (->) and directories (=>)
  from /mnt/store/melpa/working/organize-imports-java/
  to /tmp/organize-imports-javaxt2JVo/organize-imports-java-20220704.657
    organize-imports-java.el -> organize-imports-java.el
    sdk => sdk
    default => default
Created organize-imports-java-20220704.657.tar containing:
  organize-imports-java-20220704.657/
  organize-imports-java-20220704.657/default/
  organize-imports-java-20220704.657/default/oij.config
  organize-imports-java-20220704.657/organize-imports-java-pkg.el
  organize-imports-java-20220704.657/organize-imports-java.el
  organize-imports-java-20220704.657/sdk/
  organize-imports-java-20220704.657/sdk/jre/
  organize-imports-java-20220704.657/sdk/jre/lib/
  organize-imports-java-20220704.657/sdk/jre/lib/charsets.jar
  organize-imports-java-20220704.657/sdk/jre/lib/ext/
  organize-imports-java-20220704.657/sdk/jre/lib/ext/cldrdata.jar
  organize-imports-java-20220704.657/sdk/jre/lib/ext/dnsns.jar
  organize-imports-java-20220704.657/sdk/jre/lib/ext/jaccess.jar
  organize-imports-java-20220704.657/sdk/jre/lib/ext/jfxrt.jar
  organize-imports-java-20220704.657/sdk/jre/lib/ext/localedata.jar
  organize-imports-java-20220704.657/sdk/jre/lib/ext/nashorn.jar
  organize-imports-java-20220704.657/sdk/jre/lib/ext/sunec.jar
  organize-imports-java-20220704.657/sdk/jre/lib/ext/sunjce_provider.jar
  organize-imports-java-20220704.657/sdk/jre/lib/ext/sunmscapi.jar
  organize-imports-java-20220704.657/sdk/jre/lib/ext/sunpkcs11.jar
  organize-imports-java-20220704.657/sdk/jre/lib/ext/zipfs.jar
  organize-imports-java-20220704.657/sdk/jre/lib/jfr.jar
  organize-imports-java-20220704.657/sdk/jre/lib/jsse.jar
  organize-imports-java-20220704.657/sdk/jre/lib/resources.jar
  organize-imports-java-20220704.657/sdk/jre/lib/rt.jar
  organize-imports-java-20220704.657/sdk/version.txt
 ✓ Success:
  2023-12-26T23:32:24+0000  organize-imports-java-20220704.657.entry
  2023-12-26T23:32:24+0000  organize-imports-java-20220704.657.tar
Built organize-imports-java in 9.758s, finished at 2023-12-26T23:32:26+0000
