Package: orgtbl-join
Fetcher: github
Source:  https://github.com/tbanel/orgtbljoin

Updating /mnt/store/melpa/working/orgtbl-join/
Checking out c0ddfc7f0550918cbb22d5f5cf102caf57275826
Copying files (->) and directories (=>)
  from /mnt/store/melpa/working/orgtbl-join/
  to /tmp/orgtbl-joinryRPX6/orgtbl-join-20250218.903
    orgtbl-join.el -> orgtbl-join.el
    orgtbl-join.info -> orgtbl-join.info
Created orgtbl-join-20250218.903.tar containing:
  orgtbl-join-20250218.903/
  orgtbl-join-20250218.903/dir
  orgtbl-join-20250218.903/orgtbl-join-pkg.el
  orgtbl-join-20250218.903/orgtbl-join.el
  orgtbl-join-20250218.903/orgtbl-join.info
 ✓ Success:
  2025-03-09T23:23:00+0000  orgtbl-join-20250218.903.entry
  2025-03-09T23:23:00+0000  orgtbl-join-20250218.903.tar
Built orgtbl-join in 2.955s, finished at 2025-03-09T23:23:01+0000
