Package: osa
Fetcher: github
Source:  https://github.com/atomontage/osa

Updating /mnt/store/melpa/working/osa/
Checking out 615ca9eef4131a23d9971691fa0d0f20fe59d01b
Copying files (->) and directories (=>)
  from /mnt/store/melpa/working/osa/
  to /tmp/osamJ8IL8/osa-20200522.2103
    osa-examples.el -> osa-examples.el
    osa.el -> osa.el
    scripts/notify.js -> scripts/notify.js
    scripts/show-finder.applescript -> scripts/show-finder.applescript
    scripts/terminal.applescript -> scripts/terminal.applescript
Created osa-20200522.2103.tar containing:
  osa-20200522.2103/
  osa-20200522.2103/osa-examples.el
  osa-20200522.2103/osa-pkg.el
  osa-20200522.2103/osa.el
  osa-20200522.2103/scripts/
  osa-20200522.2103/scripts/notify.js
  osa-20200522.2103/scripts/show-finder.applescript
  osa-20200522.2103/scripts/terminal.applescript
 ✓ Success:
  2025-01-13T23:22:16+0000  osa-20200522.2103.entry
  2025-01-13T23:22:16+0000  osa-20200522.2103.tar
Built osa in 1.758s, finished at 2025-01-13T23:22:17+0000
