Package: ox-bibtex-chinese
Fetcher: github
Source:  https://github.com/tumashu/ox-bibtex-chinese.git

Updating /mnt/store/melpa/working/ox-bibtex-chinese/
Checking out 2ad2364399229144110db7ef6365ad0461d6a38c
Copying files (->) and directories (=>)
  from /mnt/store/melpa/working/ox-bibtex-chinese/
  to /tmp/ox-bibtex-chinesef6demW/ox-bibtex-chinese-20170723.309
    ox-bibtex-chinese-pkg.el -> ox-bibtex-chinese-pkg.el
    ox-bibtex-chinese.el -> ox-bibtex-chinese.el
    bibtex-styles => bibtex-styles
Created ox-bibtex-chinese-20170723.309.tar containing:
  ox-bibtex-chinese-20170723.309/
  ox-bibtex-chinese-20170723.309/bibtex-styles/
  ox-bibtex-chinese-20170723.309/bibtex-styles/GBT7714-2005-latex/
  ox-bibtex-chinese-20170723.309/bibtex-styles/GBT7714-2005-latex/GBT7714-2005AYLang-UTF8.bst
  ox-bibtex-chinese-20170723.309/bibtex-styles/GBT7714-2005-latex/GBT7714-2005NLang-UTF8.bst
  ox-bibtex-chinese-20170723.309/ox-bibtex-chinese-pkg.el
  ox-bibtex-chinese-20170723.309/ox-bibtex-chinese.el
 ✓ Success:
  2024-02-14T15:44:18+0000  ox-bibtex-chinese-20170723.309.entry
  2024-02-14T15:44:18+0000  ox-bibtex-chinese-20170723.309.tar
Built ox-bibtex-chinese in 2.391s, finished at 2024-02-14T15:44:19+0000
