Package: ox-impress-js
Fetcher: github
Source:  https://github.com/takumikinjo/org-impress-js.el.git

Updating /mnt/store/melpa/working/ox-impress-js/
Checking out 91c6d2af6af308ade352a03355c4fb551b238c6b
Copying files (->) and directories (=>)
  from /mnt/store/melpa/working/ox-impress-js/
  to /tmp/ox-impress-js2RXT6Q/ox-impress-js-20150412.1716
    ox-impress-js.el -> ox-impress-js.el
    resources => resources
Created ox-impress-js-20150412.1716.tar containing:
  ox-impress-js-20150412.1716/
  ox-impress-js-20150412.1716/ox-impress-js-pkg.el
  ox-impress-js-20150412.1716/ox-impress-js.el
  ox-impress-js-20150412.1716/resources/
  ox-impress-js-20150412.1716/resources/css/
  ox-impress-js-20150412.1716/resources/css/impress-demo.css
  ox-impress-js-20150412.1716/resources/css/mystyle.css
  ox-impress-js-20150412.1716/resources/js/
  ox-impress-js-20150412.1716/resources/js/impress.js
 ✓ Success:
  2024-01-11T14:28:50+0000  ox-impress-js-20150412.1716.entry
  2024-01-11T14:28:50+0000  ox-impress-js-20150412.1716.tar
Built ox-impress-js in 2.492s, finished at 2024-01-11T14:28:51+0000
