Package: ox-linuxmag-fr
Fetcher: github
Source:  https://github.com/DamienCassou/ox-linuxmag-fr

Updating /mnt/store/melpa/working/ox-linuxmag-fr/
Checking out 3319c309f6fb0b0771363bec80557bc387243a82
Copying files (->) and directories (=>)
  from /mnt/store/melpa/working/ox-linuxmag-fr/
  to /tmp/ox-linuxmag-frykM6mZ/ox-linuxmag-fr-20240624.1829
    ox-linuxmag-fr.el -> ox-linuxmag-fr.el
    resources => resources
Created ox-linuxmag-fr-20240624.1829.tar containing:
  ox-linuxmag-fr-20240624.1829/
  ox-linuxmag-fr-20240624.1829/ox-linuxmag-fr-pkg.el
  ox-linuxmag-fr-20240624.1829/ox-linuxmag-fr.el
  ox-linuxmag-fr-20240624.1829/resources/
  ox-linuxmag-fr-20240624.1829/resources/styles.xml
  ox-linuxmag-fr-20240624.1829/resources/template.xml
 ✓ Success:
  2024-11-22T23:26:35+0000  ox-linuxmag-fr-20240624.1829.entry
  2024-11-22T23:26:35+0000  ox-linuxmag-fr-20240624.1829.tar
Built ox-linuxmag-fr in 3.008s, finished at 2024-11-22T23:26:36+0000
