Package: ox-tufte
Fetcher: github
Source:  https://github.com/ox-tufte/ox-tufte.git

Updating /mnt/store/melpa/working/ox-tufte/
Checking out e56aa21bdc9ccc9bb72652ee648afb4c68989f14
Copying files (->) and directories (=>)
  from /mnt/store/melpa/working/ox-tufte/
  to /tmp/ox-tuftevbU2H1/ox-tufte-20240117.334
    ox-tufte-autoloads.el -> ox-tufte-autoloads.el
    ox-tufte.el -> ox-tufte.el
    src => src
Created ox-tufte-20240117.334.tar containing:
  ox-tufte-20240117.334/
  ox-tufte-20240117.334/ox-tufte-autoloads.el
  ox-tufte-20240117.334/ox-tufte-pkg.el
  ox-tufte-20240117.334/ox-tufte.el
  ox-tufte-20240117.334/src/
  ox-tufte-20240117.334/src/README.org
  ox-tufte-20240117.334/src/ox-tufte-experimental.css
  ox-tufte-20240117.334/src/ox-tufte.css
 ✓ Success:
  2024-01-21T23:50:52+0000  ox-tufte-20240117.334.entry
  2024-01-21T23:50:52+0000  ox-tufte-20240117.334.tar
Built ox-tufte in 3.844s, finished at 2024-01-21T23:50:54+0000
