Package: package-build
Fetcher: github
Source:  https://github.com/melpa/package-build.git

Updating /mnt/store/melpa/working/package-build/
Checking out 6148407e9dfa6c92e067bcda86b25d15e3cbe8d3
Copying files (->) and directories (=>)
  from /mnt/store/melpa/working/package-build/
  to /tmp/package-buildqOsBOe/package-build-20240718.1333
    package-build-badges.el -> package-build-badges.el
    package-build.el -> package-build.el
    package-recipe-mode.el -> package-recipe-mode.el
    package-recipe.el -> package-recipe.el
Created package-build-20240718.1333.tar containing:
  package-build-20240718.1333/
  package-build-20240718.1333/package-build-badges.el
  package-build-20240718.1333/package-build-pkg.el
  package-build-20240718.1333/package-build.el
  package-build-20240718.1333/package-recipe-mode.el
  package-build-20240718.1333/package-recipe.el
 ✓ Success:
  2024-08-01T00:27:17+0000  package-build-20240718.1333.entry
  2024-08-01T00:27:16+0000  package-build-20240718.1333.tar
Built package-build in 4.095s, finished at 2024-08-01T00:27:18+0000
