Package: package-lint
Fetcher: github
Source:  https://github.com/purcell/package-lint

Updating /mnt/store/melpa/working/package-lint/
Checking out 6f05a369e0718e93c5dce0951cad5e6646296612
Copying files (->) and directories (=>)
  from /mnt/store/melpa/working/package-lint/
  to /tmp/package-lintJ5waWX/package-lint-20250108.1407
    package-lint.el -> package-lint.el
    data => data
Created package-lint-20250108.1407.tar containing:
  package-lint-20250108.1407/
  package-lint-20250108.1407/data/
  package-lint-20250108.1407/data/compat-symbols
  package-lint-20250108.1407/data/stdlib-changes
  package-lint-20250108.1407/package-lint-pkg.el
  package-lint-20250108.1407/package-lint.el
 ✓ Success:
  2025-01-29T00:46:32+0000  package-lint-20250108.1407.entry
  2025-01-29T00:46:32+0000  package-lint-20250108.1407.tar
Built package-lint in 5.644s, finished at 2025-01-29T00:46:34+0000
