Package: parinfer-rust-mode
Fetcher: github
Source:  https://github.com/justinbarclay/parinfer-rust-mode.git

Updating /mnt/store/melpa/working/parinfer-rust-mode/
Checking out 6e6bdeeba32534acca5928fe4201ce013094988d
Copying files (->) and directories (=>)
  from /mnt/store/melpa/working/parinfer-rust-mode/
  to /tmp/parinfer-rust-mode8vL5OD/parinfer-rust-mode-20230831.618
    parinfer-rust-changes.el -> parinfer-rust-changes.el
    parinfer-rust-helper.el -> parinfer-rust-helper.el
    parinfer-rust-mode.el -> parinfer-rust-mode.el
Created parinfer-rust-mode-20230831.618.tar containing:
  parinfer-rust-mode-20230831.618/
  parinfer-rust-mode-20230831.618/parinfer-rust-changes.el
  parinfer-rust-mode-20230831.618/parinfer-rust-helper.el
  parinfer-rust-mode-20230831.618/parinfer-rust-mode-pkg.el
  parinfer-rust-mode-20230831.618/parinfer-rust-mode.el
 ✓ Success:
  2023-12-29T07:32:38+0000  parinfer-rust-mode-20230831.618.entry
  2023-12-29T07:32:38+0000  parinfer-rust-mode-20230831.618.tar
Built parinfer-rust-mode in 3.695s, finished at 2023-12-29T07:32:40+0000
