Package: parse-it
Fetcher: github
Source:  https://github.com/jcs-elpa/parse-it.git

Updating /mnt/store/melpa/working/parse-it/
Checking out c1b5ce15a5bcb80595f45e2fc3bda828f525859f
Copying files (->) and directories (=>)
  from /mnt/store/melpa/working/parse-it/
  to /tmp/parse-itPEmhKR/parse-it-20220704.640
    parse-it-ast.el -> parse-it-ast.el
    parse-it-lex.el -> parse-it-lex.el
    parse-it-util.el -> parse-it-util.el
    parse-it.el -> parse-it.el
  ! langs/parse-it-actionscript.el -> parse-it-actionscript.el
  ! langs/parse-it-asm.el -> parse-it-asm.el
  ! langs/parse-it-c++.el -> parse-it-c++.el
  ! langs/parse-it-c.el -> parse-it-c.el
  ! langs/parse-it-csharp.el -> parse-it-csharp.el
  ! langs/parse-it-css.el -> parse-it-css.el
  ! langs/parse-it-elisp.el -> parse-it-elisp.el
  ! langs/parse-it-go.el -> parse-it-go.el
  ! langs/parse-it-html.el -> parse-it-html.el
  ! langs/parse-it-java.el -> parse-it-java.el
  ! langs/parse-it-js.el -> parse-it-js.el
  ! langs/parse-it-json.el -> parse-it-json.el
  ! langs/parse-it-kotlin.el -> parse-it-kotlin.el
  ! langs/parse-it-lisp.el -> parse-it-lisp.el
  ! langs/parse-it-lua.el -> parse-it-lua.el
  ! langs/parse-it-markdown.el -> parse-it-markdown.el
  ! langs/parse-it-objc.el -> parse-it-objc.el
  ! langs/parse-it-php.el -> parse-it-php.el
  ! langs/parse-it-python.el -> parse-it-python.el
  ! langs/parse-it-r.el -> parse-it-r.el
  ! langs/parse-it-sql.el -> parse-it-sql.el
  ! langs/parse-it-swift.el -> parse-it-swift.el
  ! langs/parse-it-typescript.el -> parse-it-typescript.el
  ! langs/parse-it-xml.el -> parse-it-xml.el
Created parse-it-20220704.640.tar containing:
  parse-it-20220704.640/
  parse-it-20220704.640/parse-it-actionscript.el
  parse-it-20220704.640/parse-it-asm.el
  parse-it-20220704.640/parse-it-ast.el
  parse-it-20220704.640/parse-it-c++.el
  parse-it-20220704.640/parse-it-c.el
  parse-it-20220704.640/parse-it-csharp.el
  parse-it-20220704.640/parse-it-css.el
  parse-it-20220704.640/parse-it-elisp.el
  parse-it-20220704.640/parse-it-go.el
  parse-it-20220704.640/parse-it-html.el
  parse-it-20220704.640/parse-it-java.el
  parse-it-20220704.640/parse-it-js.el
  parse-it-20220704.640/parse-it-json.el
  parse-it-20220704.640/parse-it-kotlin.el
  parse-it-20220704.640/parse-it-lex.el
  parse-it-20220704.640/parse-it-lisp.el
  parse-it-20220704.640/parse-it-lua.el
  parse-it-20220704.640/parse-it-markdown.el
  parse-it-20220704.640/parse-it-objc.el
  parse-it-20220704.640/parse-it-php.el
  parse-it-20220704.640/parse-it-pkg.el
  parse-it-20220704.640/parse-it-python.el
  parse-it-20220704.640/parse-it-r.el
  parse-it-20220704.640/parse-it-sql.el
  parse-it-20220704.640/parse-it-swift.el
  parse-it-20220704.640/parse-it-typescript.el
  parse-it-20220704.640/parse-it-util.el
  parse-it-20220704.640/parse-it-xml.el
  parse-it-20220704.640/parse-it.el
 ✓ Success:
  2023-12-26T23:33:56+0000  parse-it-20220704.640.entry
  2023-12-26T23:33:56+0000  parse-it-20220704.640.tar
Built parse-it in 4.084s, finished at 2023-12-26T23:33:58+0000
