Package: perject
Fetcher: github
Source:  https://github.com/overideal/perject.git

Updating /mnt/store/melpa/working/perject/
Checking out 6357ab199c717191e7695a3e3c2545918b97a942
Copying files (->) and directories (=>)
  from /mnt/store/melpa/working/perject/
  to /tmp/perjectbv3HSv/perject-20230605.841
    perject-consult.el -> perject-consult.el
    perject-ibuffer.el -> perject-ibuffer.el
    perject-tab.el -> perject-tab.el
    perject-transient.el -> perject-transient.el
    perject.el -> perject.el
Created perject-20230605.841.tar containing:
  perject-20230605.841/
  perject-20230605.841/perject-consult.el
  perject-20230605.841/perject-ibuffer.el
  perject-20230605.841/perject-pkg.el
  perject-20230605.841/perject-tab.el
  perject-20230605.841/perject-transient.el
  perject-20230605.841/perject.el
 ✓ Success:
  2023-12-28T15:31:55+0000  perject-20230605.841.entry
  2023-12-28T15:31:55+0000  perject-20230605.841.tar
Built perject in 3.620s, finished at 2023-12-28T15:31:56+0000
