Package: ph
Fetcher: github
Source:  https://github.com/gromnitsky/ph

Updating /mnt/store/melpa/working/ph/
Checking out a66e38637d1898b2ec31ee611033ac3f295fd97f
Copying files (->) and directories (=>)
  from /mnt/store/melpa/working/ph/
  to /tmp/phyuMqmH/ph-20161029.1522
    ph-metadata.el -> ph-metadata.el
    ph-pkg.el -> ph-pkg.el
    ph-u.el -> ph-u.el
    ph-venture.el -> ph-venture.el
    ph.el -> ph.el
    meta.json -> meta.json
    README -> README
    bin/ph-project-new -> bin/ph-project-new
Created ph-20161029.1522.tar containing:
  ph-20161029.1522/
  ph-20161029.1522/README
  ph-20161029.1522/bin/
  ph-20161029.1522/bin/ph-project-new
  ph-20161029.1522/meta.json
  ph-20161029.1522/ph-metadata.el
  ph-20161029.1522/ph-pkg.el
  ph-20161029.1522/ph-u.el
  ph-20161029.1522/ph-venture.el
  ph-20161029.1522/ph.el
 ✓ Success:
  2024-10-25T23:15:13+0000  ph-20161029.1522.entry
  2024-10-25T23:15:13+0000  ph-20161029.1522.tar
Built ph in 2.531s, finished at 2024-10-25T23:15:14+0000
