Package: phi-search
Fetcher: github
Source:  https://github.com/zk-phi/phi-search

Updating /mnt/store/melpa/working/phi-search/
Checking out c34f5800968922d1f9e7b10092b8705d6640ad18
Copying files (->) and directories (=>)
  from /mnt/store/melpa/working/phi-search/
  to /tmp/phi-searchbf9dxE/phi-search-20200510.906
    phi-replace.el -> phi-replace.el
    phi-search-core.el -> phi-search-core.el
    phi-search.el -> phi-search.el
Created phi-search-20200510.906.tar containing:
  phi-search-20200510.906/
  phi-search-20200510.906/phi-replace.el
  phi-search-20200510.906/phi-search-core.el
  phi-search-20200510.906/phi-search-pkg.el
  phi-search-20200510.906/phi-search.el
 ✓ Success:
  2024-10-11T23:36:31+0000  phi-search-20200510.906.entry
  2024-10-11T23:36:31+0000  phi-search-20200510.906.tar
Built phi-search in 2.487s, finished at 2024-10-11T23:36:32+0000
