Package: poet-theme
Fetcher: github
Source:  https://github.com/kunalb/poet.git

Updating /mnt/store/melpa/working/poet-theme/
Checking out 16eb694f0755c04c4db98614d0eca1199fddad70
Copying files (->) and directories (=>)
  from /mnt/store/melpa/working/poet-theme/
  to /tmp/poet-themebl9Em3/poet-theme-20200606.2343
    poet-dark-monochrome-theme.el -> poet-dark-monochrome-theme.el
    poet-dark-theme.el -> poet-dark-theme.el
    poet-monochrome-theme.el -> poet-monochrome-theme.el
    poet-theme.el -> poet-theme.el
Created poet-theme-20200606.2343.tar containing:
  poet-theme-20200606.2343/
  poet-theme-20200606.2343/poet-dark-monochrome-theme.el
  poet-theme-20200606.2343/poet-dark-theme.el
  poet-theme-20200606.2343/poet-monochrome-theme.el
  poet-theme-20200606.2343/poet-theme-pkg.el
  poet-theme-20200606.2343/poet-theme.el
 ✓ Success:
  2024-07-25T00:18:08+0000  poet-theme-20200606.2343.entry
  2024-07-25T00:18:08+0000  poet-theme-20200606.2343.tar
Built poet-theme in 3.877s, finished at 2024-07-25T00:18:10+0000
