Package: polymode
Fetcher: github
Source:  https://github.com/polymode/polymode

Updating /mnt/store/melpa/working/polymode/
Checking out 14b3abc1e2467707398b6e7e5852b56f1463994b
Copying files (->) and directories (=>)
  from /mnt/store/melpa/working/polymode/
  to /tmp/polymodeFE8bI6/polymode-20250525.2122
    poly-lock.el -> poly-lock.el
    polymode-base.el -> polymode-base.el
    polymode-classes.el -> polymode-classes.el
    polymode-compat.el -> polymode-compat.el
    polymode-core.el -> polymode-core.el
    polymode-debug.el -> polymode-debug.el
    polymode-export.el -> polymode-export.el
    polymode-methods.el -> polymode-methods.el
    polymode-tangle.el -> polymode-tangle.el
    polymode-test-utils.el -> polymode-test-utils.el
    polymode-weave.el -> polymode-weave.el
    polymode.el -> polymode.el
Created polymode-20250525.2122.tar containing:
  polymode-20250525.2122/
  polymode-20250525.2122/poly-lock.el
  polymode-20250525.2122/polymode-base.el
  polymode-20250525.2122/polymode-classes.el
  polymode-20250525.2122/polymode-compat.el
  polymode-20250525.2122/polymode-core.el
  polymode-20250525.2122/polymode-debug.el
  polymode-20250525.2122/polymode-export.el
  polymode-20250525.2122/polymode-methods.el
  polymode-20250525.2122/polymode-pkg.el
  polymode-20250525.2122/polymode-tangle.el
  polymode-20250525.2122/polymode-test-utils.el
  polymode-20250525.2122/polymode-weave.el
  polymode-20250525.2122/polymode.el
 ✓ Success:
  2025-05-25T23:55:53+0000  polymode-20250525.2122.entry
  2025-05-25T23:55:53+0000  polymode-20250525.2122.tar
Built polymode in 3.097s, finished at 2025-05-25T23:55:53+0000
