Package: pomm
Fetcher: github
Source:  https://github.com/SqrtMinusOne/pomm.el.git

Updating /mnt/store/melpa/working/pomm/
Checking out a717c3a05352cb8a233a5b4330186ead077746ba
Copying files (->) and directories (=>)
  from /mnt/store/melpa/working/pomm/
  to /tmp/pomm5N5GWb/pomm-20231225.2308
    pomm-third-time.el -> pomm-third-time.el
    pomm.el -> pomm.el
    resources => resources
Created pomm-20231225.2308.tar containing:
  pomm-20231225.2308/
  pomm-20231225.2308/pomm-pkg.el
  pomm-20231225.2308/pomm-third-time.el
  pomm-20231225.2308/pomm.el
  pomm-20231225.2308/resources/
  pomm-20231225.2308/resources/air_horn.wav
  pomm-20231225.2308/resources/bell.wav
  pomm-20231225.2308/resources/tick.wav
 ✓ Success:
  2023-12-28T23:37:16+0000  pomm-20231225.2308.entry
  2023-12-28T23:37:16+0000  pomm-20231225.2308.tar
Built pomm in 3.545s, finished at 2023-12-28T23:37:17+0000
