Package: pony-mode
Fetcher: github
Source:  https://github.com/davidmiller/pony-mode

Updating /mnt/store/melpa/working/pony-mode/
Checking out 760684d30b6c234d1b88c9a4673a808f36f7f341
Copying files (->) and directories (=>)
  from /mnt/store/melpa/working/pony-mode/
  to /tmp/pony-mode2TwVa7/pony-mode-20170807.1522
  ! src/pony-mode-pkg.el -> pony-mode-pkg.el
  ! src/pony-mode.el -> pony-mode.el
  ! src/pony-tpl.el -> pony-tpl.el
  ! src/snippets => snippets
Created pony-mode-20170807.1522.tar containing:
  pony-mode-20170807.1522/
  pony-mode-20170807.1522/pony-mode-pkg.el
  pony-mode-20170807.1522/pony-mode.el
  pony-mode-20170807.1522/pony-tpl.el
  pony-mode-20170807.1522/snippets/
  pony-mode-20170807.1522/snippets/html-mode/
  pony-mode-20170807.1522/snippets/html-mode/bl
  pony-mode-20170807.1522/snippets/html-mode/ex
  pony-mode-20170807.1522/snippets/html-mode/for
  pony-mode-20170807.1522/snippets/html-mode/if
  pony-mode-20170807.1522/snippets/html-mode/loa
  pony-mode-20170807.1522/snippets/html-mode/sup
  pony-mode-20170807.1522/snippets/html-mode/testc
  pony-mode-20170807.1522/snippets/html-mode/{{
  pony-mode-20170807.1522/snippets/python-mode/
  pony-mode-20170807.1522/snippets/python-mode/auth-view
  pony-mode-20170807.1522/snippets/python-mode/bn
  pony-mode-20170807.1522/snippets/python-mode/model
  pony-mode-20170807.1522/snippets/python-mode/modelform
  pony-mode-20170807.1522/snippets/python-mode/render-to
  pony-mode-20170807.1522/snippets/python-mode/testc
  pony-mode-20170807.1522/snippets/python-mode/tra
  pony-mode-20170807.1522/snippets/python-mode/view
 ✓ Success:
  2025-03-12T22:37:39+0000  pony-mode-20170807.1522.entry
  2025-03-12T22:37:39+0000  pony-mode-20170807.1522.tar
Built pony-mode in 3.103s, finished at 2025-03-12T22:37:40+0000
