Package: pophint
Fetcher: github
Source:  https://github.com/aki2o/emacs-pophint.git

Updating /mnt/store/melpa/working/pophint/
Checking out e17fb22d34f904b4473f6bad0d445e3ca1521669
Copying files (->) and directories (=>)
  from /mnt/store/melpa/working/pophint/
  to /tmp/pophintR6Nh4k/pophint-20231112.658
    pophint-dired.el -> pophint-dired.el
    pophint-direx.el -> pophint-direx.el
    pophint-e2wm.el -> pophint-e2wm.el
    pophint-elisp.el -> pophint-elisp.el
    pophint-eww.el -> pophint-eww.el
    pophint-help.el -> pophint-help.el
    pophint-info.el -> pophint-info.el
    pophint-isearch.el -> pophint-isearch.el
    pophint-line.el -> pophint-line.el
    pophint-mark.el -> pophint-mark.el
    pophint-outline.el -> pophint-outline.el
    pophint-ow.el -> pophint-ow.el
    pophint-quote.el -> pophint-quote.el
    pophint-region.el -> pophint-region.el
    pophint-slack.el -> pophint-slack.el
    pophint-sym.el -> pophint-sym.el
    pophint-tags.el -> pophint-tags.el
    pophint-thing.el -> pophint-thing.el
    pophint-url.el -> pophint-url.el
    pophint-vb.el -> pophint-vb.el
    pophint-w3m.el -> pophint-w3m.el
    pophint-widget.el -> pophint-widget.el
    pophint-yank.el -> pophint-yank.el
    pophint-yaol.el -> pophint-yaol.el
    pophint.el -> pophint.el
Created pophint-20231112.658.tar containing:
  pophint-20231112.658/
  pophint-20231112.658/pophint-dired.el
  pophint-20231112.658/pophint-direx.el
  pophint-20231112.658/pophint-e2wm.el
  pophint-20231112.658/pophint-elisp.el
  pophint-20231112.658/pophint-eww.el
  pophint-20231112.658/pophint-help.el
  pophint-20231112.658/pophint-info.el
  pophint-20231112.658/pophint-isearch.el
  pophint-20231112.658/pophint-line.el
  pophint-20231112.658/pophint-mark.el
  pophint-20231112.658/pophint-outline.el
  pophint-20231112.658/pophint-ow.el
  pophint-20231112.658/pophint-pkg.el
  pophint-20231112.658/pophint-quote.el
  pophint-20231112.658/pophint-region.el
  pophint-20231112.658/pophint-slack.el
  pophint-20231112.658/pophint-sym.el
  pophint-20231112.658/pophint-tags.el
  pophint-20231112.658/pophint-thing.el
  pophint-20231112.658/pophint-url.el
  pophint-20231112.658/pophint-vb.el
  pophint-20231112.658/pophint-w3m.el
  pophint-20231112.658/pophint-widget.el
  pophint-20231112.658/pophint-yank.el
  pophint-20231112.658/pophint-yaol.el
  pophint-20231112.658/pophint.el
 ✓ Success:
  2023-12-31T23:19:59+0000  pophint-20231112.658.entry
  2023-12-31T23:19:59+0000  pophint-20231112.658.tar
Built pophint in 3.831s, finished at 2023-12-31T23:20:00+0000
