Package: popper
Fetcher: github
Source:  https://github.com/karthink/popper

Updating /mnt/store/melpa/working/popper/
Checking out 91b71955db19014d7139191660272c736458d87d
Copying files (->) and directories (=>)
  from /mnt/store/melpa/working/popper/
  to /tmp/poppera5wdv5/popper-20250222.2118
    popper-echo.el -> popper-echo.el
    popper.el -> popper.el
Created popper-20250222.2118.tar containing:
  popper-20250222.2118/
  popper-20250222.2118/popper-echo.el
  popper-20250222.2118/popper-pkg.el
  popper-20250222.2118/popper.el
 ✓ Success:
  2025-02-22T21:14:46+0000  popper-20250222.2106.entry
  2025-02-22T21:14:46+0000  popper-20250222.2106.tar
  2025-02-22T23:50:18+0000  popper-20250222.2118.entry
  2025-02-22T23:50:18+0000  popper-20250222.2118.tar
Built popper in 3.328s, finished at 2025-02-22T23:50:19+0000
