Package: pov-mode
Fetcher: github
Source:  https://github.com/melmothx/pov-mode

Updating /mnt/store/melpa/working/pov-mode/
Checking out 9fc1db3aab7c27155674dd1a87ec62606035d074
Copying files (->) and directories (=>)
  from /mnt/store/melpa/working/pov-mode/
  to /tmp/pov-modeE18UXr/pov-mode-20161115.743
    pov-mode-pkg.el -> pov-mode-pkg.el
    pov-mode.el -> pov-mode.el
    dir -> dir
    pov-mode.info -> pov-mode.info
Created pov-mode-20161115.743.tar containing:
  pov-mode-20161115.743/
  pov-mode-20161115.743/dir
  pov-mode-20161115.743/pov-mode-pkg.el
  pov-mode-20161115.743/pov-mode.el
  pov-mode-20161115.743/pov-mode.info
 ✓ Success:
  2025-03-19T23:38:18+0000  pov-mode-20161115.743.entry
  2025-03-19T23:38:18+0000  pov-mode-20161115.743.tar
Built pov-mode in 3.410s, finished at 2025-03-19T23:38:19+0000
