Package: powerline
Fetcher: github
Source:  https://github.com/milkypostman/powerline

Updating /mnt/store/melpa/working/powerline/
Checking out c35c35bdf5ce2d992882c1f06f0f078058870d4a
Copying files (->) and directories (=>)
  from /mnt/store/melpa/working/powerline/
  to /tmp/powerlineWzHjnk/powerline-20221110.1956
    powerline-separators.el -> powerline-separators.el
    powerline-themes.el -> powerline-themes.el
    powerline.el -> powerline.el
Created powerline-20221110.1956.tar containing:
  powerline-20221110.1956/
  powerline-20221110.1956/powerline-pkg.el
  powerline-20221110.1956/powerline-separators.el
  powerline-20221110.1956/powerline-themes.el
  powerline-20221110.1956/powerline.el
 ✓ Success:
  2025-07-07T01:03:33+0000  powerline-20221110.1956.entry
  2025-07-07T01:03:32+0000  powerline-20221110.1956.tar
Built powerline in 3.469s, finished at 2025-07-07T01:03:34+0000
