Package: pr-review
Fetcher: github
Source:  https://github.com/blahgeek/emacs-pr-review

Updating /mnt/store/melpa/working/pr-review/
Checking out d08ce76ca75b43faf5a136c5f24fda1acde850c5
Copying files (->) and directories (=>)
  from /mnt/store/melpa/working/pr-review/
  to /tmp/pr-reviewAMl45f/pr-review-20250412.1339
    pr-review-action.el -> pr-review-action.el
    pr-review-api.el -> pr-review-api.el
    pr-review-common.el -> pr-review-common.el
    pr-review-input.el -> pr-review-input.el
    pr-review-listview.el -> pr-review-listview.el
    pr-review-notification.el -> pr-review-notification.el
    pr-review-render.el -> pr-review-render.el
    pr-review-search.el -> pr-review-search.el
    pr-review.el -> pr-review.el
    graphql => graphql
Created pr-review-20250412.1339.tar containing:
  pr-review-20250412.1339/
  pr-review-20250412.1339/graphql/
  pr-review-20250412.1339/graphql/add-comment.graphql
  pr-review-20250412.1339/graphql/add-labels.graphql
  pr-review-20250412.1339/graphql/add-review-comment-reply.graphql
  pr-review-20250412.1339/graphql/add-review.graphql
  pr-review-20250412.1339/graphql/clear-labels.graphql
  pr-review-20250412.1339/graphql/close-pr.graphql
  pr-review-20250412.1339/graphql/get-assignable-users.graphql
  pr-review-20250412.1339/graphql/get-pull-request-for-notification.inc.graphql
  pr-review-20250412.1339/graphql/get-pull-request.graphql
  pr-review-20250412.1339/graphql/merge-pr.graphql
  pr-review-20250412.1339/graphql/reopen-pr.graphql
  pr-review-20250412.1339/graphql/request-reviews.graphql
  pr-review-20250412.1339/graphql/resolve-review-thread.graphql
  pr-review-20250412.1339/graphql/search-prs.graphql
  pr-review-20250412.1339/graphql/submit-review.graphql
  pr-review-20250412.1339/graphql/unresolve-review-thread.graphql
  pr-review-20250412.1339/graphql/update-comment.graphql
  pr-review-20250412.1339/graphql/update-pr.graphql
  pr-review-20250412.1339/graphql/update-review-comment.graphql
  pr-review-20250412.1339/graphql/update-review.graphql
  pr-review-20250412.1339/graphql/update-subscription.graphql
  pr-review-20250412.1339/graphql/whoami.graphql
  pr-review-20250412.1339/pr-review-action.el
  pr-review-20250412.1339/pr-review-api.el
  pr-review-20250412.1339/pr-review-common.el
  pr-review-20250412.1339/pr-review-input.el
  pr-review-20250412.1339/pr-review-listview.el
  pr-review-20250412.1339/pr-review-notification.el
  pr-review-20250412.1339/pr-review-pkg.el
  pr-review-20250412.1339/pr-review-render.el
  pr-review-20250412.1339/pr-review-search.el
  pr-review-20250412.1339/pr-review.el
 ✓ Success:
  2025-04-13T00:01:54+0000  pr-review-20250412.1339.entry
  2025-04-13T00:01:53+0000  pr-review-20250412.1339.tar
Built pr-review in 3.280s, finished at 2025-04-13T00:01:55+0000
