Package: processing-snippets
Fetcher: github
Source:  https://github.com/ptrv/processing2-emacs.git

Updating /mnt/store/melpa/working/processing-snippets/
Checking out 6175b8eef76369c4b1b8608b8df9a37f14b1be5c
Copying files (->) and directories (=>)
  from /mnt/store/melpa/working/processing-snippets/
  to /tmp/processing-snippetsNOzllb/processing-snippets-20140426.1428
    processing-snippets.el -> processing-snippets.el
    snippets => snippets
Created processing-snippets-20140426.1428.tar containing:
  processing-snippets-20140426.1428/
  processing-snippets-20140426.1428/processing-snippets-pkg.el
  processing-snippets-20140426.1428/processing-snippets.el
  processing-snippets-20140426.1428/snippets/
  processing-snippets-20140426.1428/snippets/processing-mode/
  processing-snippets-20140426.1428/snippets/processing-mode/@param
  processing-snippets-20140426.1428/snippets/processing-mode/@private
  processing-snippets-20140426.1428/snippets/processing-mode/@public
  processing-snippets-20140426.1428/snippets/processing-mode/@return
  processing-snippets-20140426.1428/snippets/processing-mode/Array
  processing-snippets-20140426.1428/snippets/processing-mode/ArrayList
  processing-snippets-20140426.1428/snippets/processing-mode/HALF_PI
  processing-snippets-20140426.1428/snippets/processing-mode/Object
  processing-snippets-20140426.1428/snippets/processing-mode/PFont
  processing-snippets-20140426.1428/snippets/processing-mode/PGraphics
  processing-snippets-20140426.1428/snippets/processing-mode/PI
  processing-snippets-20140426.1428/snippets/processing-mode/PImage
  processing-snippets-20140426.1428/snippets/processing-mode/String
  processing-snippets-20140426.1428/snippets/processing-mode/TWO_PI
  processing-snippets-20140426.1428/snippets/processing-mode/abs
  processing-snippets-20140426.1428/snippets/processing-mode/acos
  processing-snippets-20140426.1428/snippets/processing-mode/alpha
  processing-snippets-20140426.1428/snippets/processing-mode/ambient
  processing-snippets-20140426.1428/snippets/processing-mode/ambientLight
  processing-snippets-20140426.1428/snippets/processing-mode/append
  processing-snippets-20140426.1428/snippets/processing-mode/arc
  processing-snippets-20140426.1428/snippets/processing-mode/arrayCopy
  processing-snippets-20140426.1428/snippets/processing-mode/asin
  processing-snippets-20140426.1428/snippets/processing-mode/atan
  processing-snippets-20140426.1428/snippets/processing-mode/atan2
  processing-snippets-20140426.1428/snippets/processing-mode/background
  processing-snippets-20140426.1428/snippets/processing-mode/beginCamera
  processing-snippets-20140426.1428/snippets/processing-mode/beginGL
  processing-snippets-20140426.1428/snippets/processing-mode/beginRecord
  processing-snippets-20140426.1428/snippets/processing-mode/bezier
  processing-snippets-20140426.1428/snippets/processing-mode/bezierDetail
  processing-snippets-20140426.1428/snippets/processing-mode/bezierPoint
  processing-snippets-20140426.1428/snippets/processing-mode/bezierTangent
  processing-snippets-20140426.1428/snippets/processing-mode/bezierVertex
  processing-snippets-20140426.1428/snippets/processing-mode/bezierVertex_3d
  processing-snippets-20140426.1428/snippets/processing-mode/bezier_3d
  processing-snippets-20140426.1428/snippets/processing-mode/binary
  processing-snippets-20140426.1428/snippets/processing-mode/blue
  processing-snippets-20140426.1428/snippets/processing-mode/boolean
  processing-snippets-20140426.1428/snippets/processing-mode/box
  processing-snippets-20140426.1428/snippets/processing-mode/break
  processing-snippets-20140426.1428/snippets/processing-mode/brightness
  processing-snippets-20140426.1428/snippets/processing-mode/byte
  processing-snippets-20140426.1428/snippets/processing-mode/camera
  processing-snippets-20140426.1428/snippets/processing-mode/case
  processing-snippets-20140426.1428/snippets/processing-mode/catch
  processing-snippets-20140426.1428/snippets/processing-mode/ceil
  processing-snippets-20140426.1428/snippets/processing-mode/char
  processing-snippets-20140426.1428/snippets/processing-mode/class
  processing-snippets-20140426.1428/snippets/processing-mode/color
  processing-snippets-20140426.1428/snippets/processing-mode/concat
  processing-snippets-20140426.1428/snippets/processing-mode/const
  processing-snippets-20140426.1428/snippets/processing-mode/constrain
  processing-snippets-20140426.1428/snippets/processing-mode/copy
  processing-snippets-20140426.1428/snippets/processing-mode/cos
  processing-snippets-20140426.1428/snippets/processing-mode/createReader
  processing-snippets-20140426.1428/snippets/processing-mode/createWriter
  processing-snippets-20140426.1428/snippets/processing-mode/curve
  processing-snippets-20140426.1428/snippets/processing-mode/curveDetail
  processing-snippets-20140426.1428/snippets/processing-mode/curvePoint
  processing-snippets-20140426.1428/snippets/processing-mode/curveTightness
  processing-snippets-20140426.1428/snippets/processing-mode/curveVertex
  processing-snippets-20140426.1428/snippets/processing-mode/curveVertex_3d
  processing-snippets-20140426.1428/snippets/processing-mode/curve_3d
  processing-snippets-20140426.1428/snippets/processing-mode/default
  processing-snippets-20140426.1428/snippets/processing-mode/degrees
  processing-snippets-20140426.1428/snippets/processing-mode/directionalLight
  processing-snippets-20140426.1428/snippets/processing-mode/dist
  processing-snippets-20140426.1428/snippets/processing-mode/dist_3d
  processing-snippets-20140426.1428/snippets/processing-mode/doc_class
  processing-snippets-20140426.1428/snippets/processing-mode/doc_comment
  processing-snippets-20140426.1428/snippets/processing-mode/doc_newline
  processing-snippets-20140426.1428/snippets/processing-mode/ellipse
  processing-snippets-20140426.1428/snippets/processing-mode/ellipseMode
  processing-snippets-20140426.1428/snippets/processing-mode/else
  processing-snippets-20140426.1428/snippets/processing-mode/else_if
  processing-snippets-20140426.1428/snippets/processing-mode/emissive
  processing-snippets-20140426.1428/snippets/processing-mode/endCamera
  processing-snippets-20140426.1428/snippets/processing-mode/endRecord
  processing-snippets-20140426.1428/snippets/processing-mode/exp
  processing-snippets-20140426.1428/snippets/processing-mode/expand
  processing-snippets-20140426.1428/snippets/processing-mode/fill
  processing-snippets-20140426.1428/snippets/processing-mode/float
  processing-snippets-20140426.1428/snippets/processing-mode/floor
  processing-snippets-20140426.1428/snippets/processing-mode/focused
  processing-snippets-20140426.1428/snippets/processing-mode/for
  processing-snippets-20140426.1428/snippets/processing-mode/for_in
  processing-snippets-20140426.1428/snippets/processing-mode/frameCount
  processing-snippets-20140426.1428/snippets/processing-mode/frameRate
  processing-snippets-20140426.1428/snippets/processing-mode/frameRate2
  processing-snippets-20140426.1428/snippets/processing-mode/frustum
  processing-snippets-20140426.1428/snippets/processing-mode/function
  processing-snippets-20140426.1428/snippets/processing-mode/get
  processing-snippets-20140426.1428/snippets/processing-mode/get_pixel
  processing-snippets-20140426.1428/snippets/processing-mode/glBindBuffer
  processing-snippets-20140426.1428/snippets/processing-mode/glCallList
  processing-snippets-20140426.1428/snippets/processing-mode/glClear
  processing-snippets-20140426.1428/snippets/processing-mode/glClearColor
  processing-snippets-20140426.1428/snippets/processing-mode/glColor3f
  processing-snippets-20140426.1428/snippets/processing-mode/glColor4f
  processing-snippets-20140426.1428/snippets/processing-mode/glDeleteBuffer
  processing-snippets-20140426.1428/snippets/processing-mode/glDepthMask
  processing-snippets-20140426.1428/snippets/processing-mode/glFlush
  processing-snippets-20140426.1428/snippets/processing-mode/glGenBuffers
  processing-snippets-20140426.1428/snippets/processing-mode/glGenLists
  processing-snippets-20140426.1428/snippets/processing-mode/glGetError
  processing-snippets-20140426.1428/snippets/processing-mode/glLoadIdentity
  processing-snippets-20140426.1428/snippets/processing-mode/glPushMatrix
  processing-snippets-20140426.1428/snippets/processing-mode/glRotatef
  processing-snippets-20140426.1428/snippets/processing-mode/glScalef
  processing-snippets-20140426.1428/snippets/processing-mode/glTexCoord2f
  processing-snippets-20140426.1428/snippets/processing-mode/glTranslatef
  processing-snippets-20140426.1428/snippets/processing-mode/glVertex2f
  processing-snippets-20140426.1428/snippets/processing-mode/glVertex3f
  processing-snippets-20140426.1428/snippets/processing-mode/green
  processing-snippets-20140426.1428/snippets/processing-mode/hex
  processing-snippets-20140426.1428/snippets/processing-mode/hour
  processing-snippets-20140426.1428/snippets/processing-mode/hue
  processing-snippets-20140426.1428/snippets/processing-mode/if
  processing-snippets-20140426.1428/snippets/processing-mode/if_short
  processing-snippets-20140426.1428/snippets/processing-mode/image
  processing-snippets-20140426.1428/snippets/processing-mode/int
  processing-snippets-20140426.1428/snippets/processing-mode/join
  processing-snippets-20140426.1428/snippets/processing-mode/key
  processing-snippets-20140426.1428/snippets/processing-mode/keyCode
  processing-snippets-20140426.1428/snippets/processing-mode/keyPressed
  processing-snippets-20140426.1428/snippets/processing-mode/keyPressed2
  processing-snippets-20140426.1428/snippets/processing-mode/keyReleased
  processing-snippets-20140426.1428/snippets/processing-mode/keyTyped
  processing-snippets-20140426.1428/snippets/processing-mode/lerp
  processing-snippets-20140426.1428/snippets/processing-mode/lerpColor
  processing-snippets-20140426.1428/snippets/processing-mode/lightFalloff
  processing-snippets-20140426.1428/snippets/processing-mode/lightSpecular
  processing-snippets-20140426.1428/snippets/processing-mode/lights
  processing-snippets-20140426.1428/snippets/processing-mode/line
  processing-snippets-20140426.1428/snippets/processing-mode/line_3d
  processing-snippets-20140426.1428/snippets/processing-mode/link
  processing-snippets-20140426.1428/snippets/processing-mode/loadBytes
  processing-snippets-20140426.1428/snippets/processing-mode/loadFont
  processing-snippets-20140426.1428/snippets/processing-mode/loadImage
  processing-snippets-20140426.1428/snippets/processing-mode/loadPixels
  processing-snippets-20140426.1428/snippets/processing-mode/loadStrings
  processing-snippets-20140426.1428/snippets/processing-mode/log
  processing-snippets-20140426.1428/snippets/processing-mode/mag
  processing-snippets-20140426.1428/snippets/processing-mode/map
  processing-snippets-20140426.1428/snippets/processing-mode/match
  processing-snippets-20140426.1428/snippets/processing-mode/max
  processing-snippets-20140426.1428/snippets/processing-mode/max_array
  processing-snippets-20140426.1428/snippets/processing-mode/millis
  processing-snippets-20140426.1428/snippets/processing-mode/min
  processing-snippets-20140426.1428/snippets/processing-mode/min_array
  processing-snippets-20140426.1428/snippets/processing-mode/minute
  processing-snippets-20140426.1428/snippets/processing-mode/modelX
  processing-snippets-20140426.1428/snippets/processing-mode/modelY
  processing-snippets-20140426.1428/snippets/processing-mode/modelZ
  processing-snippets-20140426.1428/snippets/processing-mode/month
  processing-snippets-20140426.1428/snippets/processing-mode/mosueButton
  processing-snippets-20140426.1428/snippets/processing-mode/mouseDragged
  processing-snippets-20140426.1428/snippets/processing-mode/mouseMoved
  processing-snippets-20140426.1428/snippets/processing-mode/mousePressed
  processing-snippets-20140426.1428/snippets/processing-mode/mousePressed2
  processing-snippets-20140426.1428/snippets/processing-mode/mouseReleased
  processing-snippets-20140426.1428/snippets/processing-mode/mouseX
  processing-snippets-20140426.1428/snippets/processing-mode/mouseY
  processing-snippets-20140426.1428/snippets/processing-mode/nf
  processing-snippets-20140426.1428/snippets/processing-mode/nfc
  processing-snippets-20140426.1428/snippets/processing-mode/nfp
  processing-snippets-20140426.1428/snippets/processing-mode/nfs
  processing-snippets-20140426.1428/snippets/processing-mode/noCursor
  processing-snippets-20140426.1428/snippets/processing-mode/noFill
  processing-snippets-20140426.1428/snippets/processing-mode/noLights
  processing-snippets-20140426.1428/snippets/processing-mode/noSmooth
  processing-snippets-20140426.1428/snippets/processing-mode/noStroke
  processing-snippets-20140426.1428/snippets/processing-mode/noTint
  processing-snippets-20140426.1428/snippets/processing-mode/noise
  processing-snippets-20140426.1428/snippets/processing-mode/noiseDetail
  processing-snippets-20140426.1428/snippets/processing-mode/noiseSeed
  processing-snippets-20140426.1428/snippets/processing-mode/norm
  processing-snippets-20140426.1428/snippets/processing-mode/normal
  processing-snippets-20140426.1428/snippets/processing-mode/online
  processing-snippets-20140426.1428/snippets/processing-mode/ortho
  processing-snippets-20140426.1428/snippets/processing-mode/package
  processing-snippets-20140426.1428/snippets/processing-mode/param
  processing-snippets-20140426.1428/snippets/processing-mode/perspective
  processing-snippets-20140426.1428/snippets/processing-mode/pixels
  processing-snippets-20140426.1428/snippets/processing-mode/pmouseX
  processing-snippets-20140426.1428/snippets/processing-mode/pmouseY
  processing-snippets-20140426.1428/snippets/processing-mode/point
  processing-snippets-20140426.1428/snippets/processing-mode/pointLight
  processing-snippets-20140426.1428/snippets/processing-mode/pow
  processing-snippets-20140426.1428/snippets/processing-mode/printCamera
  processing-snippets-20140426.1428/snippets/processing-mode/printMatrix
  processing-snippets-20140426.1428/snippets/processing-mode/printProjection
  processing-snippets-20140426.1428/snippets/processing-mode/println
  processing-snippets-20140426.1428/snippets/processing-mode/println_var
  processing-snippets-20140426.1428/snippets/processing-mode/private_function
  processing-snippets-20140426.1428/snippets/processing-mode/private_static_function
  processing-snippets-20140426.1428/snippets/processing-mode/private_static_var
  processing-snippets-20140426.1428/snippets/processing-mode/private_var
  processing-snippets-20140426.1428/snippets/processing-mode/private_var_object
  processing-snippets-20140426.1428/snippets/processing-mode/protected_function
  processing-snippets-20140426.1428/snippets/processing-mode/protected_var
  processing-snippets-20140426.1428/snippets/processing-mode/protected_var_object
  processing-snippets-20140426.1428/snippets/processing-mode/public_function
  processing-snippets-20140426.1428/snippets/processing-mode/public_static_function
  processing-snippets-20140426.1428/snippets/processing-mode/public_static_var
  processing-snippets-20140426.1428/snippets/processing-mode/public_var
  processing-snippets-20140426.1428/snippets/processing-mode/public_var_object
  processing-snippets-20140426.1428/snippets/processing-mode/pushMatrix
  processing-snippets-20140426.1428/snippets/processing-mode/quad
  processing-snippets-20140426.1428/snippets/processing-mode/radians
  processing-snippets-20140426.1428/snippets/processing-mode/random
  processing-snippets-20140426.1428/snippets/processing-mode/randomSeed
  processing-snippets-20140426.1428/snippets/processing-mode/rect
  processing-snippets-20140426.1428/snippets/processing-mode/red
  processing-snippets-20140426.1428/snippets/processing-mode/resetMatrix
  processing-snippets-20140426.1428/snippets/processing-mode/reverse
  processing-snippets-20140426.1428/snippets/processing-mode/rotate
  processing-snippets-20140426.1428/snippets/processing-mode/rotateX
  processing-snippets-20140426.1428/snippets/processing-mode/rotateY
  processing-snippets-20140426.1428/snippets/processing-mode/rotateZ
  processing-snippets-20140426.1428/snippets/processing-mode/round
  processing-snippets-20140426.1428/snippets/processing-mode/saturation
  processing-snippets-20140426.1428/snippets/processing-mode/save
  processing-snippets-20140426.1428/snippets/processing-mode/saveBytes
  processing-snippets-20140426.1428/snippets/processing-mode/saveFrame
  processing-snippets-20140426.1428/snippets/processing-mode/saveStrings
  processing-snippets-20140426.1428/snippets/processing-mode/scale
  processing-snippets-20140426.1428/snippets/processing-mode/scale_SIZE
  processing-snippets-20140426.1428/snippets/processing-mode/screenX
  processing-snippets-20140426.1428/snippets/processing-mode/screenY
  processing-snippets-20140426.1428/snippets/processing-mode/screenZ
  processing-snippets-20140426.1428/snippets/processing-mode/screen_height
  processing-snippets-20140426.1428/snippets/processing-mode/screen_width
  processing-snippets-20140426.1428/snippets/processing-mode/second
  processing-snippets-20140426.1428/snippets/processing-mode/set
  processing-snippets-20140426.1428/snippets/processing-mode/setSwapInterval
  processing-snippets-20140426.1428/snippets/processing-mode/set_pixel
  processing-snippets-20140426.1428/snippets/processing-mode/setup
  processing-snippets-20140426.1428/snippets/processing-mode/setup_OpenGL
  processing-snippets-20140426.1428/snippets/processing-mode/shininess
  processing-snippets-20140426.1428/snippets/processing-mode/shorten
  processing-snippets-20140426.1428/snippets/processing-mode/sin
  processing-snippets-20140426.1428/snippets/processing-mode/size
  processing-snippets-20140426.1428/snippets/processing-mode/size_OPENGL
  processing-snippets-20140426.1428/snippets/processing-mode/smooth
  processing-snippets-20140426.1428/snippets/processing-mode/sort
  processing-snippets-20140426.1428/snippets/processing-mode/specular
  processing-snippets-20140426.1428/snippets/processing-mode/sphere
  processing-snippets-20140426.1428/snippets/processing-mode/sphereDetail
  processing-snippets-20140426.1428/snippets/processing-mode/splice
  processing-snippets-20140426.1428/snippets/processing-mode/split
  processing-snippets-20140426.1428/snippets/processing-mode/splitTokens
  processing-snippets-20140426.1428/snippets/processing-mode/spotLight
  processing-snippets-20140426.1428/snippets/processing-mode/sq
  processing-snippets-20140426.1428/snippets/processing-mode/sqrt
  processing-snippets-20140426.1428/snippets/processing-mode/status
  processing-snippets-20140426.1428/snippets/processing-mode/str
  processing-snippets-20140426.1428/snippets/processing-mode/stroke
  processing-snippets-20140426.1428/snippets/processing-mode/strokeWeight
  processing-snippets-20140426.1428/snippets/processing-mode/subset
  processing-snippets-20140426.1428/snippets/processing-mode/switch
  processing-snippets-20140426.1428/snippets/processing-mode/tan
  processing-snippets-20140426.1428/snippets/processing-mode/textAscent
  processing-snippets-20140426.1428/snippets/processing-mode/textDescent
  processing-snippets-20140426.1428/snippets/processing-mode/textFont
  processing-snippets-20140426.1428/snippets/processing-mode/textLeading
  processing-snippets-20140426.1428/snippets/processing-mode/textSize
  processing-snippets-20140426.1428/snippets/processing-mode/textWidth
  processing-snippets-20140426.1428/snippets/processing-mode/text_data
  processing-snippets-20140426.1428/snippets/processing-mode/text_stringdata
  processing-snippets-20140426.1428/snippets/processing-mode/throw
  processing-snippets-20140426.1428/snippets/processing-mode/tint
  processing-snippets-20140426.1428/snippets/processing-mode/translate
  processing-snippets-20140426.1428/snippets/processing-mode/triangle
  processing-snippets-20140426.1428/snippets/processing-mode/trim
  processing-snippets-20140426.1428/snippets/processing-mode/try
  processing-snippets-20140426.1428/snippets/processing-mode/try__catch
  processing-snippets-20140426.1428/snippets/processing-mode/try__catch__finally
  processing-snippets-20140426.1428/snippets/processing-mode/unbinary
  processing-snippets-20140426.1428/snippets/processing-mode/unhex
  processing-snippets-20140426.1428/snippets/processing-mode/updatePixels
  processing-snippets-20140426.1428/snippets/processing-mode/var
  processing-snippets-20140426.1428/snippets/processing-mode/var_object
  processing-snippets-20140426.1428/snippets/processing-mode/vertex
  processing-snippets-20140426.1428/snippets/processing-mode/vertex_3D
  processing-snippets-20140426.1428/snippets/processing-mode/while
  processing-snippets-20140426.1428/snippets/processing-mode/year
 ✓ Success:
  2024-07-02T23:28:06+0000  processing-snippets-20140426.1428.entry
  2024-07-02T23:28:06+0000  processing-snippets-20140426.1428.tar
Built processing-snippets in 3.844s, finished at 2024-07-02T23:28:08+0000
