Package: project-butler
Fetcher: codeberg
Source:  https://codeberg.org/jabbo/project-butler.git

Updating /mnt/store/melpa/working/project-butler/
Checking out 7a20dd1e0672942ba971978baffa063b399151ef
Copying files (->) and directories (=>)
  from /mnt/store/melpa/working/project-butler/
  to /tmp/project-butlerw11zlW/project-butler-20240718.1920
    project-butler.el -> project-butler.el
    project-butler.info -> project-butler.info
Created project-butler-20240718.1920.tar containing:
  project-butler-20240718.1920/
  project-butler-20240718.1920/dir
  project-butler-20240718.1920/project-butler-pkg.el
  project-butler-20240718.1920/project-butler.el
  project-butler-20240718.1920/project-butler.info
 ✓ Success:
  2024-09-19T00:15:24+0000  project-butler-20240718.1920.entry
  2024-09-19T00:15:23+0000  project-butler-20240718.1920.tar
Built project-butler in 3.322s, finished at 2024-09-19T00:15:24+0000
