Package: projection-multi
Fetcher: github
Source:  https://github.com/mohkale/projection.git

Updating /mnt/store/melpa/working/projection-multi/
Checking out 4115e8f2ac8a9d43a852840c90d48035ced1c3eb
Copying files (->) and directories (=>)
  from /mnt/store/melpa/working/projection-multi/
  to /tmp/projection-multiNaXUb7/projection-multi-20231231.1416
  ! src/projection-multi/projection-multi-cmake.el -> projection-multi-cmake.el
  ! src/projection-multi/projection-multi-ctest.el -> projection-multi-ctest.el
  ! src/projection-multi/projection-multi-make.el -> projection-multi-make.el
  ! src/projection-multi/projection-multi-meson.el -> projection-multi-meson.el
  ! src/projection-multi/projection-multi-npm-scripts.el -> projection-multi-npm-scripts.el
  ! src/projection-multi/projection-multi-poetry-poe.el -> projection-multi-poetry-poe.el
  ! src/projection-multi/projection-multi-rustic.el -> projection-multi-rustic.el
  ! src/projection-multi/projection-multi-tox.el -> projection-multi-tox.el
  ! src/projection-multi/projection-multi-yarn-scripts.el -> projection-multi-yarn-scripts.el
  ! src/projection-multi/projection-multi.el -> projection-multi.el
Created projection-multi-20231231.1416.tar containing:
  projection-multi-20231231.1416/
  projection-multi-20231231.1416/projection-multi-cmake.el
  projection-multi-20231231.1416/projection-multi-ctest.el
  projection-multi-20231231.1416/projection-multi-make.el
  projection-multi-20231231.1416/projection-multi-meson.el
  projection-multi-20231231.1416/projection-multi-npm-scripts.el
  projection-multi-20231231.1416/projection-multi-pkg.el
  projection-multi-20231231.1416/projection-multi-poetry-poe.el
  projection-multi-20231231.1416/projection-multi-rustic.el
  projection-multi-20231231.1416/projection-multi-tox.el
  projection-multi-20231231.1416/projection-multi-yarn-scripts.el
  projection-multi-20231231.1416/projection-multi.el
 ✓ Success:
  2024-01-08T15:20:06+0000  projection-multi-20231231.1416.entry
  2024-01-08T15:20:05+0000  projection-multi-20231231.1416.tar
Built projection-multi in 4.616s, finished at 2024-01-08T15:20:08+0000
