Package: projmake-mode
Fetcher: github
Source:  https://github.com/ericbmerritt/projmake-mode

Updating /mnt/store/melpa/working/projmake-mode/
Checking out 93e2a23f929d69ac3d735a05d6bdcd93fca32471
Copying files (->) and directories (=>)
  from /mnt/store/melpa/working/projmake-mode/
  to /tmp/projmake-modeheaN0c/projmake-mode-20241228.1643
  ! src/projmake-banner.el -> projmake-banner.el
  ! src/projmake-build-state.el -> projmake-build-state.el
  ! src/projmake-default-parse-engine.el -> projmake-default-parse-engine.el
  ! src/projmake-discover.el -> projmake-discover.el
  ! src/projmake-elmm.el -> projmake-elmm.el
  ! src/projmake-error.el -> projmake-error.el
  ! src/projmake-log.el -> projmake-log.el
  ! src/projmake-markup.el -> projmake-markup.el
  ! src/projmake-mode.el -> projmake-mode.el
  ! src/projmake-ocaml-parse-engine.el -> projmake-ocaml-parse-engine.el
  ! src/projmake-parse-engine.el -> projmake-parse-engine.el
  ! src/projmake-project.el -> projmake-project.el
  ! src/projmake-util.el -> projmake-util.el
Created projmake-mode-20241228.1643.tar containing:
  projmake-mode-20241228.1643/
  projmake-mode-20241228.1643/projmake-banner.el
  projmake-mode-20241228.1643/projmake-build-state.el
  projmake-mode-20241228.1643/projmake-default-parse-engine.el
  projmake-mode-20241228.1643/projmake-discover.el
  projmake-mode-20241228.1643/projmake-elmm.el
  projmake-mode-20241228.1643/projmake-error.el
  projmake-mode-20241228.1643/projmake-log.el
  projmake-mode-20241228.1643/projmake-markup.el
  projmake-mode-20241228.1643/projmake-mode-pkg.el
  projmake-mode-20241228.1643/projmake-mode.el
  projmake-mode-20241228.1643/projmake-ocaml-parse-engine.el
  projmake-mode-20241228.1643/projmake-parse-engine.el
  projmake-mode-20241228.1643/projmake-project.el
  projmake-mode-20241228.1643/projmake-util.el
 ✓ Success:
  2025-02-26T00:12:14+0000  projmake-mode-20241228.1643.entry
  2025-02-26T00:12:14+0000  projmake-mode-20241228.1643.tar
Built projmake-mode in 3.386s, finished at 2025-02-26T00:12:15+0000
