Package: projection
Fetcher: github
Source:  https://github.com/mohkale/projection.git

Updating /mnt/store/melpa/working/projection/
Checking out c6df3b19204113642ee14a87598d65c03688f0fa
Copying files (->) and directories (=>)
  from /mnt/store/melpa/working/projection/
  to /tmp/projectionEy61mh/projection-20240517.2023
  ! src/projection-artifacts.el -> projection-artifacts.el
  ! src/projection-commands.el -> projection-commands.el
  ! src/projection-core-cache.el -> projection-core-cache.el
  ! src/projection-core-commands.el -> projection-core-commands.el
  ! src/projection-core-completion.el -> projection-core-completion.el
  ! src/projection-core-log.el -> projection-core-log.el
  ! src/projection-core-match.el -> projection-core-match.el
  ! src/projection-core-misc.el -> projection-core-misc.el
  ! src/projection-core-type.el -> projection-core-type.el
  ! src/projection-core.el -> projection-core.el
  ! src/projection-find.el -> projection-find.el
  ! src/projection-hook.el -> projection-hook.el
  ! src/projection-ibuffer.el -> projection-ibuffer.el
  ! src/projection-recentf.el -> projection-recentf.el
  ! src/projection-type-cmake.el -> projection-type-cmake.el
  ! src/projection-type-golang.el -> projection-type-golang.el
  ! src/projection-type-gradle.el -> projection-type-gradle.el
  ! src/projection-type-meson.el -> projection-type-meson.el
  ! src/projection-types.el -> projection-types.el
  ! src/projection-utils.el -> projection-utils.el
  ! src/projection.el -> projection.el
Created projection-20240517.2023.tar containing:
  projection-20240517.2023/
  projection-20240517.2023/projection-artifacts.el
  projection-20240517.2023/projection-commands.el
  projection-20240517.2023/projection-core-cache.el
  projection-20240517.2023/projection-core-commands.el
  projection-20240517.2023/projection-core-completion.el
  projection-20240517.2023/projection-core-log.el
  projection-20240517.2023/projection-core-match.el
  projection-20240517.2023/projection-core-misc.el
  projection-20240517.2023/projection-core-type.el
  projection-20240517.2023/projection-core.el
  projection-20240517.2023/projection-find.el
  projection-20240517.2023/projection-hook.el
  projection-20240517.2023/projection-ibuffer.el
  projection-20240517.2023/projection-pkg.el
  projection-20240517.2023/projection-recentf.el
  projection-20240517.2023/projection-type-cmake.el
  projection-20240517.2023/projection-type-golang.el
  projection-20240517.2023/projection-type-gradle.el
  projection-20240517.2023/projection-type-meson.el
  projection-20240517.2023/projection-types.el
  projection-20240517.2023/projection-utils.el
  projection-20240517.2023/projection.el
 ✓ Success:
  2024-06-21T23:59:53+0000  projection-20240517.2023.entry
  2024-06-21T23:59:53+0000  projection-20240517.2023.tar
Built projection in 4.112s, finished at 2024-06-21T23:59:54+0000
