 • Building package promise (from github:chuntaro/emacs-promise)...
Updating /mnt/store/melpa/working/promise/
Checking out cec51feb5f957e8febe6325335cf57dc2db6be30
Copying files (->) and directories (=>)
  from /mnt/store/melpa/working/promise/
  to /tmp/promiseHGKKlw/promise-20210307.727
    promise-core.el -> promise-core.el
    promise-done.el -> promise-done.el
    promise-es6-extensions.el -> promise-es6-extensions.el
    promise-finally.el -> promise-finally.el
    promise-rejection-tracking.el -> promise-rejection-tracking.el
    promise.el -> promise.el
Created promise-20210307.727.tar containing:
  promise-20210307.727/
  promise-20210307.727/promise-core.el
  promise-20210307.727/promise-done.el
  promise-20210307.727/promise-es6-extensions.el
  promise-20210307.727/promise-finally.el
  promise-20210307.727/promise-pkg.el
  promise-20210307.727/promise-rejection-tracking.el
  promise-20210307.727/promise.el
 ✓ Success:
  2025-12-22T00:10:37+0000  promise-20210307.727.entry
  2025-12-22T00:10:37+0000  promise-20210307.727.tar
Built promise in 2.775s, finished at 2025-12-22T00:10:38+0000
