Package: prosjekt
Fetcher: github
Source:  https://github.com/abingham/prosjekt

Updating /mnt/store/melpa/working/prosjekt/
Checking out a864a8be5842223043702395f311e3350c28e9db
Copying files (->) and directories (=>)
  from /mnt/store/melpa/working/prosjekt/
  to /tmp/prosjektxPYtVw/prosjekt-20151127.1416
  ! prosjekt/prosjekt.el -> prosjekt.el
  ! prosjekt/ext/async-shell-command-prosjekt.el -> async-shell-command-prosjekt.el
  ! prosjekt/ext/find-project-file-prosjekt.el -> find-project-file-prosjekt.el
Created prosjekt-20151127.1416.tar containing:
  prosjekt-20151127.1416/
  prosjekt-20151127.1416/async-shell-command-prosjekt.el
  prosjekt-20151127.1416/find-project-file-prosjekt.el
  prosjekt-20151127.1416/prosjekt-pkg.el
  prosjekt-20151127.1416/prosjekt.el
 ✓ Success:
  2025-04-11T22:45:35+0000  prosjekt-20151127.1416.entry
  2025-04-11T22:45:35+0000  prosjekt-20151127.1416.tar
Built prosjekt in 5.122s, finished at 2025-04-11T22:45:37+0000
