Package: psc-ide
Fetcher: github
Source:  https://github.com/purescript-emacs/psc-ide-emacs.git

Updating /mnt/store/melpa/working/psc-ide/
Checking out 4e614df553fb315d32ee9dac085109ee7786a3cf
Copying files (->) and directories (=>)
  from /mnt/store/melpa/working/psc-ide/
  to /tmp/psc-ideat2Osn/psc-ide-20240113.1224
    psc-ide-backported.el -> psc-ide-backported.el
    psc-ide-flycheck.el -> psc-ide-flycheck.el
    psc-ide-protocol.el -> psc-ide-protocol.el
    psc-ide.el -> psc-ide.el
Created psc-ide-20240113.1224.tar containing:
  psc-ide-20240113.1224/
  psc-ide-20240113.1224/psc-ide-backported.el
  psc-ide-20240113.1224/psc-ide-flycheck.el
  psc-ide-20240113.1224/psc-ide-pkg.el
  psc-ide-20240113.1224/psc-ide-protocol.el
  psc-ide-20240113.1224/psc-ide.el
 ✓ Success:
  2024-05-15T21:57:22+0000  psc-ide-20240113.1224.entry
  2024-05-15T21:57:22+0000  psc-ide-20240113.1224.tar
Built psc-ide in 4.673s, finished at 2024-05-15T21:57:24+0000
