Package: punpun-themes
Fetcher: git
Source:  https://depp.brause.cc/punpun-themes.git

Updating /mnt/store/melpa/working/punpun-themes/
Checking out 6a7e04de1ad9f7ba9074b7206bffc9241c33349c
Copying files (->) and directories (=>)
  from /mnt/store/melpa/working/punpun-themes/
  to /tmp/punpun-themesFUqee8/punpun-themes-20221121.1018
    punpun-dark-theme.el -> punpun-dark-theme.el
    punpun-light-theme.el -> punpun-light-theme.el
    punpun-themes-pkg.el -> punpun-themes-pkg.el
    punpun-themes.el -> punpun-themes.el
Created punpun-themes-20221121.1018.tar containing:
  punpun-themes-20221121.1018/
  punpun-themes-20221121.1018/punpun-dark-theme.el
  punpun-themes-20221121.1018/punpun-light-theme.el
  punpun-themes-20221121.1018/punpun-themes-pkg.el
  punpun-themes-20221121.1018/punpun-themes.el
 ✓ Success:
  2024-07-15T22:55:52+0000  punpun-themes-20221121.1018.entry
  2024-07-15T22:55:52+0000  punpun-themes-20221121.1018.tar
Built punpun-themes in 4.951s, finished at 2024-07-15T22:55:53+0000
