Package: purp-theme
Fetcher: github
Source:  https://github.com/gnuvince/purp.git

Updating /mnt/store/melpa/working/purp-theme/
Checking out 8d3510e1ed995b8323cd5205626ddde6386a76ca
Copying files (->) and directories (=>)
  from /mnt/store/melpa/working/purp-theme/
  to /tmp/purp-theme06TBTU/purp-theme-20210912.1940
    blurb-theme.el -> blurb-theme.el
    ega-theme.el -> ega-theme.el
    purp-common.el -> purp-common.el
    purp-light-theme.el -> purp-light-theme.el
    purp-theme.el -> purp-theme.el
Created purp-theme-20210912.1940.tar containing:
  purp-theme-20210912.1940/
  purp-theme-20210912.1940/blurb-theme.el
  purp-theme-20210912.1940/ega-theme.el
  purp-theme-20210912.1940/purp-common.el
  purp-theme-20210912.1940/purp-light-theme.el
  purp-theme-20210912.1940/purp-theme-pkg.el
  purp-theme-20210912.1940/purp-theme.el
 ✓ Success:
  2024-02-15T23:41:03+0000  purp-theme-20210912.1940.entry
  2024-02-15T23:41:03+0000  purp-theme-20210912.1940.tar
Built purp-theme in 2.660s, finished at 2024-02-15T23:41:04+0000
