Package: pycoverage
Fetcher: github
Source:  https://github.com/mattharrison/pycoverage.el.git

Updating /mnt/store/melpa/working/pycoverage/
Checking out 3c69ed312121368f1b24cc04d54a29ce4ed4f743
Copying files (->) and directories (=>)
  from /mnt/store/melpa/working/pycoverage/
  to /tmp/pycoverageJm88O3/pycoverage-20200513.2047
    pycoverage.el -> pycoverage.el
  ! cov2emacs/bin/cov2emacs -> cov2emacs
  ! cov2emacs/cov2emacslib/__init__.py -> __init__.py
  ! cov2emacs/cov2emacslib/meta.py -> meta.py
Created pycoverage-20200513.2047.tar containing:
  pycoverage-20200513.2047/
  pycoverage-20200513.2047/__init__.py
  pycoverage-20200513.2047/cov2emacs
  pycoverage-20200513.2047/meta.py
  pycoverage-20200513.2047/pycoverage-pkg.el
  pycoverage-20200513.2047/pycoverage.el
 ✓ Success:
  2024-04-22T23:52:30+0000  pycoverage-20200513.2047.entry
  2024-04-22T23:52:30+0000  pycoverage-20200513.2047.tar
Built pycoverage in 3.360s, finished at 2024-04-22T23:52:32+0000
