Package: pyim
Fetcher: github
Source:  https://github.com/tumashu/pyim.git

Updating /mnt/store/melpa/working/pyim/
Checking out 64067b20ce0e964b1342b378180f24a1d4503797
Copying files (->) and directories (=>)
  from /mnt/store/melpa/working/pyim/
  to /tmp/pyimiN6DBM/pyim-20230908.39
    pyim-autoselector.el -> pyim-autoselector.el
    pyim-candidates.el -> pyim-candidates.el
    pyim-cloudim.el -> pyim-cloudim.el
    pyim-codes.el -> pyim-codes.el
    pyim-common.el -> pyim-common.el
    pyim-cregexp-utils.el -> pyim-cregexp-utils.el
    pyim-cregexp.el -> pyim-cregexp.el
    pyim-cstring-utils.el -> pyim-cstring-utils.el
    pyim-cstring.el -> pyim-cstring.el
    pyim-dcache.el -> pyim-dcache.el
    pyim-dhashcache.el -> pyim-dhashcache.el
    pyim-dict-manager.el -> pyim-dict-manager.el
    pyim-dict.el -> pyim-dict.el
    pyim-dregcache.el -> pyim-dregcache.el
    pyim-entered.el -> pyim-entered.el
    pyim-imobjs.el -> pyim-imobjs.el
    pyim-indicator.el -> pyim-indicator.el
    pyim-liberime.el -> pyim-liberime.el
    pyim-outcome.el -> pyim-outcome.el
    pyim-page.el -> pyim-page.el
    pyim-pinyin.el -> pyim-pinyin.el
    pyim-preview.el -> pyim-preview.el
    pyim-probe.el -> pyim-probe.el
    pyim-process.el -> pyim-process.el
    pyim-punctuation.el -> pyim-punctuation.el
    pyim-pymap-utils.el -> pyim-pymap-utils.el
    pyim-pymap.el -> pyim-pymap.el
    pyim-scheme.el -> pyim-scheme.el
    pyim.el -> pyim.el
Created pyim-20230908.39.tar containing:
  pyim-20230908.39/
  pyim-20230908.39/pyim-autoselector.el
  pyim-20230908.39/pyim-candidates.el
  pyim-20230908.39/pyim-cloudim.el
  pyim-20230908.39/pyim-codes.el
  pyim-20230908.39/pyim-common.el
  pyim-20230908.39/pyim-cregexp-utils.el
  pyim-20230908.39/pyim-cregexp.el
  pyim-20230908.39/pyim-cstring-utils.el
  pyim-20230908.39/pyim-cstring.el
  pyim-20230908.39/pyim-dcache.el
  pyim-20230908.39/pyim-dhashcache.el
  pyim-20230908.39/pyim-dict-manager.el
  pyim-20230908.39/pyim-dict.el
  pyim-20230908.39/pyim-dregcache.el
  pyim-20230908.39/pyim-entered.el
  pyim-20230908.39/pyim-imobjs.el
  pyim-20230908.39/pyim-indicator.el
  pyim-20230908.39/pyim-liberime.el
  pyim-20230908.39/pyim-outcome.el
  pyim-20230908.39/pyim-page.el
  pyim-20230908.39/pyim-pinyin.el
  pyim-20230908.39/pyim-pkg.el
  pyim-20230908.39/pyim-preview.el
  pyim-20230908.39/pyim-probe.el
  pyim-20230908.39/pyim-process.el
  pyim-20230908.39/pyim-punctuation.el
  pyim-20230908.39/pyim-pymap-utils.el
  pyim-20230908.39/pyim-pymap.el
  pyim-20230908.39/pyim-scheme.el
  pyim-20230908.39/pyim.el
 ✓ Success:
  2024-01-10T14:46:14+0000  pyim-20230908.39.entry
  2024-01-10T14:46:14+0000  pyim-20230908.39.tar
Built pyim in 3.607s, finished at 2024-01-10T14:46:16+0000
