Package: pyim-wbdict
Fetcher: github
Source:  https://github.com/tumashu/pyim-wbdict.git

Updating /mnt/store/melpa/working/pyim-wbdict/
Checking out e3b128cfcf218e4a0ca04189b0bd46909761227e
Copying files (->) and directories (=>)
  from /mnt/store/melpa/working/pyim-wbdict/
  to /tmp/pyim-wbdictS9Yvmk/pyim-wbdict-20220604.1340
    pyim-wbdict.el -> pyim-wbdict.el
    pyim-wbdict-v86-single.pyim -> pyim-wbdict-v86-single.pyim
    pyim-wbdict-v86.pyim -> pyim-wbdict-v86.pyim
    pyim-wbdict-v98-morphe.pyim -> pyim-wbdict-v98-morphe.pyim
    pyim-wbdict-v98.pyim -> pyim-wbdict-v98.pyim
Created pyim-wbdict-20220604.1340.tar containing:
  pyim-wbdict-20220604.1340/
  pyim-wbdict-20220604.1340/pyim-wbdict-pkg.el
  pyim-wbdict-20220604.1340/pyim-wbdict-v86-single.pyim
  pyim-wbdict-20220604.1340/pyim-wbdict-v86.pyim
  pyim-wbdict-20220604.1340/pyim-wbdict-v98-morphe.pyim
  pyim-wbdict-20220604.1340/pyim-wbdict-v98.pyim
  pyim-wbdict-20220604.1340/pyim-wbdict.el
 ✓ Success:
  2023-12-31T23:21:39+0000  pyim-wbdict-20220604.1340.entry
  2023-12-31T23:21:39+0000  pyim-wbdict-20220604.1340.tar
Built pyim-wbdict in 4.076s, finished at 2023-12-31T23:21:41+0000
