 • Building package pyim-cangjiedict (from github:cor5corpii/pyim-cangjiedict)...
Updating /mnt/store/melpa/working/pyim-cangjiedict/
Checking out 2742edcfb60328793fc983bd4a0dedc88f550ec1
Copying files (->) and directories (=>)
  from /mnt/store/melpa/working/pyim-cangjiedict/
  to /tmp/pyim-cangjiedictLUgUui/pyim-cangjiedict-20250924.1320
    pyim-cangjie5dict.el -> pyim-cangjie5dict.el
    pyim-cangjiedict.el -> pyim-cangjiedict.el
    pyim-cangjie3dict.pyim -> pyim-cangjie3dict.pyim
    pyim-cangjie5dict.pyim -> pyim-cangjie5dict.pyim
    pyim-cangjie6dict.pyim -> pyim-cangjie6dict.pyim
    pyim-sancangdict.pyim -> pyim-sancangdict.pyim
Created pyim-cangjiedict-20250924.1320.tar containing:
  pyim-cangjiedict-20250924.1320/
  pyim-cangjiedict-20250924.1320/pyim-cangjie3dict.pyim
  pyim-cangjiedict-20250924.1320/pyim-cangjie5dict.el
  pyim-cangjiedict-20250924.1320/pyim-cangjie5dict.pyim
  pyim-cangjiedict-20250924.1320/pyim-cangjie6dict.pyim
  pyim-cangjiedict-20250924.1320/pyim-cangjiedict-pkg.el
  pyim-cangjiedict-20250924.1320/pyim-cangjiedict.el
  pyim-cangjiedict-20250924.1320/pyim-sancangdict.pyim
 ✓ Success:
  2025-12-22T00:11:23+0000  pyim-cangjiedict-20250924.1320.entry
  2025-12-22T00:11:23+0000  pyim-cangjiedict-20250924.1320.tar
Built pyim-cangjiedict in 3.956s, finished at 2025-12-22T00:11:24+0000
