Package: pylint
Fetcher: github
Source:  https://github.com/emacsorphanage/pylint

Updating /mnt/store/melpa/working/pylint/
Checking out bddb91610b6b6aa1e7fee96b6be3be69dfe3695e
Copying files (->) and directories (=>)
  from /mnt/store/melpa/working/pylint/
  to /tmp/pylintTv49ot/pylint-20221117.1303
    pylint-flymake.el -> pylint-flymake.el
    pylint.el -> pylint.el
    epylint.py -> epylint.py
Created pylint-20221117.1303.tar containing:
  pylint-20221117.1303/
  pylint-20221117.1303/epylint.py
  pylint-20221117.1303/pylint-flymake.el
  pylint-20221117.1303/pylint-pkg.el
  pylint-20221117.1303/pylint.el
 ✓ Success:
  2025-02-12T23:58:06+0000  pylint-20221117.1303.entry
  2025-02-12T23:58:06+0000  pylint-20221117.1303.tar
Built pylint in 3.134s, finished at 2025-02-12T23:58:07+0000
