Package: python-mode
Fetcher: gitlab
Source:  https://gitlab.com/python-mode-devs/python-mode

Updating /mnt/store/melpa/working/python-mode/
Checking out 771a74016aa0977cd19882a954d6d9c0336019e5
Copying files (->) and directories (=>)
  from /mnt/store/melpa/working/python-mode/
  to /tmp/python-modeuAnbbH/python-mode-20250406.629
    python-mode.el -> python-mode.el
    completion/pycomplete.el -> completion/pycomplete.el
    completion/pycomplete.py -> completion/pycomplete.py
Created python-mode-20250406.629.tar containing:
  python-mode-20250406.629/
  python-mode-20250406.629/completion/
  python-mode-20250406.629/completion/pycomplete.el
  python-mode-20250406.629/completion/pycomplete.py
  python-mode-20250406.629/python-mode-pkg.el
  python-mode-20250406.629/python-mode.el
 ✓ Success:
  2025-04-07T23:34:26+0000  python-mode-20250406.629.entry
  2025-04-07T23:34:26+0000  python-mode-20250406.629.tar
Built python-mode in 5.103s, finished at 2025-04-07T23:34:27+0000
