Package: r-autoyas
Fetcher: github
Source:  https://github.com/mattfidler/r-autoyas.el.git

Updating /mnt/store/melpa/working/r-autoyas/
Checking out d321a7da0ef2e94668d53e0807277da7b70ea678
Copying files (->) and directories (=>)
  from /mnt/store/melpa/working/r-autoyas/
  to /tmp/r-autoyasRLcn1M/r-autoyas-20140101.1510
    r-autoyas.el -> r-autoyas.el
    r-autoyas.texi -> r-autoyas.texi
Generating /tmp/r-autoyasRLcn1M/r-autoyas-20140101.1510/r-autoyas.info
Created r-autoyas-20140101.1510.tar containing:
  r-autoyas-20140101.1510/
  r-autoyas-20140101.1510/dir
  r-autoyas-20140101.1510/r-autoyas-pkg.el
  r-autoyas-20140101.1510/r-autoyas.el
  r-autoyas-20140101.1510/r-autoyas.info
 ✓ Success:
  2024-05-04T00:14:30+0000  r-autoyas-20140101.1510.entry
  2024-05-04T00:14:30+0000  r-autoyas-20140101.1510.tar
Built r-autoyas in 6.756s, finished at 2024-05-04T00:14:32+0000
