Package: raku-mode
Fetcher: github
Source:  https://github.com/Raku/raku-mode

Updating /mnt/store/melpa/working/raku-mode/
Checking out 14f9b9bba08c0bbb7f3895380d0b1a9feb7a168d
Copying files (->) and directories (=>)
  from /mnt/store/melpa/working/raku-mode/
  to /tmp/raku-modeo9qLGb/raku-mode-20240429.1007
    raku-detect.el -> raku-detect.el
    raku-font-lock.el -> raku-font-lock.el
    raku-imenu.el -> raku-imenu.el
    raku-indent.el -> raku-indent.el
    raku-mode.el -> raku-mode.el
    raku-repl.el -> raku-repl.el
    raku-skeletons.el -> raku-skeletons.el
    raku-unicode-menu.el -> raku-unicode-menu.el
Created raku-mode-20240429.1007.tar containing:
  raku-mode-20240429.1007/
  raku-mode-20240429.1007/raku-detect.el
  raku-mode-20240429.1007/raku-font-lock.el
  raku-mode-20240429.1007/raku-imenu.el
  raku-mode-20240429.1007/raku-indent.el
  raku-mode-20240429.1007/raku-mode-pkg.el
  raku-mode-20240429.1007/raku-mode.el
  raku-mode-20240429.1007/raku-repl.el
  raku-mode-20240429.1007/raku-skeletons.el
  raku-mode-20240429.1007/raku-unicode-menu.el
 ✓ Success:
  2024-11-17T23:25:34+0000  raku-mode-20240429.1007.entry
  2024-11-17T23:25:34+0000  raku-mode-20240429.1007.tar
Built raku-mode in 3.283s, finished at 2024-11-17T23:25:34+0000
