Package: rbtagger
Fetcher: github
Source:  https://github.com/thiagoa/rbtagger

Updating /mnt/store/melpa/working/rbtagger/
Checking out 351c4006ddacc2f66e6ff8c79d981613e9a8bd22
Copying files (->) and directories (=>)
  from /mnt/store/melpa/working/rbtagger/
  to /tmp/rbtaggerfIb6GH/rbtagger-20211026.2318
    rbtagger.el -> rbtagger.el
    bin => bin
Created rbtagger-20211026.2318.tar containing:
  rbtagger-20211026.2318/
  rbtagger-20211026.2318/bin/
  rbtagger-20211026.2318/bin/ruby_index_tags
  rbtagger-20211026.2318/rbtagger-pkg.el
  rbtagger-20211026.2318/rbtagger.el
 ✓ Success:
  2025-03-17T23:50:10+0000  rbtagger-20211026.2318.entry
  2025-03-17T23:50:09+0000  rbtagger-20211026.2318.tar
Built rbtagger in 3.639s, finished at 2025-03-17T23:50:11+0000
