Package: rdxmk
Fetcher: github
Source:  https://github.com/jsalzbergedu/rdxmk.git

Updating /mnt/store/melpa/working/rdxmk/
Checking out e78749fb29738365ffa4d863ffabeb969ebb0bcf
Copying files (->) and directories (=>)
  from /mnt/store/melpa/working/rdxmk/
  to /tmp/rdxmkXeZJqg/rdxmk-20170630.134
    rdxmk.el -> rdxmk.el
    dir -> dir
    rdxmk.info -> rdxmk.info
    fdl-1.3.texi -> fdl-1.3.texi
    rdxmkinfo.texi -> rdxmkinfo.texi
Generating /tmp/rdxmkXeZJqg/rdxmk-20170630.134/fdl-1.3.info
Generating /tmp/rdxmkXeZJqg/rdxmk-20170630.134/rdxmkinfo.info
Created rdxmk-20170630.134.tar containing:
  rdxmk-20170630.134/
  rdxmk-20170630.134/dir
  rdxmk-20170630.134/fdl-1.3.info
  rdxmk-20170630.134/rdxmk-pkg.el
  rdxmk-20170630.134/rdxmk.el
  rdxmk-20170630.134/rdxmk.info
  rdxmk-20170630.134/rdxmkinfo.info
 ✓ Success:
  2024-01-07T23:35:35+0000  rdxmk-20170630.134.entry
  2024-01-07T23:35:35+0000  rdxmk-20170630.134.tar
Built rdxmk in 11.838s, finished at 2024-01-07T23:35:38+0000
