Package: realgud-old-debuggers
Fetcher: github
Source:  https://github.com/realgud/realgud-old-debuggers.git

Updating /mnt/store/melpa/working/realgud-old-debuggers/
Checking out 0fad38283e885c452160232e01adf3f6ae51983b
Copying files (->) and directories (=>)
  from /mnt/store/melpa/working/realgud-old-debuggers/
  to /tmp/realgud-old-debuggersb9sVTY/realgud-old-debuggers-20190520.1150
    realgud-old-debuggers.el -> realgud-old-debuggers.el
    pydb/core.el -> pydb/core.el
    pydb/init.el -> pydb/init.el
    pydb/pydb.el -> pydb/pydb.el
    pydb/track-mode.el -> pydb/track-mode.el
    pydbgr/core.el -> pydbgr/core.el
    pydbgr/init.el -> pydbgr/init.el
    pydbgr/pydbgr.el -> pydbgr/pydbgr.el
    pydbgr/track-mode.el -> pydbgr/track-mode.el
    trepan8/core.el -> trepan8/core.el
    trepan8/init.el -> trepan8/init.el
    trepan8/track-mode.el -> trepan8/track-mode.el
    trepan8/trepan8.el -> trepan8/trepan8.el
    trepanx/core.el -> trepanx/core.el
    trepanx/init.el -> trepanx/init.el
    trepanx/track-mode.el -> trepanx/track-mode.el
    trepanx/trepanx.el -> trepanx/trepanx.el
Created realgud-old-debuggers-20190520.1150.tar containing:
  realgud-old-debuggers-20190520.1150/
  realgud-old-debuggers-20190520.1150/pydb/
  realgud-old-debuggers-20190520.1150/pydb/core.el
  realgud-old-debuggers-20190520.1150/pydb/init.el
  realgud-old-debuggers-20190520.1150/pydb/pydb.el
  realgud-old-debuggers-20190520.1150/pydb/track-mode.el
  realgud-old-debuggers-20190520.1150/pydbgr/
  realgud-old-debuggers-20190520.1150/pydbgr/core.el
  realgud-old-debuggers-20190520.1150/pydbgr/init.el
  realgud-old-debuggers-20190520.1150/pydbgr/pydbgr.el
  realgud-old-debuggers-20190520.1150/pydbgr/track-mode.el
  realgud-old-debuggers-20190520.1150/realgud-old-debuggers-pkg.el
  realgud-old-debuggers-20190520.1150/realgud-old-debuggers.el
  realgud-old-debuggers-20190520.1150/trepan8/
  realgud-old-debuggers-20190520.1150/trepan8/core.el
  realgud-old-debuggers-20190520.1150/trepan8/init.el
  realgud-old-debuggers-20190520.1150/trepan8/track-mode.el
  realgud-old-debuggers-20190520.1150/trepan8/trepan8.el
  realgud-old-debuggers-20190520.1150/trepanx/
  realgud-old-debuggers-20190520.1150/trepanx/core.el
  realgud-old-debuggers-20190520.1150/trepanx/init.el
  realgud-old-debuggers-20190520.1150/trepanx/track-mode.el
  realgud-old-debuggers-20190520.1150/trepanx/trepanx.el
 ✓ Success:
  2024-01-15T14:42:23+0000  realgud-old-debuggers-20190520.1150.entry
  2024-01-15T14:42:23+0000  realgud-old-debuggers-20190520.1150.tar
Built realgud-old-debuggers in 3.815s, finished at 2024-01-15T14:42:25+0000
