Package: realgud-ipdb
Fetcher: github
Source:  https://github.com/realgud/realgud-ipdb.git

Updating /mnt/store/melpa/working/realgud-ipdb/
Checking out f18f907aa4ddd3e59dc19ca296d4ee2dc5e436b0
Copying files (->) and directories (=>)
  from /mnt/store/melpa/working/realgud-ipdb/
  to /tmp/realgud-ipdbBtqKJ8/realgud-ipdb-20200722.1116
    realgud-ipdb.el -> realgud-ipdb.el
    ipdb/core.el -> ipdb/core.el
    ipdb/init.el -> ipdb/init.el
    ipdb/ipdb.el -> ipdb/ipdb.el
    ipdb/track-mode.el -> ipdb/track-mode.el
Created realgud-ipdb-20200722.1116.tar containing:
  realgud-ipdb-20200722.1116/
  realgud-ipdb-20200722.1116/ipdb/
  realgud-ipdb-20200722.1116/ipdb/core.el
  realgud-ipdb-20200722.1116/ipdb/init.el
  realgud-ipdb-20200722.1116/ipdb/ipdb.el
  realgud-ipdb-20200722.1116/ipdb/track-mode.el
  realgud-ipdb-20200722.1116/realgud-ipdb-pkg.el
  realgud-ipdb-20200722.1116/realgud-ipdb.el
 ✓ Success:
  2024-01-24T06:53:33+0000  realgud-ipdb-20200722.1116.entry
  2024-01-24T06:53:33+0000  realgud-ipdb-20200722.1116.tar
Built realgud-ipdb in 4.003s, finished at 2024-01-24T06:53:35+0000
