Package: realgud-lldb
Fetcher: github
Source:  https://github.com/realgud/realgud-lldb.git

Updating /mnt/store/melpa/working/realgud-lldb/
Checking out 74d442abc8469bb6277702f9c60fa479848009b2
Copying files (->) and directories (=>)
  from /mnt/store/melpa/working/realgud-lldb/
  to /tmp/realgud-lldb5va4VB/realgud-lldb-20230201.948
    cask-install.el -> cask-install.el
    realgud-lldb.el -> realgud-lldb.el
    lldb/core.el -> lldb/core.el
    lldb/init.el -> lldb/init.el
    lldb/lldb.el -> lldb/lldb.el
    lldb/track-mode.el -> lldb/track-mode.el
Created realgud-lldb-20230201.948.tar containing:
  realgud-lldb-20230201.948/
  realgud-lldb-20230201.948/cask-install.el
  realgud-lldb-20230201.948/lldb/
  realgud-lldb-20230201.948/lldb/core.el
  realgud-lldb-20230201.948/lldb/init.el
  realgud-lldb-20230201.948/lldb/lldb.el
  realgud-lldb-20230201.948/lldb/track-mode.el
  realgud-lldb-20230201.948/realgud-lldb-pkg.el
  realgud-lldb-20230201.948/realgud-lldb.el
 ✓ Success:
  2024-05-23T00:02:44+0000  realgud-lldb-20230201.948.entry
  2024-05-23T00:02:44+0000  realgud-lldb-20230201.948.tar
Built realgud-lldb in 4.104s, finished at 2024-05-23T00:02:46+0000
