Package: realgud-rdb2
Fetcher: github
Source:  https://github.com/realgud/realgud-ruby-debugger2

Updating /mnt/store/melpa/working/realgud-rdb2/
Checking out 3594aa74f7afda3c3251bb2af7fe0e8ec6d621ae
Copying files (->) and directories (=>)
  from /mnt/store/melpa/working/realgud-rdb2/
  to /tmp/realgud-rdb2vU8rTi/realgud-rdb2-20190520.1146
    realgud-rdb2.el -> realgud-rdb2.el
    rdb2/core.el -> rdb2/core.el
    rdb2/init.el -> rdb2/init.el
    rdb2/rdb2.el -> rdb2/rdb2.el
    rdb2/track-mode.el -> rdb2/track-mode.el
Created realgud-rdb2-20190520.1146.tar containing:
  realgud-rdb2-20190520.1146/
  realgud-rdb2-20190520.1146/rdb2/
  realgud-rdb2-20190520.1146/rdb2/core.el
  realgud-rdb2-20190520.1146/rdb2/init.el
  realgud-rdb2-20190520.1146/rdb2/rdb2.el
  realgud-rdb2-20190520.1146/rdb2/track-mode.el
  realgud-rdb2-20190520.1146/realgud-rdb2-pkg.el
  realgud-rdb2-20190520.1146/realgud-rdb2.el
 ✓ Success:
  2025-01-20T23:00:59+0000  realgud-rdb2-20190520.1146.entry
  2025-01-20T23:00:59+0000  realgud-rdb2-20190520.1146.tar
Built realgud-rdb2 in 3.063s, finished at 2025-01-20T23:01:00+0000
