Package: reason-mode
Fetcher: github
Source:  https://github.com/reasonml-editor/reason-mode

Updating /mnt/store/melpa/working/reason-mode/
Checking out d657ff75572a8ea7eda6fe22ada3a2ebf5bc6119
Copying files (->) and directories (=>)
  from /mnt/store/melpa/working/reason-mode/
  to /tmp/reason-modep3RTpl/reason-mode-20230405.517
    reason-indent.el -> reason-indent.el
    reason-interaction.el -> reason-interaction.el
    reason-mode.el -> reason-mode.el
    refmt.el -> refmt.el
Created reason-mode-20230405.517.tar containing:
  reason-mode-20230405.517/
  reason-mode-20230405.517/reason-indent.el
  reason-mode-20230405.517/reason-interaction.el
  reason-mode-20230405.517/reason-mode-pkg.el
  reason-mode-20230405.517/reason-mode.el
  reason-mode-20230405.517/refmt.el
 ✓ Success:
  2025-03-09T23:29:58+0000  reason-mode-20230405.517.entry
  2025-03-09T23:29:58+0000  reason-mode-20230405.517.tar
Built reason-mode in 3.257s, finished at 2025-03-09T23:29:59+0000
