Package: reazon
Fetcher: github
Source:  https://github.com/nickdrozd/reazon.git

Updating /mnt/store/melpa/working/reazon/
Checking out da3c4a8acf236eddb73348056e08bea330e868c0
Copying files (->) and directories (=>)
  from /mnt/store/melpa/working/reazon/
  to /tmp/reazonjBCaNG/reazon-20211229.1733
    reazon-perf.el -> reazon-perf.el
    reazon-sudoku.el -> reazon-sudoku.el
    reazon.el -> reazon.el
Created reazon-20211229.1733.tar containing:
  reazon-20211229.1733/
  reazon-20211229.1733/reazon-perf.el
  reazon-20211229.1733/reazon-pkg.el
  reazon-20211229.1733/reazon-sudoku.el
  reazon-20211229.1733/reazon.el
 ✓ Success:
  2024-07-30T03:28:33+0000  reazon-20211229.1733.entry
  2024-07-30T03:28:33+0000  reazon-20211229.1733.tar
Built reazon in 3.584s, finished at 2024-07-30T03:28:34+0000
