 • Building package repeat-fu (from codeberg:ideasman42/emacs-repeat-fu)...
Updating /mnt/store/melpa/working/repeat-fu/
Checking out 7efdeecb1eff76f2ae8d5b38d7572b7821b572e1
Copying files (->) and directories (=>)
  from /mnt/store/melpa/working/repeat-fu/
  to /tmp/repeat-fuAm08RF/repeat-fu-20251126.529
    repeat-fu-preset-meep.el -> repeat-fu-preset-meep.el
    repeat-fu-preset-meow.el -> repeat-fu-preset-meow.el
    repeat-fu-preset-multi.el -> repeat-fu-preset-multi.el
    repeat-fu-preset-single.el -> repeat-fu-preset-single.el
    repeat-fu.el -> repeat-fu.el
Created repeat-fu-20251126.529.tar containing:
  repeat-fu-20251126.529/
  repeat-fu-20251126.529/repeat-fu-pkg.el
  repeat-fu-20251126.529/repeat-fu-preset-meep.el
  repeat-fu-20251126.529/repeat-fu-preset-meow.el
  repeat-fu-20251126.529/repeat-fu-preset-multi.el
  repeat-fu-20251126.529/repeat-fu-preset-single.el
  repeat-fu-20251126.529/repeat-fu.el
 ✓ Success:
  2025-12-15T00:37:27+0000  repeat-fu-20251126.529.entry
  2025-12-15T00:37:27+0000  repeat-fu-20251126.529.tar
Built repeat-fu in 5.344s, finished at 2025-12-15T00:37:29+0000
