Package: rg
Fetcher: github
Source:  https://github.com/dajva/rg.el

Updating /mnt/store/melpa/working/rg/
Checking out 9ab1aefd8a835f41aa2d9518e01414d50680ddc2
Copying files (->) and directories (=>)
  from /mnt/store/melpa/working/rg/
  to /tmp/rgcgA6xu/rg-20241110.1225
    rg-header.el -> rg-header.el
    rg-history.el -> rg-history.el
    rg-ibuffer.el -> rg-ibuffer.el
    rg-info-hack.el -> rg-info-hack.el
    rg-isearch.el -> rg-isearch.el
    rg-menu.el -> rg-menu.el
    rg-result.el -> rg-result.el
    rg.el -> rg.el
    wgrep-rg.el -> wgrep-rg.el
    rgel.info -> rgel.info
Created rg-20241110.1225.tar containing:
  rg-20241110.1225/
  rg-20241110.1225/dir
  rg-20241110.1225/rg-header.el
  rg-20241110.1225/rg-history.el
  rg-20241110.1225/rg-ibuffer.el
  rg-20241110.1225/rg-info-hack.el
  rg-20241110.1225/rg-isearch.el
  rg-20241110.1225/rg-menu.el
  rg-20241110.1225/rg-pkg.el
  rg-20241110.1225/rg-result.el
  rg-20241110.1225/rg.el
  rg-20241110.1225/rgel.info
  rg-20241110.1225/wgrep-rg.el
 ✓ Success:
  2024-11-12T00:06:23+0000  rg-20241110.1225.entry
  2024-11-12T00:06:23+0000  rg-20241110.1225.tar
Built rg in 3.046s, finished at 2024-11-12T00:06:24+0000
