Package: rhtml-mode
Fetcher: github
Source:  https://github.com/eschulte/rhtml.git

Updating /mnt/store/melpa/working/rhtml-mode/
Checking out a6d71b38a3db867ccf82999c99805db1a3a33c33
Copying files (->) and directories (=>)
  from /mnt/store/melpa/working/rhtml-mode/
  to /tmp/rhtml-modeRxRotM/rhtml-mode-20130422.1311
    rhtml-erb.el -> rhtml-erb.el
    rhtml-fonts.el -> rhtml-fonts.el
    rhtml-mode.el -> rhtml-mode.el
    rhtml-navigation.el -> rhtml-navigation.el
    rhtml-ruby-hook.el -> rhtml-ruby-hook.el
    rhtml-sgml-hacks.el -> rhtml-sgml-hacks.el
Created rhtml-mode-20130422.1311.tar containing:
  rhtml-mode-20130422.1311/
  rhtml-mode-20130422.1311/rhtml-erb.el
  rhtml-mode-20130422.1311/rhtml-fonts.el
  rhtml-mode-20130422.1311/rhtml-mode-pkg.el
  rhtml-mode-20130422.1311/rhtml-mode.el
  rhtml-mode-20130422.1311/rhtml-navigation.el
  rhtml-mode-20130422.1311/rhtml-ruby-hook.el
  rhtml-mode-20130422.1311/rhtml-sgml-hacks.el
 ✓ Success:
  2024-03-19T23:24:02+0000  rhtml-mode-20130422.1311.entry
  2024-03-19T23:24:02+0000  rhtml-mode-20130422.1311.tar
Built rhtml-mode in 3.283s, finished at 2024-03-19T23:24:04+0000
