Package: rime
Fetcher: github
Source:  https://github.com/DogLooksGood/emacs-rime

Updating /mnt/store/melpa/working/rime/
Checking out 80f09ed36d9f0ca7ce4e1a3ca1020dc4c80ba335
Copying files (->) and directories (=>)
  from /mnt/store/melpa/working/rime/
  to /tmp/rime4Wa4Pk/rime-20241211.808
    rime-predicates.el -> rime-predicates.el
    rime.el -> rime.el
    lib.c -> lib.c
    Makefile -> Makefile
Created rime-20241211.808.tar containing:
  rime-20241211.808/
  rime-20241211.808/Makefile
  rime-20241211.808/lib.c
  rime-20241211.808/rime-pkg.el
  rime-20241211.808/rime-predicates.el
  rime-20241211.808/rime.el
 ✓ Success:
  2025-05-25T23:59:29+0000  rime-20241211.808.entry
  2025-05-25T23:59:29+0000  rime-20241211.808.tar
Built rime in 3.295s, finished at 2025-05-25T23:59:30+0000
