Package: rmsbolt
Fetcher: gitlab
Source:  https://gitlab.com/jgkamat/rmsbolt.git

Updating /mnt/store/melpa/working/rmsbolt/
Checking out 6c6d64e3e528778277b520d81603d488c2390ced
Copying files (->) and directories (=>)
  from /mnt/store/melpa/working/rmsbolt/
  to /tmp/rmsboltSReFNK/rmsbolt-20231218.600
    rmsbolt-java.el -> rmsbolt-java.el
    rmsbolt-split.el -> rmsbolt-split.el
    rmsbolt.el -> rmsbolt.el
  ! doc/rmsbolt.texi -> rmsbolt.texi
    starters => starters
Generating /tmp/rmsboltSReFNK/rmsbolt-20231218.600/rmsbolt.info
Created rmsbolt-20231218.600.tar containing:
  rmsbolt-20231218.600/
  rmsbolt-20231218.600/dir
  rmsbolt-20231218.600/rmsbolt-java.el
  rmsbolt-20231218.600/rmsbolt-pkg.el
  rmsbolt-20231218.600/rmsbolt-split.el
  rmsbolt-20231218.600/rmsbolt.el
  rmsbolt-20231218.600/rmsbolt.info
  rmsbolt-20231218.600/starters/
  rmsbolt-20231218.600/starters/Rmsbolt.java
  rmsbolt-20231218.600/starters/rmsbolt-starter.el
  rmsbolt-20231218.600/starters/rmsbolt.c
  rmsbolt-20231218.600/starters/rmsbolt.cpp
  rmsbolt-20231218.600/starters/rmsbolt.d
  rmsbolt-20231218.600/starters/rmsbolt.go
  rmsbolt-20231218.600/starters/rmsbolt.hs
  rmsbolt-20231218.600/starters/rmsbolt.lisp
  rmsbolt-20231218.600/starters/rmsbolt.ml
  rmsbolt-20231218.600/starters/rmsbolt.nim
  rmsbolt-20231218.600/starters/rmsbolt.php
  rmsbolt-20231218.600/starters/rmsbolt.pony
  rmsbolt-20231218.600/starters/rmsbolt.py
  rmsbolt-20231218.600/starters/rmsbolt.rs
  rmsbolt-20231218.600/starters/rmsbolt.swift
  rmsbolt-20231218.600/starters/rmsbolt.zig
 ✓ Success:
  2023-12-29T23:21:15+0000  rmsbolt-20231218.600.entry
  2023-12-29T23:21:15+0000  rmsbolt-20231218.600.tar
Built rmsbolt in 5.878s, finished at 2023-12-29T23:21:17+0000
