Package: rspec-mode
Fetcher: github
Source:  https://github.com/pezra/rspec-mode.git

Updating /mnt/store/melpa/working/rspec-mode/
Checking out 29df3d081c6a1cbdf840cd13d45ea1c100c5bbaa
Copying files (->) and directories (=>)
  from /mnt/store/melpa/working/rspec-mode/
  to /tmp/rspec-modeHzXU6w/rspec-mode-20230819.154
    rspec-mode.el -> rspec-mode.el
    snippets => snippets
Created rspec-mode-20230819.154.tar containing:
  rspec-mode-20230819.154/
  rspec-mode-20230819.154/rspec-mode-pkg.el
  rspec-mode-20230819.154/rspec-mode.el
  rspec-mode-20230819.154/snippets/
  rspec-mode-20230819.154/snippets/rspec-mode/
  rspec-mode-20230819.154/snippets/rspec-mode/aft
  rspec-mode-20230819.154/snippets/rspec-mode/back
  rspec-mode-20230819.154/snippets/rspec-mode/bef
  rspec-mode-20230819.154/snippets/rspec-mode/cont
  rspec-mode-20230819.154/snippets/rspec-mode/dc
  rspec-mode-20230819.154/snippets/rspec-mode/desc
  rspec-mode-20230819.154/snippets/rspec-mode/descm
  rspec-mode-20230819.154/snippets/rspec-mode/desct
  rspec-mode-20230819.154/snippets/rspec-mode/exp
  rspec-mode-20230819.154/snippets/rspec-mode/expb
  rspec-mode-20230819.154/snippets/rspec-mode/feat
  rspec-mode-20230819.154/snippets/rspec-mode/featm
  rspec-mode-20230819.154/snippets/rspec-mode/helper
  rspec-mode-20230819.154/snippets/rspec-mode/iexp
  rspec-mode-20230819.154/snippets/rspec-mode/it
  rspec-mode-20230819.154/snippets/rspec-mode/itiexp
  rspec-mode-20230819.154/snippets/rspec-mode/let
  rspec-mode-20230819.154/snippets/rspec-mode/lfgb
  rspec-mode-20230819.154/snippets/rspec-mode/lfgc
  rspec-mode-20230819.154/snippets/rspec-mode/lfgs
  rspec-mode-20230819.154/snippets/rspec-mode/sbj
  rspec-mode-20230819.154/snippets/rspec-mode/scn
  rspec-mode-20230819.154/snippets/rspec-mode/sfgb
  rspec-mode-20230819.154/snippets/rspec-mode/sfgc
  rspec-mode-20230819.154/snippets/rspec-mode/sfgs
  rspec-mode-20230819.154/snippets/rspec-mode/sp
 ✓ Success:
  2024-06-07T00:04:06+0000  rspec-mode-20230819.154.entry
  2024-06-07T00:04:06+0000  rspec-mode-20230819.154.tar
Built rspec-mode in 3.773s, finished at 2024-06-07T00:04:07+0000
