Package: russian-calendar
Fetcher: codeberg
Source:  https://codeberg.org/Anoncheg/emacs-russian-calendar

Updating /mnt/store/melpa/working/russian-calendar/
Checking out a11d53f8bcca40ff3a1331d12c5ced902c1c1758
Copying files (->) and directories (=>)
  from /mnt/store/melpa/working/russian-calendar/
  to /tmp/russian-calendarDsRxKW/russian-calendar-20241223.1331
    russian-calendar-2024.el -> russian-calendar-2024.el
    russian-calendar-2025.el -> russian-calendar-2025.el
    russian-calendar.el -> russian-calendar.el
Created russian-calendar-20241223.1331.tar containing:
  russian-calendar-20241223.1331/
  russian-calendar-20241223.1331/russian-calendar-2024.el
  russian-calendar-20241223.1331/russian-calendar-2025.el
  russian-calendar-20241223.1331/russian-calendar-pkg.el
  russian-calendar-20241223.1331/russian-calendar.el
 ✓ Success:
  2025-01-01T00:51:02+0000  russian-calendar-20241223.1331.entry
  2025-01-01T00:51:02+0000  russian-calendar-20241223.1331.tar
Built russian-calendar in 2.668s, finished at 2025-01-01T00:51:03+0000
