Package: rustic
Fetcher: github
Source:  https://github.com/emacs-rustic/rustic.git

Updating /mnt/store/melpa/working/rustic/
Checking out db1899f911886e2a6a6a522667ce3dbef3f019a9
Copying files (->) and directories (=>)
  from /mnt/store/melpa/working/rustic/
  to /tmp/rusticAFrQA1/rustic-20240813.1515
    rustic-babel.el -> rustic-babel.el
    rustic-cargo.el -> rustic-cargo.el
    rustic-clippy.el -> rustic-clippy.el
    rustic-comint.el -> rustic-comint.el
    rustic-compile.el -> rustic-compile.el
    rustic-doc.el -> rustic-doc.el
    rustic-expand.el -> rustic-expand.el
    rustic-flycheck.el -> rustic-flycheck.el
    rustic-interaction.el -> rustic-interaction.el
    rustic-lsp.el -> rustic-lsp.el
    rustic-playground.el -> rustic-playground.el
    rustic-popup.el -> rustic-popup.el
    rustic-rustfix.el -> rustic-rustfix.el
    rustic-rustfmt.el -> rustic-rustfmt.el
    rustic-spellcheck.el -> rustic-spellcheck.el
    rustic.el -> rustic.el
Created rustic-20240813.1515.tar containing:
  rustic-20240813.1515/
  rustic-20240813.1515/rustic-babel.el
  rustic-20240813.1515/rustic-cargo.el
  rustic-20240813.1515/rustic-clippy.el
  rustic-20240813.1515/rustic-comint.el
  rustic-20240813.1515/rustic-compile.el
  rustic-20240813.1515/rustic-doc.el
  rustic-20240813.1515/rustic-expand.el
  rustic-20240813.1515/rustic-flycheck.el
  rustic-20240813.1515/rustic-interaction.el
  rustic-20240813.1515/rustic-lsp.el
  rustic-20240813.1515/rustic-pkg.el
  rustic-20240813.1515/rustic-playground.el
  rustic-20240813.1515/rustic-popup.el
  rustic-20240813.1515/rustic-rustfix.el
  rustic-20240813.1515/rustic-rustfmt.el
  rustic-20240813.1515/rustic-spellcheck.el
  rustic-20240813.1515/rustic.el
 ✓ Success:
  2024-08-16T23:03:44+0000  rustic-20240813.1515.entry
  2024-08-16T23:03:44+0000  rustic-20240813.1515.tar
Built rustic in 2.574s, finished at 2024-08-16T23:03:45+0000
