Package: s3ed
Fetcher: github
Source:  https://github.com/mattusifer/s3ed

Updating /mnt/store/melpa/working/s3ed/
Checking out 2234444ead6c4c6fc3fea548958b36d2c29a9938
Copying files (->) and directories (=>)
  from /mnt/store/melpa/working/s3ed/
  to /tmp/s3edeTyCjB/s3ed-20200929.1317
    s3ed-io.el -> s3ed-io.el
    s3ed-mode.el -> s3ed-mode.el
    s3ed-util.el -> s3ed-util.el
    s3ed.el -> s3ed.el
Created s3ed-20200929.1317.tar containing:
  s3ed-20200929.1317/
  s3ed-20200929.1317/s3ed-io.el
  s3ed-20200929.1317/s3ed-mode.el
  s3ed-20200929.1317/s3ed-pkg.el
  s3ed-20200929.1317/s3ed-util.el
  s3ed-20200929.1317/s3ed.el
 ✓ Success:
  2025-03-08T23:16:26+0000  s3ed-20200929.1317.entry
  2025-03-08T23:16:26+0000  s3ed-20200929.1317.tar
Built s3ed in 3.125s, finished at 2025-03-08T23:16:27+0000
