Package: sbt-mode
Fetcher: github
Source:  https://github.com/hvesalai/emacs-sbt-mode

Updating /mnt/store/melpa/working/sbt-mode/
Checking out cc68728a6ef0600aad369157b3a2d0ce56afba9b
Copying files (->) and directories (=>)
  from /mnt/store/melpa/working/sbt-mode/
  to /tmp/sbt-modebxoJM6/sbt-mode-20240404.1105
    sbt-mode-buffer.el -> sbt-mode-buffer.el
    sbt-mode-comint.el -> sbt-mode-comint.el
    sbt-mode-hydra.el -> sbt-mode-hydra.el
    sbt-mode-project.el -> sbt-mode-project.el
    sbt-mode-rgrep.el -> sbt-mode-rgrep.el
    sbt-mode-vars.el -> sbt-mode-vars.el
    sbt-mode.el -> sbt-mode.el
Created sbt-mode-20240404.1105.tar containing:
  sbt-mode-20240404.1105/
  sbt-mode-20240404.1105/sbt-mode-buffer.el
  sbt-mode-20240404.1105/sbt-mode-comint.el
  sbt-mode-20240404.1105/sbt-mode-hydra.el
  sbt-mode-20240404.1105/sbt-mode-pkg.el
  sbt-mode-20240404.1105/sbt-mode-project.el
  sbt-mode-20240404.1105/sbt-mode-rgrep.el
  sbt-mode-20240404.1105/sbt-mode-vars.el
  sbt-mode-20240404.1105/sbt-mode.el
 ✓ Success:
  2025-02-24T22:36:50+0000  sbt-mode-20240404.1105.entry
  2025-02-24T22:36:50+0000  sbt-mode-20240404.1105.tar
Built sbt-mode in 2.976s, finished at 2025-02-24T22:36:51+0000
