Package: scala-ts-mode
Fetcher: github
Source:  https://github.com/KaranAhlawat/scala-ts-mode.git

Updating /mnt/store/melpa/working/scala-ts-mode/
Checking out 2701021abd6d65b1f53dd6b1592ec5683dd1365c
Copying files (->) and directories (=>)
  from /mnt/store/melpa/working/scala-ts-mode/
  to /tmp/scala-ts-modevbbpC8/scala-ts-mode-20240820.544
    scala-ts-mode-autoloads.el -> scala-ts-mode-autoloads.el
    scala-ts-mode-pkg.el -> scala-ts-mode-pkg.el
    scala-ts-mode.el -> scala-ts-mode.el
Created scala-ts-mode-20240820.544.tar containing:
  scala-ts-mode-20240820.544/
  scala-ts-mode-20240820.544/scala-ts-mode-autoloads.el
  scala-ts-mode-20240820.544/scala-ts-mode-pkg.el
  scala-ts-mode-20240820.544/scala-ts-mode.el
 ✓ Success:
  2024-08-29T23:39:41+0000  scala-ts-mode-20240820.544.entry
  2024-08-29T23:39:41+0000  scala-ts-mode-20240820.544.tar
Built scala-ts-mode in 2.037s, finished at 2024-08-29T23:39:42+0000
