Package: sculpture-themes
Fetcher: github
Source:  https://github.com/precompute/sculpture-themes

Updating /mnt/store/melpa/working/sculpture-themes/
Checking out 03c4bc0070a1e672b8d39441e23b7e1bbe90ffc0
Copying files (->) and directories (=>)
  from /mnt/store/melpa/working/sculpture-themes/
  to /tmp/sculpture-themesWSB9Nl/sculpture-themes-20250220.1621
    sculpture-themes-dark-theme.el -> sculpture-themes-dark-theme.el
    sculpture-themes-light-theme.el -> sculpture-themes-light-theme.el
    sculpture-themes-pastel-theme.el -> sculpture-themes-pastel-theme.el
    sculpture-themes.el -> sculpture-themes.el
Created sculpture-themes-20250220.1621.tar containing:
  sculpture-themes-20250220.1621/
  sculpture-themes-20250220.1621/sculpture-themes-dark-theme.el
  sculpture-themes-20250220.1621/sculpture-themes-light-theme.el
  sculpture-themes-20250220.1621/sculpture-themes-pastel-theme.el
  sculpture-themes-20250220.1621/sculpture-themes-pkg.el
  sculpture-themes-20250220.1621/sculpture-themes.el
 ✓ Success:
  2025-02-20T22:54:41+0000  sculpture-themes-20250220.1621.entry
  2025-02-20T22:54:41+0000  sculpture-themes-20250220.1621.tar
Built sculpture-themes in 2.940s, finished at 2025-02-20T22:54:42+0000
