Package: searchq
Fetcher: github
Source:  https://github.com/tcw165/searchq.git

Updating /mnt/store/melpa/working/searchq/
Checking out dd510d55ad66a82c6ef022cfe7c4a73ad5365f82
Copying files (->) and directories (=>)
  from /mnt/store/melpa/working/searchq/
  to /tmp/searchqxn3cnl/searchq-20150829.1211
    searchq.el -> searchq.el
    images/searchq-search.xpm -> images/searchq-search.xpm
    images/searchq-search.png -> images/searchq-search.png
Created searchq-20150829.1211.tar containing:
  searchq-20150829.1211/
  searchq-20150829.1211/images/
  searchq-20150829.1211/images/searchq-search.png
  searchq-20150829.1211/images/searchq-search.xpm
  searchq-20150829.1211/searchq-pkg.el
  searchq-20150829.1211/searchq.el
 ✓ Success:
  2023-12-30T14:41:33+0000  searchq-20150829.1211.entry
  2023-12-30T14:41:33+0000  searchq-20150829.1211.tar
Built searchq in 3.827s, finished at 2023-12-30T14:41:34+0000
