 • Building package semi (from github:emacsmirror/semi)...
Updating /mnt/store/melpa/working/semi/
Checking out 9904bd849a6243646f4db65d623f2b38b05d79bd
Copying files (->) and directories (=>)
  from /mnt/store/melpa/working/semi/
  to /tmp/semi8RxUys/semi-20251207.1834
    mail-mime-setup.el -> mail-mime-setup.el
    mime-edit.el -> mime-edit.el
    mime-image.el -> mime-image.el
    mime-mac.el -> mime-mac.el
    mime-partial.el -> mime-partial.el
    mime-pgp.el -> mime-pgp.el
    mime-play.el -> mime-play.el
    mime-setup.el -> mime-setup.el
    mime-shr.el -> mime-shr.el
    mime-signature.el -> mime-signature.el
    mime-tnef.el -> mime-tnef.el
    mime-vcard.el -> mime-vcard.el
    mime-view.el -> mime-view.el
    mime-w3.el -> mime-w3.el
    semi-def.el -> semi-def.el
    semi-setup.el -> semi-setup.el
    semi.el -> semi.el
    mime-ui-en.texi -> mime-ui-en.texi
    mime-ui-ja.texi -> mime-ui-ja.texi
Generating mime-ui-en.info
Generating mime-ui-ja.info
Created semi-20251207.1834.tar containing:
  semi-20251207.1834/
  semi-20251207.1834/dir
  semi-20251207.1834/mail-mime-setup.el
  semi-20251207.1834/mime-edit.el
  semi-20251207.1834/mime-image.el
  semi-20251207.1834/mime-mac.el
  semi-20251207.1834/mime-partial.el
  semi-20251207.1834/mime-pgp.el
  semi-20251207.1834/mime-play.el
  semi-20251207.1834/mime-setup.el
  semi-20251207.1834/mime-shr.el
  semi-20251207.1834/mime-signature.el
  semi-20251207.1834/mime-tnef.el
  semi-20251207.1834/mime-ui-en.info
  semi-20251207.1834/mime-ui-ja.info
  semi-20251207.1834/mime-vcard.el
  semi-20251207.1834/mime-view.el
  semi-20251207.1834/mime-w3.el
  semi-20251207.1834/semi-def.el
  semi-20251207.1834/semi-pkg.el
  semi-20251207.1834/semi-setup.el
  semi-20251207.1834/semi.el
 ✓ Success:
  2025-12-22T00:15:43+0000  semi-20251207.1834.entry
  2025-12-22T00:15:43+0000  semi-20251207.1834.tar
Built semi in 12.295s, finished at 2025-12-22T00:15:45+0000
