Package: sentex
Fetcher: codeberg
Source:  https://codeberg.org/martianh/sentex

Updating /mnt/store/melpa/working/sentex/
Checking out ab96ee0e9856222aaad6b085cf4ca0c5dda73789
Copying files (->) and directories (=>)
  from /mnt/store/melpa/working/sentex/
  to /tmp/sentex3wyT0V/sentex-20230411.1650
    sentex.el -> sentex.el
    sentex-icu4j-rules-converted.eld -> sentex-icu4j-rules-converted.eld
    sentex-okapi-alt-rules-converted.eld -> sentex-okapi-alt-rules-converted.eld
    sentex-omegat-rules-converted.eld -> sentex-omegat-rules-converted.eld
Created sentex-20230411.1650.tar containing:
  sentex-20230411.1650/
  sentex-20230411.1650/sentex-icu4j-rules-converted.eld
  sentex-20230411.1650/sentex-okapi-alt-rules-converted.eld
  sentex-20230411.1650/sentex-omegat-rules-converted.eld
  sentex-20230411.1650/sentex-pkg.el
  sentex-20230411.1650/sentex.el
 ✓ Success:
  2025-03-07T22:39:31+0000  sentex-20230411.1650.entry
  2025-03-07T22:39:31+0000  sentex-20230411.1650.tar
Built sentex in 3.859s, finished at 2025-03-07T22:39:32+0000
