Package: shen-elisp
Fetcher: github
Source:  https://github.com/deech/shen-elisp

Updating /mnt/store/melpa/working/shen-elisp/
Checking out 957ab44654fc7a7cc1b78181d244fa25166f9b09
Copying files (->) and directories (=>)
  from /mnt/store/melpa/working/shen-elisp/
  to /tmp/shen-elispYWwRLF/shen-elisp-20221211.1313
    shen-elisp-pkg.el -> shen-elisp-pkg.el
    shen-elisp.el -> shen-elisp.el
    shen-overlays.el -> shen-overlays.el
    shen-primitives.el -> shen-primitives.el
    shen-repl.el -> shen-repl.el
Created shen-elisp-20221211.1313.tar containing:
  shen-elisp-20221211.1313/
  shen-elisp-20221211.1313/shen-elisp-pkg.el
  shen-elisp-20221211.1313/shen-elisp.el
  shen-elisp-20221211.1313/shen-overlays.el
  shen-elisp-20221211.1313/shen-primitives.el
  shen-elisp-20221211.1313/shen-repl.el
 ✓ Success:
  2024-12-09T00:01:55+0000  shen-elisp-20221211.1313.entry
  2024-12-09T00:01:55+0000  shen-elisp-20221211.1313.tar
Built shen-elisp in 2.176s, finished at 2024-12-09T00:01:56+0000
