Package: simple-mpc
Fetcher: github
Source:  https://github.com/jorenvo/simple-mpc

Updating /mnt/store/melpa/working/simple-mpc/
Checking out 57ee14ada8aec477ddde5e4f632c8d3d99a66535
Copying files (->) and directories (=>)
  from /mnt/store/melpa/working/simple-mpc/
  to /tmp/simple-mpcwUX2YI/simple-mpc-20220216.102
    simple-mpc-current-playlist.el -> simple-mpc-current-playlist.el
    simple-mpc-mode.el -> simple-mpc-mode.el
    simple-mpc-query.el -> simple-mpc-query.el
    simple-mpc-utils.el -> simple-mpc-utils.el
    simple-mpc-vars.el -> simple-mpc-vars.el
    simple-mpc.el -> simple-mpc.el
Created simple-mpc-20220216.102.tar containing:
  simple-mpc-20220216.102/
  simple-mpc-20220216.102/simple-mpc-current-playlist.el
  simple-mpc-20220216.102/simple-mpc-mode.el
  simple-mpc-20220216.102/simple-mpc-pkg.el
  simple-mpc-20220216.102/simple-mpc-query.el
  simple-mpc-20220216.102/simple-mpc-utils.el
  simple-mpc-20220216.102/simple-mpc-vars.el
  simple-mpc-20220216.102/simple-mpc.el
 ✓ Success:
  2024-09-29T23:47:05+0000  simple-mpc-20220216.102.entry
  2024-09-29T23:47:05+0000  simple-mpc-20220216.102.tar
Built simple-mpc in 4.194s, finished at 2024-09-29T23:47:07+0000
