Package: sketch-themes
Fetcher: github
Source:  https://github.com/dawranliou/sketch-themes

Updating /mnt/store/melpa/working/sketch-themes/
Checking out 5534254232f1a556ec20952c75b5506625573049
Copying files (->) and directories (=>)
  from /mnt/store/melpa/working/sketch-themes/
  to /tmp/sketch-themes1iTrZy/sketch-themes-20230210.1507
    sketch-black-theme.el -> sketch-black-theme.el
    sketch-themes.el -> sketch-themes.el
    sketch-white-theme.el -> sketch-white-theme.el
Created sketch-themes-20230210.1507.tar containing:
  sketch-themes-20230210.1507/
  sketch-themes-20230210.1507/sketch-black-theme.el
  sketch-themes-20230210.1507/sketch-themes-pkg.el
  sketch-themes-20230210.1507/sketch-themes.el
  sketch-themes-20230210.1507/sketch-white-theme.el
 ✓ Success:
  2025-04-07T23:40:30+0000  sketch-themes-20230210.1507.entry
  2025-04-07T23:40:30+0000  sketch-themes-20230210.1507.tar
Built sketch-themes in 3.480s, finished at 2025-04-07T23:40:31+0000
