Package: sl
Fetcher: github
Source:  https://github.com/xuchunyang/sl.el.git

Updating /mnt/store/melpa/working/sl/
Checking out 0882117728be91276b815e18c2a66106bf9d69d3
Copying files (->) and directories (=>)
  from /mnt/store/melpa/working/sl/
  to /tmp/slU5oL88/sl-20161217.1404
    sl.el -> sl.el
    D51-trains.txt -> D51-trains.txt
    little-trains.txt -> little-trains.txt
    smokes.txt -> smokes.txt
Created sl-20161217.1404.tar containing:
  sl-20161217.1404/
  sl-20161217.1404/D51-trains.txt
  sl-20161217.1404/little-trains.txt
  sl-20161217.1404/sl-pkg.el
  sl-20161217.1404/sl.el
  sl-20161217.1404/smokes.txt
 ✓ Success:
  2024-03-29T23:58:35+0000  sl-20161217.1404.entry
  2024-03-29T23:58:34+0000  sl-20161217.1404.tar
Built sl in 5.703s, finished at 2024-03-29T23:58:37+0000
