Package: slack
Fetcher: github
Source:  https://github.com/emacs-slack/emacs-slack

Updating /mnt/store/melpa/working/slack/
Checking out aba29fa1c72c1289c83172e20cb1c8c906f5c63a
Copying files (->) and directories (=>)
  from /mnt/store/melpa/working/slack/
  to /tmp/slackkdmYYG/slack-20241122.1950
    emacs-slack.el -> emacs-slack.el
    slack-action.el -> slack-action.el
    slack-activity-feed-buffer.el -> slack-activity-feed-buffer.el
    slack-all-threads-buffer.el -> slack-all-threads-buffer.el
    slack-attachment.el -> slack-attachment.el
    slack-authorize.el -> slack-authorize.el
    slack-block.el -> slack-block.el
    slack-bot-message.el -> slack-bot-message.el
    slack-bot.el -> slack-bot.el
    slack-buffer.el -> slack-buffer.el
    slack-channel.el -> slack-channel.el
    slack-company.el -> slack-company.el
    slack-conversations.el -> slack-conversations.el
    slack-counts.el -> slack-counts.el
    slack-create-message.el -> slack-create-message.el
    slack-defcustoms.el -> slack-defcustoms.el
    slack-dialog-buffer.el -> slack-dialog-buffer.el
    slack-dialog-edit-element-buffer.el -> slack-dialog-edit-element-buffer.el
    slack-dialog.el -> slack-dialog.el
    slack-dnd-status.el -> slack-dnd-status.el
    slack-emoji.el -> slack-emoji.el
    slack-event.el -> slack-event.el
    slack-file-info-buffer.el -> slack-file-info-buffer.el
    slack-file-list-buffer.el -> slack-file-list-buffer.el
    slack-file.el -> slack-file.el
    slack-group.el -> slack-group.el
    slack-im.el -> slack-im.el
    slack-image.el -> slack-image.el
    slack-log.el -> slack-log.el
    slack-message-attachment-preview-buffer.el -> slack-message-attachment-preview-buffer.el
    slack-message-buffer.el -> slack-message-buffer.el
    slack-message-compose-buffer.el -> slack-message-compose-buffer.el
    slack-message-edit-buffer.el -> slack-message-edit-buffer.el
    slack-message-editor.el -> slack-message-editor.el
    slack-message-event.el -> slack-message-event.el
    slack-message-faces.el -> slack-message-faces.el
    slack-message-formatter.el -> slack-message-formatter.el
    slack-message-notification.el -> slack-message-notification.el
    slack-message-reaction.el -> slack-message-reaction.el
    slack-message-sender.el -> slack-message-sender.el
    slack-message-share-buffer.el -> slack-message-share-buffer.el
    slack-message.el -> slack-message.el
    slack-modeline.el -> slack-modeline.el
    slack-mrkdwn.el -> slack-mrkdwn.el
    slack-pinned-item.el -> slack-pinned-item.el
    slack-pinned-items-buffer.el -> slack-pinned-items-buffer.el
    slack-pkg.el -> slack-pkg.el
    slack-reaction-event.el -> slack-reaction-event.el
    slack-reaction.el -> slack-reaction.el
    slack-reminder.el -> slack-reminder.el
    slack-reply-event.el -> slack-reply-event.el
    slack-request.el -> slack-request.el
    slack-room-buffer.el -> slack-room-buffer.el
    slack-room-event.el -> slack-room-event.el
    slack-room-info-buffer.el -> slack-room-info-buffer.el
    slack-room-message-compose-buffer.el -> slack-room-message-compose-buffer.el
    slack-room.el -> slack-room.el
    slack-search-result-buffer.el -> slack-search-result-buffer.el
    slack-search.el -> slack-search.el
    slack-selectable.el -> slack-selectable.el
    slack-slash-commands.el -> slack-slash-commands.el
    slack-star-event.el -> slack-star-event.el
    slack-star.el -> slack-star.el
    slack-stars-buffer.el -> slack-stars-buffer.el
    slack-team-ws.el -> slack-team-ws.el
    slack-team.el -> slack-team.el
    slack-thread-event.el -> slack-thread-event.el
    slack-thread-message-buffer.el -> slack-thread-message-buffer.el
    slack-thread-message-compose-buffer.el -> slack-thread-message-compose-buffer.el
    slack-thread.el -> slack-thread.el
    slack-typing.el -> slack-typing.el
    slack-unescape.el -> slack-unescape.el
    slack-user-message.el -> slack-user-message.el
    slack-user-profile-buffer.el -> slack-user-profile-buffer.el
    slack-user.el -> slack-user.el
    slack-usergroup.el -> slack-usergroup.el
    slack-util.el -> slack-util.el
    slack-websocket.el -> slack-websocket.el
    slack.el -> slack.el
Created slack-20241122.1950.tar containing:
  slack-20241122.1950/
  slack-20241122.1950/emacs-slack.el
  slack-20241122.1950/slack-action.el
  slack-20241122.1950/slack-activity-feed-buffer.el
  slack-20241122.1950/slack-all-threads-buffer.el
  slack-20241122.1950/slack-attachment.el
  slack-20241122.1950/slack-authorize.el
  slack-20241122.1950/slack-block.el
  slack-20241122.1950/slack-bot-message.el
  slack-20241122.1950/slack-bot.el
  slack-20241122.1950/slack-buffer.el
  slack-20241122.1950/slack-channel.el
  slack-20241122.1950/slack-company.el
  slack-20241122.1950/slack-conversations.el
  slack-20241122.1950/slack-counts.el
  slack-20241122.1950/slack-create-message.el
  slack-20241122.1950/slack-defcustoms.el
  slack-20241122.1950/slack-dialog-buffer.el
  slack-20241122.1950/slack-dialog-edit-element-buffer.el
  slack-20241122.1950/slack-dialog.el
  slack-20241122.1950/slack-dnd-status.el
  slack-20241122.1950/slack-emoji.el
  slack-20241122.1950/slack-event.el
  slack-20241122.1950/slack-file-info-buffer.el
  slack-20241122.1950/slack-file-list-buffer.el
  slack-20241122.1950/slack-file.el
  slack-20241122.1950/slack-group.el
  slack-20241122.1950/slack-im.el
  slack-20241122.1950/slack-image.el
  slack-20241122.1950/slack-log.el
  slack-20241122.1950/slack-message-attachment-preview-buffer.el
  slack-20241122.1950/slack-message-buffer.el
  slack-20241122.1950/slack-message-compose-buffer.el
  slack-20241122.1950/slack-message-edit-buffer.el
  slack-20241122.1950/slack-message-editor.el
  slack-20241122.1950/slack-message-event.el
  slack-20241122.1950/slack-message-faces.el
  slack-20241122.1950/slack-message-formatter.el
  slack-20241122.1950/slack-message-notification.el
  slack-20241122.1950/slack-message-reaction.el
  slack-20241122.1950/slack-message-sender.el
  slack-20241122.1950/slack-message-share-buffer.el
  slack-20241122.1950/slack-message.el
  slack-20241122.1950/slack-modeline.el
  slack-20241122.1950/slack-mrkdwn.el
  slack-20241122.1950/slack-pinned-item.el
  slack-20241122.1950/slack-pinned-items-buffer.el
  slack-20241122.1950/slack-pkg.el
  slack-20241122.1950/slack-reaction-event.el
  slack-20241122.1950/slack-reaction.el
  slack-20241122.1950/slack-reminder.el
  slack-20241122.1950/slack-reply-event.el
  slack-20241122.1950/slack-request.el
  slack-20241122.1950/slack-room-buffer.el
  slack-20241122.1950/slack-room-event.el
  slack-20241122.1950/slack-room-info-buffer.el
  slack-20241122.1950/slack-room-message-compose-buffer.el
  slack-20241122.1950/slack-room.el
  slack-20241122.1950/slack-search-result-buffer.el
  slack-20241122.1950/slack-search.el
  slack-20241122.1950/slack-selectable.el
  slack-20241122.1950/slack-slash-commands.el
  slack-20241122.1950/slack-star-event.el
  slack-20241122.1950/slack-star.el
  slack-20241122.1950/slack-stars-buffer.el
  slack-20241122.1950/slack-team-ws.el
  slack-20241122.1950/slack-team.el
  slack-20241122.1950/slack-thread-event.el
  slack-20241122.1950/slack-thread-message-buffer.el
  slack-20241122.1950/slack-thread-message-compose-buffer.el
  slack-20241122.1950/slack-thread.el
  slack-20241122.1950/slack-typing.el
  slack-20241122.1950/slack-unescape.el
  slack-20241122.1950/slack-user-message.el
  slack-20241122.1950/slack-user-profile-buffer.el
  slack-20241122.1950/slack-user.el
  slack-20241122.1950/slack-usergroup.el
  slack-20241122.1950/slack-util.el
  slack-20241122.1950/slack-websocket.el
  slack-20241122.1950/slack.el
 ✓ Success:
  2024-11-22T23:36:06+0000  slack-20241122.1950.entry
  2024-11-22T23:36:06+0000  slack-20241122.1950.tar
Built slack in 7.065s, finished at 2024-11-22T23:36:08+0000
