Package: slurm-mode
Fetcher: github
Source:  https://github.com/ffevotte/slurm.el.git

Updating /mnt/store/melpa/working/slurm-mode/
Checking out 4e6ac09245313cf4018b8e5784b2fca8604269d7
Copying files (->) and directories (=>)
  from /mnt/store/melpa/working/slurm-mode/
  to /tmp/slurm-modeMNBzhQ/slurm-mode-20210519.1109
    slurm-mode.el -> slurm-mode.el
    slurm-pkg.el -> slurm-pkg.el
    slurm-script-mode.el -> slurm-script-mode.el
Created slurm-mode-20210519.1109.tar containing:
  slurm-mode-20210519.1109/
  slurm-mode-20210519.1109/slurm-mode-pkg.el
  slurm-mode-20210519.1109/slurm-mode.el
  slurm-mode-20210519.1109/slurm-pkg.el
  slurm-mode-20210519.1109/slurm-script-mode.el
 ✓ Success:
  2023-12-29T07:42:54+0000  slurm-mode-20210519.1109.entry
  2023-12-29T07:42:54+0000  slurm-mode-20210519.1109.tar
Built slurm-mode in 3.731s, finished at 2023-12-29T07:42:56+0000
