Package: sly-asdf
Fetcher: github
Source:  https://github.com/mmgeorge/sly-asdf

Updating /mnt/store/melpa/working/sly-asdf/
Checking out 6f9d751469bb82530db1673c22e7437ca6c95f45
Copying files (->) and directories (=>)
  from /mnt/store/melpa/working/sly-asdf/
  to /tmp/sly-asdfWrSbJs/sly-asdf-20221119.2235
    sly-asdf-flymake-base.el -> sly-asdf-flymake-base.el
    sly-asdf-flymake.el -> sly-asdf-flymake.el
    sly-asdf.el -> sly-asdf.el
    slynk-asdf.lisp -> slynk-asdf.lisp
    slynk-asdf.asd -> slynk-asdf.asd
Created sly-asdf-20221119.2235.tar containing:
  sly-asdf-20221119.2235/
  sly-asdf-20221119.2235/sly-asdf-flymake-base.el
  sly-asdf-20221119.2235/sly-asdf-flymake.el
  sly-asdf-20221119.2235/sly-asdf-pkg.el
  sly-asdf-20221119.2235/sly-asdf.el
  sly-asdf-20221119.2235/slynk-asdf.asd
  sly-asdf-20221119.2235/slynk-asdf.lisp
 ✓ Success:
  2025-01-11T00:07:39+0000  sly-asdf-20221119.2235.entry
  2025-01-11T00:07:39+0000  sly-asdf-20221119.2235.tar
Built sly-asdf in 2.874s, finished at 2025-01-11T00:07:40+0000
