Package: smart-mode-line
Fetcher: github
Source:  https://github.com/Malabarba/smart-mode-line

Updating /mnt/store/melpa/working/smart-mode-line/
Checking out bbed708eb8393697e01ab2474dfb54d7c5ea7905
Copying files (->) and directories (=>)
  from /mnt/store/melpa/working/smart-mode-line/
  to /tmp/smart-mode-linekdfl7n/smart-mode-line-20240924.2322
    smart-mode-line-dark-theme.el -> smart-mode-line-dark-theme.el
    smart-mode-line-light-theme.el -> smart-mode-line-light-theme.el
    smart-mode-line-respectful-theme.el -> smart-mode-line-respectful-theme.el
    smart-mode-line.el -> smart-mode-line.el
Created smart-mode-line-20240924.2322.tar containing:
  smart-mode-line-20240924.2322/
  smart-mode-line-20240924.2322/smart-mode-line-dark-theme.el
  smart-mode-line-20240924.2322/smart-mode-line-light-theme.el
  smart-mode-line-20240924.2322/smart-mode-line-pkg.el
  smart-mode-line-20240924.2322/smart-mode-line-respectful-theme.el
  smart-mode-line-20240924.2322/smart-mode-line.el
 ✓ Success:
  2025-03-28T23:27:30+0000  smart-mode-line-20240924.2322.entry
  2025-03-28T23:27:30+0000  smart-mode-line-20240924.2322.tar
Built smart-mode-line in 4.454s, finished at 2025-03-28T23:27:31+0000
