 • Building package smudge (from github:danielfm/smudge)...
Updating /mnt/store/melpa/working/smudge/
Checking out 15ba4d42d60c60eca90a02c4022a3986155c8bb1
Copying files (->) and directories (=>)
  from /mnt/store/melpa/working/smudge/
  to /tmp/smudgeAm0YtB/smudge-20251221.2127
    smudge-api.el -> smudge-api.el
    smudge-apple.el -> smudge-apple.el
    smudge-connect.el -> smudge-connect.el
    smudge-controller.el -> smudge-controller.el
    smudge-dbus.el -> smudge-dbus.el
    smudge-device-select.el -> smudge-device-select.el
    smudge-playlist.el -> smudge-playlist.el
    smudge-remote.el -> smudge-remote.el
    smudge-track.el -> smudge-track.el
    smudge.el -> smudge.el
Created smudge-20251221.2127.tar containing:
  smudge-20251221.2127/
  smudge-20251221.2127/smudge-api.el
  smudge-20251221.2127/smudge-apple.el
  smudge-20251221.2127/smudge-connect.el
  smudge-20251221.2127/smudge-controller.el
  smudge-20251221.2127/smudge-dbus.el
  smudge-20251221.2127/smudge-device-select.el
  smudge-20251221.2127/smudge-pkg.el
  smudge-20251221.2127/smudge-playlist.el
  smudge-20251221.2127/smudge-remote.el
  smudge-20251221.2127/smudge-track.el
  smudge-20251221.2127/smudge.el
 ✓ Success:
  2025-12-22T00:17:52+0000  smudge-20251221.2127.entry
  2025-12-22T00:17:52+0000  smudge-20251221.2127.tar
Built smudge in 3.517s, finished at 2025-12-22T00:17:53+0000
