Package: soccer
Fetcher: github
Source:  https://github.com/md-arif-shaikh/soccer.git

Updating /mnt/store/melpa/working/soccer/
Checking out 96dd98a34238c8019d48507071df5d2b199360cd
Copying files (->) and directories (=>)
  from /mnt/store/melpa/working/soccer/
  to /tmp/soccertZ6IkR/soccer-20231108.1633
    soccer-leagues.el -> soccer-leagues.el
    soccer-time.el -> soccer-time.el
    soccer.el -> soccer.el
Created soccer-20231108.1633.tar containing:
  soccer-20231108.1633/
  soccer-20231108.1633/soccer-leagues.el
  soccer-20231108.1633/soccer-pkg.el
  soccer-20231108.1633/soccer-time.el
  soccer-20231108.1633/soccer.el
 ✓ Success:
  2024-08-29T23:42:00+0000  soccer-20231108.1633.entry
  2024-08-29T23:42:00+0000  soccer-20231108.1633.tar
Built soccer in 2.717s, finished at 2024-08-29T23:42:01+0000
