Package: solarized-theme
Fetcher: github
Source:  https://github.com/bbatsov/solarized-emacs

Updating /mnt/store/melpa/working/solarized-theme/
Checking out 01a350d6a2ed5d95baefa8d2fe91360b1dcfef35
Copying files (->) and directories (=>)
  from /mnt/store/melpa/working/solarized-theme/
  to /tmp/solarized-thememJ42eH/solarized-theme-20250204.1232
    solarized-dark-high-contrast-theme.el -> solarized-dark-high-contrast-theme.el
    solarized-dark-theme.el -> solarized-dark-theme.el
    solarized-faces.el -> solarized-faces.el
    solarized-gruvbox-dark-theme.el -> solarized-gruvbox-dark-theme.el
    solarized-gruvbox-light-theme.el -> solarized-gruvbox-light-theme.el
    solarized-light-high-contrast-theme.el -> solarized-light-high-contrast-theme.el
    solarized-light-theme.el -> solarized-light-theme.el
    solarized-palettes.el -> solarized-palettes.el
    solarized-selenized-black-theme.el -> solarized-selenized-black-theme.el
    solarized-selenized-dark-theme.el -> solarized-selenized-dark-theme.el
    solarized-selenized-light-theme.el -> solarized-selenized-light-theme.el
    solarized-selenized-white-theme.el -> solarized-selenized-white-theme.el
    solarized-theme-utils.el -> solarized-theme-utils.el
    solarized-theme.el -> solarized-theme.el
    solarized-wombat-dark-theme.el -> solarized-wombat-dark-theme.el
    solarized-zenburn-theme.el -> solarized-zenburn-theme.el
    solarized.el -> solarized.el
Created solarized-theme-20250204.1232.tar containing:
  solarized-theme-20250204.1232/
  solarized-theme-20250204.1232/solarized-dark-high-contrast-theme.el
  solarized-theme-20250204.1232/solarized-dark-theme.el
  solarized-theme-20250204.1232/solarized-faces.el
  solarized-theme-20250204.1232/solarized-gruvbox-dark-theme.el
  solarized-theme-20250204.1232/solarized-gruvbox-light-theme.el
  solarized-theme-20250204.1232/solarized-light-high-contrast-theme.el
  solarized-theme-20250204.1232/solarized-light-theme.el
  solarized-theme-20250204.1232/solarized-palettes.el
  solarized-theme-20250204.1232/solarized-selenized-black-theme.el
  solarized-theme-20250204.1232/solarized-selenized-dark-theme.el
  solarized-theme-20250204.1232/solarized-selenized-light-theme.el
  solarized-theme-20250204.1232/solarized-selenized-white-theme.el
  solarized-theme-20250204.1232/solarized-theme-pkg.el
  solarized-theme-20250204.1232/solarized-theme-utils.el
  solarized-theme-20250204.1232/solarized-theme.el
  solarized-theme-20250204.1232/solarized-wombat-dark-theme.el
  solarized-theme-20250204.1232/solarized-zenburn-theme.el
  solarized-theme-20250204.1232/solarized.el
 ✓ Success:
  2025-02-04T23:01:28+0000  solarized-theme-20250204.1232.entry
  2025-02-04T23:01:28+0000  solarized-theme-20250204.1232.tar
Built solarized-theme in 4.817s, finished at 2025-02-04T23:01:29+0000
