Package: sonic-pi
Fetcher: github
Source:  https://github.com/repl-electric/sonic-pi.el.git

Updating /mnt/store/melpa/working/sonic-pi/
Checking out 9ae16d0fd4cba77ae0bedac83f2cb46569be6ade
Copying files (->) and directories (=>)
  from /mnt/store/melpa/working/sonic-pi/
  to /tmp/sonic-pizCgWBo/sonic-pi-20211214.1242
    sonic-pi-console.el -> sonic-pi-console.el
    sonic-pi-mode.el -> sonic-pi-mode.el
    sonic-pi-osc.el -> sonic-pi-osc.el
    sonic-pi.el -> sonic-pi.el
Created sonic-pi-20211214.1242.tar containing:
  sonic-pi-20211214.1242/
  sonic-pi-20211214.1242/sonic-pi-console.el
  sonic-pi-20211214.1242/sonic-pi-mode.el
  sonic-pi-20211214.1242/sonic-pi-osc.el
  sonic-pi-20211214.1242/sonic-pi-pkg.el
  sonic-pi-20211214.1242/sonic-pi.el
 ✓ Success:
  2024-01-15T07:07:22+0000  sonic-pi-20211214.1242.entry
  2024-01-15T07:07:22+0000  sonic-pi-20211214.1242.tar
Built sonic-pi in 5.991s, finished at 2024-01-15T07:07:25+0000
