Package: soundklaus
Fetcher: github
Source:  https://github.com/r0man/soundklaus.el

Updating /mnt/store/melpa/working/soundklaus/
Checking out 15ce6e7f24a45e4f202d83cca9fa3bfdd94ca592
Copying files (->) and directories (=>)
  from /mnt/store/melpa/working/soundklaus/
  to /tmp/soundklausW3bN56/soundklaus-20191220.2112
    soundklaus-collection.el -> soundklaus-collection.el
    soundklaus-custom.el -> soundklaus-custom.el
    soundklaus-generic.el -> soundklaus-generic.el
    soundklaus-helm.el -> soundklaus-helm.el
    soundklaus-playlist.el -> soundklaus-playlist.el
    soundklaus-request.el -> soundklaus-request.el
    soundklaus-resource.el -> soundklaus-resource.el
    soundklaus-track.el -> soundklaus-track.el
    soundklaus-user.el -> soundklaus-user.el
    soundklaus-utils.el -> soundklaus-utils.el
    soundklaus.el -> soundklaus.el
Created soundklaus-20191220.2112.tar containing:
  soundklaus-20191220.2112/
  soundklaus-20191220.2112/soundklaus-collection.el
  soundklaus-20191220.2112/soundklaus-custom.el
  soundklaus-20191220.2112/soundklaus-generic.el
  soundklaus-20191220.2112/soundklaus-helm.el
  soundklaus-20191220.2112/soundklaus-pkg.el
  soundklaus-20191220.2112/soundklaus-playlist.el
  soundklaus-20191220.2112/soundklaus-request.el
  soundklaus-20191220.2112/soundklaus-resource.el
  soundklaus-20191220.2112/soundklaus-track.el
  soundklaus-20191220.2112/soundklaus-user.el
  soundklaus-20191220.2112/soundklaus-utils.el
  soundklaus-20191220.2112/soundklaus.el
 ✓ Success:
  2024-11-27T23:42:11+0000  soundklaus-20191220.2112.entry
  2024-11-27T23:42:11+0000  soundklaus-20191220.2112.tar
Built soundklaus in 3.139s, finished at 2024-11-27T23:42:12+0000
