Package: spaceline-all-the-icons
Fetcher: github
Source:  https://github.com/domtronn/spaceline-all-the-icons.el.git

Updating /mnt/store/melpa/working/spaceline-all-the-icons/
Checking out 5afd48c10f1bd42d9b9648c5e64596b72f3e9042
Copying files (->) and directories (=>)
  from /mnt/store/melpa/working/spaceline-all-the-icons/
  to /tmp/spaceline-all-the-iconsWkC2PX/spaceline-all-the-icons-20190325.1602
    spaceline-all-the-icons-segments.el -> spaceline-all-the-icons-segments.el
    spaceline-all-the-icons-separators.el -> spaceline-all-the-icons-separators.el
    spaceline-all-the-icons.el -> spaceline-all-the-icons.el
Created spaceline-all-the-icons-20190325.1602.tar containing:
  spaceline-all-the-icons-20190325.1602/
  spaceline-all-the-icons-20190325.1602/spaceline-all-the-icons-pkg.el
  spaceline-all-the-icons-20190325.1602/spaceline-all-the-icons-segments.el
  spaceline-all-the-icons-20190325.1602/spaceline-all-the-icons-separators.el
  spaceline-all-the-icons-20190325.1602/spaceline-all-the-icons.el
 ✓ Success:
  2024-03-02T00:32:10+0000  spaceline-all-the-icons-20190325.1602.entry
  2024-03-02T00:32:09+0000  spaceline-all-the-icons-20190325.1602.tar
Built spaceline-all-the-icons in 8.620s, finished at 2024-03-02T00:32:14+0000
