Package: spacemacs-theme
Fetcher: github
Source:  https://github.com/nashamri/spacemacs-theme.git

Updating /mnt/store/melpa/working/spacemacs-theme/
Checking out 7b06ef8fb26825e0035c70c81ac130b930d81bbc
Copying files (->) and directories (=>)
  from /mnt/store/melpa/working/spacemacs-theme/
  to /tmp/spacemacs-themePS15h0/spacemacs-theme-20240623.2202
    spacemacs-dark-theme.el -> spacemacs-dark-theme.el
    spacemacs-light-theme.el -> spacemacs-light-theme.el
    spacemacs-theme-pkg.el -> spacemacs-theme-pkg.el
    spacemacs-theme.el -> spacemacs-theme.el
Created spacemacs-theme-20240623.2202.tar containing:
  spacemacs-theme-20240623.2202/
  spacemacs-theme-20240623.2202/spacemacs-dark-theme.el
  spacemacs-theme-20240623.2202/spacemacs-light-theme.el
  spacemacs-theme-20240623.2202/spacemacs-theme-pkg.el
  spacemacs-theme-20240623.2202/spacemacs-theme.el
 ✓ Success:
  2024-07-10T22:37:49+0000  spacemacs-theme-20240623.2202.entry
  2024-07-10T22:37:49+0000  spacemacs-theme-20240623.2202.tar
Built spacemacs-theme in 4.649s, finished at 2024-07-10T22:37:51+0000
