Package: spdx
Fetcher: github
Source:  https://github.com/condy0919/spdx.el

Updating /mnt/store/melpa/working/spdx/
Checking out f1ca702a69b94977b862e969f7f75538ebdf6d8d
Copying files (->) and directories (=>)
  from /mnt/store/melpa/working/spdx/
  to /tmp/spdxtijU1r/spdx-20241115.123
    spdx-data.el -> spdx-data.el
    spdx.el -> spdx.el
Created spdx-20241115.123.tar containing:
  spdx-20241115.123/
  spdx-20241115.123/spdx-data.el
  spdx-20241115.123/spdx-pkg.el
  spdx-20241115.123/spdx.el
 ✓ Success:
  2024-11-14T23:52:58+0000  spdx-20241112.116.entry
  2024-11-14T23:52:58+0000  spdx-20241112.116.tar
  2024-11-15T02:07:38+0000  spdx-20241115.123.entry
  2024-11-15T02:07:38+0000  spdx-20241115.123.tar
Built spdx in 2.752s, finished at 2024-11-15T02:07:39+0000
