Package: speechd-el
Fetcher: github
Source:  https://github.com/brailcom/speechd-el

Updating /mnt/store/melpa/working/speechd-el/
Checking out 0e509d392c7f82ca2451a59b97d551382136d2d5
Copying files (->) and directories (=>)
  from /mnt/store/melpa/working/speechd-el/
  to /tmp/speechd-elq842mL/speechd-el-20250118.1141
    braille.el -> braille.el
    brltty.el -> brltty.el
    mmanager.el -> mmanager.el
    speechd-braille.el -> speechd-braille.el
    speechd-brltty.el -> speechd-brltty.el
    speechd-bug.el -> speechd-bug.el
    speechd-common.el -> speechd-common.el
    speechd-compile.el -> speechd-compile.el
    speechd-el-pkg.el -> speechd-el-pkg.el
    speechd-el.el -> speechd-el.el
    speechd-out.el -> speechd-out.el
    speechd-speak.el -> speechd-speak.el
    speechd-ssip.el -> speechd-ssip.el
    speechd.el -> speechd.el
Created speechd-el-20250118.1141.tar containing:
  speechd-el-20250118.1141/
  speechd-el-20250118.1141/braille.el
  speechd-el-20250118.1141/brltty.el
  speechd-el-20250118.1141/mmanager.el
  speechd-el-20250118.1141/speechd-braille.el
  speechd-el-20250118.1141/speechd-brltty.el
  speechd-el-20250118.1141/speechd-bug.el
  speechd-el-20250118.1141/speechd-common.el
  speechd-el-20250118.1141/speechd-compile.el
  speechd-el-20250118.1141/speechd-el-pkg.el
  speechd-el-20250118.1141/speechd-el.el
  speechd-el-20250118.1141/speechd-out.el
  speechd-el-20250118.1141/speechd-speak.el
  speechd-el-20250118.1141/speechd-ssip.el
  speechd-el-20250118.1141/speechd.el
 ✓ Success:
  2025-03-21T00:15:59+0000  speechd-el-20250118.1141.entry
  2025-03-21T00:15:59+0000  speechd-el-20250118.1141.tar
Built speechd-el in 3.276s, finished at 2025-03-21T00:16:00+0000
