Package: sqlite3
Fetcher: github
Source:  https://github.com/pekingduck/emacs-sqlite3-api.git

Updating /mnt/store/melpa/working/sqlite3/
Checking out a601c9965e4d0178705a64b7d4f88709ca9aea66
Copying files (->) and directories (=>)
  from /mnt/store/melpa/working/sqlite3/
  to /tmp/sqlite3X6kXmR/sqlite3-20231124.1326
    sqlite3.el -> sqlite3.el
    Makefile -> Makefile
    consts.c -> consts.c
    emacs-module.h -> emacs-module.h
    sqlite3-api.c -> sqlite3-api.c
Created sqlite3-20231124.1326.tar containing:
  sqlite3-20231124.1326/
  sqlite3-20231124.1326/Makefile
  sqlite3-20231124.1326/consts.c
  sqlite3-20231124.1326/emacs-module.h
  sqlite3-20231124.1326/sqlite3-api.c
  sqlite3-20231124.1326/sqlite3-pkg.el
  sqlite3-20231124.1326/sqlite3.el
 ✓ Success:
  2024-05-12T23:04:55+0000  sqlite3-20231124.1326.entry
  2024-05-12T23:04:55+0000  sqlite3-20231124.1326.tar
Built sqlite3 in 4.671s, finished at 2024-05-12T23:04:57+0000
