Package: srefactor
Fetcher: github
Source:  https://github.com/tuhdo/semantic-refactor.git

Updating /mnt/store/melpa/working/srefactor/
Checking out 95c70a94b5aad4c85b35569e2f2325047791153a
Copying files (->) and directories (=>)
  from /mnt/store/melpa/working/srefactor/
  to /tmp/srefactorPKqFXF/srefactor-20230504.617
    srefactor-lisp.el -> srefactor-lisp.el
    srefactor-ui.el -> srefactor-ui.el
    srefactor.el -> srefactor.el
Created srefactor-20230504.617.tar containing:
  srefactor-20230504.617/
  srefactor-20230504.617/srefactor-lisp.el
  srefactor-20230504.617/srefactor-pkg.el
  srefactor-20230504.617/srefactor-ui.el
  srefactor-20230504.617/srefactor.el
 ✓ Success:
  2023-12-26T23:45:14+0000  srefactor-20230504.617.entry
  2023-12-26T23:45:14+0000  srefactor-20230504.617.tar
Built srefactor in 4.122s, finished at 2023-12-26T23:45:16+0000
