Package: status
Fetcher: github
Source:  https://github.com/tromey/emacs-status

Updating /mnt/store/melpa/working/status/
Checking out b62c74bf272566f82a68622f29fb9edafea0f241
Copying files (->) and directories (=>)
  from /mnt/store/melpa/working/status/
  to /tmp/statusud25gK/status-20151230.1408
    emms-status.el -> emms-status.el
    erc-status.el -> erc-status.el
    status.el -> status.el
    status.py -> status.py
    player_pause.png -> player_pause.png
    player_play.png -> player_play.png
Created status-20151230.1408.tar containing:
  status-20151230.1408/
  status-20151230.1408/emms-status.el
  status-20151230.1408/erc-status.el
  status-20151230.1408/player_pause.png
  status-20151230.1408/player_play.png
  status-20151230.1408/status-pkg.el
  status-20151230.1408/status.el
  status-20151230.1408/status.py
 ✓ Success:
  2025-01-24T23:09:32+0000  status-20151230.1408.entry
  2025-01-24T23:09:31+0000  status-20151230.1408.tar
Built status in 3.854s, finished at 2025-01-24T23:09:33+0000
