Package: stimmung-themes
Fetcher: github
Source:  https://github.com/motform/stimmung-themes

Updating /mnt/store/melpa/working/stimmung-themes/
Checking out c7fbe9f06fff0fca2f2fc9a448865c6fc1e6ce8a
Copying files (->) and directories (=>)
  from /mnt/store/melpa/working/stimmung-themes/
  to /tmp/stimmung-themeskEVe8S/stimmung-themes-20241030.823
    stimmung-themes-dark-theme.el -> stimmung-themes-dark-theme.el
    stimmung-themes-light-theme.el -> stimmung-themes-light-theme.el
    stimmung-themes.el -> stimmung-themes.el
Created stimmung-themes-20241030.823.tar containing:
  stimmung-themes-20241030.823/
  stimmung-themes-20241030.823/stimmung-themes-dark-theme.el
  stimmung-themes-20241030.823/stimmung-themes-light-theme.el
  stimmung-themes-20241030.823/stimmung-themes-pkg.el
  stimmung-themes-20241030.823/stimmung-themes.el
 ✓ Success:
  2025-02-23T00:00:37+0000  stimmung-themes-20241030.823.entry
  2025-02-23T00:00:37+0000  stimmung-themes-20241030.823.tar
Built stimmung-themes in 4.186s, finished at 2025-02-23T00:00:38+0000
