Package: sumibi
Fetcher: github
Source:  https://github.com/kiyoka/Sumibi

Updating /mnt/store/melpa/working/sumibi/
Checking out eaedf9de6f62b7dc248ac890cfefe5f38c6301ca
Copying files (->) and directories (=>)
  from /mnt/store/melpa/working/sumibi/
  to /tmp/sumibiViDbS3/sumibi-20251108.825
  ! lisp/sumibi-english-words.el -> sumibi-english-words.el
  ! lisp/sumibi-localdic.el -> sumibi-localdic.el
  ! lisp/sumibi.el -> sumibi.el
Created sumibi-20251108.825.tar containing:
  sumibi-20251108.825/
  sumibi-20251108.825/sumibi-english-words.el
  sumibi-20251108.825/sumibi-localdic.el
  sumibi-20251108.825/sumibi-pkg.el
  sumibi-20251108.825/sumibi.el
 ✓ Success:
  2025-11-17T01:00:59+0000  sumibi-20251108.825.entry
  2025-11-17T01:00:59+0000  sumibi-20251108.825.tar
Built sumibi in 7.875s, finished at 2025-11-17T01:01:01+0000
