Package: svg-mode-line-themes
Fetcher: github
Source:  https://github.com/sabof/svg-mode-line-themes

Updating /mnt/store/melpa/working/svg-mode-line-themes/
Checking out 80a0e01839cafbd66899202e7764c33231974259
Copying files (->) and directories (=>)
  from /mnt/store/melpa/working/svg-mode-line-themes/
  to /tmp/svg-mode-line-themeshH87P0/svg-mode-line-themes-20150425.2006
    svg-mode-line-themes-bio-diesel.el -> svg-mode-line-themes-bio-diesel.el
    svg-mode-line-themes-black-crystal.el -> svg-mode-line-themes-black-crystal.el
    svg-mode-line-themes-core.el -> svg-mode-line-themes-core.el
    svg-mode-line-themes-diesel.el -> svg-mode-line-themes-diesel.el
    svg-mode-line-themes-nasa.el -> svg-mode-line-themes-nasa.el
    svg-mode-line-themes-widgets.el -> svg-mode-line-themes-widgets.el
    svg-mode-line-themes.el -> svg-mode-line-themes.el
Created svg-mode-line-themes-20150425.2006.tar containing:
  svg-mode-line-themes-20150425.2006/
  svg-mode-line-themes-20150425.2006/svg-mode-line-themes-bio-diesel.el
  svg-mode-line-themes-20150425.2006/svg-mode-line-themes-black-crystal.el
  svg-mode-line-themes-20150425.2006/svg-mode-line-themes-core.el
  svg-mode-line-themes-20150425.2006/svg-mode-line-themes-diesel.el
  svg-mode-line-themes-20150425.2006/svg-mode-line-themes-nasa.el
  svg-mode-line-themes-20150425.2006/svg-mode-line-themes-pkg.el
  svg-mode-line-themes-20150425.2006/svg-mode-line-themes-widgets.el
  svg-mode-line-themes-20150425.2006/svg-mode-line-themes.el
 ✓ Success:
  2024-12-05T23:44:33+0000  svg-mode-line-themes-20150425.2006.entry
  2024-12-05T23:44:33+0000  svg-mode-line-themes-20150425.2006.tar
Built svg-mode-line-themes in 2.218s, finished at 2024-12-05T23:44:34+0000
