Package: svnwrapper
Fetcher: github
Source:  https://github.com/Lindydancer/svnwrapper.git

Updating /mnt/store/melpa/working/svnwrapper/
Checking out de5069f5784e5d9e87a0af0159ba5f28a3716583
Copying files (->) and directories (=>)
  from /mnt/store/melpa/working/svnwrapper/
  to /tmp/svnwrapperKDXCwO/svnwrapper-20180414.1843
    svnwrapper.el -> svnwrapper.el
    bin => bin
Created svnwrapper-20180414.1843.tar containing:
  svnwrapper-20180414.1843/
  svnwrapper-20180414.1843/bin/
  svnwrapper-20180414.1843/bin/svnwrapper.rb
  svnwrapper-20180414.1843/svnwrapper-pkg.el
  svnwrapper-20180414.1843/svnwrapper.el
 ✓ Success:
  2024-01-30T08:10:17+0000  svnwrapper-20180414.1843.entry
  2024-01-30T08:10:17+0000  svnwrapper-20180414.1843.tar
Built svnwrapper in 2.900s, finished at 2024-01-30T08:10:18+0000
