Package: switch-window
Fetcher: github
Source:  https://github.com/dimitri/switch-window

Updating /mnt/store/melpa/working/switch-window/
Checking out 8f771b571a1e60fac2d2a9845c0a5a52d5b440df
Copying files (->) and directories (=>)
  from /mnt/store/melpa/working/switch-window/
  to /tmp/switch-windowfCN4X5/switch-window-20250401.839
    switch-window-asciiart.el -> switch-window-asciiart.el
    switch-window-mvborder.el -> switch-window-mvborder.el
    switch-window.el -> switch-window.el
Created switch-window-20250401.839.tar containing:
  switch-window-20250401.839/
  switch-window-20250401.839/switch-window-asciiart.el
  switch-window-20250401.839/switch-window-mvborder.el
  switch-window-20250401.839/switch-window-pkg.el
  switch-window-20250401.839/switch-window.el
 ✓ Success:
  2025-04-04T23:35:21+0000  switch-window-20250401.839.entry
  2025-04-04T23:35:21+0000  switch-window-20250401.839.tar
Built switch-window in 3.547s, finished at 2025-04-04T23:35:22+0000
