Package: sx
Fetcher: github
Source:  https://github.com/vermiculus/sx.el.git

Updating /mnt/store/melpa/working/sx/
Checking out 8c1c28f33d714fc8869e49f5642e1a585c8c85af
Copying files (->) and directories (=>)
  from /mnt/store/melpa/working/sx/
  to /tmp/sxbr29lg/sx-20240126.2120
    sx-auth.el -> sx-auth.el
    sx-babel.el -> sx-babel.el
    sx-button.el -> sx-button.el
    sx-cache.el -> sx-cache.el
    sx-compose.el -> sx-compose.el
    sx-encoding.el -> sx-encoding.el
    sx-favorites.el -> sx-favorites.el
    sx-filter.el -> sx-filter.el
    sx-inbox.el -> sx-inbox.el
    sx-interaction.el -> sx-interaction.el
    sx-load.el -> sx-load.el
    sx-method.el -> sx-method.el
    sx-networks.el -> sx-networks.el
    sx-notify.el -> sx-notify.el
    sx-question-list.el -> sx-question-list.el
    sx-question-mode.el -> sx-question-mode.el
    sx-question-print.el -> sx-question-print.el
    sx-question.el -> sx-question.el
    sx-request.el -> sx-request.el
    sx-search.el -> sx-search.el
    sx-site.el -> sx-site.el
    sx-switchto.el -> sx-switchto.el
    sx-tab.el -> sx-tab.el
    sx-tag.el -> sx-tag.el
    sx-time.el -> sx-time.el
    sx-user.el -> sx-user.el
    sx.el -> sx.el
Created sx-20240126.2120.tar containing:
  sx-20240126.2120/
  sx-20240126.2120/sx-auth.el
  sx-20240126.2120/sx-babel.el
  sx-20240126.2120/sx-button.el
  sx-20240126.2120/sx-cache.el
  sx-20240126.2120/sx-compose.el
  sx-20240126.2120/sx-encoding.el
  sx-20240126.2120/sx-favorites.el
  sx-20240126.2120/sx-filter.el
  sx-20240126.2120/sx-inbox.el
  sx-20240126.2120/sx-interaction.el
  sx-20240126.2120/sx-load.el
  sx-20240126.2120/sx-method.el
  sx-20240126.2120/sx-networks.el
  sx-20240126.2120/sx-notify.el
  sx-20240126.2120/sx-pkg.el
  sx-20240126.2120/sx-question-list.el
  sx-20240126.2120/sx-question-mode.el
  sx-20240126.2120/sx-question-print.el
  sx-20240126.2120/sx-question.el
  sx-20240126.2120/sx-request.el
  sx-20240126.2120/sx-search.el
  sx-20240126.2120/sx-site.el
  sx-20240126.2120/sx-switchto.el
  sx-20240126.2120/sx-tab.el
  sx-20240126.2120/sx-tag.el
  sx-20240126.2120/sx-time.el
  sx-20240126.2120/sx-user.el
  sx-20240126.2120/sx.el
 ✓ Success:
  2024-04-07T23:59:11+0000  sx-20240126.2120.entry
  2024-04-07T23:59:11+0000  sx-20240126.2120.tar
Built sx in 4.543s, finished at 2024-04-07T23:59:12+0000
