Package: symbols-outline
Fetcher: github
Source:  https://github.com/liushihao456/symbols-outline.el

Updating /mnt/store/melpa/working/symbols-outline/
Checking out ee94d7bdf37b5a15b739e03fe1d50130b1a7f301
Copying files (->) and directories (=>)
  from /mnt/store/melpa/working/symbols-outline/
  to /tmp/symbols-outlinepmSGX8/symbols-outline-20250726.1637
    symbols-outline-ctags.el -> symbols-outline-ctags.el
    symbols-outline-follow-mode.el -> symbols-outline-follow-mode.el
    symbols-outline-lsp.el -> symbols-outline-lsp.el
    symbols-outline-nerd-icon.el -> symbols-outline-nerd-icon.el
    symbols-outline-node.el -> symbols-outline-node.el
    symbols-outline-svg-icon.el -> symbols-outline-svg-icon.el
    symbols-outline.el -> symbols-outline.el
    icons => icons
Created symbols-outline-20250726.1637.tar containing:
  symbols-outline-20250726.1637/
  symbols-outline-20250726.1637/icons/
  symbols-outline-20250726.1637/icons/alias.svg
  symbols-outline-20250726.1637/icons/annotation.svg
  symbols-outline-20250726.1637/icons/array.svg
  symbols-outline-20250726.1637/icons/boolean.svg
  symbols-outline-20250726.1637/icons/chapter.svg
  symbols-outline-20250726.1637/icons/chevron-down.svg
  symbols-outline-20250726.1637/icons/chevron-right.svg
  symbols-outline-20250726.1637/icons/class.svg
  symbols-outline-20250726.1637/icons/const.svg
  symbols-outline-20250726.1637/icons/constant.svg
  symbols-outline-20250726.1637/icons/constructor.svg
  symbols-outline-20250726.1637/icons/custom.svg
  symbols-outline-20250726.1637/icons/derivedMode.svg
  symbols-outline-20250726.1637/icons/enum.svg
  symbols-outline-20250726.1637/icons/enumerator.svg
  symbols-outline-20250726.1637/icons/enummember.svg
  symbols-outline-20250726.1637/icons/error.svg
  symbols-outline-20250726.1637/icons/event.svg
  symbols-outline-20250726.1637/icons/externvar.svg
  symbols-outline-20250726.1637/icons/face.svg
  symbols-outline-20250726.1637/icons/field.svg
  symbols-outline-20250726.1637/icons/file.svg
  symbols-outline-20250726.1637/icons/function.svg
  symbols-outline-20250726.1637/icons/group.svg
  symbols-outline-20250726.1637/icons/inline.svg
  symbols-outline-20250726.1637/icons/interface.svg
  symbols-outline-20250726.1637/icons/key.svg
  symbols-outline-20250726.1637/icons/l4subsection.svg
  symbols-outline-20250726.1637/icons/l5subsection.svg
  symbols-outline-20250726.1637/icons/local.svg
  symbols-outline-20250726.1637/icons/macro.svg
  symbols-outline-20250726.1637/icons/macroparam.svg
  symbols-outline-20250726.1637/icons/majorMode.svg
  symbols-outline-20250726.1637/icons/member.svg
  symbols-outline-20250726.1637/icons/method.svg
  symbols-outline-20250726.1637/icons/minorMode.svg
  symbols-outline-20250726.1637/icons/misc.svg
  symbols-outline-20250726.1637/icons/module.svg
  symbols-outline-20250726.1637/icons/namespace.svg
  symbols-outline-20250726.1637/icons/null.svg
  symbols-outline-20250726.1637/icons/number.svg
  symbols-outline-20250726.1637/icons/object.svg
  symbols-outline-20250726.1637/icons/operator.svg
  symbols-outline-20250726.1637/icons/package.svg
  symbols-outline-20250726.1637/icons/parameter.svg
  symbols-outline-20250726.1637/icons/part.svg
  symbols-outline-20250726.1637/icons/property.svg
  symbols-outline-20250726.1637/icons/prototype.svg
  symbols-outline-20250726.1637/icons/section.svg
  symbols-outline-20250726.1637/icons/string.svg
  symbols-outline-20250726.1637/icons/struct.svg
  symbols-outline-20250726.1637/icons/subsection.svg
  symbols-outline-20250726.1637/icons/subst.svg
  symbols-outline-20250726.1637/icons/subsubsection.svg
  symbols-outline-20250726.1637/icons/tag.svg
  symbols-outline-20250726.1637/icons/tparam.svg
  symbols-outline-20250726.1637/icons/typedef.svg
  symbols-outline-20250726.1637/icons/typeparameter.svg
  symbols-outline-20250726.1637/icons/union.svg
  symbols-outline-20250726.1637/icons/unknown.svg
  symbols-outline-20250726.1637/icons/using.svg
  symbols-outline-20250726.1637/icons/variable.svg
  symbols-outline-20250726.1637/symbols-outline-ctags.el
  symbols-outline-20250726.1637/symbols-outline-follow-mode.el
  symbols-outline-20250726.1637/symbols-outline-lsp.el
  symbols-outline-20250726.1637/symbols-outline-nerd-icon.el
  symbols-outline-20250726.1637/symbols-outline-node.el
  symbols-outline-20250726.1637/symbols-outline-pkg.el
  symbols-outline-20250726.1637/symbols-outline-svg-icon.el
  symbols-outline-20250726.1637/symbols-outline.el
 ✓ Success:
  2025-07-28T01:18:06+0000  symbols-outline-20250726.1637.entry
  2025-07-28T01:18:06+0000  symbols-outline-20250726.1637.tar
Built symbols-outline in 3.468s, finished at 2025-07-28T01:18:06+0000
