Package: symex
Fetcher: github
Source:  https://github.com/drym-org/symex.el

Updating /mnt/store/melpa/working/symex/
Checking out 8b056b038fb8fdc2d325fd6e813078d41fd61ab1
Copying files (->) and directories (=>)
  from /mnt/store/melpa/working/symex/
  to /tmp/symexYH89hW/symex-20241016.1921
    symex-computations.el -> symex-computations.el
    symex-custom.el -> symex-custom.el
    symex-data.el -> symex-data.el
    symex-dsl.el -> symex-dsl.el
    symex-evaluator.el -> symex-evaluator.el
    symex-evil-support.el -> symex-evil-support.el
    symex-evil.el -> symex-evil.el
    symex-hydra.el -> symex-hydra.el
    symex-interface-arc.el -> symex-interface-arc.el
    symex-interface-builtins.el -> symex-interface-builtins.el
    symex-interface-clojure.el -> symex-interface-clojure.el
    symex-interface-common-lisp.el -> symex-interface-common-lisp.el
    symex-interface-elisp.el -> symex-interface-elisp.el
    symex-interface-fennel.el -> symex-interface-fennel.el
    symex-interface-racket.el -> symex-interface-racket.el
    symex-interface-scheme.el -> symex-interface-scheme.el
    symex-interface.el -> symex-interface.el
    symex-interop.el -> symex-interop.el
    symex-misc.el -> symex-misc.el
    symex-primitives-lisp.el -> symex-primitives-lisp.el
    symex-primitives.el -> symex-primitives.el
    symex-transformations-lisp.el -> symex-transformations-lisp.el
    symex-transformations-ts.el -> symex-transformations-ts.el
    symex-transformations.el -> symex-transformations.el
    symex-traversals.el -> symex-traversals.el
    symex-ts.el -> symex-ts.el
    symex-ui.el -> symex-ui.el
    symex-utils-ts.el -> symex-utils-ts.el
    symex-utils.el -> symex-utils.el
    symex.el -> symex.el
Created symex-20241016.1921.tar containing:
  symex-20241016.1921/
  symex-20241016.1921/symex-computations.el
  symex-20241016.1921/symex-custom.el
  symex-20241016.1921/symex-data.el
  symex-20241016.1921/symex-dsl.el
  symex-20241016.1921/symex-evaluator.el
  symex-20241016.1921/symex-evil-support.el
  symex-20241016.1921/symex-evil.el
  symex-20241016.1921/symex-hydra.el
  symex-20241016.1921/symex-interface-arc.el
  symex-20241016.1921/symex-interface-builtins.el
  symex-20241016.1921/symex-interface-clojure.el
  symex-20241016.1921/symex-interface-common-lisp.el
  symex-20241016.1921/symex-interface-elisp.el
  symex-20241016.1921/symex-interface-fennel.el
  symex-20241016.1921/symex-interface-racket.el
  symex-20241016.1921/symex-interface-scheme.el
  symex-20241016.1921/symex-interface.el
  symex-20241016.1921/symex-interop.el
  symex-20241016.1921/symex-misc.el
  symex-20241016.1921/symex-pkg.el
  symex-20241016.1921/symex-primitives-lisp.el
  symex-20241016.1921/symex-primitives.el
  symex-20241016.1921/symex-transformations-lisp.el
  symex-20241016.1921/symex-transformations-ts.el
  symex-20241016.1921/symex-transformations.el
  symex-20241016.1921/symex-traversals.el
  symex-20241016.1921/symex-ts.el
  symex-20241016.1921/symex-ui.el
  symex-20241016.1921/symex-utils-ts.el
  symex-20241016.1921/symex-utils.el
  symex-20241016.1921/symex.el
 ✓ Success:
  2024-10-18T23:11:19+0000  symex-20241016.1921.entry
  2024-10-18T23:11:19+0000  symex-20241016.1921.tar
Built symex in 3.343s, finished at 2024-10-18T23:11:20+0000
