Package: synosaurus
Fetcher: github
Source:  https://github.com/hpdeifel/synosaurus.git

Updating /mnt/store/melpa/working/synosaurus/
Checking out 14d34fc92a77c3a916b4d58400424c44ae99cd81
Copying files (->) and directories (=>)
  from /mnt/store/melpa/working/synosaurus/
  to /tmp/synosaurusTR74Ea/synosaurus-20191125.552
    synosaurus-openthesaurus.el -> synosaurus-openthesaurus.el
    synosaurus-pkg.el -> synosaurus-pkg.el
    synosaurus-wordnet.el -> synosaurus-wordnet.el
    synosaurus.el -> synosaurus.el
Created synosaurus-20191125.552.tar containing:
  synosaurus-20191125.552/
  synosaurus-20191125.552/synosaurus-openthesaurus.el
  synosaurus-20191125.552/synosaurus-pkg.el
  synosaurus-20191125.552/synosaurus-wordnet.el
  synosaurus-20191125.552/synosaurus.el
 ✓ Success:
  2024-04-18T23:18:24+0000  synosaurus-20191125.552.entry
  2024-04-18T23:18:24+0000  synosaurus-20191125.552.tar
Built synosaurus in 3.564s, finished at 2024-04-18T23:18:25+0000
