Package: syntree
Fetcher: github
Source:  https://github.com/enricoflor/syntree.git

Updating /mnt/store/melpa/working/syntree/
Checking out 7bbbd4904b0ffe452ec39630042dbc85a7a0b233
Copying files (->) and directories (=>)
  from /mnt/store/melpa/working/syntree/
  to /tmp/syntreeMF7bgs/syntree-20230621.2048
    syntree.el -> syntree.el
    syntree.info -> syntree.info
Created syntree-20230621.2048.tar containing:
  syntree-20230621.2048/
  syntree-20230621.2048/dir
  syntree-20230621.2048/syntree-pkg.el
  syntree-20230621.2048/syntree.el
  syntree-20230621.2048/syntree.info
 ✓ Success:
  2024-01-15T07:09:26+0000  syntree-20230621.2048.entry
  2024-01-15T07:09:26+0000  syntree-20230621.2048.tar
Built syntree in 3.838s, finished at 2024-01-15T07:09:27+0000
