Package: systemd
Fetcher: github
Source:  https://github.com/holomorph/systemd-mode.git

Updating /mnt/store/melpa/working/systemd/
Checking out 8742607120fbc440821acbc351fda1e8e68a8806
Copying files (->) and directories (=>)
  from /mnt/store/melpa/working/systemd/
  to /tmp/systemdtL16aJ/systemd-20230201.302
    systemd.el -> systemd.el
    network-directives.txt -> network-directives.txt
    nspawn-directives.txt -> nspawn-directives.txt
    unit-directives.txt -> unit-directives.txt
Created systemd-20230201.302.tar containing:
  systemd-20230201.302/
  systemd-20230201.302/network-directives.txt
  systemd-20230201.302/nspawn-directives.txt
  systemd-20230201.302/systemd-pkg.el
  systemd-20230201.302/systemd.el
  systemd-20230201.302/unit-directives.txt
 ✓ Success:
  2024-04-24T01:11:11+0000  systemd-20230201.302.entry
  2024-04-24T01:11:11+0000  systemd-20230201.302.tar
Built systemd in 3.670s, finished at 2024-04-24T01:11:13+0000
