Package: tabbar-ruler
Fetcher: github
Source:  https://github.com/mattfidler/tabbar-ruler.el

Updating /mnt/store/melpa/working/tabbar-ruler/
Checking out 535568189aa12a3eff7f977d2783e57b6a65ab6a
Copying files (->) and directories (=>)
  from /mnt/store/melpa/working/tabbar-ruler/
  to /tmp/tabbar-rulermYKn8L/tabbar-ruler-20160802.307
    tabbar-ruler.el -> tabbar-ruler.el
    dir -> dir
    tabbar-ruler.info -> tabbar-ruler.info
Created tabbar-ruler-20160802.307.tar containing:
  tabbar-ruler-20160802.307/
  tabbar-ruler-20160802.307/dir
  tabbar-ruler-20160802.307/tabbar-ruler-pkg.el
  tabbar-ruler-20160802.307/tabbar-ruler.el
  tabbar-ruler-20160802.307/tabbar-ruler.info
 ✓ Success:
  2024-10-10T23:23:14+0000  tabbar-ruler-20160802.307.entry
  2024-10-10T23:23:14+0000  tabbar-ruler-20160802.307.tar
Built tabbar-ruler in 2.568s, finished at 2024-10-10T23:23:15+0000
