Package: tabnine
Fetcher: github
Source:  https://github.com/shuxiao9058/tabnine

Updating /mnt/store/melpa/working/tabnine/
Checking out 277334aae7eed8e100124e0f127b767f8dd13e91
Copying files (->) and directories (=>)
  from /mnt/store/melpa/working/tabnine/
  to /tmp/tabnineqmHrQ3/tabnine-20241121.1308
    tabnine-chat-curl.el -> tabnine-chat-curl.el
    tabnine-chat-transient.el -> tabnine-chat-transient.el
    tabnine-chat.el -> tabnine-chat.el
    tabnine-core.el -> tabnine-core.el
    tabnine-util.el -> tabnine-util.el
    tabnine.el -> tabnine.el
Created tabnine-20241121.1308.tar containing:
  tabnine-20241121.1308/
  tabnine-20241121.1308/tabnine-chat-curl.el
  tabnine-20241121.1308/tabnine-chat-transient.el
  tabnine-20241121.1308/tabnine-chat.el
  tabnine-20241121.1308/tabnine-core.el
  tabnine-20241121.1308/tabnine-pkg.el
  tabnine-20241121.1308/tabnine-util.el
  tabnine-20241121.1308/tabnine.el
 ✓ Success:
  2024-11-22T23:39:16+0000  tabnine-20241121.1308.entry
  2024-11-22T23:39:16+0000  tabnine-20241121.1308.tar
Built tabnine in 3.088s, finished at 2024-11-22T23:39:16+0000
