Package: telephone-line
Fetcher: github
Source:  https://github.com/dbordak/telephone-line

Updating /mnt/store/melpa/working/telephone-line/
Checking out 6016418a5e1e8e006cc202eff50ff28b594eeca4
Copying files (->) and directories (=>)
  from /mnt/store/melpa/working/telephone-line/
  to /tmp/telephone-linelcOvZn/telephone-line-20240109.2021
    telephone-line-config.el -> telephone-line-config.el
    telephone-line-segments.el -> telephone-line-segments.el
    telephone-line-separators.el -> telephone-line-separators.el
    telephone-line-utils.el -> telephone-line-utils.el
    telephone-line.el -> telephone-line.el
Created telephone-line-20240109.2021.tar containing:
  telephone-line-20240109.2021/
  telephone-line-20240109.2021/telephone-line-config.el
  telephone-line-20240109.2021/telephone-line-pkg.el
  telephone-line-20240109.2021/telephone-line-segments.el
  telephone-line-20240109.2021/telephone-line-separators.el
  telephone-line-20240109.2021/telephone-line-utils.el
  telephone-line-20240109.2021/telephone-line.el
 ✓ Success:
  2024-11-09T23:03:33+0000  telephone-line-20240109.2021.entry
  2024-11-09T23:03:33+0000  telephone-line-20240109.2021.tar
Built telephone-line in 2.982s, finished at 2024-11-09T23:03:34+0000
