Package: telega
Fetcher: github
Source:  https://github.com/zevlg/telega.el.git

Updating /mnt/store/melpa/working/telega/
Checking out 7d4e4d43cd476cc6d1eab0f2cdaa757032ad8b33
Copying files (->) and directories (=>)
  from /mnt/store/melpa/working/telega/
  to /tmp/telega7v9anu/telega-20240119.1056
    telega-chat.el -> telega-chat.el
    telega-company.el -> telega-company.el
    telega-core.el -> telega-core.el
    telega-customize.el -> telega-customize.el
    telega-emoji.el -> telega-emoji.el
    telega-ffplay.el -> telega-ffplay.el
    telega-filter.el -> telega-filter.el
    telega-folders.el -> telega-folders.el
    telega-i18n.el -> telega-i18n.el
    telega-info.el -> telega-info.el
    telega-inline.el -> telega-inline.el
    telega-ins.el -> telega-ins.el
    telega-match.el -> telega-match.el
    telega-media.el -> telega-media.el
    telega-modes.el -> telega-modes.el
    telega-msg.el -> telega-msg.el
    telega-notifications.el -> telega-notifications.el
    telega-obsolete.el -> telega-obsolete.el
    telega-root.el -> telega-root.el
    telega-server.el -> telega-server.el
    telega-sort.el -> telega-sort.el
    telega-sticker.el -> telega-sticker.el
    telega-story.el -> telega-story.el
    telega-tdlib-events.el -> telega-tdlib-events.el
    telega-tdlib.el -> telega-tdlib.el
    telega-tme.el -> telega-tme.el
    telega-topic.el -> telega-topic.el
    telega-user.el -> telega-user.el
    telega-util.el -> telega-util.el
    telega-voip.el -> telega-voip.el
    telega-vvnote.el -> telega-vvnote.el
    telega-webpage.el -> telega-webpage.el
    telega.el -> telega.el
    etc => etc
Write error: No space left on device, /tmp/telega7v9anu/telega-20240119.1056/etc/td-api-1.7.3.tl
