Package: tempel-collection
Fetcher: github
Source:  https://github.com/Crandel/tempel-collection.git

Updating /mnt/store/melpa/working/tempel-collection/
Checking out 65b92b44909ea6e958c479739cadf550ab3cbf8a
Copying files (->) and directories (=>)
  from /mnt/store/melpa/working/tempel-collection/
  to /tmp/tempel-collectionuppe4K/tempel-collection-20240205.726
    tempel-collection.el -> tempel-collection.el
    templates => templates
Created tempel-collection-20240205.726.tar containing:
  tempel-collection-20240205.726/
  tempel-collection-20240205.726/tempel-collection-pkg.el
  tempel-collection-20240205.726/tempel-collection.el
  tempel-collection-20240205.726/templates/
  tempel-collection-20240205.726/templates/css-base.eld
  tempel-collection-20240205.726/templates/emacs-lisp.eld
  tempel-collection-20240205.726/templates/eshell.eld
  tempel-collection-20240205.726/templates/fundamental.eld
  tempel-collection-20240205.726/templates/go.eld
  tempel-collection-20240205.726/templates/html.eld
  tempel-collection-20240205.726/templates/java.eld
  tempel-collection-20240205.726/templates/js-base.eld
  tempel-collection-20240205.726/templates/latex.eld
  tempel-collection-20240205.726/templates/lisp.eld
  tempel-collection-20240205.726/templates/markdown.eld
  tempel-collection-20240205.726/templates/nix.eld
  tempel-collection-20240205.726/templates/org.eld
  tempel-collection-20240205.726/templates/prog.eld
  tempel-collection-20240205.726/templates/python-base.eld
  tempel-collection-20240205.726/templates/rst.eld
  tempel-collection-20240205.726/templates/ruby-base.eld
  tempel-collection-20240205.726/templates/rust.eld
  tempel-collection-20240205.726/templates/sh-base.eld
  tempel-collection-20240205.726/templates/texinfo.eld
  tempel-collection-20240205.726/templates/text.eld
 ✓ Success:
  2024-02-08T15:21:23+0000  tempel-collection-20240205.726.entry
  2024-02-08T15:21:23+0000  tempel-collection-20240205.726.tar
Built tempel-collection in 3.464s, finished at 2024-02-08T15:21:24+0000
