Package: ten-hundred-mode
Fetcher: github
Source:  https://github.com/aaron-em/ten-hundred-mode.el.git

Updating /mnt/store/melpa/working/ten-hundred-mode/
Checking out bdcfda49b1819e82d61fe90947e50bb948cf7933
Copying files (->) and directories (=>)
  from /mnt/store/melpa/working/ten-hundred-mode/
  to /tmp/ten-hundred-modeBv5oYL/ten-hundred-mode-20161028.2236
    ten-hundred-mode.el -> ten-hundred-mode.el
    lib => lib
Created ten-hundred-mode-20161028.2236.tar containing:
  ten-hundred-mode-20161028.2236/
  ten-hundred-mode-20161028.2236/lib/
  ten-hundred-mode-20161028.2236/lib/.nosearch
  ten-hundred-mode-20161028.2236/lib/levenshtein.el
  ten-hundred-mode-20161028.2236/lib/stem-english.el
  ten-hundred-mode-20161028.2236/ten-hundred-mode-pkg.el
  ten-hundred-mode-20161028.2236/ten-hundred-mode.el
 ✓ Success:
  2024-01-08T15:30:07+0000  ten-hundred-mode-20161028.2236.entry
  2024-01-08T15:30:07+0000  ten-hundred-mode-20161028.2236.tar
Built ten-hundred-mode in 2.873s, finished at 2024-01-08T15:30:08+0000
