Package: theme-magic
Fetcher: github
Source:  https://github.com/jcaw/theme-magic

Updating /mnt/store/melpa/working/theme-magic/
Checking out 844c4311bd26ebafd4b6a1d72ddcc65d87f074e3
Copying files (->) and directories (=>)
  from /mnt/store/melpa/working/theme-magic/
  to /tmp/theme-magicc4dx5U/theme-magic-20190711.2034
    theme-magic.el -> theme-magic.el
    python => python
Created theme-magic-20190711.2034.tar containing:
  theme-magic-20190711.2034/
  theme-magic-20190711.2034/python/
  theme-magic-20190711.2034/python/wal_change_colors.py
  theme-magic-20190711.2034/theme-magic-pkg.el
  theme-magic-20190711.2034/theme-magic.el
 ✓ Success:
  2025-01-13T00:19:25+0000  theme-magic-20190711.2034.entry
  2025-01-13T00:19:25+0000  theme-magic-20190711.2034.tar
Built theme-magic in 2.222s, finished at 2025-01-13T00:19:26+0000
