Package: tikz
Fetcher: github
Source:  https://github.com/emiliotorres/tikz.git

Updating /mnt/store/melpa/working/tikz/
Checking out 4b205afc5c88f050639135d1d57f1276db323842
Copying files (->) and directories (=>)
  from /mnt/store/melpa/working/tikz/
  to /tmp/tikzJPz33z/tikz-20220526.521
    tikz.el -> tikz.el
    templates => templates
Created tikz-20220526.521.tar containing:
  tikz-20220526.521/
  tikz-20220526.521/templates/
  tikz-20220526.521/templates/defs.tex
  tikz-20220526.521/templates/defs_tikz.tex
  tikz-20220526.521/templates/tikz-preamble-template.tex
  tikz-20220526.521/tikz-pkg.el
  tikz-20220526.521/tikz.el
 ✓ Success:
  2024-08-15T00:02:20+0000  tikz-20220526.521.entry
  2024-08-15T00:02:20+0000  tikz-20220526.521.tar
Built tikz in 3.187s, finished at 2024-08-15T00:02:21+0000
