Package: timesheet
Fetcher: github
Source:  https://github.com/tmarble/timesheet.el.git

Updating /mnt/store/melpa/working/timesheet/
Checking out 511751b239c84d7619ec1c61d7f108b732b64442
Copying files (->) and directories (=>)
  from /mnt/store/melpa/working/timesheet/
  to /tmp/timesheetB5cmc9/timesheet-20221004.1702
    timesheet.el -> timesheet.el
    bin => bin
    share => share
Created timesheet-20221004.1702.tar containing:
  timesheet-20221004.1702/
  timesheet-20221004.1702/bin/
  timesheet-20221004.1702/bin/shell.funcs
  timesheet-20221004.1702/bin/timesheet-invoice
  timesheet-20221004.1702/share/
  timesheet-20221004.1702/share/defs.tex
  timesheet-20221004.1702/share/logo.pdf
  timesheet-20221004.1702/share/main.tex
  timesheet-20221004.1702/share/yoyodyne-fr.org
  timesheet-20221004.1702/share/yoyodyne-uk.org
  timesheet-20221004.1702/share/yoyodyne.org
  timesheet-20221004.1702/timesheet-pkg.el
  timesheet-20221004.1702/timesheet.el
 ✓ Success:
  2024-03-12T23:19:39+0000  timesheet-20221004.1702.entry
  2024-03-12T23:19:38+0000  timesheet-20221004.1702.tar
Built timesheet in 3.347s, finished at 2024-03-12T23:19:40+0000
