Package: timu-macos-theme
Fetcher: gitlab
Source:  https://gitlab.com/aimebertrand/timu-macos-theme

Updating /mnt/store/melpa/working/timu-macos-theme/
Checking out 48bf3f4f011efaa0392bd93d7e4d0acd0c159bcb
Copying files (->) and directories (=>)
  from /mnt/store/melpa/working/timu-macos-theme/
  to /tmp/timu-macos-theme8UUX1P/timu-macos-theme-20250409.41
    timu-macos-theme.el -> timu-macos-theme.el
    timu-macos-theme.info -> timu-macos-theme.info
Created timu-macos-theme-20250409.41.tar containing:
  timu-macos-theme-20250409.41/
  timu-macos-theme-20250409.41/dir
  timu-macos-theme-20250409.41/timu-macos-theme-pkg.el
  timu-macos-theme-20250409.41/timu-macos-theme.el
  timu-macos-theme-20250409.41/timu-macos-theme.info
 ✓ Success:
  2025-09-07T23:58:29+0000  timu-macos-theme-20250409.41.entry
  2025-09-07T23:58:29+0000  timu-macos-theme-20250409.41.tar
Built timu-macos-theme in 3.882s, finished at 2025-09-07T23:58:30+0000
