Package: tmsu
Fetcher: github
Source:  https://github.com/vifon/tmsu.el.git

Updating /mnt/store/melpa/working/tmsu/
Checking out c7dc44c97bf420ff0da5d552abfc9782bed70602
Copying files (->) and directories (=>)
  from /mnt/store/melpa/working/tmsu/
  to /tmp/tmsuQEV4Bq/tmsu-20240117.1813
    tmsu-dired-overlay.el -> tmsu-dired-overlay.el
    tmsu-dired.el -> tmsu-dired.el
    tmsu.el -> tmsu.el
Created tmsu-20240117.1813.tar containing:
  tmsu-20240117.1813/
  tmsu-20240117.1813/tmsu-dired-overlay.el
  tmsu-20240117.1813/tmsu-dired.el
  tmsu-20240117.1813/tmsu-pkg.el
  tmsu-20240117.1813/tmsu.el
 ✓ Success:
  2024-01-18T06:51:20+0000  tmsu-20240117.1813.entry
  2024-01-18T06:51:20+0000  tmsu-20240117.1813.tar
Built tmsu in 3.809s, finished at 2024-01-18T06:51:22+0000
