Package: transient
Fetcher: github
Source:  https://github.com/magit/transient

Updating /mnt/store/melpa/working/transient/
Checking out dbe18e3f5e0812b8d086f92ca776935e41fafc75
Copying files (->) and directories (=>)
  from /mnt/store/melpa/working/transient/
  to /tmp/transientgRhFbS/transient-20241208.2227
  ! lisp/transient.el -> transient.el
  ! docs/gpl.texi -> gpl.texi
  ! docs/transient.texi -> transient.texi
Generating gpl.info
Generating transient.info
Created transient-20241208.2227.tar containing:
  transient-20241208.2227/
  transient-20241208.2227/dir
  transient-20241208.2227/gpl.info
  transient-20241208.2227/transient-pkg.el
  transient-20241208.2227/transient.el
  transient-20241208.2227/transient.info
 ✓ Success:
  2024-12-12T00:02:10+0000  transient-20241208.2227.entry
  2024-12-12T00:02:10+0000  transient-20241208.2227.tar
Built transient in 4.460s, finished at 2024-12-12T00:02:10+0000
