Package: tree-edit
Fetcher: github
Source:  https://github.com/ethan-leba/tree-edit.git

Updating /mnt/store/melpa/working/tree-edit/
Checking out 3e71d276e7369ff4525f0e2b84356a31fe6b7782
Copying files (->) and directories (=>)
  from /mnt/store/melpa/working/tree-edit/
  to /tmp/tree-editrtCn3e/tree-edit-20231124.1712
    tree-edit-build.el -> tree-edit-build.el
    tree-edit-c.el -> tree-edit-c.el
    tree-edit-elisp.el -> tree-edit-elisp.el
    tree-edit-java.el -> tree-edit-java.el
    tree-edit-python.el -> tree-edit-python.el
    tree-edit.el -> tree-edit.el
Created tree-edit-20231124.1712.tar containing:
  tree-edit-20231124.1712/
  tree-edit-20231124.1712/tree-edit-build.el
  tree-edit-20231124.1712/tree-edit-c.el
  tree-edit-20231124.1712/tree-edit-elisp.el
  tree-edit-20231124.1712/tree-edit-java.el
  tree-edit-20231124.1712/tree-edit-pkg.el
  tree-edit-20231124.1712/tree-edit-python.el
  tree-edit-20231124.1712/tree-edit.el
 ✓ Success:
  2023-12-29T07:48:25+0000  tree-edit-20231124.1712.entry
  2023-12-29T07:48:24+0000  tree-edit-20231124.1712.tar
Built tree-edit in 4.253s, finished at 2023-12-29T07:48:26+0000
