Package: tuareg
Fetcher: github
Source:  https://github.com/ocaml/tuareg.git

Updating /mnt/store/melpa/working/tuareg/
Checking out 1d53723e39f22ab4ab76d31f2b188a2879305092
Copying files (->) and directories (=>)
  from /mnt/store/melpa/working/tuareg/
  to /tmp/tuaregwzbCl9/tuareg-20231009.2143
    dot-emacs.el -> dot-emacs.el
    ocamldebug.el -> ocamldebug.el
    tuareg-compat.el -> tuareg-compat.el
    tuareg-menhir.el -> tuareg-menhir.el
    tuareg-opam.el -> tuareg-opam.el
    tuareg.el -> tuareg.el
Created tuareg-20231009.2143.tar containing:
  tuareg-20231009.2143/
  tuareg-20231009.2143/dot-emacs.el
  tuareg-20231009.2143/ocamldebug.el
  tuareg-20231009.2143/tuareg-compat.el
  tuareg-20231009.2143/tuareg-menhir.el
  tuareg-20231009.2143/tuareg-opam.el
  tuareg-20231009.2143/tuareg-pkg.el
  tuareg-20231009.2143/tuareg.el
 ✓ Success:
  2024-02-11T06:29:21+0000  tuareg-20231009.2143.entry
  2024-02-11T06:29:21+0000  tuareg-20231009.2143.tar
Built tuareg in 1.987s, finished at 2024-02-11T06:29:22+0000
