Package: turtles
Fetcher: github
Source:  https://github.com/szermatt/turtles

Updating /mnt/store/melpa/working/turtles/
Checking out 3b7a9fdfd5b12decaef86e4988314e5a027959bb
Copying files (->) and directories (=>)
  from /mnt/store/melpa/working/turtles/
  to /tmp/turtlesJmvXh2/turtles-20250113.1249
    turtles-instance.el -> turtles-instance.el
    turtles-io.el -> turtles-io.el
    turtles.el -> turtles.el
    turtles.texi -> turtles.texi
Generating turtles.info
Created turtles-20250113.1249.tar containing:
  turtles-20250113.1249/
  turtles-20250113.1249/dir
  turtles-20250113.1249/turtles-instance.el
  turtles-20250113.1249/turtles-io.el
  turtles-20250113.1249/turtles-pkg.el
  turtles-20250113.1249/turtles.el
  turtles-20250113.1249/turtles.info
 ✓ Success:
  2025-03-03T23:13:00+0000  turtles-20250113.1249.entry
  2025-03-03T23:13:00+0000  turtles-20250113.1249.tar
Built turtles in 5.497s, finished at 2025-03-03T23:13:01+0000
