Package: twtxt
Fetcher: codeberg
Source:  https://codeberg.org/deadblackclover/twtxt-el

Updating /mnt/store/melpa/working/twtxt/
Checking out e50ef5b938b6e0d4a3401ee4a3e4ba2dccc78105
Copying files (->) and directories (=>)
  from /mnt/store/melpa/working/twtxt/
  to /tmp/twtxt68W88V/twtxt-20250227.359
    twtxt-feed.el -> twtxt-feed.el
    twtxt-image.el -> twtxt-image.el
    twtxt-post.el -> twtxt-post.el
    twtxt-profile.el -> twtxt-profile.el
    twtxt-string.el -> twtxt-string.el
    twtxt-timeline.el -> twtxt-timeline.el
    twtxt-ui.el -> twtxt-ui.el
    twtxt-variables.el -> twtxt-variables.el
    twtxt.el -> twtxt.el
Created twtxt-20250227.359.tar containing:
  twtxt-20250227.359/
  twtxt-20250227.359/twtxt-feed.el
  twtxt-20250227.359/twtxt-image.el
  twtxt-20250227.359/twtxt-pkg.el
  twtxt-20250227.359/twtxt-post.el
  twtxt-20250227.359/twtxt-profile.el
  twtxt-20250227.359/twtxt-string.el
  twtxt-20250227.359/twtxt-timeline.el
  twtxt-20250227.359/twtxt-ui.el
  twtxt-20250227.359/twtxt-variables.el
  twtxt-20250227.359/twtxt.el
 ✓ Success:
  2025-03-02T22:59:44+0000  twtxt-20250227.359.entry
  2025-03-02T22:59:44+0000  twtxt-20250227.359.tar
Built twtxt in 4.457s, finished at 2025-03-02T22:59:45+0000
