Package: unidecode
Fetcher: github
Source:  https://github.com/sindikat/unidecode

Updating /mnt/store/melpa/working/unidecode/
Checking out 525b51b38f5b0435642005957740fe22ecb2a53c
Copying files (->) and directories (=>)
  from /mnt/store/melpa/working/unidecode/
  to /tmp/unidecodefhV1J6/unidecode-20201213.1449
    unidecode.el -> unidecode.el
    data => data
Created unidecode-20201213.1449.tar containing:
  unidecode-20201213.1449/
  unidecode-20201213.1449/data/
  unidecode-20201213.1449/data/unidecode-x000.eld
  unidecode-20201213.1449/data/unidecode-x001.eld
  unidecode-20201213.1449/data/unidecode-x002.eld
  unidecode-20201213.1449/data/unidecode-x003.eld
  unidecode-20201213.1449/data/unidecode-x004.eld
  unidecode-20201213.1449/data/unidecode-x005.eld
  unidecode-20201213.1449/data/unidecode-x006.eld
  unidecode-20201213.1449/data/unidecode-x007.eld
  unidecode-20201213.1449/data/unidecode-x009.eld
  unidecode-20201213.1449/data/unidecode-x00a.eld
  unidecode-20201213.1449/data/unidecode-x00b.eld
  unidecode-20201213.1449/data/unidecode-x00c.eld
  unidecode-20201213.1449/data/unidecode-x00d.eld
  unidecode-20201213.1449/data/unidecode-x00e.eld
  unidecode-20201213.1449/data/unidecode-x00f.eld
  unidecode-20201213.1449/data/unidecode-x010.eld
  unidecode-20201213.1449/data/unidecode-x011.eld
  unidecode-20201213.1449/data/unidecode-x012.eld
  unidecode-20201213.1449/data/unidecode-x013.eld
  unidecode-20201213.1449/data/unidecode-x014.eld
  unidecode-20201213.1449/data/unidecode-x015.eld
  unidecode-20201213.1449/data/unidecode-x016.eld
  unidecode-20201213.1449/data/unidecode-x017.eld
  unidecode-20201213.1449/data/unidecode-x018.eld
  unidecode-20201213.1449/data/unidecode-x01d.eld
  unidecode-20201213.1449/data/unidecode-x01e.eld
  unidecode-20201213.1449/data/unidecode-x01f.eld
  unidecode-20201213.1449/data/unidecode-x020.eld
  unidecode-20201213.1449/data/unidecode-x021.eld
  unidecode-20201213.1449/data/unidecode-x022.eld
  unidecode-20201213.1449/data/unidecode-x023.eld
  unidecode-20201213.1449/data/unidecode-x024.eld
  unidecode-20201213.1449/data/unidecode-x025.eld
  unidecode-20201213.1449/data/unidecode-x026.eld
  unidecode-20201213.1449/data/unidecode-x027.eld
  unidecode-20201213.1449/data/unidecode-x028.eld
  unidecode-20201213.1449/data/unidecode-x029.eld
  unidecode-20201213.1449/data/unidecode-x02a.eld
  unidecode-20201213.1449/data/unidecode-x02c.eld
  unidecode-20201213.1449/data/unidecode-x02e.eld
  unidecode-20201213.1449/data/unidecode-x02f.eld
  unidecode-20201213.1449/data/unidecode-x030.eld
  unidecode-20201213.1449/data/unidecode-x031.eld
  unidecode-20201213.1449/data/unidecode-x032.eld
  unidecode-20201213.1449/data/unidecode-x033.eld
  unidecode-20201213.1449/data/unidecode-x04d.eld
  unidecode-20201213.1449/data/unidecode-x04e.eld
  unidecode-20201213.1449/data/unidecode-x04f.eld
  unidecode-20201213.1449/data/unidecode-x050.eld
  unidecode-20201213.1449/data/unidecode-x051.eld
  unidecode-20201213.1449/data/unidecode-x052.eld
  unidecode-20201213.1449/data/unidecode-x053.eld
  unidecode-20201213.1449/data/unidecode-x054.eld
  unidecode-20201213.1449/data/unidecode-x055.eld
  unidecode-20201213.1449/data/unidecode-x056.eld
  unidecode-20201213.1449/data/unidecode-x057.eld
  unidecode-20201213.1449/data/unidecode-x058.eld
  unidecode-20201213.1449/data/unidecode-x059.eld
  unidecode-20201213.1449/data/unidecode-x05a.eld
  unidecode-20201213.1449/data/unidecode-x05b.eld
  unidecode-20201213.1449/data/unidecode-x05c.eld
  unidecode-20201213.1449/data/unidecode-x05d.eld
  unidecode-20201213.1449/data/unidecode-x05e.eld
  unidecode-20201213.1449/data/unidecode-x05f.eld
  unidecode-20201213.1449/data/unidecode-x060.eld
  unidecode-20201213.1449/data/unidecode-x061.eld
  unidecode-20201213.1449/data/unidecode-x062.eld
  unidecode-20201213.1449/data/unidecode-x063.eld
  unidecode-20201213.1449/data/unidecode-x064.eld
  unidecode-20201213.1449/data/unidecode-x065.eld
  unidecode-20201213.1449/data/unidecode-x066.eld
  unidecode-20201213.1449/data/unidecode-x067.eld
  unidecode-20201213.1449/data/unidecode-x068.eld
  unidecode-20201213.1449/data/unidecode-x069.eld
  unidecode-20201213.1449/data/unidecode-x06a.eld
  unidecode-20201213.1449/data/unidecode-x06b.eld
  unidecode-20201213.1449/data/unidecode-x06c.eld
  unidecode-20201213.1449/data/unidecode-x06d.eld
  unidecode-20201213.1449/data/unidecode-x06e.eld
  unidecode-20201213.1449/data/unidecode-x06f.eld
  unidecode-20201213.1449/data/unidecode-x070.eld
  unidecode-20201213.1449/data/unidecode-x071.eld
  unidecode-20201213.1449/data/unidecode-x072.eld
  unidecode-20201213.1449/data/unidecode-x073.eld
  unidecode-20201213.1449/data/unidecode-x074.eld
  unidecode-20201213.1449/data/unidecode-x075.eld
  unidecode-20201213.1449/data/unidecode-x076.eld
  unidecode-20201213.1449/data/unidecode-x077.eld
  unidecode-20201213.1449/data/unidecode-x078.eld
  unidecode-20201213.1449/data/unidecode-x079.eld
  unidecode-20201213.1449/data/unidecode-x07a.eld
  unidecode-20201213.1449/data/unidecode-x07b.eld
  unidecode-20201213.1449/data/unidecode-x07c.eld
  unidecode-20201213.1449/data/unidecode-x07d.eld
  unidecode-20201213.1449/data/unidecode-x07e.eld
  unidecode-20201213.1449/data/unidecode-x07f.eld
  unidecode-20201213.1449/data/unidecode-x080.eld
  unidecode-20201213.1449/data/unidecode-x081.eld
  unidecode-20201213.1449/data/unidecode-x082.eld
  unidecode-20201213.1449/data/unidecode-x083.eld
  unidecode-20201213.1449/data/unidecode-x084.eld
  unidecode-20201213.1449/data/unidecode-x085.eld
  unidecode-20201213.1449/data/unidecode-x086.eld
  unidecode-20201213.1449/data/unidecode-x087.eld
  unidecode-20201213.1449/data/unidecode-x088.eld
  unidecode-20201213.1449/data/unidecode-x089.eld
  unidecode-20201213.1449/data/unidecode-x08a.eld
  unidecode-20201213.1449/data/unidecode-x08b.eld
  unidecode-20201213.1449/data/unidecode-x08c.eld
  unidecode-20201213.1449/data/unidecode-x08d.eld
  unidecode-20201213.1449/data/unidecode-x08e.eld
  unidecode-20201213.1449/data/unidecode-x08f.eld
  unidecode-20201213.1449/data/unidecode-x090.eld
  unidecode-20201213.1449/data/unidecode-x091.eld
  unidecode-20201213.1449/data/unidecode-x092.eld
  unidecode-20201213.1449/data/unidecode-x093.eld
  unidecode-20201213.1449/data/unidecode-x094.eld
  unidecode-20201213.1449/data/unidecode-x095.eld
  unidecode-20201213.1449/data/unidecode-x096.eld
  unidecode-20201213.1449/data/unidecode-x097.eld
  unidecode-20201213.1449/data/unidecode-x098.eld
  unidecode-20201213.1449/data/unidecode-x099.eld
  unidecode-20201213.1449/data/unidecode-x09a.eld
  unidecode-20201213.1449/data/unidecode-x09b.eld
  unidecode-20201213.1449/data/unidecode-x09c.eld
  unidecode-20201213.1449/data/unidecode-x09d.eld
  unidecode-20201213.1449/data/unidecode-x09e.eld
  unidecode-20201213.1449/data/unidecode-x09f.eld
  unidecode-20201213.1449/data/unidecode-x0a0.eld
  unidecode-20201213.1449/data/unidecode-x0a1.eld
  unidecode-20201213.1449/data/unidecode-x0a2.eld
  unidecode-20201213.1449/data/unidecode-x0a3.eld
  unidecode-20201213.1449/data/unidecode-x0a4.eld
  unidecode-20201213.1449/data/unidecode-x0ac.eld
  unidecode-20201213.1449/data/unidecode-x0ad.eld
  unidecode-20201213.1449/data/unidecode-x0ae.eld
  unidecode-20201213.1449/data/unidecode-x0af.eld
  unidecode-20201213.1449/data/unidecode-x0b0.eld
  unidecode-20201213.1449/data/unidecode-x0b1.eld
  unidecode-20201213.1449/data/unidecode-x0b2.eld
  unidecode-20201213.1449/data/unidecode-x0b3.eld
  unidecode-20201213.1449/data/unidecode-x0b4.eld
  unidecode-20201213.1449/data/unidecode-x0b5.eld
  unidecode-20201213.1449/data/unidecode-x0b6.eld
  unidecode-20201213.1449/data/unidecode-x0b7.eld
  unidecode-20201213.1449/data/unidecode-x0b8.eld
  unidecode-20201213.1449/data/unidecode-x0b9.eld
  unidecode-20201213.1449/data/unidecode-x0ba.eld
  unidecode-20201213.1449/data/unidecode-x0bb.eld
  unidecode-20201213.1449/data/unidecode-x0bc.eld
  unidecode-20201213.1449/data/unidecode-x0bd.eld
  unidecode-20201213.1449/data/unidecode-x0be.eld
  unidecode-20201213.1449/data/unidecode-x0bf.eld
  unidecode-20201213.1449/data/unidecode-x0c0.eld
  unidecode-20201213.1449/data/unidecode-x0c1.eld
  unidecode-20201213.1449/data/unidecode-x0c2.eld
  unidecode-20201213.1449/data/unidecode-x0c3.eld
  unidecode-20201213.1449/data/unidecode-x0c4.eld
  unidecode-20201213.1449/data/unidecode-x0c5.eld
  unidecode-20201213.1449/data/unidecode-x0c6.eld
  unidecode-20201213.1449/data/unidecode-x0c7.eld
  unidecode-20201213.1449/data/unidecode-x0c8.eld
  unidecode-20201213.1449/data/unidecode-x0c9.eld
  unidecode-20201213.1449/data/unidecode-x0ca.eld
  unidecode-20201213.1449/data/unidecode-x0cb.eld
  unidecode-20201213.1449/data/unidecode-x0cc.eld
  unidecode-20201213.1449/data/unidecode-x0cd.eld
  unidecode-20201213.1449/data/unidecode-x0ce.eld
  unidecode-20201213.1449/data/unidecode-x0cf.eld
  unidecode-20201213.1449/data/unidecode-x0d0.eld
  unidecode-20201213.1449/data/unidecode-x0d1.eld
  unidecode-20201213.1449/data/unidecode-x0d2.eld
  unidecode-20201213.1449/data/unidecode-x0d3.eld
  unidecode-20201213.1449/data/unidecode-x0d4.eld
  unidecode-20201213.1449/data/unidecode-x0d5.eld
  unidecode-20201213.1449/data/unidecode-x0d6.eld
  unidecode-20201213.1449/data/unidecode-x0d7.eld
  unidecode-20201213.1449/data/unidecode-x0f9.eld
  unidecode-20201213.1449/data/unidecode-x0fa.eld
  unidecode-20201213.1449/data/unidecode-x0fb.eld
  unidecode-20201213.1449/data/unidecode-x0fc.eld
  unidecode-20201213.1449/data/unidecode-x0fd.eld
  unidecode-20201213.1449/data/unidecode-x0fe.eld
  unidecode-20201213.1449/data/unidecode-x0ff.eld
  unidecode-20201213.1449/data/unidecode-x1d4.eld
  unidecode-20201213.1449/data/unidecode-x1d5.eld
  unidecode-20201213.1449/data/unidecode-x1d6.eld
  unidecode-20201213.1449/data/unidecode-x1d7.eld
  unidecode-20201213.1449/data/unidecode-x1f1.eld
  unidecode-20201213.1449/unidecode-pkg.el
  unidecode-20201213.1449/unidecode.el
 ✓ Success:
  2025-02-23T22:26:20+0000  unidecode-20201213.1449.entry
  2025-02-23T22:26:20+0000  unidecode-20201213.1449.tar
Built unidecode in 3.782s, finished at 2025-02-23T22:26:21+0000
