 • Building package uniline (from github:tbanel/uniline)...
Updating /mnt/store/melpa/working/uniline/
Checking out 0002d5bd96bbbf721ac57c7ecdeaa632d477d083
Copying files (->) and directories (=>)
  from /mnt/store/melpa/working/uniline/
  to /tmp/unilinexzU8wt/uniline-20251213.1143
    uniline-core.el -> uniline-core.el
    uniline-hydra.el -> uniline-hydra.el
    uniline-transient.el -> uniline-transient.el
    uniline.el -> uniline.el
    uniline.info -> uniline.info
Created uniline-20251213.1143.tar containing:
  uniline-20251213.1143/
  uniline-20251213.1143/dir
  uniline-20251213.1143/uniline-core.el
  uniline-20251213.1143/uniline-hydra.el
  uniline-20251213.1143/uniline-pkg.el
  uniline-20251213.1143/uniline-transient.el
  uniline-20251213.1143/uniline.el
  uniline-20251213.1143/uniline.info
 ✓ Success:
  2025-12-22T00:24:29+0000  uniline-20251213.1143.entry
  2025-12-22T00:24:29+0000  uniline-20251213.1143.tar
Built uniline in 3.704s, finished at 2025-12-22T00:24:30+0000
