Package: universal-sidecar
Fetcher: sourcehut
Source:  https://git.sr.ht/~swflint/emacs-universal-sidecar

Updating /mnt/store/melpa/working/universal-sidecar/
Checking out 64c2e7a65906fe280a104e2c08574a540c718361
Copying files (->) and directories (=>)
  from /mnt/store/melpa/working/universal-sidecar/
  to /tmp/universal-sidecarwzUwJX/universal-sidecar-20240107.2146
    universal-sidecar.el -> universal-sidecar.el
    universal-sidecar-sections.el -> universal-sidecar-sections.el
Created universal-sidecar-20240107.2146.tar containing:
  universal-sidecar-20240107.2146/
  universal-sidecar-20240107.2146/universal-sidecar-pkg.el
  universal-sidecar-20240107.2146/universal-sidecar-sections.el
  universal-sidecar-20240107.2146/universal-sidecar.el
 ✓ Success:
  2024-01-06T07:09:32+0000  universal-sidecar-20240104.1701.entry
  2024-01-06T07:09:32+0000  universal-sidecar-20240104.1701.tar
  2024-01-13T07:56:47+0000  universal-sidecar-20240107.2146.entry
  2024-01-13T07:56:47+0000  universal-sidecar-20240107.2146.tar
Built universal-sidecar in 5.415s, finished at 2024-01-13T07:56:49+0000
