Package: use-package
Fetcher: github
Source:  https://github.com/jwiegley/use-package

Updating /mnt/store/melpa/working/use-package/
Checking out b59b4dc2361c7b351238990d0c34eece8d79ecf0
Copying files (->) and directories (=>)
  from /mnt/store/melpa/working/use-package/
  to /tmp/use-packageI4zMJl/use-package-20230426.2324
    use-package-bind-key.el -> use-package-bind-key.el
    use-package-core.el -> use-package-core.el
    use-package-delight.el -> use-package-delight.el
    use-package-diminish.el -> use-package-diminish.el
    use-package-ensure.el -> use-package-ensure.el
    use-package-jump.el -> use-package-jump.el
    use-package-lint.el -> use-package-lint.el
    use-package.el -> use-package.el
    doclicense.texi -> doclicense.texi
    docstyle.texi -> docstyle.texi
    use-package.texi -> use-package.texi
Generating doclicense.info
Generating docstyle.info
Generating use-package.info
Created use-package-20230426.2324.tar containing:
  use-package-20230426.2324/
  use-package-20230426.2324/dir
  use-package-20230426.2324/doclicense.info
  use-package-20230426.2324/docstyle.info
  use-package-20230426.2324/use-package-bind-key.el
  use-package-20230426.2324/use-package-core.el
  use-package-20230426.2324/use-package-delight.el
  use-package-20230426.2324/use-package-diminish.el
  use-package-20230426.2324/use-package-ensure.el
  use-package-20230426.2324/use-package-jump.el
  use-package-20230426.2324/use-package-lint.el
  use-package-20230426.2324/use-package-pkg.el
  use-package-20230426.2324/use-package.el
  use-package-20230426.2324/use-package.info
 ✓ Success:
  2024-10-30T23:20:03+0000  use-package-20230426.2324.entry
  2024-10-30T23:20:03+0000  use-package-20230426.2324.tar
Built use-package in 6.839s, finished at 2024-10-30T23:20:04+0000
