Package: vc-msg
Fetcher: github
Source:  https://github.com/redguardtoo/vc-msg.git

Updating /mnt/store/melpa/working/vc-msg/
Checking out 027fefad63868cd7695372510c27922656cf996a
Copying files (->) and directories (=>)
  from /mnt/store/melpa/working/vc-msg/
  to /tmp/vc-msgckp57d/vc-msg-20221005.1228
    vc-msg-git.el -> vc-msg-git.el
    vc-msg-hg.el -> vc-msg-hg.el
    vc-msg-p4.el -> vc-msg-p4.el
    vc-msg-sdk.el -> vc-msg-sdk.el
    vc-msg-svn.el -> vc-msg-svn.el
    vc-msg.el -> vc-msg.el
Created vc-msg-20221005.1228.tar containing:
  vc-msg-20221005.1228/
  vc-msg-20221005.1228/vc-msg-git.el
  vc-msg-20221005.1228/vc-msg-hg.el
  vc-msg-20221005.1228/vc-msg-p4.el
  vc-msg-20221005.1228/vc-msg-pkg.el
  vc-msg-20221005.1228/vc-msg-sdk.el
  vc-msg-20221005.1228/vc-msg-svn.el
  vc-msg-20221005.1228/vc-msg.el
 ✓ Success:
  2024-03-05T23:44:32+0000  vc-msg-20221005.1228.entry
  2024-03-05T23:44:32+0000  vc-msg-20221005.1228.tar
Built vc-msg in 3.204s, finished at 2024-03-05T23:44:33+0000
