Package: verb
Fetcher: github
Source:  https://github.com/federicotdn/verb

Updating /mnt/store/melpa/working/verb/
Checking out bfffe206d5413de338ed3f03450efb49315c89b0
Copying files (->) and directories (=>)
  from /mnt/store/melpa/working/verb/
  to /tmp/verb4H6D9n/verb-20250129.2117
    ob-verb.el -> ob-verb.el
    verb-util.el -> verb-util.el
    verb.el -> verb.el
Created verb-20250129.2117.tar containing:
  verb-20250129.2117/
  verb-20250129.2117/ob-verb.el
  verb-20250129.2117/verb-pkg.el
  verb-20250129.2117/verb-util.el
  verb-20250129.2117/verb.el
 ✓ Success:
  2025-02-02T23:57:01+0000  verb-20250129.2117.entry
  2025-02-02T23:57:01+0000  verb-20250129.2117.tar
Built verb in 2.973s, finished at 2025-02-02T23:57:02+0000
