Package: vertica-snippets
Fetcher: github
Source:  https://github.com/baron42bba/vertica-snippets.git

Updating /mnt/store/melpa/working/vertica-snippets/
Checking out efaf893698358a305b1c52fd22a6842b59940855
Copying files (->) and directories (=>)
  from /mnt/store/melpa/working/vertica-snippets/
  to /tmp/vertica-snippetswn16s5/vertica-snippets-20240221.1629
    vertica-snippets.el -> vertica-snippets.el
    snippets => snippets
Created vertica-snippets-20240221.1629.tar containing:
  vertica-snippets-20240221.1629/
  vertica-snippets-20240221.1629/snippets/
  vertica-snippets-20240221.1629/snippets/sql-interactive-mode/
  vertica-snippets-20240221.1629/snippets/sql-interactive-mode/.dir-locals.el
  vertica-snippets-20240221.1629/snippets/sql-interactive-mode/busy-hours
  vertica-snippets-20240221.1629/snippets/sql-interactive-mode/check_rle_overridden
  vertica-snippets-20240221.1629/snippets/sql-interactive-mode/config-changes
  vertica-snippets-20240221.1629/snippets/sql-interactive-mode/current_epoch
  vertica-snippets-20240221.1629/snippets/sql-interactive-mode/dc_refresh_columns
  vertica-snippets-20240221.1629/snippets/sql-interactive-mode/errors
  vertica-snippets-20240221.1629/snippets/sql-interactive-mode/external_table_details
  vertica-snippets-20240221.1629/snippets/sql-interactive-mode/format_numbers
  vertica-snippets-20240221.1629/snippets/sql-interactive-mode/get-partitions
  vertica-snippets-20240221.1629/snippets/sql-interactive-mode/get-projections
  vertica-snippets-20240221.1629/snippets/sql-interactive-mode/grants
  vertica-snippets-20240221.1629/snippets/sql-interactive-mode/last-statement-timing
  vertica-snippets-20240221.1629/snippets/sql-interactive-mode/last-vertica-updates
  vertica-snippets-20240221.1629/snippets/sql-interactive-mode/licence-history
  vertica-snippets-20240221.1629/snippets/sql-interactive-mode/list-backups
  vertica-snippets-20240221.1629/snippets/sql-interactive-mode/list-tables-row-count-size
  vertica-snippets-20240221.1629/snippets/sql-interactive-mode/nodes
  vertica-snippets-20240221.1629/snippets/sql-interactive-mode/pool_queues
  vertica-snippets-20240221.1629/snippets/sql-interactive-mode/projection_storage
  vertica-snippets-20240221.1629/snippets/sql-interactive-mode/pset_footer
  vertica-snippets-20240221.1629/snippets/sql-interactive-mode/qp_session
  vertica-snippets-20240221.1629/snippets/sql-interactive-mode/qp_slow
  vertica-snippets-20240221.1629/snippets/sql-interactive-mode/query-acquisition-queue
  vertica-snippets-20240221.1629/snippets/sql-interactive-mode/query-event-issues
  vertica-snippets-20240221.1629/snippets/sql-interactive-mode/query-long-acquisitions
  vertica-snippets-20240221.1629/snippets/sql-interactive-mode/query-requests
  vertica-snippets-20240221.1629/snippets/sql-interactive-mode/query-requests-expensive
  vertica-snippets-20240221.1629/snippets/sql-interactive-mode/query-requests-overview
  vertica-snippets-20240221.1629/snippets/sql-interactive-mode/query-times
  vertica-snippets-20240221.1629/snippets/sql-interactive-mode/rebalance_projection_status
  vertica-snippets-20240221.1629/snippets/sql-interactive-mode/rebalance_status
  vertica-snippets-20240221.1629/snippets/sql-interactive-mode/rebalance_times
  vertica-snippets-20240221.1629/snippets/sql-interactive-mode/resource-pool-move
  vertica-snippets-20240221.1629/snippets/sql-interactive-mode/resource_pool_request_durations
  vertica-snippets-20240221.1629/snippets/sql-interactive-mode/resource_pool_seconds
  vertica-snippets-20240221.1629/snippets/sql-interactive-mode/resource_pool_status
  vertica-snippets-20240221.1629/snippets/sql-interactive-mode/resource_pool_status2
  vertica-snippets-20240221.1629/snippets/sql-interactive-mode/resource_pools
  vertica-snippets-20240221.1629/snippets/sql-interactive-mode/resources
  vertica-snippets-20240221.1629/snippets/sql-interactive-mode/ros_count
  vertica-snippets-20240221.1629/snippets/sql-interactive-mode/seg-keys
  vertica-snippets-20240221.1629/snippets/sql-interactive-mode/segmentation-islands1
  vertica-snippets-20240221.1629/snippets/sql-interactive-mode/segmentation-islands2
  vertica-snippets-20240221.1629/snippets/sql-interactive-mode/sessions
  vertica-snippets-20240221.1629/snippets/sql-interactive-mode/setrole
  vertica-snippets-20240221.1629/snippets/sql-interactive-mode/storage-containers
  vertica-snippets-20240221.1629/snippets/sql-interactive-mode/storage-locations
  vertica-snippets-20240221.1629/snippets/sql-interactive-mode/table_locks
  vertica-snippets-20240221.1629/snippets/sql-interactive-mode/user_sessions
  vertica-snippets-20240221.1629/snippets/sql-interactive-mode/varchar_column_check
  vertica-snippets-20240221.1629/snippets/sql-interactive-mode/vertica_users
  vertica-snippets-20240221.1629/snippets/sql-mode/
  vertica-snippets-20240221.1629/snippets/sql-mode/.yas-parents
  vertica-snippets-20240221.1629/vertica-snippets-pkg.el
  vertica-snippets-20240221.1629/vertica-snippets.el
 ✓ Success:
  2024-03-07T23:57:51+0000  vertica-snippets-20240221.1629.entry
  2024-03-07T23:57:50+0000  vertica-snippets-20240221.1629.tar
Built vertica-snippets in 3.530s, finished at 2024-03-07T23:57:52+0000
