Package: vhdl-ext
Fetcher: github
Source:  https://github.com/gmlarumbe/vhdl-ext

Updating /mnt/store/melpa/working/vhdl-ext/
Checking out 13acf1b1fba6ebee9db7cba2b8f72eb5c1af107f
Copying files (->) and directories (=>)
  from /mnt/store/melpa/working/vhdl-ext/
  to /tmp/vhdl-extH5yZRs/vhdl-ext-20250720.1510
    vhdl-ext-beautify.el -> vhdl-ext-beautify.el
    vhdl-ext-capf.el -> vhdl-ext-capf.el
    vhdl-ext-compile.el -> vhdl-ext-compile.el
    vhdl-ext-eglot.el -> vhdl-ext-eglot.el
    vhdl-ext-flycheck.el -> vhdl-ext-flycheck.el
    vhdl-ext-font-lock.el -> vhdl-ext-font-lock.el
    vhdl-ext-hierarchy.el -> vhdl-ext-hierarchy.el
    vhdl-ext-hs.el -> vhdl-ext-hs.el
    vhdl-ext-imenu.el -> vhdl-ext-imenu.el
    vhdl-ext-lsp-bridge.el -> vhdl-ext-lsp-bridge.el
    vhdl-ext-lsp.el -> vhdl-ext-lsp.el
    vhdl-ext-lspce.el -> vhdl-ext-lspce.el
    vhdl-ext-nav.el -> vhdl-ext-nav.el
    vhdl-ext-ports.el -> vhdl-ext-ports.el
    vhdl-ext-tags.el -> vhdl-ext-tags.el
    vhdl-ext-template.el -> vhdl-ext-template.el
    vhdl-ext-time-stamp.el -> vhdl-ext-time-stamp.el
    vhdl-ext-utils.el -> vhdl-ext-utils.el
    vhdl-ext-which-func.el -> vhdl-ext-which-func.el
    vhdl-ext-xref.el -> vhdl-ext-xref.el
    vhdl-ext.el -> vhdl-ext.el
    snippets => snippets
    langserver => langserver
Created vhdl-ext-20250720.1510.tar containing:
  vhdl-ext-20250720.1510/
  vhdl-ext-20250720.1510/langserver/
  vhdl-ext-20250720.1510/langserver/ghdl-ls.json
  vhdl-ext-20250720.1510/langserver/hdl-checker.json
  vhdl-ext-20250720.1510/langserver/rust-hdl.json
  vhdl-ext-20250720.1510/langserver/vhdl-tool.json
  vhdl-ext-20250720.1510/snippets/
  vhdl-ext-20250720.1510/snippets/PLACEHOLDER
  vhdl-ext-20250720.1510/vhdl-ext-beautify.el
  vhdl-ext-20250720.1510/vhdl-ext-capf.el
  vhdl-ext-20250720.1510/vhdl-ext-compile.el
  vhdl-ext-20250720.1510/vhdl-ext-eglot.el
  vhdl-ext-20250720.1510/vhdl-ext-flycheck.el
  vhdl-ext-20250720.1510/vhdl-ext-font-lock.el
  vhdl-ext-20250720.1510/vhdl-ext-hierarchy.el
  vhdl-ext-20250720.1510/vhdl-ext-hs.el
  vhdl-ext-20250720.1510/vhdl-ext-imenu.el
  vhdl-ext-20250720.1510/vhdl-ext-lsp-bridge.el
  vhdl-ext-20250720.1510/vhdl-ext-lsp.el
  vhdl-ext-20250720.1510/vhdl-ext-lspce.el
  vhdl-ext-20250720.1510/vhdl-ext-nav.el
  vhdl-ext-20250720.1510/vhdl-ext-pkg.el
  vhdl-ext-20250720.1510/vhdl-ext-ports.el
  vhdl-ext-20250720.1510/vhdl-ext-tags.el
  vhdl-ext-20250720.1510/vhdl-ext-template.el
  vhdl-ext-20250720.1510/vhdl-ext-time-stamp.el
  vhdl-ext-20250720.1510/vhdl-ext-utils.el
  vhdl-ext-20250720.1510/vhdl-ext-which-func.el
  vhdl-ext-20250720.1510/vhdl-ext-xref.el
  vhdl-ext-20250720.1510/vhdl-ext.el
 ✓ Success:
  2025-07-21T01:58:21+0000  vhdl-ext-20250720.1510.entry
  2025-07-21T01:58:21+0000  vhdl-ext-20250720.1510.tar
Built vhdl-ext in 3.173s, finished at 2025-07-21T01:58:22+0000
