Package: vscode-icon
Fetcher: github
Source:  https://github.com/jojojames/vscode-icon-emacs.git

Updating /mnt/store/melpa/working/vscode-icon/
Checking out 3976bc2e7e2fe0068ae59c11d226f67e0e87aaea
Copying files (->) and directories (=>)
  from /mnt/store/melpa/working/vscode-icon/
  to /tmp/vscode-iconkFSaIA/vscode-icon-20230330.2206
    vscode-icon.el -> vscode-icon.el
    icons => icons
Created vscode-icon-20230330.2206.tar containing:
  vscode-icon-20230330.2206/
  vscode-icon-20230330.2206/icons/
  vscode-icon-20230330.2206/icons/128/
  vscode-icon-20230330.2206/icons/128/default_file.png
  vscode-icon-20230330.2206/icons/128/default_folder.png
  vscode-icon-20230330.2206/icons/128/default_folder_opened.png
  vscode-icon-20230330.2206/icons/128/default_root_folder.png
  vscode-icon-20230330.2206/icons/128/default_root_folder_opened.png
  vscode-icon-20230330.2206/icons/128/file_type_access.png
  vscode-icon-20230330.2206/icons/128/file_type_actionscript.png
  vscode-icon-20230330.2206/icons/128/file_type_ai.png
  vscode-icon-20230330.2206/icons/128/file_type_ai2.png
  vscode-icon-20230330.2206/icons/128/file_type_al.png
  vscode-icon-20230330.2206/icons/128/file_type_angular.png
  vscode-icon-20230330.2206/icons/128/file_type_ansible.png
  vscode-icon-20230330.2206/icons/128/file_type_antlr.png
  vscode-icon-20230330.2206/icons/128/file_type_anyscript.png
  vscode-icon-20230330.2206/icons/128/file_type_apache.png
  vscode-icon-20230330.2206/icons/128/file_type_apex.png
  vscode-icon-20230330.2206/icons/128/file_type_apib.png
  vscode-icon-20230330.2206/icons/128/file_type_apib2.png
  vscode-icon-20230330.2206/icons/128/file_type_applescript.png
  vscode-icon-20230330.2206/icons/128/file_type_appveyor.png
  vscode-icon-20230330.2206/icons/128/file_type_arduino.png
  vscode-icon-20230330.2206/icons/128/file_type_asp.png
  vscode-icon-20230330.2206/icons/128/file_type_aspx.png
  vscode-icon-20230330.2206/icons/128/file_type_assembly.png
  vscode-icon-20230330.2206/icons/128/file_type_audio.png
  vscode-icon-20230330.2206/icons/128/file_type_aurelia.png
  vscode-icon-20230330.2206/icons/128/file_type_autohotkey.png
  vscode-icon-20230330.2206/icons/128/file_type_autoit.png
  vscode-icon-20230330.2206/icons/128/file_type_avro.png
  vscode-icon-20230330.2206/icons/128/file_type_aws.png
  vscode-icon-20230330.2206/icons/128/file_type_babel.png
  vscode-icon-20230330.2206/icons/128/file_type_babel2.png
  vscode-icon-20230330.2206/icons/128/file_type_bat.png
  vscode-icon-20230330.2206/icons/128/file_type_bazaar.png
  vscode-icon-20230330.2206/icons/128/file_type_bazel.png
  vscode-icon-20230330.2206/icons/128/file_type_binary.png
  vscode-icon-20230330.2206/icons/128/file_type_bithound.png
  vscode-icon-20230330.2206/icons/128/file_type_blade.png
  vscode-icon-20230330.2206/icons/128/file_type_bolt.png
  vscode-icon-20230330.2206/icons/128/file_type_bower.png
  vscode-icon-20230330.2206/icons/128/file_type_bower2.png
  vscode-icon-20230330.2206/icons/128/file_type_browserslist.png
  vscode-icon-20230330.2206/icons/128/file_type_buckbuild.png
  vscode-icon-20230330.2206/icons/128/file_type_bundler.png
  vscode-icon-20230330.2206/icons/128/file_type_c.png
  vscode-icon-20230330.2206/icons/128/file_type_c2.png
  vscode-icon-20230330.2206/icons/128/file_type_c_al.png
  vscode-icon-20230330.2206/icons/128/file_type_cabal.png
  vscode-icon-20230330.2206/icons/128/file_type_cake.png
  vscode-icon-20230330.2206/icons/128/file_type_cakephp.png
  vscode-icon-20230330.2206/icons/128/file_type_cargo.png
  vscode-icon-20230330.2206/icons/128/file_type_cert.png
  vscode-icon-20230330.2206/icons/128/file_type_cf.png
  vscode-icon-20230330.2206/icons/128/file_type_cf2.png
  vscode-icon-20230330.2206/icons/128/file_type_cfc.png
  vscode-icon-20230330.2206/icons/128/file_type_cfc2.png
  vscode-icon-20230330.2206/icons/128/file_type_cfm.png
  vscode-icon-20230330.2206/icons/128/file_type_cfm2.png
  vscode-icon-20230330.2206/icons/128/file_type_cheader.png
  vscode-icon-20230330.2206/icons/128/file_type_chef.png
  vscode-icon-20230330.2206/icons/128/file_type_circleci.png
  vscode-icon-20230330.2206/icons/128/file_type_class.png
  vscode-icon-20230330.2206/icons/128/file_type_clojure.png
  vscode-icon-20230330.2206/icons/128/file_type_cloudfoundry.png
  vscode-icon-20230330.2206/icons/128/file_type_cmake.png
  vscode-icon-20230330.2206/icons/128/file_type_cobol.png
  vscode-icon-20230330.2206/icons/128/file_type_codacy.png
  vscode-icon-20230330.2206/icons/128/file_type_codeclimate.png
  vscode-icon-20230330.2206/icons/128/file_type_codecov.png
  vscode-icon-20230330.2206/icons/128/file_type_codekit.png
  vscode-icon-20230330.2206/icons/128/file_type_coffeelint.png
  vscode-icon-20230330.2206/icons/128/file_type_coffeescript.png
  vscode-icon-20230330.2206/icons/128/file_type_compass.png
  vscode-icon-20230330.2206/icons/128/file_type_composer.png
  vscode-icon-20230330.2206/icons/128/file_type_conan.png
  vscode-icon-20230330.2206/icons/128/file_type_config.png
  vscode-icon-20230330.2206/icons/128/file_type_coveralls.png
  vscode-icon-20230330.2206/icons/128/file_type_cpp.png
  vscode-icon-20230330.2206/icons/128/file_type_cpp2.png
  vscode-icon-20230330.2206/icons/128/file_type_cppheader.png
  vscode-icon-20230330.2206/icons/128/file_type_crowdin.png
  vscode-icon-20230330.2206/icons/128/file_type_crystal.png
  vscode-icon-20230330.2206/icons/128/file_type_csharp.png
  vscode-icon-20230330.2206/icons/128/file_type_csproj.png
  vscode-icon-20230330.2206/icons/128/file_type_css.png
  vscode-icon-20230330.2206/icons/128/file_type_csslint.png
  vscode-icon-20230330.2206/icons/128/file_type_cssmap.png
  vscode-icon-20230330.2206/icons/128/file_type_cucumber.png
  vscode-icon-20230330.2206/icons/128/file_type_cvs.png
  vscode-icon-20230330.2206/icons/128/file_type_cypress.png
  vscode-icon-20230330.2206/icons/128/file_type_cython.png
  vscode-icon-20230330.2206/icons/128/file_type_dal.png
  vscode-icon-20230330.2206/icons/128/file_type_darcs.png
  vscode-icon-20230330.2206/icons/128/file_type_dartlang.png
  vscode-icon-20230330.2206/icons/128/file_type_db.png
  vscode-icon-20230330.2206/icons/128/file_type_delphi.png
  vscode-icon-20230330.2206/icons/128/file_type_dependencies.png
  vscode-icon-20230330.2206/icons/128/file_type_diff.png
  vscode-icon-20230330.2206/icons/128/file_type_django.png
  vscode-icon-20230330.2206/icons/128/file_type_dlang.png
  vscode-icon-20230330.2206/icons/128/file_type_docker.png
  vscode-icon-20230330.2206/icons/128/file_type_docker2.png
  vscode-icon-20230330.2206/icons/128/file_type_dockertest.png
  vscode-icon-20230330.2206/icons/128/file_type_dockertest2.png
  vscode-icon-20230330.2206/icons/128/file_type_docpad.png
  vscode-icon-20230330.2206/icons/128/file_type_doxygen.png
  vscode-icon-20230330.2206/icons/128/file_type_drone.png
  vscode-icon-20230330.2206/icons/128/file_type_drools.png
  vscode-icon-20230330.2206/icons/128/file_type_dustjs.png
  vscode-icon-20230330.2206/icons/128/file_type_dylan.png
  vscode-icon-20230330.2206/icons/128/file_type_edge.png
  vscode-icon-20230330.2206/icons/128/file_type_edge2.png
  vscode-icon-20230330.2206/icons/128/file_type_editorconfig.png
  vscode-icon-20230330.2206/icons/128/file_type_eex.png
  vscode-icon-20230330.2206/icons/128/file_type_ejs.png
  vscode-icon-20230330.2206/icons/128/file_type_elastic.png
  vscode-icon-20230330.2206/icons/128/file_type_elasticbeanstalk.png
  vscode-icon-20230330.2206/icons/128/file_type_elixir.png
  vscode-icon-20230330.2206/icons/128/file_type_elm.png
  vscode-icon-20230330.2206/icons/128/file_type_elm2.png
  vscode-icon-20230330.2206/icons/128/file_type_emacs.png
  vscode-icon-20230330.2206/icons/128/file_type_ember.png
  vscode-icon-20230330.2206/icons/128/file_type_ensime.png
  vscode-icon-20230330.2206/icons/128/file_type_eps.png
  vscode-icon-20230330.2206/icons/128/file_type_erb.png
  vscode-icon-20230330.2206/icons/128/file_type_erlang.png
  vscode-icon-20230330.2206/icons/128/file_type_erlang2.png
  vscode-icon-20230330.2206/icons/128/file_type_eslint.png
  vscode-icon-20230330.2206/icons/128/file_type_eslint2.png
  vscode-icon-20230330.2206/icons/128/file_type_excel.png
  vscode-icon-20230330.2206/icons/128/file_type_favicon.png
  vscode-icon-20230330.2206/icons/128/file_type_fbx.png
  vscode-icon-20230330.2206/icons/128/file_type_firebase.png
  vscode-icon-20230330.2206/icons/128/file_type_firestore.png
  vscode-icon-20230330.2206/icons/128/file_type_flash.png
  vscode-icon-20230330.2206/icons/128/file_type_floobits.png
  vscode-icon-20230330.2206/icons/128/file_type_flow.png
  vscode-icon-20230330.2206/icons/128/file_type_font.png
  vscode-icon-20230330.2206/icons/128/file_type_fortran.png
  vscode-icon-20230330.2206/icons/128/file_type_fossa.png
  vscode-icon-20230330.2206/icons/128/file_type_fossil.png
  vscode-icon-20230330.2206/icons/128/file_type_freemarker.png
  vscode-icon-20230330.2206/icons/128/file_type_fsharp.png
  vscode-icon-20230330.2206/icons/128/file_type_fsharp2.png
  vscode-icon-20230330.2206/icons/128/file_type_fsproj.png
  vscode-icon-20230330.2206/icons/128/file_type_fusebox.png
  vscode-icon-20230330.2206/icons/128/file_type_galen.png
  vscode-icon-20230330.2206/icons/128/file_type_galen2.png
  vscode-icon-20230330.2206/icons/128/file_type_gamemaker.png
  vscode-icon-20230330.2206/icons/128/file_type_gamemaker2.png
  vscode-icon-20230330.2206/icons/128/file_type_gamemaker81.png
  vscode-icon-20230330.2206/icons/128/file_type_git.png
  vscode-icon-20230330.2206/icons/128/file_type_git2.png
  vscode-icon-20230330.2206/icons/128/file_type_gitlab.png
  vscode-icon-20230330.2206/icons/128/file_type_glide.png
  vscode-icon-20230330.2206/icons/128/file_type_glsl.png
  vscode-icon-20230330.2206/icons/128/file_type_go.png
  vscode-icon-20230330.2206/icons/128/file_type_godot.png
  vscode-icon-20230330.2206/icons/128/file_type_gradle.png
  vscode-icon-20230330.2206/icons/128/file_type_graphql.png
  vscode-icon-20230330.2206/icons/128/file_type_graphviz.png
  vscode-icon-20230330.2206/icons/128/file_type_groovy.png
  vscode-icon-20230330.2206/icons/128/file_type_groovy2.png
  vscode-icon-20230330.2206/icons/128/file_type_grunt.png
  vscode-icon-20230330.2206/icons/128/file_type_gulp.png
  vscode-icon-20230330.2206/icons/128/file_type_haml.png
  vscode-icon-20230330.2206/icons/128/file_type_handlebars.png
  vscode-icon-20230330.2206/icons/128/file_type_handlebars2.png
  vscode-icon-20230330.2206/icons/128/file_type_harbour.png
  vscode-icon-20230330.2206/icons/128/file_type_haskell.png
  vscode-icon-20230330.2206/icons/128/file_type_haskell2.png
  vscode-icon-20230330.2206/icons/128/file_type_haxe.png
  vscode-icon-20230330.2206/icons/128/file_type_haxecheckstyle.png
  vscode-icon-20230330.2206/icons/128/file_type_haxedevelop.png
  vscode-icon-20230330.2206/icons/128/file_type_helix.png
  vscode-icon-20230330.2206/icons/128/file_type_helm.png
  vscode-icon-20230330.2206/icons/128/file_type_hlsl.png
  vscode-icon-20230330.2206/icons/128/file_type_host.png
  vscode-icon-20230330.2206/icons/128/file_type_html.png
  vscode-icon-20230330.2206/icons/128/file_type_htmlhint.png
  vscode-icon-20230330.2206/icons/128/file_type_http.png
  vscode-icon-20230330.2206/icons/128/file_type_idris.png
  vscode-icon-20230330.2206/icons/128/file_type_idrisbin.png
  vscode-icon-20230330.2206/icons/128/file_type_idrispkg.png
  vscode-icon-20230330.2206/icons/128/file_type_image.png
  vscode-icon-20230330.2206/icons/128/file_type_infopath.png
  vscode-icon-20230330.2206/icons/128/file_type_ini.png
  vscode-icon-20230330.2206/icons/128/file_type_io.png
  vscode-icon-20230330.2206/icons/128/file_type_iodine.png
  vscode-icon-20230330.2206/icons/128/file_type_ionic.png
  vscode-icon-20230330.2206/icons/128/file_type_jake.png
  vscode-icon-20230330.2206/icons/128/file_type_jar.png
  vscode-icon-20230330.2206/icons/128/file_type_java.png
  vscode-icon-20230330.2206/icons/128/file_type_jbuilder.png
  vscode-icon-20230330.2206/icons/128/file_type_jekyll.png
  vscode-icon-20230330.2206/icons/128/file_type_jenkins.png
  vscode-icon-20230330.2206/icons/128/file_type_jest.png
  vscode-icon-20230330.2206/icons/128/file_type_jinja.png
  vscode-icon-20230330.2206/icons/128/file_type_jpm.png
  vscode-icon-20230330.2206/icons/128/file_type_js.png
  vscode-icon-20230330.2206/icons/128/file_type_js_official.png
  vscode-icon-20230330.2206/icons/128/file_type_jsbeautify.png
  vscode-icon-20230330.2206/icons/128/file_type_jsconfig.png
  vscode-icon-20230330.2206/icons/128/file_type_jshint.png
  vscode-icon-20230330.2206/icons/128/file_type_jsmap.png
  vscode-icon-20230330.2206/icons/128/file_type_json.png
  vscode-icon-20230330.2206/icons/128/file_type_json2.png
  vscode-icon-20230330.2206/icons/128/file_type_json5.png
  vscode-icon-20230330.2206/icons/128/file_type_json_official.png
  vscode-icon-20230330.2206/icons/128/file_type_jsonld.png
  vscode-icon-20230330.2206/icons/128/file_type_jsp.png
  vscode-icon-20230330.2206/icons/128/file_type_julia.png
  vscode-icon-20230330.2206/icons/128/file_type_julia2.png
  vscode-icon-20230330.2206/icons/128/file_type_jupyter.png
  vscode-icon-20230330.2206/icons/128/file_type_karma.png
  vscode-icon-20230330.2206/icons/128/file_type_key.png
  vscode-icon-20230330.2206/icons/128/file_type_kitchenci.png
  vscode-icon-20230330.2206/icons/128/file_type_kite.png
  vscode-icon-20230330.2206/icons/128/file_type_kivy.png
  vscode-icon-20230330.2206/icons/128/file_type_kos.png
  vscode-icon-20230330.2206/icons/128/file_type_kotlin.png
  vscode-icon-20230330.2206/icons/128/file_type_layout.png
  vscode-icon-20230330.2206/icons/128/file_type_lerna.png
  vscode-icon-20230330.2206/icons/128/file_type_less.png
  vscode-icon-20230330.2206/icons/128/file_type_license.png
  vscode-icon-20230330.2206/icons/128/file_type_light_babel.png
  vscode-icon-20230330.2206/icons/128/file_type_light_babel2.png
  vscode-icon-20230330.2206/icons/128/file_type_light_cabal.png
  vscode-icon-20230330.2206/icons/128/file_type_light_circleci.png
  vscode-icon-20230330.2206/icons/128/file_type_light_cloudfoundry.png
  vscode-icon-20230330.2206/icons/128/file_type_light_codacy.png
  vscode-icon-20230330.2206/icons/128/file_type_light_codeclimate.png
  vscode-icon-20230330.2206/icons/128/file_type_light_config.png
  vscode-icon-20230330.2206/icons/128/file_type_light_crystal.png
  vscode-icon-20230330.2206/icons/128/file_type_light_db.png
  vscode-icon-20230330.2206/icons/128/file_type_light_docpad.png
  vscode-icon-20230330.2206/icons/128/file_type_light_drone.png
  vscode-icon-20230330.2206/icons/128/file_type_light_font.png
  vscode-icon-20230330.2206/icons/128/file_type_light_gamemaker2.png
  vscode-icon-20230330.2206/icons/128/file_type_light_ini.png
  vscode-icon-20230330.2206/icons/128/file_type_light_io.png
  vscode-icon-20230330.2206/icons/128/file_type_light_js.png
  vscode-icon-20230330.2206/icons/128/file_type_light_jsconfig.png
  vscode-icon-20230330.2206/icons/128/file_type_light_jsmap.png
  vscode-icon-20230330.2206/icons/128/file_type_light_json.png
  vscode-icon-20230330.2206/icons/128/file_type_light_json5.png
  vscode-icon-20230330.2206/icons/128/file_type_light_jsonld.png
  vscode-icon-20230330.2206/icons/128/file_type_light_kite.png
  vscode-icon-20230330.2206/icons/128/file_type_light_lerna.png
  vscode-icon-20230330.2206/icons/128/file_type_light_mlang.png
  vscode-icon-20230330.2206/icons/128/file_type_light_mustache.png
  vscode-icon-20230330.2206/icons/128/file_type_light_openHAB.png
  vscode-icon-20230330.2206/icons/128/file_type_light_pcl.png
  vscode-icon-20230330.2206/icons/128/file_type_light_prettier.png
  vscode-icon-20230330.2206/icons/128/file_type_light_purescript.png
  vscode-icon-20230330.2206/icons/128/file_type_light_rubocop.png
  vscode-icon-20230330.2206/icons/128/file_type_light_shaderlab.png
  vscode-icon-20230330.2206/icons/128/file_type_light_solidity.png
  vscode-icon-20230330.2206/icons/128/file_type_light_stylelint.png
  vscode-icon-20230330.2206/icons/128/file_type_light_stylus.png
  vscode-icon-20230330.2206/icons/128/file_type_light_symfony.png
  vscode-icon-20230330.2206/icons/128/file_type_light_systemverilog.png
  vscode-icon-20230330.2206/icons/128/file_type_light_testjs.png
  vscode-icon-20230330.2206/icons/128/file_type_light_tex.png
  vscode-icon-20230330.2206/icons/128/file_type_light_todo.png
  vscode-icon-20230330.2206/icons/128/file_type_light_vash.png
  vscode-icon-20230330.2206/icons/128/file_type_light_vsix.png
  vscode-icon-20230330.2206/icons/128/file_type_light_yaml.png
  vscode-icon-20230330.2206/icons/128/file_type_lime.png
  vscode-icon-20230330.2206/icons/128/file_type_liquid.png
  vscode-icon-20230330.2206/icons/128/file_type_lisp.png
  vscode-icon-20230330.2206/icons/128/file_type_livescript.png
  vscode-icon-20230330.2206/icons/128/file_type_locale.png
  vscode-icon-20230330.2206/icons/128/file_type_log.png
  vscode-icon-20230330.2206/icons/128/file_type_lolcode.png
  vscode-icon-20230330.2206/icons/128/file_type_lsl.png
  vscode-icon-20230330.2206/icons/128/file_type_lua.png
  vscode-icon-20230330.2206/icons/128/file_type_lync.png
  vscode-icon-20230330.2206/icons/128/file_type_makefile.png
  vscode-icon-20230330.2206/icons/128/file_type_manifest.png
  vscode-icon-20230330.2206/icons/128/file_type_manifest_bak.png
  vscode-icon-20230330.2206/icons/128/file_type_manifest_skip.png
  vscode-icon-20230330.2206/icons/128/file_type_map.png
  vscode-icon-20230330.2206/icons/128/file_type_markdown.png
  vscode-icon-20230330.2206/icons/128/file_type_markdownlint.png
  vscode-icon-20230330.2206/icons/128/file_type_marko.png
  vscode-icon-20230330.2206/icons/128/file_type_markojs.png
  vscode-icon-20230330.2206/icons/128/file_type_maven.png
  vscode-icon-20230330.2206/icons/128/file_type_maxscript.png
  vscode-icon-20230330.2206/icons/128/file_type_maya.png
  vscode-icon-20230330.2206/icons/128/file_type_mediawiki.png
  vscode-icon-20230330.2206/icons/128/file_type_mercurial.png
  vscode-icon-20230330.2206/icons/128/file_type_meson.png
  vscode-icon-20230330.2206/icons/128/file_type_meteor.png
  vscode-icon-20230330.2206/icons/128/file_type_mjml.png
  vscode-icon-20230330.2206/icons/128/file_type_mlang.png
  vscode-icon-20230330.2206/icons/128/file_type_mocha.png
  vscode-icon-20230330.2206/icons/128/file_type_mojolicious.png
  vscode-icon-20230330.2206/icons/128/file_type_monotone.png
  vscode-icon-20230330.2206/icons/128/file_type_mson.png
  vscode-icon-20230330.2206/icons/128/file_type_mustache.png
  vscode-icon-20230330.2206/icons/128/file_type_ng_component_css.png
  vscode-icon-20230330.2206/icons/128/file_type_ng_component_html.png
  vscode-icon-20230330.2206/icons/128/file_type_ng_component_js.png
  vscode-icon-20230330.2206/icons/128/file_type_ng_component_js2.png
  vscode-icon-20230330.2206/icons/128/file_type_ng_component_less.png
  vscode-icon-20230330.2206/icons/128/file_type_ng_component_sass.png
  vscode-icon-20230330.2206/icons/128/file_type_ng_component_scss.png
  vscode-icon-20230330.2206/icons/128/file_type_ng_component_ts.png
  vscode-icon-20230330.2206/icons/128/file_type_ng_component_ts2.png
  vscode-icon-20230330.2206/icons/128/file_type_ng_controller_js.png
  vscode-icon-20230330.2206/icons/128/file_type_ng_controller_ts.png
  vscode-icon-20230330.2206/icons/128/file_type_ng_directive_js.png
  vscode-icon-20230330.2206/icons/128/file_type_ng_directive_js2.png
  vscode-icon-20230330.2206/icons/128/file_type_ng_directive_ts.png
  vscode-icon-20230330.2206/icons/128/file_type_ng_directive_ts2.png
  vscode-icon-20230330.2206/icons/128/file_type_ng_guard_js.png
  vscode-icon-20230330.2206/icons/128/file_type_ng_guard_ts.png
  vscode-icon-20230330.2206/icons/128/file_type_ng_interceptor_js.png
  vscode-icon-20230330.2206/icons/128/file_type_ng_interceptor_ts.png
  vscode-icon-20230330.2206/icons/128/file_type_ng_module_js.png
  vscode-icon-20230330.2206/icons/128/file_type_ng_module_js2.png
  vscode-icon-20230330.2206/icons/128/file_type_ng_module_ts.png
  vscode-icon-20230330.2206/icons/128/file_type_ng_module_ts2.png
  vscode-icon-20230330.2206/icons/128/file_type_ng_pipe_js.png
  vscode-icon-20230330.2206/icons/128/file_type_ng_pipe_js2.png
  vscode-icon-20230330.2206/icons/128/file_type_ng_pipe_ts.png
  vscode-icon-20230330.2206/icons/128/file_type_ng_pipe_ts2.png
  vscode-icon-20230330.2206/icons/128/file_type_ng_routing_js.png
  vscode-icon-20230330.2206/icons/128/file_type_ng_routing_js2.png
  vscode-icon-20230330.2206/icons/128/file_type_ng_routing_ts.png
  vscode-icon-20230330.2206/icons/128/file_type_ng_routing_ts2.png
  vscode-icon-20230330.2206/icons/128/file_type_ng_service_js.png
  vscode-icon-20230330.2206/icons/128/file_type_ng_service_js2.png
  vscode-icon-20230330.2206/icons/128/file_type_ng_service_ts.png
  vscode-icon-20230330.2206/icons/128/file_type_ng_service_ts2.png
  vscode-icon-20230330.2206/icons/128/file_type_ng_smart_component_js.png
  vscode-icon-20230330.2206/icons/128/file_type_ng_smart_component_js2.png
  vscode-icon-20230330.2206/icons/128/file_type_ng_smart_component_ts.png
  vscode-icon-20230330.2206/icons/128/file_type_ng_smart_component_ts2.png
  vscode-icon-20230330.2206/icons/128/file_type_nginx.png
  vscode-icon-20230330.2206/icons/128/file_type_nim.png
  vscode-icon-20230330.2206/icons/128/file_type_njsproj.png
  vscode-icon-20230330.2206/icons/128/file_type_node.png
  vscode-icon-20230330.2206/icons/128/file_type_node2.png
  vscode-icon-20230330.2206/icons/128/file_type_nodemon.png
  vscode-icon-20230330.2206/icons/128/file_type_npm.png
  vscode-icon-20230330.2206/icons/128/file_type_nsi.png
  vscode-icon-20230330.2206/icons/128/file_type_nuget.png
  vscode-icon-20230330.2206/icons/128/file_type_nunjucks.png
  vscode-icon-20230330.2206/icons/128/file_type_nuxt.png
  vscode-icon-20230330.2206/icons/128/file_type_nyc.png
  vscode-icon-20230330.2206/icons/128/file_type_objectivec.png
  vscode-icon-20230330.2206/icons/128/file_type_objectivecpp.png
  vscode-icon-20230330.2206/icons/128/file_type_ocaml.png
  vscode-icon-20230330.2206/icons/128/file_type_onenote.png
  vscode-icon-20230330.2206/icons/128/file_type_openHAB.png
  vscode-icon-20230330.2206/icons/128/file_type_opencl.png
  vscode-icon-20230330.2206/icons/128/file_type_org.png
  vscode-icon-20230330.2206/icons/128/file_type_outlook.png
  vscode-icon-20230330.2206/icons/128/file_type_package.png
  vscode-icon-20230330.2206/icons/128/file_type_paket.png
  vscode-icon-20230330.2206/icons/128/file_type_patch.png
  vscode-icon-20230330.2206/icons/128/file_type_pcl.png
  vscode-icon-20230330.2206/icons/128/file_type_pdf.png
  vscode-icon-20230330.2206/icons/128/file_type_pdf2.png
  vscode-icon-20230330.2206/icons/128/file_type_perl.png
  vscode-icon-20230330.2206/icons/128/file_type_perl2.png
  vscode-icon-20230330.2206/icons/128/file_type_perl6.png
  vscode-icon-20230330.2206/icons/128/file_type_pgsql.png
  vscode-icon-20230330.2206/icons/128/file_type_photoshop.png
  vscode-icon-20230330.2206/icons/128/file_type_photoshop2.png
  vscode-icon-20230330.2206/icons/128/file_type_php.png
  vscode-icon-20230330.2206/icons/128/file_type_php2.png
  vscode-icon-20230330.2206/icons/128/file_type_php3.png
  vscode-icon-20230330.2206/icons/128/file_type_phpcsfixer.png
  vscode-icon-20230330.2206/icons/128/file_type_phpunit.png
  vscode-icon-20230330.2206/icons/128/file_type_phraseapp.png
  vscode-icon-20230330.2206/icons/128/file_type_pip.png
  vscode-icon-20230330.2206/icons/128/file_type_plantuml.png
  vscode-icon-20230330.2206/icons/128/file_type_plsql.png
  vscode-icon-20230330.2206/icons/128/file_type_plsql_package.png
  vscode-icon-20230330.2206/icons/128/file_type_plsql_package_body.png
  vscode-icon-20230330.2206/icons/128/file_type_plsql_package_header.png
  vscode-icon-20230330.2206/icons/128/file_type_plsql_package_spec.png
  vscode-icon-20230330.2206/icons/128/file_type_poedit.png
  vscode-icon-20230330.2206/icons/128/file_type_polymer.png
  vscode-icon-20230330.2206/icons/128/file_type_postcss.png
  vscode-icon-20230330.2206/icons/128/file_type_postcssconfig.png
  vscode-icon-20230330.2206/icons/128/file_type_powerpoint.png
  vscode-icon-20230330.2206/icons/128/file_type_powershell.png
  vscode-icon-20230330.2206/icons/128/file_type_prettier.png
  vscode-icon-20230330.2206/icons/128/file_type_processinglang.png
  vscode-icon-20230330.2206/icons/128/file_type_procfile.png
  vscode-icon-20230330.2206/icons/128/file_type_progress.png
  vscode-icon-20230330.2206/icons/128/file_type_prolog.png
  vscode-icon-20230330.2206/icons/128/file_type_prometheus.png
  vscode-icon-20230330.2206/icons/128/file_type_protobuf.png
  vscode-icon-20230330.2206/icons/128/file_type_protractor.png
  vscode-icon-20230330.2206/icons/128/file_type_publisher.png
  vscode-icon-20230330.2206/icons/128/file_type_pug.png
  vscode-icon-20230330.2206/icons/128/file_type_puppet.png
  vscode-icon-20230330.2206/icons/128/file_type_purescript.png
  vscode-icon-20230330.2206/icons/128/file_type_pyret.png
  vscode-icon-20230330.2206/icons/128/file_type_python.png
  vscode-icon-20230330.2206/icons/128/file_type_q.png
  vscode-icon-20230330.2206/icons/128/file_type_qlikview.png
  vscode-icon-20230330.2206/icons/128/file_type_qsharp.png
  vscode-icon-20230330.2206/icons/128/file_type_quasar.png
  vscode-icon-20230330.2206/icons/128/file_type_r.png
  vscode-icon-20230330.2206/icons/128/file_type_racket.png
  vscode-icon-20230330.2206/icons/128/file_type_rails.png
  vscode-icon-20230330.2206/icons/128/file_type_rake.png
  vscode-icon-20230330.2206/icons/128/file_type_raml.png
  vscode-icon-20230330.2206/icons/128/file_type_razor.png
  vscode-icon-20230330.2206/icons/128/file_type_reactjs.png
  vscode-icon-20230330.2206/icons/128/file_type_reacttemplate.png
  vscode-icon-20230330.2206/icons/128/file_type_reactts.png
  vscode-icon-20230330.2206/icons/128/file_type_reason.png
  vscode-icon-20230330.2206/icons/128/file_type_registry.png
  vscode-icon-20230330.2206/icons/128/file_type_rest.png
  vscode-icon-20230330.2206/icons/128/file_type_riot.png
  vscode-icon-20230330.2206/icons/128/file_type_robotframework.png
  vscode-icon-20230330.2206/icons/128/file_type_robots.png
  vscode-icon-20230330.2206/icons/128/file_type_rollup.png
  vscode-icon-20230330.2206/icons/128/file_type_rproj.png
  vscode-icon-20230330.2206/icons/128/file_type_rspec.png
  vscode-icon-20230330.2206/icons/128/file_type_rubocop.png
  vscode-icon-20230330.2206/icons/128/file_type_ruby.png
  vscode-icon-20230330.2206/icons/128/file_type_rust.png
  vscode-icon-20230330.2206/icons/128/file_type_saltstack.png
  vscode-icon-20230330.2206/icons/128/file_type_sass.png
  vscode-icon-20230330.2206/icons/128/file_type_sbt.png
  vscode-icon-20230330.2206/icons/128/file_type_scala.png
  vscode-icon-20230330.2206/icons/128/file_type_scilab.png
  vscode-icon-20230330.2206/icons/128/file_type_script.png
  vscode-icon-20230330.2206/icons/128/file_type_scss.png
  vscode-icon-20230330.2206/icons/128/file_type_scss2.png
  vscode-icon-20230330.2206/icons/128/file_type_sdlang.png
  vscode-icon-20230330.2206/icons/128/file_type_sequelize.png
  vscode-icon-20230330.2206/icons/128/file_type_shaderlab.png
  vscode-icon-20230330.2206/icons/128/file_type_shell.png
  vscode-icon-20230330.2206/icons/128/file_type_silverstripe.png
  vscode-icon-20230330.2206/icons/128/file_type_sketch.png
  vscode-icon-20230330.2206/icons/128/file_type_skipper.png
  vscode-icon-20230330.2206/icons/128/file_type_slang.png
  vscode-icon-20230330.2206/icons/128/file_type_slice.png
  vscode-icon-20230330.2206/icons/128/file_type_slim.png
  vscode-icon-20230330.2206/icons/128/file_type_sln.png
  vscode-icon-20230330.2206/icons/128/file_type_smarty.png
  vscode-icon-20230330.2206/icons/128/file_type_snort.png
  vscode-icon-20230330.2206/icons/128/file_type_snyk.png
  vscode-icon-20230330.2206/icons/128/file_type_solidarity.png
  vscode-icon-20230330.2206/icons/128/file_type_solidity.png
  vscode-icon-20230330.2206/icons/128/file_type_source.png
  vscode-icon-20230330.2206/icons/128/file_type_sqf.png
  vscode-icon-20230330.2206/icons/128/file_type_sql.png
  vscode-icon-20230330.2206/icons/128/file_type_sqlite.png
  vscode-icon-20230330.2206/icons/128/file_type_squirrel.png
  vscode-icon-20230330.2206/icons/128/file_type_sss.png
  vscode-icon-20230330.2206/icons/128/file_type_stata.png
  vscode-icon-20230330.2206/icons/128/file_type_storyboard.png
  vscode-icon-20230330.2206/icons/128/file_type_storybook.png
  vscode-icon-20230330.2206/icons/128/file_type_stylable.png
  vscode-icon-20230330.2206/icons/128/file_type_style.png
  vscode-icon-20230330.2206/icons/128/file_type_stylelint.png
  vscode-icon-20230330.2206/icons/128/file_type_stylus.png
  vscode-icon-20230330.2206/icons/128/file_type_subversion.png
  vscode-icon-20230330.2206/icons/128/file_type_svg.png
  vscode-icon-20230330.2206/icons/128/file_type_swagger.png
  vscode-icon-20230330.2206/icons/128/file_type_swift.png
  vscode-icon-20230330.2206/icons/128/file_type_swig.png
  vscode-icon-20230330.2206/icons/128/file_type_symfony.png
  vscode-icon-20230330.2206/icons/128/file_type_systemverilog.png
  vscode-icon-20230330.2206/icons/128/file_type_t4tt.png
  vscode-icon-20230330.2206/icons/128/file_type_tcl.png
  vscode-icon-20230330.2206/icons/128/file_type_terraform.png
  vscode-icon-20230330.2206/icons/128/file_type_test.png
  vscode-icon-20230330.2206/icons/128/file_type_testjs.png
  vscode-icon-20230330.2206/icons/128/file_type_testts.png
  vscode-icon-20230330.2206/icons/128/file_type_tex.png
  vscode-icon-20230330.2206/icons/128/file_type_text.png
  vscode-icon-20230330.2206/icons/128/file_type_textile.png
  vscode-icon-20230330.2206/icons/128/file_type_tfs.png
  vscode-icon-20230330.2206/icons/128/file_type_todo.png
  vscode-icon-20230330.2206/icons/128/file_type_toml.png
  vscode-icon-20230330.2206/icons/128/file_type_travis.png
  vscode-icon-20230330.2206/icons/128/file_type_tsconfig.png
  vscode-icon-20230330.2206/icons/128/file_type_tslint.png
  vscode-icon-20230330.2206/icons/128/file_type_twig.png
  vscode-icon-20230330.2206/icons/128/file_type_typescript.png
  vscode-icon-20230330.2206/icons/128/file_type_typescript_official.png
  vscode-icon-20230330.2206/icons/128/file_type_typescriptdef.png
  vscode-icon-20230330.2206/icons/128/file_type_typescriptdef_official.png
  vscode-icon-20230330.2206/icons/128/file_type_typo3.png
  vscode-icon-20230330.2206/icons/128/file_type_vagrant.png
  vscode-icon-20230330.2206/icons/128/file_type_vala.png
  vscode-icon-20230330.2206/icons/128/file_type_vapi.png
  vscode-icon-20230330.2206/icons/128/file_type_vash.png
  vscode-icon-20230330.2206/icons/128/file_type_vb.png
  vscode-icon-20230330.2206/icons/128/file_type_vba.png
  vscode-icon-20230330.2206/icons/128/file_type_vbhtml.png
  vscode-icon-20230330.2206/icons/128/file_type_vbproj.png
  vscode-icon-20230330.2206/icons/128/file_type_vcxproj.png
  vscode-icon-20230330.2206/icons/128/file_type_velocity.png
  vscode-icon-20230330.2206/icons/128/file_type_verilog.png
  vscode-icon-20230330.2206/icons/128/file_type_vhdl.png
  vscode-icon-20230330.2206/icons/128/file_type_video.png
  vscode-icon-20230330.2206/icons/128/file_type_view.png
  vscode-icon-20230330.2206/icons/128/file_type_vim.png
  vscode-icon-20230330.2206/icons/128/file_type_volt.png
  vscode-icon-20230330.2206/icons/128/file_type_vscode.png
  vscode-icon-20230330.2206/icons/128/file_type_vscode2.png
  vscode-icon-20230330.2206/icons/128/file_type_vsix.png
  vscode-icon-20230330.2206/icons/128/file_type_vue.png
  vscode-icon-20230330.2206/icons/128/file_type_wallaby.png
  vscode-icon-20230330.2206/icons/128/file_type_wasm.png
  vscode-icon-20230330.2206/icons/128/file_type_watchmanconfig.png
  vscode-icon-20230330.2206/icons/128/file_type_webpack.png
  vscode-icon-20230330.2206/icons/128/file_type_wercker.png
  vscode-icon-20230330.2206/icons/128/file_type_wolfram.png
  vscode-icon-20230330.2206/icons/128/file_type_word.png
  vscode-icon-20230330.2206/icons/128/file_type_wurst.png
  vscode-icon-20230330.2206/icons/128/file_type_wxml.png
  vscode-icon-20230330.2206/icons/128/file_type_wxss.png
  vscode-icon-20230330.2206/icons/128/file_type_xcode.png
  vscode-icon-20230330.2206/icons/128/file_type_xib.png
  vscode-icon-20230330.2206/icons/128/file_type_xliff.png
  vscode-icon-20230330.2206/icons/128/file_type_xml.png
  vscode-icon-20230330.2206/icons/128/file_type_xsl.png
  vscode-icon-20230330.2206/icons/128/file_type_yaml.png
  vscode-icon-20230330.2206/icons/128/file_type_yamllint.png
  vscode-icon-20230330.2206/icons/128/file_type_yang.png
  vscode-icon-20230330.2206/icons/128/file_type_yarn.png
  vscode-icon-20230330.2206/icons/128/file_type_yeoman.png
  vscode-icon-20230330.2206/icons/128/file_type_zip.png
  vscode-icon-20230330.2206/icons/128/file_type_zip2.png
  vscode-icon-20230330.2206/icons/128/folder_type_api.png
  vscode-icon-20230330.2206/icons/128/folder_type_api_opened.png
  vscode-icon-20230330.2206/icons/128/folder_type_app.png
  vscode-icon-20230330.2206/icons/128/folder_type_app_opened.png
  vscode-icon-20230330.2206/icons/128/folder_type_asset.png
  vscode-icon-20230330.2206/icons/128/folder_type_asset_opened.png
  vscode-icon-20230330.2206/icons/128/folder_type_audio.png
  vscode-icon-20230330.2206/icons/128/folder_type_audio_opened.png
  vscode-icon-20230330.2206/icons/128/folder_type_aurelia.png
  vscode-icon-20230330.2206/icons/128/folder_type_aurelia_opened.png
  vscode-icon-20230330.2206/icons/128/folder_type_aws.png
  vscode-icon-20230330.2206/icons/128/folder_type_aws_opened.png
  vscode-icon-20230330.2206/icons/128/folder_type_binary.png
  vscode-icon-20230330.2206/icons/128/folder_type_binary_opened.png
  vscode-icon-20230330.2206/icons/128/folder_type_bower.png
  vscode-icon-20230330.2206/icons/128/folder_type_bower_opened.png
  vscode-icon-20230330.2206/icons/128/folder_type_cake.png
  vscode-icon-20230330.2206/icons/128/folder_type_cake_opened.png
  vscode-icon-20230330.2206/icons/128/folder_type_chef.png
  vscode-icon-20230330.2206/icons/128/folder_type_chef_opened.png
  vscode-icon-20230330.2206/icons/128/folder_type_circleci.png
  vscode-icon-20230330.2206/icons/128/folder_type_circleci_opened.png
  vscode-icon-20230330.2206/icons/128/folder_type_client.png
  vscode-icon-20230330.2206/icons/128/folder_type_client_opened.png
  vscode-icon-20230330.2206/icons/128/folder_type_component.png
  vscode-icon-20230330.2206/icons/128/folder_type_component_opened.png
  vscode-icon-20230330.2206/icons/128/folder_type_composer.png
  vscode-icon-20230330.2206/icons/128/folder_type_composer_opened.png
  vscode-icon-20230330.2206/icons/128/folder_type_config.png
  vscode-icon-20230330.2206/icons/128/folder_type_config_opened.png
  vscode-icon-20230330.2206/icons/128/folder_type_css.png
  vscode-icon-20230330.2206/icons/128/folder_type_css_opened.png
  vscode-icon-20230330.2206/icons/128/folder_type_cypress.png
  vscode-icon-20230330.2206/icons/128/folder_type_cypress_opened.png
  vscode-icon-20230330.2206/icons/128/folder_type_db.png
  vscode-icon-20230330.2206/icons/128/folder_type_db_opened.png
  vscode-icon-20230330.2206/icons/128/folder_type_debian.png
  vscode-icon-20230330.2206/icons/128/folder_type_debian_opened.png
  vscode-icon-20230330.2206/icons/128/folder_type_dist.png
  vscode-icon-20230330.2206/icons/128/folder_type_dist_opened.png
  vscode-icon-20230330.2206/icons/128/folder_type_docker.png
  vscode-icon-20230330.2206/icons/128/folder_type_docker_opened.png
  vscode-icon-20230330.2206/icons/128/folder_type_docs.png
  vscode-icon-20230330.2206/icons/128/folder_type_docs_opened.png
  vscode-icon-20230330.2206/icons/128/folder_type_elasticbeanstalk.png
  vscode-icon-20230330.2206/icons/128/folder_type_elasticbeanstalk_opened.png
  vscode-icon-20230330.2206/icons/128/folder_type_flow.png
  vscode-icon-20230330.2206/icons/128/folder_type_flow_opened.png
  vscode-icon-20230330.2206/icons/128/folder_type_fonts.png
  vscode-icon-20230330.2206/icons/128/folder_type_fonts_opened.png
  vscode-icon-20230330.2206/icons/128/folder_type_gcp.png
  vscode-icon-20230330.2206/icons/128/folder_type_gcp_opened.png
  vscode-icon-20230330.2206/icons/128/folder_type_git.png
  vscode-icon-20230330.2206/icons/128/folder_type_git_opened.png
  vscode-icon-20230330.2206/icons/128/folder_type_github.png
  vscode-icon-20230330.2206/icons/128/folder_type_github_opened.png
  vscode-icon-20230330.2206/icons/128/folder_type_gitlab.png
  vscode-icon-20230330.2206/icons/128/folder_type_gitlab_opened.png
  vscode-icon-20230330.2206/icons/128/folder_type_haxelib.png
  vscode-icon-20230330.2206/icons/128/folder_type_haxelib_opened.png
  vscode-icon-20230330.2206/icons/128/folder_type_helper.png
  vscode-icon-20230330.2206/icons/128/folder_type_helper_opened.png
  vscode-icon-20230330.2206/icons/128/folder_type_idea.png
  vscode-icon-20230330.2206/icons/128/folder_type_idea_opened.png
  vscode-icon-20230330.2206/icons/128/folder_type_images.png
  vscode-icon-20230330.2206/icons/128/folder_type_images_opened.png
  vscode-icon-20230330.2206/icons/128/folder_type_include.png
  vscode-icon-20230330.2206/icons/128/folder_type_include_opened.png
  vscode-icon-20230330.2206/icons/128/folder_type_js.png
  vscode-icon-20230330.2206/icons/128/folder_type_js_opened.png
  vscode-icon-20230330.2206/icons/128/folder_type_kubernetes.png
  vscode-icon-20230330.2206/icons/128/folder_type_kubernetes_opened.png
  vscode-icon-20230330.2206/icons/128/folder_type_less.png
  vscode-icon-20230330.2206/icons/128/folder_type_less_opened.png
  vscode-icon-20230330.2206/icons/128/folder_type_library.png
  vscode-icon-20230330.2206/icons/128/folder_type_library_opened.png
  vscode-icon-20230330.2206/icons/128/folder_type_light_fonts.png
  vscode-icon-20230330.2206/icons/128/folder_type_light_fonts_opened.png
  vscode-icon-20230330.2206/icons/128/folder_type_light_meteor.png
  vscode-icon-20230330.2206/icons/128/folder_type_light_meteor_opened.png
  vscode-icon-20230330.2206/icons/128/folder_type_light_node.png
  vscode-icon-20230330.2206/icons/128/folder_type_light_node_opened.png
  vscode-icon-20230330.2206/icons/128/folder_type_light_sass.png
  vscode-icon-20230330.2206/icons/128/folder_type_light_sass_opened.png
  vscode-icon-20230330.2206/icons/128/folder_type_locale.png
  vscode-icon-20230330.2206/icons/128/folder_type_locale_opened.png
  vscode-icon-20230330.2206/icons/128/folder_type_log.png
  vscode-icon-20230330.2206/icons/128/folder_type_log_opened.png
  vscode-icon-20230330.2206/icons/128/folder_type_maven.png
  vscode-icon-20230330.2206/icons/128/folder_type_maven_opened.png
  vscode-icon-20230330.2206/icons/128/folder_type_meteor.png
  vscode-icon-20230330.2206/icons/128/folder_type_meteor_opened.png
  vscode-icon-20230330.2206/icons/128/folder_type_mjml.png
  vscode-icon-20230330.2206/icons/128/folder_type_mjml_opened.png
  vscode-icon-20230330.2206/icons/128/folder_type_model.png
  vscode-icon-20230330.2206/icons/128/folder_type_model_opened.png
  vscode-icon-20230330.2206/icons/128/folder_type_mongodb.png
  vscode-icon-20230330.2206/icons/128/folder_type_mongodb_opened.png
  vscode-icon-20230330.2206/icons/128/folder_type_nginx.png
  vscode-icon-20230330.2206/icons/128/folder_type_nginx_opened.png
  vscode-icon-20230330.2206/icons/128/folder_type_node.png
  vscode-icon-20230330.2206/icons/128/folder_type_node_opened.png
  vscode-icon-20230330.2206/icons/128/folder_type_nuget.png
  vscode-icon-20230330.2206/icons/128/folder_type_nuget_opened.png
  vscode-icon-20230330.2206/icons/128/folder_type_package.png
  vscode-icon-20230330.2206/icons/128/folder_type_package_opened.png
  vscode-icon-20230330.2206/icons/128/folder_type_paket.png
  vscode-icon-20230330.2206/icons/128/folder_type_paket_opened.png
  vscode-icon-20230330.2206/icons/128/folder_type_php.png
  vscode-icon-20230330.2206/icons/128/folder_type_php_opened.png
  vscode-icon-20230330.2206/icons/128/folder_type_plugin.png
  vscode-icon-20230330.2206/icons/128/folder_type_plugin_opened.png
  vscode-icon-20230330.2206/icons/128/folder_type_private.png
  vscode-icon-20230330.2206/icons/128/folder_type_private_opened.png
  vscode-icon-20230330.2206/icons/128/folder_type_public.png
  vscode-icon-20230330.2206/icons/128/folder_type_public_opened.png
  vscode-icon-20230330.2206/icons/128/folder_type_ravendb.png
  vscode-icon-20230330.2206/icons/128/folder_type_ravendb_opened.png
  vscode-icon-20230330.2206/icons/128/folder_type_redis.png
  vscode-icon-20230330.2206/icons/128/folder_type_redis_opened.png
  vscode-icon-20230330.2206/icons/128/folder_type_route.png
  vscode-icon-20230330.2206/icons/128/folder_type_route_opened.png
  vscode-icon-20230330.2206/icons/128/folder_type_sass.png
  vscode-icon-20230330.2206/icons/128/folder_type_sass_opened.png
  vscode-icon-20230330.2206/icons/128/folder_type_script.png
  vscode-icon-20230330.2206/icons/128/folder_type_script_opened.png
  vscode-icon-20230330.2206/icons/128/folder_type_server.png
  vscode-icon-20230330.2206/icons/128/folder_type_server_opened.png
  vscode-icon-20230330.2206/icons/128/folder_type_src.png
  vscode-icon-20230330.2206/icons/128/folder_type_src_opened.png
  vscode-icon-20230330.2206/icons/128/folder_type_style.png
  vscode-icon-20230330.2206/icons/128/folder_type_style_opened.png
  vscode-icon-20230330.2206/icons/128/folder_type_temp.png
  vscode-icon-20230330.2206/icons/128/folder_type_temp_opened.png
  vscode-icon-20230330.2206/icons/128/folder_type_template.png
  vscode-icon-20230330.2206/icons/128/folder_type_template_opened.png
  vscode-icon-20230330.2206/icons/128/folder_type_test.png
  vscode-icon-20230330.2206/icons/128/folder_type_test_opened.png
  vscode-icon-20230330.2206/icons/128/folder_type_tools.png
  vscode-icon-20230330.2206/icons/128/folder_type_tools_opened.png
  vscode-icon-20230330.2206/icons/128/folder_type_travis.png
  vscode-icon-20230330.2206/icons/128/folder_type_travis_opened.png
  vscode-icon-20230330.2206/icons/128/folder_type_typescript.png
  vscode-icon-20230330.2206/icons/128/folder_type_typescript_opened.png
  vscode-icon-20230330.2206/icons/128/folder_type_typings.png
  vscode-icon-20230330.2206/icons/128/folder_type_typings2.png
  vscode-icon-20230330.2206/icons/128/folder_type_typings2_opened.png
  vscode-icon-20230330.2206/icons/128/folder_type_typings_opened.png
  vscode-icon-20230330.2206/icons/128/folder_type_vagrant.png
  vscode-icon-20230330.2206/icons/128/folder_type_vagrant_opened.png
  vscode-icon-20230330.2206/icons/128/folder_type_video.png
  vscode-icon-20230330.2206/icons/128/folder_type_video_opened.png
  vscode-icon-20230330.2206/icons/128/folder_type_view.png
  vscode-icon-20230330.2206/icons/128/folder_type_view_opened.png
  vscode-icon-20230330.2206/icons/128/folder_type_vs.png
  vscode-icon-20230330.2206/icons/128/folder_type_vs_opened.png
  vscode-icon-20230330.2206/icons/128/folder_type_vscode.png
  vscode-icon-20230330.2206/icons/128/folder_type_vscode2.png
  vscode-icon-20230330.2206/icons/128/folder_type_vscode2_opened.png
  vscode-icon-20230330.2206/icons/128/folder_type_vscode_opened.png
  vscode-icon-20230330.2206/icons/128/folder_type_vscode_test.png
  vscode-icon-20230330.2206/icons/128/folder_type_vscode_test2.png
  vscode-icon-20230330.2206/icons/128/folder_type_vscode_test2_opened.png
  vscode-icon-20230330.2206/icons/128/folder_type_vscode_test_opened.png
  vscode-icon-20230330.2206/icons/128/folder_type_webpack.png
  vscode-icon-20230330.2206/icons/128/folder_type_webpack_opened.png
  vscode-icon-20230330.2206/icons/128/folder_type_www.png
  vscode-icon-20230330.2206/icons/128/folder_type_www_opened.png
  vscode-icon-20230330.2206/icons/23/
  vscode-icon-20230330.2206/icons/23/default_file.png
  vscode-icon-20230330.2206/icons/23/default_folder.png
  vscode-icon-20230330.2206/icons/23/default_folder_opened.png
  vscode-icon-20230330.2206/icons/23/default_root_folder.png
  vscode-icon-20230330.2206/icons/23/default_root_folder_opened.png
  vscode-icon-20230330.2206/icons/23/file_type_access.png
  vscode-icon-20230330.2206/icons/23/file_type_actionscript.png
  vscode-icon-20230330.2206/icons/23/file_type_ai.png
  vscode-icon-20230330.2206/icons/23/file_type_ai2.png
  vscode-icon-20230330.2206/icons/23/file_type_al.png
  vscode-icon-20230330.2206/icons/23/file_type_angular.png
  vscode-icon-20230330.2206/icons/23/file_type_ansible.png
  vscode-icon-20230330.2206/icons/23/file_type_antlr.png
  vscode-icon-20230330.2206/icons/23/file_type_anyscript.png
  vscode-icon-20230330.2206/icons/23/file_type_apache.png
  vscode-icon-20230330.2206/icons/23/file_type_apex.png
  vscode-icon-20230330.2206/icons/23/file_type_apib.png
  vscode-icon-20230330.2206/icons/23/file_type_apib2.png
  vscode-icon-20230330.2206/icons/23/file_type_applescript.png
  vscode-icon-20230330.2206/icons/23/file_type_appveyor.png
  vscode-icon-20230330.2206/icons/23/file_type_arduino.png
  vscode-icon-20230330.2206/icons/23/file_type_asp.png
  vscode-icon-20230330.2206/icons/23/file_type_aspx.png
  vscode-icon-20230330.2206/icons/23/file_type_assembly.png
  vscode-icon-20230330.2206/icons/23/file_type_audio.png
  vscode-icon-20230330.2206/icons/23/file_type_aurelia.png
  vscode-icon-20230330.2206/icons/23/file_type_autohotkey.png
  vscode-icon-20230330.2206/icons/23/file_type_autoit.png
  vscode-icon-20230330.2206/icons/23/file_type_avro.png
  vscode-icon-20230330.2206/icons/23/file_type_aws.png
  vscode-icon-20230330.2206/icons/23/file_type_babel.png
  vscode-icon-20230330.2206/icons/23/file_type_babel2.png
  vscode-icon-20230330.2206/icons/23/file_type_bat.png
  vscode-icon-20230330.2206/icons/23/file_type_bazaar.png
  vscode-icon-20230330.2206/icons/23/file_type_bazel.png
  vscode-icon-20230330.2206/icons/23/file_type_binary.png
  vscode-icon-20230330.2206/icons/23/file_type_bithound.png
  vscode-icon-20230330.2206/icons/23/file_type_blade.png
  vscode-icon-20230330.2206/icons/23/file_type_bolt.png
  vscode-icon-20230330.2206/icons/23/file_type_bower.png
  vscode-icon-20230330.2206/icons/23/file_type_bower2.png
  vscode-icon-20230330.2206/icons/23/file_type_browserslist.png
  vscode-icon-20230330.2206/icons/23/file_type_buckbuild.png
  vscode-icon-20230330.2206/icons/23/file_type_bundler.png
  vscode-icon-20230330.2206/icons/23/file_type_c.png
  vscode-icon-20230330.2206/icons/23/file_type_c2.png
  vscode-icon-20230330.2206/icons/23/file_type_c_al.png
  vscode-icon-20230330.2206/icons/23/file_type_cabal.png
  vscode-icon-20230330.2206/icons/23/file_type_cake.png
  vscode-icon-20230330.2206/icons/23/file_type_cakephp.png
  vscode-icon-20230330.2206/icons/23/file_type_cargo.png
  vscode-icon-20230330.2206/icons/23/file_type_cert.png
  vscode-icon-20230330.2206/icons/23/file_type_cf.png
  vscode-icon-20230330.2206/icons/23/file_type_cf2.png
  vscode-icon-20230330.2206/icons/23/file_type_cfc.png
  vscode-icon-20230330.2206/icons/23/file_type_cfc2.png
  vscode-icon-20230330.2206/icons/23/file_type_cfm.png
  vscode-icon-20230330.2206/icons/23/file_type_cfm2.png
  vscode-icon-20230330.2206/icons/23/file_type_cheader.png
  vscode-icon-20230330.2206/icons/23/file_type_chef.png
  vscode-icon-20230330.2206/icons/23/file_type_circleci.png
  vscode-icon-20230330.2206/icons/23/file_type_class.png
  vscode-icon-20230330.2206/icons/23/file_type_clojure.png
  vscode-icon-20230330.2206/icons/23/file_type_cloudfoundry.png
  vscode-icon-20230330.2206/icons/23/file_type_cmake.png
  vscode-icon-20230330.2206/icons/23/file_type_cobol.png
  vscode-icon-20230330.2206/icons/23/file_type_codacy.png
  vscode-icon-20230330.2206/icons/23/file_type_codeclimate.png
  vscode-icon-20230330.2206/icons/23/file_type_codecov.png
  vscode-icon-20230330.2206/icons/23/file_type_codekit.png
  vscode-icon-20230330.2206/icons/23/file_type_coffeelint.png
  vscode-icon-20230330.2206/icons/23/file_type_coffeescript.png
  vscode-icon-20230330.2206/icons/23/file_type_compass.png
  vscode-icon-20230330.2206/icons/23/file_type_composer.png
  vscode-icon-20230330.2206/icons/23/file_type_conan.png
  vscode-icon-20230330.2206/icons/23/file_type_config.png
  vscode-icon-20230330.2206/icons/23/file_type_coveralls.png
  vscode-icon-20230330.2206/icons/23/file_type_cpp.png
  vscode-icon-20230330.2206/icons/23/file_type_cpp2.png
  vscode-icon-20230330.2206/icons/23/file_type_cppheader.png
  vscode-icon-20230330.2206/icons/23/file_type_crowdin.png
  vscode-icon-20230330.2206/icons/23/file_type_crystal.png
  vscode-icon-20230330.2206/icons/23/file_type_csharp.png
  vscode-icon-20230330.2206/icons/23/file_type_csproj.png
  vscode-icon-20230330.2206/icons/23/file_type_css.png
  vscode-icon-20230330.2206/icons/23/file_type_csslint.png
  vscode-icon-20230330.2206/icons/23/file_type_cssmap.png
  vscode-icon-20230330.2206/icons/23/file_type_cucumber.png
  vscode-icon-20230330.2206/icons/23/file_type_cvs.png
  vscode-icon-20230330.2206/icons/23/file_type_cypress.png
  vscode-icon-20230330.2206/icons/23/file_type_cython.png
  vscode-icon-20230330.2206/icons/23/file_type_dal.png
  vscode-icon-20230330.2206/icons/23/file_type_darcs.png
  vscode-icon-20230330.2206/icons/23/file_type_dartlang.png
  vscode-icon-20230330.2206/icons/23/file_type_db.png
  vscode-icon-20230330.2206/icons/23/file_type_delphi.png
  vscode-icon-20230330.2206/icons/23/file_type_dependencies.png
  vscode-icon-20230330.2206/icons/23/file_type_diff.png
  vscode-icon-20230330.2206/icons/23/file_type_django.png
  vscode-icon-20230330.2206/icons/23/file_type_dlang.png
  vscode-icon-20230330.2206/icons/23/file_type_docker.png
  vscode-icon-20230330.2206/icons/23/file_type_docker2.png
  vscode-icon-20230330.2206/icons/23/file_type_dockertest.png
  vscode-icon-20230330.2206/icons/23/file_type_dockertest2.png
  vscode-icon-20230330.2206/icons/23/file_type_docpad.png
  vscode-icon-20230330.2206/icons/23/file_type_doxygen.png
  vscode-icon-20230330.2206/icons/23/file_type_drone.png
  vscode-icon-20230330.2206/icons/23/file_type_drools.png
  vscode-icon-20230330.2206/icons/23/file_type_dustjs.png
  vscode-icon-20230330.2206/icons/23/file_type_dylan.png
  vscode-icon-20230330.2206/icons/23/file_type_edge.png
  vscode-icon-20230330.2206/icons/23/file_type_edge2.png
  vscode-icon-20230330.2206/icons/23/file_type_editorconfig.png
  vscode-icon-20230330.2206/icons/23/file_type_eex.png
  vscode-icon-20230330.2206/icons/23/file_type_ejs.png
  vscode-icon-20230330.2206/icons/23/file_type_elastic.png
  vscode-icon-20230330.2206/icons/23/file_type_elasticbeanstalk.png
  vscode-icon-20230330.2206/icons/23/file_type_elixir.png
  vscode-icon-20230330.2206/icons/23/file_type_elm.png
  vscode-icon-20230330.2206/icons/23/file_type_elm2.png
  vscode-icon-20230330.2206/icons/23/file_type_emacs.png
  vscode-icon-20230330.2206/icons/23/file_type_ember.png
  vscode-icon-20230330.2206/icons/23/file_type_ensime.png
  vscode-icon-20230330.2206/icons/23/file_type_eps.png
  vscode-icon-20230330.2206/icons/23/file_type_erb.png
  vscode-icon-20230330.2206/icons/23/file_type_erlang.png
  vscode-icon-20230330.2206/icons/23/file_type_erlang2.png
  vscode-icon-20230330.2206/icons/23/file_type_eslint.png
  vscode-icon-20230330.2206/icons/23/file_type_eslint2.png
  vscode-icon-20230330.2206/icons/23/file_type_excel.png
  vscode-icon-20230330.2206/icons/23/file_type_favicon.png
  vscode-icon-20230330.2206/icons/23/file_type_fbx.png
  vscode-icon-20230330.2206/icons/23/file_type_firebase.png
  vscode-icon-20230330.2206/icons/23/file_type_firestore.png
  vscode-icon-20230330.2206/icons/23/file_type_flash.png
  vscode-icon-20230330.2206/icons/23/file_type_floobits.png
  vscode-icon-20230330.2206/icons/23/file_type_flow.png
  vscode-icon-20230330.2206/icons/23/file_type_font.png
  vscode-icon-20230330.2206/icons/23/file_type_fortran.png
  vscode-icon-20230330.2206/icons/23/file_type_fossa.png
  vscode-icon-20230330.2206/icons/23/file_type_fossil.png
  vscode-icon-20230330.2206/icons/23/file_type_freemarker.png
  vscode-icon-20230330.2206/icons/23/file_type_fsharp.png
  vscode-icon-20230330.2206/icons/23/file_type_fsharp2.png
  vscode-icon-20230330.2206/icons/23/file_type_fsproj.png
  vscode-icon-20230330.2206/icons/23/file_type_fusebox.png
  vscode-icon-20230330.2206/icons/23/file_type_galen.png
  vscode-icon-20230330.2206/icons/23/file_type_galen2.png
  vscode-icon-20230330.2206/icons/23/file_type_gamemaker.png
  vscode-icon-20230330.2206/icons/23/file_type_gamemaker2.png
  vscode-icon-20230330.2206/icons/23/file_type_gamemaker81.png
  vscode-icon-20230330.2206/icons/23/file_type_git.png
  vscode-icon-20230330.2206/icons/23/file_type_git2.png
  vscode-icon-20230330.2206/icons/23/file_type_gitlab.png
  vscode-icon-20230330.2206/icons/23/file_type_glide.png
  vscode-icon-20230330.2206/icons/23/file_type_glsl.png
  vscode-icon-20230330.2206/icons/23/file_type_go.png
  vscode-icon-20230330.2206/icons/23/file_type_godot.png
  vscode-icon-20230330.2206/icons/23/file_type_gradle.png
  vscode-icon-20230330.2206/icons/23/file_type_graphql.png
  vscode-icon-20230330.2206/icons/23/file_type_graphviz.png
  vscode-icon-20230330.2206/icons/23/file_type_groovy.png
  vscode-icon-20230330.2206/icons/23/file_type_groovy2.png
  vscode-icon-20230330.2206/icons/23/file_type_grunt.png
  vscode-icon-20230330.2206/icons/23/file_type_gulp.png
  vscode-icon-20230330.2206/icons/23/file_type_haml.png
  vscode-icon-20230330.2206/icons/23/file_type_handlebars.png
  vscode-icon-20230330.2206/icons/23/file_type_handlebars2.png
  vscode-icon-20230330.2206/icons/23/file_type_harbour.png
  vscode-icon-20230330.2206/icons/23/file_type_haskell.png
  vscode-icon-20230330.2206/icons/23/file_type_haskell2.png
  vscode-icon-20230330.2206/icons/23/file_type_haxe.png
  vscode-icon-20230330.2206/icons/23/file_type_haxecheckstyle.png
  vscode-icon-20230330.2206/icons/23/file_type_haxedevelop.png
  vscode-icon-20230330.2206/icons/23/file_type_helix.png
  vscode-icon-20230330.2206/icons/23/file_type_helm.png
  vscode-icon-20230330.2206/icons/23/file_type_hlsl.png
  vscode-icon-20230330.2206/icons/23/file_type_host.png
  vscode-icon-20230330.2206/icons/23/file_type_html.png
  vscode-icon-20230330.2206/icons/23/file_type_htmlhint.png
  vscode-icon-20230330.2206/icons/23/file_type_http.png
  vscode-icon-20230330.2206/icons/23/file_type_idris.png
  vscode-icon-20230330.2206/icons/23/file_type_idrisbin.png
  vscode-icon-20230330.2206/icons/23/file_type_idrispkg.png
  vscode-icon-20230330.2206/icons/23/file_type_image.png
  vscode-icon-20230330.2206/icons/23/file_type_infopath.png
  vscode-icon-20230330.2206/icons/23/file_type_ini.png
  vscode-icon-20230330.2206/icons/23/file_type_io.png
  vscode-icon-20230330.2206/icons/23/file_type_iodine.png
  vscode-icon-20230330.2206/icons/23/file_type_ionic.png
  vscode-icon-20230330.2206/icons/23/file_type_jake.png
  vscode-icon-20230330.2206/icons/23/file_type_jar.png
  vscode-icon-20230330.2206/icons/23/file_type_java.png
  vscode-icon-20230330.2206/icons/23/file_type_jbuilder.png
  vscode-icon-20230330.2206/icons/23/file_type_jekyll.png
  vscode-icon-20230330.2206/icons/23/file_type_jenkins.png
  vscode-icon-20230330.2206/icons/23/file_type_jest.png
  vscode-icon-20230330.2206/icons/23/file_type_jinja.png
  vscode-icon-20230330.2206/icons/23/file_type_jpm.png
  vscode-icon-20230330.2206/icons/23/file_type_js.png
  vscode-icon-20230330.2206/icons/23/file_type_js_official.png
  vscode-icon-20230330.2206/icons/23/file_type_jsbeautify.png
  vscode-icon-20230330.2206/icons/23/file_type_jsconfig.png
  vscode-icon-20230330.2206/icons/23/file_type_jshint.png
  vscode-icon-20230330.2206/icons/23/file_type_jsmap.png
  vscode-icon-20230330.2206/icons/23/file_type_json.png
  vscode-icon-20230330.2206/icons/23/file_type_json2.png
  vscode-icon-20230330.2206/icons/23/file_type_json5.png
  vscode-icon-20230330.2206/icons/23/file_type_json_official.png
  vscode-icon-20230330.2206/icons/23/file_type_jsonld.png
  vscode-icon-20230330.2206/icons/23/file_type_jsp.png
  vscode-icon-20230330.2206/icons/23/file_type_julia.png
  vscode-icon-20230330.2206/icons/23/file_type_julia2.png
  vscode-icon-20230330.2206/icons/23/file_type_jupyter.png
  vscode-icon-20230330.2206/icons/23/file_type_karma.png
  vscode-icon-20230330.2206/icons/23/file_type_key.png
  vscode-icon-20230330.2206/icons/23/file_type_kitchenci.png
  vscode-icon-20230330.2206/icons/23/file_type_kite.png
  vscode-icon-20230330.2206/icons/23/file_type_kivy.png
  vscode-icon-20230330.2206/icons/23/file_type_kos.png
  vscode-icon-20230330.2206/icons/23/file_type_kotlin.png
  vscode-icon-20230330.2206/icons/23/file_type_layout.png
  vscode-icon-20230330.2206/icons/23/file_type_lerna.png
  vscode-icon-20230330.2206/icons/23/file_type_less.png
  vscode-icon-20230330.2206/icons/23/file_type_license.png
  vscode-icon-20230330.2206/icons/23/file_type_light_babel.png
  vscode-icon-20230330.2206/icons/23/file_type_light_babel2.png
  vscode-icon-20230330.2206/icons/23/file_type_light_cabal.png
  vscode-icon-20230330.2206/icons/23/file_type_light_circleci.png
  vscode-icon-20230330.2206/icons/23/file_type_light_cloudfoundry.png
  vscode-icon-20230330.2206/icons/23/file_type_light_codacy.png
  vscode-icon-20230330.2206/icons/23/file_type_light_codeclimate.png
  vscode-icon-20230330.2206/icons/23/file_type_light_config.png
  vscode-icon-20230330.2206/icons/23/file_type_light_crystal.png
  vscode-icon-20230330.2206/icons/23/file_type_light_db.png
  vscode-icon-20230330.2206/icons/23/file_type_light_docpad.png
  vscode-icon-20230330.2206/icons/23/file_type_light_drone.png
  vscode-icon-20230330.2206/icons/23/file_type_light_font.png
  vscode-icon-20230330.2206/icons/23/file_type_light_gamemaker2.png
  vscode-icon-20230330.2206/icons/23/file_type_light_ini.png
  vscode-icon-20230330.2206/icons/23/file_type_light_io.png
  vscode-icon-20230330.2206/icons/23/file_type_light_js.png
  vscode-icon-20230330.2206/icons/23/file_type_light_jsconfig.png
  vscode-icon-20230330.2206/icons/23/file_type_light_jsmap.png
  vscode-icon-20230330.2206/icons/23/file_type_light_json.png
  vscode-icon-20230330.2206/icons/23/file_type_light_json5.png
  vscode-icon-20230330.2206/icons/23/file_type_light_jsonld.png
  vscode-icon-20230330.2206/icons/23/file_type_light_kite.png
  vscode-icon-20230330.2206/icons/23/file_type_light_lerna.png
  vscode-icon-20230330.2206/icons/23/file_type_light_mlang.png
  vscode-icon-20230330.2206/icons/23/file_type_light_mustache.png
  vscode-icon-20230330.2206/icons/23/file_type_light_openHAB.png
  vscode-icon-20230330.2206/icons/23/file_type_light_pcl.png
  vscode-icon-20230330.2206/icons/23/file_type_light_prettier.png
  vscode-icon-20230330.2206/icons/23/file_type_light_purescript.png
  vscode-icon-20230330.2206/icons/23/file_type_light_rubocop.png
  vscode-icon-20230330.2206/icons/23/file_type_light_shaderlab.png
  vscode-icon-20230330.2206/icons/23/file_type_light_solidity.png
  vscode-icon-20230330.2206/icons/23/file_type_light_stylelint.png
  vscode-icon-20230330.2206/icons/23/file_type_light_stylus.png
  vscode-icon-20230330.2206/icons/23/file_type_light_symfony.png
  vscode-icon-20230330.2206/icons/23/file_type_light_systemverilog.png
  vscode-icon-20230330.2206/icons/23/file_type_light_testjs.png
  vscode-icon-20230330.2206/icons/23/file_type_light_tex.png
  vscode-icon-20230330.2206/icons/23/file_type_light_todo.png
  vscode-icon-20230330.2206/icons/23/file_type_light_vash.png
  vscode-icon-20230330.2206/icons/23/file_type_light_vsix.png
  vscode-icon-20230330.2206/icons/23/file_type_light_yaml.png
  vscode-icon-20230330.2206/icons/23/file_type_lime.png
  vscode-icon-20230330.2206/icons/23/file_type_liquid.png
  vscode-icon-20230330.2206/icons/23/file_type_lisp.png
  vscode-icon-20230330.2206/icons/23/file_type_livescript.png
  vscode-icon-20230330.2206/icons/23/file_type_locale.png
  vscode-icon-20230330.2206/icons/23/file_type_log.png
  vscode-icon-20230330.2206/icons/23/file_type_lolcode.png
  vscode-icon-20230330.2206/icons/23/file_type_lsl.png
  vscode-icon-20230330.2206/icons/23/file_type_lua.png
  vscode-icon-20230330.2206/icons/23/file_type_lync.png
  vscode-icon-20230330.2206/icons/23/file_type_makefile.png
  vscode-icon-20230330.2206/icons/23/file_type_manifest.png
  vscode-icon-20230330.2206/icons/23/file_type_manifest_bak.png
  vscode-icon-20230330.2206/icons/23/file_type_manifest_skip.png
  vscode-icon-20230330.2206/icons/23/file_type_map.png
  vscode-icon-20230330.2206/icons/23/file_type_markdown.png
  vscode-icon-20230330.2206/icons/23/file_type_markdownlint.png
  vscode-icon-20230330.2206/icons/23/file_type_marko.png
  vscode-icon-20230330.2206/icons/23/file_type_markojs.png
  vscode-icon-20230330.2206/icons/23/file_type_maven.png
  vscode-icon-20230330.2206/icons/23/file_type_maxscript.png
  vscode-icon-20230330.2206/icons/23/file_type_maya.png
  vscode-icon-20230330.2206/icons/23/file_type_mediawiki.png
  vscode-icon-20230330.2206/icons/23/file_type_mercurial.png
  vscode-icon-20230330.2206/icons/23/file_type_meson.png
  vscode-icon-20230330.2206/icons/23/file_type_meteor.png
  vscode-icon-20230330.2206/icons/23/file_type_mjml.png
  vscode-icon-20230330.2206/icons/23/file_type_mlang.png
  vscode-icon-20230330.2206/icons/23/file_type_mocha.png
  vscode-icon-20230330.2206/icons/23/file_type_mojolicious.png
  vscode-icon-20230330.2206/icons/23/file_type_monotone.png
  vscode-icon-20230330.2206/icons/23/file_type_mson.png
  vscode-icon-20230330.2206/icons/23/file_type_mustache.png
  vscode-icon-20230330.2206/icons/23/file_type_ng_component_css.png
  vscode-icon-20230330.2206/icons/23/file_type_ng_component_html.png
  vscode-icon-20230330.2206/icons/23/file_type_ng_component_js.png
  vscode-icon-20230330.2206/icons/23/file_type_ng_component_js2.png
  vscode-icon-20230330.2206/icons/23/file_type_ng_component_less.png
  vscode-icon-20230330.2206/icons/23/file_type_ng_component_sass.png
  vscode-icon-20230330.2206/icons/23/file_type_ng_component_scss.png
  vscode-icon-20230330.2206/icons/23/file_type_ng_component_ts.png
  vscode-icon-20230330.2206/icons/23/file_type_ng_component_ts2.png
  vscode-icon-20230330.2206/icons/23/file_type_ng_controller_js.png
  vscode-icon-20230330.2206/icons/23/file_type_ng_controller_ts.png
  vscode-icon-20230330.2206/icons/23/file_type_ng_directive_js.png
  vscode-icon-20230330.2206/icons/23/file_type_ng_directive_js2.png
  vscode-icon-20230330.2206/icons/23/file_type_ng_directive_ts.png
  vscode-icon-20230330.2206/icons/23/file_type_ng_directive_ts2.png
  vscode-icon-20230330.2206/icons/23/file_type_ng_guard_js.png
  vscode-icon-20230330.2206/icons/23/file_type_ng_guard_ts.png
  vscode-icon-20230330.2206/icons/23/file_type_ng_interceptor_js.png
  vscode-icon-20230330.2206/icons/23/file_type_ng_interceptor_ts.png
  vscode-icon-20230330.2206/icons/23/file_type_ng_module_js.png
  vscode-icon-20230330.2206/icons/23/file_type_ng_module_js2.png
  vscode-icon-20230330.2206/icons/23/file_type_ng_module_ts.png
  vscode-icon-20230330.2206/icons/23/file_type_ng_module_ts2.png
  vscode-icon-20230330.2206/icons/23/file_type_ng_pipe_js.png
  vscode-icon-20230330.2206/icons/23/file_type_ng_pipe_js2.png
  vscode-icon-20230330.2206/icons/23/file_type_ng_pipe_ts.png
  vscode-icon-20230330.2206/icons/23/file_type_ng_pipe_ts2.png
  vscode-icon-20230330.2206/icons/23/file_type_ng_routing_js.png
  vscode-icon-20230330.2206/icons/23/file_type_ng_routing_js2.png
  vscode-icon-20230330.2206/icons/23/file_type_ng_routing_ts.png
  vscode-icon-20230330.2206/icons/23/file_type_ng_routing_ts2.png
  vscode-icon-20230330.2206/icons/23/file_type_ng_service_js.png
  vscode-icon-20230330.2206/icons/23/file_type_ng_service_js2.png
  vscode-icon-20230330.2206/icons/23/file_type_ng_service_ts.png
  vscode-icon-20230330.2206/icons/23/file_type_ng_service_ts2.png
  vscode-icon-20230330.2206/icons/23/file_type_ng_smart_component_js.png
  vscode-icon-20230330.2206/icons/23/file_type_ng_smart_component_js2.png
  vscode-icon-20230330.2206/icons/23/file_type_ng_smart_component_ts.png
  vscode-icon-20230330.2206/icons/23/file_type_ng_smart_component_ts2.png
  vscode-icon-20230330.2206/icons/23/file_type_nginx.png
  vscode-icon-20230330.2206/icons/23/file_type_nim.png
  vscode-icon-20230330.2206/icons/23/file_type_njsproj.png
  vscode-icon-20230330.2206/icons/23/file_type_node.png
  vscode-icon-20230330.2206/icons/23/file_type_node2.png
  vscode-icon-20230330.2206/icons/23/file_type_nodemon.png
  vscode-icon-20230330.2206/icons/23/file_type_npm.png
  vscode-icon-20230330.2206/icons/23/file_type_nsi.png
  vscode-icon-20230330.2206/icons/23/file_type_nuget.png
  vscode-icon-20230330.2206/icons/23/file_type_nunjucks.png
  vscode-icon-20230330.2206/icons/23/file_type_nuxt.png
  vscode-icon-20230330.2206/icons/23/file_type_nyc.png
  vscode-icon-20230330.2206/icons/23/file_type_objectivec.png
  vscode-icon-20230330.2206/icons/23/file_type_objectivecpp.png
  vscode-icon-20230330.2206/icons/23/file_type_ocaml.png
  vscode-icon-20230330.2206/icons/23/file_type_onenote.png
  vscode-icon-20230330.2206/icons/23/file_type_openHAB.png
  vscode-icon-20230330.2206/icons/23/file_type_opencl.png
  vscode-icon-20230330.2206/icons/23/file_type_org.png
  vscode-icon-20230330.2206/icons/23/file_type_outlook.png
  vscode-icon-20230330.2206/icons/23/file_type_package.png
  vscode-icon-20230330.2206/icons/23/file_type_paket.png
  vscode-icon-20230330.2206/icons/23/file_type_patch.png
  vscode-icon-20230330.2206/icons/23/file_type_pcl.png
  vscode-icon-20230330.2206/icons/23/file_type_pdf.png
  vscode-icon-20230330.2206/icons/23/file_type_pdf2.png
  vscode-icon-20230330.2206/icons/23/file_type_perl.png
  vscode-icon-20230330.2206/icons/23/file_type_perl2.png
  vscode-icon-20230330.2206/icons/23/file_type_perl6.png
  vscode-icon-20230330.2206/icons/23/file_type_pgsql.png
  vscode-icon-20230330.2206/icons/23/file_type_photoshop.png
  vscode-icon-20230330.2206/icons/23/file_type_photoshop2.png
  vscode-icon-20230330.2206/icons/23/file_type_php.png
  vscode-icon-20230330.2206/icons/23/file_type_php2.png
  vscode-icon-20230330.2206/icons/23/file_type_php3.png
  vscode-icon-20230330.2206/icons/23/file_type_phpcsfixer.png
  vscode-icon-20230330.2206/icons/23/file_type_phpunit.png
  vscode-icon-20230330.2206/icons/23/file_type_phraseapp.png
  vscode-icon-20230330.2206/icons/23/file_type_pip.png
  vscode-icon-20230330.2206/icons/23/file_type_plantuml.png
  vscode-icon-20230330.2206/icons/23/file_type_plsql.png
  vscode-icon-20230330.2206/icons/23/file_type_plsql_package.png
  vscode-icon-20230330.2206/icons/23/file_type_plsql_package_body.png
  vscode-icon-20230330.2206/icons/23/file_type_plsql_package_header.png
  vscode-icon-20230330.2206/icons/23/file_type_plsql_package_spec.png
  vscode-icon-20230330.2206/icons/23/file_type_poedit.png
  vscode-icon-20230330.2206/icons/23/file_type_polymer.png
  vscode-icon-20230330.2206/icons/23/file_type_postcss.png
  vscode-icon-20230330.2206/icons/23/file_type_postcssconfig.png
  vscode-icon-20230330.2206/icons/23/file_type_powerpoint.png
  vscode-icon-20230330.2206/icons/23/file_type_powershell.png
  vscode-icon-20230330.2206/icons/23/file_type_prettier.png
  vscode-icon-20230330.2206/icons/23/file_type_processinglang.png
  vscode-icon-20230330.2206/icons/23/file_type_procfile.png
  vscode-icon-20230330.2206/icons/23/file_type_progress.png
  vscode-icon-20230330.2206/icons/23/file_type_prolog.png
  vscode-icon-20230330.2206/icons/23/file_type_prometheus.png
  vscode-icon-20230330.2206/icons/23/file_type_protobuf.png
  vscode-icon-20230330.2206/icons/23/file_type_protractor.png
  vscode-icon-20230330.2206/icons/23/file_type_publisher.png
  vscode-icon-20230330.2206/icons/23/file_type_pug.png
  vscode-icon-20230330.2206/icons/23/file_type_puppet.png
  vscode-icon-20230330.2206/icons/23/file_type_purescript.png
  vscode-icon-20230330.2206/icons/23/file_type_pyret.png
  vscode-icon-20230330.2206/icons/23/file_type_python.png
  vscode-icon-20230330.2206/icons/23/file_type_q.png
  vscode-icon-20230330.2206/icons/23/file_type_qlikview.png
  vscode-icon-20230330.2206/icons/23/file_type_qsharp.png
  vscode-icon-20230330.2206/icons/23/file_type_quasar.png
  vscode-icon-20230330.2206/icons/23/file_type_r.png
  vscode-icon-20230330.2206/icons/23/file_type_racket.png
  vscode-icon-20230330.2206/icons/23/file_type_rails.png
  vscode-icon-20230330.2206/icons/23/file_type_rake.png
  vscode-icon-20230330.2206/icons/23/file_type_raml.png
  vscode-icon-20230330.2206/icons/23/file_type_razor.png
  vscode-icon-20230330.2206/icons/23/file_type_reactjs.png
  vscode-icon-20230330.2206/icons/23/file_type_reacttemplate.png
  vscode-icon-20230330.2206/icons/23/file_type_reactts.png
  vscode-icon-20230330.2206/icons/23/file_type_reason.png
  vscode-icon-20230330.2206/icons/23/file_type_registry.png
  vscode-icon-20230330.2206/icons/23/file_type_rest.png
  vscode-icon-20230330.2206/icons/23/file_type_riot.png
  vscode-icon-20230330.2206/icons/23/file_type_robotframework.png
  vscode-icon-20230330.2206/icons/23/file_type_robots.png
  vscode-icon-20230330.2206/icons/23/file_type_rollup.png
  vscode-icon-20230330.2206/icons/23/file_type_rproj.png
  vscode-icon-20230330.2206/icons/23/file_type_rspec.png
  vscode-icon-20230330.2206/icons/23/file_type_rubocop.png
  vscode-icon-20230330.2206/icons/23/file_type_ruby.png
  vscode-icon-20230330.2206/icons/23/file_type_rust.png
  vscode-icon-20230330.2206/icons/23/file_type_saltstack.png
  vscode-icon-20230330.2206/icons/23/file_type_sass.png
  vscode-icon-20230330.2206/icons/23/file_type_sbt.png
  vscode-icon-20230330.2206/icons/23/file_type_scala.png
  vscode-icon-20230330.2206/icons/23/file_type_scilab.png
  vscode-icon-20230330.2206/icons/23/file_type_script.png
  vscode-icon-20230330.2206/icons/23/file_type_scss.png
  vscode-icon-20230330.2206/icons/23/file_type_scss2.png
  vscode-icon-20230330.2206/icons/23/file_type_sdlang.png
  vscode-icon-20230330.2206/icons/23/file_type_sequelize.png
  vscode-icon-20230330.2206/icons/23/file_type_shaderlab.png
  vscode-icon-20230330.2206/icons/23/file_type_shell.png
  vscode-icon-20230330.2206/icons/23/file_type_silverstripe.png
  vscode-icon-20230330.2206/icons/23/file_type_sketch.png
  vscode-icon-20230330.2206/icons/23/file_type_skipper.png
  vscode-icon-20230330.2206/icons/23/file_type_slang.png
  vscode-icon-20230330.2206/icons/23/file_type_slice.png
  vscode-icon-20230330.2206/icons/23/file_type_slim.png
  vscode-icon-20230330.2206/icons/23/file_type_sln.png
  vscode-icon-20230330.2206/icons/23/file_type_smarty.png
  vscode-icon-20230330.2206/icons/23/file_type_snort.png
  vscode-icon-20230330.2206/icons/23/file_type_snyk.png
  vscode-icon-20230330.2206/icons/23/file_type_solidarity.png
  vscode-icon-20230330.2206/icons/23/file_type_solidity.png
  vscode-icon-20230330.2206/icons/23/file_type_source.png
  vscode-icon-20230330.2206/icons/23/file_type_sqf.png
  vscode-icon-20230330.2206/icons/23/file_type_sql.png
  vscode-icon-20230330.2206/icons/23/file_type_sqlite.png
  vscode-icon-20230330.2206/icons/23/file_type_squirrel.png
  vscode-icon-20230330.2206/icons/23/file_type_sss.png
  vscode-icon-20230330.2206/icons/23/file_type_stata.png
  vscode-icon-20230330.2206/icons/23/file_type_storyboard.png
  vscode-icon-20230330.2206/icons/23/file_type_storybook.png
  vscode-icon-20230330.2206/icons/23/file_type_stylable.png
  vscode-icon-20230330.2206/icons/23/file_type_style.png
  vscode-icon-20230330.2206/icons/23/file_type_stylelint.png
  vscode-icon-20230330.2206/icons/23/file_type_stylus.png
  vscode-icon-20230330.2206/icons/23/file_type_subversion.png
  vscode-icon-20230330.2206/icons/23/file_type_svg.png
  vscode-icon-20230330.2206/icons/23/file_type_swagger.png
  vscode-icon-20230330.2206/icons/23/file_type_swift.png
  vscode-icon-20230330.2206/icons/23/file_type_swig.png
  vscode-icon-20230330.2206/icons/23/file_type_symfony.png
  vscode-icon-20230330.2206/icons/23/file_type_systemverilog.png
  vscode-icon-20230330.2206/icons/23/file_type_t4tt.png
  vscode-icon-20230330.2206/icons/23/file_type_tcl.png
  vscode-icon-20230330.2206/icons/23/file_type_terraform.png
  vscode-icon-20230330.2206/icons/23/file_type_test.png
  vscode-icon-20230330.2206/icons/23/file_type_testjs.png
  vscode-icon-20230330.2206/icons/23/file_type_testts.png
  vscode-icon-20230330.2206/icons/23/file_type_tex.png
  vscode-icon-20230330.2206/icons/23/file_type_text.png
  vscode-icon-20230330.2206/icons/23/file_type_textile.png
  vscode-icon-20230330.2206/icons/23/file_type_tfs.png
  vscode-icon-20230330.2206/icons/23/file_type_todo.png
  vscode-icon-20230330.2206/icons/23/file_type_toml.png
  vscode-icon-20230330.2206/icons/23/file_type_travis.png
  vscode-icon-20230330.2206/icons/23/file_type_tsconfig.png
  vscode-icon-20230330.2206/icons/23/file_type_tslint.png
  vscode-icon-20230330.2206/icons/23/file_type_twig.png
  vscode-icon-20230330.2206/icons/23/file_type_typescript.png
  vscode-icon-20230330.2206/icons/23/file_type_typescript_official.png
  vscode-icon-20230330.2206/icons/23/file_type_typescriptdef.png
  vscode-icon-20230330.2206/icons/23/file_type_typescriptdef_official.png
  vscode-icon-20230330.2206/icons/23/file_type_typo3.png
  vscode-icon-20230330.2206/icons/23/file_type_vagrant.png
  vscode-icon-20230330.2206/icons/23/file_type_vala.png
  vscode-icon-20230330.2206/icons/23/file_type_vapi.png
  vscode-icon-20230330.2206/icons/23/file_type_vash.png
  vscode-icon-20230330.2206/icons/23/file_type_vb.png
  vscode-icon-20230330.2206/icons/23/file_type_vba.png
  vscode-icon-20230330.2206/icons/23/file_type_vbhtml.png
  vscode-icon-20230330.2206/icons/23/file_type_vbproj.png
  vscode-icon-20230330.2206/icons/23/file_type_vcxproj.png
  vscode-icon-20230330.2206/icons/23/file_type_velocity.png
  vscode-icon-20230330.2206/icons/23/file_type_verilog.png
  vscode-icon-20230330.2206/icons/23/file_type_vhdl.png
  vscode-icon-20230330.2206/icons/23/file_type_video.png
  vscode-icon-20230330.2206/icons/23/file_type_view.png
  vscode-icon-20230330.2206/icons/23/file_type_vim.png
  vscode-icon-20230330.2206/icons/23/file_type_volt.png
  vscode-icon-20230330.2206/icons/23/file_type_vscode.png
  vscode-icon-20230330.2206/icons/23/file_type_vscode2.png
  vscode-icon-20230330.2206/icons/23/file_type_vsix.png
  vscode-icon-20230330.2206/icons/23/file_type_vue.png
  vscode-icon-20230330.2206/icons/23/file_type_wallaby.png
  vscode-icon-20230330.2206/icons/23/file_type_wasm.png
  vscode-icon-20230330.2206/icons/23/file_type_watchmanconfig.png
  vscode-icon-20230330.2206/icons/23/file_type_webpack.png
  vscode-icon-20230330.2206/icons/23/file_type_wercker.png
  vscode-icon-20230330.2206/icons/23/file_type_wolfram.png
  vscode-icon-20230330.2206/icons/23/file_type_word.png
  vscode-icon-20230330.2206/icons/23/file_type_wurst.png
  vscode-icon-20230330.2206/icons/23/file_type_wxml.png
  vscode-icon-20230330.2206/icons/23/file_type_wxss.png
  vscode-icon-20230330.2206/icons/23/file_type_xcode.png
  vscode-icon-20230330.2206/icons/23/file_type_xib.png
  vscode-icon-20230330.2206/icons/23/file_type_xliff.png
  vscode-icon-20230330.2206/icons/23/file_type_xml.png
  vscode-icon-20230330.2206/icons/23/file_type_xsl.png
  vscode-icon-20230330.2206/icons/23/file_type_yaml.png
  vscode-icon-20230330.2206/icons/23/file_type_yamllint.png
  vscode-icon-20230330.2206/icons/23/file_type_yang.png
  vscode-icon-20230330.2206/icons/23/file_type_yarn.png
  vscode-icon-20230330.2206/icons/23/file_type_yeoman.png
  vscode-icon-20230330.2206/icons/23/file_type_zip.png
  vscode-icon-20230330.2206/icons/23/file_type_zip2.png
  vscode-icon-20230330.2206/icons/23/folder_type_api.png
  vscode-icon-20230330.2206/icons/23/folder_type_api_opened.png
  vscode-icon-20230330.2206/icons/23/folder_type_app.png
  vscode-icon-20230330.2206/icons/23/folder_type_app_opened.png
  vscode-icon-20230330.2206/icons/23/folder_type_asset.png
  vscode-icon-20230330.2206/icons/23/folder_type_asset_opened.png
  vscode-icon-20230330.2206/icons/23/folder_type_audio.png
  vscode-icon-20230330.2206/icons/23/folder_type_audio_opened.png
  vscode-icon-20230330.2206/icons/23/folder_type_aurelia.png
  vscode-icon-20230330.2206/icons/23/folder_type_aurelia_opened.png
  vscode-icon-20230330.2206/icons/23/folder_type_aws.png
  vscode-icon-20230330.2206/icons/23/folder_type_aws_opened.png
  vscode-icon-20230330.2206/icons/23/folder_type_binary.png
  vscode-icon-20230330.2206/icons/23/folder_type_binary_opened.png
  vscode-icon-20230330.2206/icons/23/folder_type_bower.png
  vscode-icon-20230330.2206/icons/23/folder_type_bower_opened.png
  vscode-icon-20230330.2206/icons/23/folder_type_cake.png
  vscode-icon-20230330.2206/icons/23/folder_type_cake_opened.png
  vscode-icon-20230330.2206/icons/23/folder_type_chef.png
  vscode-icon-20230330.2206/icons/23/folder_type_chef_opened.png
  vscode-icon-20230330.2206/icons/23/folder_type_circleci.png
  vscode-icon-20230330.2206/icons/23/folder_type_circleci_opened.png
  vscode-icon-20230330.2206/icons/23/folder_type_client.png
  vscode-icon-20230330.2206/icons/23/folder_type_client_opened.png
  vscode-icon-20230330.2206/icons/23/folder_type_component.png
  vscode-icon-20230330.2206/icons/23/folder_type_component_opened.png
  vscode-icon-20230330.2206/icons/23/folder_type_composer.png
  vscode-icon-20230330.2206/icons/23/folder_type_composer_opened.png
  vscode-icon-20230330.2206/icons/23/folder_type_config.png
  vscode-icon-20230330.2206/icons/23/folder_type_config_opened.png
  vscode-icon-20230330.2206/icons/23/folder_type_css.png
  vscode-icon-20230330.2206/icons/23/folder_type_css_opened.png
  vscode-icon-20230330.2206/icons/23/folder_type_cypress.png
  vscode-icon-20230330.2206/icons/23/folder_type_cypress_opened.png
  vscode-icon-20230330.2206/icons/23/folder_type_db.png
  vscode-icon-20230330.2206/icons/23/folder_type_db_opened.png
  vscode-icon-20230330.2206/icons/23/folder_type_debian.png
  vscode-icon-20230330.2206/icons/23/folder_type_debian_opened.png
  vscode-icon-20230330.2206/icons/23/folder_type_dist.png
  vscode-icon-20230330.2206/icons/23/folder_type_dist_opened.png
  vscode-icon-20230330.2206/icons/23/folder_type_docker.png
  vscode-icon-20230330.2206/icons/23/folder_type_docker_opened.png
  vscode-icon-20230330.2206/icons/23/folder_type_docs.png
  vscode-icon-20230330.2206/icons/23/folder_type_docs_opened.png
  vscode-icon-20230330.2206/icons/23/folder_type_elasticbeanstalk.png
  vscode-icon-20230330.2206/icons/23/folder_type_elasticbeanstalk_opened.png
  vscode-icon-20230330.2206/icons/23/folder_type_flow.png
  vscode-icon-20230330.2206/icons/23/folder_type_flow_opened.png
  vscode-icon-20230330.2206/icons/23/folder_type_fonts.png
  vscode-icon-20230330.2206/icons/23/folder_type_fonts_opened.png
  vscode-icon-20230330.2206/icons/23/folder_type_gcp.png
  vscode-icon-20230330.2206/icons/23/folder_type_gcp_opened.png
  vscode-icon-20230330.2206/icons/23/folder_type_git.png
  vscode-icon-20230330.2206/icons/23/folder_type_git_opened.png
  vscode-icon-20230330.2206/icons/23/folder_type_github.png
  vscode-icon-20230330.2206/icons/23/folder_type_github_opened.png
  vscode-icon-20230330.2206/icons/23/folder_type_gitlab.png
  vscode-icon-20230330.2206/icons/23/folder_type_gitlab_opened.png
  vscode-icon-20230330.2206/icons/23/folder_type_haxelib.png
  vscode-icon-20230330.2206/icons/23/folder_type_haxelib_opened.png
  vscode-icon-20230330.2206/icons/23/folder_type_helper.png
  vscode-icon-20230330.2206/icons/23/folder_type_helper_opened.png
  vscode-icon-20230330.2206/icons/23/folder_type_idea.png
  vscode-icon-20230330.2206/icons/23/folder_type_idea_opened.png
  vscode-icon-20230330.2206/icons/23/folder_type_images.png
  vscode-icon-20230330.2206/icons/23/folder_type_images_opened.png
  vscode-icon-20230330.2206/icons/23/folder_type_include.png
  vscode-icon-20230330.2206/icons/23/folder_type_include_opened.png
  vscode-icon-20230330.2206/icons/23/folder_type_js.png
  vscode-icon-20230330.2206/icons/23/folder_type_js_opened.png
  vscode-icon-20230330.2206/icons/23/folder_type_kubernetes.png
  vscode-icon-20230330.2206/icons/23/folder_type_kubernetes_opened.png
  vscode-icon-20230330.2206/icons/23/folder_type_less.png
  vscode-icon-20230330.2206/icons/23/folder_type_less_opened.png
  vscode-icon-20230330.2206/icons/23/folder_type_library.png
  vscode-icon-20230330.2206/icons/23/folder_type_library_opened.png
  vscode-icon-20230330.2206/icons/23/folder_type_light_fonts.png
  vscode-icon-20230330.2206/icons/23/folder_type_light_fonts_opened.png
  vscode-icon-20230330.2206/icons/23/folder_type_light_meteor.png
  vscode-icon-20230330.2206/icons/23/folder_type_light_meteor_opened.png
  vscode-icon-20230330.2206/icons/23/folder_type_light_node.png
  vscode-icon-20230330.2206/icons/23/folder_type_light_node_opened.png
  vscode-icon-20230330.2206/icons/23/folder_type_light_sass.png
  vscode-icon-20230330.2206/icons/23/folder_type_light_sass_opened.png
  vscode-icon-20230330.2206/icons/23/folder_type_locale.png
  vscode-icon-20230330.2206/icons/23/folder_type_locale_opened.png
  vscode-icon-20230330.2206/icons/23/folder_type_log.png
  vscode-icon-20230330.2206/icons/23/folder_type_log_opened.png
  vscode-icon-20230330.2206/icons/23/folder_type_maven.png
  vscode-icon-20230330.2206/icons/23/folder_type_maven_opened.png
  vscode-icon-20230330.2206/icons/23/folder_type_meteor.png
  vscode-icon-20230330.2206/icons/23/folder_type_meteor_opened.png
  vscode-icon-20230330.2206/icons/23/folder_type_mjml.png
  vscode-icon-20230330.2206/icons/23/folder_type_mjml_opened.png
  vscode-icon-20230330.2206/icons/23/folder_type_model.png
  vscode-icon-20230330.2206/icons/23/folder_type_model_opened.png
  vscode-icon-20230330.2206/icons/23/folder_type_mongodb.png
  vscode-icon-20230330.2206/icons/23/folder_type_mongodb_opened.png
  vscode-icon-20230330.2206/icons/23/folder_type_nginx.png
  vscode-icon-20230330.2206/icons/23/folder_type_nginx_opened.png
  vscode-icon-20230330.2206/icons/23/folder_type_node.png
  vscode-icon-20230330.2206/icons/23/folder_type_node_opened.png
  vscode-icon-20230330.2206/icons/23/folder_type_nuget.png
  vscode-icon-20230330.2206/icons/23/folder_type_nuget_opened.png
  vscode-icon-20230330.2206/icons/23/folder_type_package.png
  vscode-icon-20230330.2206/icons/23/folder_type_package_opened.png
  vscode-icon-20230330.2206/icons/23/folder_type_paket.png
  vscode-icon-20230330.2206/icons/23/folder_type_paket_opened.png
  vscode-icon-20230330.2206/icons/23/folder_type_php.png
  vscode-icon-20230330.2206/icons/23/folder_type_php_opened.png
  vscode-icon-20230330.2206/icons/23/folder_type_plugin.png
  vscode-icon-20230330.2206/icons/23/folder_type_plugin_opened.png
  vscode-icon-20230330.2206/icons/23/folder_type_private.png
  vscode-icon-20230330.2206/icons/23/folder_type_private_opened.png
  vscode-icon-20230330.2206/icons/23/folder_type_public.png
  vscode-icon-20230330.2206/icons/23/folder_type_public_opened.png
  vscode-icon-20230330.2206/icons/23/folder_type_ravendb.png
  vscode-icon-20230330.2206/icons/23/folder_type_ravendb_opened.png
  vscode-icon-20230330.2206/icons/23/folder_type_redis.png
  vscode-icon-20230330.2206/icons/23/folder_type_redis_opened.png
  vscode-icon-20230330.2206/icons/23/folder_type_route.png
  vscode-icon-20230330.2206/icons/23/folder_type_route_opened.png
  vscode-icon-20230330.2206/icons/23/folder_type_sass.png
  vscode-icon-20230330.2206/icons/23/folder_type_sass_opened.png
  vscode-icon-20230330.2206/icons/23/folder_type_script.png
  vscode-icon-20230330.2206/icons/23/folder_type_script_opened.png
  vscode-icon-20230330.2206/icons/23/folder_type_server.png
  vscode-icon-20230330.2206/icons/23/folder_type_server_opened.png
  vscode-icon-20230330.2206/icons/23/folder_type_src.png
  vscode-icon-20230330.2206/icons/23/folder_type_src_opened.png
  vscode-icon-20230330.2206/icons/23/folder_type_style.png
  vscode-icon-20230330.2206/icons/23/folder_type_style_opened.png
  vscode-icon-20230330.2206/icons/23/folder_type_temp.png
  vscode-icon-20230330.2206/icons/23/folder_type_temp_opened.png
  vscode-icon-20230330.2206/icons/23/folder_type_template.png
  vscode-icon-20230330.2206/icons/23/folder_type_template_opened.png
  vscode-icon-20230330.2206/icons/23/folder_type_test.png
  vscode-icon-20230330.2206/icons/23/folder_type_test_opened.png
  vscode-icon-20230330.2206/icons/23/folder_type_tools.png
  vscode-icon-20230330.2206/icons/23/folder_type_tools_opened.png
  vscode-icon-20230330.2206/icons/23/folder_type_travis.png
  vscode-icon-20230330.2206/icons/23/folder_type_travis_opened.png
  vscode-icon-20230330.2206/icons/23/folder_type_typescript.png
  vscode-icon-20230330.2206/icons/23/folder_type_typescript_opened.png
  vscode-icon-20230330.2206/icons/23/folder_type_typings.png
  vscode-icon-20230330.2206/icons/23/folder_type_typings2.png
  vscode-icon-20230330.2206/icons/23/folder_type_typings2_opened.png
  vscode-icon-20230330.2206/icons/23/folder_type_typings_opened.png
  vscode-icon-20230330.2206/icons/23/folder_type_vagrant.png
  vscode-icon-20230330.2206/icons/23/folder_type_vagrant_opened.png
  vscode-icon-20230330.2206/icons/23/folder_type_video.png
  vscode-icon-20230330.2206/icons/23/folder_type_video_opened.png
  vscode-icon-20230330.2206/icons/23/folder_type_view.png
  vscode-icon-20230330.2206/icons/23/folder_type_view_opened.png
  vscode-icon-20230330.2206/icons/23/folder_type_vs.png
  vscode-icon-20230330.2206/icons/23/folder_type_vs_opened.png
  vscode-icon-20230330.2206/icons/23/folder_type_vscode.png
  vscode-icon-20230330.2206/icons/23/folder_type_vscode2.png
  vscode-icon-20230330.2206/icons/23/folder_type_vscode2_opened.png
  vscode-icon-20230330.2206/icons/23/folder_type_vscode_opened.png
  vscode-icon-20230330.2206/icons/23/folder_type_vscode_test.png
  vscode-icon-20230330.2206/icons/23/folder_type_vscode_test2.png
  vscode-icon-20230330.2206/icons/23/folder_type_vscode_test2_opened.png
  vscode-icon-20230330.2206/icons/23/folder_type_vscode_test_opened.png
  vscode-icon-20230330.2206/icons/23/folder_type_webpack.png
  vscode-icon-20230330.2206/icons/23/folder_type_webpack_opened.png
  vscode-icon-20230330.2206/icons/23/folder_type_www.png
  vscode-icon-20230330.2206/icons/23/folder_type_www_opened.png
  vscode-icon-20230330.2206/vscode-icon-pkg.el
  vscode-icon-20230330.2206/vscode-icon.el
  Success:
  2024-07-22T07:00:54+0000  vscode-icon-20230330.2206.entry
  2024-07-22T07:00:54+0000  vscode-icon-20230330.2206.tar
Built vscode-icon in 10.063s, finished at 2024-07-22T07:00:57+0000
