Package: vterm
Fetcher: github
Source:  https://github.com/akermu/emacs-libvterm.git

Updating /mnt/store/melpa/working/vterm/
Checking out ae4ae1aef2fcae98a37aad83f2a6aeeaeacedd4f
Copying files (->) and directories (=>)
  from /mnt/store/melpa/working/vterm/
  to /tmp/vtermyfPjha/vterm-20240325.1551
    CMakeLists.txt -> CMakeLists.txt
    elisp.c -> elisp.c
    elisp.h -> elisp.h
    emacs-module.h -> emacs-module.h
    etc => etc
    utf8.c -> utf8.c
    utf8.h -> utf8.h
    vterm.el -> vterm.el
    vterm-module.c -> vterm-module.c
    vterm-module.h -> vterm-module.h
Created vterm-20240325.1551.tar containing:
  vterm-20240325.1551/
  vterm-20240325.1551/CMakeLists.txt
  vterm-20240325.1551/elisp.c
  vterm-20240325.1551/elisp.h
  vterm-20240325.1551/emacs-module.h
  vterm-20240325.1551/etc/
  vterm-20240325.1551/etc/emacs-vterm-bash.sh
  vterm-20240325.1551/etc/emacs-vterm-zsh.sh
  vterm-20240325.1551/etc/emacs-vterm.fish
  vterm-20240325.1551/utf8.c
  vterm-20240325.1551/utf8.h
  vterm-20240325.1551/vterm-module.c
  vterm-20240325.1551/vterm-module.h
  vterm-20240325.1551/vterm-pkg.el
  vterm-20240325.1551/vterm.el
 ✓ Success:
  2024-03-31T00:02:28+0000  vterm-20240325.1551.entry
  2024-03-31T00:02:28+0000  vterm-20240325.1551.tar
Built vterm in 4.219s, finished at 2024-03-31T00:02:30+0000
