Package: vulpea
Fetcher: github
Source:  https://github.com/d12frosted/vulpea.git

Updating /mnt/store/melpa/working/vulpea/
Checking out c9eadce7fc85eb170d6319088d021a07f1218521
Copying files (->) and directories (=>)
  from /mnt/store/melpa/working/vulpea/
  to /tmp/vulpeafkqAWQ/vulpea-20240712.1635
    vulpea-buffer.el -> vulpea-buffer.el
    vulpea-db.el -> vulpea-db.el
    vulpea-meta.el -> vulpea-meta.el
    vulpea-note.el -> vulpea-note.el
    vulpea-select.el -> vulpea-select.el
    vulpea-utils.el -> vulpea-utils.el
    vulpea.el -> vulpea.el
Created vulpea-20240712.1635.tar containing:
  vulpea-20240712.1635/
  vulpea-20240712.1635/vulpea-buffer.el
  vulpea-20240712.1635/vulpea-db.el
  vulpea-20240712.1635/vulpea-meta.el
  vulpea-20240712.1635/vulpea-note.el
  vulpea-20240712.1635/vulpea-pkg.el
  vulpea-20240712.1635/vulpea-select.el
  vulpea-20240712.1635/vulpea-utils.el
  vulpea-20240712.1635/vulpea.el
 ✓ Success:
  2024-07-15T23:11:35+0000  vulpea-20240712.1635.entry
  2024-07-15T23:11:35+0000  vulpea-20240712.1635.tar
Built vulpea in 3.449s, finished at 2024-07-15T23:11:37+0000
