Package: weather-metno
Fetcher: github
Source:  https://github.com/ruediger/weather-metno-el

Updating /mnt/store/melpa/working/weather-metno/
Checking out 58b3aa479d85b4b38eb233ac2fbac40faf906f4c
Copying files (->) and directories (=>)
  from /mnt/store/melpa/working/weather-metno/
  to /tmp/weather-metnoumBj2B/weather-metno-20230129.1540
    org-weather-metno.el -> org-weather-metno.el
    weather-metno-mode-line.el -> weather-metno-mode-line.el
    weather-metno-query.el -> weather-metno-query.el
    weather-metno.el -> weather-metno.el
Created weather-metno-20230129.1540.tar containing:
  weather-metno-20230129.1540/
  weather-metno-20230129.1540/org-weather-metno.el
  weather-metno-20230129.1540/weather-metno-mode-line.el
  weather-metno-20230129.1540/weather-metno-pkg.el
  weather-metno-20230129.1540/weather-metno-query.el
  weather-metno-20230129.1540/weather-metno.el
 ✓ Success:
  2025-02-27T23:24:40+0000  weather-metno-20230129.1540.entry
  2025-02-27T23:24:40+0000  weather-metno-20230129.1540.tar
Built weather-metno in 3.653s, finished at 2025-02-27T23:24:41+0000
