Package: web-search
Fetcher: github
Source:  https://github.com/xuchunyang/web-search.el

Updating /mnt/store/melpa/working/web-search/
Checking out a22cbdc663a1895d5a5b69de91e1e3b9eb64b92f
Copying files (->) and directories (=>)
  from /mnt/store/melpa/working/web-search/
  to /tmp/web-searchJ78u39/web-search-20190620.602
    web-search.el -> web-search.el
    web-search -> web-search
    web-search-completion.bash -> web-search-completion.bash
Created web-search-20190620.602.tar containing:
  web-search-20190620.602/
  web-search-20190620.602/web-search
  web-search-20190620.602/web-search-completion.bash
  web-search-20190620.602/web-search-pkg.el
  web-search-20190620.602/web-search.el
 ✓ Success:
  2025-02-14T22:53:49+0000  web-search-20190620.602.entry
  2025-02-14T22:53:49+0000  web-search-20190620.602.tar
Built web-search in 2.826s, finished at 2025-02-14T22:53:50+0000
