 • Building package web-mode-edit-element (from github:jtkDvlp/web-mode-edit-element)...
Updating /mnt/store/melpa/working/web-mode-edit-element/
Checking out ad5d7e4dc2420bdd00ce65d9adffbd38a5904afa
Copying files (->) and directories (=>)
  from /mnt/store/melpa/working/web-mode-edit-element/
  to /tmp/web-mode-edit-elementJjY1xE/web-mode-edit-element-20190531.852
    web-mode-edit-element-attributes.el -> web-mode-edit-element-attributes.el
    web-mode-edit-element-elements.el -> web-mode-edit-element-elements.el
    web-mode-edit-element-utils.el -> web-mode-edit-element-utils.el
    web-mode-edit-element.el -> web-mode-edit-element.el
Created web-mode-edit-element-20190531.852.tar containing:
  web-mode-edit-element-20190531.852/
  web-mode-edit-element-20190531.852/web-mode-edit-element-attributes.el
  web-mode-edit-element-20190531.852/web-mode-edit-element-elements.el
  web-mode-edit-element-20190531.852/web-mode-edit-element-pkg.el
  web-mode-edit-element-20190531.852/web-mode-edit-element-utils.el
  web-mode-edit-element-20190531.852/web-mode-edit-element.el
 ✓ Success:
  2025-12-22T00:26:23+0000  web-mode-edit-element-20190531.852.entry
  2025-12-22T00:26:23+0000  web-mode-edit-element-20190531.852.tar
Built web-mode-edit-element in 2.968s, finished at 2025-12-22T00:26:24+0000
