Package: websearch
Fetcher: gitlab
Source:  https://gitlab.com/xgqt/emacs-websearch.git

Updating /mnt/store/melpa/working/websearch/
Checking out 5120cec3c36ddcdaceb5235c0b52eecbc3b37fcb
Copying files (->) and directories (=>)
  from /mnt/store/melpa/working/websearch/
  to /tmp/websearchN7WqCA/websearch-20230705.1639
    websearch-custom.el -> websearch-custom.el
    websearch-mode.el -> websearch-mode.el
    websearch.el -> websearch.el
Created websearch-20230705.1639.tar containing:
  websearch-20230705.1639/
  websearch-20230705.1639/websearch-custom.el
  websearch-20230705.1639/websearch-mode.el
  websearch-20230705.1639/websearch-pkg.el
  websearch-20230705.1639/websearch.el
 ✓ Success:
  2024-02-08T08:04:02+0000  websearch-20230705.1639.entry
  2024-02-08T08:04:02+0000  websearch-20230705.1639.tar
Built websearch in 3.278s, finished at 2024-02-08T08:04:03+0000
