Package: with-editor
Fetcher: github
Source:  https://github.com/magit/with-editor

Updating /mnt/store/melpa/working/with-editor/
Checking out 77cb2403158cfea9d8bfb8adad81b84d1d6d7c6a
Copying files (->) and directories (=>)
  from /mnt/store/melpa/working/with-editor/
  to /tmp/with-editorwa9anc/with-editor-20240831.2230
  ! lisp/with-editor.el -> with-editor.el
  ! docs/with-editor.texi -> with-editor.texi
Generating with-editor.info
Created with-editor-20240831.2230.tar containing:
  with-editor-20240831.2230/
  with-editor-20240831.2230/dir
  with-editor-20240831.2230/with-editor-pkg.el
  with-editor-20240831.2230/with-editor.el
  with-editor-20240831.2230/with-editor.info
 ✓ Success:
  2024-10-20T23:14:01+0000  with-editor-20240831.2230.entry
  2024-10-20T23:14:01+0000  with-editor-20240831.2230.tar
Built with-editor in 6.512s, finished at 2024-10-20T23:14:02+0000
