Package: wordnut
Fetcher: github
Source:  https://github.com/gromnitsky/wordnut

Updating /mnt/store/melpa/working/wordnut/
Checking out feac531404041855312c1a046bde7ea18c674915
Copying files (->) and directories (=>)
  from /mnt/store/melpa/working/wordnut/
  to /tmp/wordnutDzc1VZ/wordnut-20180313.443
    wordnut-history.el -> wordnut-history.el
    wordnut-pkg.el -> wordnut-pkg.el
    wordnut-u.el -> wordnut-u.el
    wordnut.el -> wordnut.el
Created wordnut-20180313.443.tar containing:
  wordnut-20180313.443/
  wordnut-20180313.443/wordnut-history.el
  wordnut-20180313.443/wordnut-pkg.el
  wordnut-20180313.443/wordnut-u.el
  wordnut-20180313.443/wordnut.el
 ✓ Success:
  2024-11-27T23:49:45+0000  wordnut-20180313.443.entry
  2024-11-27T23:49:45+0000  wordnut-20180313.443.tar
Built wordnut in 2.638s, finished at 2024-11-27T23:49:46+0000
