Package: wordel
Fetcher: github
Source:  https://github.com/progfolio/wordel.git

Updating /mnt/store/melpa/working/wordel/
Checking out 38a05283c014812c0a54207aa6146f163c707fa5
Copying files (->) and directories (=>)
  from /mnt/store/melpa/working/wordel/
  to /tmp/wordel26mIeq/wordel-20240104.603
    wordel.el -> wordel.el
    words => words
Created wordel-20240104.603.tar containing:
  wordel-20240104.603/
  wordel-20240104.603/wordel-pkg.el
  wordel-20240104.603/wordel.el
  wordel-20240104.603/words/
  wordel-20240104.603/words/scrabble
  wordel-20240104.603/words/wordle
 ✓ Success:
  2024-01-05T00:12:30+0000  wordel-20240104.603.entry
  2024-01-05T00:12:30+0000  wordel-20240104.603.tar
Built wordel in 3.961s, finished at 2024-01-05T00:12:32+0000
