Package: workgroups2
Fetcher: github
Source:  https://github.com/pashinin/workgroups2.git

Updating /mnt/store/melpa/working/workgroups2/
Checking out aff9d76b7be5eed33f30be2fabf111818749cbd5
Copying files (->) and directories (=>)
  from /mnt/store/melpa/working/workgroups2/
  to /tmp/workgroups2st0FrR/workgroups2-20230328.1331
  ! src/workgroups2-sdk.el -> workgroups2-sdk.el
  ! src/workgroups2-support.el -> workgroups2-support.el
  ! src/workgroups2.el -> workgroups2.el
Created workgroups2-20230328.1331.tar containing:
  workgroups2-20230328.1331/
  workgroups2-20230328.1331/workgroups2-pkg.el
  workgroups2-20230328.1331/workgroups2-sdk.el
  workgroups2-20230328.1331/workgroups2-support.el
  workgroups2-20230328.1331/workgroups2.el
 ✓ Success:
  2024-08-02T00:47:44+0000  workgroups2-20230328.1331.entry
  2024-08-02T00:47:44+0000  workgroups2-20230328.1331.tar
Built workgroups2 in 3.132s, finished at 2024-08-02T00:47:45+0000
