Package: workroom
Fetcher: codeberg
Source:  https://codeberg.org/akib/emacs-workroom.git

Updating /mnt/store/melpa/working/workroom/
Checking out cb8654191b23c9b02a79660c3d8c969709c6fcbe
Copying files (->) and directories (=>)
  from /mnt/store/melpa/working/workroom/
  to /tmp/workroomZObbca/workroom-20230926.1631
    workroom.el -> workroom.el
    fdl.texi -> fdl.texi
    gpl.texi -> gpl.texi
    workroom.texi -> workroom.texi
Generating /tmp/workroomZObbca/workroom-20230926.1631/fdl.info
Generating /tmp/workroomZObbca/workroom-20230926.1631/gpl.info
Generating /tmp/workroomZObbca/workroom-20230926.1631/workroom.info
Created workroom-20230926.1631.tar containing:
  workroom-20230926.1631/
  workroom-20230926.1631/dir
  workroom-20230926.1631/fdl.info
  workroom-20230926.1631/gpl.info
  workroom-20230926.1631/workroom-pkg.el
  workroom-20230926.1631/workroom.el
  workroom-20230926.1631/workroom.info
 ✓ Success:
  2024-01-01T07:16:34+0000  workroom-20230926.1631.entry
  2024-01-01T07:16:34+0000  workroom-20230926.1631.tar
Built workroom in 11.295s, finished at 2024-01-01T07:16:35+0000
