Package: wsd-mode
Fetcher: github
Source:  https://github.com/josteink/wsd-mode

Updating /mnt/store/melpa/working/wsd-mode/
Checking out 44aac55afb57cb540559aa1015f9ad2d770dd5c8
Copying files (->) and directories (=>)
  from /mnt/store/melpa/working/wsd-mode/
  to /tmp/wsd-modejhAj0L/wsd-mode-20191031.1211
    company-wsdmode.el -> company-wsdmode.el
    ob-wsdmode.el -> ob-wsdmode.el
    wsd-core.el -> wsd-core.el
    wsd-flycheck.el -> wsd-flycheck.el
    wsd-mode.el -> wsd-mode.el
Created wsd-mode-20191031.1211.tar containing:
  wsd-mode-20191031.1211/
  wsd-mode-20191031.1211/company-wsdmode.el
  wsd-mode-20191031.1211/ob-wsdmode.el
  wsd-mode-20191031.1211/wsd-core.el
  wsd-mode-20191031.1211/wsd-flycheck.el
  wsd-mode-20191031.1211/wsd-mode-pkg.el
  wsd-mode-20191031.1211/wsd-mode.el
 ✓ Success:
  2025-01-20T23:19:46+0000  wsd-mode-20191031.1211.entry
  2025-01-20T23:19:45+0000  wsd-mode-20191031.1211.tar
Built wsd-mode in 6.844s, finished at 2025-01-20T23:19:47+0000
