Package: wucuo
Fetcher: github
Source:  https://github.com/redguardtoo/wucuo

Updating /mnt/store/melpa/working/wucuo/
Checking out 351997d1cfa02375ce8efd3414802a3507a73b76
Copying files (->) and directories (=>)
  from /mnt/store/melpa/working/wucuo/
  to /tmp/wucuo54RIYa/wucuo-20240929.610
    wucuo-flyspell-html-verify.el -> wucuo-flyspell-html-verify.el
    wucuo-flyspell-org-verify.el -> wucuo-flyspell-org-verify.el
    wucuo-sdk.el -> wucuo-sdk.el
    wucuo.el -> wucuo.el
Created wucuo-20240929.610.tar containing:
  wucuo-20240929.610/
  wucuo-20240929.610/wucuo-flyspell-html-verify.el
  wucuo-20240929.610/wucuo-flyspell-org-verify.el
  wucuo-20240929.610/wucuo-pkg.el
  wucuo-20240929.610/wucuo-sdk.el
  wucuo-20240929.610/wucuo.el
 ✓ Success:
  2024-12-05T23:51:29+0000  wucuo-20240929.610.entry
  2024-12-05T23:51:29+0000  wucuo-20240929.610.tar
Built wucuo in 2.392s, finished at 2024-12-05T23:51:30+0000
