Package: x509-mode
Fetcher: github
Source:  https://github.com/jobbflykt/x509-mode

Updating /mnt/store/melpa/working/x509-mode/
Checking out fe2ebffaf4f1d876108df5c386ae55e0154eed02
Copying files (->) and directories (=>)
  from /mnt/store/melpa/working/x509-mode/
  to /tmp/x509-modeUXwsfh/x509-mode-20250225.632
    x509-mode.el -> x509-mode.el
    constants.txt -> constants.txt
    keyword+constant.txt -> keyword+constant.txt
    keywords.txt -> keywords.txt
    long-name.txt -> long-name.txt
Created x509-mode-20250225.632.tar containing:
  x509-mode-20250225.632/
  x509-mode-20250225.632/constants.txt
  x509-mode-20250225.632/keyword+constant.txt
  x509-mode-20250225.632/keywords.txt
  x509-mode-20250225.632/long-name.txt
  x509-mode-20250225.632/x509-mode-pkg.el
  x509-mode-20250225.632/x509-mode.el
 ✓ Success:
  2025-03-13T23:35:43+0000  x509-mode-20250225.632.entry
  2025-03-13T23:35:43+0000  x509-mode-20250225.632.tar
Built x509-mode in 3.195s, finished at 2025-03-13T23:35:44+0000
