Package: xmlunicode
Fetcher: github
Source:  https://github.com/ndw/xmlunicode.git

Updating /mnt/store/melpa/working/xmlunicode/
Checking out 5f1c3e48b90588eb56cec67d3efc869a4e95b03a
Copying files (->) and directories (=>)
  from /mnt/store/melpa/working/xmlunicode/
  to /tmp/xmlunicodetWdMyT/xmlunicode-20230820.814
    xmlunicode-character-list.el -> xmlunicode-character-list.el
    xmlunicode-helm.el -> xmlunicode-helm.el
    xmlunicode.el -> xmlunicode.el
Created xmlunicode-20230820.814.tar containing:
  xmlunicode-20230820.814/
  xmlunicode-20230820.814/xmlunicode-character-list.el
  xmlunicode-20230820.814/xmlunicode-helm.el
  xmlunicode-20230820.814/xmlunicode-pkg.el
  xmlunicode-20230820.814/xmlunicode.el
 ✓ Success:
  2024-09-09T00:48:04+0000  xmlunicode-20230820.814.entry
  2024-09-09T00:48:04+0000  xmlunicode-20230820.814.tar
Built xmlunicode in 2.897s, finished at 2024-09-09T00:48:05+0000
