Package: yeetube
Fetcher: git
Source:  https://git.thanosapollo.org/yeetube

Updating /mnt/store/melpa/working/yeetube/
Checking out 577426de56487fc73460a4bdd6016da35569d5d5
Copying files (->) and directories (=>)
  from /mnt/store/melpa/working/yeetube/
  to /tmp/yeetubegkrF9h/yeetube-20231122.1328
    yeetube-buffer.el -> yeetube-buffer.el
    yeetube-mpv.el -> yeetube-mpv.el
    yeetube.el -> yeetube.el
Created yeetube-20231122.1328.tar containing:
  yeetube-20231122.1328/
  yeetube-20231122.1328/yeetube-buffer.el
  yeetube-20231122.1328/yeetube-mpv.el
  yeetube-20231122.1328/yeetube-pkg.el
  yeetube-20231122.1328/yeetube.el
 ✓ Success:
  2023-12-25T11:13:37+0000  yeetube-20231122.1328.entry
  2023-12-25T11:13:36+0000  yeetube-20231122.1328.tar
Built yeetube in 3.845s, finished at 2023-12-25T11:13:38+0000
