Package: zmq
Fetcher: github
Source:  https://github.com/nnicandro/emacs-zmq.git

Updating /mnt/store/melpa/working/zmq/
Checking out 37d42dc37506234aa4b35bec6c98500e6f648363
Copying files (->) and directories (=>)
  from /mnt/store/melpa/working/zmq/
  to /tmp/zmqSSAdyh/zmq-20240715.2122
    zmq.el -> zmq.el
    Makefile -> Makefile
    src => src
Created zmq-20240715.2122.tar containing:
  zmq-20240715.2122/
  zmq-20240715.2122/Makefile
  zmq-20240715.2122/src/
  zmq-20240715.2122/src/Makefile.am
  zmq-20240715.2122/src/configure.ac
  zmq-20240715.2122/src/constants.c
  zmq-20240715.2122/src/context.c
  zmq-20240715.2122/src/context.h
  zmq-20240715.2122/src/core.c
  zmq-20240715.2122/src/core.h
  zmq-20240715.2122/src/emacs-module.h
  zmq-20240715.2122/src/emacs-zmq.c
  zmq-20240715.2122/src/emacs-zmq.h
  zmq-20240715.2122/src/msg.c
  zmq-20240715.2122/src/msg.h
  zmq-20240715.2122/src/poll.c
  zmq-20240715.2122/src/poll.h
  zmq-20240715.2122/src/socket.c
  zmq-20240715.2122/src/socket.h
  zmq-20240715.2122/src/util.c
  zmq-20240715.2122/src/util.h
  zmq-20240715.2122/zmq-pkg.el
  zmq-20240715.2122/zmq.el
 ✓ Success:
  2024-07-15T20:56:27+0000  zmq-20230608.1856.entry
  2024-07-15T20:56:27+0000  zmq-20230608.1856.tar
  2024-07-15T23:15:14+0000  zmq-20240715.2122.entry
  2024-07-15T23:15:14+0000  zmq-20240715.2122.tar
Built zmq in 4.545s, finished at 2024-07-15T23:15:15+0000
