Package: zprint-mode
Fetcher: github
Source:  https://github.com/pesterhazy/zprint-mode.el.git

Updating /mnt/store/melpa/working/zprint-mode/
Checking out cd7ae7400177b3c233a77c2a46de818c72375362
Copying files (->) and directories (=>)
  from /mnt/store/melpa/working/zprint-mode/
  to /tmp/zprint-modeWtZ3iP/zprint-mode-20240311.941
    zprint-mode.el -> zprint-mode.el
    bin => bin
Created zprint-mode-20240311.941.tar containing:
  zprint-mode-20240311.941/
  zprint-mode-20240311.941/bin/
  zprint-mode-20240311.941/bin/wrap-zprint
  zprint-mode-20240311.941/zprint-mode-pkg.el
  zprint-mode-20240311.941/zprint-mode.el
 ✓ Success:
  2024-04-13T23:18:16+0000  zprint-mode-20240311.941.entry
  2024-04-13T23:18:16+0000  zprint-mode-20240311.941.tar
Built zprint-mode in 3.239s, finished at 2024-04-13T23:18:17+0000
