Package: @
Fetcher: github
Source:  https://github.com/skeeto/at-el.git

Updating /mnt/store/melpa/working/@/
Checking out a6ba21d9eb9b311b441312057430d10e5c7bc661
Copying files (->) and directories (=>)
  from /mnt/store/melpa/working/@/
  to /tmp/@qUFGmh/@-20240121.1413
    @-mixins.el -> @-mixins.el
    @.el -> @.el
Created @-20240121.1413.tar containing:
  @-20240121.1413/
  @-20240121.1413/@-mixins.el
  @-20240121.1413/@-pkg.el
  @-20240121.1413/@.el
 ✓ Success:
  2024-01-21T13:31:53+0000  @-20231231.1528.entry
  2024-01-21T13:31:53+0000  @-20231231.1528.tar
  2024-01-21T15:26:21+0000  @-20240121.1413.entry
  2024-01-21T15:26:20+0000  @-20240121.1413.tar
Built @ in 3.461s, finished at 2024-01-21T15:26:22+0000
