Package: abs-mode
Fetcher: github
Source:  https://github.com/abstools/abs-mode.git

Updating /mnt/store/melpa/working/abs-mode/
Checking out 0132032d9317861e63bea865746124accab9db83
Copying files (->) and directories (=>)
  from /mnt/store/melpa/working/abs-mode/
  to /tmp/abs-modexoUc4M/abs-mode-20240628.935
    abs-mode.el -> abs-mode.el
    snippets => snippets
Created abs-mode-20240628.935.tar containing:
  abs-mode-20240628.935/
  abs-mode-20240628.935/abs-mode-pkg.el
  abs-mode-20240628.935/abs-mode.el
  abs-mode-20240628.935/snippets/
  abs-mode-20240628.935/snippets/abs-mode/
  abs-mode-20240628.935/snippets/abs-mode/case
  abs-mode-20240628.935/snippets/abs-mode/class
  abs-mode-20240628.935/snippets/abs-mode/data
  abs-mode-20240628.935/snippets/abs-mode/def
  abs-mode-20240628.935/snippets/abs-mode/exception
  abs-mode-20240628.935/snippets/abs-mode/foreach
  abs-mode-20240628.935/snippets/abs-mode/interface
  abs-mode-20240628.935/snippets/abs-mode/let
  abs-mode-20240628.935/snippets/abs-mode/module
  abs-mode-20240628.935/snippets/abs-mode/recover
  abs-mode-20240628.935/snippets/abs-mode/switch
  abs-mode-20240628.935/snippets/abs-mode/try
  abs-mode-20240628.935/snippets/abs-mode/type
  abs-mode-20240628.935/snippets/abs-mode/while
 ✓ Success:
  2024-07-01T04:30:39+0000  abs-mode-20240628.935.entry
  2024-07-01T04:30:39+0000  abs-mode-20240628.935.tar
Built abs-mode in 3.668s, finished at 2024-07-01T04:30:41+0000
