Package: alect-themes
Fetcher: github
Source:  https://github.com/alezost/alect-themes

Updating /mnt/store/melpa/working/alect-themes/
Checking out 89560047934c236d05ea6b911c0c63702a8e06f3
Copying files (->) and directories (=>)
  from /mnt/store/melpa/working/alect-themes/
  to /tmp/alect-themesoPCv1J/alect-themes-20211022.1651
    alect-black-alt-theme.el -> alect-black-alt-theme.el
    alect-black-theme.el -> alect-black-theme.el
    alect-dark-alt-theme.el -> alect-dark-alt-theme.el
    alect-dark-theme.el -> alect-dark-theme.el
    alect-light-alt-theme.el -> alect-light-alt-theme.el
    alect-light-theme.el -> alect-light-theme.el
    alect-themes.el -> alect-themes.el
Created alect-themes-20211022.1651.tar containing:
  alect-themes-20211022.1651/
  alect-themes-20211022.1651/alect-black-alt-theme.el
  alect-themes-20211022.1651/alect-black-theme.el
  alect-themes-20211022.1651/alect-dark-alt-theme.el
  alect-themes-20211022.1651/alect-dark-theme.el
  alect-themes-20211022.1651/alect-light-alt-theme.el
  alect-themes-20211022.1651/alect-light-theme.el
  alect-themes-20211022.1651/alect-themes-pkg.el
  alect-themes-20211022.1651/alect-themes.el
 ✓ Success:
  2025-03-09T22:33:07+0000  alect-themes-20211022.1651.entry
  2025-03-09T22:33:07+0000  alect-themes-20211022.1651.tar
Built alect-themes in 3.485s, finished at 2025-03-09T22:33:08+0000
