Package: all-the-icons
Fetcher: github
Source:  https://github.com/domtronn/all-the-icons.el

Updating /mnt/store/melpa/working/all-the-icons/
Checking out 39ef44f810c34e8900978788467cc675870bcd19
Copying files (->) and directories (=>)
  from /mnt/store/melpa/working/all-the-icons/
  to /tmp/all-the-icons7z6X6G/all-the-icons-20240623.1800
    all-the-icons-faces.el -> all-the-icons-faces.el
    all-the-icons.el -> all-the-icons.el
    data => data
Created all-the-icons-20240623.1800.tar containing:
  all-the-icons-20240623.1800/
  all-the-icons-20240623.1800/all-the-icons-faces.el
  all-the-icons-20240623.1800/all-the-icons-pkg.el
  all-the-icons-20240623.1800/all-the-icons.el
  all-the-icons-20240623.1800/data/
  all-the-icons-20240623.1800/data/data-alltheicons.el
  all-the-icons-20240623.1800/data/data-faicons.el
  all-the-icons-20240623.1800/data/data-fileicons.el
  all-the-icons-20240623.1800/data/data-material.el
  all-the-icons-20240623.1800/data/data-octicons.el
  all-the-icons-20240623.1800/data/data-weathericons.el
 ✓ Success:
  2024-11-24T23:31:40+0000  all-the-icons-20240623.1800.entry
  2024-11-24T23:31:40+0000  all-the-icons-20240623.1800.tar
Built all-the-icons in 2.716s, finished at 2024-11-24T23:31:41+0000
