Package: annalist
Fetcher: github
Source:  https://github.com/noctuid/annalist.el.git

Updating /mnt/store/melpa/working/annalist/
Checking out e1ef5dad75fa502d761f70d9ddf1aeb1c423f41d
Copying files (->) and directories (=>)
  from /mnt/store/melpa/working/annalist/
  to /tmp/annalistnQSCM2/annalist-20240501.1201
    annalist.el -> annalist.el
    annalist.texi -> annalist.texi
Generating /tmp/annalistnQSCM2/annalist-20240501.1201/annalist.info
Created annalist-20240501.1201.tar containing:
  annalist-20240501.1201/
  annalist-20240501.1201/annalist-pkg.el
  annalist-20240501.1201/annalist.el
  annalist-20240501.1201/annalist.info
  annalist-20240501.1201/dir
 ✓ Success:
  2024-08-13T23:47:17+0000  annalist-20240501.1201.entry
  2024-08-13T23:47:17+0000  annalist-20240501.1201.tar
Built annalist in 5.458s, finished at 2024-08-13T23:47:18+0000
