 • Building package apheleia (from github:radian-software/apheleia)...
Updating /mnt/store/melpa/working/apheleia/
Checking out 35ebd1b65291483fded1cb939cccfe28c9116782
Copying files (->) and directories (=>)
  from /mnt/store/melpa/working/apheleia/
  to /tmp/apheleiad9wKRB/apheleia-20251201.2348
    apheleia-dp.el -> apheleia-dp.el
    apheleia-formatter-context.el -> apheleia-formatter-context.el
    apheleia-formatters.el -> apheleia-formatters.el
    apheleia-log.el -> apheleia-log.el
    apheleia-rcs.el -> apheleia-rcs.el
    apheleia-utils.el -> apheleia-utils.el
    apheleia.el -> apheleia.el
    scripts/formatters => scripts/formatters
Created apheleia-20251201.2348.tar containing:
  apheleia-20251201.2348/
  apheleia-20251201.2348/apheleia-dp.el
  apheleia-20251201.2348/apheleia-formatter-context.el
  apheleia-20251201.2348/apheleia-formatters.el
  apheleia-20251201.2348/apheleia-log.el
  apheleia-20251201.2348/apheleia-pkg.el
  apheleia-20251201.2348/apheleia-rcs.el
  apheleia-20251201.2348/apheleia-utils.el
  apheleia-20251201.2348/apheleia.el
  apheleia-20251201.2348/scripts/
  apheleia-20251201.2348/scripts/formatters/
  apheleia-20251201.2348/scripts/formatters/apheleia-docformatter
  apheleia-20251201.2348/scripts/formatters/apheleia-from-project-root
  apheleia-20251201.2348/scripts/formatters/apheleia-mix-format
  apheleia-20251201.2348/scripts/formatters/apheleia-npx
  apheleia-20251201.2348/scripts/formatters/apheleia-phpcs
  apheleia-20251201.2348/scripts/formatters/pnp-bin.js
 ✓ Success:
  2025-12-08T02:02:40+0000  apheleia-20251201.2348.entry
  2025-12-08T02:02:40+0000  apheleia-20251201.2348.tar
Built apheleia in 3.245s, finished at 2025-12-08T02:02:41+0000
