Package: app-monochrome-themes
Fetcher: github
Source:  https://github.com/Greybeard-Entertainment/app-monochrome.git

Updating /mnt/store/melpa/working/app-monochrome-themes/
Checking out 9324ec430a5154853c1da711e1c9738d61f1135a
Copying files (->) and directories (=>)
  from /mnt/store/melpa/working/app-monochrome-themes/
  to /tmp/app-monochrome-themesO2f0y0/app-monochrome-themes-20240406.36
    app-monochrome-themes-dark-theme-theme.el -> app-monochrome-themes-dark-theme-theme.el
    app-monochrome-themes-light-theme-theme.el -> app-monochrome-themes-light-theme-theme.el
    app-monochrome-themes.el -> app-monochrome-themes.el
Created app-monochrome-themes-20240406.36.tar containing:
  app-monochrome-themes-20240406.36/
  app-monochrome-themes-20240406.36/app-monochrome-themes-dark-theme-theme.el
  app-monochrome-themes-20240406.36/app-monochrome-themes-light-theme-theme.el
  app-monochrome-themes-20240406.36/app-monochrome-themes-pkg.el
  app-monochrome-themes-20240406.36/app-monochrome-themes.el
 ✓ Success:
  2024-05-10T23:09:28+0000  app-monochrome-themes-20240406.36.entry
  2024-05-10T23:09:28+0000  app-monochrome-themes-20240406.36.tar
Built app-monochrome-themes in 6.932s, finished at 2024-05-10T23:09:32+0000
