Package: archive-rpm
Fetcher: github
Source:  https://github.com/nbarrientos/archive-rpm.git

Updating /mnt/store/melpa/working/archive-rpm/
Checking out cb48fee04cb0cbb26f760a3b95649f7dac78c6ec
Copying files (->) and directories (=>)
  from /mnt/store/melpa/working/archive-rpm/
  to /tmp/archive-rpmI8xklV/archive-rpm-20220527.632
    archive-cpio.el -> archive-cpio.el
    archive-rpm-pkg.el -> archive-rpm-pkg.el
    archive-rpm.el -> archive-rpm.el
Created archive-rpm-20220527.632.tar containing:
  archive-rpm-20220527.632/
  archive-rpm-20220527.632/archive-cpio.el
  archive-rpm-20220527.632/archive-rpm-pkg.el
  archive-rpm-20220527.632/archive-rpm.el
 ✓ Success:
  2024-06-17T00:20:35+0000  archive-rpm-20220527.632.entry
  2024-06-17T00:20:35+0000  archive-rpm-20220527.632.tar
Built archive-rpm in 5.278s, finished at 2024-06-17T00:20:38+0000
