Package: arduino-mode
Fetcher: git
Source:  https://repo.or.cz/arduino-mode.git

Updating /mnt/store/melpa/working/arduino-mode/
Checking out b2ffd8441851659cb1cc844156073967729585e5
Copying files (->) and directories (=>)
  from /mnt/store/melpa/working/arduino-mode/
  to /tmp/arduino-modeGNcBlK/arduino-mode-20240527.1603
    arduino-mode-init.el -> arduino-mode-init.el
    arduino-mode.el -> arduino-mode.el
    ede-arduino.el -> ede-arduino.el
    flycheck-arduino.el -> flycheck-arduino.el
    ob-arduino.el -> ob-arduino.el
Created arduino-mode-20240527.1603.tar containing:
  arduino-mode-20240527.1603/
  arduino-mode-20240527.1603/arduino-mode-init.el
  arduino-mode-20240527.1603/arduino-mode-pkg.el
  arduino-mode-20240527.1603/arduino-mode.el
  arduino-mode-20240527.1603/ede-arduino.el
  arduino-mode-20240527.1603/flycheck-arduino.el
  arduino-mode-20240527.1603/ob-arduino.el
 ✓ Success:
  2024-12-01T00:05:14+0000  arduino-mode-20240527.1603.entry
  2024-12-01T00:05:14+0000  arduino-mode-20240527.1603.tar
Built arduino-mode in 3.257s, finished at 2024-12-01T00:05:15+0000
