Package: async
Fetcher: github
Source:  https://github.com/jwiegley/emacs-async.git

Updating /mnt/store/melpa/working/async/
Checking out f365589f298146426d46afc752074c4eb9243732
Copying files (->) and directories (=>)
  from /mnt/store/melpa/working/async/
  to /tmp/asyncdMMQXR/async-20240628.1524
    async-bytecomp.el -> async-bytecomp.el
    async.el -> async.el
    dired-async.el -> dired-async.el
    smtpmail-async.el -> smtpmail-async.el
Created async-20240628.1524.tar containing:
  async-20240628.1524/
  async-20240628.1524/async-bytecomp.el
  async-20240628.1524/async-pkg.el
  async-20240628.1524/async.el
  async-20240628.1524/dired-async.el
  async-20240628.1524/smtpmail-async.el
 ✓ Success:
  2024-06-28T23:41:38+0000  async-20240628.1524.entry
  2024-06-28T23:41:38+0000  async-20240628.1524.tar
Built async in 5.511s, finished at 2024-06-28T23:41:40+0000
