Package: autodisass-java-bytecode
Fetcher: github
Source:  https://github.com/gbalats/autodisass-java-bytecode.git

Updating /mnt/store/melpa/working/autodisass-java-bytecode/
Checking out 02788145f5c70e9004c4eba5acffbb584fe7de37
Copying files (->) and directories (=>)
  from /mnt/store/melpa/working/autodisass-java-bytecode/
  to /tmp/autodisass-java-bytecodeThkP5e/autodisass-java-bytecode-20230907.1729
    ad-javap-mode.el -> ad-javap-mode.el
    autodisass-java-bytecode-pkg.el -> autodisass-java-bytecode-pkg.el
    autodisass-java-bytecode.el -> autodisass-java-bytecode.el
Created autodisass-java-bytecode-20230907.1729.tar containing:
  autodisass-java-bytecode-20230907.1729/
  autodisass-java-bytecode-20230907.1729/ad-javap-mode.el
  autodisass-java-bytecode-20230907.1729/autodisass-java-bytecode-pkg.el
  autodisass-java-bytecode-20230907.1729/autodisass-java-bytecode.el
 ✓ Success:
  2024-03-27T23:34:57+0000  autodisass-java-bytecode-20230907.1729.entry
  2024-03-27T23:34:56+0000  autodisass-java-bytecode-20230907.1729.tar
Built autodisass-java-bytecode in 3.675s, finished at 2024-03-27T23:34:58+0000
