Package: auto-complete
Fetcher: github
Source:  https://github.com/auto-complete/auto-complete.git

Updating /mnt/store/melpa/working/auto-complete/
Checking out 0c2f5a7d28b70bfe30b87378d58d74798a62741d
Copying files (->) and directories (=>)
  from /mnt/store/melpa/working/auto-complete/
  to /tmp/auto-completerRuBE8/auto-complete-20240320.1734
    auto-complete-config.el -> auto-complete-config.el
    auto-complete-pkg.el -> auto-complete-pkg.el
    auto-complete.el -> auto-complete.el
    dict => dict
Created auto-complete-20240320.1734.tar containing:
  auto-complete-20240320.1734/
  auto-complete-20240320.1734/auto-complete-config.el
  auto-complete-20240320.1734/auto-complete-pkg.el
  auto-complete-20240320.1734/auto-complete.el
  auto-complete-20240320.1734/dict/
  auto-complete-20240320.1734/dict/ada-mode
  auto-complete-20240320.1734/dict/c++-mode
  auto-complete-20240320.1734/dict/c-mode
  auto-complete-20240320.1734/dict/caml-mode
  auto-complete-20240320.1734/dict/clojure-mode
  auto-complete-20240320.1734/dict/clojurescript-mode
  auto-complete-20240320.1734/dict/coq-mode
  auto-complete-20240320.1734/dict/css-mode
  auto-complete-20240320.1734/dict/erlang-mode
  auto-complete-20240320.1734/dict/ess-julia-mode
  auto-complete-20240320.1734/dict/go-mode
  auto-complete-20240320.1734/dict/haskell-mode
  auto-complete-20240320.1734/dict/java-mode
  auto-complete-20240320.1734/dict/js-mode
  auto-complete-20240320.1734/dict/julia-mode
  auto-complete-20240320.1734/dict/lua-mode
  auto-complete-20240320.1734/dict/nim-mode
  auto-complete-20240320.1734/dict/objc-mode
  auto-complete-20240320.1734/dict/octave-mode
  auto-complete-20240320.1734/dict/php-mode
  auto-complete-20240320.1734/dict/python-mode
  auto-complete-20240320.1734/dict/qml-mode
  auto-complete-20240320.1734/dict/ruby-mode
  auto-complete-20240320.1734/dict/scala-mode
  auto-complete-20240320.1734/dict/scheme-mode
  auto-complete-20240320.1734/dict/sclang-mode
  auto-complete-20240320.1734/dict/sh-mode
  auto-complete-20240320.1734/dict/swift-mode
  auto-complete-20240320.1734/dict/tcl-mode
  auto-complete-20240320.1734/dict/ts-mode
  auto-complete-20240320.1734/dict/tuareg-mode
  auto-complete-20240320.1734/dict/verilog-mode
 ✓ Success:
  2024-09-18T23:32:26+0000  auto-complete-20240320.1734.entry
  2024-09-18T23:32:26+0000  auto-complete-20240320.1734.tar
Built auto-complete in 2.771s, finished at 2024-09-18T23:32:26+0000
