Package: avandu
Fetcher: github
Source:  https://github.com/ryuslash/avandu.git

Updating /mnt/store/melpa/working/avandu/
Checking out f064cd62f878d945cc2f202cda9a1a82b39d9e22
Copying files (->) and directories (=>)
  from /mnt/store/melpa/working/avandu/
  to /tmp/avanduB4YMFo/avandu-20221106.834
    avandu.el -> avandu.el
  ! doc/avandu.texinfo -> avandu.texinfo
Generating /tmp/avanduB4YMFo/avandu-20221106.834/avandu.info
Created avandu-20221106.834.tar containing:
  avandu-20221106.834/
  avandu-20221106.834/avandu-pkg.el
  avandu-20221106.834/avandu.el
  avandu-20221106.834/avandu.info
  avandu-20221106.834/dir
 ✓ Success:
  2024-05-21T00:40:59+0000  avandu-20221106.834.entry
  2024-05-21T00:40:59+0000  avandu-20221106.834.tar
Built avandu in 12.231s, finished at 2024-05-21T00:41:03+0000
