Package: avk-emacs-themes
Fetcher: github
Source:  https://github.com/avkoval/avk-emacs-themes.git

Updating /mnt/store/melpa/working/avk-emacs-themes/
Checking out abe6fd059e0a7e8fcf2eb95b16c3dfac5620b1e7
Copying files (->) and directories (=>)
  from /mnt/store/melpa/working/avk-emacs-themes/
  to /tmp/avk-emacs-themesv64DZc/avk-emacs-themes-20230825.922
    avk-darkblue-white-theme.el -> avk-darkblue-white-theme.el
    avk-darkblue-yellow-theme.el -> avk-darkblue-yellow-theme.el
    avk-daylight-theme.el -> avk-daylight-theme.el
    avk-emacs-themes-pkg.el -> avk-emacs-themes-pkg.el
    avk-emacs-themes.el -> avk-emacs-themes.el
Created avk-emacs-themes-20230825.922.tar containing:
  avk-emacs-themes-20230825.922/
  avk-emacs-themes-20230825.922/avk-darkblue-white-theme.el
  avk-emacs-themes-20230825.922/avk-darkblue-yellow-theme.el
  avk-emacs-themes-20230825.922/avk-daylight-theme.el
  avk-emacs-themes-20230825.922/avk-emacs-themes-pkg.el
  avk-emacs-themes-20230825.922/avk-emacs-themes.el
 ✓ Success:
  2024-01-09T00:17:45+0000  avk-emacs-themes-20230825.922.entry
  2024-01-09T00:17:44+0000  avk-emacs-themes-20230825.922.tar
Built avk-emacs-themes in 3.621s, finished at 2024-01-09T00:17:46+0000
