Package: axe
Fetcher: github
Source:  https://github.com/cniles/axe.git

Updating /mnt/store/melpa/working/axe/
Checking out 5168d4f4c33861a071285df34f17fce92137d497
Copying files (->) and directories (=>)
  from /mnt/store/melpa/working/axe/
  to /tmp/axecpgkeT/axe-20230120.1915
    axe-api.el -> axe-api.el
    axe-buffer-mode.el -> axe-buffer-mode.el
    axe-lambda.el -> axe-lambda.el
    axe-logs.el -> axe-logs.el
    axe-s3.el -> axe-s3.el
    axe-util.el -> axe-util.el
    axe.el -> axe.el
Created axe-20230120.1915.tar containing:
  axe-20230120.1915/
  axe-20230120.1915/axe-api.el
  axe-20230120.1915/axe-buffer-mode.el
  axe-20230120.1915/axe-lambda.el
  axe-20230120.1915/axe-logs.el
  axe-20230120.1915/axe-pkg.el
  axe-20230120.1915/axe-s3.el
  axe-20230120.1915/axe-util.el
  axe-20230120.1915/axe.el
 ✓ Success:
  2024-01-21T15:29:35+0000  axe-20230120.1915.entry
  2024-01-21T15:29:34+0000  axe-20230120.1915.tar
Built axe in 6.050s, finished at 2024-01-21T15:29:37+0000
