Package: bbdb-vcard
Fetcher: github
Source:  https://github.com/tohojo/bbdb-vcard.git

Updating /mnt/store/melpa/working/bbdb-vcard/
Checking out 113c66115ce68316e209f51ebce56de8dded3606
Copying files (->) and directories (=>)
  from /mnt/store/melpa/working/bbdb-vcard/
  to /tmp/bbdb-vcard0i6nuL/bbdb-vcard-20210325.2208
    bbdb-vcard-vcard21.el -> bbdb-vcard-vcard21.el
    bbdb-vcard.el -> bbdb-vcard.el
    bbdb-vcard.texi -> bbdb-vcard.texi
Generating /tmp/bbdb-vcard0i6nuL/bbdb-vcard-20210325.2208/bbdb-vcard.info
Created bbdb-vcard-20210325.2208.tar containing:
  bbdb-vcard-20210325.2208/
  bbdb-vcard-20210325.2208/bbdb-vcard-pkg.el
  bbdb-vcard-20210325.2208/bbdb-vcard-vcard21.el
  bbdb-vcard-20210325.2208/bbdb-vcard.el
  bbdb-vcard-20210325.2208/bbdb-vcard.info
  bbdb-vcard-20210325.2208/dir
 ✓ Success:
  2024-04-10T00:03:08+0000  bbdb-vcard-20210325.2208.entry
  2024-04-10T00:03:07+0000  bbdb-vcard-20210325.2208.tar
Built bbdb-vcard in 6.282s, finished at 2024-04-10T00:03:09+0000
