Package: bbdb
Fetcher: git
Source:  https://git.savannah.nongnu.org/git/bbdb.git

Updating /mnt/store/melpa/working/bbdb/
Checking out 53e8ba04c47b3542db75b68f9663941daf2e6ca4
Copying files (->) and directories (=>)
  from /mnt/store/melpa/working/bbdb/
  to /tmp/bbdb54gYy9/bbdb-20231122.1326
  ! lisp/bbdb-anniv.el -> bbdb-anniv.el
  ! lisp/bbdb-com.el -> bbdb-com.el
  ! lisp/bbdb-gnus-aux.el -> bbdb-gnus-aux.el
  ! lisp/bbdb-gnus.el -> bbdb-gnus.el
  ! lisp/bbdb-ispell.el -> bbdb-ispell.el
  ! lisp/bbdb-message.el -> bbdb-message.el
  ! lisp/bbdb-mhe.el -> bbdb-mhe.el
  ! lisp/bbdb-migrate.el -> bbdb-migrate.el
  ! lisp/bbdb-mu4e.el -> bbdb-mu4e.el
  ! lisp/bbdb-mua.el -> bbdb-mua.el
  ! lisp/bbdb-notmuch.el -> bbdb-notmuch.el
  ! lisp/bbdb-pgp.el -> bbdb-pgp.el
  ! lisp/bbdb-rmail.el -> bbdb-rmail.el
  ! lisp/bbdb-sc.el -> bbdb-sc.el
  ! lisp/bbdb-snarf.el -> bbdb-snarf.el
  ! lisp/bbdb-tex.el -> bbdb-tex.el
  ! lisp/bbdb-vm-aux.el -> bbdb-vm-aux.el
  ! lisp/bbdb-vm.el -> bbdb-vm.el
  ! lisp/bbdb-wl.el -> bbdb-wl.el
  ! lisp/bbdb.el -> bbdb.el
  ! doc/bbdb.texi -> bbdb.texi
  ! doc/doclicense.texi -> doclicense.texi
  ! doc/gpl.texi -> gpl.texi
  ! lisp/bbdb-site.el.in -> bbdb-site.el
Generating /tmp/bbdb54gYy9/bbdb-20231122.1326/bbdb.info
Generating /tmp/bbdb54gYy9/bbdb-20231122.1326/doclicense.info
Generating /tmp/bbdb54gYy9/bbdb-20231122.1326/gpl.info
Created bbdb-20231122.1326.tar containing:
  bbdb-20231122.1326/
  bbdb-20231122.1326/bbdb-anniv.el
  bbdb-20231122.1326/bbdb-com.el
  bbdb-20231122.1326/bbdb-gnus-aux.el
  bbdb-20231122.1326/bbdb-gnus.el
  bbdb-20231122.1326/bbdb-ispell.el
  bbdb-20231122.1326/bbdb-message.el
  bbdb-20231122.1326/bbdb-mhe.el
  bbdb-20231122.1326/bbdb-migrate.el
  bbdb-20231122.1326/bbdb-mu4e.el
  bbdb-20231122.1326/bbdb-mua.el
  bbdb-20231122.1326/bbdb-notmuch.el
  bbdb-20231122.1326/bbdb-pgp.el
  bbdb-20231122.1326/bbdb-pkg.el
  bbdb-20231122.1326/bbdb-rmail.el
  bbdb-20231122.1326/bbdb-sc.el
  bbdb-20231122.1326/bbdb-site.el
  bbdb-20231122.1326/bbdb-snarf.el
  bbdb-20231122.1326/bbdb-tex.el
  bbdb-20231122.1326/bbdb-vm-aux.el
  bbdb-20231122.1326/bbdb-vm.el
  bbdb-20231122.1326/bbdb-wl.el
  bbdb-20231122.1326/bbdb.el
  bbdb-20231122.1326/bbdb.info
  bbdb-20231122.1326/dir
  bbdb-20231122.1326/doclicense.info
  bbdb-20231122.1326/gpl.info
 ✓ Success:
  2024-02-13T07:38:30+0000  bbdb-20231122.1326.entry
  2024-02-13T07:38:30+0000  bbdb-20231122.1326.tar
Built bbdb in 14.954s, finished at 2024-02-13T07:38:32+0000
