Package: bbyac
Fetcher: github
Source:  https://github.com/baohaojun/bbyac.git

Updating /mnt/store/melpa/working/bbyac/
Checking out 9f0de9cad13801891ffb590dc09f51ff9a7cb225
Copying files (->) and directories (=>)
  from /mnt/store/melpa/working/bbyac/
  to /tmp/bbyac5p5XCi/bbyac-20180206.1441
    bbyac.el -> bbyac.el
    c++.bbyac -> c++.bbyac
    java.bbyac -> java.bbyac
    js2.bbyac -> js2.bbyac
    lua.bbyac -> lua.bbyac
    ruby.bbyac -> ruby.bbyac
Created bbyac-20180206.1441.tar containing:
  bbyac-20180206.1441/
  bbyac-20180206.1441/bbyac-pkg.el
  bbyac-20180206.1441/bbyac.el
  bbyac-20180206.1441/c++.bbyac
  bbyac-20180206.1441/java.bbyac
  bbyac-20180206.1441/js2.bbyac
  bbyac-20180206.1441/lua.bbyac
  bbyac-20180206.1441/ruby.bbyac
 ✓ Success:
  2023-12-29T06:43:29+0000  bbyac-20180206.1441.entry
  2023-12-29T06:43:29+0000  bbyac-20180206.1441.tar
Built bbyac in 4.028s, finished at 2023-12-29T06:43:31+0000
