Package: beeminder
Fetcher: github
Source:  https://github.com/Sodaware/beeminder.el.git

Updating /mnt/store/melpa/working/beeminder/
Checking out 161d9c94c594614a01cb08219693d9e000af4f69
Copying files (->) and directories (=>)
  from /mnt/store/melpa/working/beeminder/
  to /tmp/beemindertFTs9X/beeminder-20201227.2024
    beeminder-api.el -> beeminder-api.el
    beeminder-client-faces.el -> beeminder-client-faces.el
    beeminder-client.el -> beeminder-client.el
    beeminder-org.el -> beeminder-org.el
    beeminder-settings.el -> beeminder-settings.el
    beeminder.el -> beeminder.el
Created beeminder-20201227.2024.tar containing:
  beeminder-20201227.2024/
  beeminder-20201227.2024/beeminder-api.el
  beeminder-20201227.2024/beeminder-client-faces.el
  beeminder-20201227.2024/beeminder-client.el
  beeminder-20201227.2024/beeminder-org.el
  beeminder-20201227.2024/beeminder-pkg.el
  beeminder-20201227.2024/beeminder-settings.el
  beeminder-20201227.2024/beeminder.el
 ✓ Success:
  2024-08-30T23:31:38+0000  beeminder-20201227.2024.entry
  2024-08-30T23:31:38+0000  beeminder-20201227.2024.tar
Built beeminder in 2.577s, finished at 2024-08-30T23:31:39+0000
