 • Building package biome (from github:SqrtMinusOne/biome)...
Updating /mnt/store/melpa/working/biome/
Checking out b26c0a6ec533ba5c3524721af224708de9362979
Copying files (->) and directories (=>)
  from /mnt/store/melpa/working/biome/
  to /tmp/biome95dD4H/biome-20250623.1954
    biome-api-data.el -> biome-api-data.el
    biome-api-parse.el -> biome-api-parse.el
    biome-api.el -> biome-api.el
    biome-grid.el -> biome-grid.el
    biome-multi.el -> biome-multi.el
    biome-query.el -> biome-query.el
    biome.el -> biome.el
Created biome-20250623.1954.tar containing:
  biome-20250623.1954/
  biome-20250623.1954/biome-api-data.el
  biome-20250623.1954/biome-api-parse.el
  biome-20250623.1954/biome-api.el
  biome-20250623.1954/biome-grid.el
  biome-20250623.1954/biome-multi.el
  biome-20250623.1954/biome-pkg.el
  biome-20250623.1954/biome-query.el
  biome-20250623.1954/biome.el
 ✓ Success:
  2025-12-29T00:12:17+0000  biome-20250623.1954.entry
  2025-12-29T00:12:17+0000  biome-20250623.1954.tar
Built biome in 3.544s, finished at 2025-12-29T00:12:18+0000
