Package: bitbucket
Fetcher: github
Source:  https://github.com/tjaartvdwalt/bitbucket.el.git

Updating /mnt/store/melpa/working/bitbucket/
Checking out db001a9d936e6b5c3cc5d5ec22794e234e0d162d
Copying files (->) and directories (=>)
  from /mnt/store/melpa/working/bitbucket/
  to /tmp/bitbucket51a7lt/bitbucket-20170405.446
    bitbucket-api.el -> bitbucket-api.el
    bitbucket-http.el -> bitbucket-http.el
    bitbucket-issues.el -> bitbucket-issues.el
    bitbucket.el -> bitbucket.el
Created bitbucket-20170405.446.tar containing:
  bitbucket-20170405.446/
  bitbucket-20170405.446/bitbucket-api.el
  bitbucket-20170405.446/bitbucket-http.el
  bitbucket-20170405.446/bitbucket-issues.el
  bitbucket-20170405.446/bitbucket-pkg.el
  bitbucket-20170405.446/bitbucket.el
 ✓ Success:
  2023-12-31T07:10:44+0000  bitbucket-20170405.446.entry
  2023-12-31T07:10:44+0000  bitbucket-20170405.446.tar
Built bitbucket in 3.510s, finished at 2023-12-31T07:10:45+0000
