Package: blog-admin
Fetcher: github
Source:  https://github.com/xcodebuild/blog-admin.git

Updating /mnt/store/melpa/working/blog-admin/
Checking out b5f2e1dad7d68ec903619f7280bb0bcb7e398a1e
Copying files (->) and directories (=>)
  from /mnt/store/melpa/working/blog-admin/
  to /tmp/blog-admin0YGp3H/blog-admin-20170923.1409
    blog-admin-backend-hexo.el -> blog-admin-backend-hexo.el
    blog-admin-backend-nikola.el -> blog-admin-backend-nikola.el
    blog-admin-backend-org-page.el -> blog-admin-backend-org-page.el
    blog-admin-backend.el -> blog-admin-backend.el
    blog-admin.el -> blog-admin.el
Created blog-admin-20170923.1409.tar containing:
  blog-admin-20170923.1409/
  blog-admin-20170923.1409/blog-admin-backend-hexo.el
  blog-admin-20170923.1409/blog-admin-backend-nikola.el
  blog-admin-20170923.1409/blog-admin-backend-org-page.el
  blog-admin-20170923.1409/blog-admin-backend.el
  blog-admin-20170923.1409/blog-admin-pkg.el
  blog-admin-20170923.1409/blog-admin.el
 ✓ Success:
  2024-05-11T23:11:24+0000  blog-admin-20170923.1409.entry
  2024-05-11T23:11:24+0000  blog-admin-20170923.1409.tar
Built blog-admin in 4.051s, finished at 2024-05-11T23:11:26+0000
