Package: blue
Fetcher: codeberg
Source:  https://codeberg.org/lapislazuli/blue.el

Updating /mnt/store/melpa/working/blue/
Checking out 84eaa69674c9d2d7e47d3be3b3befc81ffebcd81
Copying files (->) and directories (=>)
  from /mnt/store/melpa/working/blue/
  to /tmp/blueHYgurf/blue-20251103.2054
    blue-replay.el -> blue-replay.el
    blue-transient.el -> blue-transient.el
    blue.el -> blue.el
Created blue-20251103.2054.tar containing:
  blue-20251103.2054/
  blue-20251103.2054/blue-pkg.el
  blue-20251103.2054/blue-replay.el
  blue-20251103.2054/blue-transient.el
  blue-20251103.2054/blue.el
 ✓ Success:
  2025-11-10T00:10:06+0000  blue-20251103.2054.entry
  2025-11-10T00:10:06+0000  blue-20251103.2054.tar
Built blue in 4.348s, finished at 2025-11-10T00:10:07+0000
