Package: bnf-mode
Fetcher: github
Source:  https://github.com/sergeyklay/bnf-mode

Updating /mnt/store/melpa/working/bnf-mode/
Checking out 5304ab647e04916c5be4fdde41477ad429a89120
Copying files (->) and directories (=>)
  from /mnt/store/melpa/working/bnf-mode/
  to /tmp/bnf-modeBh0H4K/bnf-mode-20240915.2118
    bnf-mode.el -> bnf-mode.el
    dir -> dir
    bnf-mode.info -> bnf-mode.info
    bnf-mode.texi -> bnf-mode.texi
Generating bnf-mode.info
Created bnf-mode-20240915.2118.tar containing:
  bnf-mode-20240915.2118/
  bnf-mode-20240915.2118/bnf-mode-pkg.el
  bnf-mode-20240915.2118/bnf-mode.el
  bnf-mode-20240915.2118/bnf-mode.info
  bnf-mode-20240915.2118/dir
 ✓ Success:
  2025-03-13T00:13:35+0000  bnf-mode-20240915.2118.entry
  2025-03-13T00:13:35+0000  bnf-mode-20240915.2118.tar
Built bnf-mode in 4.688s, finished at 2025-03-13T00:13:36+0000
