Package: boon
Fetcher: github
Source:  https://github.com/jyp/boon

Updating /mnt/store/melpa/working/boon/
Checking out b562e2dbcb089e37ff5a1276f6a5663af6dc15e1
Copying files (->) and directories (=>)
  from /mnt/store/melpa/working/boon/
  to /tmp/boonC1zkDY/boon-20250527.1749
    boon-arguments.el -> boon-arguments.el
    boon-colemak-hnei.el -> boon-colemak-hnei.el
    boon-colemak.el -> boon-colemak.el
    boon-core.el -> boon-core.el
    boon-dvorak.el -> boon-dvorak.el
    boon-emacs.el -> boon-emacs.el
    boon-hl.el -> boon-hl.el
    boon-keys.el -> boon-keys.el
    boon-loaddefs.el -> boon-loaddefs.el
    boon-main.el -> boon-main.el
    boon-moves.el -> boon-moves.el
    boon-pkg.el -> boon-pkg.el
    boon-powerline.el -> boon-powerline.el
    boon-qwerty-hjkl.el -> boon-qwerty-hjkl.el
    boon-qwerty.el -> boon-qwerty.el
    boon-qwertz.el -> boon-qwertz.el
    boon-regs.el -> boon-regs.el
    boon-search.el -> boon-search.el
    boon-spaceline.el -> boon-spaceline.el
    boon-tutorial.el -> boon-tutorial.el
    boon-utils.el -> boon-utils.el
    boon-workman.el -> boon-workman.el
    boon.el -> boon.el
