Package: borg
Fetcher: github
Source:  https://github.com/emacscollective/borg

Updating /mnt/store/melpa/working/borg/
Checking out cedcf302193a64f58f78e85924b36624dc61eafd
Copying files (->) and directories (=>)
  from /mnt/store/melpa/working/borg/
  to /tmp/borg8zq4mX/borg-20250812.1354
    borg-elpa.el -> borg-elpa.el
    borg.el -> borg.el
  ! docs/borg.texi -> borg.texi
    borg.mk -> borg.mk
Generating borg.info
Created borg-20250812.1354.tar containing:
  borg-20250812.1354/
  borg-20250812.1354/borg-elpa.el
  borg-20250812.1354/borg-pkg.el
  borg-20250812.1354/borg.el
  borg-20250812.1354/borg.info
  borg-20250812.1354/borg.mk
  borg-20250812.1354/dir
 ✓ Success:
  2025-08-18T00:54:48+0000  borg-20250812.1354.entry
  2025-08-18T00:54:48+0000  borg-20250812.1354.tar
Built borg in 6.698s, finished at 2025-08-18T00:54:49+0000
