Package: brf
Fetcher: git
Source:  https://bitbucket.org/MikeWoolley/brf-mode

Updating /mnt/store/melpa/working/brf/
Checking out 342363ab447372cde34c561e38450edc982154d2
Copying files (->) and directories (=>)
  from /mnt/store/melpa/working/brf/
  to /tmp/brfoMrmSX/brf-20250226.1140
    brf-bookmark.el -> brf-bookmark.el
    brf-compat.el -> brf-compat.el
    brf-editing.el -> brf-editing.el
    brf-marking.el -> brf-marking.el
    brf-menu.el -> brf-menu.el
    brf-movement.el -> brf-movement.el
    brf-undo.el -> brf-undo.el
    brf-window.el -> brf-window.el
    brf.el -> brf.el
    brf-mode.info -> brf-mode.info
Created brf-20250226.1140.tar containing:
  brf-20250226.1140/
  brf-20250226.1140/brf-bookmark.el
  brf-20250226.1140/brf-compat.el
  brf-20250226.1140/brf-editing.el
  brf-20250226.1140/brf-marking.el
  brf-20250226.1140/brf-menu.el
  brf-20250226.1140/brf-mode.info
  brf-20250226.1140/brf-movement.el
  brf-20250226.1140/brf-pkg.el
  brf-20250226.1140/brf-undo.el
  brf-20250226.1140/brf-window.el
  brf-20250226.1140/brf.el
  brf-20250226.1140/dir
 ✓ Success:
  2025-02-27T00:20:46+0000  brf-20250226.1140.entry
  2025-02-27T00:20:46+0000  brf-20250226.1140.tar
Built brf in 3.752s, finished at 2025-02-27T00:20:47+0000
