Package: brutalist-theme
Fetcher: git
Source:  https://git.madhouse-project.org/algernon/brutalist-theme.el.git

Updating /mnt/store/melpa/working/brutalist-theme/
Checking out 29f1c70451075e87a9f1747478cc78ed6d37de26
Copying files (->) and directories (=>)
  from /mnt/store/melpa/working/brutalist-theme/
  to /tmp/brutalist-themeUE8yNm/brutalist-theme-20250104.1112
    brutalist-build.el -> brutalist-build.el
    brutalist-dark-theme.el -> brutalist-dark-theme.el
    brutalist-theme.el -> brutalist-theme.el
Created brutalist-theme-20250104.1112.tar containing:
  brutalist-theme-20250104.1112/
  brutalist-theme-20250104.1112/brutalist-build.el
  brutalist-theme-20250104.1112/brutalist-dark-theme.el
  brutalist-theme-20250104.1112/brutalist-theme-pkg.el
  brutalist-theme-20250104.1112/brutalist-theme.el
 ✓ Success:
  2025-08-18T00:55:02+0000  brutalist-theme-20250104.1112.entry
  2025-08-18T00:55:02+0000  brutalist-theme-20250104.1112.tar
Built brutalist-theme in 4.351s, finished at 2025-08-18T00:55:04+0000
