Package: bufler
Fetcher: github
Source:  https://github.com/alphapapa/bufler.el.git

Updating /mnt/store/melpa/working/bufler/
Checking out ff0d371b853a65943ccd3546fe947d407cd2e28a
Copying files (->) and directories (=>)
  from /mnt/store/melpa/working/bufler/
  to /tmp/buflerp61xUc/bufler-20231220.1307
    bufler-group-tree.el -> bufler-group-tree.el
    bufler-workspace-tabs.el -> bufler-workspace-tabs.el
    bufler-workspace.el -> bufler-workspace.el
    bufler.el -> bufler.el
    bufler.info -> bufler.info
Created bufler-20231220.1307.tar containing:
  bufler-20231220.1307/
  bufler-20231220.1307/bufler-group-tree.el
  bufler-20231220.1307/bufler-pkg.el
  bufler-20231220.1307/bufler-workspace-tabs.el
  bufler-20231220.1307/bufler-workspace.el
  bufler-20231220.1307/bufler.el
  bufler-20231220.1307/bufler.info
  bufler-20231220.1307/dir
 ✓ Success:
  2024-01-22T01:00:08+0000  bufler-20231220.1307.entry
  2024-01-22T01:00:08+0000  bufler-20231220.1307.tar
Built bufler in 5.357s, finished at 2024-01-22T01:00:10+0000
