Package: bug-reference-github
Fetcher: github
Source:  https://github.com/arnested/bug-reference-github.git

Updating /mnt/store/melpa/working/bug-reference-github/
Checking out 4e848472a5be464a3bc10a3c917322d1e344951a
Copying files (->) and directories (=>)
  from /mnt/store/melpa/working/bug-reference-github/
  to /tmp/bug-reference-githubu5qKx0/bug-reference-github-20200206.2158
    bug-reference-github.el -> bug-reference-github.el
    dir -> dir
    bug-reference-github.info -> bug-reference-github.info
Created bug-reference-github-20200206.2158.tar containing:
  bug-reference-github-20200206.2158/
  bug-reference-github-20200206.2158/bug-reference-github-pkg.el
  bug-reference-github-20200206.2158/bug-reference-github.el
  bug-reference-github-20200206.2158/bug-reference-github.info
  bug-reference-github-20200206.2158/dir
 ✓ Success:
  2024-09-22T23:55:37+0000  bug-reference-github-20200206.2158.entry
  2024-09-22T23:55:37+0000  bug-reference-github-20200206.2158.tar
Built bug-reference-github in 2.978s, finished at 2024-09-22T23:55:38+0000
