Package: burly
Fetcher: github
Source:  https://github.com/alphapapa/burly.el.git

Updating /mnt/store/melpa/working/burly/
Checking out 6626df0c2054cb0662bf113ba4cbad641b588d0f
Copying files (->) and directories (=>)
  from /mnt/store/melpa/working/burly/
  to /tmp/burlyylvIN9/burly-20231218.1045
    burly-tabs.el -> burly-tabs.el
    burly.el -> burly.el
    burly.info -> burly.info
Created burly-20231218.1045.tar containing:
  burly-20231218.1045/
  burly-20231218.1045/burly-pkg.el
  burly-20231218.1045/burly-tabs.el
  burly-20231218.1045/burly.el
  burly-20231218.1045/burly.info
  burly-20231218.1045/dir
 ✓ Success:
  2024-01-01T15:45:56+0000  burly-20231218.1045.entry
  2024-01-01T15:45:55+0000  burly-20231218.1045.tar
Built burly in 3.945s, finished at 2024-01-01T15:45:57+0000
