Package: burnt-toast
Fetcher: github
Source:  https://github.com/cedarbaum/burnt-toast.el.git

Updating /mnt/store/melpa/working/burnt-toast/
Checking out e9cf41928b7b502fdfa43718c35a24e503db32e2
Copying files (->) and directories (=>)
  from /mnt/store/melpa/working/burnt-toast/
  to /tmp/burnt-toastO6syNH/burnt-toast-20201113.814
    burnt-toast-alert.el -> burnt-toast-alert.el
    burnt-toast.el -> burnt-toast.el
    icons/emacs.png -> icons/emacs.png
Created burnt-toast-20201113.814.tar containing:
  burnt-toast-20201113.814/
  burnt-toast-20201113.814/burnt-toast-alert.el
  burnt-toast-20201113.814/burnt-toast-pkg.el
  burnt-toast-20201113.814/burnt-toast.el
  burnt-toast-20201113.814/icons/
  burnt-toast-20201113.814/icons/emacs.png
 ✓ Success:
  2024-06-21T23:03:16+0000  burnt-toast-20201113.814.entry
  2024-06-21T23:03:16+0000  burnt-toast-20201113.814.tar
Built burnt-toast in 4.644s, finished at 2024-06-21T23:03:18+0000
