Package: buster-snippets
Fetcher: github
Source:  https://github.com/magnars/buster-snippets.el.git

Updating /mnt/store/melpa/working/buster-snippets/
Checking out bb8769dae132659858e74d52f3f4e8790399423a
Copying files (->) and directories (=>)
  from /mnt/store/melpa/working/buster-snippets/
  to /tmp/buster-snippetsdCGGNC/buster-snippets-20151125.1010
    buster-snippet-helpers.el -> buster-snippet-helpers.el
    buster-snippets.el -> buster-snippets.el
    snippets => snippets
Created buster-snippets-20151125.1010.tar containing:
  buster-snippets-20151125.1010/
  buster-snippets-20151125.1010/buster-snippet-helpers.el
  buster-snippets-20151125.1010/buster-snippets-pkg.el
  buster-snippets-20151125.1010/buster-snippets.el
  buster-snippets-20151125.1010/snippets/
  buster-snippets-20151125.1010/snippets/js-mode/
  buster-snippets-20151125.1010/snippets/js-mode/assert.alwaysCalledOn.yasnippet
  buster-snippets-20151125.1010/snippets/js-mode/assert.alwaysCalledWith.yasnippet
  buster-snippets-20151125.1010/snippets/js-mode/assert.alwaysCalledWithExactly.yasnippet
  buster-snippets-20151125.1010/snippets/js-mode/assert.alwaysThrew.yasnippet
  buster-snippets-20151125.1010/snippets/js-mode/assert.callCount.yasnippet
  buster-snippets-20151125.1010/snippets/js-mode/assert.callOrder.yasnippet
  buster-snippets-20151125.1010/snippets/js-mode/assert.called.yasnippet
  buster-snippets-20151125.1010/snippets/js-mode/assert.calledOn.yasnippet
  buster-snippets-20151125.1010/snippets/js-mode/assert.calledOnce.yasnippet
  buster-snippets-20151125.1010/snippets/js-mode/assert.calledOnceWith.yasnippet
  buster-snippets-20151125.1010/snippets/js-mode/assert.calledThrice.yasnippet
  buster-snippets-20151125.1010/snippets/js-mode/assert.calledTwice.yasnippet
  buster-snippets-20151125.1010/snippets/js-mode/assert.calledWith.yasnippet
  buster-snippets-20151125.1010/snippets/js-mode/assert.calledWithExactly.yasnippet
  buster-snippets-20151125.1010/snippets/js-mode/assert.className.yasnippet
  buster-snippets-20151125.1010/snippets/js-mode/assert.defined.yasnippet
  buster-snippets-20151125.1010/snippets/js-mode/assert.equals.yasnippet
  buster-snippets-20151125.1010/snippets/js-mode/assert.exception.yasnippet
  buster-snippets-20151125.1010/snippets/js-mode/assert.inDelta.yasnippet
  buster-snippets-20151125.1010/snippets/js-mode/assert.isArray.yasnippet
  buster-snippets-20151125.1010/snippets/js-mode/assert.isArrayLike.yasnippet
  buster-snippets-20151125.1010/snippets/js-mode/assert.isBoolean.yasnippet
  buster-snippets-20151125.1010/snippets/js-mode/assert.isFunction.yasnippet
  buster-snippets-20151125.1010/snippets/js-mode/assert.isNaN.yasnippet
  buster-snippets-20151125.1010/snippets/js-mode/assert.isNull.yasnippet
  buster-snippets-20151125.1010/snippets/js-mode/assert.isNumber.yasnippet
  buster-snippets-20151125.1010/snippets/js-mode/assert.isObject.yasnippet
  buster-snippets-20151125.1010/snippets/js-mode/assert.isString.yasnippet
  buster-snippets-20151125.1010/snippets/js-mode/assert.match.yasnippet
  buster-snippets-20151125.1010/snippets/js-mode/assert.same.yasnippet
  buster-snippets-20151125.1010/snippets/js-mode/assert.tagName.yasnippet
  buster-snippets-20151125.1010/snippets/js-mode/assert.threw.yasnippet
  buster-snippets-20151125.1010/snippets/js-mode/assert.typeOf.yasnippet
  buster-snippets-20151125.1010/snippets/js-mode/assert.yasnippet
  buster-snippets-20151125.1010/snippets/js-mode/buster.nestedContext.yasnippet
  buster-snippets-20151125.1010/snippets/js-mode/buster.setUp.yasnippet
  buster-snippets-20151125.1010/snippets/js-mode/buster.tearDown.yasnippet
  buster-snippets-20151125.1010/snippets/js-mode/buster.test.yasnippet
  buster-snippets-20151125.1010/snippets/js-mode/buster.testCase.browser.yasnippet
  buster-snippets-20151125.1010/snippets/js-mode/buster.testCase.mixed.yasnippet
  buster-snippets-20151125.1010/snippets/js-mode/buster.testCase.node.yasnippet
  buster-snippets-20151125.1010/snippets/js-mode/refute.alwaysCalledOn.yasnippet
  buster-snippets-20151125.1010/snippets/js-mode/refute.alwaysCalledWith.yasnippet
  buster-snippets-20151125.1010/snippets/js-mode/refute.alwaysCalledWithExactly.yasnippet
  buster-snippets-20151125.1010/snippets/js-mode/refute.alwaysThrew.yasnippet
  buster-snippets-20151125.1010/snippets/js-mode/refute.callCount.yasnippet
  buster-snippets-20151125.1010/snippets/js-mode/refute.callOrder.yasnippet
  buster-snippets-20151125.1010/snippets/js-mode/refute.called.yasnippet
  buster-snippets-20151125.1010/snippets/js-mode/refute.calledOn.yasnippet
  buster-snippets-20151125.1010/snippets/js-mode/refute.calledOnce.yasnippet
  buster-snippets-20151125.1010/snippets/js-mode/refute.calledOnceWith.yasnippet
  buster-snippets-20151125.1010/snippets/js-mode/refute.calledThrice.yasnippet
  buster-snippets-20151125.1010/snippets/js-mode/refute.calledTwice.yasnippet
  buster-snippets-20151125.1010/snippets/js-mode/refute.calledWith.yasnippet
  buster-snippets-20151125.1010/snippets/js-mode/refute.calledWithExactly.yasnippet
  buster-snippets-20151125.1010/snippets/js-mode/refute.className.yasnippet
  buster-snippets-20151125.1010/snippets/js-mode/refute.defined.yasnippet
  buster-snippets-20151125.1010/snippets/js-mode/refute.equals.yasnippet
  buster-snippets-20151125.1010/snippets/js-mode/refute.exception.yasnippet
  buster-snippets-20151125.1010/snippets/js-mode/refute.inDelta.yasnippet
  buster-snippets-20151125.1010/snippets/js-mode/refute.isArray.yasnippet
  buster-snippets-20151125.1010/snippets/js-mode/refute.isArrayLike.yasnippet
  buster-snippets-20151125.1010/snippets/js-mode/refute.isBoolean.yasnippet
  buster-snippets-20151125.1010/snippets/js-mode/refute.isFunction.yasnippet
  buster-snippets-20151125.1010/snippets/js-mode/refute.isNaN.yasnippet
  buster-snippets-20151125.1010/snippets/js-mode/refute.isNull.yasnippet
  buster-snippets-20151125.1010/snippets/js-mode/refute.isNumber.yasnippet
  buster-snippets-20151125.1010/snippets/js-mode/refute.isObject.yasnippet
  buster-snippets-20151125.1010/snippets/js-mode/refute.isString.yasnippet
  buster-snippets-20151125.1010/snippets/js-mode/refute.match.yasnippet
  buster-snippets-20151125.1010/snippets/js-mode/refute.same.yasnippet
  buster-snippets-20151125.1010/snippets/js-mode/refute.tagName.yasnippet
  buster-snippets-20151125.1010/snippets/js-mode/refute.threw.yasnippet
  buster-snippets-20151125.1010/snippets/js-mode/refute.typeOf.yasnippet
  buster-snippets-20151125.1010/snippets/js-mode/refute.yasnippet
  buster-snippets-20151125.1010/snippets/js2-mode/
  buster-snippets-20151125.1010/snippets/js2-mode/.yas-parents
 ✓ Success:
  2024-04-30T23:52:23+0000  buster-snippets-20151125.1010.entry
  2024-04-30T23:52:23+0000  buster-snippets-20151125.1010.tar
Built buster-snippets in 4.929s, finished at 2024-04-30T23:52:26+0000
