Package: butler
Fetcher: github
Source:  https://github.com/AshtonKem/Butler

Updating /mnt/store/melpa/working/butler/
Checking out 10943ccdf2030187b2f7bd97337d78acb7fd31c9
Copying files (->) and directories (=>)
  from /mnt/store/melpa/working/butler/
  to /tmp/butler7gHV6p/butler-20210928.230
    butler-pkg.el -> butler-pkg.el
    butler-servers.el -> butler-servers.el
    butler-util.el -> butler-util.el
    butler.el -> butler.el
Created butler-20210928.230.tar containing:
  butler-20210928.230/
  butler-20210928.230/butler-pkg.el
  butler-20210928.230/butler-servers.el
  butler-20210928.230/butler-util.el
  butler-20210928.230/butler.el
 ✓ Success:
  2025-03-27T22:59:49+0000  butler-20210928.230.entry
  2025-03-27T22:59:49+0000  butler-20210928.230.tar
Built butler in 3.986s, finished at 2025-03-27T22:59:50+0000
