Package: calibredb
Fetcher: github
Source:  https://github.com/chenyanming/calibredb.el.git

Updating /mnt/store/melpa/working/calibredb/
Checking out a12746cdd2605eba0ff88706473a04492dec84a2
Copying files (->) and directories (=>)
  from /mnt/store/melpa/working/calibredb/
  to /tmp/calibredbLjMzTp/calibredb-20240707.1121
    calibredb-annotation.el -> calibredb-annotation.el
    calibredb-consult.el -> calibredb-consult.el
    calibredb-core.el -> calibredb-core.el
    calibredb-dired.el -> calibredb-dired.el
    calibredb-faces.el -> calibredb-faces.el
    calibredb-helm.el -> calibredb-helm.el
    calibredb-ivy.el -> calibredb-ivy.el
    calibredb-library.el -> calibredb-library.el
    calibredb-opds.el -> calibredb-opds.el
    calibredb-org.el -> calibredb-org.el
    calibredb-search.el -> calibredb-search.el
    calibredb-show.el -> calibredb-show.el
    calibredb-transient.el -> calibredb-transient.el
    calibredb-utils.el -> calibredb-utils.el
    calibredb.el -> calibredb.el
Created calibredb-20240707.1121.tar containing:
  calibredb-20240707.1121/
  calibredb-20240707.1121/calibredb-annotation.el
  calibredb-20240707.1121/calibredb-consult.el
  calibredb-20240707.1121/calibredb-core.el
  calibredb-20240707.1121/calibredb-dired.el
  calibredb-20240707.1121/calibredb-faces.el
  calibredb-20240707.1121/calibredb-helm.el
  calibredb-20240707.1121/calibredb-ivy.el
  calibredb-20240707.1121/calibredb-library.el
  calibredb-20240707.1121/calibredb-opds.el
  calibredb-20240707.1121/calibredb-org.el
  calibredb-20240707.1121/calibredb-pkg.el
  calibredb-20240707.1121/calibredb-search.el
  calibredb-20240707.1121/calibredb-show.el
  calibredb-20240707.1121/calibredb-transient.el
  calibredb-20240707.1121/calibredb-utils.el
  calibredb-20240707.1121/calibredb.el
 ✓ Success:
  2024-07-10T23:56:57+0000  calibredb-20240707.1121.entry
  2024-07-10T23:56:57+0000  calibredb-20240707.1121.tar
Built calibredb in 7.322s, finished at 2024-07-10T23:57:00+0000
