Package: caml
Fetcher: github
Source:  https://github.com/ocaml/caml-mode.git

Updating /mnt/store/melpa/working/caml/
Checking out 47defafa2b08fb680e89bfee9cb9ce82bd9e3bcf
Copying files (->) and directories (=>)
  from /mnt/store/melpa/working/caml/
  to /tmp/camlgARts6/caml-20231011.328
    caml-font-old.el -> caml-font-old.el
    caml-font.el -> caml-font.el
    caml-help.el -> caml-help.el
    caml-types.el -> caml-types.el
    caml.el -> caml.el
    camldebug.el -> camldebug.el
    inf-caml.el -> inf-caml.el
Created caml-20231011.328.tar containing:
  caml-20231011.328/
  caml-20231011.328/caml-font-old.el
  caml-20231011.328/caml-font.el
  caml-20231011.328/caml-help.el
  caml-20231011.328/caml-pkg.el
  caml-20231011.328/caml-types.el
  caml-20231011.328/caml.el
  caml-20231011.328/camldebug.el
  caml-20231011.328/inf-caml.el
 ✓ Success:
  2024-07-10T23:56:58+0000  caml-20231011.328.entry
  2024-07-10T23:56:58+0000  caml-20231011.328.tar
Built caml in 6.595s, finished at 2024-07-10T23:57:00+0000
