Package: cape
Fetcher: github
Source:  https://github.com/minad/cape.git

Updating /mnt/store/melpa/working/cape/
Checking out 86c5bdfc5c3ea1148a827702224190a70250c656
Copying files (->) and directories (=>)
  from /mnt/store/melpa/working/cape/
  to /tmp/capesSiT0B/cape-20240102.2150
    cape-char.el -> cape-char.el
    cape-keyword.el -> cape-keyword.el
    cape.el -> cape.el
Created cape-20240102.2150.tar containing:
  cape-20240102.2150/
  cape-20240102.2150/cape-char.el
  cape-20240102.2150/cape-keyword.el
  cape-20240102.2150/cape-pkg.el
  cape-20240102.2150/cape.el
 ✓ Success:
  2024-01-02T23:16:35+0000  cape-20240102.2150.entry
  2024-01-02T23:16:35+0000  cape-20240102.2150.tar
  2024-01-02T21:20:57+0000  cape-20240102.445.entry
  2024-01-02T21:20:57+0000  cape-20240102.445.tar
Built cape in 3.838s, finished at 2024-01-02T23:16:37+0000
