Package: capture
Fetcher: github
Source:  https://github.com/pashinin/capture.el

Updating /mnt/store/melpa/working/capture/
Checking out 9140c207b48b3520a2f06674b3e1bee2fc92b80c
Copying files (->) and directories (=>)
  from /mnt/store/melpa/working/capture/
  to /tmp/capturemH42G8/capture-20130828.1644
  ! src/capture-functions.el -> capture-functions.el
  ! src/capture-helpers.el -> capture-helpers.el
  ! src/capture-keys.el -> capture-keys.el
  ! src/capture-ui.el -> capture-ui.el
  ! src/capture-vars.el -> capture-vars.el
  ! src/capture.el -> capture.el
Created capture-20130828.1644.tar containing:
  capture-20130828.1644/
  capture-20130828.1644/capture-functions.el
  capture-20130828.1644/capture-helpers.el
  capture-20130828.1644/capture-keys.el
  capture-20130828.1644/capture-pkg.el
  capture-20130828.1644/capture-ui.el
  capture-20130828.1644/capture-vars.el
  capture-20130828.1644/capture.el
 ✓ Success:
  2024-10-01T23:30:23+0000  capture-20130828.1644.entry
  2024-10-01T23:30:23+0000  capture-20130828.1644.tar
Built capture in 2.636s, finished at 2024-10-01T23:30:24+0000
