Package: casual-dired
Fetcher: github
Source:  https://github.com/kickingvegas/casual-dired.git

Updating /mnt/store/melpa/working/casual-dired/
Checking out f1dc88480a3847f1defa2dce7efb6d8234eb5b8b
Copying files (->) and directories (=>)
  from /mnt/store/melpa/working/casual-dired/
  to /tmp/casual-diredKOY1NX/casual-dired-20240523.1755
  ! lisp/casual-dired-settings.el -> casual-dired-settings.el
  ! lisp/casual-dired-sort-by.el -> casual-dired-sort-by.el
  ! lisp/casual-dired-utils.el -> casual-dired-utils.el
  ! lisp/casual-dired-variables.el -> casual-dired-variables.el
  ! lisp/casual-dired-version.el -> casual-dired-version.el
  ! lisp/casual-dired.el -> casual-dired.el
Created casual-dired-20240523.1755.tar containing:
  casual-dired-20240523.1755/
  casual-dired-20240523.1755/casual-dired-pkg.el
  casual-dired-20240523.1755/casual-dired-settings.el
  casual-dired-20240523.1755/casual-dired-sort-by.el
  casual-dired-20240523.1755/casual-dired-utils.el
  casual-dired-20240523.1755/casual-dired-variables.el
  casual-dired-20240523.1755/casual-dired-version.el
  casual-dired-20240523.1755/casual-dired.el
 ✓ Success:
  2024-06-05T23:17:11+0000  casual-dired-20240523.1755.entry
  2024-06-05T23:17:11+0000  casual-dired-20240523.1755.tar
Built casual-dired in 5.977s, finished at 2024-06-05T23:17:14+0000
