Package: casual
Fetcher: github
Source:  https://github.com/kickingvegas/casual

Updating /mnt/store/melpa/working/casual/
Checking out 8c8bf409994b461eded5367970dff650a1dde758
Copying files (->) and directories (=>)
  from /mnt/store/melpa/working/casual/
  to /tmp/casual5JS2MM/casual-20241023.2244
  ! lisp/casual-agenda-settings.el -> casual-agenda-settings.el
  ! lisp/casual-agenda-utils.el -> casual-agenda-utils.el
  ! lisp/casual-agenda.el -> casual-agenda.el
  ! lisp/casual-bookmarks-settings.el -> casual-bookmarks-settings.el
  ! lisp/casual-bookmarks-utils.el -> casual-bookmarks-utils.el
  ! lisp/casual-bookmarks.el -> casual-bookmarks.el
  ! lisp/casual-calc--calc.el -> casual-calc--calc.el
  ! lisp/casual-calc-algebra.el -> casual-calc-algebra.el
  ! lisp/casual-calc-angle-measure.el -> casual-calc-angle-measure.el
  ! lisp/casual-calc-binary.el -> casual-calc-binary.el
  ! lisp/casual-calc-complex.el -> casual-calc-complex.el
  ! lisp/casual-calc-conversion.el -> casual-calc-conversion.el
  ! lisp/casual-calc-fileio.el -> casual-calc-fileio.el
  ! lisp/casual-calc-financial.el -> casual-calc-financial.el
  ! lisp/casual-calc-graphics.el -> casual-calc-graphics.el
  ! lisp/casual-calc-labels.el -> casual-calc-labels.el
  ! lisp/casual-calc-logarithmic.el -> casual-calc-logarithmic.el
  ! lisp/casual-calc-predicates.el -> casual-calc-predicates.el
  ! lisp/casual-calc-radix.el -> casual-calc-radix.el
  ! lisp/casual-calc-random.el -> casual-calc-random.el
  ! lisp/casual-calc-rounding.el -> casual-calc-rounding.el
  ! lisp/casual-calc-settings.el -> casual-calc-settings.el
  ! lisp/casual-calc-stack.el -> casual-calc-stack.el
  ! lisp/casual-calc-symbolic.el -> casual-calc-symbolic.el
  ! lisp/casual-calc-time.el -> casual-calc-time.el
  ! lisp/casual-calc-trail.el -> casual-calc-trail.el
  ! lisp/casual-calc-trigonometric.el -> casual-calc-trigonometric.el
  ! lisp/casual-calc-units.el -> casual-calc-units.el
  ! lisp/casual-calc-utils.el -> casual-calc-utils.el
  ! lisp/casual-calc-variables.el -> casual-calc-variables.el
  ! lisp/casual-calc-vector.el -> casual-calc-vector.el
  ! lisp/casual-calc.el -> casual-calc.el
  ! lisp/casual-dired-settings.el -> casual-dired-settings.el
  ! lisp/casual-dired-sort-by.el -> casual-dired-sort-by.el
  ! lisp/casual-dired-utils.el -> casual-dired-utils.el
  ! lisp/casual-dired-variables.el -> casual-dired-variables.el
  ! lisp/casual-dired.el -> casual-dired.el
  ! lisp/casual-editkit-constants.el -> casual-editkit-constants.el
  ! lisp/casual-editkit-settings.el -> casual-editkit-settings.el
  ! lisp/casual-editkit-utils.el -> casual-editkit-utils.el
  ! lisp/casual-editkit.el -> casual-editkit.el
  ! lisp/casual-ibuffer-filter.el -> casual-ibuffer-filter.el
  ! lisp/casual-ibuffer-settings.el -> casual-ibuffer-settings.el
  ! lisp/casual-ibuffer-utils.el -> casual-ibuffer-utils.el
  ! lisp/casual-ibuffer.el -> casual-ibuffer.el
  ! lisp/casual-info-settings.el -> casual-info-settings.el
  ! lisp/casual-info-utils.el -> casual-info-utils.el
  ! lisp/casual-info-variables.el -> casual-info-variables.el
  ! lisp/casual-info.el -> casual-info.el
  ! lisp/casual-isearch-settings.el -> casual-isearch-settings.el
  ! lisp/casual-isearch-utils.el -> casual-isearch-utils.el
  ! lisp/casual-isearch.el -> casual-isearch.el
  ! lisp/casual-lib.el -> casual-lib.el
  ! lisp/casual-re-builder-settings.el -> casual-re-builder-settings.el
  ! lisp/casual-re-builder-utils.el -> casual-re-builder-utils.el
  ! lisp/casual-re-builder.el -> casual-re-builder.el
  ! lisp/casual.el -> casual.el
Created casual-20241023.2244.tar containing:
  casual-20241023.2244/
  casual-20241023.2244/casual-agenda-settings.el
  casual-20241023.2244/casual-agenda-utils.el
  casual-20241023.2244/casual-agenda.el
  casual-20241023.2244/casual-bookmarks-settings.el
  casual-20241023.2244/casual-bookmarks-utils.el
  casual-20241023.2244/casual-bookmarks.el
  casual-20241023.2244/casual-calc--calc.el
  casual-20241023.2244/casual-calc-algebra.el
  casual-20241023.2244/casual-calc-angle-measure.el
  casual-20241023.2244/casual-calc-binary.el
  casual-20241023.2244/casual-calc-complex.el
  casual-20241023.2244/casual-calc-conversion.el
  casual-20241023.2244/casual-calc-fileio.el
  casual-20241023.2244/casual-calc-financial.el
  casual-20241023.2244/casual-calc-graphics.el
  casual-20241023.2244/casual-calc-labels.el
  casual-20241023.2244/casual-calc-logarithmic.el
  casual-20241023.2244/casual-calc-predicates.el
  casual-20241023.2244/casual-calc-radix.el
  casual-20241023.2244/casual-calc-random.el
  casual-20241023.2244/casual-calc-rounding.el
  casual-20241023.2244/casual-calc-settings.el
  casual-20241023.2244/casual-calc-stack.el
  casual-20241023.2244/casual-calc-symbolic.el
  casual-20241023.2244/casual-calc-time.el
  casual-20241023.2244/casual-calc-trail.el
  casual-20241023.2244/casual-calc-trigonometric.el
  casual-20241023.2244/casual-calc-units.el
  casual-20241023.2244/casual-calc-utils.el
  casual-20241023.2244/casual-calc-variables.el
  casual-20241023.2244/casual-calc-vector.el
  casual-20241023.2244/casual-calc.el
  casual-20241023.2244/casual-dired-settings.el
  casual-20241023.2244/casual-dired-sort-by.el
  casual-20241023.2244/casual-dired-utils.el
  casual-20241023.2244/casual-dired-variables.el
  casual-20241023.2244/casual-dired.el
  casual-20241023.2244/casual-editkit-constants.el
  casual-20241023.2244/casual-editkit-settings.el
  casual-20241023.2244/casual-editkit-utils.el
  casual-20241023.2244/casual-editkit.el
  casual-20241023.2244/casual-ibuffer-filter.el
  casual-20241023.2244/casual-ibuffer-settings.el
  casual-20241023.2244/casual-ibuffer-utils.el
  casual-20241023.2244/casual-ibuffer.el
  casual-20241023.2244/casual-info-settings.el
  casual-20241023.2244/casual-info-utils.el
  casual-20241023.2244/casual-info-variables.el
  casual-20241023.2244/casual-info.el
  casual-20241023.2244/casual-isearch-settings.el
  casual-20241023.2244/casual-isearch-utils.el
  casual-20241023.2244/casual-isearch.el
  casual-20241023.2244/casual-lib.el
  casual-20241023.2244/casual-pkg.el
  casual-20241023.2244/casual-re-builder-settings.el
  casual-20241023.2244/casual-re-builder-utils.el
  casual-20241023.2244/casual-re-builder.el
  casual-20241023.2244/casual.el
 ✓ Success:
  2024-10-23T21:29:45+0000  casual-20241021.2258.entry
  2024-10-23T21:29:45+0000  casual-20241021.2258.tar
  2024-10-23T23:45:22+0000  casual-20241023.2244.entry
  2024-10-23T23:45:22+0000  casual-20241023.2244.tar
Built casual in 3.842s, finished at 2024-10-23T23:45:23+0000
