Package: casual-symbol-overlay
Fetcher: github
Source:  https://github.com/kickingvegas/casual-symbol-overlay

Updating /mnt/store/melpa/working/casual-symbol-overlay/
Checking out 9481daf1b9b027dbd12cfed8219b89e73ec3728a
Copying files (->) and directories (=>)
  from /mnt/store/melpa/working/casual-symbol-overlay/
  to /tmp/casual-symbol-overlayaxag0K/casual-symbol-overlay-20241008.2317
  ! lisp/casual-symbol-overlay-settings.el -> casual-symbol-overlay-settings.el
  ! lisp/casual-symbol-overlay-utils.el -> casual-symbol-overlay-utils.el
  ! lisp/casual-symbol-overlay-version.el -> casual-symbol-overlay-version.el
  ! lisp/casual-symbol-overlay.el -> casual-symbol-overlay.el
Created casual-symbol-overlay-20241008.2317.tar containing:
  casual-symbol-overlay-20241008.2317/
  casual-symbol-overlay-20241008.2317/casual-symbol-overlay-pkg.el
  casual-symbol-overlay-20241008.2317/casual-symbol-overlay-settings.el
  casual-symbol-overlay-20241008.2317/casual-symbol-overlay-utils.el
  casual-symbol-overlay-20241008.2317/casual-symbol-overlay-version.el
  casual-symbol-overlay-20241008.2317/casual-symbol-overlay.el
 ✓ Success:
  2024-10-13T23:39:14+0000  casual-symbol-overlay-20241008.2317.entry
  2024-10-13T23:39:14+0000  casual-symbol-overlay-20241008.2317.tar
Built casual-symbol-overlay in 3.178s, finished at 2024-10-13T23:39:15+0000
