Package: casual-info
Fetcher: github
Source:  https://github.com/kickingvegas/casual-info.git

Updating /mnt/store/melpa/working/casual-info/
Checking out ab8d31e8610ca47ecfdb730410a28f489076703e
Copying files (->) and directories (=>)
  from /mnt/store/melpa/working/casual-info/
  to /tmp/casual-infoBBlEqP/casual-info-20240628.2326
  ! lisp/casual-info-settings.el -> casual-info-settings.el
  ! lisp/casual-info-utils.el -> casual-info-utils.el
  ! lisp/casual-info-variables.el -> casual-info-variables.el
  ! lisp/casual-info-version.el -> casual-info-version.el
  ! lisp/casual-info.el -> casual-info.el
Created casual-info-20240628.2326.tar containing:
  casual-info-20240628.2326/
  casual-info-20240628.2326/casual-info-pkg.el
  casual-info-20240628.2326/casual-info-settings.el
  casual-info-20240628.2326/casual-info-utils.el
  casual-info-20240628.2326/casual-info-variables.el
  casual-info-20240628.2326/casual-info-version.el
  casual-info-20240628.2326/casual-info.el
 ✓ Success:
  2024-06-28T21:25:00+0000  casual-info-20240620.1817.entry
  2024-06-28T21:24:59+0000  casual-info-20240620.1817.tar
  2024-06-28T23:45:57+0000  casual-info-20240628.2326.entry
  2024-06-28T23:45:57+0000  casual-info-20240628.2326.tar
Built casual-info in 4.424s, finished at 2024-06-28T23:45:59+0000
