Package: casual-editkit
Fetcher: github
Source:  https://github.com/kickingvegas/casual-editkit

Updating /mnt/store/melpa/working/casual-editkit/
Checking out 53ea0e05e275f9359b5a3aed8a0c864eb3cf8b50
Copying files (->) and directories (=>)
  from /mnt/store/melpa/working/casual-editkit/
  to /tmp/casual-editkitUWa5Nu/casual-editkit-20241009.2252
  ! lisp/casual-editkit-constants.el -> casual-editkit-constants.el
  ! lisp/casual-editkit-settings.el -> casual-editkit-settings.el
  ! lisp/casual-editkit-utils.el -> casual-editkit-utils.el
  ! lisp/casual-editkit-version.el -> casual-editkit-version.el
  ! lisp/casual-editkit.el -> casual-editkit.el
Created casual-editkit-20241009.2252.tar containing:
  casual-editkit-20241009.2252/
  casual-editkit-20241009.2252/casual-editkit-constants.el
  casual-editkit-20241009.2252/casual-editkit-pkg.el
  casual-editkit-20241009.2252/casual-editkit-settings.el
  casual-editkit-20241009.2252/casual-editkit-utils.el
  casual-editkit-20241009.2252/casual-editkit-version.el
  casual-editkit-20241009.2252/casual-editkit.el
 ✓ Success:
  2024-10-09T21:59:38+0000  casual-editkit-20240930.2305.entry
  2024-10-09T21:59:38+0000  casual-editkit-20240930.2305.tar
  2024-10-10T00:12:36+0000  casual-editkit-20241009.2252.entry
  2024-10-10T00:12:36+0000  casual-editkit-20241009.2252.tar
Built casual-editkit in 3.369s, finished at 2024-10-10T00:12:36+0000
