Package: casual-ibuffer
Fetcher: github
Source:  https://github.com/kickingvegas/casual-ibuffer

Updating /mnt/store/melpa/working/casual-ibuffer/
Checking out db35b7033ab0a1cc65992c1587d109cb1722283b
Copying files (->) and directories (=>)
  from /mnt/store/melpa/working/casual-ibuffer/
  to /tmp/casual-ibufferKHz7aO/casual-ibuffer-20240828.507
  ! lisp/casual-ibuffer-filter.el -> casual-ibuffer-filter.el
  ! lisp/casual-ibuffer-settings.el -> casual-ibuffer-settings.el
  ! lisp/casual-ibuffer-utils.el -> casual-ibuffer-utils.el
  ! lisp/casual-ibuffer-version.el -> casual-ibuffer-version.el
  ! lisp/casual-ibuffer.el -> casual-ibuffer.el
Created casual-ibuffer-20240828.507.tar containing:
  casual-ibuffer-20240828.507/
  casual-ibuffer-20240828.507/casual-ibuffer-filter.el
  casual-ibuffer-20240828.507/casual-ibuffer-pkg.el
  casual-ibuffer-20240828.507/casual-ibuffer-settings.el
  casual-ibuffer-20240828.507/casual-ibuffer-utils.el
  casual-ibuffer-20240828.507/casual-ibuffer-version.el
  casual-ibuffer-20240828.507/casual-ibuffer.el
 ✓ Success:
  2024-09-25T23:50:45+0000  casual-ibuffer-20240828.507.entry
  2024-09-25T23:50:45+0000  casual-ibuffer-20240828.507.tar
Built casual-ibuffer in 1.914s, finished at 2024-09-25T23:50:46+0000
