Package: casual-bookmarks
Fetcher: github
Source:  https://github.com/kickingvegas/casual-bookmarks

Updating /mnt/store/melpa/working/casual-bookmarks/
Checking out 99aea407da07aef1a87d67b12648280347bdeed8
Copying files (->) and directories (=>)
  from /mnt/store/melpa/working/casual-bookmarks/
  to /tmp/casual-bookmarks6zMqoW/casual-bookmarks-20241001.635
  ! lisp/casual-bookmarks-settings.el -> casual-bookmarks-settings.el
  ! lisp/casual-bookmarks-utils.el -> casual-bookmarks-utils.el
  ! lisp/casual-bookmarks-version.el -> casual-bookmarks-version.el
  ! lisp/casual-bookmarks.el -> casual-bookmarks.el
Created casual-bookmarks-20241001.635.tar containing:
  casual-bookmarks-20241001.635/
  casual-bookmarks-20241001.635/casual-bookmarks-pkg.el
  casual-bookmarks-20241001.635/casual-bookmarks-settings.el
  casual-bookmarks-20241001.635/casual-bookmarks-utils.el
  casual-bookmarks-20241001.635/casual-bookmarks-version.el
  casual-bookmarks-20241001.635/casual-bookmarks.el
 ✓ Success:
  2024-10-13T23:39:06+0000  casual-bookmarks-20241001.635.entry
  2024-10-13T23:39:06+0000  casual-bookmarks-20241001.635.tar
Built casual-bookmarks in 3.040s, finished at 2024-10-13T23:39:07+0000
