Package: casual-suite
Fetcher: github
Source:  https://github.com/kickingvegas/casual-suite

Updating /mnt/store/melpa/working/casual-suite/
Checking out d10dfea67dfe7c7c2de7f6711066be7e5b9e25d0
Copying files (->) and directories (=>)
  from /mnt/store/melpa/working/casual-suite/
  to /tmp/casual-suite1YlwJu/casual-suite-20240930.1844
  ! lisp/casual-suite-variables.el -> casual-suite-variables.el
  ! lisp/casual-suite-version.el -> casual-suite-version.el
  ! lisp/casual-suite.el -> casual-suite.el
Created casual-suite-20240930.1844.tar containing:
  casual-suite-20240930.1844/
  casual-suite-20240930.1844/casual-suite-pkg.el
  casual-suite-20240930.1844/casual-suite-variables.el
  casual-suite-20240930.1844/casual-suite-version.el
  casual-suite-20240930.1844/casual-suite.el
 ✓ Success:
  2024-09-30T23:06:05+0000  casual-suite-20240930.1844.entry
  2024-09-30T23:06:05+0000  casual-suite-20240930.1844.tar
Built casual-suite in 4.753s, finished at 2024-09-30T23:06:07+0000
