Package: casual-re-builder
Fetcher: github
Source:  https://github.com/kickingvegas/casual-re-builder.git

Updating /mnt/store/melpa/working/casual-re-builder/
Checking out f52e0f2ae1faee0d2988fe701880f13fda66ab86
Copying files (->) and directories (=>)
  from /mnt/store/melpa/working/casual-re-builder/
  to /tmp/casual-re-builderJoZd6B/casual-re-builder-20240730.49
  ! lisp/casual-re-builder-settings.el -> casual-re-builder-settings.el
  ! lisp/casual-re-builder-utils.el -> casual-re-builder-utils.el
  ! lisp/casual-re-builder-version.el -> casual-re-builder-version.el
  ! lisp/casual-re-builder.el -> casual-re-builder.el
Created casual-re-builder-20240730.49.tar containing:
  casual-re-builder-20240730.49/
  casual-re-builder-20240730.49/casual-re-builder-pkg.el
  casual-re-builder-20240730.49/casual-re-builder-settings.el
  casual-re-builder-20240730.49/casual-re-builder-utils.el
  casual-re-builder-20240730.49/casual-re-builder-version.el
  casual-re-builder-20240730.49/casual-re-builder.el
 ✓ Success:
  2024-07-29T23:38:08+0000  casual-re-builder-20240718.1754.entry
  2024-07-29T23:38:08+0000  casual-re-builder-20240718.1754.tar
  2024-07-30T02:20:48+0000  casual-re-builder-20240730.49.entry
  2024-07-30T02:20:48+0000  casual-re-builder-20240730.49.tar
Built casual-re-builder in 3.916s, finished at 2024-07-30T02:20:49+0000
