Package: casual-lib
Fetcher: github
Source:  https://github.com/kickingvegas/casual-lib.git

Updating /mnt/store/melpa/working/casual-lib/
Checking out a7b4a576f01fa227aaff074e0ef2778cdd06fc5d
Copying files (->) and directories (=>)
  from /mnt/store/melpa/working/casual-lib/
  to /tmp/casual-libDS9Smx/casual-lib-20240628.2300
  ! lisp/casual-lib-version.el -> casual-lib-version.el
  ! lisp/casual-lib.el -> casual-lib.el
Created casual-lib-20240628.2300.tar containing:
  casual-lib-20240628.2300/
  casual-lib-20240628.2300/casual-lib-pkg.el
  casual-lib-20240628.2300/casual-lib-version.el
  casual-lib-20240628.2300/casual-lib.el
 ✓ Success:
  2024-06-28T21:25:01+0000  casual-lib-20240620.1804.entry
  2024-06-28T21:25:01+0000  casual-lib-20240620.1804.tar
  2024-06-28T23:45:58+0000  casual-lib-20240628.2300.entry
  2024-06-28T23:45:58+0000  casual-lib-20240628.2300.tar
Built casual-lib in 4.127s, finished at 2024-06-28T23:46:00+0000
