Package: catppuccin-theme
Fetcher: github
Source:  https://github.com/catppuccin/emacs.git

Updating /mnt/store/melpa/working/catppuccin-theme/
Checking out 633261e809a93e8ad061d27711991932564b07bf
Copying files (->) and directories (=>)
  from /mnt/store/melpa/working/catppuccin-theme/
  to /tmp/catppuccin-themeEhuXOd/catppuccin-theme-20240805.42
    catppuccin-theme.el -> catppuccin-theme.el
    catppuccin-theme.test.el -> catppuccin-theme.test.el
Created catppuccin-theme-20240805.42.tar containing:
  catppuccin-theme-20240805.42/
  catppuccin-theme-20240805.42/catppuccin-theme-pkg.el
  catppuccin-theme-20240805.42/catppuccin-theme.el
  catppuccin-theme-20240805.42/catppuccin-theme.test.el
 ✓ Success:
  2024-08-04T22:30:03+0000  catppuccin-theme-20240804.2157.entry
  2024-08-04T22:30:03+0000  catppuccin-theme-20240804.2157.tar
  2024-08-05T00:51:50+0000  catppuccin-theme-20240805.42.entry
  2024-08-05T00:51:50+0000  catppuccin-theme-20240805.42.tar
Built catppuccin-theme in 3.896s, finished at 2024-08-05T00:51:51+0000
