Package: cats
Fetcher: github
Source:  https://github.com/Fuco1/emacs-cats

Updating /mnt/store/melpa/working/cats/
Checking out 7fc70db0eeb2c33ffba5c13c4cdc0f31c7b95537
Copying files (->) and directories (=>)
  from /mnt/store/melpa/working/cats/
  to /tmp/catsYs1bvp/cats-20230407.1316
    cats-data-applicative.el -> cats-data-applicative.el
    cats-data-foldable.el -> cats-data-foldable.el
    cats-data-functor.el -> cats-data-functor.el
    cats-data-maybe.el -> cats-data-maybe.el
    cats-data-monad.el -> cats-data-monad.el
    cats-data-monoid.el -> cats-data-monoid.el
    cats-data-state.el -> cats-data-state.el
    cats-data-traversable.el -> cats-data-traversable.el
    cats-data-ziplist.el -> cats-data-ziplist.el
    cats-function-helpers.el -> cats-function-helpers.el
    cats-macros.el -> cats-macros.el
    cats.el -> cats.el
Created cats-20230407.1316.tar containing:
  cats-20230407.1316/
  cats-20230407.1316/cats-data-applicative.el
  cats-20230407.1316/cats-data-foldable.el
  cats-20230407.1316/cats-data-functor.el
  cats-20230407.1316/cats-data-maybe.el
  cats-20230407.1316/cats-data-monad.el
  cats-20230407.1316/cats-data-monoid.el
  cats-20230407.1316/cats-data-state.el
  cats-20230407.1316/cats-data-traversable.el
  cats-20230407.1316/cats-data-ziplist.el
  cats-20230407.1316/cats-function-helpers.el
  cats-20230407.1316/cats-macros.el
  cats-20230407.1316/cats-pkg.el
  cats-20230407.1316/cats.el
 ✓ Success:
  2025-04-07T22:32:35+0000  cats-20230407.1316.entry
  2025-04-07T22:32:35+0000  cats-20230407.1316.tar
Built cats in 4.118s, finished at 2025-04-07T22:32:36+0000
