Package: cfn-mode
Fetcher: gitlab
Source:  https://gitlab.com/worr/cfn-mode.git

Updating /mnt/store/melpa/working/cfn-mode/
Checking out 33d9ea0af50a98a440bfde5258ccf07ca2856dd6
Copying files (->) and directories (=>)
  from /mnt/store/melpa/working/cfn-mode/
  to /tmp/cfn-modeqLJT0U/cfn-mode-20240602.804
  ! cfn-mode/cfn-mode.el -> cfn-mode.el
  ! cfn-mode/cfn-properties.dat -> cfn-properties.dat
  ! cfn-mode/cfn-resources.dat -> cfn-resources.dat
Created cfn-mode-20240602.804.tar containing:
  cfn-mode-20240602.804/
  cfn-mode-20240602.804/cfn-mode-pkg.el
  cfn-mode-20240602.804/cfn-mode.el
  cfn-mode-20240602.804/cfn-properties.dat
  cfn-mode-20240602.804/cfn-resources.dat
 ✓ Success:
  2024-06-05T23:17:52+0000  cfn-mode-20240602.804.entry
  2024-06-05T23:17:52+0000  cfn-mode-20240602.804.tar
Built cfn-mode in 6.765s, finished at 2024-06-05T23:17:55+0000
