Package: chee
Fetcher: github
Source:  https://github.com/eikek/chee.git

Updating /mnt/store/melpa/working/chee/
Checking out 669ff9ee429f24c3c2d03b83d9cb9aec5f86bb8b
Copying files (->) and directories (=>)
  from /mnt/store/melpa/working/chee/
  to /tmp/cheeILKf2e/chee-20171123.2233
  ! emacs/chee-dired.el -> chee-dired.el
  ! emacs/chee-helm.el -> chee-helm.el
  ! emacs/chee-minor.el -> chee-minor.el
  ! emacs/chee-proc.el -> chee-proc.el
  ! emacs/chee-query.el -> chee-query.el
  ! emacs/chee-settings.el -> chee-settings.el
  ! emacs/chee-utils.el -> chee-utils.el
  ! emacs/chee.el -> chee.el
Created chee-20171123.2233.tar containing:
  chee-20171123.2233/
  chee-20171123.2233/chee-dired.el
  chee-20171123.2233/chee-helm.el
  chee-20171123.2233/chee-minor.el
  chee-20171123.2233/chee-pkg.el
  chee-20171123.2233/chee-proc.el
  chee-20171123.2233/chee-query.el
  chee-20171123.2233/chee-settings.el
  chee-20171123.2233/chee-utils.el
  chee-20171123.2233/chee.el
 ✓ Success:
  2024-06-10T22:48:36+0000  chee-20171123.2233.entry
  2024-06-10T22:48:36+0000  chee-20171123.2233.tar
Built chee in 3.890s, finished at 2024-06-10T22:48:37+0000
