Package: chronometrist-key-values
Fetcher: codeberg
Source:  https://codeberg.org/contrapunctus/chronometrist.git

Updating /mnt/store/melpa/working/chronometrist-key-values/
Checking out d8290a82ea65730413627325a705067269cfa2f1
Copying files (->) and directories (=>)
  from /mnt/store/melpa/working/chronometrist-key-values/
  to /tmp/chronometrist-key-valuesoRdskh/chronometrist-key-values-20230629.1039
  ! elisp/chronometrist-key-values.el -> chronometrist-key-values.el
  ! elisp/chronometrist-spark.el -> chronometrist-spark.el
  ! elisp/chronometrist-sqlite.el -> chronometrist-sqlite.el
  ! elisp/chronometrist-third.el -> chronometrist-third.el
  ! elisp/chronometrist-key-values.org -> chronometrist-key-values.org
  ! elisp/chronometrist-spark.org -> chronometrist-spark.org
  ! elisp/chronometrist-sqlite.org -> chronometrist-sqlite.org
  ! elisp/chronometrist-third.org -> chronometrist-third.org
Created chronometrist-key-values-20230629.1039.tar containing:
  chronometrist-key-values-20230629.1039/
  chronometrist-key-values-20230629.1039/chronometrist-key-values-pkg.el
  chronometrist-key-values-20230629.1039/chronometrist-key-values.el
  chronometrist-key-values-20230629.1039/chronometrist-key-values.org
  chronometrist-key-values-20230629.1039/chronometrist-spark.el
  chronometrist-key-values-20230629.1039/chronometrist-spark.org
  chronometrist-key-values-20230629.1039/chronometrist-sqlite.el
  chronometrist-key-values-20230629.1039/chronometrist-sqlite.org
  chronometrist-key-values-20230629.1039/chronometrist-third.el
  chronometrist-key-values-20230629.1039/chronometrist-third.org
 ✓ Success:
  2024-04-02T07:12:46+0000  chronometrist-key-values-20230629.1039.entry
  2024-04-02T07:12:46+0000  chronometrist-key-values-20230629.1039.tar
Built chronometrist-key-values in 3.910s, finished at 2024-04-02T07:12:47+0000
