Package: chronos
Fetcher: github
Source:  https://github.com/DarkBuffalo/chronos.git

Updating /mnt/store/melpa/working/chronos/
Checking out 517c53f57c54ec64e1bc870a63b0f4cf1772fcf1
Copying files (->) and directories (=>)
  from /mnt/store/melpa/working/chronos/
  to /tmp/chronosJ8uip7/chronos-20230804.1712
    chronos.el -> chronos.el
    chronos.info -> chronos.info
Created chronos-20230804.1712.tar containing:
  chronos-20230804.1712/
  chronos-20230804.1712/chronos-pkg.el
  chronos-20230804.1712/chronos.el
  chronos-20230804.1712/chronos.info
  chronos-20230804.1712/dir
 ✓ Success:
  2024-04-15T23:28:02+0000  chronos-20230804.1712.entry
  2024-04-15T23:28:02+0000  chronos-20230804.1712.tar
Built chronos in 3.920s, finished at 2024-04-15T23:28:04+0000
