Package: circe
Fetcher: github
Source:  https://github.com/emacs-circe/circe.git

Updating /mnt/store/melpa/working/circe/
Checking out 7044e07ab235ae09498c430558449750ec1e6a9f
Copying files (->) and directories (=>)
  from /mnt/store/melpa/working/circe/
  to /tmp/circe3XVXLB/circe-20240227.2116
    circe-chanop.el -> circe-chanop.el
    circe-color-nicks.el -> circe-color-nicks.el
    circe-compat.el -> circe-compat.el
    circe-display-images.el -> circe-display-images.el
    circe-lagmon.el -> circe-lagmon.el
    circe-new-day-notifier.el -> circe-new-day-notifier.el
    circe-pkg.el -> circe-pkg.el
    circe.el -> circe.el
    irc.el -> irc.el
    lcs.el -> lcs.el
    lui-autopaste.el -> lui-autopaste.el
    lui-format.el -> lui-format.el
    lui-irc-colors.el -> lui-irc-colors.el
    lui-logging.el -> lui-logging.el
    lui-track-bar.el -> lui-track-bar.el
    lui-track.el -> lui-track.el
    lui.el -> lui.el
    make-tls-process.el -> make-tls-process.el
    shorten.el -> shorten.el
    tracking.el -> tracking.el
Created circe-20240227.2116.tar containing:
  circe-20240227.2116/
  circe-20240227.2116/circe-chanop.el
  circe-20240227.2116/circe-color-nicks.el
  circe-20240227.2116/circe-compat.el
  circe-20240227.2116/circe-display-images.el
  circe-20240227.2116/circe-lagmon.el
  circe-20240227.2116/circe-new-day-notifier.el
  circe-20240227.2116/circe-pkg.el
  circe-20240227.2116/circe.el
  circe-20240227.2116/irc.el
  circe-20240227.2116/lcs.el
  circe-20240227.2116/lui-autopaste.el
  circe-20240227.2116/lui-format.el
  circe-20240227.2116/lui-irc-colors.el
  circe-20240227.2116/lui-logging.el
  circe-20240227.2116/lui-track-bar.el
  circe-20240227.2116/lui-track.el
  circe-20240227.2116/lui.el
  circe-20240227.2116/make-tls-process.el
  circe-20240227.2116/shorten.el
  circe-20240227.2116/tracking.el
 ✓ Success:
  2024-04-04T23:46:00+0000  circe-20240227.2116.entry
  2024-04-04T23:46:00+0000  circe-20240227.2116.tar
Built circe in 6.132s, finished at 2024-04-04T23:46:03+0000
