Package: citar-denote
Fetcher: github
Source:  https://github.com/pprevos/citar-denote.git

Updating /mnt/store/melpa/working/citar-denote/
Checking out 3e0d031be07ec9c2f2205846191393b5783fa038
Copying files (->) and directories (=>)
  from /mnt/store/melpa/working/citar-denote/
  to /tmp/citar-denoteAA8C1T/citar-denote-20240524.924
    citar-denote.el -> citar-denote.el
    citar-denote.info -> citar-denote.info
    citar-denote.texi -> citar-denote.texi
Created citar-denote-20240524.924.tar containing:
  citar-denote-20240524.924/
  citar-denote-20240524.924/citar-denote-pkg.el
  citar-denote-20240524.924/citar-denote.el
  citar-denote-20240524.924/citar-denote.info
  citar-denote-20240524.924/dir
 ✓ Success:
  2024-06-05T23:18:40+0000  citar-denote-20240524.924.entry
  2024-06-05T23:18:40+0000  citar-denote-20240524.924.tar
Built citar-denote in 3.956s, finished at 2024-06-05T23:18:42+0000
