Package: citeproc-org
Fetcher: github
Source:  https://github.com/andras-simonyi/citeproc-org

Updating /mnt/store/melpa/working/citeproc-org/
Checking out 22a759c4f0ec80075014dcc594baa4d1b470d995
Copying files (->) and directories (=>)
  from /mnt/store/melpa/working/citeproc-org/
  to /tmp/citeproc-orgWp8qt5/citeproc-org-20200915.2009
    citeproc-org-setup.el -> citeproc-org-setup.el
    citeproc-org.el -> citeproc-org.el
    chicago-author-date.csl -> chicago-author-date.csl
    locales-en-US.xml -> locales-en-US.xml
Created citeproc-org-20200915.2009.tar containing:
  citeproc-org-20200915.2009/
  citeproc-org-20200915.2009/chicago-author-date.csl
  citeproc-org-20200915.2009/citeproc-org-pkg.el
  citeproc-org-20200915.2009/citeproc-org-setup.el
  citeproc-org-20200915.2009/citeproc-org.el
  citeproc-org-20200915.2009/locales-en-US.xml
 ✓ Success:
  2025-10-20T02:01:28+0000  citeproc-org-20200915.2009.entry
  2025-10-20T02:01:28+0000  citeproc-org-20200915.2009.tar
Built citeproc-org in 3.203s, finished at 2025-10-20T02:01:29+0000
