Package: citre
Fetcher: github
Source:  https://github.com/universal-ctags/citre.git

Updating /mnt/store/melpa/working/citre/
Checking out 13e2debf5d7fac3fa474c984fe909a4a56ba4ed6
Copying files (->) and directories (=>)
  from /mnt/store/melpa/working/citre/
  to /tmp/citreWy0GNX/citre-20240430.1338
    citre-backend-interface.el -> citre-backend-interface.el
    citre-common-tag.el -> citre-common-tag.el
    citre-common-util.el -> citre-common-util.el
    citre-config.el -> citre-config.el
    citre-ctags.el -> citre-ctags.el
    citre-global.el -> citre-global.el
    citre-lang-c.el -> citre-lang-c.el
    citre-lang-fileref.el -> citre-lang-fileref.el
    citre-lang-verilog.el -> citre-lang-verilog.el
    citre-readtags-tables.el -> citre-readtags-tables.el
    citre-readtags.el -> citre-readtags.el
    citre-tags.el -> citre-tags.el
    citre-ui-jump.el -> citre-ui-jump.el
    citre-ui-peek.el -> citre-ui-peek.el
    citre-xref-adapter.el -> citre-xref-adapter.el
    citre.el -> citre.el
Created citre-20240430.1338.tar containing:
  citre-20240430.1338/
  citre-20240430.1338/citre-backend-interface.el
  citre-20240430.1338/citre-common-tag.el
  citre-20240430.1338/citre-common-util.el
  citre-20240430.1338/citre-config.el
  citre-20240430.1338/citre-ctags.el
  citre-20240430.1338/citre-global.el
  citre-20240430.1338/citre-lang-c.el
  citre-20240430.1338/citre-lang-fileref.el
  citre-20240430.1338/citre-lang-verilog.el
  citre-20240430.1338/citre-pkg.el
  citre-20240430.1338/citre-readtags-tables.el
  citre-20240430.1338/citre-readtags.el
  citre-20240430.1338/citre-tags.el
  citre-20240430.1338/citre-ui-jump.el
  citre-20240430.1338/citre-ui-peek.el
  citre-20240430.1338/citre-xref-adapter.el
  citre-20240430.1338/citre.el
 ✓ Success:
  2024-05-04T23:12:27+0000  citre-20240430.1338.entry
  2024-05-04T23:12:26+0000  citre-20240430.1338.tar
Built citre in 8.408s, finished at 2024-05-04T23:12:31+0000
