 • Building package cl-format (from gitlab:akater/elisp-cl-format)...
Updating /mnt/store/melpa/working/cl-format/
Checking out 42b662d27eefa458c1a39bea1836d6ada740b863
Copying files (->) and directories (=>)
  from /mnt/store/melpa/working/cl-format/
  to /tmp/cl-format2EP1HM/cl-format-20230818.1726
    cl-format-builtins.el -> cl-format-builtins.el
    cl-format-def.el -> cl-format-def.el
    cl-format-pkg.el -> cl-format-pkg.el
    cl-format.el -> cl-format.el
    clisp-format.el -> clisp-format.el
Created cl-format-20230818.1726.tar containing:
  cl-format-20230818.1726/
  cl-format-20230818.1726/cl-format-builtins.el
  cl-format-20230818.1726/cl-format-def.el
  cl-format-20230818.1726/cl-format-pkg.el
  cl-format-20230818.1726/cl-format.el
  cl-format-20230818.1726/clisp-format.el
 ✓ Success:
  2025-12-07T23:47:04+0000  cl-format-20230818.1726.entry
  2025-12-07T23:47:04+0000  cl-format-20230818.1726.tar
Built cl-format in 3.902s, finished at 2025-12-07T23:47:05+0000
