 • Building package code-awareness (from github:CodeAwareness/kawa.emacs)...
Updating /mnt/store/melpa/working/code-awareness/
Checking out 16b700570ea8902830607575f3418f970dffe4c0
Copying files (->) and directories (=>)
  from /mnt/store/melpa/working/code-awareness/
  to /tmp/code-awarenessu1CyQk/code-awareness-20251117.617
    code-awareness-list-pipe.el -> code-awareness-list-pipe.el
    code-awareness-pipe.el -> code-awareness-pipe.el
    code-awareness-process-sockets.el -> code-awareness-process-sockets.el
    code-awareness.el -> code-awareness.el
Created code-awareness-20251117.617.tar containing:
  code-awareness-20251117.617/
  code-awareness-20251117.617/code-awareness-list-pipe.el
  code-awareness-20251117.617/code-awareness-pipe.el
  code-awareness-20251117.617/code-awareness-pkg.el
  code-awareness-20251117.617/code-awareness-process-sockets.el
  code-awareness-20251117.617/code-awareness.el
 ✓ Success:
  2025-12-07T23:47:48+0000  code-awareness-20251117.617.entry
  2025-12-07T23:47:48+0000  code-awareness-20251117.617.tar
Built code-awareness in 3.497s, finished at 2025-12-07T23:47:49+0000
