 • Building package codic (from github:emacsorphanage/codic)...
Updating /mnt/store/melpa/working/codic/
Checking out 52bbb6997ef4ab9fb7fea43bbfff7f04671aa557
Copying files (->) and directories (=>)
  from /mnt/store/melpa/working/codic/
  to /tmp/codicoQJsIN/codic-20150926.1127
    codic.el -> codic.el
    dict/english-entry.csv -> dict/english-entry.csv
    dict/english-translation.csv -> dict/english-translation.csv
    dict/naming-entry.csv -> dict/naming-entry.csv
    dict/naming-translation.csv -> dict/naming-translation.csv
Created codic-20150926.1127.tar containing:
  codic-20150926.1127/
  codic-20150926.1127/codic-pkg.el
  codic-20150926.1127/codic.el
  codic-20150926.1127/dict/
  codic-20150926.1127/dict/english-entry.csv
  codic-20150926.1127/dict/english-translation.csv
  codic-20150926.1127/dict/naming-entry.csv
  codic-20150926.1127/dict/naming-translation.csv
 ✓ Success:
  2025-12-07T23:47:55+0000  codic-20150926.1127.entry
  2025-12-07T23:47:55+0000  codic-20150926.1127.tar
Built codic in 2.719s, finished at 2025-12-07T23:47:56+0000
