Package: color-theme-sanityinc-solarized
Fetcher: github
Source:  https://github.com/purcell/color-theme-sanityinc-solarized.git

Updating /mnt/store/melpa/working/color-theme-sanityinc-solarized/
Checking out b8f4a65bd53b97b56b93fff2fb14f71b2831aa6f
Copying files (->) and directories (=>)
  from /mnt/store/melpa/working/color-theme-sanityinc-solarized/
  to /tmp/color-theme-sanityinc-solarized5t8Pnd/color-theme-sanityinc-solarized-20220917.1350
    color-theme-sanityinc-solarized.el -> color-theme-sanityinc-solarized.el
    sanityinc-solarized-dark-theme.el -> sanityinc-solarized-dark-theme.el
    sanityinc-solarized-light-theme.el -> sanityinc-solarized-light-theme.el
Created color-theme-sanityinc-solarized-20220917.1350.tar containing:
  color-theme-sanityinc-solarized-20220917.1350/
  color-theme-sanityinc-solarized-20220917.1350/color-theme-sanityinc-solarized-pkg.el
  color-theme-sanityinc-solarized-20220917.1350/color-theme-sanityinc-solarized.el
  color-theme-sanityinc-solarized-20220917.1350/sanityinc-solarized-dark-theme.el
  color-theme-sanityinc-solarized-20220917.1350/sanityinc-solarized-light-theme.el
 ✓ Success:
  2024-01-13T14:56:01+0000  color-theme-sanityinc-solarized-20220917.1350.entry
  2024-01-13T14:56:01+0000  color-theme-sanityinc-solarized-20220917.1350.tar
Built color-theme-sanityinc-solarized in 2.367s, finished at 2024-01-13T14:56:01+0000
