Package: color-theme-sanityinc-tomorrow
Fetcher: github
Source:  https://github.com/purcell/color-theme-sanityinc-tomorrow.git

Updating /mnt/store/melpa/working/color-theme-sanityinc-tomorrow/
Checking out e74bb5bbf714c8ec9649d161a90708f0b9b093d6
Copying files (->) and directories (=>)
  from /mnt/store/melpa/working/color-theme-sanityinc-tomorrow/
  to /tmp/color-theme-sanityinc-tomorrow2Bkmeo/color-theme-sanityinc-tomorrow-20240226.1133
    color-theme-sanityinc-tomorrow.el -> color-theme-sanityinc-tomorrow.el
    sanityinc-tomorrow-blue-theme.el -> sanityinc-tomorrow-blue-theme.el
    sanityinc-tomorrow-bright-theme.el -> sanityinc-tomorrow-bright-theme.el
    sanityinc-tomorrow-day-theme.el -> sanityinc-tomorrow-day-theme.el
    sanityinc-tomorrow-eighties-theme.el -> sanityinc-tomorrow-eighties-theme.el
    sanityinc-tomorrow-night-theme.el -> sanityinc-tomorrow-night-theme.el
Created color-theme-sanityinc-tomorrow-20240226.1133.tar containing:
  color-theme-sanityinc-tomorrow-20240226.1133/
  color-theme-sanityinc-tomorrow-20240226.1133/color-theme-sanityinc-tomorrow-pkg.el
  color-theme-sanityinc-tomorrow-20240226.1133/color-theme-sanityinc-tomorrow.el
  color-theme-sanityinc-tomorrow-20240226.1133/sanityinc-tomorrow-blue-theme.el
  color-theme-sanityinc-tomorrow-20240226.1133/sanityinc-tomorrow-bright-theme.el
  color-theme-sanityinc-tomorrow-20240226.1133/sanityinc-tomorrow-day-theme.el
  color-theme-sanityinc-tomorrow-20240226.1133/sanityinc-tomorrow-eighties-theme.el
  color-theme-sanityinc-tomorrow-20240226.1133/sanityinc-tomorrow-night-theme.el
 ✓ Success:
  2024-03-05T00:14:08+0000  color-theme-sanityinc-tomorrow-20240226.1133.entry
  2024-03-05T00:14:08+0000  color-theme-sanityinc-tomorrow-20240226.1133.tar
Built color-theme-sanityinc-tomorrow in 4.888s, finished at 2024-03-05T00:14:09+0000
