Package: color-theme
Fetcher: github
Source:  https://github.com/emacsattic/color-theme

Updating /mnt/store/melpa/working/color-theme/
Checking out 3a2f6b615f5e2401e30d93a3e0adc210bbb4b7aa
Copying files (->) and directories (=>)
  from /mnt/store/melpa/working/color-theme/
  to /tmp/color-themelWk5hX/color-theme-20190220.1115
    color-theme.el -> color-theme.el
    themes => themes
Created color-theme-20190220.1115.tar containing:
  color-theme-20190220.1115/
  color-theme-20190220.1115/color-theme-pkg.el
  color-theme-20190220.1115/color-theme.el
  color-theme-20190220.1115/themes/
  color-theme-20190220.1115/themes/color-theme-example.el
  color-theme-20190220.1115/themes/color-theme-library.el
 ✓ Success:
  2025-01-07T23:18:34+0000  color-theme-20190220.1115.entry
  2025-01-07T23:18:33+0000  color-theme-20190220.1115.tar
Built color-theme in 1.801s, finished at 2025-01-07T23:18:34+0000
