Package: company-lua
Fetcher: github
Source:  https://github.com/ptrv/company-lua.git

Updating /mnt/store/melpa/working/company-lua/
Checking out 29f6819de4d691e5fd0b62893a9f4fbc1c6fcb52
Copying files (->) and directories (=>)
  from /mnt/store/melpa/working/company-lua/
  to /tmp/company-luaIfbUla/company-lua-20171108.2306
    company-lua.el -> company-lua.el
    lua => lua
Created company-lua-20171108.2306.tar containing:
  company-lua-20171108.2306/
  company-lua-20171108.2306/company-lua-pkg.el
  company-lua-20171108.2306/company-lua.el
  company-lua-20171108.2306/lua/
  company-lua-20171108.2306/lua/api/
  company-lua-20171108.2306/lua/api/baselib.lua
  company-lua-20171108.2306/lua/api/love2d.lua
  company-lua-20171108.2306/lua/complete.lua
 ✓ Success:
  2023-12-29T14:41:54+0000  company-lua-20171108.2306.entry
  2023-12-29T14:41:54+0000  company-lua-20171108.2306.tar
Built company-lua in 3.967s, finished at 2023-12-29T14:41:55+0000
