Package: company
Fetcher: github
Source:  https://github.com/company-mode/company-mode.git

Updating /mnt/store/melpa/working/company/
Checking out 6c7731d4ec1e43199ea328e1691999b4fe8967a8
Copying files (->) and directories (=>)
  from /mnt/store/melpa/working/company/
  to /tmp/companyCpsEtC/company-20240524.206
    company-abbrev.el -> company-abbrev.el
    company-bbdb.el -> company-bbdb.el
    company-capf.el -> company-capf.el
    company-clang.el -> company-clang.el
    company-cmake.el -> company-cmake.el
    company-css.el -> company-css.el
    company-dabbrev-code.el -> company-dabbrev-code.el
    company-dabbrev.el -> company-dabbrev.el
    company-etags.el -> company-etags.el
    company-files.el -> company-files.el
    company-gtags.el -> company-gtags.el
    company-ispell.el -> company-ispell.el
    company-keywords.el -> company-keywords.el
    company-nxml.el -> company-nxml.el
    company-oddmuse.el -> company-oddmuse.el
    company-semantic.el -> company-semantic.el
    company-template.el -> company-template.el
    company-tempo.el -> company-tempo.el
    company-tng.el -> company-tng.el
    company-yasnippet.el -> company-yasnippet.el
    company.el -> company.el
  ! doc/company.texi -> company.texi
    icons => icons
  ! doc/images/small/echo-meta.png -> images/small/echo-meta.png
  ! doc/images/small/echo-qa.png -> images/small/echo-qa.png
  ! doc/images/small/echo-strip-qa.png -> images/small/echo-strip-qa.png
  ! doc/images/small/echo-strip.png -> images/small/echo-strip.png
  ! doc/images/small/echo.png -> images/small/echo.png
  ! doc/images/small/preview-dark.png -> images/small/preview-dark.png
  ! doc/images/small/preview-light.png -> images/small/preview-light.png
  ! doc/images/small/tooltip-annotations.png -> images/small/tooltip-annotations.png
  ! doc/images/small/tooltip-faces-light.png -> images/small/tooltip-faces-light.png
  ! doc/images/small/tooltip-filter.png -> images/small/tooltip-filter.png
  ! doc/images/small/tooltip-flip.png -> images/small/tooltip-flip.png
  ! doc/images/small/tooltip-icon-bg.png -> images/small/tooltip-icon-bg.png
  ! doc/images/small/tooltip-icon-face.png -> images/small/tooltip-icon-face.png
  ! doc/images/small/tooltip-icons-dot.png -> images/small/tooltip-icons-dot.png
  ! doc/images/small/tooltip-icons-text.png -> images/small/tooltip-icons-text.png
  ! doc/images/small/tooltip-icons-vscode.png -> images/small/tooltip-icons-vscode.png
  ! doc/images/small/tooltip-limit.png -> images/small/tooltip-limit.png
  ! doc/images/small/tooltip-margin.png -> images/small/tooltip-margin.png
  ! doc/images/small/tooltip-minimum-above.png -> images/small/tooltip-minimum-above.png
  ! doc/images/small/tooltip-minimum-below.png -> images/small/tooltip-minimum-below.png
  ! doc/images/small/tooltip-offset-display.png -> images/small/tooltip-offset-display.png
  ! doc/images/small/tooltip-qa-faces-light.png -> images/small/tooltip-qa-faces-light.png
  ! doc/images/small/tooltip-quick-access.png -> images/small/tooltip-quick-access.png
  ! doc/images/small/tooltip-search.png -> images/small/tooltip-search.png
Generating /tmp/companyCpsEtC/company-20240524.206/company.info
Created company-20240524.206.tar containing:
  company-20240524.206/
  company-20240524.206/company-abbrev.el
  company-20240524.206/company-bbdb.el
  company-20240524.206/company-capf.el
  company-20240524.206/company-clang.el
  company-20240524.206/company-cmake.el
  company-20240524.206/company-css.el
  company-20240524.206/company-dabbrev-code.el
  company-20240524.206/company-dabbrev.el
  company-20240524.206/company-etags.el
  company-20240524.206/company-files.el
  company-20240524.206/company-gtags.el
  company-20240524.206/company-ispell.el
  company-20240524.206/company-keywords.el
  company-20240524.206/company-nxml.el
  company-20240524.206/company-oddmuse.el
  company-20240524.206/company-pkg.el
  company-20240524.206/company-semantic.el
  company-20240524.206/company-template.el
  company-20240524.206/company-tempo.el
  company-20240524.206/company-tng.el
  company-20240524.206/company-yasnippet.el
  company-20240524.206/company.el
  company-20240524.206/company.info
  company-20240524.206/dir
  company-20240524.206/icons/
  company-20240524.206/icons/LICENSE
  company-20240524.206/icons/attribution.md
  company-20240524.206/icons/vscode-dark/
  company-20240524.206/icons/vscode-dark/folder.svg
  company-20240524.206/icons/vscode-dark/references.svg
  company-20240524.206/icons/vscode-dark/symbol-array.svg
  company-20240524.206/icons/vscode-dark/symbol-boolean.svg
  company-20240524.206/icons/vscode-dark/symbol-class.svg
  company-20240524.206/icons/vscode-dark/symbol-color.svg
  company-20240524.206/icons/vscode-dark/symbol-constant.svg
  company-20240524.206/icons/vscode-dark/symbol-enumerator-member.svg
  company-20240524.206/icons/vscode-dark/symbol-enumerator.svg
  company-20240524.206/icons/vscode-dark/symbol-event.svg
  company-20240524.206/icons/vscode-dark/symbol-field.svg
  company-20240524.206/icons/vscode-dark/symbol-file.svg
  company-20240524.206/icons/vscode-dark/symbol-interface.svg
  company-20240524.206/icons/vscode-dark/symbol-key.svg
  company-20240524.206/icons/vscode-dark/symbol-keyword.svg
  company-20240524.206/icons/vscode-dark/symbol-method.svg
  company-20240524.206/icons/vscode-dark/symbol-misc.svg
  company-20240524.206/icons/vscode-dark/symbol-namespace.svg
  company-20240524.206/icons/vscode-dark/symbol-numeric.svg
  company-20240524.206/icons/vscode-dark/symbol-operator.svg
  company-20240524.206/icons/vscode-dark/symbol-parameter.svg
  company-20240524.206/icons/vscode-dark/symbol-property.svg
  company-20240524.206/icons/vscode-dark/symbol-ruler.svg
  company-20240524.206/icons/vscode-dark/symbol-snippet.svg
  company-20240524.206/icons/vscode-dark/symbol-string.svg
  company-20240524.206/icons/vscode-dark/symbol-structure.svg
  company-20240524.206/icons/vscode-dark/symbol-variable.svg
  company-20240524.206/icons/vscode-light/
  company-20240524.206/icons/vscode-light/folder.svg
  company-20240524.206/icons/vscode-light/references.svg
  company-20240524.206/icons/vscode-light/symbol-array.svg
  company-20240524.206/icons/vscode-light/symbol-boolean.svg
  company-20240524.206/icons/vscode-light/symbol-class.svg
  company-20240524.206/icons/vscode-light/symbol-color.svg
  company-20240524.206/icons/vscode-light/symbol-constant.svg
  company-20240524.206/icons/vscode-light/symbol-enumerator-member.svg
  company-20240524.206/icons/vscode-light/symbol-enumerator.svg
  company-20240524.206/icons/vscode-light/symbol-event.svg
  company-20240524.206/icons/vscode-light/symbol-field.svg
  company-20240524.206/icons/vscode-light/symbol-file.svg
  company-20240524.206/icons/vscode-light/symbol-interface.svg
  company-20240524.206/icons/vscode-light/symbol-key.svg
  company-20240524.206/icons/vscode-light/symbol-keyword.svg
  company-20240524.206/icons/vscode-light/symbol-method.svg
  company-20240524.206/icons/vscode-light/symbol-misc.svg
  company-20240524.206/icons/vscode-light/symbol-namespace.svg
  company-20240524.206/icons/vscode-light/symbol-numeric.svg
  company-20240524.206/icons/vscode-light/symbol-operator.svg
  company-20240524.206/icons/vscode-light/symbol-parameter.svg
  company-20240524.206/icons/vscode-light/symbol-property.svg
  company-20240524.206/icons/vscode-light/symbol-ruler.svg
  company-20240524.206/icons/vscode-light/symbol-snippet.svg
  company-20240524.206/icons/vscode-light/symbol-string.svg
  company-20240524.206/icons/vscode-light/symbol-structure.svg
  company-20240524.206/icons/vscode-light/symbol-variable.svg
  company-20240524.206/images/
  company-20240524.206/images/small/
  company-20240524.206/images/small/echo-meta.png
  company-20240524.206/images/small/echo-qa.png
  company-20240524.206/images/small/echo-strip-qa.png
  company-20240524.206/images/small/echo-strip.png
  company-20240524.206/images/small/echo.png
  company-20240524.206/images/small/preview-dark.png
  company-20240524.206/images/small/preview-light.png
  company-20240524.206/images/small/tooltip-annotations.png
  company-20240524.206/images/small/tooltip-faces-light.png
  company-20240524.206/images/small/tooltip-filter.png
  company-20240524.206/images/small/tooltip-flip.png
  company-20240524.206/images/small/tooltip-icon-bg.png
  company-20240524.206/images/small/tooltip-icon-face.png
  company-20240524.206/images/small/tooltip-icons-dot.png
  company-20240524.206/images/small/tooltip-icons-text.png
  company-20240524.206/images/small/tooltip-icons-vscode.png
  company-20240524.206/images/small/tooltip-limit.png
  company-20240524.206/images/small/tooltip-margin.png
  company-20240524.206/images/small/tooltip-minimum-above.png
  company-20240524.206/images/small/tooltip-minimum-below.png
  company-20240524.206/images/small/tooltip-offset-display.png
  company-20240524.206/images/small/tooltip-qa-faces-light.png
  company-20240524.206/images/small/tooltip-quick-access.png
  company-20240524.206/images/small/tooltip-search.png
 ✓ Success:
  2024-05-27T23:28:47+0000  company-20240524.206.entry
  2024-05-27T23:28:47+0000  company-20240524.206.tar
Built company in 10.081s, finished at 2024-05-27T23:28:48+0000
