Package: company-forge
Fetcher: github
Source:  https://github.com/pkryger/company-forge.el

Updating /mnt/store/melpa/working/company-forge/
Checking out a0375abbdf8d7f269cc22903c49c53ee6bb74684
Copying files (->) and directories (=>)
  from /mnt/store/melpa/working/company-forge/
  to /tmp/company-forgeoscuKC/company-forge-20250328.912
    company-forge.el -> company-forge.el
    icons => icons
Created company-forge-20250328.912.tar containing:
  company-forge-20250328.912/
  company-forge-20250328.912/company-forge-pkg.el
  company-forge-20250328.912/company-forge.el
  company-forge-20250328.912/icons/
  company-forge-20250328.912/icons/LICENSE.txt
  company-forge-20250328.912/icons/comment-discussion-16.svg
  company-forge-20250328.912/icons/discussion-closed-16.svg
  company-forge-20250328.912/icons/discussion-duplicate-16.svg
  company-forge-20250328.912/icons/discussion-outdated-16.svg
  company-forge-20250328.912/icons/git-merge-16.svg
  company-forge-20250328.912/icons/git-pull-request-16.svg
  company-forge-20250328.912/icons/git-pull-request-closed-16.svg
  company-forge-20250328.912/icons/git-pull-request-draft-16.svg
  company-forge-20250328.912/icons/issue-closed-16.svg
  company-forge-20250328.912/icons/issue-draft-16.svg
  company-forge-20250328.912/icons/issue-opened-16.svg
  company-forge-20250328.912/icons/people-16.svg
  company-forge-20250328.912/icons/person-16.svg
 ✓ Success:
  2025-04-01T00:21:38+0000  company-forge-20250328.912.entry
  2025-04-01T00:21:38+0000  company-forge-20250328.912.tar
Built company-forge in 3.160s, finished at 2025-04-01T00:21:39+0000
