Package: company-qml
Fetcher: github
Source:  https://github.com/cute-jumper/company-qml

Updating /mnt/store/melpa/working/company-qml/
Checking out 4af4f32a7ad86d86bb9293fb0b675aec513b5736
Copying files (->) and directories (=>)
  from /mnt/store/melpa/working/company-qml/
  to /tmp/company-qml1U5E6C/company-qml-20170428.1708
    company-qml.el -> company-qml.el
    qmltypes-parser.el -> qmltypes-parser.el
    qmltypes-table.el -> qmltypes-table.el
Created company-qml-20170428.1708.tar containing:
  company-qml-20170428.1708/
  company-qml-20170428.1708/company-qml-pkg.el
  company-qml-20170428.1708/company-qml.el
  company-qml-20170428.1708/qmltypes-parser.el
  company-qml-20170428.1708/qmltypes-table.el
 ✓ Success:
  2025-04-07T22:36:21+0000  company-qml-20170428.1708.entry
  2025-04-07T22:36:20+0000  company-qml-20170428.1708.tar
Built company-qml in 3.399s, finished at 2025-04-07T22:36:22+0000
