Package: consult-gh
Fetcher: github
Source:  https://github.com/armindarvish/consult-gh

Updating /mnt/store/melpa/working/consult-gh/
Checking out 0a62a3bfe03f772357bdd8f4caade986433166b8
Copying files (->) and directories (=>)
  from /mnt/store/melpa/working/consult-gh/
  to /tmp/consult-gh6jqLjw/consult-gh-20250214.2256
    consult-gh.el -> consult-gh.el
    consult-gh-transient.el -> consult-gh-transient.el
Created consult-gh-20250214.2256.tar containing:
  consult-gh-20250214.2256/
  consult-gh-20250214.2256/consult-gh-pkg.el
  consult-gh-20250214.2256/consult-gh-transient.el
  consult-gh-20250214.2256/consult-gh.el
 ✓ Success:
  2025-02-14T21:46:30+0000  consult-gh-20250213.701.entry
  2025-02-14T21:46:30+0000  consult-gh-20250213.701.tar
  2025-02-15T00:17:14+0000  consult-gh-20250214.2256.entry
  2025-02-15T00:17:14+0000  consult-gh-20250214.2256.tar
Built consult-gh in 1.913s, finished at 2025-02-15T00:17:14+0000
