Package: consult-notes
Fetcher: github
Source:  https://github.com/mclear-tools/consult-notes.git

Updating /mnt/store/melpa/working/consult-notes/
Checking out c97420c8e91aaae214be7de897eb7eb9b7843520
Copying files (->) and directories (=>)
  from /mnt/store/melpa/working/consult-notes/
  to /tmp/consult-notesPXClgf/consult-notes-20240516.1423
    consult-notes-denote.el -> consult-notes-denote.el
    consult-notes-org-headings.el -> consult-notes-org-headings.el
    consult-notes-org-roam.el -> consult-notes-org-roam.el
    consult-notes.el -> consult-notes.el
Created consult-notes-20240516.1423.tar containing:
  consult-notes-20240516.1423/
  consult-notes-20240516.1423/consult-notes-denote.el
  consult-notes-20240516.1423/consult-notes-org-headings.el
  consult-notes-20240516.1423/consult-notes-org-roam.el
  consult-notes-20240516.1423/consult-notes-pkg.el
  consult-notes-20240516.1423/consult-notes.el
 ✓ Success:
  2024-05-15T20:56:07+0000  consult-notes-20240508.2046.entry
  2024-05-15T20:56:06+0000  consult-notes-20240508.2046.tar
  2024-05-19T22:45:54+0000  consult-notes-20240516.1423.entry
  2024-05-19T22:45:54+0000  consult-notes-20240516.1423.tar
Built consult-notes in 5.149s, finished at 2024-05-19T22:45:56+0000
