Package: consult
Fetcher: github
Source:  https://github.com/minad/consult

Updating /mnt/store/melpa/working/consult/
Checking out 7944956bc4df9972a26ae4970fab942542751fe3
Copying files (->) and directories (=>)
  from /mnt/store/melpa/working/consult/
  to /tmp/consultAbjJO8/consult-20250110.600
    consult-compile.el -> consult-compile.el
    consult-flymake.el -> consult-flymake.el
    consult-imenu.el -> consult-imenu.el
    consult-info.el -> consult-info.el
    consult-kmacro.el -> consult-kmacro.el
    consult-org.el -> consult-org.el
    consult-register.el -> consult-register.el
    consult-xref.el -> consult-xref.el
    consult.el -> consult.el
Created consult-20250110.600.tar containing:
  consult-20250110.600/
  consult-20250110.600/consult-compile.el
  consult-20250110.600/consult-flymake.el
  consult-20250110.600/consult-imenu.el
  consult-20250110.600/consult-info.el
  consult-20250110.600/consult-kmacro.el
  consult-20250110.600/consult-org.el
  consult-20250110.600/consult-pkg.el
  consult-20250110.600/consult-register.el
  consult-20250110.600/consult-xref.el
  consult-20250110.600/consult.el
 ✓ Success:
  2025-01-10T23:14:04+0000  consult-20250110.600.entry
  2025-01-10T23:14:04+0000  consult-20250110.600.tar
Built consult in 3.593s, finished at 2025-01-10T23:14:04+0000
