Package: corfu
Fetcher: github
Source:  https://github.com/minad/corfu.git

Updating /mnt/store/melpa/working/corfu/
Checking out 977ba4b89a68924d6f4137859a8ce6dd0c6884dc
Copying files (->) and directories (=>)
  from /mnt/store/melpa/working/corfu/
  to /tmp/corfuQ1XuBm/corfu-20240704.1510
    corfu.el -> corfu.el
  ! extensions/corfu-echo.el -> corfu-echo.el
  ! extensions/corfu-history.el -> corfu-history.el
  ! extensions/corfu-indexed.el -> corfu-indexed.el
  ! extensions/corfu-info.el -> corfu-info.el
  ! extensions/corfu-popupinfo.el -> corfu-popupinfo.el
  ! extensions/corfu-quick.el -> corfu-quick.el
Created corfu-20240704.1510.tar containing:
  corfu-20240704.1510/
  corfu-20240704.1510/corfu-echo.el
  corfu-20240704.1510/corfu-history.el
  corfu-20240704.1510/corfu-indexed.el
  corfu-20240704.1510/corfu-info.el
  corfu-20240704.1510/corfu-pkg.el
  corfu-20240704.1510/corfu-popupinfo.el
  corfu-20240704.1510/corfu-quick.el
  corfu-20240704.1510/corfu.el
 ✓ Success:
  2024-07-04T23:02:06+0000  corfu-20240704.1510.entry
  2024-07-04T23:02:06+0000  corfu-20240704.1510.tar
Built corfu in 4.749s, finished at 2024-07-04T23:02:08+0000
