 • Building package counsel-spotify (from github:Lautaro-Garcia/counsel-spotify)...
Updating /mnt/store/melpa/working/counsel-spotify/
Checking out 2743ad52a9def53534fd505397fbe1ac49e53015
Copying files (->) and directories (=>)
  from /mnt/store/melpa/working/counsel-spotify/
  to /tmp/counsel-spotify5TNUgj/counsel-spotify-20200818.2055
    counsel-spotify-backends.el -> counsel-spotify-backends.el
    counsel-spotify-messages.el -> counsel-spotify-messages.el
    counsel-spotify-notifications.el -> counsel-spotify-notifications.el
    counsel-spotify-search.el -> counsel-spotify-search.el
    counsel-spotify.el -> counsel-spotify.el
Created counsel-spotify-20200818.2055.tar containing:
  counsel-spotify-20200818.2055/
  counsel-spotify-20200818.2055/counsel-spotify-backends.el
  counsel-spotify-20200818.2055/counsel-spotify-messages.el
  counsel-spotify-20200818.2055/counsel-spotify-notifications.el
  counsel-spotify-20200818.2055/counsel-spotify-pkg.el
  counsel-spotify-20200818.2055/counsel-spotify-search.el
  counsel-spotify-20200818.2055/counsel-spotify.el
 ✓ Success:
  2025-12-29T00:19:27+0000  counsel-spotify-20200818.2055.entry
  2025-12-29T00:19:27+0000  counsel-spotify-20200818.2055.tar
Built counsel-spotify in 3.316s, finished at 2025-12-29T00:19:28+0000
