Package: creamsody-theme
Fetcher: github
Source:  https://github.com/emacsfodder/emacs-theme-creamsody.git

Updating /mnt/store/melpa/working/creamsody-theme/
Checking out 5f1bd04241cae39845336a18ea5eab3c5046f6ec
Copying files (->) and directories (=>)
  from /mnt/store/melpa/working/creamsody-theme/
  to /tmp/creamsody-themekOPZe9/creamsody-theme-20230826.1651
    creamsody-dark-theme.el -> creamsody-dark-theme.el
    creamsody-darker-theme.el -> creamsody-darker-theme.el
    creamsody-theme.el -> creamsody-theme.el
    creamsody.el -> creamsody.el
Created creamsody-theme-20230826.1651.tar containing:
  creamsody-theme-20230826.1651/
  creamsody-theme-20230826.1651/creamsody-dark-theme.el
  creamsody-theme-20230826.1651/creamsody-darker-theme.el
  creamsody-theme-20230826.1651/creamsody-theme-pkg.el
  creamsody-theme-20230826.1651/creamsody-theme.el
  creamsody-theme-20230826.1651/creamsody.el
 ✓ Success:
  2024-01-06T23:59:47+0000  creamsody-theme-20230826.1651.entry
  2024-01-06T23:59:46+0000  creamsody-theme-20230826.1651.tar
Built creamsody-theme in 5.528s, finished at 2024-01-06T23:59:49+0000
