Package: csound-mode
Fetcher: github
Source:  https://github.com/hlolli/csound-mode

Updating /mnt/store/melpa/working/csound-mode/
Checking out 4a6aa20ad919f088d65b903814453bd56266cf77
Copying files (->) and directories (=>)
  from /mnt/store/melpa/working/csound-mode/
  to /tmp/csound-modecq3Y0f/csound-mode-20250310.1026
    csound-eldoc.el -> csound-eldoc.el
    csound-font-lock.el -> csound-font-lock.el
    csound-indentation.el -> csound-indentation.el
    csound-manual-lookup.el -> csound-manual-lookup.el
    csound-mode.el -> csound-mode.el
    csound-opcodes.el -> csound-opcodes.el
    csound-repl-interaction.el -> csound-repl-interaction.el
    csound-repl.el -> csound-repl.el
    csound-score.el -> csound-score.el
    csound-skeleton.el -> csound-skeleton.el
    csound-util.el -> csound-util.el
Created csound-mode-20250310.1026.tar containing:
  csound-mode-20250310.1026/
  csound-mode-20250310.1026/csound-eldoc.el
  csound-mode-20250310.1026/csound-font-lock.el
  csound-mode-20250310.1026/csound-indentation.el
  csound-mode-20250310.1026/csound-manual-lookup.el
  csound-mode-20250310.1026/csound-mode-pkg.el
  csound-mode-20250310.1026/csound-mode.el
  csound-mode-20250310.1026/csound-opcodes.el
  csound-mode-20250310.1026/csound-repl-interaction.el
  csound-mode-20250310.1026/csound-repl.el
  csound-mode-20250310.1026/csound-score.el
  csound-mode-20250310.1026/csound-skeleton.el
  csound-mode-20250310.1026/csound-util.el
 ✓ Success:
  2025-03-13T22:33:18+0000  csound-mode-20250310.1026.entry
  2025-03-13T22:33:18+0000  csound-mode-20250310.1026.tar
Built csound-mode in 3.693s, finished at 2025-03-13T22:33:19+0000
