Package: ctune
Fetcher: github
Source:  https://github.com/maurooaranda/ctune

Updating /mnt/store/melpa/working/ctune/
Checking out 84c98709273d40a27a9c42ad6d44e7ba7f15abe5
Copying files (->) and directories (=>)
  from /mnt/store/melpa/working/ctune/
  to /tmp/ctuneACITpY/ctune-20250309.2219
    ctune.el -> ctune.el
    ctune.texi -> ctune.texi
Generating ctune.info
Created ctune-20250309.2219.tar containing:
  ctune-20250309.2219/
  ctune-20250309.2219/ctune-pkg.el
  ctune-20250309.2219/ctune.el
  ctune-20250309.2219/ctune.info
  ctune-20250309.2219/dir
 ✓ Success:
  2025-03-09T20:17:11+0000  ctune-20250306.1119.entry
  2025-03-09T20:17:11+0000  ctune-20250306.1119.tar
  2025-03-09T22:43:09+0000  ctune-20250309.2219.entry
  2025-03-09T22:43:09+0000  ctune-20250309.2219.tar
Built ctune in 4.380s, finished at 2025-03-09T22:43:10+0000
