Package: daemons
Fetcher: github
Source:  https://github.com/cbowdon/daemons.el

Updating /mnt/store/melpa/working/daemons/
Checking out e1c0f5bb940b8149e0db414cc77c1ce504f5e3eb
Copying files (->) and directories (=>)
  from /mnt/store/melpa/working/daemons/
  to /tmp/daemons0TX4Du/daemons-20241223.1448
    daemons-brew.el -> daemons-brew.el
    daemons-openrc.el -> daemons-openrc.el
    daemons-shepherd.el -> daemons-shepherd.el
    daemons-systemd.el -> daemons-systemd.el
    daemons-sysvinit.el -> daemons-sysvinit.el
    daemons.el -> daemons.el
Created daemons-20241223.1448.tar containing:
  daemons-20241223.1448/
  daemons-20241223.1448/daemons-brew.el
  daemons-20241223.1448/daemons-openrc.el
  daemons-20241223.1448/daemons-pkg.el
  daemons-20241223.1448/daemons-shepherd.el
  daemons-20241223.1448/daemons-systemd.el
  daemons-20241223.1448/daemons-sysvinit.el
  daemons-20241223.1448/daemons.el
 ✓ Success:
  2024-12-27T23:33:21+0000  daemons-20241223.1448.entry
  2024-12-27T23:33:21+0000  daemons-20241223.1448.tar
Built daemons in 2.728s, finished at 2024-12-27T23:33:22+0000
