Package: danneskjold-theme
Fetcher: github
Source:  https://github.com/rails-to-cosmos/danneskjold-theme.git

Updating /mnt/store/melpa/working/danneskjold-theme/
Checking out b3335e44f468c019c95a8210ce1ed9fe23c65735
Copying files (->) and directories (=>)
  from /mnt/store/melpa/working/danneskjold-theme/
  to /tmp/danneskjold-themem6mncd/danneskjold-theme-20231110.722
    danneskjold-light-theme.el -> danneskjold-light-theme.el
    danneskjold-theme-pkg.el -> danneskjold-theme-pkg.el
    danneskjold-theme.el -> danneskjold-theme.el
Created danneskjold-theme-20231110.722.tar containing:
  danneskjold-theme-20231110.722/
  danneskjold-theme-20231110.722/danneskjold-light-theme.el
  danneskjold-theme-20231110.722/danneskjold-theme-pkg.el
  danneskjold-theme-20231110.722/danneskjold-theme.el
 ✓ Success:
  2024-04-27T00:10:23+0000  danneskjold-theme-20231110.722.entry
  2024-04-27T00:10:23+0000  danneskjold-theme-20231110.722.tar
Built danneskjold-theme in 7.379s, finished at 2024-04-27T00:10:26+0000
