Package: darkman
Fetcher: sourcehut
Source:  https://git.sr.ht/~grtcdr/darkman.el

Updating /mnt/store/melpa/working/darkman/
Checking out ecbeeee3b596123755ebb2d2b4bc0399b086ccbf
Copying files (->) and directories (=>)
  from /mnt/store/melpa/working/darkman/
  to /tmp/darkmanM02Dqy/darkman-20240105.1401
    darkman.el -> darkman.el
    MANUAL.texi -> MANUAL.texi
Generating /tmp/darkmanM02Dqy/darkman-20240105.1401/MANUAL.info
Created darkman-20240105.1401.tar containing:
  darkman-20240105.1401/
  darkman-20240105.1401/MANUAL.info
  darkman-20240105.1401/darkman-pkg.el
  darkman-20240105.1401/darkman.el
  darkman-20240105.1401/dir
 ✓ Success:
  2024-01-17T07:12:21+0000  darkman-20240105.1401.entry
  2024-01-17T07:12:21+0000  darkman-20240105.1401.tar
Built darkman in 7.834s, finished at 2024-01-17T07:12:24+0000
