Package: daselt
Fetcher: gitlab
Source:  https://gitlab.com/nameiwillforget/d-emacs

Updating /mnt/store/melpa/working/daselt/
Checking out b3df3640209a1148807be74ab17f8e4db5e9654a
Copying files (->) and directories (=>)
  from /mnt/store/melpa/working/daselt/
  to /tmp/daselt4Ims2p/daselt-20250620.2142
    daselt.el -> daselt.el
    daselt-base.el -> daselt-base.el
    daselt-coords.el -> daselt-coords.el
    daselt-xkb.el -> daselt-xkb.el
    daselt-dfk.el -> daselt-dfk.el
    daselt-bind.el -> daselt-bind.el
    daselt-dirs.el -> daselt-dirs.el
    example-user-defined-bindlist.dbl -> example-user-defined-bindlist.dbl
Created daselt-20250620.2142.tar containing:
  daselt-20250620.2142/
  daselt-20250620.2142/daselt-base.el
  daselt-20250620.2142/daselt-bind.el
  daselt-20250620.2142/daselt-coords.el
  daselt-20250620.2142/daselt-dfk.el
  daselt-20250620.2142/daselt-dirs.el
  daselt-20250620.2142/daselt-pkg.el
  daselt-20250620.2142/daselt-xkb.el
  daselt-20250620.2142/daselt.el
  daselt-20250620.2142/example-user-defined-bindlist.dbl
 ✓ Success:
  2025-06-23T00:25:05+0000  daselt-20250620.2142.entry
  2025-06-23T00:25:05+0000  daselt-20250620.2142.tar
Built daselt in 4.822s, finished at 2025-06-23T00:25:06+0000
