Package: dash
Fetcher: github
Source:  https://github.com/magnars/dash.el.git

Updating /mnt/store/melpa/working/dash/
Checking out e32a70ca636bad42232b6c79f1491dc86802a721
Copying files (->) and directories (=>)
  from /mnt/store/melpa/working/dash/
  to /tmp/dashgyMq08/dash-20240103.1301
    dash.el -> dash.el
    dash.texi -> dash.texi
Generating /tmp/dashgyMq08/dash-20240103.1301/dash.info
Created dash-20240103.1301.tar containing:
  dash-20240103.1301/
  dash-20240103.1301/dash-pkg.el
  dash-20240103.1301/dash.el
  dash-20240103.1301/dash.info
  dash-20240103.1301/dir
 ✓ Success:
  2024-01-11T15:49:25+0000  dash-20240103.1301.entry
  2024-01-11T15:49:25+0000  dash-20240103.1301.tar
Built dash in 18.138s, finished at 2024-01-11T15:49:27+0000
