Package: debian-el
Fetcher: git
Source:  https://salsa.debian.org/emacsen-team/debian-el.git

Updating /mnt/store/melpa/working/debian-el/
Checking out 116b3e7c839bf52fa01adba0758487a47cade87a
Copying files (->) and directories (=>)
  from /mnt/store/melpa/working/debian-el/
  to /tmp/debian-elqe1734/debian-el-20240508.2258
    apt-sources.el -> apt-sources.el
    apt-utils.el -> apt-utils.el
    deb-view.el -> deb-view.el
    debian-autoloads.el -> debian-autoloads.el
    debian-bug.el -> debian-bug.el
    debian-el.el -> debian-el.el
    gnus-BTS.el -> gnus-BTS.el
    preseed.el -> preseed.el
    debian-el.texi -> debian-el.texi
Generating /tmp/debian-elqe1734/debian-el-20240508.2258/debian-el.info
Created debian-el-20240508.2258.tar containing:
  debian-el-20240508.2258/
  debian-el-20240508.2258/apt-sources.el
  debian-el-20240508.2258/apt-utils.el
  debian-el-20240508.2258/deb-view.el
  debian-el-20240508.2258/debian-autoloads.el
  debian-el-20240508.2258/debian-bug.el
  debian-el-20240508.2258/debian-el-pkg.el
  debian-el-20240508.2258/debian-el.el
  debian-el-20240508.2258/debian-el.info
  debian-el-20240508.2258/dir
  debian-el-20240508.2258/gnus-BTS.el
  debian-el-20240508.2258/preseed.el
 ✓ Success:
  2024-05-10T23:23:06+0000  debian-el-20240508.2258.entry
  2024-05-10T23:23:06+0000  debian-el-20240508.2258.tar
Built debian-el in 8.953s, finished at 2024-05-10T23:23:08+0000
