Package: decide
Fetcher: github
Source:  https://github.com/lifelike/decide-mode

Updating /mnt/store/melpa/working/decide/
Checking out cdd1cf76fdf4f08fb9dbe7de25b59af81337cce6
Copying files (->) and directories (=>)
  from /mnt/store/melpa/working/decide/
  to /tmp/decide7eTs6n/decide-20241013.2142
    decide.el -> decide.el
    test-decide.el -> test-decide.el
Created decide-20241013.2142.tar containing:
  decide-20241013.2142/
  decide-20241013.2142/decide-pkg.el
  decide-20241013.2142/decide.el
  decide-20241013.2142/test-decide.el
 ✓ Success:
  2024-10-13T21:27:24+0000  decide-20230424.1647.entry
  2024-10-13T21:27:24+0000  decide-20230424.1647.tar
  2024-10-13T23:44:34+0000  decide-20241013.2142.entry
  2024-10-13T23:44:34+0000  decide-20241013.2142.tar
Built decide in 2.686s, finished at 2024-10-13T23:44:35+0000
