Package: demap
Fetcher: gitlab
Source:  https://gitlab.com/sawyerjgardner/demap.el

Updating /mnt/store/melpa/working/demap/
Checking out c42ec4752544f80ca7c172ff65e705a56089bc96
Copying files (->) and directories (=>)
  from /mnt/store/melpa/working/demap/
  to /tmp/demapV5jEk2/demap-20220322.2309
    demap-minimap.el -> demap-minimap.el
    demap-modes.el -> demap-modes.el
    demap-tools.el -> demap-tools.el
    demap.el -> demap.el
Created demap-20220322.2309.tar containing:
  demap-20220322.2309/
  demap-20220322.2309/demap-minimap.el
  demap-20220322.2309/demap-modes.el
  demap-20220322.2309/demap-pkg.el
  demap-20220322.2309/demap-tools.el
  demap-20220322.2309/demap.el
 ✓ Success:
  2025-10-06T01:42:11+0000  demap-20220322.2309.entry
  2025-10-06T01:42:11+0000  demap-20220322.2309.tar
Built demap in 3.826s, finished at 2025-10-06T01:42:12+0000
