Package: denote-explore
Fetcher: github
Source:  https://github.com/pprevos/denote-explore.git

Updating /mnt/store/melpa/working/denote-explore/
Checking out 582625008aa2807e13630cd4f319dda920ba78ae
Copying files (->) and directories (=>)
  from /mnt/store/melpa/working/denote-explore/
  to /tmp/denote-explore7o2UkX/denote-explore-20240314.746
    denote-explore-dashboard.el -> denote-explore-dashboard.el
    denote-explore.el -> denote-explore.el
    denote-explore-network.R -> denote-explore-network.R
Created denote-explore-20240314.746.tar containing:
  denote-explore-20240314.746/
  denote-explore-20240314.746/denote-explore-dashboard.el
  denote-explore-20240314.746/denote-explore-network.R
  denote-explore-20240314.746/denote-explore-pkg.el
  denote-explore-20240314.746/denote-explore.el
 ✓ Success:
  2024-03-14T23:43:55+0000  denote-explore-20240314.746.entry
  2024-03-14T23:43:55+0000  denote-explore-20240314.746.tar
Built denote-explore in 5.038s, finished at 2024-03-14T23:43:58+0000
