Package: diff-hl
Fetcher: github
Source:  https://github.com/dgutov/diff-hl

Updating /mnt/store/melpa/working/diff-hl/
Checking out 256461d8d4facc58db665c9450919735b38b944a
Copying files (->) and directories (=>)
  from /mnt/store/melpa/working/diff-hl/
  to /tmp/diff-hlMAT3xR/diff-hl-20241011.2232
    diff-hl-amend.el -> diff-hl-amend.el
    diff-hl-dired.el -> diff-hl-dired.el
    diff-hl-flydiff.el -> diff-hl-flydiff.el
    diff-hl-inline-popup.el -> diff-hl-inline-popup.el
    diff-hl-margin.el -> diff-hl-margin.el
    diff-hl-show-hunk-posframe.el -> diff-hl-show-hunk-posframe.el
    diff-hl-show-hunk.el -> diff-hl-show-hunk.el
    diff-hl.el -> diff-hl.el
Created diff-hl-20241011.2232.tar containing:
  diff-hl-20241011.2232/
  diff-hl-20241011.2232/diff-hl-amend.el
  diff-hl-20241011.2232/diff-hl-dired.el
  diff-hl-20241011.2232/diff-hl-flydiff.el
  diff-hl-20241011.2232/diff-hl-inline-popup.el
  diff-hl-20241011.2232/diff-hl-margin.el
  diff-hl-20241011.2232/diff-hl-pkg.el
  diff-hl-20241011.2232/diff-hl-show-hunk-posframe.el
  diff-hl-20241011.2232/diff-hl-show-hunk.el
  diff-hl-20241011.2232/diff-hl.el
 ✓ Success:
  2024-10-11T20:46:30+0000  diff-hl-20240802.2316.entry
  2024-10-11T20:46:30+0000  diff-hl-20240802.2316.tar
  2024-10-11T22:58:57+0000  diff-hl-20241011.2232.entry
  2024-10-11T22:58:56+0000  diff-hl-20241011.2232.tar
Built diff-hl in 3.183s, finished at 2024-10-11T22:58:57+0000
