Package: digistar-mode
Fetcher: github
Source:  https://github.com/retroj/digistar-mode

Updating /mnt/store/melpa/working/digistar-mode/
Checking out 40a12b714d7efd9c396415795ae1fe0a2b12dc71
Copying files (->) and directories (=>)
  from /mnt/store/melpa/working/digistar-mode/
  to /tmp/digistar-modeKOKGTy/digistar-mode-20250114.2244
    digistar-mode.el -> digistar-mode.el
    images => images
Created digistar-mode-20250114.2244.tar containing:
  digistar-mode-20250114.2244/
  digistar-mode-20250114.2244/digistar-mode-pkg.el
  digistar-mode-20250114.2244/digistar-mode.el
  digistar-mode-20250114.2244/images/
  digistar-mode-20250114.2244/images/digistar-play.pbm
  digistar-mode-20250114.2244/images/digistar-play.xpm
 ✓ Success:
  2025-01-14T20:37:28+0000  digistar-mode-20250106.1737.entry
  2025-01-14T20:37:28+0000  digistar-mode-20250106.1737.tar
  2025-01-14T23:14:22+0000  digistar-mode-20250114.2244.entry
  2025-01-14T23:14:22+0000  digistar-mode-20250114.2244.tar
Built digistar-mode in 1.566s, finished at 2025-01-14T23:14:22+0000
