Package: dime
Fetcher: github
Source:  https://github.com/dylan-lang/dylan-emacs-support

Updating /mnt/store/melpa/working/dime/
Checking out d85409dc3cba57a390ca85da95822f8078ecbfa2
Copying files (->) and directories (=>)
  from /mnt/store/melpa/working/dime/
  to /tmp/dimeTCH8Q2/dime-20210613.1431
    dime-browse.el -> dime-browse.el
    dime-note-tree.el -> dime-note-tree.el
    dime-repl.el -> dime-repl.el
    dime.el -> dime.el
Created dime-20210613.1431.tar containing:
  dime-20210613.1431/
  dime-20210613.1431/dime-browse.el
  dime-20210613.1431/dime-note-tree.el
  dime-20210613.1431/dime-pkg.el
  dime-20210613.1431/dime-repl.el
  dime-20210613.1431/dime.el
 ✓ Success:
  2025-03-17T23:05:06+0000  dime-20210613.1431.entry
  2025-03-17T23:05:05+0000  dime-20210613.1431.tar
Built dime in 4.935s, finished at 2025-03-17T23:05:07+0000
