 • Building package dir-treeview-themes (from github:tilmanrassy/emacs-dir-treeview-themes)...
Updating /mnt/store/melpa/working/dir-treeview-themes/
Checking out 8e28c2501a978e6ff733fc9cf43a826fd8e7b87e
Copying files (->) and directories (=>)
  from /mnt/store/melpa/working/dir-treeview-themes/
  to /tmp/dir-treeview-themespYqQfX/dir-treeview-themes-20230112.134
    dir-treeview-themes-hortensia-theme.el -> dir-treeview-themes-hortensia-theme.el
    dir-treeview-themes-petunia-theme.el -> dir-treeview-themes-petunia-theme.el
    dir-treeview-themes.el -> dir-treeview-themes.el
    icons => icons
Created dir-treeview-themes-20230112.134.tar containing:
  dir-treeview-themes-20230112.134/
  dir-treeview-themes-20230112.134/dir-treeview-themes-hortensia-theme.el
  dir-treeview-themes-20230112.134/dir-treeview-themes-petunia-theme.el
  dir-treeview-themes-20230112.134/dir-treeview-themes-pkg.el
  dir-treeview-themes-20230112.134/dir-treeview-themes.el
  dir-treeview-themes-20230112.134/icons/
  dir-treeview-themes-20230112.134/icons/hortensia/
  dir-treeview-themes-20230112.134/icons/hortensia/README.txt
  dir-treeview-themes-20230112.134/icons/hortensia/application-pdf.png
  dir-treeview-themes-20230112.134/icons/hortensia/application-postscript.png
  dir-treeview-themes-20230112.134/icons/hortensia/application-vnd.stardivision.draw.png
  dir-treeview-themes-20230112.134/icons/hortensia/application-x-applix-word.png
  dir-treeview-themes-20230112.134/icons/hortensia/application-x-ar.png
  dir-treeview-themes-20230112.134/icons/hortensia/application-x-cd-image.png
  dir-treeview-themes-20230112.134/icons/hortensia/application-x-cobj.png
  dir-treeview-themes-20230112.134/icons/hortensia/application-x-compressed-tar.png
  dir-treeview-themes-20230112.134/icons/hortensia/application-x-deb.png
  dir-treeview-themes-20230112.134/icons/hortensia/application-x-elc.png
  dir-treeview-themes-20230112.134/icons/hortensia/application-x-executable.png
  dir-treeview-themes-20230112.134/icons/hortensia/application-x-font-afm.png
  dir-treeview-themes-20230112.134/icons/hortensia/application-x-font-otf.png
  dir-treeview-themes-20230112.134/icons/hortensia/application-x-font-ttf.png
  dir-treeview-themes-20230112.134/icons/hortensia/application-x-gzip.png
  dir-treeview-themes-20230112.134/icons/hortensia/application-x-java-archive.png
  dir-treeview-themes-20230112.134/icons/hortensia/application-x-java.png
  dir-treeview-themes-20230112.134/icons/hortensia/application-x-javascript.png
  dir-treeview-themes-20230112.134/icons/hortensia/application-x-perl.png
  dir-treeview-themes-20230112.134/icons/hortensia/application-x-php.png
  dir-treeview-themes-20230112.134/icons/hortensia/application-x-presentation.png
  dir-treeview-themes-20230112.134/icons/hortensia/application-x-rpm.png
  dir-treeview-themes-20230112.134/icons/hortensia/application-x-sharedlib.png
  dir-treeview-themes-20230112.134/icons/hortensia/application-x-shellscript.png
  dir-treeview-themes-20230112.134/icons/hortensia/application-x-spreadsheet.png
  dir-treeview-themes-20230112.134/icons/hortensia/application-x-zerosize.png
  dir-treeview-themes-20230112.134/icons/hortensia/application-xml.png
  dir-treeview-themes-20230112.134/icons/hortensia/audio-x-generic.png
  dir-treeview-themes-20230112.134/icons/hortensia/folder-downloads.png
  dir-treeview-themes-20230112.134/icons/hortensia/folder-image.png
  dir-treeview-themes-20230112.134/icons/hortensia/folder-open.png
  dir-treeview-themes-20230112.134/icons/hortensia/folder-red.png
  dir-treeview-themes-20230112.134/icons/hortensia/folder-video.png
  dir-treeview-themes-20230112.134/icons/hortensia/folder.png
  dir-treeview-themes-20230112.134/icons/hortensia/image-x-generic.png
  dir-treeview-themes-20230112.134/icons/hortensia/text-html.png
  dir-treeview-themes-20230112.134/icons/hortensia/text-plain.png
  dir-treeview-themes-20230112.134/icons/hortensia/text-x-c++hdr.png
  dir-treeview-themes-20230112.134/icons/hortensia/text-x-c++src.png
  dir-treeview-themes-20230112.134/icons/hortensia/text-x-chdr.png
  dir-treeview-themes-20230112.134/icons/hortensia/text-x-csrc.png
  dir-treeview-themes-20230112.134/icons/hortensia/text-x-el.png
  dir-treeview-themes-20230112.134/icons/hortensia/text-x-python.png
  dir-treeview-themes-20230112.134/icons/hortensia/text-x-sql.png
  dir-treeview-themes-20230112.134/icons/hortensia/text-x-tex.png
  dir-treeview-themes-20230112.134/icons/hortensia/user-home.png
  dir-treeview-themes-20230112.134/icons/hortensia/video-x-generic.png
  dir-treeview-themes-20230112.134/icons/hortensia/x-office-document.png
  dir-treeview-themes-20230112.134/icons/petunia/
  dir-treeview-themes-20230112.134/icons/petunia/README.txt
  dir-treeview-themes-20230112.134/icons/petunia/application-pdf.png
  dir-treeview-themes-20230112.134/icons/petunia/application-postscript.png
  dir-treeview-themes-20230112.134/icons/petunia/application-x-cd-image.png
  dir-treeview-themes-20230112.134/icons/petunia/application-x-cobj.png
  dir-treeview-themes-20230112.134/icons/petunia/application-x-compressed-tar.png
  dir-treeview-themes-20230112.134/icons/petunia/application-x-deb.png
  dir-treeview-themes-20230112.134/icons/petunia/application-x-elc.png
  dir-treeview-themes-20230112.134/icons/petunia/application-x-executable.png
  dir-treeview-themes-20230112.134/icons/petunia/application-x-font-afm.png
  dir-treeview-themes-20230112.134/icons/petunia/application-x-font-otf.png
  dir-treeview-themes-20230112.134/icons/petunia/application-x-font-ttf.png
  dir-treeview-themes-20230112.134/icons/petunia/application-x-gzip.png
  dir-treeview-themes-20230112.134/icons/petunia/application-x-java-archive.png
  dir-treeview-themes-20230112.134/icons/petunia/application-x-java.png
  dir-treeview-themes-20230112.134/icons/petunia/application-x-javascript.png
  dir-treeview-themes-20230112.134/icons/petunia/application-x-opendoc-database.png
  dir-treeview-themes-20230112.134/icons/petunia/application-x-perl.png
  dir-treeview-themes-20230112.134/icons/petunia/application-x-php.png
  dir-treeview-themes-20230112.134/icons/petunia/application-x-python-bytecode.png
  dir-treeview-themes-20230112.134/icons/petunia/application-x-rpm.png
  dir-treeview-themes-20230112.134/icons/petunia/application-x-sharedlib.png
  dir-treeview-themes-20230112.134/icons/petunia/application-x-zerosize.png
  dir-treeview-themes-20230112.134/icons/petunia/audio-x-generic.png
  dir-treeview-themes-20230112.134/icons/petunia/folder-download.png
  dir-treeview-themes-20230112.134/icons/petunia/folder-open.png
  dir-treeview-themes-20230112.134/icons/petunia/folder-pictures.png
  dir-treeview-themes-20230112.134/icons/petunia/folder-video.png
  dir-treeview-themes-20230112.134/icons/petunia/folder.png
  dir-treeview-themes-20230112.134/icons/petunia/image-x-generic.png
  dir-treeview-themes-20230112.134/icons/petunia/package-x-generic.png
  dir-treeview-themes-20230112.134/icons/petunia/text-html.png
  dir-treeview-themes-20230112.134/icons/petunia/text-plain.png
  dir-treeview-themes-20230112.134/icons/petunia/text-x-c++hdr.png
  dir-treeview-themes-20230112.134/icons/petunia/text-x-c++src.png
  dir-treeview-themes-20230112.134/icons/petunia/text-x-chdr.png
  dir-treeview-themes-20230112.134/icons/petunia/text-x-csrc.png
  dir-treeview-themes-20230112.134/icons/petunia/text-x-el.png
  dir-treeview-themes-20230112.134/icons/petunia/text-x-script.png
  dir-treeview-themes-20230112.134/icons/petunia/text-x-tex.png
  dir-treeview-themes-20230112.134/icons/petunia/text-xml.png
  dir-treeview-themes-20230112.134/icons/petunia/user-home.png
  dir-treeview-themes-20230112.134/icons/petunia/video-x-generic.png
  dir-treeview-themes-20230112.134/icons/petunia/video-x-matroska.png
  dir-treeview-themes-20230112.134/icons/petunia/video-x-wmv.png
  dir-treeview-themes-20230112.134/icons/petunia/video.png
  dir-treeview-themes-20230112.134/icons/petunia/x-office-document.png
  dir-treeview-themes-20230112.134/icons/petunia/x-office-drawing.png
  dir-treeview-themes-20230112.134/icons/petunia/x-office-presentation.png
  dir-treeview-themes-20230112.134/icons/petunia/x-office-spreadsheet.png
  dir-treeview-themes-20230112.134/icons/petunia/xml.png
  dir-treeview-themes-20230112.134/icons/petunia/zip.png
 ✓ Success:
  2025-12-07T23:52:55+0000  dir-treeview-themes-20230112.134.entry
  2025-12-07T23:52:55+0000  dir-treeview-themes-20230112.134.tar
Built dir-treeview-themes in 3.038s, finished at 2025-12-07T23:52:56+0000
