Package: dircmp
Fetcher: github
Source:  https://github.com/matthewlmcclure/dircmp-mode

Updating /mnt/store/melpa/working/dircmp/
Checking out 558ee0b601c2de9d247612085aafe2926f56a09f
Copying files (->) and directories (=>)
  from /mnt/store/melpa/working/dircmp/
  to /tmp/dircmpnuhh62/dircmp-20141204.1756
    dircmp.el -> dircmp.el
    emacs-git-difftool.sh -> emacs-git-difftool.sh
    emacs-git-mergetool.sh -> emacs-git-mergetool.sh
Created dircmp-20141204.1756.tar containing:
  dircmp-20141204.1756/
  dircmp-20141204.1756/dircmp-pkg.el
  dircmp-20141204.1756/dircmp.el
  dircmp-20141204.1756/emacs-git-difftool.sh
  dircmp-20141204.1756/emacs-git-mergetool.sh
 ✓ Success:
  2025-06-30T00:25:48+0000  dircmp-20141204.1756.entry
  2025-06-30T00:25:48+0000  dircmp-20141204.1756.tar
Built dircmp in 4.809s, finished at 2025-06-30T00:25:50+0000
