Package: dired-fdclone
Fetcher: github
Source:  https://github.com/knu/dired-fdclone.el

Updating /mnt/store/melpa/working/dired-fdclone/
Checking out e234c0bf91649bd13de984f6ef1b2354565fd4ce
Copying files (->) and directories (=>)
  from /mnt/store/melpa/working/dired-fdclone/
  to /tmp/dired-fdclonezZUJxk/dired-fdclone-20241208.1810
    dired-fdclone.el -> dired-fdclone.el
    diredfd.el -> diredfd.el
Created dired-fdclone-20241208.1810.tar containing:
  dired-fdclone-20241208.1810/
  dired-fdclone-20241208.1810/dired-fdclone-pkg.el
  dired-fdclone-20241208.1810/dired-fdclone.el
  dired-fdclone-20241208.1810/diredfd.el
 ✓ Success:
  2024-12-08T16:02:14+0000  dired-fdclone-20241206.1723.entry
  2024-12-08T16:02:14+0000  dired-fdclone-20241206.1723.tar
  2024-12-08T18:26:23+0000  dired-fdclone-20241208.1810.entry
  2024-12-08T18:26:23+0000  dired-fdclone-20241208.1810.tar
Built dired-fdclone in 1.411s, finished at 2024-12-08T18:26:23+0000
