Package: dired-launch
Fetcher: codeberg
Source:  https://codeberg.org/thomp/dired-launch

Updating /mnt/store/melpa/working/dired-launch/
Checking out ecd47728e8a1145d2904a592a7daf55fdf89c8dd
Copying files (->) and directories (=>)
  from /mnt/store/melpa/working/dired-launch/
  to /tmp/dired-launchbuFDV1/dired-launch-20250124.1924
    dired-launch-x-on-dir.el -> dired-launch-x-on-dir.el
    dired-launch.el -> dired-launch.el
Created dired-launch-20250124.1924.tar containing:
  dired-launch-20250124.1924/
  dired-launch-20250124.1924/dired-launch-pkg.el
  dired-launch-20250124.1924/dired-launch-x-on-dir.el
  dired-launch-20250124.1924/dired-launch.el
 ✓ Success:
  2025-01-24T18:59:55+0000  dired-launch-20240809.1910.entry
  2025-01-24T18:59:55+0000  dired-launch-20240809.1910.tar
  2025-01-24T22:03:31+0000  dired-launch-20250124.1924.entry
  2025-01-24T22:03:31+0000  dired-launch-20250124.1924.tar
Built dired-launch in 4.491s, finished at 2025-01-24T22:03:32+0000
