Package: dirvish
Fetcher: github
Source:  https://github.com/alexluigit/dirvish

Updating /mnt/store/melpa/working/dirvish/
Checking out f986123a4d3247c9c3a8186ee51d797c8fda820f
Copying files (->) and directories (=>)
  from /mnt/store/melpa/working/dirvish/
  to /tmp/dirvishaR0abk/dirvish-20250216.736
    dirvish-extras.el -> dirvish-extras.el
    dirvish-tramp.el -> dirvish-tramp.el
    dirvish-widgets.el -> dirvish-widgets.el
    dirvish.el -> dirvish.el
  ! extensions/dirvish-collapse.el -> dirvish-collapse.el
  ! extensions/dirvish-emerge.el -> dirvish-emerge.el
  ! extensions/dirvish-fd.el -> dirvish-fd.el
  ! extensions/dirvish-history.el -> dirvish-history.el
  ! extensions/dirvish-icons.el -> dirvish-icons.el
  ! extensions/dirvish-ls.el -> dirvish-ls.el
  ! extensions/dirvish-narrow.el -> dirvish-narrow.el
  ! extensions/dirvish-peek.el -> dirvish-peek.el
  ! extensions/dirvish-quick-access.el -> dirvish-quick-access.el
  ! extensions/dirvish-rsync.el -> dirvish-rsync.el
  ! extensions/dirvish-side.el -> dirvish-side.el
  ! extensions/dirvish-subtree.el -> dirvish-subtree.el
  ! extensions/dirvish-vc.el -> dirvish-vc.el
  ! extensions/dirvish-yank.el -> dirvish-yank.el
Created dirvish-20250216.736.tar containing:
  dirvish-20250216.736/
  dirvish-20250216.736/dirvish-collapse.el
  dirvish-20250216.736/dirvish-emerge.el
  dirvish-20250216.736/dirvish-extras.el
  dirvish-20250216.736/dirvish-fd.el
  dirvish-20250216.736/dirvish-history.el
  dirvish-20250216.736/dirvish-icons.el
  dirvish-20250216.736/dirvish-ls.el
  dirvish-20250216.736/dirvish-narrow.el
  dirvish-20250216.736/dirvish-peek.el
  dirvish-20250216.736/dirvish-pkg.el
  dirvish-20250216.736/dirvish-quick-access.el
  dirvish-20250216.736/dirvish-rsync.el
  dirvish-20250216.736/dirvish-side.el
  dirvish-20250216.736/dirvish-subtree.el
  dirvish-20250216.736/dirvish-tramp.el
  dirvish-20250216.736/dirvish-vc.el
  dirvish-20250216.736/dirvish-widgets.el
  dirvish-20250216.736/dirvish-yank.el
  dirvish-20250216.736/dirvish.el
 ✓ Success:
  2025-02-16T22:48:50+0000  dirvish-20250216.736.entry
  2025-02-16T22:48:50+0000  dirvish-20250216.736.tar
Built dirvish in 3.633s, finished at 2025-02-16T22:48:51+0000
