Package: doom-modeline-now-playing
Fetcher: github
Source:  https://github.com/elken/doom-modeline-now-playing

Updating /mnt/store/melpa/working/doom-modeline-now-playing/
Checking out c851f2642a3f8603355b86a1d86affb46fd05a4d
Copying files (->) and directories (=>)
  from /mnt/store/melpa/working/doom-modeline-now-playing/
  to /tmp/doom-modeline-now-playingrYrd3L/doom-modeline-now-playing-20250730.1423
    doom-modeline-now-playing-core.el -> doom-modeline-now-playing-core.el
    doom-modeline-now-playing-media-control.el -> doom-modeline-now-playing-media-control.el
    doom-modeline-now-playing-osascript.el -> doom-modeline-now-playing-osascript.el
    doom-modeline-now-playing-playerctl.el -> doom-modeline-now-playing-playerctl.el
    doom-modeline-now-playing.el -> doom-modeline-now-playing.el
Created doom-modeline-now-playing-20250730.1423.tar containing:
  doom-modeline-now-playing-20250730.1423/
  doom-modeline-now-playing-20250730.1423/doom-modeline-now-playing-core.el
  doom-modeline-now-playing-20250730.1423/doom-modeline-now-playing-media-control.el
  doom-modeline-now-playing-20250730.1423/doom-modeline-now-playing-osascript.el
  doom-modeline-now-playing-20250730.1423/doom-modeline-now-playing-pkg.el
  doom-modeline-now-playing-20250730.1423/doom-modeline-now-playing-playerctl.el
  doom-modeline-now-playing-20250730.1423/doom-modeline-now-playing.el
 ✓ Success:
  2025-08-04T02:10:14+0000  doom-modeline-now-playing-20250730.1423.entry
  2025-08-04T02:10:13+0000  doom-modeline-now-playing-20250730.1423.tar
Built doom-modeline-now-playing in 5.339s, finished at 2025-08-04T02:10:15+0000
