 • Building package doom-themes (from github:doomemacs/themes)...
Updating /mnt/store/melpa/working/doom-themes/
Checking out ad9b1bd1c21e25f044a4d2c3db41734666b00d16
Copying files (->) and directories (=>)
  from /mnt/store/melpa/working/doom-themes/
  to /tmp/doom-themesqhaBcg/doom-themes-20251211.106
    doom-themes-base.el -> doom-themes-base.el
    doom-themes.el -> doom-themes.el
  ! themes/doom-1337-theme.el -> doom-1337-theme.el
  ! themes/doom-Iosvkem-theme.el -> doom-Iosvkem-theme.el
  ! themes/doom-acario-dark-theme.el -> doom-acario-dark-theme.el
  ! themes/doom-acario-light-theme.el -> doom-acario-light-theme.el
  ! themes/doom-ayu-dark-theme.el -> doom-ayu-dark-theme.el
  ! themes/doom-ayu-light-theme.el -> doom-ayu-light-theme.el
  ! themes/doom-ayu-mirage-theme.el -> doom-ayu-mirage-theme.el
  ! themes/doom-badger-theme.el -> doom-badger-theme.el
  ! themes/doom-bluloco-dark-theme.el -> doom-bluloco-dark-theme.el
  ! themes/doom-bluloco-light-theme.el -> doom-bluloco-light-theme.el
  ! themes/doom-challenger-deep-theme.el -> doom-challenger-deep-theme.el
  ! themes/doom-city-lights-theme.el -> doom-city-lights-theme.el
  ! themes/doom-dark+-theme.el -> doom-dark+-theme.el
  ! themes/doom-dracula-theme.el -> doom-dracula-theme.el
  ! themes/doom-earl-grey-theme.el -> doom-earl-grey-theme.el
  ! themes/doom-ephemeral-theme.el -> doom-ephemeral-theme.el
  ! themes/doom-fairy-floss-theme.el -> doom-fairy-floss-theme.el
  ! themes/doom-feather-dark-theme.el -> doom-feather-dark-theme.el
  ! themes/doom-feather-light-theme.el -> doom-feather-light-theme.el
  ! themes/doom-flatwhite-theme.el -> doom-flatwhite-theme.el
  ! themes/doom-gruvbox-light-theme.el -> doom-gruvbox-light-theme.el
  ! themes/doom-gruvbox-theme.el -> doom-gruvbox-theme.el
  ! themes/doom-henna-theme.el -> doom-henna-theme.el
  ! themes/doom-homage-black-theme.el -> doom-homage-black-theme.el
  ! themes/doom-homage-white-theme.el -> doom-homage-white-theme.el
  ! themes/doom-horizon-theme.el -> doom-horizon-theme.el
  ! themes/doom-ir-black-theme.el -> doom-ir-black-theme.el
  ! themes/doom-lantern-theme.el -> doom-lantern-theme.el
  ! themes/doom-laserwave-theme.el -> doom-laserwave-theme.el
  ! themes/doom-manegarm-theme.el -> doom-manegarm-theme.el
  ! themes/doom-material-dark-theme.el -> doom-material-dark-theme.el
  ! themes/doom-material-theme.el -> doom-material-theme.el
  ! themes/doom-meltbus-theme.el -> doom-meltbus-theme.el
  ! themes/doom-miramare-theme.el -> doom-miramare-theme.el
  ! themes/doom-molokai-theme.el -> doom-molokai-theme.el
  ! themes/doom-monokai-classic-theme.el -> doom-monokai-classic-theme.el
  ! themes/doom-monokai-machine-theme.el -> doom-monokai-machine-theme.el
  ! themes/doom-monokai-octagon-theme.el -> doom-monokai-octagon-theme.el
  ! themes/doom-monokai-pro-theme.el -> doom-monokai-pro-theme.el
  ! themes/doom-monokai-ristretto-theme.el -> doom-monokai-ristretto-theme.el
  ! themes/doom-monokai-spectrum-theme.el -> doom-monokai-spectrum-theme.el
  ! themes/doom-moonlight-theme.el -> doom-moonlight-theme.el
  ! themes/doom-nord-aurora-theme.el -> doom-nord-aurora-theme.el
  ! themes/doom-nord-light-theme.el -> doom-nord-light-theme.el
  ! themes/doom-nord-theme.el -> doom-nord-theme.el
  ! themes/doom-nova-theme.el -> doom-nova-theme.el
  ! themes/doom-oceanic-next-theme.el -> doom-oceanic-next-theme.el
  ! themes/doom-oksolar-dark-theme.el -> doom-oksolar-dark-theme.el
  ! themes/doom-oksolar-light-theme.el -> doom-oksolar-light-theme.el
  ! themes/doom-old-hope-theme.el -> doom-old-hope-theme.el
  ! themes/doom-one-light-theme.el -> doom-one-light-theme.el
  ! themes/doom-one-theme.el -> doom-one-theme.el
  ! themes/doom-opera-light-theme.el -> doom-opera-light-theme.el
  ! themes/doom-opera-theme.el -> doom-opera-theme.el
  ! themes/doom-outrun-electric-theme.el -> doom-outrun-electric-theme.el
  ! themes/doom-palenight-theme.el -> doom-palenight-theme.el
  ! themes/doom-peacock-theme.el -> doom-peacock-theme.el
  ! themes/doom-pine-theme.el -> doom-pine-theme.el
  ! themes/doom-plain-dark-theme.el -> doom-plain-dark-theme.el
  ! themes/doom-plain-theme.el -> doom-plain-theme.el
  ! themes/doom-rouge-theme.el -> doom-rouge-theme.el
  ! themes/doom-shades-of-purple-theme.el -> doom-shades-of-purple-theme.el
  ! themes/doom-snazzy-theme.el -> doom-snazzy-theme.el
  ! themes/doom-solarized-dark-high-contrast-theme.el -> doom-solarized-dark-high-contrast-theme.el
  ! themes/doom-solarized-dark-theme.el -> doom-solarized-dark-theme.el
  ! themes/doom-solarized-light-theme.el -> doom-solarized-light-theme.el
  ! themes/doom-sourcerer-theme.el -> doom-sourcerer-theme.el
  ! themes/doom-spacegrey-theme.el -> doom-spacegrey-theme.el
  ! themes/doom-tokyo-night-theme.el -> doom-tokyo-night-theme.el
  ! themes/doom-tomorrow-day-theme.el -> doom-tomorrow-day-theme.el
  ! themes/doom-tomorrow-night-theme.el -> doom-tomorrow-night-theme.el
  ! themes/doom-vibrant-theme.el -> doom-vibrant-theme.el
  ! themes/doom-wilmersdorf-theme.el -> doom-wilmersdorf-theme.el
  ! themes/doom-winter-is-coming-dark-blue-theme.el -> doom-winter-is-coming-dark-blue-theme.el
  ! themes/doom-winter-is-coming-light-theme.el -> doom-winter-is-coming-light-theme.el
  ! themes/doom-xcode-theme.el -> doom-xcode-theme.el
  ! themes/doom-zenburn-theme.el -> doom-zenburn-theme.el
  ! extensions/doom-themes-ext-neotree.el -> doom-themes-ext-neotree.el
  ! extensions/doom-themes-ext-org.el -> doom-themes-ext-org.el
  ! extensions/doom-themes-ext-treemacs.el -> doom-themes-ext-treemacs.el
  ! extensions/doom-themes-ext-visual-bell.el -> doom-themes-ext-visual-bell.el
Created doom-themes-20251211.106.tar containing:
  doom-themes-20251211.106/
  doom-themes-20251211.106/doom-1337-theme.el
  doom-themes-20251211.106/doom-Iosvkem-theme.el
  doom-themes-20251211.106/doom-acario-dark-theme.el
  doom-themes-20251211.106/doom-acario-light-theme.el
  doom-themes-20251211.106/doom-ayu-dark-theme.el
  doom-themes-20251211.106/doom-ayu-light-theme.el
  doom-themes-20251211.106/doom-ayu-mirage-theme.el
  doom-themes-20251211.106/doom-badger-theme.el
  doom-themes-20251211.106/doom-bluloco-dark-theme.el
  doom-themes-20251211.106/doom-bluloco-light-theme.el
  doom-themes-20251211.106/doom-challenger-deep-theme.el
  doom-themes-20251211.106/doom-city-lights-theme.el
  doom-themes-20251211.106/doom-dark+-theme.el
  doom-themes-20251211.106/doom-dracula-theme.el
  doom-themes-20251211.106/doom-earl-grey-theme.el
  doom-themes-20251211.106/doom-ephemeral-theme.el
  doom-themes-20251211.106/doom-fairy-floss-theme.el
  doom-themes-20251211.106/doom-feather-dark-theme.el
  doom-themes-20251211.106/doom-feather-light-theme.el
  doom-themes-20251211.106/doom-flatwhite-theme.el
  doom-themes-20251211.106/doom-gruvbox-light-theme.el
  doom-themes-20251211.106/doom-gruvbox-theme.el
  doom-themes-20251211.106/doom-henna-theme.el
  doom-themes-20251211.106/doom-homage-black-theme.el
  doom-themes-20251211.106/doom-homage-white-theme.el
  doom-themes-20251211.106/doom-horizon-theme.el
  doom-themes-20251211.106/doom-ir-black-theme.el
  doom-themes-20251211.106/doom-lantern-theme.el
  doom-themes-20251211.106/doom-laserwave-theme.el
  doom-themes-20251211.106/doom-manegarm-theme.el
  doom-themes-20251211.106/doom-material-dark-theme.el
  doom-themes-20251211.106/doom-material-theme.el
  doom-themes-20251211.106/doom-meltbus-theme.el
  doom-themes-20251211.106/doom-miramare-theme.el
  doom-themes-20251211.106/doom-molokai-theme.el
  doom-themes-20251211.106/doom-monokai-classic-theme.el
  doom-themes-20251211.106/doom-monokai-machine-theme.el
  doom-themes-20251211.106/doom-monokai-octagon-theme.el
  doom-themes-20251211.106/doom-monokai-pro-theme.el
  doom-themes-20251211.106/doom-monokai-ristretto-theme.el
  doom-themes-20251211.106/doom-monokai-spectrum-theme.el
  doom-themes-20251211.106/doom-moonlight-theme.el
  doom-themes-20251211.106/doom-nord-aurora-theme.el
  doom-themes-20251211.106/doom-nord-light-theme.el
  doom-themes-20251211.106/doom-nord-theme.el
  doom-themes-20251211.106/doom-nova-theme.el
  doom-themes-20251211.106/doom-oceanic-next-theme.el
  doom-themes-20251211.106/doom-oksolar-dark-theme.el
  doom-themes-20251211.106/doom-oksolar-light-theme.el
  doom-themes-20251211.106/doom-old-hope-theme.el
  doom-themes-20251211.106/doom-one-light-theme.el
  doom-themes-20251211.106/doom-one-theme.el
  doom-themes-20251211.106/doom-opera-light-theme.el
  doom-themes-20251211.106/doom-opera-theme.el
  doom-themes-20251211.106/doom-outrun-electric-theme.el
  doom-themes-20251211.106/doom-palenight-theme.el
  doom-themes-20251211.106/doom-peacock-theme.el
  doom-themes-20251211.106/doom-pine-theme.el
  doom-themes-20251211.106/doom-plain-dark-theme.el
  doom-themes-20251211.106/doom-plain-theme.el
  doom-themes-20251211.106/doom-rouge-theme.el
  doom-themes-20251211.106/doom-shades-of-purple-theme.el
  doom-themes-20251211.106/doom-snazzy-theme.el
  doom-themes-20251211.106/doom-solarized-dark-high-contrast-theme.el
  doom-themes-20251211.106/doom-solarized-dark-theme.el
  doom-themes-20251211.106/doom-solarized-light-theme.el
  doom-themes-20251211.106/doom-sourcerer-theme.el
  doom-themes-20251211.106/doom-spacegrey-theme.el
  doom-themes-20251211.106/doom-themes-base.el
  doom-themes-20251211.106/doom-themes-ext-neotree.el
  doom-themes-20251211.106/doom-themes-ext-org.el
  doom-themes-20251211.106/doom-themes-ext-treemacs.el
  doom-themes-20251211.106/doom-themes-ext-visual-bell.el
  doom-themes-20251211.106/doom-themes-pkg.el
  doom-themes-20251211.106/doom-themes.el
  doom-themes-20251211.106/doom-tokyo-night-theme.el
  doom-themes-20251211.106/doom-tomorrow-day-theme.el
  doom-themes-20251211.106/doom-tomorrow-night-theme.el
  doom-themes-20251211.106/doom-vibrant-theme.el
  doom-themes-20251211.106/doom-wilmersdorf-theme.el
  doom-themes-20251211.106/doom-winter-is-coming-dark-blue-theme.el
  doom-themes-20251211.106/doom-winter-is-coming-light-theme.el
  doom-themes-20251211.106/doom-xcode-theme.el
  doom-themes-20251211.106/doom-zenburn-theme.el
 ✓ Success:
  2025-12-14T23:52:08+0000  doom-themes-20251211.106.entry
  2025-12-14T23:52:08+0000  doom-themes-20251211.106.tar
Built doom-themes in 4.022s, finished at 2025-12-14T23:52:09+0000
