 • Building package doxymacs (from github:pniedzielski/doxymacs)...
Updating /mnt/store/melpa/working/doxymacs/
Checking out 869b378b724e4bf4b7e4976e2b8a549d744fc1d2
Copying files (->) and directories (=>)
  from /mnt/store/melpa/working/doxymacs/
  to /tmp/doxymacsXeElIQ/doxymacs-20250909.48
  ! lisp/doxymacs-xml-parse.el -> doxymacs-xml-parse.el
  ! lisp/doxymacs.el -> doxymacs.el
    c/Makefile.am -> c/Makefile.am
    c/bootstrap -> c/bootstrap
    c/build.sh -> c/build.sh
    c/configure.ac -> c/configure.ac
    c/doxymacs_parser.c -> c/doxymacs_parser.c
Created doxymacs-20250909.48.tar containing:
  doxymacs-20250909.48/
  doxymacs-20250909.48/c/
  doxymacs-20250909.48/c/Makefile.am
  doxymacs-20250909.48/c/bootstrap
  doxymacs-20250909.48/c/build.sh
  doxymacs-20250909.48/c/configure.ac
  doxymacs-20250909.48/c/doxymacs_parser.c
  doxymacs-20250909.48/doxymacs-pkg.el
  doxymacs-20250909.48/doxymacs-xml-parse.el
  doxymacs-20250909.48/doxymacs.el
 ✓ Success:
  2025-12-29T00:23:32+0000  doxymacs-20250909.48.entry
  2025-12-29T00:23:32+0000  doxymacs-20250909.48.tar
Built doxymacs in 3.442s, finished at 2025-12-29T00:23:33+0000
