Package: drupal-spell
Fetcher: github
Source:  https://github.com/arnested/drupal-spell.git

Updating /mnt/store/melpa/working/drupal-spell/
Checking out a69f5e3b62c4c0da74ce26c1d00d5b8f7395e4ae
Copying files (->) and directories (=>)
  from /mnt/store/melpa/working/drupal-spell/
  to /tmp/drupal-spellWEJpdU/drupal-spell-20130520.1655
    drupal-spell.el -> drupal-spell.el
    dict => dict
Created drupal-spell-20130520.1655.tar containing:
  drupal-spell-20130520.1655/
  drupal-spell-20130520.1655/dict/
  drupal-spell-20130520.1655/dict/drupal.txt
  drupal-spell-20130520.1655/drupal-spell-pkg.el
  drupal-spell-20130520.1655/drupal-spell.el
 ✓ Success:
  2024-01-01T00:34:59+0000  drupal-spell-20130520.1655.entry
  2024-01-01T00:34:59+0000  drupal-spell-20130520.1655.tar
Built drupal-spell in 7.075s, finished at 2024-01-01T00:35:02+0000
