Package: dslide
Fetcher: github
Source:  https://github.com/positron-solutions/dslide

Updating /mnt/store/melpa/working/dslide/
Checking out ff0e900d94935a8235aad4907ffae8d5d3213348
Copying files (->) and directories (=>)
  from /mnt/store/melpa/working/dslide/
  to /tmp/dslideaiAcQs/dslide-20241226.1251
    dslide.el -> dslide.el
  ! doc/dslide.texi -> dslide.texi
Generating dslide.info
Created dslide-20241226.1251.tar containing:
  dslide-20241226.1251/
  dslide-20241226.1251/dir
  dslide-20241226.1251/dslide-pkg.el
  dslide-20241226.1251/dslide.el
  dslide-20241226.1251/dslide.info
 ✓ Success:
  2024-12-27T00:02:25+0000  dslide-20241226.1251.entry
  2024-12-27T00:02:25+0000  dslide-20241226.1251.tar
Built dslide in 3.647s, finished at 2024-12-27T00:02:25+0000
