Package: ducpel
Fetcher: github
Source:  https://github.com/alezost/ducpel.git

Updating /mnt/store/melpa/working/ducpel/
Checking out 2f2ce2df269d99261c808a5c4ebc00d6d2cddabc
Copying files (->) and directories (=>)
  from /mnt/store/melpa/working/ducpel/
  to /tmp/ducpelCvCff9/ducpel-20140702.1154
    ducpel-glyphs.el -> ducpel-glyphs.el
    ducpel.el -> ducpel.el
    levels => levels
Created ducpel-20140702.1154.tar containing:
  ducpel-20140702.1154/
  ducpel-20140702.1154/ducpel-glyphs.el
  ducpel-20140702.1154/ducpel-pkg.el
  ducpel-20140702.1154/ducpel.el
  ducpel-20140702.1154/levels/
  ducpel-20140702.1154/levels/0001
  ducpel-20140702.1154/levels/0002
  ducpel-20140702.1154/levels/0003
  ducpel-20140702.1154/levels/0004
  ducpel-20140702.1154/levels/0005
  ducpel-20140702.1154/levels/0006
  ducpel-20140702.1154/levels/0007
  ducpel-20140702.1154/levels/0008
  ducpel-20140702.1154/levels/0009
 ✓ Success:
  2024-05-22T23:11:40+0000  ducpel-20140702.1154.entry
  2024-05-22T23:11:40+0000  ducpel-20140702.1154.tar
Built ducpel in 5.639s, finished at 2024-05-22T23:11:42+0000
