Package: dwim-coder-mode
Fetcher: gitlab
Source:  https://gitlab.com/sadiq/dwim-coder-mode.git

Updating /mnt/store/melpa/working/dwim-coder-mode/
Checking out 94a752fca078144dd309343880abafbc4eacca5f
Copying files (->) and directories (=>)
  from /mnt/store/melpa/working/dwim-coder-mode/
  to /tmp/dwim-coder-modeDXp0XZ/dwim-coder-mode-20230830.1215
    dwim-coder-c.el -> dwim-coder-c.el
    dwim-coder-common.el -> dwim-coder-common.el
    dwim-coder-default.el -> dwim-coder-default.el
    dwim-coder-lisp.el -> dwim-coder-lisp.el
    dwim-coder-mode.el -> dwim-coder-mode.el
    dwim-coder-python.el -> dwim-coder-python.el
    dwim-coder-rust.el -> dwim-coder-rust.el
    dwim-coder-xml.el -> dwim-coder-xml.el
Created dwim-coder-mode-20230830.1215.tar containing:
  dwim-coder-mode-20230830.1215/
  dwim-coder-mode-20230830.1215/dwim-coder-c.el
  dwim-coder-mode-20230830.1215/dwim-coder-common.el
  dwim-coder-mode-20230830.1215/dwim-coder-default.el
  dwim-coder-mode-20230830.1215/dwim-coder-lisp.el
  dwim-coder-mode-20230830.1215/dwim-coder-mode-pkg.el
  dwim-coder-mode-20230830.1215/dwim-coder-mode.el
  dwim-coder-mode-20230830.1215/dwim-coder-python.el
  dwim-coder-mode-20230830.1215/dwim-coder-rust.el
  dwim-coder-mode-20230830.1215/dwim-coder-xml.el
 ✓ Success:
  2023-12-29T06:54:40+0000  dwim-coder-mode-20230830.1215.entry
  2023-12-29T06:54:40+0000  dwim-coder-mode-20230830.1215.tar
Built dwim-coder-mode in 3.920s, finished at 2023-12-29T06:54:42+0000
