 • Building package dwin (from github:lsth/dwin)...
Updating /mnt/store/melpa/working/dwin/
Checking out ed1ca4f2b9ba148f6075896ca113548811ef6b80
Copying files (->) and directories (=>)
  from /mnt/store/melpa/working/dwin/
  to /tmp/dwinmUB1ib/dwin-20251128.2028
    dwin-compat.el -> dwin-compat.el
    dwin.el -> dwin.el
  ! etc/bin => bin
  ! etc/_local-share-applications => _local-share-applications
Created dwin-20251128.2028.tar containing:
  dwin-20251128.2028/
  dwin-20251128.2028/_local-share-applications/
  dwin-20251128.2028/_local-share-applications/net.local.dwin-down.desktop
  dwin-20251128.2028/_local-share-applications/net.local.dwin-emacs.desktop
  dwin-20251128.2028/_local-share-applications/net.local.dwin-firefox.desktop
  dwin-20251128.2028/_local-share-applications/net.local.dwin-left.desktop
  dwin-20251128.2028/_local-share-applications/net.local.dwin-right.desktop
  dwin-20251128.2028/_local-share-applications/net.local.dwin-up.desktop
  dwin-20251128.2028/_local-share-applications/net.local.dwin-zotero.desktop
  dwin-20251128.2028/bin/
  dwin-20251128.2028/bin/_emacs-key
  dwin-20251128.2028/bin/dwin-down
  dwin-20251128.2028/bin/dwin-emacs
  dwin-20251128.2028/bin/dwin-firefox
  dwin-20251128.2028/bin/dwin-left
  dwin-20251128.2028/bin/dwin-right
  dwin-20251128.2028/bin/dwin-up
  dwin-20251128.2028/bin/dwin-zotero
  dwin-20251128.2028/dwin-compat.el
  dwin-20251128.2028/dwin-pkg.el
  dwin-20251128.2028/dwin.el
 ✓ Success:
  2025-12-07T23:54:46+0000  dwin-20251128.2028.entry
  2025-12-07T23:54:46+0000  dwin-20251128.2028.tar
Built dwin in 3.250s, finished at 2025-12-07T23:54:47+0000
