Package: dylan
Fetcher: github
Source:  https://github.com/dylan-lang/dylan-emacs-support

Updating /mnt/store/melpa/working/dylan/
Checking out 21e5953e2b1832f6a2c72012bd13795dc1ede52f
Copying files (->) and directories (=>)
  from /mnt/store/melpa/working/dylan/
  to /tmp/dylancPzifi/dylan-20241102.2315
    dylan-lid.el -> dylan-lid.el
    dylan-opt.el -> dylan-opt.el
    dylan.el -> dylan.el
Created dylan-20241102.2315.tar containing:
  dylan-20241102.2315/
  dylan-20241102.2315/dylan-lid.el
  dylan-20241102.2315/dylan-opt.el
  dylan-20241102.2315/dylan-pkg.el
  dylan-20241102.2315/dylan.el
 ✓ Success:
  2024-11-02T22:20:28+0000  dylan-20220115.1804.entry
  2024-11-02T22:20:27+0000  dylan-20220115.1804.tar
  2024-11-03T00:34:08+0000  dylan-20241102.2315.entry
  2024-11-03T00:34:08+0000  dylan-20241102.2315.tar
Built dylan in 3.176s, finished at 2024-11-03T00:34:09+0000
