Package: dyncloze
Fetcher: github
Source:  https://github.com/ahyatt/emacs-dyncloze.git

Updating /mnt/store/melpa/working/dyncloze/
Checking out aafc5adc25c7f714b619109bccf92e475d6c84ef
Copying files (->) and directories (=>)
  from /mnt/store/melpa/working/dyncloze/
  to /tmp/dynclozeyIRBmB/dyncloze-20210712.145
    dyncloze-es.el -> dyncloze-es.el
    dyncloze-pt.el -> dyncloze-pt.el
    dyncloze.el -> dyncloze.el
Created dyncloze-20210712.145.tar containing:
  dyncloze-20210712.145/
  dyncloze-20210712.145/dyncloze-es.el
  dyncloze-20210712.145/dyncloze-pkg.el
  dyncloze-20210712.145/dyncloze-pt.el
  dyncloze-20210712.145/dyncloze.el
 ✓ Success:
  2024-07-11T23:25:00+0000  dyncloze-20210712.145.entry
  2024-07-11T23:25:00+0000  dyncloze-20210712.145.tar
Built dyncloze in 3.230s, finished at 2024-07-11T23:25:01+0000
