Package: eask
Fetcher: github
Source:  https://github.com/emacs-eask/eask

Updating /mnt/store/melpa/working/eask/
Checking out 0014de00aa40541098ad1fc63dcf88fa78ac7e99
Copying files (->) and directories (=>)
  from /mnt/store/melpa/working/eask/
  to /tmp/easkGM0CZn/eask-20241215.2355
    eask-api.el -> eask-api.el
    eask-core.el -> eask-core.el
    eask.el -> eask.el
Created eask-20241215.2355.tar containing:
  eask-20241215.2355/
  eask-20241215.2355/eask-api.el
  eask-20241215.2355/eask-core.el
  eask-20241215.2355/eask-pkg.el
  eask-20241215.2355/eask.el
 ✓ Success:
  2024-12-15T21:55:00+0000  eask-20241213.1918.entry
  2024-12-15T21:55:00+0000  eask-20241213.1918.tar
  2024-12-16T00:19:49+0000  eask-20241215.2355.entry
  2024-12-16T00:19:49+0000  eask-20241215.2355.tar
Built eask in 2.623s, finished at 2024-12-16T00:19:50+0000
