Package: easy-kill-extras
Fetcher: github
Source:  https://github.com/knu/easy-kill-extras.el

Updating /mnt/store/melpa/working/easy-kill-extras/
Checking out 6ec0a1ff47aee681f7aa7af4250ede75815385f2
Copying files (->) and directories (=>)
  from /mnt/store/melpa/working/easy-kill-extras/
  to /tmp/easy-kill-extrasYdscuW/easy-kill-extras-20240122.1649
    easy-kill-aj.el -> easy-kill-aj.el
    easy-kill-buffer.el -> easy-kill-buffer.el
    easy-kill-er.el -> easy-kill-er.el
    easy-kill-extras.el -> easy-kill-extras.el
    easy-kill-line-edge.el -> easy-kill-line-edge.el
    easy-kill-mc.el -> easy-kill-mc.el
    easy-kill-to-char.el -> easy-kill-to-char.el
    extra-things.el -> extra-things.el
Created easy-kill-extras-20240122.1649.tar containing:
  easy-kill-extras-20240122.1649/
  easy-kill-extras-20240122.1649/easy-kill-aj.el
  easy-kill-extras-20240122.1649/easy-kill-buffer.el
  easy-kill-extras-20240122.1649/easy-kill-er.el
  easy-kill-extras-20240122.1649/easy-kill-extras-pkg.el
  easy-kill-extras-20240122.1649/easy-kill-extras.el
  easy-kill-extras-20240122.1649/easy-kill-line-edge.el
  easy-kill-extras-20240122.1649/easy-kill-mc.el
  easy-kill-extras-20240122.1649/easy-kill-to-char.el
  easy-kill-extras-20240122.1649/extra-things.el
 ✓ Success:
  2025-02-24T00:06:58+0000  easy-kill-extras-20240122.1649.entry
  2025-02-24T00:06:58+0000  easy-kill-extras-20240122.1649.tar
Built easy-kill-extras in 3.712s, finished at 2025-02-24T00:07:00+0000
