Package: ebib
Fetcher: github
Source:  https://github.com/joostkremers/ebib

Updating /mnt/store/melpa/working/ebib/
Checking out ed830d8d108512269b75255d550c8b79cd974e18
Copying files (->) and directories (=>)
  from /mnt/store/melpa/working/ebib/
  to /tmp/ebibStijLF/ebib-20250120.1202
    ebib-biblio.el -> ebib-biblio.el
    ebib-db.el -> ebib-db.el
    ebib-filters.el -> ebib-filters.el
    ebib-ivy.el -> ebib-ivy.el
    ebib-keywords.el -> ebib-keywords.el
    ebib-notes.el -> ebib-notes.el
    ebib-reading-list.el -> ebib-reading-list.el
    ebib-utils.el -> ebib-utils.el
    ebib.el -> ebib.el
    org-ebib.el -> org-ebib.el
    ebib.info -> ebib.info
Created ebib-20250120.1202.tar containing:
  ebib-20250120.1202/
  ebib-20250120.1202/dir
  ebib-20250120.1202/ebib-biblio.el
  ebib-20250120.1202/ebib-db.el
  ebib-20250120.1202/ebib-filters.el
  ebib-20250120.1202/ebib-ivy.el
  ebib-20250120.1202/ebib-keywords.el
  ebib-20250120.1202/ebib-notes.el
  ebib-20250120.1202/ebib-pkg.el
  ebib-20250120.1202/ebib-reading-list.el
  ebib-20250120.1202/ebib-utils.el
  ebib-20250120.1202/ebib.el
  ebib-20250120.1202/ebib.info
  ebib-20250120.1202/org-ebib.el
 ✓ Success:
  2025-01-20T22:05:52+0000  ebib-20250120.1202.entry
  2025-01-20T22:05:52+0000  ebib-20250120.1202.tar
Built ebib in 3.234s, finished at 2025-01-20T22:05:53+0000
