Package: eclim
Fetcher: github
Source:  https://github.com/emacs-eclim/emacs-eclim.git

Updating /mnt/store/melpa/working/eclim/
Checking out 23f5b294f833ce58516d7b9ae08a7792d70022a1
Copying files (->) and directories (=>)
  from /mnt/store/melpa/working/eclim/
  to /tmp/eclimGLIAG4/eclim-20181108.1134
    eclim-ant.el -> eclim-ant.el
    eclim-common.el -> eclim-common.el
    eclim-completion.el -> eclim-completion.el
    eclim-debug.el -> eclim-debug.el
    eclim-java-run.el -> eclim-java-run.el
    eclim-java.el -> eclim-java.el
    eclim-macros.el -> eclim-macros.el
    eclim-maven.el -> eclim-maven.el
    eclim-pkg.el -> eclim-pkg.el
    eclim-problems.el -> eclim-problems.el
    eclim-project.el -> eclim-project.el
    eclim-scala.el -> eclim-scala.el
    eclim.el -> eclim.el
    eclimd.el -> eclimd.el
Created eclim-20181108.1134.tar containing:
  eclim-20181108.1134/
  eclim-20181108.1134/eclim-ant.el
  eclim-20181108.1134/eclim-common.el
  eclim-20181108.1134/eclim-completion.el
  eclim-20181108.1134/eclim-debug.el
  eclim-20181108.1134/eclim-java-run.el
  eclim-20181108.1134/eclim-java.el
  eclim-20181108.1134/eclim-macros.el
  eclim-20181108.1134/eclim-maven.el
  eclim-20181108.1134/eclim-pkg.el
  eclim-20181108.1134/eclim-problems.el
  eclim-20181108.1134/eclim-project.el
  eclim-20181108.1134/eclim-scala.el
  eclim-20181108.1134/eclim.el
  eclim-20181108.1134/eclimd.el
 ✓ Success:
  2024-06-20T00:05:49+0000  eclim-20181108.1134.entry
  2024-06-20T00:05:48+0000  eclim-20181108.1134.tar
Built eclim in 5.571s, finished at 2024-06-20T00:05:51+0000
