Package: ecukes
Fetcher: github
Source:  https://github.com/ecukes/ecukes

Updating /mnt/store/melpa/working/ecukes/
Checking out 70cb0748b222b7c96ab9821ef898ffbdb45eacd8
Copying files (->) and directories (=>)
  from /mnt/store/melpa/working/ecukes/
  to /tmp/ecukesnYRzHT/ecukes-20241226.1759
    ecukes-byte-compile.el -> ecukes-byte-compile.el
    ecukes-cli.el -> ecukes-cli.el
    ecukes-core.el -> ecukes-core.el
    ecukes-def.el -> ecukes-def.el
    ecukes-helpers.el -> ecukes-helpers.el
    ecukes-hooks.el -> ecukes-hooks.el
    ecukes-load.el -> ecukes-load.el
    ecukes-new.el -> ecukes-new.el
    ecukes-parse.el -> ecukes-parse.el
    ecukes-project.el -> ecukes-project.el
    ecukes-reporter.el -> ecukes-reporter.el
    ecukes-run.el -> ecukes-run.el
    ecukes-stats.el -> ecukes-stats.el
    ecukes-steps.el -> ecukes-steps.el
    ecukes-template.el -> ecukes-template.el
    ecukes.el -> ecukes.el
    templates => templates
    bin => bin
    reporters => reporters
Created ecukes-20241226.1759.tar containing:
  ecukes-20241226.1759/
  ecukes-20241226.1759/bin/
  ecukes-20241226.1759/bin/ecukes
  ecukes-20241226.1759/bin/ecukes.bat
  ecukes-20241226.1759/ecukes-byte-compile.el
  ecukes-20241226.1759/ecukes-cli.el
  ecukes-20241226.1759/ecukes-core.el
  ecukes-20241226.1759/ecukes-def.el
  ecukes-20241226.1759/ecukes-helpers.el
  ecukes-20241226.1759/ecukes-hooks.el
  ecukes-20241226.1759/ecukes-load.el
  ecukes-20241226.1759/ecukes-new.el
  ecukes-20241226.1759/ecukes-parse.el
  ecukes-20241226.1759/ecukes-pkg.el
  ecukes-20241226.1759/ecukes-project.el
  ecukes-20241226.1759/ecukes-reporter.el
  ecukes-20241226.1759/ecukes-run.el
  ecukes-20241226.1759/ecukes-stats.el
  ecukes-20241226.1759/ecukes-steps.el
  ecukes-20241226.1759/ecukes-template.el
  ecukes-20241226.1759/ecukes.el
  ecukes-20241226.1759/reporters/
  ecukes-20241226.1759/reporters/ecukes-reporter-dot.el
  ecukes-20241226.1759/reporters/ecukes-reporter-landing.el
  ecukes-20241226.1759/reporters/ecukes-reporter-magnars.el
  ecukes-20241226.1759/reporters/ecukes-reporter-progress.el
  ecukes-20241226.1759/reporters/ecukes-reporter-spec.el
  ecukes-20241226.1759/templates/
  ecukes-20241226.1759/templates/env.tpl
  ecukes-20241226.1759/templates/feature.tpl
  ecukes-20241226.1759/templates/missing-step.tpl
  ecukes-20241226.1759/templates/step-definition.tpl
 ✓ Success:
  2025-03-11T23:47:56+0000  ecukes-20241226.1759.entry
  2025-03-11T23:47:56+0000  ecukes-20241226.1759.tar
Built ecukes in 3.101s, finished at 2025-03-11T23:47:57+0000
