Package: ede-php-autoload
Fetcher: github
Source:  https://github.com/emacs-php/ede-php-autoload

Updating /mnt/store/melpa/working/ede-php-autoload/
Checking out a7c16292ecaf9b39321e7a99ccac259fcbf6c373
Copying files (->) and directories (=>)
  from /mnt/store/melpa/working/ede-php-autoload/
  to /tmp/ede-php-autoload7qLTsF/ede-php-autoload-20230916.441
    ede-php-autoload-composer.el -> ede-php-autoload-composer.el
    ede-php-autoload-mode.el -> ede-php-autoload-mode.el
    ede-php-autoload-semanticdb.el -> ede-php-autoload-semanticdb.el
    ede-php-autoload.el -> ede-php-autoload.el
    ede-php-autoload => ede-php-autoload
Created ede-php-autoload-20230916.441.tar containing:
  ede-php-autoload-20230916.441/
  ede-php-autoload-20230916.441/ede-php-autoload-composer.el
  ede-php-autoload-20230916.441/ede-php-autoload-mode.el
  ede-php-autoload-20230916.441/ede-php-autoload-pkg.el
  ede-php-autoload-20230916.441/ede-php-autoload-semanticdb.el
  ede-php-autoload-20230916.441/ede-php-autoload.el
  ede-php-autoload-20230916.441/ede-php-autoload/
  ede-php-autoload-20230916.441/ede-php-autoload/class-loader.el
  ede-php-autoload-20230916.441/ede-php-autoload/class-loader/
  ede-php-autoload-20230916.441/ede-php-autoload/class-loader/aggregate.el
  ede-php-autoload-20230916.441/ede-php-autoload/class-loader/classmap.el
  ede-php-autoload-20230916.441/ede-php-autoload/class-loader/core.el
  ede-php-autoload-20230916.441/ede-php-autoload/class-loader/psr0.el
  ede-php-autoload-20230916.441/ede-php-autoload/class-loader/psr4.el
 ✓ Success:
  2024-12-27T23:37:22+0000  ede-php-autoload-20230916.441.entry
  2024-12-27T23:37:22+0000  ede-php-autoload-20230916.441.tar
Built ede-php-autoload in 2.224s, finished at 2024-12-27T23:37:23+0000
