Package: editorconfig
Fetcher: github
Source:  https://github.com/editorconfig/editorconfig-emacs.git

Updating /mnt/store/melpa/working/editorconfig/
Checking out f1531bab5b57e40759167b7e5db49acbbc09972f
Copying files (->) and directories (=>)
  from /mnt/store/melpa/working/editorconfig/
  to /tmp/editorconfigdxvPaN/editorconfig-20240511.645
    editorconfig-conf-mode.el -> editorconfig-conf-mode.el
    editorconfig-core-handle.el -> editorconfig-core-handle.el
    editorconfig-core.el -> editorconfig-core.el
    editorconfig-fnmatch.el -> editorconfig-fnmatch.el
    editorconfig-tools.el -> editorconfig-tools.el
    editorconfig.el -> editorconfig.el
  ! doc/editorconfig.texi -> editorconfig.texi
Generating /tmp/editorconfigdxvPaN/editorconfig-20240511.645/editorconfig.info
Created editorconfig-20240511.645.tar containing:
  editorconfig-20240511.645/
  editorconfig-20240511.645/dir
  editorconfig-20240511.645/editorconfig-conf-mode.el
  editorconfig-20240511.645/editorconfig-core-handle.el
  editorconfig-20240511.645/editorconfig-core.el
  editorconfig-20240511.645/editorconfig-fnmatch.el
  editorconfig-20240511.645/editorconfig-pkg.el
  editorconfig-20240511.645/editorconfig-tools.el
  editorconfig-20240511.645/editorconfig.el
  editorconfig-20240511.645/editorconfig.info
 ✓ Success:
  2024-05-11T23:25:01+0000  editorconfig-20240511.645.entry
  2024-05-11T23:25:01+0000  editorconfig-20240511.645.tar
Built editorconfig in 7.307s, finished at 2024-05-11T23:25:03+0000
