Package: eide
Fetcher: git
Source:  https://forge.tedomum.net/hjuvi/eide.git

Updating /mnt/store/melpa/working/eide/
Checking out ec04e7f707f9e526af9efd13c3ab4af3d8c485ba
Copying files (->) and directories (=>)
  from /mnt/store/melpa/working/eide/
  to /tmp/eide5lRB1J/eide-20241213.2028
  ! src/eide-compare.el -> eide-compare.el
  ! src/eide-config.el -> eide-config.el
  ! src/eide-display.el -> eide-display.el
  ! src/eide-edit.el -> eide-edit.el
  ! src/eide-keys.el -> eide-keys.el
  ! src/eide-menu.el -> eide-menu.el
  ! src/eide-pkg.el -> eide-pkg.el
  ! src/eide-popup.el -> eide-popup.el
  ! src/eide-project.el -> eide-project.el
  ! src/eide-search.el -> eide-search.el
  ! src/eide-vc.el -> eide-vc.el
  ! src/eide-windows.el -> eide-windows.el
  ! src/eide.el -> eide.el
  ! src/themes/eide-dark-theme.el -> eide-dark-theme.el
  ! src/themes/eide-light-theme.el -> eide-light-theme.el
Created eide-20241213.2028.tar containing:
  eide-20241213.2028/
  eide-20241213.2028/eide-compare.el
  eide-20241213.2028/eide-config.el
  eide-20241213.2028/eide-dark-theme.el
  eide-20241213.2028/eide-display.el
  eide-20241213.2028/eide-edit.el
  eide-20241213.2028/eide-keys.el
  eide-20241213.2028/eide-light-theme.el
  eide-20241213.2028/eide-menu.el
  eide-20241213.2028/eide-pkg.el
  eide-20241213.2028/eide-popup.el
  eide-20241213.2028/eide-project.el
  eide-20241213.2028/eide-search.el
  eide-20241213.2028/eide-vc.el
  eide-20241213.2028/eide-windows.el
  eide-20241213.2028/eide.el
 ✓ Success:
  2024-12-13T23:58:55+0000  eide-20241213.2028.entry
  2024-12-13T23:58:55+0000  eide-20241213.2028.tar
Built eide in 4.209s, finished at 2024-12-13T23:58:56+0000
