Package: ejc-sql
Fetcher: github
Source:  https://github.com/kostafey/ejc-sql.git

Updating /mnt/store/melpa/working/ejc-sql/
Checking out c99a257c18dbcca02a63172b4f1c2a947c908d8e
Copying files (->) and directories (=>)
  from /mnt/store/melpa/working/ejc-sql/
  to /tmp/ejc-sqlITbXGP/ejc-sql-20230822.1534
    ejc-autocomplete.el -> ejc-autocomplete.el
    ejc-company.el -> ejc-company.el
    ejc-completion-common.el -> ejc-completion-common.el
    ejc-doc.el -> ejc-doc.el
    ejc-eldoc.el -> ejc-eldoc.el
    ejc-flx.el -> ejc-flx.el
    ejc-format.el -> ejc-format.el
    ejc-interaction.el -> ejc-interaction.el
    ejc-lib.el -> ejc-lib.el
    ejc-result-buffer.el -> ejc-result-buffer.el
    ejc-result-mode.el -> ejc-result-mode.el
    ejc-sql.el -> ejc-sql.el
    project.clj -> project.clj
    src => src
    snippets => snippets
Created ejc-sql-20230822.1534.tar containing:
  ejc-sql-20230822.1534/
  ejc-sql-20230822.1534/ejc-autocomplete.el
  ejc-sql-20230822.1534/ejc-company.el
  ejc-sql-20230822.1534/ejc-completion-common.el
  ejc-sql-20230822.1534/ejc-doc.el
  ejc-sql-20230822.1534/ejc-eldoc.el
  ejc-sql-20230822.1534/ejc-flx.el
  ejc-sql-20230822.1534/ejc-format.el
  ejc-sql-20230822.1534/ejc-interaction.el
  ejc-sql-20230822.1534/ejc-lib.el
  ejc-sql-20230822.1534/ejc-result-buffer.el
  ejc-sql-20230822.1534/ejc-result-mode.el
  ejc-sql-20230822.1534/ejc-sql-pkg.el
  ejc-sql-20230822.1534/ejc-sql.el
  ejc-sql-20230822.1534/project.clj
  ejc-sql-20230822.1534/snippets/
  ejc-sql-20230822.1534/snippets/sql-mode/
  ejc-sql-20230822.1534/snippets/sql-mode/alter.yasnippet
  ejc-sql-20230822.1534/snippets/sql-mode/begin.snippet
  ejc-sql-20230822.1534/snippets/sql-mode/delete.yasnippet
  ejc-sql-20230822.1534/snippets/sql-mode/grant.yasnippet
  ejc-sql-20230822.1534/snippets/sql-mode/inner.yasnippet
  ejc-sql-20230822.1534/snippets/sql-mode/insert.yasnippet
  ejc-sql-20230822.1534/snippets/sql-mode/left.yasnippet
  ejc-sql-20230822.1534/snippets/sql-mode/revoke.yasnippet
  ejc-sql-20230822.1534/snippets/sql-mode/right.yasnippet
  ejc-sql-20230822.1534/snippets/sql-mode/select.yasnippet
  ejc-sql-20230822.1534/snippets/sql-mode/update.yasnippet
  ejc-sql-20230822.1534/snippets/sql-mode/where.yasnippet
  ejc-sql-20230822.1534/src/
  ejc-sql-20230822.1534/src/ejc_sql/
  ejc-sql-20230822.1534/src/ejc_sql/cache.clj
  ejc-sql-20230822.1534/src/ejc_sql/classpath.clj
  ejc-sql-20230822.1534/src/ejc_sql/connect.clj
  ejc-sql-20230822.1534/src/ejc_sql/deps_resolver.clj
  ejc-sql-20230822.1534/src/ejc_sql/keywords.clj
  ejc-sql-20230822.1534/src/ejc_sql/lib.clj
  ejc-sql-20230822.1534/src/ejc_sql/output.clj
  ejc-sql-20230822.1534/src/ejc_sql/structure.clj
 ✓ Success:
  2023-12-29T14:48:44+0000  ejc-sql-20230822.1534.entry
  2023-12-29T14:48:44+0000  ejc-sql-20230822.1534.tar
Built ejc-sql in 4.508s, finished at 2023-12-29T14:48:46+0000
