Package: el-job
Fetcher: github
Source:  https://github.com/meedstrom/el-job

Updating /mnt/store/melpa/working/el-job/
Checking out 71eeac61b49eabdc8f8fc4182859103b2d8d5bef
Copying files (->) and directories (=>)
  from /mnt/store/melpa/working/el-job/
  to /tmp/el-jobVE7DUM/el-job-20250325.2152
    el-job-child.el -> el-job-child.el
    el-job.el -> el-job.el
Created el-job-20250325.2152.tar containing:
  el-job-20250325.2152/
  el-job-20250325.2152/el-job-child.el
  el-job-20250325.2152/el-job-pkg.el
  el-job-20250325.2152/el-job.el
 ✓ Success:
  2025-03-25T20:51:31+0000  el-job-20250325.1758.entry
  2025-03-25T20:51:31+0000  el-job-20250325.1758.tar
  2025-03-25T23:45:18+0000  el-job-20250325.2152.entry
  2025-03-25T23:45:18+0000  el-job-20250325.2152.tar
Built el-job in 4.382s, finished at 2025-03-25T23:45:19+0000
