Package: el-patch
Fetcher: github
Source:  https://github.com/radian-software/el-patch.git

Updating /mnt/store/melpa/working/el-patch/
Checking out 92803e7ea6e07cd56667ed7ea0dfacfc1f37f6d9
Copying files (->) and directories (=>)
  from /mnt/store/melpa/working/el-patch/
  to /tmp/el-patchqp7bYe/el-patch-20231123.2216
    el-patch-stub.el -> el-patch-stub.el
    el-patch-template.el -> el-patch-template.el
    el-patch.el -> el-patch.el
Created el-patch-20231123.2216.tar containing:
  el-patch-20231123.2216/
  el-patch-20231123.2216/el-patch-pkg.el
  el-patch-20231123.2216/el-patch-stub.el
  el-patch-20231123.2216/el-patch-template.el
  el-patch-20231123.2216/el-patch.el
 ✓ Success:
  2024-04-23T01:14:22+0000  el-patch-20231123.2216.entry
  2024-04-23T01:14:21+0000  el-patch-20231123.2216.tar
Built el-patch in 3.218s, finished at 2024-04-23T01:14:23+0000
