Package: el-secretario
Fetcher: sourcehut
Source:  https://git.sr.ht/~zetagon/el-secretario

Updating /mnt/store/melpa/working/el-secretario/
Checking out 0c728c3bdd1d19356c192ba333a945d732bd16b8
Copying files (->) and directories (=>)
  from /mnt/store/melpa/working/el-secretario/
  to /tmp/el-secretariouagdXp/el-secretario-20250407.1946
    el-secretario.el -> el-secretario.el
    el-secretario-source.el -> el-secretario-source.el
    el-secretario-message.el -> el-secretario-message.el
    el-secretario-function.el -> el-secretario-function.el
Created el-secretario-20250407.1946.tar containing:
  el-secretario-20250407.1946/
  el-secretario-20250407.1946/el-secretario-function.el
  el-secretario-20250407.1946/el-secretario-message.el
  el-secretario-20250407.1946/el-secretario-pkg.el
  el-secretario-20250407.1946/el-secretario-source.el
  el-secretario-20250407.1946/el-secretario.el
 ✓ Success:
  2025-04-07T19:43:33+0000  el-secretario-20220426.1905.entry
  2025-04-07T19:43:33+0000  el-secretario-20220426.1905.tar
  2025-04-07T22:44:39+0000  el-secretario-20250407.1946.entry
  2025-04-07T22:44:39+0000  el-secretario-20250407.1946.tar
Built el-secretario in 4.356s, finished at 2025-04-07T22:44:40+0000
