Package: elcontext
Fetcher: github
Source:  https://github.com/rollacaster/elcontext

Updating /mnt/store/melpa/working/elcontext/
Checking out 2efd3dd8c5176c4f071bb048be6cb069b05d6e9e
Copying files (->) and directories (=>)
  from /mnt/store/melpa/working/elcontext/
  to /tmp/elcontextUSo5I3/elcontext-20210109.1238
    elcontext-action.el -> elcontext-action.el
    elcontext-directory.el -> elcontext-directory.el
    elcontext-location.el -> elcontext-location.el
    elcontext-time.el -> elcontext-time.el
    elcontext-utils.el -> elcontext-utils.el
    elcontext.el -> elcontext.el
Created elcontext-20210109.1238.tar containing:
  elcontext-20210109.1238/
  elcontext-20210109.1238/elcontext-action.el
  elcontext-20210109.1238/elcontext-directory.el
  elcontext-20210109.1238/elcontext-location.el
  elcontext-20210109.1238/elcontext-pkg.el
  elcontext-20210109.1238/elcontext-time.el
  elcontext-20210109.1238/elcontext-utils.el
  elcontext-20210109.1238/elcontext.el
 ✓ Success:
  2024-11-06T22:58:10+0000  elcontext-20210109.1238.entry
  2024-11-06T22:58:10+0000  elcontext-20210109.1238.tar
Built elcontext in 2.465s, finished at 2024-11-06T22:58:11+0000
