Package: eldev
Fetcher: github
Source:  https://github.com/emacs-eldev/eldev

Updating /mnt/store/melpa/working/eldev/
Checking out f687fe69f2756a267f99bb702210f838db0f961f
Copying files (->) and directories (=>)
  from /mnt/store/melpa/working/eldev/
  to /tmp/eldevPEG8Lr/eldev-20241103.1155
    eldev-build.el -> eldev-build.el
    eldev-buttercup.el -> eldev-buttercup.el
    eldev-doctest.el -> eldev-doctest.el
    eldev-doctor.el -> eldev-doctor.el
    eldev-ecukes.el -> eldev-ecukes.el
    eldev-ert.el -> eldev-ert.el
    eldev-plugins.el -> eldev-plugins.el
    eldev-util.el -> eldev-util.el
    eldev-vc.el -> eldev-vc.el
    eldev.el -> eldev.el
    bin/eldev -> bin/eldev
    bin/eldev.bat -> bin/eldev.bat
    bin/eldev.ps1 -> bin/eldev.ps1
Created eldev-20241103.1155.tar containing:
  eldev-20241103.1155/
  eldev-20241103.1155/bin/
  eldev-20241103.1155/bin/eldev
  eldev-20241103.1155/bin/eldev.bat
  eldev-20241103.1155/bin/eldev.ps1
  eldev-20241103.1155/eldev-build.el
  eldev-20241103.1155/eldev-buttercup.el
  eldev-20241103.1155/eldev-doctest.el
  eldev-20241103.1155/eldev-doctor.el
  eldev-20241103.1155/eldev-ecukes.el
  eldev-20241103.1155/eldev-ert.el
  eldev-20241103.1155/eldev-pkg.el
  eldev-20241103.1155/eldev-plugins.el
  eldev-20241103.1155/eldev-util.el
  eldev-20241103.1155/eldev-vc.el
  eldev-20241103.1155/eldev.el
 ✓ Success:
  2024-11-03T23:51:40+0000  eldev-20241103.1155.entry
  2024-11-03T23:51:40+0000  eldev-20241103.1155.tar
Built eldev in 3.389s, finished at 2024-11-03T23:51:41+0000
