Package: electric-spacing
Fetcher: github
Source:  https://github.com/xwl/electric-spacing.git

Updating /mnt/store/melpa/working/electric-spacing/
Checking out c37b2502512dd49a8311d7c34e9bfd1af3d4dbcd
Copying files (->) and directories (=>)
  from /mnt/store/melpa/working/electric-spacing/
  to /tmp/electric-spacingDYIs6o/electric-spacing-20220220.1540
    electric-spacing-cc-mode.el -> electric-spacing-cc-mode.el
    electric-spacing-emacs-lisp-mode.el -> electric-spacing-emacs-lisp-mode.el
    electric-spacing-haskell-mode.el -> electric-spacing-haskell-mode.el
    electric-spacing-init.el -> electric-spacing-init.el
    electric-spacing-org-mode.el -> electric-spacing-org-mode.el
    electric-spacing-python-mode.el -> electric-spacing-python-mode.el
    electric-spacing-rust-mode.el -> electric-spacing-rust-mode.el
    electric-spacing-text-mode.el -> electric-spacing-text-mode.el
    electric-spacing.el -> electric-spacing.el
Created electric-spacing-20220220.1540.tar containing:
  electric-spacing-20220220.1540/
  electric-spacing-20220220.1540/electric-spacing-cc-mode.el
  electric-spacing-20220220.1540/electric-spacing-emacs-lisp-mode.el
  electric-spacing-20220220.1540/electric-spacing-haskell-mode.el
  electric-spacing-20220220.1540/electric-spacing-init.el
  electric-spacing-20220220.1540/electric-spacing-org-mode.el
  electric-spacing-20220220.1540/electric-spacing-pkg.el
  electric-spacing-20220220.1540/electric-spacing-python-mode.el
  electric-spacing-20220220.1540/electric-spacing-rust-mode.el
  electric-spacing-20220220.1540/electric-spacing-text-mode.el
  electric-spacing-20220220.1540/electric-spacing.el
 ✓ Success:
  2024-08-01T23:39:59+0000  electric-spacing-20220220.1540.entry
  2024-08-01T23:39:59+0000  electric-spacing-20220220.1540.tar
Built electric-spacing in 3.049s, finished at 2024-08-01T23:40:00+0000
