 • Building package elisp-depmap (from github:mtekman/elisp-depmap.el)...
Updating /mnt/store/melpa/working/elisp-depmap/
Checking out c87e9ecae624b09d113c25b7ad1317d97eb2f434
Copying files (->) and directories (=>)
  from /mnt/store/melpa/working/elisp-depmap/
  to /tmp/elisp-depmapefiKUJ/elisp-depmap-20251029.1438
    elisp-depmap-exec.el -> elisp-depmap-exec.el
    elisp-depmap-graph.el -> elisp-depmap-graph.el
    elisp-depmap-parse.el -> elisp-depmap-parse.el
    elisp-depmap-secondhelp.el -> elisp-depmap-secondhelp.el
    elisp-depmap.el -> elisp-depmap.el
Created elisp-depmap-20251029.1438.tar containing:
  elisp-depmap-20251029.1438/
  elisp-depmap-20251029.1438/elisp-depmap-exec.el
  elisp-depmap-20251029.1438/elisp-depmap-graph.el
  elisp-depmap-20251029.1438/elisp-depmap-parse.el
  elisp-depmap-20251029.1438/elisp-depmap-pkg.el
  elisp-depmap-20251029.1438/elisp-depmap-secondhelp.el
  elisp-depmap-20251029.1438/elisp-depmap.el
 ✓ Success:
  2025-12-29T00:26:15+0000  elisp-depmap-20251029.1438.entry
  2025-12-29T00:26:14+0000  elisp-depmap-20251029.1438.tar
Built elisp-depmap in 3.360s, finished at 2025-12-29T00:26:16+0000
