Package: elixir-mode
Fetcher: github
Source:  https://github.com/elixir-editors/emacs-elixir.git

Updating /mnt/store/melpa/working/elixir-mode/
Checking out 00d6580a040a750e019218f9392cf9a4c2dac23a
Copying files (->) and directories (=>)
  from /mnt/store/melpa/working/elixir-mode/
  to /tmp/elixir-mode9M0usG/elixir-mode-20230626.1738
    elixir-format.el -> elixir-format.el
    elixir-mode.el -> elixir-mode.el
    elixir-smie.el -> elixir-smie.el
Created elixir-mode-20230626.1738.tar containing:
  elixir-mode-20230626.1738/
  elixir-mode-20230626.1738/elixir-format.el
  elixir-mode-20230626.1738/elixir-mode-pkg.el
  elixir-mode-20230626.1738/elixir-mode.el
  elixir-mode-20230626.1738/elixir-smie.el
 ✓ Success:
  2023-12-26T00:00:19+0000  elixir-mode-20230626.1738.entry
  2023-12-26T00:00:19+0000  elixir-mode-20230626.1738.tar
Built elixir-mode in 5.519s, finished at 2023-12-26T00:00:22+0000
