 • Building package elm-yasnippets (from github:abingham/elm-yasnippets)...
Updating /mnt/store/melpa/working/elm-yasnippets/
Checking out 45a11a0cef0c36633fb3477d3dc4167e82779ba4
Copying files (->) and directories (=>)
  from /mnt/store/melpa/working/elm-yasnippets/
  to /tmp/elm-yasnippetsfe2RSe/elm-yasnippets-20160401.524
    elm-yasnippets.el -> elm-yasnippets.el
    snippets => snippets
Created elm-yasnippets-20160401.524.tar containing:
  elm-yasnippets-20160401.524/
  elm-yasnippets-20160401.524/elm-yasnippets-pkg.el
  elm-yasnippets-20160401.524/elm-yasnippets.el
  elm-yasnippets-20160401.524/snippets/
  elm-yasnippets-20160401.524/snippets/elm-mode/
  elm-yasnippets-20160401.524/snippets/elm-mode/comment
  elm-yasnippets-20160401.524/snippets/elm-mode/function
  elm-yasnippets-20160401.524/snippets/elm-mode/import
  elm-yasnippets-20160401.524/snippets/elm-mode/module
  elm-yasnippets-20160401.524/snippets/elm-mode/type-alias
 ✓ Success:
  2025-12-07T23:56:58+0000  elm-yasnippets-20160401.524.entry
  2025-12-07T23:56:58+0000  elm-yasnippets-20160401.524.tar
Built elm-yasnippets in 4.119s, finished at 2025-12-07T23:57:00+0000
