Package: elpher
Fetcher: git
Source:  https://thelambdalab.xyz/git/elpher.git

Updating /mnt/store/melpa/working/elpher/
Checking out 3f53ed5b6550d25a66bc83f6f26d8cfb06b1dcce
Copying files (->) and directories (=>)
  from /mnt/store/melpa/working/elpher/
  to /tmp/elpher3aB0bw/elpher-20240214.952
    elpher-pkg.el -> elpher-pkg.el
    elpher.el -> elpher.el
    elpher.texi -> elpher.texi
Generating /tmp/elpher3aB0bw/elpher-20240214.952/elpher.info
Created elpher-20240214.952.tar containing:
  elpher-20240214.952/
  elpher-20240214.952/dir
  elpher-20240214.952/elpher-pkg.el
  elpher-20240214.952/elpher.el
  elpher-20240214.952/elpher.info
 ✓ Success:
  2024-02-16T14:56:22+0000  elpher-20240214.952.entry
  2024-02-16T14:56:22+0000  elpher-20240214.952.tar
Built elpher in 1.428s, finished at 2024-02-16T14:56:23+0000
