Package: elquery
Fetcher: github
Source:  https://github.com/AdamNiederer/elquery.git

Updating /mnt/store/melpa/working/elquery/
Checking out 38f3bd41096cb270919b06095da0b9ac1add4598
Copying files (->) and directories (=>)
  from /mnt/store/melpa/working/elquery/
  to /tmp/elqueryhWLLEb/elquery-20220331.143
    elquery.el -> elquery.el
    elquery.texi -> elquery.texi
Generating elquery.info
Created elquery-20220331.143.tar containing:
  elquery-20220331.143/
  elquery-20220331.143/dir
  elquery-20220331.143/elquery-pkg.el
  elquery-20220331.143/elquery.el
  elquery-20220331.143/elquery.info
 ✓ Success:
  2024-09-24T23:40:57+0000  elquery-20220331.143.entry
  2024-09-24T23:40:57+0000  elquery-20220331.143.tar
Built elquery in 4.060s, finished at 2024-09-24T23:40:58+0000
