 • Building package emacsc (from github:knu/emacsc)...
Updating /mnt/store/melpa/working/emacsc/
Checking out c0d51eea7c5cbef4ea49350dff8c721227635be6
Copying files (->) and directories (=>)
  from /mnt/store/melpa/working/emacsc/
  to /tmp/emacscuLSt3H/emacsc-20250710.1637
  ! lisp/emacsc.el -> emacsc.el
    bin => bin
Created emacsc-20250710.1637.tar containing:
  emacsc-20250710.1637/
  emacsc-20250710.1637/bin/
  emacsc-20250710.1637/bin/dired
  emacsc-20250710.1637/bin/ediff
  emacsc-20250710.1637/bin/ediff-merge
  emacsc-20250710.1637/bin/emacsc
  emacsc-20250710.1637/bin/evil
  emacsc-20250710.1637/bin/magit
  emacsc-20250710.1637/emacsc-pkg.el
  emacsc-20250710.1637/emacsc.el
 ✓ Success:
  2025-12-29T00:26:49+0000  emacsc-20250710.1637.entry
  2025-12-29T00:26:49+0000  emacsc-20250710.1637.tar
Built emacsc in 3.029s, finished at 2025-12-29T00:26:50+0000
