Package: emacsql-sqlite
Fetcher: github
Source:  https://github.com/magit/emacsql.git

Updating /mnt/store/melpa/working/emacsql-sqlite/
Checking out b436adf09ebe058c28e0f473bed90ccd7084f6aa
Copying files (->) and directories (=>)
  from /mnt/store/melpa/working/emacsql-sqlite/
  to /tmp/emacsql-sqlitexSVZQk/emacsql-sqlite-20230225.2205
    emacsql-sqlite.el -> emacsql-sqlite.el
    sqlite => sqlite
Created emacsql-sqlite-20230225.2205.tar containing:
  emacsql-sqlite-20230225.2205/
  emacsql-sqlite-20230225.2205/emacsql-sqlite-pkg.el
  emacsql-sqlite-20230225.2205/emacsql-sqlite.el
  emacsql-sqlite-20230225.2205/sqlite/
  emacsql-sqlite-20230225.2205/sqlite/Makefile
  emacsql-sqlite-20230225.2205/sqlite/emacsql.c
  emacsql-sqlite-20230225.2205/sqlite/sqlite3.c
  emacsql-sqlite-20230225.2205/sqlite/sqlite3.h
 ✓ Success:
  2024-01-05T14:35:21+0000  emacsql-sqlite-20230225.2205.entry
  2024-01-05T14:35:21+0000  emacsql-sqlite-20230225.2205.tar
Built emacsql-sqlite in 4.587s, finished at 2024-01-05T14:35:23+0000
