Package: embark
Fetcher: github
Source:  https://github.com/oantolin/embark.git

Updating /mnt/store/melpa/working/embark/
Checking out 195add1f1ccd1059472c9df7334c97c4d155425e
Copying files (->) and directories (=>)
  from /mnt/store/melpa/working/embark/
  to /tmp/embarkcDOpht/embark-20240419.452
    embark.el -> embark.el
    embark-org.el -> embark-org.el
    embark.texi -> embark.texi
Generating /tmp/embarkcDOpht/embark-20240419.452/embark.info
Created embark-20240419.452.tar containing:
  embark-20240419.452/
  embark-20240419.452/dir
  embark-20240419.452/embark-org.el
  embark-20240419.452/embark-pkg.el
  embark-20240419.452/embark.el
  embark-20240419.452/embark.info
 ✓ Success:
  2024-05-24T23:02:32+0000  embark-20240419.452.entry
  2024-05-24T23:02:31+0000  embark-20240419.452.tar
Built embark in 10.686s, finished at 2024-05-24T23:02:34+0000
