Package: emms-player-mpv-jp-radios
Fetcher: github
Source:  https://github.com/momomo5717/emms-player-mpv-jp-radios

Updating /mnt/store/melpa/working/emms-player-mpv-jp-radios/
Checking out f6b37f5878c741124d5fca43c5b80af873541edd
Copying files (->) and directories (=>)
  from /mnt/store/melpa/working/emms-player-mpv-jp-radios/
  to /tmp/emms-player-mpv-jp-radiosiFQYBP/emms-player-mpv-jp-radios-20180325.1117
    emms-player-mpv-jp-radios.el -> emms-player-mpv-jp-radios.el
    emms-streams-jp-radios-anything.el -> emms-streams-jp-radios-anything.el
    emms-streams-jp-radios-counsel.el -> emms-streams-jp-radios-counsel.el
    emms-streams-jp-radios-helm.el -> emms-streams-jp-radios-helm.el
    emms-streams-jp-radios-util.el -> emms-streams-jp-radios-util.el
    emms-streams-jp-radios.el -> emms-streams-jp-radios.el
    emms-streams-nico-util.el -> emms-streams-nico-util.el
  ! simul/emms-player-mpv-simul.el -> emms-player-mpv-simul.el
  ! simul/emms-streams-simul.el -> emms-streams-simul.el
  ! seaside/emms-player-mpv-seaside.el -> emms-player-mpv-seaside.el
  ! seaside/emms-streams-seaside.el -> emms-streams-seaside.el
  ! radiru/emms-player-mpv-radiru.el -> emms-player-mpv-radiru.el
  ! radiru/emms-streams-radiru.el -> emms-streams-radiru.el
  ! radiko/emms-player-mpv-radiko.el -> emms-player-mpv-radiko.el
  ! radiko/emms-streams-radiko.el -> emms-streams-radiko.el
  ! onsen/emms-player-mpv-onsen.el -> emms-player-mpv-onsen.el
  ! onsen/emms-streams-onsen.el -> emms-streams-onsen.el
  ! listen/emms-player-mpv-listen.el -> emms-player-mpv-listen.el
  ! listen/emms-streams-listen.el -> emms-streams-listen.el
  ! lantis/emms-player-mpv-lantis.el -> emms-player-mpv-lantis.el
  ! lantis/emms-streams-lantis.el -> emms-streams-lantis.el
  ! hibiki/emms-player-mpv-hibiki.el -> emms-player-mpv-hibiki.el
  ! hibiki/emms-streams-hibiki.el -> emms-streams-hibiki.el
  ! famitsu/emms-player-mpv-famitsu.el -> emms-player-mpv-famitsu.el
  ! famitsu/emms-streams-famitsu.el -> emms-streams-famitsu.el
  ! anitama/emms-player-mpv-anitama.el -> emms-player-mpv-anitama.el
  ! anitama/emms-streams-anitama.el -> emms-streams-anitama.el
  ! animate/emms-player-mpv-animate.el -> emms-player-mpv-animate.el
  ! animate/emms-streams-animate.el -> emms-streams-animate.el
  ! agqr/emms-player-mpv-agqr.el -> emms-player-mpv-agqr.el
  ! agqr/emms-streams-agqr.el -> emms-streams-agqr.el
Created emms-player-mpv-jp-radios-20180325.1117.tar containing:
  emms-player-mpv-jp-radios-20180325.1117/
  emms-player-mpv-jp-radios-20180325.1117/emms-player-mpv-agqr.el
  emms-player-mpv-jp-radios-20180325.1117/emms-player-mpv-animate.el
  emms-player-mpv-jp-radios-20180325.1117/emms-player-mpv-anitama.el
  emms-player-mpv-jp-radios-20180325.1117/emms-player-mpv-famitsu.el
  emms-player-mpv-jp-radios-20180325.1117/emms-player-mpv-hibiki.el
  emms-player-mpv-jp-radios-20180325.1117/emms-player-mpv-jp-radios-pkg.el
  emms-player-mpv-jp-radios-20180325.1117/emms-player-mpv-jp-radios.el
  emms-player-mpv-jp-radios-20180325.1117/emms-player-mpv-lantis.el
  emms-player-mpv-jp-radios-20180325.1117/emms-player-mpv-listen.el
  emms-player-mpv-jp-radios-20180325.1117/emms-player-mpv-onsen.el
  emms-player-mpv-jp-radios-20180325.1117/emms-player-mpv-radiko.el
  emms-player-mpv-jp-radios-20180325.1117/emms-player-mpv-radiru.el
  emms-player-mpv-jp-radios-20180325.1117/emms-player-mpv-seaside.el
  emms-player-mpv-jp-radios-20180325.1117/emms-player-mpv-simul.el
  emms-player-mpv-jp-radios-20180325.1117/emms-streams-agqr.el
  emms-player-mpv-jp-radios-20180325.1117/emms-streams-animate.el
  emms-player-mpv-jp-radios-20180325.1117/emms-streams-anitama.el
  emms-player-mpv-jp-radios-20180325.1117/emms-streams-famitsu.el
  emms-player-mpv-jp-radios-20180325.1117/emms-streams-hibiki.el
  emms-player-mpv-jp-radios-20180325.1117/emms-streams-jp-radios-anything.el
  emms-player-mpv-jp-radios-20180325.1117/emms-streams-jp-radios-counsel.el
  emms-player-mpv-jp-radios-20180325.1117/emms-streams-jp-radios-helm.el
  emms-player-mpv-jp-radios-20180325.1117/emms-streams-jp-radios-util.el
  emms-player-mpv-jp-radios-20180325.1117/emms-streams-jp-radios.el
  emms-player-mpv-jp-radios-20180325.1117/emms-streams-lantis.el
  emms-player-mpv-jp-radios-20180325.1117/emms-streams-listen.el
  emms-player-mpv-jp-radios-20180325.1117/emms-streams-nico-util.el
  emms-player-mpv-jp-radios-20180325.1117/emms-streams-onsen.el
  emms-player-mpv-jp-radios-20180325.1117/emms-streams-radiko.el
  emms-player-mpv-jp-radios-20180325.1117/emms-streams-radiru.el
  emms-player-mpv-jp-radios-20180325.1117/emms-streams-seaside.el
  emms-player-mpv-jp-radios-20180325.1117/emms-streams-simul.el
 ✓ Success:
  2025-05-19T02:04:13+0000  emms-player-mpv-jp-radios-20180325.1117.entry
  2025-05-19T02:04:13+0000  emms-player-mpv-jp-radios-20180325.1117.tar
Built emms-player-mpv-jp-radios in 5.907s, finished at 2025-05-19T02:04:14+0000
