Package: emojify-logos
Fetcher: github
Source:  https://github.com/mxgoldstein/emojify-logos.git

Updating /mnt/store/melpa/working/emojify-logos/
Checking out a3e78bcbdf863092d4c9b026ac08bf7d1c7c0e8b
Copying files (->) and directories (=>)
  from /mnt/store/melpa/working/emojify-logos/
  to /tmp/emojify-logosS2nHrS/emojify-logos-20180814.917
    emojify-logos.el -> emojify-logos.el
    logos => logos
Created emojify-logos-20180814.917.tar containing:
  emojify-logos-20180814.917/
  emojify-logos-20180814.917/emojify-logos-pkg.el
  emojify-logos-20180814.917/emojify-logos.el
  emojify-logos-20180814.917/logos/
  emojify-logos-20180814.917/logos/COPYRIGHT.MD
  emojify-logos-20180814.917/logos/angularjs.png
  emojify-logos-20180814.917/logos/c++.png
  emojify-logos-20180814.917/logos/c.png
  emojify-logos-20180814.917/logos/css3.png
  emojify-logos-20180814.917/logos/emacs.png
  emojify-logos-20180814.917/logos/erlang.png
  emojify-logos-20180814.917/logos/haskell.png
  emojify-logos-20180814.917/logos/html5.png
  emojify-logos-20180814.917/logos/javascript.png
  emojify-logos-20180814.917/logos/latex.png
  emojify-logos-20180814.917/logos/markdown.png
  emojify-logos-20180814.917/logos/org.png
  emojify-logos-20180814.917/logos/pdf.png
  emojify-logos-20180814.917/logos/perl.png
  emojify-logos-20180814.917/logos/php.png
  emojify-logos-20180814.917/logos/python.png
  emojify-logos-20180814.917/logos/ruby.png
  emojify-logos-20180814.917/logos/typescript.png
 ✓ Success:
  2024-01-19T14:30:09+0000  emojify-logos-20180814.917.entry
  2024-01-19T14:30:09+0000  emojify-logos-20180814.917.tar
Built emojify-logos in 4.148s, finished at 2024-01-19T14:30:11+0000
