Package: empv
Fetcher: github
Source:  https://github.com/isamert/empv.el

Updating /mnt/store/melpa/working/empv/
Checking out 2d84bece5569d3ba28808677230f999b6118685a
Copying files (->) and directories (=>)
  from /mnt/store/melpa/working/empv/
  to /tmp/empvoBo63j/empv-20250325.2330
    empv-hydra.el -> empv-hydra.el
    empv.el -> empv.el
Created empv-20250325.2330.tar containing:
  empv-20250325.2330/
  empv-20250325.2330/empv-hydra.el
  empv-20250325.2330/empv-pkg.el
  empv-20250325.2330/empv.el
 ✓ Success:
  2025-03-25T20:54:13+0000  empv-20250225.1652.entry
  2025-03-25T20:54:13+0000  empv-20250225.1652.tar
  2025-03-25T23:47:10+0000  empv-20250325.2330.entry
  2025-03-25T23:47:10+0000  empv-20250325.2330.tar
Built empv in 4.167s, finished at 2025-03-25T23:47:11+0000
