Package: enh-ruby-mode
Fetcher: github
Source:  https://github.com/zenspider/enhanced-ruby-mode.git

Updating /mnt/store/melpa/working/enh-ruby-mode/
Checking out 7e76d754e1632b4fc9a024fa393c3fc837bcc86b
Copying files (->) and directories (=>)
  from /mnt/store/melpa/working/enh-ruby-mode/
  to /tmp/enh-ruby-mode9hiVc4/enh-ruby-mode-20221011.1957
    enh-ruby-mode.el -> enh-ruby-mode.el
    ruby/erm.rb -> ruby/erm.rb
    ruby/erm_buffer.rb -> ruby/erm_buffer.rb
Created enh-ruby-mode-20221011.1957.tar containing:
  enh-ruby-mode-20221011.1957/
  enh-ruby-mode-20221011.1957/enh-ruby-mode-pkg.el
  enh-ruby-mode-20221011.1957/enh-ruby-mode.el
  enh-ruby-mode-20221011.1957/ruby/
  enh-ruby-mode-20221011.1957/ruby/erm.rb
  enh-ruby-mode-20221011.1957/ruby/erm_buffer.rb
 ✓ Success:
  2024-05-27T23:39:20+0000  enh-ruby-mode-20221011.1957.entry
  2024-05-27T23:39:20+0000  enh-ruby-mode-20221011.1957.tar
Built enh-ruby-mode in 5.327s, finished at 2024-05-27T23:39:23+0000
