Package: eping
Fetcher: github
Source:  https://github.com/sean-hut/eping

Updating /mnt/store/melpa/working/eping/
Checking out 004496ee06c0b8ead4a4f49e17109e8eb32eb49d
Copying files (->) and directories (=>)
  from /mnt/store/melpa/working/eping/
  to /tmp/eping77ET6e/eping-20201027.2149
    eping.el -> eping.el
    eping.info -> eping.info
    eping.texinfo -> eping.texinfo
Generating eping.info
Created eping-20201027.2149.tar containing:
  eping-20201027.2149/
  eping-20201027.2149/dir
  eping-20201027.2149/eping-pkg.el
  eping-20201027.2149/eping.el
  eping-20201027.2149/eping.info
 ✓ Success:
  2025-03-03T00:46:39+0000  eping-20201027.2149.entry
  2025-03-03T00:46:39+0000  eping-20201027.2149.tar
Built eping in 5.126s, finished at 2025-03-03T00:46:40+0000
