Package: epm
Fetcher: github
Source:  https://github.com/xuchunyang/epm

Updating /mnt/store/melpa/working/epm/
Checking out 6375ddbf93c5f25647f6ebb25b54045b3c93a5be
Copying files (->) and directories (=>)
  from /mnt/store/melpa/working/epm/
  to /tmp/epm5CaTlB/epm-20190509.443
    .epm.el -> .epm.el
    epm.el -> epm.el
    epm -> epm
Created epm-20190509.443.tar containing:
  epm-20190509.443/
  epm-20190509.443/.epm.el
  epm-20190509.443/epm
  epm-20190509.443/epm-pkg.el
  epm-20190509.443/epm.el
 ✓ Success:
  2025-03-14T23:16:21+0000  epm-20190509.443.entry
  2025-03-14T23:16:21+0000  epm-20190509.443.tar
Built epm in 2.650s, finished at 2025-03-14T23:16:22+0000
