Package: eproject
Fetcher: github
Source:  https://github.com/jrockway/eproject.git

Updating /mnt/store/melpa/working/eproject/
Checking out 068218d2cf2138cb2e8fc29b57e773a0097a7e8b
Copying files (->) and directories (=>)
  from /mnt/store/melpa/working/eproject/
  to /tmp/eprojectWLXtY2/eproject-20180312.1642
    eproject.el -> eproject.el
    eproject-extras.el -> eproject-extras.el
  ! lang/eproject-android.el -> eproject-android.el
  ! lang/eproject-arduino.el -> eproject-arduino.el
  ! lang/eproject-clojure-leiningen.el -> eproject-clojure-leiningen.el
  ! lang/eproject-javascript-bower.el -> eproject-javascript-bower.el
  ! lang/eproject-javascript-grunt.el -> eproject-javascript-grunt.el
  ! lang/eproject-javascript-npm.el -> eproject-javascript-npm.el
  ! lang/eproject-perl.el -> eproject-perl.el
  ! lang/eproject-php-composer.el -> eproject-php-composer.el
  ! lang/eproject-python.el -> eproject-python.el
  ! lang/eproject-ruby-on-rails.el -> eproject-ruby-on-rails.el
  ! lang/eproject-ruby.el -> eproject-ruby.el
  ! contrib/eproject-anything.el -> eproject-anything.el
  ! contrib/eproject-compile.el -> eproject-compile.el
  ! contrib/eproject-tags.el -> eproject-tags.el
  ! contrib/eproject-tasks.el -> eproject-tasks.el
  ! contrib/helm-eproject.el -> helm-eproject.el
Created eproject-20180312.1642.tar containing:
  eproject-20180312.1642/
  eproject-20180312.1642/eproject-android.el
  eproject-20180312.1642/eproject-anything.el
  eproject-20180312.1642/eproject-arduino.el
  eproject-20180312.1642/eproject-clojure-leiningen.el
  eproject-20180312.1642/eproject-compile.el
  eproject-20180312.1642/eproject-extras.el
  eproject-20180312.1642/eproject-javascript-bower.el
  eproject-20180312.1642/eproject-javascript-grunt.el
  eproject-20180312.1642/eproject-javascript-npm.el
  eproject-20180312.1642/eproject-perl.el
  eproject-20180312.1642/eproject-php-composer.el
  eproject-20180312.1642/eproject-pkg.el
  eproject-20180312.1642/eproject-python.el
  eproject-20180312.1642/eproject-ruby-on-rails.el
  eproject-20180312.1642/eproject-ruby.el
  eproject-20180312.1642/eproject-tags.el
  eproject-20180312.1642/eproject-tasks.el
  eproject-20180312.1642/eproject.el
  eproject-20180312.1642/helm-eproject.el
 ✓ Success:
  2024-02-11T00:16:37+0000  eproject-20180312.1642.entry
  2024-02-11T00:16:37+0000  eproject-20180312.1642.tar
Built eproject in 3.150s, finished at 2024-02-11T00:16:39+0000
