Package: erk
Fetcher: github
Source:  https://github.com/positron-solutions/elisp-repo-kit.git

Updating /mnt/store/melpa/working/erk/
Checking out 0d9906415a649caff2df7b4b1b3f8f6cc337032a
Copying files (->) and directories (=>)
  from /mnt/store/melpa/working/erk/
  to /tmp/erkc5s6aC/erk-20231227.1449
  ! lisp/erk.el -> erk.el
  ! doc/erk.texi -> erk.texi
Generating /tmp/erkc5s6aC/erk-20231227.1449/erk.info
Created erk-20231227.1449.tar containing:
  erk-20231227.1449/
  erk-20231227.1449/dir
  erk-20231227.1449/erk-pkg.el
  erk-20231227.1449/erk.el
  erk-20231227.1449/erk.info
 ✓ Success:
  2024-07-14T23:24:16+0000  erk-20231227.1449.entry
  2024-07-14T23:24:16+0000  erk-20231227.1449.tar
Built erk in 7.021s, finished at 2024-07-14T23:24:18+0000
