Package: erlang
Fetcher: github
Source:  https://github.com/erlang/otp

Updating /mnt/store/melpa/working/erlang/
Checking out ef867dfd52aa4d0886b0f3aba5d216b624171af3
Copying files (->) and directories (=>)
  from /mnt/store/melpa/working/erlang/
  to /tmp/erlangNJHw7m/erlang-20241211.916
  ! lib/tools/emacs/erlang-edoc.el -> erlang-edoc.el
  ! lib/tools/emacs/erlang-eunit.el -> erlang-eunit.el
  ! lib/tools/emacs/erlang-flymake.el -> erlang-flymake.el
  ! lib/tools/emacs/erlang-pkg.el -> erlang-pkg.el
  ! lib/tools/emacs/erlang-skels-old.el -> erlang-skels-old.el
  ! lib/tools/emacs/erlang-skels.el -> erlang-skels.el
  ! lib/tools/emacs/erlang-start.el -> erlang-start.el
  ! lib/tools/emacs/erlang-test.el -> erlang-test.el
  ! lib/tools/emacs/erlang.el -> erlang.el
  ! lib/tools/emacs/erldoc.el -> erldoc.el
Created erlang-20241211.916.tar containing:
  erlang-20241211.916/
  erlang-20241211.916/erlang-edoc.el
  erlang-20241211.916/erlang-eunit.el
  erlang-20241211.916/erlang-flymake.el
  erlang-20241211.916/erlang-pkg.el
  erlang-20241211.916/erlang-skels-old.el
  erlang-20241211.916/erlang-skels.el
  erlang-20241211.916/erlang-start.el
  erlang-20241211.916/erlang-test.el
  erlang-20241211.916/erlang.el
  erlang-20241211.916/erldoc.el
 ✓ Success:
  2024-12-11T23:16:01+0000  erlang-20241211.916.entry
  2024-12-11T23:16:01+0000  erlang-20241211.916.tar
Built erlang in 9.928s, finished at 2024-12-11T23:16:02+0000
