2024-10-29T04:52:43+0000  prog-face-refine           Command `git fetch -f --tags origin' exited with non-zero exit-code: 128
2024-10-29T04:52:46+0000  project-butler             Command `git fetch -f --tags origin' exited with non-zero exit-code: 128
2024-10-29T04:53:30+0000  py-autopep8                Command `git fetch -f --tags origin' exited with non-zero exit-code: 128
2024-10-29T04:55:04+0000  persist-state              Command `git fetch -f --tags origin' exited with non-zero exit-code: 128
2024-10-29T04:57:00+0000  scratch                    Command `git fetch -f --tags origin' exited with non-zero exit-code: 128
2024-10-29T04:57:08+0000  scroll-on-drag             Command `git fetch -f --tags origin' exited with non-zero exit-code: 128
2024-10-29T04:57:09+0000  scroll-on-jump             Command `git fetch -f --tags origin' exited with non-zero exit-code: 128
2024-10-29T04:57:55+0000  sentex                     Command `git fetch -f --tags origin' exited with non-zero exit-code: 128
2024-10-29T04:58:03+0000  session-async              Command `git fetch -f --tags origin' exited with non-zero exit-code: 128
2024-10-29T04:58:22+0000  shell-here                 Command `git fetch -f --tags origin' exited with non-zero exit-code: 128
2024-10-29T04:58:54+0000  sidecar-locals             Command `git fetch -f --tags origin' exited with non-zero exit-code: 128
2024-10-29T04:59:31+0000  slurpbarf                  Command `git fetch -f --tags origin' exited with non-zero exit-code: 128
2024-10-29T04:59:35+0000  recomplete                 Command `git fetch -f --tags origin' exited with non-zero exit-code: 128
2024-10-29T05:00:14+0000  revert-buffer-all          Command `git fetch -f --tags origin' exited with non-zero exit-code: 128
2024-10-29T05:00:19+0000  ride-mode                  Command `git fetch -f --tags origin' exited with non-zero exit-code: 128
2024-10-29T05:00:33+0000  ron-mode                   Command `git fetch -f --tags origin' exited with non-zero exit-code: 128
2024-10-29T05:00:53+0000  run-stuff                  Command `git fetch -f --tags origin' exited with non-zero exit-code: 128
2024-10-29T05:03:11+0000  spatial-navigate           Command `git fetch -f --tags origin' exited with non-zero exit-code: 128
2024-10-29T05:03:31+0000  test-case-mode             Command `git fetch -f --tags origin' exited with non-zero exit-code: 128
2024-10-29T05:05:14+0000  twtxt                      Command `git fetch -f --tags origin' exited with non-zero exit-code: 128
2024-10-29T05:05:17+0000  spell-fu                   Command `git fetch -f --tags origin' exited with non-zero exit-code: 128
2024-10-29T05:05:36+0000  ulisp-mode                 Command `git fetch -f --tags origin' exited with non-zero exit-code: 128
2024-10-29T05:05:48+0000  ssh                        Command `git fetch -f --tags origin' exited with non-zero exit-code: 128
2024-10-29T05:05:57+0000  titlecase                  Command `git fetch -f --tags origin' exited with non-zero exit-code: 128
2024-10-29T05:06:18+0000  tp                         Command `git fetch -f --tags origin' exited with non-zero exit-code: 128
2024-10-29T05:06:31+0000  unspecified-theme          Command `git fetch -f --tags origin' exited with non-zero exit-code: 128
2024-10-29T05:06:33+0000  tree-sitter-indent         Command `git fetch -f --tags origin' exited with non-zero exit-code: 128
2024-10-29T05:06:42+0000  utimeclock                 Command `git fetch -f --tags origin' exited with non-zero exit-code: 128
2024-10-29T05:06:45+0000  sxiv                       Command `git fetch -f --tags origin' exited with non-zero exit-code: 128
2024-10-29T05:07:31+0000  visual-fill-column         Command `git fetch -f --tags origin' exited with non-zero exit-code: 128
2024-10-29T05:07:51+0000  undo-fu                    Command `git fetch -f --tags origin' exited with non-zero exit-code: 128
2024-10-29T05:07:51+0000  undo-fu-session            Command `git fetch -f --tags origin' exited with non-zero exit-code: 128
2024-10-29T05:08:50+0000  why-this                   Command `git fetch -f --tags origin' exited with non-zero exit-code: 128
2024-10-29T05:09:17+0000  wordreference              Command `git fetch -f --tags origin' exited with non-zero exit-code: 128
2024-10-29T05:09:21+0000  workroom                   Command `git fetch -f --tags origin' exited with non-zero exit-code: 128
2024-10-29T05:09:45+0000  xref-rst                   Command `git fetch -f --tags origin' exited with non-zero exit-code: 128
2024-10-29T05:10:31+0000  zig-ts-mode                Command `git fetch -f --tags origin' exited with non-zero exit-code: 128
2024-10-29T05:10:34+0000  ztree                      Command `git fetch -f --tags origin' exited with non-zero exit-code: 128
2024-10-29T05:10:39+0000  yabaki-theme               Command `git fetch -f --tags origin' exited with non-zero exit-code: 128
