2024-01-31T14:39:48+0000  2048-game                  Command `hg purge' exited with non-zero exit-code: 255
2024-01-31T14:45:03+0000  caser                      Command `hg purge' exited with non-zero exit-code: 255
2024-01-31T14:48:15+0000  consult-dash               Command `git fetch -f --tags origin' exited with non-zero exit-code: 128
2024-01-31T14:50:50+0000  diff-ansi                  Command `git remote set-head origin --auto' exited with non-zero exit-code: 128
2024-01-31T14:50:50+0000  dired-duplicates           Command `git fetch -f --tags origin' exited with non-zero exit-code: 128
2024-01-31T14:50:50+0000  diff-at-point              Command `git remote set-head origin --auto' exited with non-zero exit-code: 128
2024-01-31T14:51:11+0000  ditz-mode                  Command `hg purge' exited with non-zero exit-code: 255
2024-01-31T14:53:49+0000  electric-cursor            Command `git fetch -f --tags origin' exited with non-zero exit-code: 128
2024-01-31T14:54:03+0000  elisp-autofmt              Command `git fetch -f --tags origin' exited with non-zero exit-code: 128
2024-01-31T14:54:43+0000  enlightened-theme          Command `hg purge' exited with non-zero exit-code: 255
2024-01-31T14:57:21+0000  eshell-outline             Command `git fetch -f --tags origin' exited with non-zero exit-code: 128
2024-01-31T14:59:20+0000  flymake-golangci           Command `git fetch -f --tags origin' exited with non-zero exit-code: 128
2024-01-31T15:08:50+0000  jabber                     No define-package found in jabber-pkg.el
2024-01-31T15:10:32+0000  kanban                     Command `hg purge' exited with non-zero exit-code: 255
2024-01-31T15:11:06+0000  klondike                   Command `git fetch -f --tags origin' exited with non-zero exit-code: 128
2024-01-31T15:11:06+0000  klere-theme                Command `git fetch -f --tags origin' exited with non-zero exit-code: 128
2024-01-31T15:12:35+0000  lms                        Command `hg purge' exited with non-zero exit-code: 255
2024-01-31T15:14:55+0000  minesweeper                Command `hg purge' exited with non-zero exit-code: 255
2024-01-31T15:20:27+0000  org-parser                 Command `hg purge' exited with non-zero exit-code: 255
2024-01-31T15:23:52+0000  per-buffer-theme           Command `hg purge' exited with non-zero exit-code: 255
2024-01-31T15:24:45+0000  pmdm                       Command `hg purge' exited with non-zero exit-code: 255
2024-01-31T15:25:46+0000  protobuf-ts-mode           Command `git fetch -f --tags origin' exited with non-zero exit-code: 128
2024-01-31T15:36:29+0000  undo-fu                    Command `git fetch -f --tags origin' exited with non-zero exit-code: 128
2024-01-31T15:36:29+0000  undo-fu-session            Command `git fetch -f --tags origin' exited with non-zero exit-code: 128
2024-01-31T15:36:40+0000  use-package-el-get         Command `git fetch -f --tags origin' exited with non-zero exit-code: 128
2024-01-31T15:39:22+0000  wisp-mode                  Command `hg purge' exited with non-zero exit-code: 255
2024-01-31T15:40:28+0000  yatex                      Command `hg purge' exited with non-zero exit-code: 255
2024-01-31T15:41:02+0000  zpresent                   Command `hg purge' exited with non-zero exit-code: 255
