Package: es-mode
Fetcher: github
Source:  https://github.com/dakrone/es-mode.git

Updating /mnt/store/melpa/working/es-mode/
Checking out e82465fd785688bb58918ea62ca4de06a2a23a1e
Copying files (->) and directories (=>)
  from /mnt/store/melpa/working/es-mode/
  to /tmp/es-modeHywbkL/es-mode-20221026.1103
    es-cc.el -> es-cc.el
    es-copyas.el -> es-copyas.el
    es-mode.el -> es-mode.el
    es-parse.el -> es-parse.el
    ob-elasticsearch.el -> ob-elasticsearch.el
    snippets => snippets
Created es-mode-20221026.1103.tar containing:
  es-mode-20221026.1103/
  es-mode-20221026.1103/es-cc.el
  es-mode-20221026.1103/es-copyas.el
  es-mode-20221026.1103/es-mode-pkg.el
  es-mode-20221026.1103/es-mode.el
  es-mode-20221026.1103/es-parse.el
  es-mode-20221026.1103/ob-elasticsearch.el
  es-mode-20221026.1103/snippets/
  es-mode-20221026.1103/snippets/es-mode/
  es-mode-20221026.1103/snippets/es-mode/bool
  es-mode-20221026.1103/snippets/es-mode/cat_nodes
  es-mode-20221026.1103/snippets/es-mode/cat_shards
  es-mode-20221026.1103/snippets/es-mode/debug-logging
  es-mode-20221026.1103/snippets/es-mode/delete_index
  es-mode-20221026.1103/snippets/es-mode/match
  es-mode-20221026.1103/snippets/es-mode/match_all
  es-mode-20221026.1103/snippets/es-mode/multi_match
  es-mode-20221026.1103/snippets/es-mode/new_index
  es-mode-20221026.1103/snippets/es-mode/search
  es-mode-20221026.1103/snippets/es-mode/search-match-all
 ✓ Success:
  2023-12-27T14:49:37+0000  es-mode-20221026.1103.entry
  2023-12-27T14:49:37+0000  es-mode-20221026.1103.tar
Built es-mode in 4.074s, finished at 2023-12-27T14:49:39+0000
