Package: eslint-disable-rule
Fetcher: github
Source:  https://github.com/DamienCassou/eslint-disable-rule

Updating /mnt/store/melpa/working/eslint-disable-rule/
Checking out 54771405e09e2cf5cb8f47aab2818e77d3046f53
Copying files (->) and directories (=>)
  from /mnt/store/melpa/working/eslint-disable-rule/
  to /tmp/eslint-disable-ruleYkuKRC/eslint-disable-rule-20230904.1821
    eslint-disable-rule-all.el -> eslint-disable-rule-all.el
    eslint-disable-rule-flycheck.el -> eslint-disable-rule-flycheck.el
    eslint-disable-rule-flymake.el -> eslint-disable-rule-flymake.el
    eslint-disable-rule.el -> eslint-disable-rule.el
Created eslint-disable-rule-20230904.1821.tar containing:
  eslint-disable-rule-20230904.1821/
  eslint-disable-rule-20230904.1821/eslint-disable-rule-all.el
  eslint-disable-rule-20230904.1821/eslint-disable-rule-flycheck.el
  eslint-disable-rule-20230904.1821/eslint-disable-rule-flymake.el
  eslint-disable-rule-20230904.1821/eslint-disable-rule-pkg.el
  eslint-disable-rule-20230904.1821/eslint-disable-rule.el
 ✓ Success:
  2025-01-09T23:59:35+0000  eslint-disable-rule-20230904.1821.entry
  2025-01-09T23:59:35+0000  eslint-disable-rule-20230904.1821.tar
Built eslint-disable-rule in 4.849s, finished at 2025-01-09T23:59:36+0000
