Package: ess-smart-underscore
Fetcher: github
Source:  https://github.com/mattfidler/ess-smart-underscore.el

Updating /mnt/store/melpa/working/ess-smart-underscore/
Checking out aa871c5b0448515db439ea9bed6a8574e82ddb47
Copying files (->) and directories (=>)
  from /mnt/store/melpa/working/ess-smart-underscore/
  to /tmp/ess-smart-underscorebBtNGM/ess-smart-underscore-20190309.101
    ess-smart-underscore.el -> ess-smart-underscore.el
    dir -> dir
    ess-smart-underscore.info -> ess-smart-underscore.info
Created ess-smart-underscore-20190309.101.tar containing:
  ess-smart-underscore-20190309.101/
  ess-smart-underscore-20190309.101/dir
  ess-smart-underscore-20190309.101/ess-smart-underscore-pkg.el
  ess-smart-underscore-20190309.101/ess-smart-underscore.el
  ess-smart-underscore-20190309.101/ess-smart-underscore.info
 ✓ Success:
  2025-04-04T22:41:27+0000  ess-smart-underscore-20190309.101.entry
  2025-04-04T22:41:27+0000  ess-smart-underscore-20190309.101.tar
Built ess-smart-underscore in 3.520s, finished at 2025-04-04T22:41:28+0000
