Package: ess
Fetcher: github
Source:  https://github.com/emacs-ess/ESS

Updating /mnt/store/melpa/working/ess/
Checking out a2eb8a8e68d34897ee936a665d44252515613ec7
Copying files (->) and directories (=>)
  from /mnt/store/melpa/working/ess/
  to /tmp/ess4yxd57/ess-20241208.1630
  ! lisp/ess-bugs-d.el -> ess-bugs-d.el
  ! lisp/ess-bugs-l.el -> ess-bugs-l.el
  ! lisp/ess-custom.el -> ess-custom.el
  ! lisp/ess-gretl.el -> ess-gretl.el
  ! lisp/ess-help.el -> ess-help.el
  ! lisp/ess-inf.el -> ess-inf.el
  ! lisp/ess-jags-d.el -> ess-jags-d.el
  ! lisp/ess-julia.el -> ess-julia.el
  ! lisp/ess-mode.el -> ess-mode.el
  ! lisp/ess-r-completion.el -> ess-r-completion.el
  ! lisp/ess-r-flymake.el -> ess-r-flymake.el
  ! lisp/ess-r-mode.el -> ess-r-mode.el
  ! lisp/ess-r-package.el -> ess-r-package.el
  ! lisp/ess-r-syntax.el -> ess-r-syntax.el
  ! lisp/ess-r-xref.el -> ess-r-xref.el
  ! lisp/ess-rd.el -> ess-rd.el
  ! lisp/ess-rdired.el -> ess-rdired.el
  ! lisp/ess-roxy.el -> ess-roxy.el
  ! lisp/ess-s-lang.el -> ess-s-lang.el
  ! lisp/ess-sas-a.el -> ess-sas-a.el
  ! lisp/ess-sas-d.el -> ess-sas-d.el
  ! lisp/ess-sas-l.el -> ess-sas-l.el
  ! lisp/ess-site.el -> ess-site.el
  ! lisp/ess-sp6-d.el -> ess-sp6-d.el
  ! lisp/ess-toolbar.el -> ess-toolbar.el
  ! lisp/ess-tracebug.el -> ess-tracebug.el
  ! lisp/ess-trns.el -> ess-trns.el
  ! lisp/ess-utils.el -> ess-utils.el
  ! lisp/ess.el -> ess.el
  ! lisp/essd-els.el -> essd-els.el
  ! doc/ess.texi -> ess.texi
    etc/ESSR => etc/ESSR
    etc/ESSR.rds -> etc/ESSR.rds
    etc/Makefile -> etc/Makefile
    etc/all.txt -> etc/all.txt
    etc/ess-julia.jl -> etc/ess-julia.jl
    etc/ess-sas-sh-command -> etc/ess-sas-sh-command
    etc/func.sas -> etc/func.sas
    etc/icons => etc/icons
    etc/proc.sas -> etc/proc.sas
    etc/proc.txt -> etc/proc.txt
  ! lisp/obsolete/ess-eldoc.el -> obsolete/ess-eldoc.el
  ! lisp/obsolete/ess-font-lock.el -> obsolete/ess-font-lock.el
  ! lisp/obsolete/ess-mouse.el -> obsolete/ess-mouse.el
  ! lisp/obsolete/ess-r-a.el -> obsolete/ess-r-a.el
  ! lisp/obsolete/mouseme.el -> obsolete/mouseme.el
  ! lisp/obsolete/msdos.el -> obsolete/msdos.el
Generating ess.info
Created ess-20241208.1630.tar containing:
  ess-20241208.1630/
  ess-20241208.1630/dir
  ess-20241208.1630/ess-bugs-d.el
  ess-20241208.1630/ess-bugs-l.el
  ess-20241208.1630/ess-custom.el
  ess-20241208.1630/ess-gretl.el
  ess-20241208.1630/ess-help.el
  ess-20241208.1630/ess-inf.el
  ess-20241208.1630/ess-jags-d.el
  ess-20241208.1630/ess-julia.el
  ess-20241208.1630/ess-mode.el
  ess-20241208.1630/ess-pkg.el
  ess-20241208.1630/ess-r-completion.el
  ess-20241208.1630/ess-r-flymake.el
  ess-20241208.1630/ess-r-mode.el
  ess-20241208.1630/ess-r-package.el
  ess-20241208.1630/ess-r-syntax.el
  ess-20241208.1630/ess-r-xref.el
  ess-20241208.1630/ess-rd.el
  ess-20241208.1630/ess-rdired.el
  ess-20241208.1630/ess-roxy.el
  ess-20241208.1630/ess-s-lang.el
  ess-20241208.1630/ess-sas-a.el
  ess-20241208.1630/ess-sas-d.el
  ess-20241208.1630/ess-sas-l.el
  ess-20241208.1630/ess-site.el
  ess-20241208.1630/ess-sp6-d.el
  ess-20241208.1630/ess-toolbar.el
  ess-20241208.1630/ess-tracebug.el
  ess-20241208.1630/ess-trns.el
  ess-20241208.1630/ess-utils.el
  ess-20241208.1630/ess.el
  ess-20241208.1630/ess.info
  ess-20241208.1630/essd-els.el
  ess-20241208.1630/etc/
  ess-20241208.1630/etc/ESSR.rds
  ess-20241208.1630/etc/ESSR/
  ess-20241208.1630/etc/ESSR/BUILDESSR
  ess-20241208.1630/etc/ESSR/LOADREMOTE
  ess-20241208.1630/etc/ESSR/R/
  ess-20241208.1630/etc/ESSR/R/.basic.R
  ess-20241208.1630/etc/ESSR/R/.load.R
  ess-20241208.1630/etc/ESSR/R/completion.R
  ess-20241208.1630/etc/ESSR/R/debug.R
  ess-20241208.1630/etc/ESSR/R/misc.R
  ess-20241208.1630/etc/ESSR/R/mpi.R
  ess-20241208.1630/etc/ESSR/R/ns-eval.R
  ess-20241208.1630/etc/ESSR/R/pkg.R
  ess-20241208.1630/etc/Makefile
  ess-20241208.1630/etc/all.txt
  ess-20241208.1630/etc/ess-julia.jl
  ess-20241208.1630/etc/ess-sas-sh-command
  ess-20241208.1630/etc/func.sas
  ess-20241208.1630/etc/icons/
  ess-20241208.1630/etc/icons/README
  ess-20241208.1630/etc/icons/rbuffer.xpm
  ess-20241208.1630/etc/icons/rfunction.xpm
  ess-20241208.1630/etc/icons/rline.xpm
  ess-20241208.1630/etc/icons/rregion.xpm
  ess-20241208.1630/etc/icons/splus_letter_small.xpm
  ess-20241208.1630/etc/icons/splus_letters_large.png
  ess-20241208.1630/etc/icons/splus_letters_large.xpm
  ess-20241208.1630/etc/icons/spluslogo.xpm
  ess-20241208.1630/etc/icons/spluslogo.xpm.safe
  ess-20241208.1630/etc/icons/startr.xpm
  ess-20241208.1630/etc/icons/switch_ess.xpm
  ess-20241208.1630/etc/icons/switchr.xpm
  ess-20241208.1630/etc/icons/switchs.xpm
  ess-20241208.1630/etc/proc.sas
  ess-20241208.1630/etc/proc.txt
  ess-20241208.1630/obsolete/
  ess-20241208.1630/obsolete/ess-eldoc.el
  ess-20241208.1630/obsolete/ess-font-lock.el
  ess-20241208.1630/obsolete/ess-mouse.el
  ess-20241208.1630/obsolete/ess-r-a.el
  ess-20241208.1630/obsolete/mouseme.el
  ess-20241208.1630/obsolete/msdos.el
 ✓ Success:
  2024-12-08T23:22:33+0000  ess-20241208.1630.entry
  2024-12-08T23:22:33+0000  ess-20241208.1630.tar
Built ess in 7.362s, finished at 2024-12-08T23:22:34+0000
