Package: etable
Fetcher: github
Source:  https://github.com/Fuco1/ETable.git

Updating /mnt/store/melpa/working/etable/
Checking out d502141f0c69bf95256ba5cb9cd15350c7e942d2
Copying files (->) and directories (=>)
  from /mnt/store/melpa/working/etable/
  to /tmp/etableoPhbLR/etable-20161028.2009
    etable-cell-renderer.el -> etable-cell-renderer.el
    etable-pkg.el -> etable-pkg.el
    etable-selection-model.el -> etable-selection-model.el
    etable-table-column-model.el -> etable-table-column-model.el
    etable-table-column.el -> etable-table-column.el
    etable-table-model.el -> etable-table-model.el
    etable.el -> etable.el
Created etable-20161028.2009.tar containing:
  etable-20161028.2009/
  etable-20161028.2009/etable-cell-renderer.el
  etable-20161028.2009/etable-pkg.el
  etable-20161028.2009/etable-selection-model.el
  etable-20161028.2009/etable-table-column-model.el
  etable-20161028.2009/etable-table-column.el
  etable-20161028.2009/etable-table-model.el
  etable-20161028.2009/etable.el
 ✓ Success:
  2024-02-16T14:58:20+0000  etable-20161028.2009.entry
  2024-02-16T14:58:20+0000  etable-20161028.2009.tar
Built etable in 4.339s, finished at 2024-02-16T14:58:22+0000
