Package: eterm-fn
Fetcher: github
Source:  https://github.com/oitofelix/eterm-fn

Updating /mnt/store/melpa/working/eterm-fn/
Checking out b5d433fedc030046ea0e4a217f4dd3846a113fe4
Copying files (->) and directories (=>)
  from /mnt/store/melpa/working/eterm-fn/
  to /tmp/eterm-fn4CLU4u/eterm-fn-20250110.1354
    eterm-fn.el -> eterm-fn.el
    eterm-fn-256color.ti -> eterm-fn-256color.ti
    eterm-fn-color.ti -> eterm-fn-color.ti
Created eterm-fn-20250110.1354.tar containing:
  eterm-fn-20250110.1354/
  eterm-fn-20250110.1354/eterm-fn-256color.ti
  eterm-fn-20250110.1354/eterm-fn-color.ti
  eterm-fn-20250110.1354/eterm-fn-pkg.el
  eterm-fn-20250110.1354/eterm-fn.el
 ✓ Success:
  2025-03-09T22:51:11+0000  eterm-fn-20250110.1354.entry
  2025-03-09T22:51:11+0000  eterm-fn-20250110.1354.tar
Built eterm-fn in 3.429s, finished at 2025-03-09T22:51:12+0000
