Package: evenok
Fetcher: codeberg
Source:  https://codeberg.org/mekeor/evenok

Updating /mnt/store/melpa/working/evenok/
Checking out d6600fc808e54dce44d3f8eb2b4e56a60c946c90
Copying files (->) and directories (=>)
  from /mnt/store/melpa/working/evenok/
  to /tmp/evenokgoWsWX/evenok-20250202.2355
    evenok-dark-extra-theme.el -> evenok-dark-extra-theme.el
    evenok-dark-theme.el -> evenok-dark-theme.el
    evenok-extra.el -> evenok-extra.el
    evenok-light-extra-theme.el -> evenok-light-extra-theme.el
    evenok-light-theme.el -> evenok-light-theme.el
    evenok.el -> evenok.el
Created evenok-20250202.2355.tar containing:
  evenok-20250202.2355/
  evenok-20250202.2355/evenok-dark-extra-theme.el
  evenok-20250202.2355/evenok-dark-theme.el
  evenok-20250202.2355/evenok-extra.el
  evenok-20250202.2355/evenok-light-extra-theme.el
  evenok-20250202.2355/evenok-light-theme.el
  evenok-20250202.2355/evenok-pkg.el
  evenok-20250202.2355/evenok.el
 ✓ Success:
  2025-02-03T23:15:32+0000  evenok-20250202.2355.entry
  2025-02-03T23:15:32+0000  evenok-20250202.2355.tar
Built evenok in 7.038s, finished at 2025-02-03T23:15:34+0000
