Package: evil-cleverparens
Fetcher: github
Source:  https://github.com/emacs-evil/evil-cleverparens.git

Updating /mnt/store/melpa/working/evil-cleverparens/
Checking out e8ccec32867e12d70a7cff5c70e4ac91f58dbd20
Copying files (->) and directories (=>)
  from /mnt/store/melpa/working/evil-cleverparens/
  to /tmp/evil-cleverparenssnAEiu/evil-cleverparens-20240103.926
    evil-cleverparens-text-objects.el -> evil-cleverparens-text-objects.el
    evil-cleverparens-util.el -> evil-cleverparens-util.el
    evil-cleverparens.el -> evil-cleverparens.el
Created evil-cleverparens-20240103.926.tar containing:
  evil-cleverparens-20240103.926/
  evil-cleverparens-20240103.926/evil-cleverparens-pkg.el
  evil-cleverparens-20240103.926/evil-cleverparens-text-objects.el
  evil-cleverparens-20240103.926/evil-cleverparens-util.el
  evil-cleverparens-20240103.926/evil-cleverparens.el
 ✓ Success:
  2024-02-24T00:07:58+0000  evil-cleverparens-20240103.926.entry
  2024-02-24T00:07:58+0000  evil-cleverparens-20240103.926.tar
Built evil-cleverparens in 2.651s, finished at 2024-02-24T00:07:59+0000
