 • Building package evil-lispy (from github:mikavilpas/evil-lispy)...
Updating /mnt/store/melpa/working/evil-lispy/
Checking out ed317f7fccbdbeea8aa04a91b1b1f48a0e2ddc4e
Copying files (->) and directories (=>)
  from /mnt/store/melpa/working/evil-lispy/
  to /tmp/evil-lispyZ5jLAI/evil-lispy-20190502.739
    evil-lispy-core.el -> evil-lispy-core.el
    evil-lispy-customization.el -> evil-lispy-customization.el
    evil-lispy-help.el -> evil-lispy-help.el
    evil-lispy-keybinds.el -> evil-lispy-keybinds.el
    evil-lispy.el -> evil-lispy.el
Created evil-lispy-20190502.739.tar containing:
  evil-lispy-20190502.739/
  evil-lispy-20190502.739/evil-lispy-core.el
  evil-lispy-20190502.739/evil-lispy-customization.el
  evil-lispy-20190502.739/evil-lispy-help.el
  evil-lispy-20190502.739/evil-lispy-keybinds.el
  evil-lispy-20190502.739/evil-lispy-pkg.el
  evil-lispy-20190502.739/evil-lispy.el
 ✓ Success:
  2025-12-07T23:59:47+0000  evil-lispy-20190502.739.entry
  2025-12-07T23:59:47+0000  evil-lispy-20190502.739.tar
Built evil-lispy in 2.965s, finished at 2025-12-07T23:59:48+0000
