Package: evil-mc
Fetcher: github
Source:  https://github.com/gabesoft/evil-mc

Updating /mnt/store/melpa/working/evil-mc/
Checking out cff3374bfe1b7b1932743425d7fc5d4ab66d747e
Copying files (->) and directories (=>)
  from /mnt/store/melpa/working/evil-mc/
  to /tmp/evil-mcmBTxxb/evil-mc-20240701.140
    evil-mc-command-execute.el -> evil-mc-command-execute.el
    evil-mc-command-record.el -> evil-mc-command-record.el
    evil-mc-common.el -> evil-mc-common.el
    evil-mc-cursor-make.el -> evil-mc-cursor-make.el
    evil-mc-cursor-state.el -> evil-mc-cursor-state.el
    evil-mc-known-commands.el -> evil-mc-known-commands.el
    evil-mc-region.el -> evil-mc-region.el
    evil-mc-scratch.el -> evil-mc-scratch.el
    evil-mc-setup.el -> evil-mc-setup.el
    evil-mc-undo.el -> evil-mc-undo.el
    evil-mc-vars.el -> evil-mc-vars.el
    evil-mc.el -> evil-mc.el
Created evil-mc-20240701.140.tar containing:
  evil-mc-20240701.140/
  evil-mc-20240701.140/evil-mc-command-execute.el
  evil-mc-20240701.140/evil-mc-command-record.el
  evil-mc-20240701.140/evil-mc-common.el
  evil-mc-20240701.140/evil-mc-cursor-make.el
  evil-mc-20240701.140/evil-mc-cursor-state.el
  evil-mc-20240701.140/evil-mc-known-commands.el
  evil-mc-20240701.140/evil-mc-pkg.el
  evil-mc-20240701.140/evil-mc-region.el
  evil-mc-20240701.140/evil-mc-scratch.el
  evil-mc-20240701.140/evil-mc-setup.el
  evil-mc-20240701.140/evil-mc-undo.el
  evil-mc-20240701.140/evil-mc-vars.el
  evil-mc-20240701.140/evil-mc.el
 ✓ Success:
  2024-10-17T23:42:54+0000  evil-mc-20240701.140.entry
  2024-10-17T23:42:54+0000  evil-mc-20240701.140.tar
Built evil-mc in 3.513s, finished at 2024-10-17T23:42:55+0000
