Package: evil-matchit
Fetcher: github
Source:  https://github.com/redguardtoo/evil-matchit

Updating /mnt/store/melpa/working/evil-matchit/
Checking out 84a6d34c1a1282c43c6ccef2ead3eaa41fd1535f
Copying files (->) and directories (=>)
  from /mnt/store/melpa/working/evil-matchit/
  to /tmp/evil-matchitmWDnNm/evil-matchit-20241205.641
    evil-matchit-c.el -> evil-matchit-c.el
    evil-matchit-cmake.el -> evil-matchit-cmake.el
    evil-matchit-diff.el -> evil-matchit-diff.el
    evil-matchit-elixir.el -> evil-matchit-elixir.el
    evil-matchit-evil-setup.el -> evil-matchit-evil-setup.el
    evil-matchit-fortran.el -> evil-matchit-fortran.el
    evil-matchit-html.el -> evil-matchit-html.el
    evil-matchit-indent.el -> evil-matchit-indent.el
    evil-matchit-javascript.el -> evil-matchit-javascript.el
    evil-matchit-latex.el -> evil-matchit-latex.el
    evil-matchit-markdown.el -> evil-matchit-markdown.el
    evil-matchit-ocaml.el -> evil-matchit-ocaml.el
    evil-matchit-octave.el -> evil-matchit-octave.el
    evil-matchit-org.el -> evil-matchit-org.el
    evil-matchit-prog.el -> evil-matchit-prog.el
    evil-matchit-python.el -> evil-matchit-python.el
    evil-matchit-ruby.el -> evil-matchit-ruby.el
    evil-matchit-script.el -> evil-matchit-script.el
    evil-matchit-sdk.el -> evil-matchit-sdk.el
    evil-matchit-sh.el -> evil-matchit-sh.el
    evil-matchit-simple.el -> evil-matchit-simple.el
    evil-matchit-sql.el -> evil-matchit-sql.el
    evil-matchit-template.el -> evil-matchit-template.el
    evil-matchit-terminal.el -> evil-matchit-terminal.el
    evil-matchit-verilog.el -> evil-matchit-verilog.el
    evil-matchit-yaml.el -> evil-matchit-yaml.el
    evil-matchit.el -> evil-matchit.el
Created evil-matchit-20241205.641.tar containing:
  evil-matchit-20241205.641/
  evil-matchit-20241205.641/evil-matchit-c.el
  evil-matchit-20241205.641/evil-matchit-cmake.el
  evil-matchit-20241205.641/evil-matchit-diff.el
  evil-matchit-20241205.641/evil-matchit-elixir.el
  evil-matchit-20241205.641/evil-matchit-evil-setup.el
  evil-matchit-20241205.641/evil-matchit-fortran.el
  evil-matchit-20241205.641/evil-matchit-html.el
  evil-matchit-20241205.641/evil-matchit-indent.el
  evil-matchit-20241205.641/evil-matchit-javascript.el
  evil-matchit-20241205.641/evil-matchit-latex.el
  evil-matchit-20241205.641/evil-matchit-markdown.el
  evil-matchit-20241205.641/evil-matchit-ocaml.el
  evil-matchit-20241205.641/evil-matchit-octave.el
  evil-matchit-20241205.641/evil-matchit-org.el
  evil-matchit-20241205.641/evil-matchit-pkg.el
  evil-matchit-20241205.641/evil-matchit-prog.el
  evil-matchit-20241205.641/evil-matchit-python.el
  evil-matchit-20241205.641/evil-matchit-ruby.el
  evil-matchit-20241205.641/evil-matchit-script.el
  evil-matchit-20241205.641/evil-matchit-sdk.el
  evil-matchit-20241205.641/evil-matchit-sh.el
  evil-matchit-20241205.641/evil-matchit-simple.el
  evil-matchit-20241205.641/evil-matchit-sql.el
  evil-matchit-20241205.641/evil-matchit-template.el
  evil-matchit-20241205.641/evil-matchit-terminal.el
  evil-matchit-20241205.641/evil-matchit-verilog.el
  evil-matchit-20241205.641/evil-matchit-yaml.el
  evil-matchit-20241205.641/evil-matchit.el
 ✓ Success:
  2025-02-21T22:32:06+0000  evil-matchit-20241205.641.entry
  2025-02-21T22:32:06+0000  evil-matchit-20241205.641.tar
Built evil-matchit in 3.669s, finished at 2025-02-21T22:32:07+0000
