Package: evil-pinyin
Fetcher: github
Source:  https://github.com/laishulu/evil-pinyin

Updating /mnt/store/melpa/working/evil-pinyin/
Checking out 0fae5ad8761417f027b33230382a50f826ad3bfb
Copying files (->) and directories (=>)
  from /mnt/store/melpa/working/evil-pinyin/
  to /tmp/evil-pinyinIYuVjY/evil-pinyin-20231016.1558
    evil-pinyin.el -> evil-pinyin.el
    punctuation.el -> punctuation.el
    simplified-quanpin-all.el -> simplified-quanpin-all.el
    simplified-quanpin-common.el -> simplified-quanpin-common.el
    simplified-traditional-quanpin-all.el -> simplified-traditional-quanpin-all.el
    simplified-xiaohe-all.el -> simplified-xiaohe-all.el
    traditional-quanpin-all.el -> traditional-quanpin-all.el
Created evil-pinyin-20231016.1558.tar containing:
  evil-pinyin-20231016.1558/
  evil-pinyin-20231016.1558/evil-pinyin-pkg.el
  evil-pinyin-20231016.1558/evil-pinyin.el
  evil-pinyin-20231016.1558/punctuation.el
  evil-pinyin-20231016.1558/simplified-quanpin-all.el
  evil-pinyin-20231016.1558/simplified-quanpin-common.el
  evil-pinyin-20231016.1558/simplified-traditional-quanpin-all.el
  evil-pinyin-20231016.1558/simplified-xiaohe-all.el
  evil-pinyin-20231016.1558/traditional-quanpin-all.el
 ✓ Success:
  2024-10-05T23:23:09+0000  evil-pinyin-20231016.1558.entry
  2024-10-05T23:23:09+0000  evil-pinyin-20231016.1558.tar
Built evil-pinyin in 3.701s, finished at 2024-10-05T23:23:10+0000
