Package: evil-opener
Fetcher: github
Source:  https://github.com/0robustus1/opener.el.git

Updating /mnt/store/melpa/working/evil-opener/
Checking out c384f67278046fdcd220275fdd212ab85672cbeb
Copying files (->) and directories (=>)
  from /mnt/store/melpa/working/evil-opener/
  to /tmp/evil-openerIOmnO8/evil-opener-20161207.1810
    evil-opener.el -> evil-opener.el
    evil-opener.texi -> evil-opener.texi
Generating /tmp/evil-openerIOmnO8/evil-opener-20161207.1810/evil-opener.info
Created evil-opener-20161207.1810.tar containing:
  evil-opener-20161207.1810/
  evil-opener-20161207.1810/dir
  evil-opener-20161207.1810/evil-opener-pkg.el
  evil-opener-20161207.1810/evil-opener.el
  evil-opener-20161207.1810/evil-opener.info
 ✓ Success:
  2024-08-01T23:44:25+0000  evil-opener-20161207.1810.entry
  2024-08-01T23:44:25+0000  evil-opener-20161207.1810.tar
Built evil-opener in 6.492s, finished at 2024-08-01T23:44:26+0000
