Package: ewal-spacemacs-themes
Fetcher: github
Source:  https://github.com/cyruseuros/ewal

Updating /mnt/store/melpa/working/ewal-spacemacs-themes/
Checking out 0d245edcfcd9cc5766d37b270214fb9da9b4336d
Copying files (->) and directories (=>)
  from /mnt/store/melpa/working/ewal-spacemacs-themes/
  to /tmp/ewal-spacemacs-themesx4upPv/ewal-spacemacs-themes-20230505.609
  ! spacemacs-themes/ewal-spacemacs-classic-theme.el -> ewal-spacemacs-classic-theme.el
  ! spacemacs-themes/ewal-spacemacs-modern-theme.el -> ewal-spacemacs-modern-theme.el
  ! spacemacs-themes/ewal-spacemacs-themes.el -> ewal-spacemacs-themes.el
Created ewal-spacemacs-themes-20230505.609.tar containing:
  ewal-spacemacs-themes-20230505.609/
  ewal-spacemacs-themes-20230505.609/ewal-spacemacs-classic-theme.el
  ewal-spacemacs-themes-20230505.609/ewal-spacemacs-modern-theme.el
  ewal-spacemacs-themes-20230505.609/ewal-spacemacs-themes-pkg.el
  ewal-spacemacs-themes-20230505.609/ewal-spacemacs-themes.el
 ✓ Success:
  2024-11-01T23:38:20+0000  ewal-spacemacs-themes-20230505.609.entry
  2024-11-01T23:38:20+0000  ewal-spacemacs-themes-20230505.609.tar
Built ewal-spacemacs-themes in 2.360s, finished at 2024-11-01T23:38:21+0000
