Package: ewal-doom-themes
Fetcher: github
Source:  https://github.com/cyruseuros/ewal

Updating /mnt/store/melpa/working/ewal-doom-themes/
Checking out e2a04f5c97b7d5e087af26e646c0b45a24522e56
Copying files (->) and directories (=>)
  from /mnt/store/melpa/working/ewal-doom-themes/
  to /tmp/ewal-doom-themesyYnKmx/ewal-doom-themes-20200922.325
  ! doom-themes/ewal-doom-one-theme.el -> ewal-doom-one-theme.el
  ! doom-themes/ewal-doom-themes.el -> ewal-doom-themes.el
  ! doom-themes/ewal-doom-vibrant-theme.el -> ewal-doom-vibrant-theme.el
Created ewal-doom-themes-20200922.325.tar containing:
  ewal-doom-themes-20200922.325/
  ewal-doom-themes-20200922.325/ewal-doom-one-theme.el
  ewal-doom-themes-20200922.325/ewal-doom-themes-pkg.el
  ewal-doom-themes-20200922.325/ewal-doom-themes.el
  ewal-doom-themes-20200922.325/ewal-doom-vibrant-theme.el
 ✓ Success:
  2025-01-18T22:21:48+0000  ewal-doom-themes-20200922.325.entry
  2025-01-18T22:21:48+0000  ewal-doom-themes-20200922.325.tar
Built ewal-doom-themes in 3.315s, finished at 2025-01-18T22:21:49+0000
