Package: expand-region
Fetcher: github
Source:  https://github.com/magnars/expand-region.el.git

Updating /mnt/store/melpa/working/expand-region/
Checking out e8f4e0fe9c9a80a6a26e2b438502aba9a799d580
Copying files (->) and directories (=>)
  from /mnt/store/melpa/working/expand-region/
  to /tmp/expand-regionWeVAbh/expand-region-20240119.1039
    cc-mode-expansions.el -> cc-mode-expansions.el
    clojure-mode-expansions.el -> clojure-mode-expansions.el
    cperl-mode-expansions.el -> cperl-mode-expansions.el
    css-mode-expansions.el -> css-mode-expansions.el
    enh-ruby-mode-expansions.el -> enh-ruby-mode-expansions.el
    er-basic-expansions.el -> er-basic-expansions.el
    erlang-mode-expansions.el -> erlang-mode-expansions.el
    expand-region-core.el -> expand-region-core.el
    expand-region-custom.el -> expand-region-custom.el
    expand-region.el -> expand-region.el
    feature-mode-expansions.el -> feature-mode-expansions.el
    html-mode-expansions.el -> html-mode-expansions.el
    js-mode-expansions.el -> js-mode-expansions.el
    js2-mode-expansions.el -> js2-mode-expansions.el
    jsp-expansions.el -> jsp-expansions.el
    latex-mode-expansions.el -> latex-mode-expansions.el
    nxml-mode-expansions.el -> nxml-mode-expansions.el
    octave-expansions.el -> octave-expansions.el
    python-el-expansions.el -> python-el-expansions.el
    python-el-fgallina-expansions.el -> python-el-fgallina-expansions.el
    python-mode-expansions.el -> python-mode-expansions.el
    ruby-mode-expansions.el -> ruby-mode-expansions.el
    sml-mode-expansions.el -> sml-mode-expansions.el
    subword-mode-expansions.el -> subword-mode-expansions.el
    text-mode-expansions.el -> text-mode-expansions.el
    the-org-mode-expansions.el -> the-org-mode-expansions.el
    web-mode-expansions.el -> web-mode-expansions.el
    yaml-mode-expansions.el -> yaml-mode-expansions.el
Created expand-region-20240119.1039.tar containing:
  expand-region-20240119.1039/
  expand-region-20240119.1039/cc-mode-expansions.el
  expand-region-20240119.1039/clojure-mode-expansions.el
  expand-region-20240119.1039/cperl-mode-expansions.el
  expand-region-20240119.1039/css-mode-expansions.el
  expand-region-20240119.1039/enh-ruby-mode-expansions.el
  expand-region-20240119.1039/er-basic-expansions.el
  expand-region-20240119.1039/erlang-mode-expansions.el
  expand-region-20240119.1039/expand-region-core.el
  expand-region-20240119.1039/expand-region-custom.el
  expand-region-20240119.1039/expand-region-pkg.el
  expand-region-20240119.1039/expand-region.el
  expand-region-20240119.1039/feature-mode-expansions.el
  expand-region-20240119.1039/html-mode-expansions.el
  expand-region-20240119.1039/js-mode-expansions.el
  expand-region-20240119.1039/js2-mode-expansions.el
  expand-region-20240119.1039/jsp-expansions.el
  expand-region-20240119.1039/latex-mode-expansions.el
  expand-region-20240119.1039/nxml-mode-expansions.el
  expand-region-20240119.1039/octave-expansions.el
  expand-region-20240119.1039/python-el-expansions.el
  expand-region-20240119.1039/python-el-fgallina-expansions.el
  expand-region-20240119.1039/python-mode-expansions.el
  expand-region-20240119.1039/ruby-mode-expansions.el
  expand-region-20240119.1039/sml-mode-expansions.el
  expand-region-20240119.1039/subword-mode-expansions.el
  expand-region-20240119.1039/text-mode-expansions.el
  expand-region-20240119.1039/the-org-mode-expansions.el
  expand-region-20240119.1039/web-mode-expansions.el
  expand-region-20240119.1039/yaml-mode-expansions.el
 ✓ Success:
  2024-06-13T23:33:43+0000  expand-region-20240119.1039.entry
  2024-06-13T23:33:43+0000  expand-region-20240119.1039.tar
Built expand-region in 3.479s, finished at 2024-06-13T23:33:44+0000
