 • Building package eziam-themes (from github:thblt/eziam-theme-emacs)...
Updating /mnt/store/melpa/working/eziam-themes/
Checking out 8223acc0218130ad2493c1476ad3736ee4fdbb8f
Copying files (->) and directories (=>)
  from /mnt/store/melpa/working/eziam-themes/
  to /tmp/eziam-themesXnM9Be/eziam-themes-20230820.917
    eziam-dark-theme.el -> eziam-dark-theme.el
    eziam-dusk-theme.el -> eziam-dusk-theme.el
    eziam-light-theme.el -> eziam-light-theme.el
    eziam-themes-pkg.el -> eziam-themes-pkg.el
    eziam-themes.el -> eziam-themes.el
Created eziam-themes-20230820.917.tar containing:
  eziam-themes-20230820.917/
  eziam-themes-20230820.917/eziam-dark-theme.el
  eziam-themes-20230820.917/eziam-dusk-theme.el
  eziam-themes-20230820.917/eziam-light-theme.el
  eziam-themes-20230820.917/eziam-themes-pkg.el
  eziam-themes-20230820.917/eziam-themes.el
 ✓ Success:
  2025-12-22T02:00:32+0000  eziam-themes-20230820.917.entry
  2025-12-22T02:00:31+0000  eziam-themes-20230820.917.tar
Built eziam-themes in 2.827s, finished at 2025-12-22T02:00:32+0000
