Package: feature-mode
Fetcher: github
Source:  https://github.com/michaelklishin/cucumber.el

Updating /mnt/store/melpa/working/feature-mode/
Checking out 4609bf1b547935bc41983314a1c4a9fc72c7f26c
Copying files (->) and directories (=>)
  from /mnt/store/melpa/working/feature-mode/
  to /tmp/feature-modeUffnpa/feature-mode-20250327.1127
    feature-mode-pkg.el -> feature-mode-pkg.el
    feature-mode.el -> feature-mode.el
    i18n.yml -> i18n.yml
    snippets => snippets
    support => support
Created feature-mode-20250327.1127.tar containing:
  feature-mode-20250327.1127/
  feature-mode-20250327.1127/feature-mode-pkg.el
  feature-mode-20250327.1127/feature-mode.el
  feature-mode-20250327.1127/i18n.yml
  feature-mode-20250327.1127/snippets/
  feature-mode-20250327.1127/snippets/feature-mode/
  feature-mode-20250327.1127/snippets/feature-mode/and
  feature-mode-20250327.1127/snippets/feature-mode/bac
  feature-mode-20250327.1127/snippets/feature-mode/exa
  feature-mode-20250327.1127/snippets/feature-mode/fea
  feature-mode-20250327.1127/snippets/feature-mode/giv
  feature-mode-20250327.1127/snippets/feature-mode/sce
  feature-mode-20250327.1127/snippets/feature-mode/the
  feature-mode-20250327.1127/snippets/feature-mode/whe
  feature-mode-20250327.1127/support/
  feature-mode-20250327.1127/support/find_step.rb
 ✓ Success:
  2025-03-27T23:18:40+0000  feature-mode-20250327.1127.entry
  2025-03-27T23:18:40+0000  feature-mode-20250327.1127.tar
Built feature-mode in 3.812s, finished at 2025-03-27T23:18:41+0000
