Package: fedi
Fetcher: codeberg
Source:  https://codeberg.org/martianh/fedi.el.git

Updating /mnt/store/melpa/working/fedi/
Checking out 33df5c7a1a986b798cc12d8073ff4a63876789e5
Copying files (->) and directories (=>)
  from /mnt/store/melpa/working/fedi/
  to /tmp/fediFof8v0/fedi-20231229.1052
    fedi-http.el -> fedi-http.el
    fedi-iso.el -> fedi-iso.el
    fedi-post.el -> fedi-post.el
    fedi.el -> fedi.el
Created fedi-20231229.1052.tar containing:
  fedi-20231229.1052/
  fedi-20231229.1052/fedi-http.el
  fedi-20231229.1052/fedi-iso.el
  fedi-20231229.1052/fedi-pkg.el
  fedi-20231229.1052/fedi-post.el
  fedi-20231229.1052/fedi.el
 ✓ Success:
  2023-12-30T06:23:04+0000  fedi-20231229.1052.entry
  2023-12-30T06:23:04+0000  fedi-20231229.1052.tar
Built fedi in 6.836s, finished at 2023-12-30T06:23:07+0000
