Package: fennel-mode
Fetcher: sourcehut
Source:  https://git.sr.ht/~technomancy/fennel-mode

Updating /mnt/store/melpa/working/fennel-mode/
Checking out 6c0e6fe92950001d91b804445c2103f2362c5023
Copying files (->) and directories (=>)
  from /mnt/store/melpa/working/fennel-mode/
  to /tmp/fennel-modexGMVzH/fennel-mode-20240308.254
    antifennel.el -> antifennel.el
    fennel-mode.el -> fennel-mode.el
    fennel-proto-repl.el -> fennel-proto-repl.el
    fennel-scratch.el -> fennel-scratch.el
    ob-fennel.el -> ob-fennel.el
Created fennel-mode-20240308.254.tar containing:
  fennel-mode-20240308.254/
  fennel-mode-20240308.254/antifennel.el
  fennel-mode-20240308.254/fennel-mode-pkg.el
  fennel-mode-20240308.254/fennel-mode.el
  fennel-mode-20240308.254/fennel-proto-repl.el
  fennel-mode-20240308.254/fennel-scratch.el
  fennel-mode-20240308.254/ob-fennel.el
 ✓ Success:
  2024-03-08T23:39:33+0000  fennel-mode-20240308.254.entry
  2024-03-08T23:39:33+0000  fennel-mode-20240308.254.tar
Built fennel-mode in 3.764s, finished at 2024-03-08T23:39:34+0000
