Package: finalize
Fetcher: github
Source:  https://github.com/skeeto/elisp-finalize

Updating /mnt/store/melpa/working/finalize/
Checking out 0f7d47c4d50f1c76fc3b43bfc2d4886dd3e8ca27
Copying files (->) and directories (=>)
  from /mnt/store/melpa/working/finalize/
  to /tmp/finalizejAljCl/finalize-20170418.1945
    finalizable.el -> finalizable.el
    finalize-pkg.el -> finalize-pkg.el
    finalize.el -> finalize.el
Created finalize-20170418.1945.tar containing:
  finalize-20170418.1945/
  finalize-20170418.1945/finalizable.el
  finalize-20170418.1945/finalize-pkg.el
  finalize-20170418.1945/finalize.el
 ✓ Success:
  2024-10-11T23:07:52+0000  finalize-20170418.1945.entry
  2024-10-11T23:07:52+0000  finalize-20170418.1945.tar
Built finalize in 2.487s, finished at 2024-10-11T23:07:53+0000
