Package: fingers
Fetcher: github
Source:  https://github.com/fgeller/fingers.el

Updating /mnt/store/melpa/working/fingers/
Checking out 7de351448a6f5ea7aa7a25db6c90d5138f87eb16
Copying files (->) and directories (=>)
  from /mnt/store/melpa/working/fingers/
  to /tmp/fingersdjH5Qg/fingers-20160817.829
    fingers-neo.el -> fingers-neo.el
    fingers-qwerty.el -> fingers-qwerty.el
    fingers.el -> fingers.el
Created fingers-20160817.829.tar containing:
  fingers-20160817.829/
  fingers-20160817.829/fingers-neo.el
  fingers-20160817.829/fingers-pkg.el
  fingers-20160817.829/fingers-qwerty.el
  fingers-20160817.829/fingers.el
 ✓ Success:
  2024-11-11T23:32:24+0000  fingers-20160817.829.entry
  2024-11-11T23:32:24+0000  fingers-20160817.829.tar
Built fingers in 3.141s, finished at 2024-11-11T23:32:25+0000
