Package: finito
Fetcher: github
Source:  https://github.com/LaurenceWarne/finito.el

Updating /mnt/store/melpa/working/finito/
Checking out 8de8066871e9dba67759109647d92995beb44e4d
Copying files (->) and directories (=>)
  from /mnt/store/melpa/working/finito/
  to /tmp/finitoM6W3cv/finito-20241026.1952
    finito-buffer.el -> finito-buffer.el
    finito-core.el -> finito-core.el
    finito-graphql.el -> finito-graphql.el
    finito-request.el -> finito-request.el
    finito-server.el -> finito-server.el
    finito.el -> finito.el
Created finito-20241026.1952.tar containing:
  finito-20241026.1952/
  finito-20241026.1952/finito-buffer.el
  finito-20241026.1952/finito-core.el
  finito-20241026.1952/finito-graphql.el
  finito-20241026.1952/finito-pkg.el
  finito-20241026.1952/finito-request.el
  finito-20241026.1952/finito-server.el
  finito-20241026.1952/finito.el
 ✓ Success:
  2024-10-31T22:57:57+0000  finito-20241026.1952.entry
  2024-10-31T22:57:57+0000  finito-20241026.1952.tar
Built finito in 3.132s, finished at 2024-10-31T22:57:58+0000
