 • Building package firstly-search (from github:Anoncheg1/firstly-search)...
Updating /mnt/store/melpa/working/firstly-search/
Checking out 509cb483e68caf8e6ecd0f171330b91eff430583
Copying files (->) and directories (=>)
  from /mnt/store/melpa/working/firstly-search/
  to /tmp/firstly-searchLSfvNl/firstly-search-20250904.5
    firstly-search-bookmarks.el -> firstly-search-bookmarks.el
    firstly-search-buffermenu.el -> firstly-search-buffermenu.el
    firstly-search-dired.el -> firstly-search-dired.el
    firstly-search-package.el -> firstly-search-package.el
    firstly-search-tabulated-list.el -> firstly-search-tabulated-list.el
    firstly-search.el -> firstly-search.el
Created firstly-search-20250904.5.tar containing:
  firstly-search-20250904.5/
  firstly-search-20250904.5/firstly-search-bookmarks.el
  firstly-search-20250904.5/firstly-search-buffermenu.el
  firstly-search-20250904.5/firstly-search-dired.el
  firstly-search-20250904.5/firstly-search-package.el
  firstly-search-20250904.5/firstly-search-pkg.el
  firstly-search-20250904.5/firstly-search-tabulated-list.el
  firstly-search-20250904.5/firstly-search.el
 ✓ Success:
  2025-12-08T00:01:42+0000  firstly-search-20250904.5.entry
  2025-12-08T00:01:42+0000  firstly-search-20250904.5.tar
Built firstly-search in 3.010s, finished at 2025-12-08T00:01:43+0000
