Package: flexoki-themes
Fetcher: codeberg
Source:  https://codeberg.org/crmsnbleyd/flexoki-emacs-theme

Updating /mnt/store/melpa/working/flexoki-themes/
Checking out 4ca5d80bc4f33b5ace8950f0c00069539835fab4
Copying files (->) and directories (=>)
  from /mnt/store/melpa/working/flexoki-themes/
  to /tmp/flexoki-themes4Lltwz/flexoki-themes-20250228.1934
    flexoki-themes-dark-theme.el -> flexoki-themes-dark-theme.el
    flexoki-themes-light-theme.el -> flexoki-themes-light-theme.el
    flexoki-themes.el -> flexoki-themes.el
Created flexoki-themes-20250228.1934.tar containing:
  flexoki-themes-20250228.1934/
  flexoki-themes-20250228.1934/flexoki-themes-dark-theme.el
  flexoki-themes-20250228.1934/flexoki-themes-light-theme.el
  flexoki-themes-20250228.1934/flexoki-themes-pkg.el
  flexoki-themes-20250228.1934/flexoki-themes.el
 ✓ Success:
  2025-07-28T00:35:00+0000  flexoki-themes-20250228.1934.entry
  2025-07-28T00:34:59+0000  flexoki-themes-20250228.1934.tar
Built flexoki-themes in 6.376s, finished at 2025-07-28T00:35:01+0000
