Package: flucui-themes
Fetcher: github
Source:  https://github.com/MetroWind/flucui-theme.git

Updating /mnt/store/melpa/working/flucui-themes/
Checking out 6591b5093e6e8f0e720e3995a16a91835b2e7a48
Copying files (->) and directories (=>)
  from /mnt/store/melpa/working/flucui-themes/
  to /tmp/flucui-themesa4e6gp/flucui-themes-20200815.2103
    flucui-dark-theme.el -> flucui-dark-theme.el
    flucui-light-theme.el -> flucui-light-theme.el
    flucui-themes.el -> flucui-themes.el
Created flucui-themes-20200815.2103.tar containing:
  flucui-themes-20200815.2103/
  flucui-themes-20200815.2103/flucui-dark-theme.el
  flucui-themes-20200815.2103/flucui-light-theme.el
  flucui-themes-20200815.2103/flucui-themes-pkg.el
  flucui-themes-20200815.2103/flucui-themes.el
 ✓ Success:
  2024-05-01T23:31:02+0000  flucui-themes-20200815.2103.entry
  2024-05-01T23:31:02+0000  flucui-themes-20200815.2103.tar
Built flucui-themes in 3.647s, finished at 2024-05-01T23:31:03+0000
