Package: flycheck-tip
Fetcher: github
Source:  https://github.com/yuutayamada/flycheck-tip

Updating /mnt/store/melpa/working/flycheck-tip/
Checking out a8ea6c905e8ad2d0684a17f7e78ba11e8598e85d
Copying files (->) and directories (=>)
  from /mnt/store/melpa/working/flycheck-tip/
  to /tmp/flycheck-tip8Acz8j/flycheck-tip-20171020.1048
    error-tip.el -> error-tip.el
    flycheck-tip.el -> flycheck-tip.el
    flymake-tip.el -> flymake-tip.el
Created flycheck-tip-20171020.1048.tar containing:
  flycheck-tip-20171020.1048/
  flycheck-tip-20171020.1048/error-tip.el
  flycheck-tip-20171020.1048/flycheck-tip-pkg.el
  flycheck-tip-20171020.1048/flycheck-tip.el
  flycheck-tip-20171020.1048/flymake-tip.el
 ✓ Success:
  2024-12-27T23:45:53+0000  flycheck-tip-20171020.1048.entry
  2024-12-27T23:45:53+0000  flycheck-tip-20171020.1048.tar
Built flycheck-tip in 2.453s, finished at 2024-12-27T23:45:54+0000
