Package: flycheck
Fetcher: github
Source:  https://github.com/flycheck/flycheck.git

Updating /mnt/store/melpa/working/flycheck/
Checking out 642475f2c54f7574d6a46e91757edc7647854fb4
Copying files (->) and directories (=>)
  from /mnt/store/melpa/working/flycheck/
  to /tmp/flycheckSW1MMq/flycheck-20240204.1427
    flycheck-buttercup.el -> flycheck-buttercup.el
    flycheck-ert.el -> flycheck-ert.el
    flycheck.el -> flycheck.el
Created flycheck-20240204.1427.tar containing:
  flycheck-20240204.1427/
  flycheck-20240204.1427/flycheck-buttercup.el
  flycheck-20240204.1427/flycheck-ert.el
  flycheck-20240204.1427/flycheck-pkg.el
  flycheck-20240204.1427/flycheck.el
 ✓ Success:
  2024-02-04T16:10:39+0000  flycheck-20240204.1427.entry
  2024-02-04T16:10:39+0000  flycheck-20240204.1427.tar
Built flycheck in 6.474s, finished at 2024-02-04T16:10:42+0000
