Package: flycheck-grammalecte
Fetcher: git
Source:  https://git.umaneti.net/flycheck-grammalecte/

Updating /mnt/store/melpa/working/flycheck-grammalecte/
Checking out 76aca865992d828af54d77c1cf9a70663747e080
Copying files (->) and directories (=>)
  from /mnt/store/melpa/working/flycheck-grammalecte/
  to /tmp/flycheck-grammalecterNSnjz/flycheck-grammalecte-20230605.1035
    flycheck-grammalecte.el -> flycheck-grammalecte.el
    grammalecte.el -> grammalecte.el
    conjugueur.py -> conjugueur.py
    flycheck_grammalecte.py -> flycheck_grammalecte.py
Created flycheck-grammalecte-20230605.1035.tar containing:
  flycheck-grammalecte-20230605.1035/
  flycheck-grammalecte-20230605.1035/conjugueur.py
  flycheck-grammalecte-20230605.1035/flycheck-grammalecte-pkg.el
  flycheck-grammalecte-20230605.1035/flycheck-grammalecte.el
  flycheck-grammalecte-20230605.1035/flycheck_grammalecte.py
  flycheck-grammalecte-20230605.1035/grammalecte.el
 ✓ Success:
  2024-01-07T00:12:03+0000  flycheck-grammalecte-20230605.1035.entry
  2024-01-07T00:12:03+0000  flycheck-grammalecte-20230605.1035.tar
Built flycheck-grammalecte in 5.313s, finished at 2024-01-07T00:12:05+0000
