Package: flymake-perlcritic
Fetcher: github
Source:  https://github.com/flymake/emacs-flymake-perlcritic.git

Updating /mnt/store/melpa/working/flymake-perlcritic/
Checking out 0692d6ad5495f6e5438bde0a10345829b8e1def8
Copying files (->) and directories (=>)
  from /mnt/store/melpa/working/flymake-perlcritic/
  to /tmp/flymake-perlcriticlGwIbt/flymake-perlcritic-20120328.814
    flymake-perlcritic.el -> flymake-perlcritic.el
    bin/flymake_perlcritic -> bin/flymake_perlcritic
Created flymake-perlcritic-20120328.814.tar containing:
  flymake-perlcritic-20120328.814/
  flymake-perlcritic-20120328.814/bin/
  flymake-perlcritic-20120328.814/bin/flymake_perlcritic
  flymake-perlcritic-20120328.814/flymake-perlcritic-pkg.el
  flymake-perlcritic-20120328.814/flymake-perlcritic.el
 ✓ Success:
  2024-01-30T15:49:36+0000  flymake-perlcritic-20120328.814.entry
  2024-01-30T15:49:36+0000  flymake-perlcritic-20120328.814.tar
Built flymake-perlcritic in 3.565s, finished at 2024-01-30T15:49:37+0000
