Package: flymake-collection
Fetcher: github
Source:  https://github.com/mohkale/flymake-collection

Updating /mnt/store/melpa/working/flymake-collection/
Checking out 5de95adb4c4981cee2f6152ef934230d7b2934eb
Copying files (->) and directories (=>)
  from /mnt/store/melpa/working/flymake-collection/
  to /tmp/flymake-collection5HZEvz/flymake-collection-20250101.2151
  ! src/flymake-collection-commands.el -> flymake-collection-commands.el
  ! src/flymake-collection-define.el -> flymake-collection-define.el
  ! src/flymake-collection-hook.el -> flymake-collection-hook.el
  ! src/flymake-collection.el -> flymake-collection.el
  ! src/checkers/flymake-collection-awk-gawk.el -> flymake-collection-awk-gawk.el
  ! src/checkers/flymake-collection-bandit.el -> flymake-collection-bandit.el
  ! src/checkers/flymake-collection-clang-tidy.el -> flymake-collection-clang-tidy.el
  ! src/checkers/flymake-collection-clang.el -> flymake-collection-clang.el
  ! src/checkers/flymake-collection-codespell.el -> flymake-collection-codespell.el
  ! src/checkers/flymake-collection-eslint.el -> flymake-collection-eslint.el
  ! src/checkers/flymake-collection-flake8.el -> flymake-collection-flake8.el
  ! src/checkers/flymake-collection-gcc.el -> flymake-collection-gcc.el
  ! src/checkers/flymake-collection-hlint.el -> flymake-collection-hlint.el
  ! src/checkers/flymake-collection-html-tidy.el -> flymake-collection-html-tidy.el
