Package: flymake-haskell-multi
Fetcher: github
Source:  https://github.com/purcell/flymake-haskell-multi.git

Updating /mnt/store/melpa/working/flymake-haskell-multi/
Checking out b564a94312259885b1380272eb867bf52a164020
Copying files (->) and directories (=>)
  from /mnt/store/melpa/working/flymake-haskell-multi/
  to /tmp/flymake-haskell-multiSO8pQ4/flymake-haskell-multi-20170723.146
    flymake-haskell-multi-pkg.el -> flymake-haskell-multi-pkg.el
    flymake-haskell-multi.el -> flymake-haskell-multi.el
    haskell_multi -> haskell_multi
Created flymake-haskell-multi-20170723.146.tar containing:
  flymake-haskell-multi-20170723.146/
  flymake-haskell-multi-20170723.146/flymake-haskell-multi-pkg.el
  flymake-haskell-multi-20170723.146/flymake-haskell-multi.el
  flymake-haskell-multi-20170723.146/haskell_multi
 ✓ Success:
  2023-12-28T01:03:07+0000  flymake-haskell-multi-20170723.146.entry
  2023-12-28T01:03:06+0000  flymake-haskell-multi-20170723.146.tar
Built flymake-haskell-multi in 4.198s, finished at 2023-12-28T01:03:08+0000
