Package: fortpy
Fetcher: github
Source:  https://github.com/rosenbrockc/fortpy-el

Updating /mnt/store/melpa/working/fortpy/
Checking out c614517e9396ef7a78be3b8786fbf303879cf43b
Copying files (->) and directories (=>)
  from /mnt/store/melpa/working/fortpy/
  to /tmp/fortpyihm04u/fortpy-20150715.2032
    fortpy.el -> fortpy.el
    fortpyepcserver.py -> fortpyepcserver.py
    Makefile -> Makefile
    setup.py -> setup.py
Created fortpy-20150715.2032.tar containing:
  fortpy-20150715.2032/
  fortpy-20150715.2032/Makefile
  fortpy-20150715.2032/fortpy-pkg.el
  fortpy-20150715.2032/fortpy.el
  fortpy-20150715.2032/fortpyepcserver.py
  fortpy-20150715.2032/setup.py
 ✓ Success:
  2024-11-28T23:34:07+0000  fortpy-20150715.2032.entry
  2024-11-28T23:34:07+0000  fortpy-20150715.2032.tar
Built fortpy in 2.640s, finished at 2024-11-28T23:34:08+0000
