Package: fpga
Fetcher: github
Source:  https://github.com/gmlarumbe/fpga

Updating /mnt/store/melpa/working/fpga/
Checking out 8e5f44d73d9bec693b9882113fa34827a5b4c2b1
Copying files (->) and directories (=>)
  from /mnt/store/melpa/working/fpga/
  to /tmp/fpgaobkU3V/fpga-20251002.1238
    fpga-altera.el -> fpga-altera.el
    fpga-cadence.el -> fpga-cadence.el
    fpga-lattice.el -> fpga-lattice.el
    fpga-siemens.el -> fpga-siemens.el
    fpga-synopsys.el -> fpga-synopsys.el
    fpga-utils.el -> fpga-utils.el
    fpga-xilinx.el -> fpga-xilinx.el
    fpga-yosys.el -> fpga-yosys.el
    fpga.el -> fpga.el
Created fpga-20251002.1238.tar containing:
  fpga-20251002.1238/
  fpga-20251002.1238/fpga-altera.el
  fpga-20251002.1238/fpga-cadence.el
  fpga-20251002.1238/fpga-lattice.el
  fpga-20251002.1238/fpga-pkg.el
  fpga-20251002.1238/fpga-siemens.el
  fpga-20251002.1238/fpga-synopsys.el
  fpga-20251002.1238/fpga-utils.el
  fpga-20251002.1238/fpga-xilinx.el
  fpga-20251002.1238/fpga-yosys.el
  fpga-20251002.1238/fpga.el
 ✓ Success:
  2025-10-27T00:15:40+0000  fpga-20251002.1238.entry
  2025-10-27T00:15:39+0000  fpga-20251002.1238.tar
Built fpga in 2.894s, finished at 2025-10-27T00:15:40+0000
