Package: futhark-mode
Fetcher: github
Source:  https://github.com/diku-dk/futhark-mode

Updating /mnt/store/melpa/working/futhark-mode/
Checking out 8e38ac92e5bb7557adcd02e12e93843655663a59
Copying files (->) and directories (=>)
  from /mnt/store/melpa/working/futhark-mode/
  to /tmp/futhark-mode9MN6cR/futhark-mode-20241019.935
    futhark-comint.el -> futhark-comint.el
    futhark-dev.el -> futhark-dev.el
    futhark-fmt.el -> futhark-fmt.el
    futhark-highlight.el -> futhark-highlight.el
    futhark-indent.el -> futhark-indent.el
    futhark-mode.el -> futhark-mode.el
Created futhark-mode-20241019.935.tar containing:
  futhark-mode-20241019.935/
  futhark-mode-20241019.935/futhark-comint.el
  futhark-mode-20241019.935/futhark-dev.el
  futhark-mode-20241019.935/futhark-fmt.el
  futhark-mode-20241019.935/futhark-highlight.el
  futhark-mode-20241019.935/futhark-indent.el
  futhark-mode-20241019.935/futhark-mode-pkg.el
  futhark-mode-20241019.935/futhark-mode.el
 ✓ Success:
  2024-10-19T23:16:53+0000  futhark-mode-20241019.935.entry
  2024-10-19T23:16:53+0000  futhark-mode-20241019.935.tar
Built futhark-mode in 2.597s, finished at 2024-10-19T23:16:54+0000
