 • Building package gams-mode (from github:ShiroTakeda/gams-mode)...
Updating /mnt/store/melpa/working/gams-mode/
Checking out dfab98a2ef847bae4bc3ae3abdf638355efd73db
Copying files (->) and directories (=>)
  from /mnt/store/melpa/working/gams-mode/
  to /tmp/gams-modeTnkRps/gams-mode-20251124.1517
    gams-mode.el -> gams-mode.el
    gams-install.el -> gams-install.el
    gams-logo.xpm -> gams-logo.xpm
    gams-commands.txt -> gams-commands.txt
    gams-commands-dollar.txt -> gams-commands-dollar.txt
    gams_install.ps1 -> gams_install.ps1
    gams_install.sh -> gams_install.sh
Created gams-mode-20251124.1517.tar containing:
  gams-mode-20251124.1517/
  gams-mode-20251124.1517/gams-commands-dollar.txt
  gams-mode-20251124.1517/gams-commands.txt
  gams-mode-20251124.1517/gams-install.el
  gams-mode-20251124.1517/gams-logo.xpm
  gams-mode-20251124.1517/gams-mode-pkg.el
  gams-mode-20251124.1517/gams-mode.el
  gams-mode-20251124.1517/gams_install.ps1
  gams-mode-20251124.1517/gams_install.sh
 ✓ Success:
  2025-12-22T02:05:24+0000  gams-mode-20251124.1517.entry
  2025-12-22T02:05:24+0000  gams-mode-20251124.1517.tar
Built gams-mode in 3.684s, finished at 2025-12-22T02:05:24+0000
