Package: gap-mode
Fetcher: gitlab
Source:  https://gitlab.com/gvol/gap-mode

Updating /mnt/store/melpa/working/gap-mode/
Checking out 09b4082b6e28141537696bb832c8ecc975ec57d8
Copying files (->) and directories (=>)
  from /mnt/store/melpa/working/gap-mode/
  to /tmp/gap-mode79b0ra/gap-mode-20240430.210
    gap-company.el -> gap-company.el
    gap-flycheck.el -> gap-flycheck.el
    gap-flymake.el -> gap-flymake.el
    gap-mode.el -> gap-mode.el
    gap-process.el -> gap-process.el
    gap-smie.el -> gap-smie.el
    emacs.gaprc -> emacs.gaprc
Created gap-mode-20240430.210.tar containing:
  gap-mode-20240430.210/
  gap-mode-20240430.210/emacs.gaprc
  gap-mode-20240430.210/gap-company.el
  gap-mode-20240430.210/gap-flycheck.el
  gap-mode-20240430.210/gap-flymake.el
  gap-mode-20240430.210/gap-mode-pkg.el
  gap-mode-20240430.210/gap-mode.el
  gap-mode-20240430.210/gap-process.el
  gap-mode-20240430.210/gap-smie.el
 ✓ Success:
  2025-02-24T00:19:03+0000  gap-mode-20240430.210.entry
  2025-02-24T00:19:03+0000  gap-mode-20240430.210.tar
Built gap-mode in 4.280s, finished at 2025-02-24T00:19:05+0000
