Package: geiser-chicken
Fetcher: gitlab
Source:  https://gitlab.com/emacs-geiser/chicken.git

Updating /mnt/store/melpa/working/geiser-chicken/
Checking out a480598b5908c95bc8d3178a48f13e9072a9235b
Copying files (->) and directories (=>)
  from /mnt/store/melpa/working/geiser-chicken/
  to /tmp/geiser-chickenYkUYOc/geiser-chicken-20220717.1130
    geiser-chicken.el -> geiser-chicken.el
    src => src
Created geiser-chicken-20220717.1130.tar containing:
  geiser-chicken-20220717.1130/
  geiser-chicken-20220717.1130/geiser-chicken-pkg.el
  geiser-chicken-20220717.1130/geiser-chicken.el
  geiser-chicken-20220717.1130/src/
  geiser-chicken-20220717.1130/src/geiser/
  geiser-chicken-20220717.1130/src/geiser/chicken4.scm
  geiser-chicken-20220717.1130/src/geiser/chicken5.scm
 ✓ Success:
  2024-04-01T23:45:02+0000  geiser-chicken-20220717.1130.entry
  2024-04-01T23:45:02+0000  geiser-chicken-20220717.1130.tar
Built geiser-chicken in 4.617s, finished at 2024-04-01T23:45:04+0000
