Package: geiser-chez
Fetcher: gitlab
Source:  https://gitlab.com/emacs-geiser/chez

Updating /mnt/store/melpa/working/geiser-chez/
Checking out 605a81ff7b2d2b275a3ec68e3ce7e5b50f85014d
Copying files (->) and directories (=>)
  from /mnt/store/melpa/working/geiser-chez/
  to /tmp/geiser-chezst3zf4/geiser-chez-20230707.1334
    geiser-chez.el -> geiser-chez.el
    src/geiser => src/geiser
Created geiser-chez-20230707.1334.tar containing:
  geiser-chez-20230707.1334/
  geiser-chez-20230707.1334/geiser-chez-pkg.el
  geiser-chez-20230707.1334/geiser-chez.el
  geiser-chez-20230707.1334/src/
  geiser-chez-20230707.1334/src/geiser/
  geiser-chez-20230707.1334/src/geiser/geiser-data.ss
  geiser-chez-20230707.1334/src/geiser/geiser.ss
  geiser-chez-20230707.1334/src/geiser/test.ss
 ✓ Success:
  2025-04-07T22:56:40+0000  geiser-chez-20230707.1334.entry
  2025-04-07T22:56:39+0000  geiser-chez-20230707.1334.tar
Built geiser-chez in 5.105s, finished at 2025-04-07T22:56:41+0000
