Package: ghub
Fetcher: github
Source:  https://github.com/magit/ghub.git

Updating /mnt/store/melpa/working/ghub/
Checking out 462ff582f3aa074610a33e877f1327b382bbda8a
Copying files (->) and directories (=>)
  from /mnt/store/melpa/working/ghub/
  to /tmp/ghubROZxDj/ghub-20240830.1749
  ! lisp/buck.el -> buck.el
  ! lisp/ghub-graphql.el -> ghub-graphql.el
  ! lisp/ghub.el -> ghub.el
  ! lisp/glab.el -> glab.el
  ! lisp/gogs.el -> gogs.el
  ! lisp/gsexp.el -> gsexp.el
  ! lisp/gtea.el -> gtea.el
  ! docs/ghub.texi -> ghub.texi
Generating /tmp/ghubROZxDj/ghub-20240830.1749/ghub.info
Created ghub-20240830.1749.tar containing:
  ghub-20240830.1749/
  ghub-20240830.1749/buck.el
  ghub-20240830.1749/dir
  ghub-20240830.1749/ghub-graphql.el
  ghub-20240830.1749/ghub-pkg.el
  ghub-20240830.1749/ghub.el
  ghub-20240830.1749/ghub.info
  ghub-20240830.1749/glab.el
  ghub-20240830.1749/gogs.el
  ghub-20240830.1749/gsexp.el
  ghub-20240830.1749/gtea.el
 ✓ Success:
  2024-08-30T23:50:15+0000  ghub-20240830.1749.entry
  2024-08-30T23:50:15+0000  ghub-20240830.1749.tar
Built ghub in 5.062s, finished at 2024-08-30T23:50:16+0000
