Package: git-modes
Fetcher: github
Source:  https://github.com/magit/git-modes.git

Updating /mnt/store/melpa/working/git-modes/
Checking out 52ea2a1281ea9df9b8732fe2add0e6a0c9c2cd11
Copying files (->) and directories (=>)
  from /mnt/store/melpa/working/git-modes/
  to /tmp/git-modesmlQyQB/git-modes-20240415.1538
    git-modes.el -> git-modes.el
    gitattributes-mode.el -> gitattributes-mode.el
    gitconfig-mode.el -> gitconfig-mode.el
    gitignore-mode.el -> gitignore-mode.el
Created git-modes-20240415.1538.tar containing:
  git-modes-20240415.1538/
  git-modes-20240415.1538/git-modes-pkg.el
  git-modes-20240415.1538/git-modes.el
  git-modes-20240415.1538/gitattributes-mode.el
  git-modes-20240415.1538/gitconfig-mode.el
  git-modes-20240415.1538/gitignore-mode.el
 ✓ Success:
  2024-05-19T23:08:16+0000  git-modes-20240415.1538.entry
  2024-05-19T23:08:15+0000  git-modes-20240415.1538.tar
Built git-modes in 5.271s, finished at 2024-05-19T23:08:18+0000
