Package: gitstatus
Fetcher: github
Source:  https://github.com/igorepst/gitstatus-el

Updating /mnt/store/melpa/working/gitstatus/
Checking out c3e30341d0add9728010e566b9eb031c76414b47
Copying files (->) and directories (=>)
  from /mnt/store/melpa/working/gitstatus/
  to /tmp/gitstatuseDzIqQ/gitstatus-20221113.1951
    gitstatus-eshell.el -> gitstatus-eshell.el
    gitstatus.el -> gitstatus.el
    gitstatusd.el -> gitstatusd.el
    gitstatus.info -> gitstatus.info
Created gitstatus-20221113.1951.tar containing:
  gitstatus-20221113.1951/
  gitstatus-20221113.1951/dir
  gitstatus-20221113.1951/gitstatus-eshell.el
  gitstatus-20221113.1951/gitstatus-pkg.el
  gitstatus-20221113.1951/gitstatus.el
  gitstatus-20221113.1951/gitstatus.info
  gitstatus-20221113.1951/gitstatusd.el
 ✓ Success:
  2025-03-13T22:49:15+0000  gitstatus-20221113.1951.entry
  2025-03-13T22:49:15+0000  gitstatus-20221113.1951.tar
Built gitstatus in 2.853s, finished at 2025-03-13T22:49:16+0000
