Package: gnosis
Fetcher: git
Source:  https://git.thanosapollo.org/gnosis

Updating /mnt/store/melpa/working/gnosis/
Checking out 39c13d240bd6f22161df07a7bda7f1ef2d56832a
Copying files (->) and directories (=>)
  from /mnt/store/melpa/working/gnosis/
  to /tmp/gnosisKUUM8v/gnosis-20240308.1056
    gnosis-algorithm.el -> gnosis-algorithm.el
    gnosis.el -> gnosis.el
  ! doc/gnosis.info -> gnosis.info
  ! doc/gnosis.texi -> gnosis.texi
Created gnosis-20240308.1056.tar containing:
  gnosis-20240308.1056/
  gnosis-20240308.1056/dir
  gnosis-20240308.1056/gnosis-algorithm.el
  gnosis-20240308.1056/gnosis-pkg.el
  gnosis-20240308.1056/gnosis.el
  gnosis-20240308.1056/gnosis.info
 ✓ Success:
  2024-03-08T23:44:55+0000  gnosis-20240308.1056.entry
  2024-03-08T23:44:55+0000  gnosis-20240308.1056.tar
Built gnosis in 3.574s, finished at 2024-03-08T23:44:56+0000
