Package: gnus-notes
Fetcher: github
Source:  https://github.com/deusmax/gnus-notes.git

Updating /mnt/store/melpa/working/gnus-notes/
Checking out 9996b382c5c7b4f944a716baac69b556ef181462
Copying files (->) and directories (=>)
  from /mnt/store/melpa/working/gnus-notes/
  to /tmp/gnus-notesT0dt6j/gnus-notes-20221206.616
    gnus-notes-helm.el -> gnus-notes-helm.el
    gnus-notes-org.el -> gnus-notes-org.el
    gnus-notes.el -> gnus-notes.el
Created gnus-notes-20221206.616.tar containing:
  gnus-notes-20221206.616/
  gnus-notes-20221206.616/gnus-notes-helm.el
  gnus-notes-20221206.616/gnus-notes-org.el
  gnus-notes-20221206.616/gnus-notes-pkg.el
  gnus-notes-20221206.616/gnus-notes.el
 ✓ Success:
  2024-05-27T23:50:10+0000  gnus-notes-20221206.616.entry
  2024-05-27T23:50:10+0000  gnus-notes-20221206.616.tar
Built gnus-notes in 4.694s, finished at 2024-05-27T23:50:12+0000
