 • Building package go-snippets (from github:toumorokoshi/go-snippets)...
Updating /mnt/store/melpa/working/go-snippets/
Checking out d437df148879566ffe7f2e503a3cf2602aa9fb28
Copying files (->) and directories (=>)
  from /mnt/store/melpa/working/go-snippets/
  to /tmp/go-snippetsZ6gDrD/go-snippets-20180113.611
    go-snippets-pkg.el -> go-snippets-pkg.el
    go-snippets.el -> go-snippets.el
    snippets => snippets
Created go-snippets-20180113.611.tar containing:
  go-snippets-20180113.611/
  go-snippets-20180113.611/go-snippets-pkg.el
  go-snippets-20180113.611/go-snippets.el
  go-snippets-20180113.611/snippets/
  go-snippets-20180113.611/snippets/go-mode/
  go-snippets-20180113.611/snippets/go-mode/.yas-parents
  go-snippets-20180113.611/snippets/go-mode/bench
  go-snippets-20180113.611/snippets/go-mode/exit
  go-snippets-20180113.611/snippets/go-mode/for
  go-snippets-20180113.611/snippets/go-mode/func
  go-snippets-20180113.611/snippets/go-mode/helloworld
  go-snippets-20180113.611/snippets/go-mode/if
  go-snippets-20180113.611/snippets/go-mode/ifelse
  go-snippets-20180113.611/snippets/go-mode/interface
  go-snippets-20180113.611/snippets/go-mode/main
  go-snippets-20180113.611/snippets/go-mode/make
  go-snippets-20180113.611/snippets/go-mode/method
  go-snippets-20180113.611/snippets/go-mode/select
  go-snippets-20180113.611/snippets/go-mode/struct
  go-snippets-20180113.611/snippets/go-mode/test
 ✓ Success:
  2025-12-29T00:37:28+0000  go-snippets-20180113.611.entry
  2025-12-29T00:37:28+0000  go-snippets-20180113.611.tar
Built go-snippets in 2.973s, finished at 2025-12-29T00:37:29+0000
