Package: go-translate
Fetcher: github
Source:  https://github.com/lorniu/go-translate.git

Updating /mnt/store/melpa/working/go-translate/
Checking out 59506f69503cca65291fa5ccd0a326e716338c23
Copying files (->) and directories (=>)
  from /mnt/store/melpa/working/go-translate/
  to /tmp/go-translateqk5V2e/go-translate-20230503.303
    go-translate.el -> go-translate.el
    gts-core.el -> gts-core.el
    gts-engine-bing.el -> gts-engine-bing.el
    gts-engine-deepl.el -> gts-engine-deepl.el
    gts-engine-google-rpc.el -> gts-engine-google-rpc.el
    gts-engine-google.el -> gts-engine-google.el
    gts-engine-stardict.el -> gts-engine-stardict.el
    gts-engine-youdao.el -> gts-engine-youdao.el
    gts-faces.el -> gts-faces.el
    gts-implements.el -> gts-implements.el
Created go-translate-20230503.303.tar containing:
  go-translate-20230503.303/
  go-translate-20230503.303/go-translate-pkg.el
  go-translate-20230503.303/go-translate.el
  go-translate-20230503.303/gts-core.el
  go-translate-20230503.303/gts-engine-bing.el
  go-translate-20230503.303/gts-engine-deepl.el
  go-translate-20230503.303/gts-engine-google-rpc.el
  go-translate-20230503.303/gts-engine-google.el
  go-translate-20230503.303/gts-engine-stardict.el
  go-translate-20230503.303/gts-engine-youdao.el
  go-translate-20230503.303/gts-faces.el
  go-translate-20230503.303/gts-implements.el
 ✓ Success:
  2024-01-05T07:06:30+0000  go-translate-20230503.303.entry
  2024-01-05T07:06:29+0000  go-translate-20230503.303.tar
Built go-translate in 3.793s, finished at 2024-01-05T07:06:31+0000
