Package: google-maps
Fetcher: github
Source:  https://github.com/jd/google-maps.el.git

Updating /mnt/store/melpa/working/google-maps/
Checking out 2eb16ff609f5a9f8d02c15238a111fbb7db6c146
Copying files (->) and directories (=>)
  from /mnt/store/melpa/working/google-maps/
  to /tmp/google-mapssFhpWm/google-maps-20181121.1532
    google-maps-base.el -> google-maps-base.el
    google-maps-geocode.el -> google-maps-geocode.el
    google-maps-static.el -> google-maps-static.el
    google-maps.el -> google-maps.el
    org-location-google-maps.el -> org-location-google-maps.el
Created google-maps-20181121.1532.tar containing:
  google-maps-20181121.1532/
  google-maps-20181121.1532/google-maps-base.el
  google-maps-20181121.1532/google-maps-geocode.el
  google-maps-20181121.1532/google-maps-pkg.el
  google-maps-20181121.1532/google-maps-static.el
  google-maps-20181121.1532/google-maps.el
  google-maps-20181121.1532/org-location-google-maps.el
 ✓ Success:
  2024-09-18T23:52:59+0000  google-maps-20181121.1532.entry
  2024-09-18T23:52:59+0000  google-maps-20181121.1532.tar
Built google-maps in 2.546s, finished at 2024-09-18T23:53:00+0000
