Package: google-contacts
Fetcher: github
Source:  https://github.com/jd/google-contacts.el

Updating /mnt/store/melpa/working/google-contacts/
Checking out 8923c238fe0906184d2254b33ba72792ed12cd47
Copying files (->) and directories (=>)
  from /mnt/store/melpa/working/google-contacts/
  to /tmp/google-contacts0mBrDz/google-contacts-20201012.1056
    google-contacts-gnus.el -> google-contacts-gnus.el
    google-contacts-message.el -> google-contacts-message.el
    google-contacts.el -> google-contacts.el
    google-oauth.el -> google-oauth.el
    google-org-contacts.el -> google-org-contacts.el
Created google-contacts-20201012.1056.tar containing:
  google-contacts-20201012.1056/
  google-contacts-20201012.1056/google-contacts-gnus.el
  google-contacts-20201012.1056/google-contacts-message.el
  google-contacts-20201012.1056/google-contacts-pkg.el
  google-contacts-20201012.1056/google-contacts.el
  google-contacts-20201012.1056/google-oauth.el
  google-contacts-20201012.1056/google-org-contacts.el
 ✓ Success:
  2025-01-01T23:55:50+0000  google-contacts-20201012.1056.entry
  2025-01-01T23:55:50+0000  google-contacts-20201012.1056.tar
Built google-contacts in 2.197s, finished at 2025-01-01T23:55:51+0000
