 • Building package gpr-yasnippets (from github:brownts/gpr-yasnippets)...
Updating /mnt/store/melpa/working/gpr-yasnippets/
Checking out d66ea90e8e45f6d0c3bd62185967c26190117296
Copying files (->) and directories (=>)
  from /mnt/store/melpa/working/gpr-yasnippets/
  to /tmp/gpr-yasnippetsWgF6K8/gpr-yasnippets-20230516.627
    gpr-yasnippets.el -> gpr-yasnippets.el
    snippets => snippets
Created gpr-yasnippets-20230516.627.tar containing:
  gpr-yasnippets-20230516.627/
  gpr-yasnippets-20230516.627/gpr-yasnippets-pkg.el
  gpr-yasnippets-20230516.627/gpr-yasnippets.el
  gpr-yasnippets-20230516.627/snippets/
  gpr-yasnippets-20230516.627/snippets/gpr-mode/
  gpr-yasnippets-20230516.627/snippets/gpr-mode/case_construction
  gpr-yasnippets-20230516.627/snippets/gpr-mode/case_item
  gpr-yasnippets-20230516.627/snippets/gpr-mode/case_item-others
  gpr-yasnippets-20230516.627/snippets/gpr-mode/package_declaration
  gpr-yasnippets-20230516.627/snippets/gpr-mode/project_declaration
  gpr-yasnippets-20230516.627/snippets/gpr-ts-mode/
  gpr-yasnippets-20230516.627/snippets/gpr-ts-mode/.yas-parents
 ✓ Success:
  2025-12-22T02:07:46+0000  gpr-yasnippets-20230516.627.entry
  2025-12-22T02:07:46+0000  gpr-yasnippets-20230516.627.tar
Built gpr-yasnippets in 2.820s, finished at 2025-12-22T02:07:46+0000
