Package: gpr-ts-mode
Fetcher: github
Source:  https://github.com/brownts/gpr-ts-mode

Updating /mnt/store/melpa/working/gpr-ts-mode/
Checking out 4790595bb0a6108a27ee8600dd36dc10d3c9afea
Copying files (->) and directories (=>)
  from /mnt/store/melpa/working/gpr-ts-mode/
  to /tmp/gpr-ts-modeYe2eso/gpr-ts-mode-20241212.104
    gpr-ts-casing.el -> gpr-ts-casing.el
    gpr-ts-completion.el -> gpr-ts-completion.el
    gpr-ts-mode.el -> gpr-ts-mode.el
  ! doc/gpr-ts-mode.texi -> gpr-ts-mode.texi
Generating gpr-ts-mode.info
Created gpr-ts-mode-20241212.104.tar containing:
  gpr-ts-mode-20241212.104/
  gpr-ts-mode-20241212.104/dir
  gpr-ts-mode-20241212.104/gpr-ts-casing.el
  gpr-ts-mode-20241212.104/gpr-ts-completion.el
  gpr-ts-mode-20241212.104/gpr-ts-mode-pkg.el
  gpr-ts-mode-20241212.104/gpr-ts-mode.el
  gpr-ts-mode-20241212.104/gpr-ts-mode.info
 ✓ Success:
  2025-01-10T23:32:39+0000  gpr-ts-mode-20241212.104.entry
  2025-01-10T23:32:39+0000  gpr-ts-mode-20241212.104.tar
Built gpr-ts-mode in 3.089s, finished at 2025-01-10T23:32:40+0000
