Package: greader
Fetcher: gitlab
Source:  https://gitlab.com/michelangelo-rodriguez/greader.git

Updating /mnt/store/melpa/working/greader/
Checking out 887a6278e623e158ee8e5a2328af1e61804318eb
Copying files (->) and directories (=>)
  from /mnt/store/melpa/working/greader/
  to /tmp/greaderIBB0Pd/greader-20240823.245
    greader-audiobook.el -> greader-audiobook.el
    greader-dict.el -> greader-dict.el
    greader-espeak.el -> greader-espeak.el
    greader-mac.el -> greader-mac.el
    greader-speechd.el -> greader-speechd.el
    greader-translate.el -> greader-translate.el
    greader.el -> greader.el
Created greader-20240823.245.tar containing:
  greader-20240823.245/
  greader-20240823.245/greader-audiobook.el
  greader-20240823.245/greader-dict.el
  greader-20240823.245/greader-espeak.el
  greader-20240823.245/greader-mac.el
  greader-20240823.245/greader-pkg.el
  greader-20240823.245/greader-speechd.el
  greader-20240823.245/greader-translate.el
  greader-20240823.245/greader.el
 ✓ Success:
  2024-08-24T23:25:43+0000  greader-20240823.245.entry
  2024-08-24T23:25:43+0000  greader-20240823.245.tar
Built greader in 3.350s, finished at 2024-08-24T23:25:44+0000
