Package: grugru
Fetcher: github
Source:  https://github.com/ROCKTAKEY/grugru

Updating /mnt/store/melpa/working/grugru/
Checking out 3f1bc431f4dc919a7b04e519f1c8add9fb2949f3
Copying files (->) and directories (=>)
  from /mnt/store/melpa/working/grugru/
  to /tmp/grugru6PsFVE/grugru-20231202.250
    grugru-default.el -> grugru-default.el
    grugru-utils.el -> grugru-utils.el
    grugru.el -> grugru.el
Created grugru-20231202.250.tar containing:
  grugru-20231202.250/
  grugru-20231202.250/grugru-default.el
  grugru-20231202.250/grugru-pkg.el
  grugru-20231202.250/grugru-utils.el
  grugru-20231202.250/grugru.el
 ✓ Success:
  2024-10-08T22:54:37+0000  grugru-20231202.250.entry
  2024-10-08T22:54:37+0000  grugru-20231202.250.tar
Built grugru in 2.712s, finished at 2024-10-08T22:54:38+0000
