Package: guess-language
Fetcher: github
Source:  https://github.com/tmalsburg/guess-language.el

Updating /mnt/store/melpa/working/guess-language/
Checking out a17203d26135b970e4d7c5d101955d41303a758f
Copying files (->) and directories (=>)
  from /mnt/store/melpa/working/guess-language/
  to /tmp/guess-language6Bwcfh/guess-language-20240528.1319
    guess-language.el -> guess-language.el
  ! trigrams/README.org -> README.org
  ! trigrams/af -> af
  ! trigrams/ar -> ar
  ! trigrams/az -> az
  ! trigrams/bg -> bg
  ! trigrams/ca -> ca
  ! trigrams/ceb -> ceb
  ! trigrams/cs -> cs
  ! trigrams/cy -> cy
  ! trigrams/da -> da
  ! trigrams/de -> de
  ! trigrams/en -> en
  ! trigrams/eo -> eo
  ! trigrams/es -> es
  ! trigrams/et -> et
  ! trigrams/eu -> eu
  ! trigrams/fa -> fa
  ! trigrams/fi -> fi
  ! trigrams/fr -> fr
  ! trigrams/ha -> ha
  ! trigrams/haw -> haw
  ! trigrams/hi -> hi
  ! trigrams/hr -> hr
  ! trigrams/hu -> hu
  ! trigrams/id -> id
  ! trigrams/is -> is
  ! trigrams/it -> it
  ! trigrams/kk -> kk
  ! trigrams/ky -> ky
  ! trigrams/la -> la
  ! trigrams/lt -> lt
  ! trigrams/lv -> lv
  ! trigrams/mk -> mk
  ! trigrams/mn -> mn
  ! trigrams/nb -> nb
  ! trigrams/ne -> ne
  ! trigrams/nl -> nl
  ! trigrams/nr -> nr
  ! trigrams/nso -> nso
  ! trigrams/pl -> pl
  ! trigrams/ps -> ps
  ! trigrams/pt -> pt
  ! trigrams/pt_BR -> pt_BR
  ! trigrams/pt_PT -> pt_PT
  ! trigrams/ro -> ro
  ! trigrams/ru -> ru
  ! trigrams/sk -> sk
  ! trigrams/sl -> sl
  ! trigrams/so -> so
  ! trigrams/sq -> sq
  ! trigrams/sr -> sr
  ! trigrams/sr_LAT -> sr_LAT
  ! trigrams/ss -> ss
  ! trigrams/st -> st
  ! trigrams/sv -> sv
  ! trigrams/sw -> sw
  ! trigrams/tl -> tl
  ! trigrams/tlh -> tlh
  ! trigrams/tn -> tn
  ! trigrams/tr -> tr
  ! trigrams/ts -> ts
  ! trigrams/uk -> uk
  ! trigrams/ur -> ur
  ! trigrams/uz -> uz
  ! trigrams/ve -> ve
  ! trigrams/vi -> vi
  ! trigrams/xh -> xh
  ! trigrams/zu -> zu
Created guess-language-20240528.1319.tar containing:
  guess-language-20240528.1319/
  guess-language-20240528.1319/README.org
  guess-language-20240528.1319/af
  guess-language-20240528.1319/ar
  guess-language-20240528.1319/az
  guess-language-20240528.1319/bg
  guess-language-20240528.1319/ca
  guess-language-20240528.1319/ceb
  guess-language-20240528.1319/cs
  guess-language-20240528.1319/cy
  guess-language-20240528.1319/da
  guess-language-20240528.1319/de
  guess-language-20240528.1319/en
  guess-language-20240528.1319/eo
  guess-language-20240528.1319/es
  guess-language-20240528.1319/et
  guess-language-20240528.1319/eu
  guess-language-20240528.1319/fa
  guess-language-20240528.1319/fi
  guess-language-20240528.1319/fr
  guess-language-20240528.1319/guess-language-pkg.el
  guess-language-20240528.1319/guess-language.el
  guess-language-20240528.1319/ha
  guess-language-20240528.1319/haw
  guess-language-20240528.1319/hi
  guess-language-20240528.1319/hr
  guess-language-20240528.1319/hu
  guess-language-20240528.1319/id
  guess-language-20240528.1319/is
  guess-language-20240528.1319/it
  guess-language-20240528.1319/kk
  guess-language-20240528.1319/ky
  guess-language-20240528.1319/la
  guess-language-20240528.1319/lt
  guess-language-20240528.1319/lv
  guess-language-20240528.1319/mk
  guess-language-20240528.1319/mn
  guess-language-20240528.1319/nb
  guess-language-20240528.1319/ne
  guess-language-20240528.1319/nl
  guess-language-20240528.1319/nr
  guess-language-20240528.1319/nso
  guess-language-20240528.1319/pl
  guess-language-20240528.1319/ps
  guess-language-20240528.1319/pt
  guess-language-20240528.1319/pt_BR
  guess-language-20240528.1319/pt_PT
  guess-language-20240528.1319/ro
  guess-language-20240528.1319/ru
  guess-language-20240528.1319/sk
  guess-language-20240528.1319/sl
  guess-language-20240528.1319/so
  guess-language-20240528.1319/sq
  guess-language-20240528.1319/sr
  guess-language-20240528.1319/sr_LAT
  guess-language-20240528.1319/ss
  guess-language-20240528.1319/st
  guess-language-20240528.1319/sv
  guess-language-20240528.1319/sw
  guess-language-20240528.1319/tl
  guess-language-20240528.1319/tlh
  guess-language-20240528.1319/tn
  guess-language-20240528.1319/tr
  guess-language-20240528.1319/ts
  guess-language-20240528.1319/uk
  guess-language-20240528.1319/ur
  guess-language-20240528.1319/uz
  guess-language-20240528.1319/ve
  guess-language-20240528.1319/vi
  guess-language-20240528.1319/xh
  guess-language-20240528.1319/zu
 ✓ Success:
  2024-10-19T23:19:34+0000  guess-language-20240528.1319.entry
  2024-10-19T23:19:34+0000  guess-language-20240528.1319.tar
Built guess-language in 2.940s, finished at 2024-10-19T23:19:35+0000
