Package: haskell-mode
Fetcher: github
Source:  https://github.com/haskell/haskell-mode

Updating /mnt/store/melpa/working/haskell-mode/
Checking out a41e809986cb31422a4945e15c6683bb1b744c66
Copying files (->) and directories (=>)
  from /mnt/store/melpa/working/haskell-mode/
  to /tmp/haskell-mode9sIbP6/haskell-mode-20250202.2044
    ghc-core.el -> ghc-core.el
    ghci-script-mode.el -> ghci-script-mode.el
    haskell-align-imports.el -> haskell-align-imports.el
    haskell-c2hs.el -> haskell-c2hs.el
    haskell-cabal.el -> haskell-cabal.el
    haskell-collapse.el -> haskell-collapse.el
    haskell-commands.el -> haskell-commands.el
    haskell-compile.el -> haskell-compile.el
    haskell-complete-module.el -> haskell-complete-module.el
    haskell-completions.el -> haskell-completions.el
    haskell-customize.el -> haskell-customize.el
    haskell-debug.el -> haskell-debug.el
    haskell-decl-scan.el -> haskell-decl-scan.el
    haskell-doc.el -> haskell-doc.el
    haskell-font-lock.el -> haskell-font-lock.el
    haskell-ghc-support.el -> haskell-ghc-support.el
    haskell-hoogle.el -> haskell-hoogle.el
    haskell-indent.el -> haskell-indent.el
    haskell-indentation.el -> haskell-indentation.el
    haskell-interactive-mode.el -> haskell-interactive-mode.el
    haskell-lexeme.el -> haskell-lexeme.el
    haskell-load.el -> haskell-load.el
    haskell-menu.el -> haskell-menu.el
    haskell-mode.el -> haskell-mode.el
    haskell-modules.el -> haskell-modules.el
    haskell-move-nested.el -> haskell-move-nested.el
    haskell-navigate-imports.el -> haskell-navigate-imports.el
    haskell-presentation-mode.el -> haskell-presentation-mode.el
    haskell-process.el -> haskell-process.el
    haskell-repl.el -> haskell-repl.el
    haskell-sandbox.el -> haskell-sandbox.el
    haskell-session.el -> haskell-session.el
    haskell-sort-imports.el -> haskell-sort-imports.el
    haskell-string.el -> haskell-string.el
    haskell-svg.el -> haskell-svg.el
    haskell-unicode-input-method.el -> haskell-unicode-input-method.el
    haskell-utils.el -> haskell-utils.el
    haskell.el -> haskell.el
    highlight-uses-mode.el -> highlight-uses-mode.el
    inf-haskell.el -> inf-haskell.el
    w3m-haddock.el -> w3m-haddock.el
  ! doc/haskell-mode.texi -> haskell-mode.texi
    NEWS -> NEWS
    logo.svg -> logo.svg
Generating haskell-mode.info
Created haskell-mode-20250202.2044.tar containing:
  haskell-mode-20250202.2044/
  haskell-mode-20250202.2044/NEWS
  haskell-mode-20250202.2044/dir
  haskell-mode-20250202.2044/ghc-core.el
  haskell-mode-20250202.2044/ghci-script-mode.el
  haskell-mode-20250202.2044/haskell-align-imports.el
  haskell-mode-20250202.2044/haskell-c2hs.el
  haskell-mode-20250202.2044/haskell-cabal.el
  haskell-mode-20250202.2044/haskell-collapse.el
  haskell-mode-20250202.2044/haskell-commands.el
  haskell-mode-20250202.2044/haskell-compile.el
  haskell-mode-20250202.2044/haskell-complete-module.el
  haskell-mode-20250202.2044/haskell-completions.el
  haskell-mode-20250202.2044/haskell-customize.el
  haskell-mode-20250202.2044/haskell-debug.el
  haskell-mode-20250202.2044/haskell-decl-scan.el
  haskell-mode-20250202.2044/haskell-doc.el
  haskell-mode-20250202.2044/haskell-font-lock.el
  haskell-mode-20250202.2044/haskell-ghc-support.el
  haskell-mode-20250202.2044/haskell-hoogle.el
  haskell-mode-20250202.2044/haskell-indent.el
  haskell-mode-20250202.2044/haskell-indentation.el
  haskell-mode-20250202.2044/haskell-interactive-mode.el
  haskell-mode-20250202.2044/haskell-lexeme.el
  haskell-mode-20250202.2044/haskell-load.el
  haskell-mode-20250202.2044/haskell-menu.el
  haskell-mode-20250202.2044/haskell-mode-pkg.el
  haskell-mode-20250202.2044/haskell-mode.el
  haskell-mode-20250202.2044/haskell-mode.info
  haskell-mode-20250202.2044/haskell-modules.el
  haskell-mode-20250202.2044/haskell-move-nested.el
  haskell-mode-20250202.2044/haskell-navigate-imports.el
  haskell-mode-20250202.2044/haskell-presentation-mode.el
  haskell-mode-20250202.2044/haskell-process.el
  haskell-mode-20250202.2044/haskell-repl.el
  haskell-mode-20250202.2044/haskell-sandbox.el
  haskell-mode-20250202.2044/haskell-session.el
  haskell-mode-20250202.2044/haskell-sort-imports.el
  haskell-mode-20250202.2044/haskell-string.el
  haskell-mode-20250202.2044/haskell-svg.el
  haskell-mode-20250202.2044/haskell-unicode-input-method.el
  haskell-mode-20250202.2044/haskell-utils.el
  haskell-mode-20250202.2044/haskell.el
  haskell-mode-20250202.2044/highlight-uses-mode.el
  haskell-mode-20250202.2044/inf-haskell.el
  haskell-mode-20250202.2044/logo.svg
  haskell-mode-20250202.2044/w3m-haddock.el
 ✓ Success:
  2025-02-04T22:25:06+0000  haskell-mode-20250202.2044.entry
  2025-02-04T22:25:06+0000  haskell-mode-20250202.2044.tar
Built haskell-mode in 7.647s, finished at 2025-02-04T22:25:07+0000
