Package: haskell-emacs
Fetcher: github
Source:  https://github.com/knupfer/haskell-emacs.git

Updating /mnt/store/melpa/working/haskell-emacs/
Checking out a2c6a079175904689eed7c6c200754bfa85d1ed9
Copying files (->) and directories (=>)
  from /mnt/store/melpa/working/haskell-emacs/
  to /tmp/haskell-emacshQ6c5f/haskell-emacs-20160904.2026
    haskell-emacs.el -> haskell-emacs.el
    HaskellEmacs.hs -> HaskellEmacs.hs
    README.org -> README.org
    Foreign => Foreign
Created haskell-emacs-20160904.2026.tar containing:
  haskell-emacs-20160904.2026/
  haskell-emacs-20160904.2026/Foreign/
  haskell-emacs-20160904.2026/Foreign/Emacs.hs
  haskell-emacs-20160904.2026/Foreign/Emacs/
  haskell-emacs-20160904.2026/Foreign/Emacs/Internal.hs
  haskell-emacs-20160904.2026/HaskellEmacs.hs
  haskell-emacs-20160904.2026/README.org
  haskell-emacs-20160904.2026/haskell-emacs-pkg.el
  haskell-emacs-20160904.2026/haskell-emacs.el
 ✓ Success:
  2024-02-03T00:14:55+0000  haskell-emacs-20160904.2026.entry
  2024-02-03T00:14:54+0000  haskell-emacs-20160904.2026.tar
Built haskell-emacs in 2.905s, finished at 2024-02-03T00:14:56+0000
