Package: hass
Fetcher: github
Source:  https://github.com/purplg/hass.git

Updating /mnt/store/melpa/working/hass/
Checking out 4c9da37c5217177d43dbd2cb9cd458c01b834c54
Copying files (->) and directories (=>)
  from /mnt/store/melpa/working/hass/
  to /tmp/hassKPmqBg/hass-20230529.1312
    hass-dash.el -> hass-dash.el
    hass-websocket.el -> hass-websocket.el
    hass.el -> hass.el
Created hass-20230529.1312.tar containing:
  hass-20230529.1312/
  hass-20230529.1312/hass-dash.el
  hass-20230529.1312/hass-pkg.el
  hass-20230529.1312/hass-websocket.el
  hass-20230529.1312/hass.el
 ✓ Success:
  2024-06-05T23:42:32+0000  hass-20230529.1312.entry
  2024-06-05T23:42:32+0000  hass-20230529.1312.tar
Built hass in 4.110s, finished at 2024-06-05T23:42:33+0000
