Package: helm-ext
Fetcher: github
Source:  https://github.com/cute-jumper/helm-ext

Updating /mnt/store/melpa/working/helm-ext/
Checking out c30f7772ec577a5ce1de3215f0507826e0725a69
Copying files (->) and directories (=>)
  from /mnt/store/melpa/working/helm-ext/
  to /tmp/helm-extTtuhHe/helm-ext-20200722.107
    helm-ext-ff.el -> helm-ext-ff.el
    helm-ext-minibuffer.el -> helm-ext-minibuffer.el
    helm-ext.el -> helm-ext.el
Created helm-ext-20200722.107.tar containing:
  helm-ext-20200722.107/
  helm-ext-20200722.107/helm-ext-ff.el
  helm-ext-20200722.107/helm-ext-minibuffer.el
  helm-ext-20200722.107/helm-ext-pkg.el
  helm-ext-20200722.107/helm-ext.el
 ✓ Success:
  2025-07-21T01:17:40+0000  helm-ext-20200722.107.entry
  2025-07-21T01:17:40+0000  helm-ext-20200722.107.tar
Built helm-ext in 2.875s, finished at 2025-07-21T01:17:41+0000
