Package: helm
Fetcher: github
Source:  https://github.com/emacs-helm/helm

Updating /mnt/store/melpa/working/helm/
Checking out 3084975808b30c68f280b70024e0c2cd6af78090
Copying files (->) and directories (=>)
  from /mnt/store/melpa/working/helm/
  to /tmp/helmBMLNir/helm-20250321.632
    helm-adaptive.el -> helm-adaptive.el
    helm-bookmark.el -> helm-bookmark.el
    helm-buffers.el -> helm-buffers.el
    helm-color.el -> helm-color.el
    helm-command.el -> helm-command.el
    helm-dabbrev.el -> helm-dabbrev.el
    helm-easymenu.el -> helm-easymenu.el
    helm-elisp.el -> helm-elisp.el
    helm-epa.el -> helm-epa.el
    helm-eshell.el -> helm-eshell.el
    helm-eval.el -> helm-eval.el
    helm-external.el -> helm-external.el
    helm-fd.el -> helm-fd.el
    helm-files.el -> helm-files.el
    helm-find.el -> helm-find.el
    helm-font.el -> helm-font.el
    helm-for-files.el -> helm-for-files.el
    helm-global-bindings.el -> helm-global-bindings.el
    helm-grep.el -> helm-grep.el
    helm-help.el -> helm-help.el
    helm-id-utils.el -> helm-id-utils.el
    helm-imenu.el -> helm-imenu.el
    helm-info.el -> helm-info.el
    helm-locate.el -> helm-locate.el
    helm-man.el -> helm-man.el
    helm-misc.el -> helm-misc.el
    helm-mode.el -> helm-mode.el
    helm-net.el -> helm-net.el
    helm-occur.el -> helm-occur.el
    helm-packages.el -> helm-packages.el
    helm-regexp.el -> helm-regexp.el
    helm-ring.el -> helm-ring.el
    helm-semantic.el -> helm-semantic.el
    helm-sys.el -> helm-sys.el
    helm-tags.el -> helm-tags.el
    helm-types.el -> helm-types.el
    helm-utils.el -> helm-utils.el
    helm-x-files.el -> helm-x-files.el
    helm-x-icons.el -> helm-x-icons.el
    helm.el -> helm.el
    emacs-helm.sh -> emacs-helm.sh
Created helm-20250321.632.tar containing:
  helm-20250321.632/
  helm-20250321.632/emacs-helm.sh
  helm-20250321.632/helm-adaptive.el
  helm-20250321.632/helm-bookmark.el
  helm-20250321.632/helm-buffers.el
  helm-20250321.632/helm-color.el
  helm-20250321.632/helm-command.el
  helm-20250321.632/helm-dabbrev.el
  helm-20250321.632/helm-easymenu.el
  helm-20250321.632/helm-elisp.el
  helm-20250321.632/helm-epa.el
  helm-20250321.632/helm-eshell.el
  helm-20250321.632/helm-eval.el
  helm-20250321.632/helm-external.el
  helm-20250321.632/helm-fd.el
  helm-20250321.632/helm-files.el
  helm-20250321.632/helm-find.el
  helm-20250321.632/helm-font.el
  helm-20250321.632/helm-for-files.el
  helm-20250321.632/helm-global-bindings.el
  helm-20250321.632/helm-grep.el
  helm-20250321.632/helm-help.el
  helm-20250321.632/helm-id-utils.el
  helm-20250321.632/helm-imenu.el
  helm-20250321.632/helm-info.el
  helm-20250321.632/helm-locate.el
  helm-20250321.632/helm-man.el
  helm-20250321.632/helm-misc.el
  helm-20250321.632/helm-mode.el
  helm-20250321.632/helm-net.el
  helm-20250321.632/helm-occur.el
  helm-20250321.632/helm-packages.el
  helm-20250321.632/helm-pkg.el
  helm-20250321.632/helm-regexp.el
  helm-20250321.632/helm-ring.el
  helm-20250321.632/helm-semantic.el
  helm-20250321.632/helm-sys.el
  helm-20250321.632/helm-tags.el
  helm-20250321.632/helm-types.el
  helm-20250321.632/helm-utils.el
  helm-20250321.632/helm-x-files.el
  helm-20250321.632/helm-x-icons.el
  helm-20250321.632/helm.el
 ✓ Success:
  2025-03-21T23:53:31+0000  helm-20250321.632.entry
  2025-03-21T23:53:31+0000  helm-20250321.632.tar
Built helm in 4.848s, finished at 2025-03-21T23:53:32+0000
