 • Building package helm-system-packages (from github:emacs-helm/helm-system-packages)...
Updating /mnt/store/melpa/working/helm-system-packages/
Checking out 0ae4ab08443c269150350960d151c44642a07b7a
Copying files (->) and directories (=>)
  from /mnt/store/melpa/working/helm-system-packages/
  to /tmp/helm-system-packagesx1VYu1/helm-system-packages-20251124.1134
    helm-system-packages-brew.el -> helm-system-packages-brew.el
    helm-system-packages-dnf.el -> helm-system-packages-dnf.el
    helm-system-packages-dpkg.el -> helm-system-packages-dpkg.el
    helm-system-packages-guix.el -> helm-system-packages-guix.el
    helm-system-packages-pacman.el -> helm-system-packages-pacman.el
    helm-system-packages-portage.el -> helm-system-packages-portage.el
    helm-system-packages-xbps.el -> helm-system-packages-xbps.el
    helm-system-packages.el -> helm-system-packages.el
Created helm-system-packages-20251124.1134.tar containing:
  helm-system-packages-20251124.1134/
  helm-system-packages-20251124.1134/helm-system-packages-brew.el
  helm-system-packages-20251124.1134/helm-system-packages-dnf.el
  helm-system-packages-20251124.1134/helm-system-packages-dpkg.el
  helm-system-packages-20251124.1134/helm-system-packages-guix.el
  helm-system-packages-20251124.1134/helm-system-packages-pacman.el
  helm-system-packages-20251124.1134/helm-system-packages-pkg.el
  helm-system-packages-20251124.1134/helm-system-packages-portage.el
  helm-system-packages-20251124.1134/helm-system-packages-xbps.el
  helm-system-packages-20251124.1134/helm-system-packages.el
 ✓ Success:
  2025-12-08T00:11:20+0000  helm-system-packages-20251124.1134.entry
  2025-12-08T00:11:20+0000  helm-system-packages-20251124.1134.tar
Built helm-system-packages in 2.920s, finished at 2025-12-08T00:11:21+0000
