Package: hl-indent-scope
Fetcher: codeberg
Source:  https://codeberg.org/ideasman42/emacs-hl-indent-scope

Updating /mnt/store/melpa/working/hl-indent-scope/
Checking out b7816f73c1000975835ac28f54f8ecfc6648c0dc
Copying files (->) and directories (=>)
  from /mnt/store/melpa/working/hl-indent-scope/
  to /tmp/hl-indent-scopeV7I1YG/hl-indent-scope-20240422.204
    hl-indent-scope-preset-c++-mode.el -> hl-indent-scope-preset-c++-mode.el
    hl-indent-scope-preset-c-mode.el -> hl-indent-scope-preset-c-mode.el
    hl-indent-scope-preset-cmake-mode.el -> hl-indent-scope-preset-cmake-mode.el
    hl-indent-scope-preset-glsl-mode.el -> hl-indent-scope-preset-glsl-mode.el
    hl-indent-scope-preset-python-mode.el -> hl-indent-scope-preset-python-mode.el
    hl-indent-scope.el -> hl-indent-scope.el
Created hl-indent-scope-20240422.204.tar containing:
  hl-indent-scope-20240422.204/
  hl-indent-scope-20240422.204/hl-indent-scope-pkg.el
  hl-indent-scope-20240422.204/hl-indent-scope-preset-c++-mode.el
  hl-indent-scope-20240422.204/hl-indent-scope-preset-c-mode.el
  hl-indent-scope-20240422.204/hl-indent-scope-preset-cmake-mode.el
  hl-indent-scope-20240422.204/hl-indent-scope-preset-glsl-mode.el
  hl-indent-scope-20240422.204/hl-indent-scope-preset-python-mode.el
  hl-indent-scope-20240422.204/hl-indent-scope.el
 ✓ Success:
  2024-11-16T00:05:41+0000  hl-indent-scope-20240422.204.entry
  2024-11-16T00:05:41+0000  hl-indent-scope-20240422.204.tar
Built hl-indent-scope in 3.161s, finished at 2024-11-16T00:05:42+0000
