 • Building package hl-prog-extra (from codeberg:ideasman42/emacs-hl-prog-extra)...
Updating /mnt/store/melpa/working/hl-prog-extra/
Checking out c9cd44cc8346f9a044165658a13931f0304ae293
Copying files (->) and directories (=>)
  from /mnt/store/melpa/working/hl-prog-extra/
  to /tmp/hl-prog-extraMFX4C9/hl-prog-extra-20251126.1139
    hl-prog-extra-preset-c++-mode.el -> hl-prog-extra-preset-c++-mode.el
    hl-prog-extra-preset-c-mode.el -> hl-prog-extra-preset-c-mode.el
    hl-prog-extra-preset-glsl-mode.el -> hl-prog-extra-preset-glsl-mode.el
    hl-prog-extra-preset-lua-mode.el -> hl-prog-extra-preset-lua-mode.el
    hl-prog-extra-preset-python-mode.el -> hl-prog-extra-preset-python-mode.el
    hl-prog-extra.el -> hl-prog-extra.el
Created hl-prog-extra-20251126.1139.tar containing:
  hl-prog-extra-20251126.1139/
  hl-prog-extra-20251126.1139/hl-prog-extra-pkg.el
  hl-prog-extra-20251126.1139/hl-prog-extra-preset-c++-mode.el
  hl-prog-extra-20251126.1139/hl-prog-extra-preset-c-mode.el
  hl-prog-extra-20251126.1139/hl-prog-extra-preset-glsl-mode.el
  hl-prog-extra-20251126.1139/hl-prog-extra-preset-lua-mode.el
  hl-prog-extra-20251126.1139/hl-prog-extra-preset-python-mode.el
  hl-prog-extra-20251126.1139/hl-prog-extra.el
 ✓ Success:
  2025-12-15T00:10:28+0000  hl-prog-extra-20251126.1139.entry
  2025-12-15T00:10:28+0000  hl-prog-extra-20251126.1139.tar
Built hl-prog-extra in 3.704s, finished at 2025-12-15T00:10:29+0000
