Package: hyde
Fetcher: github
Source:  https://github.com/nibrahim/Hyde

Updating /mnt/store/melpa/working/hyde/
Checking out a8cd6ed00ecd8d7de0ded2f4867015b412b15b76
Copying files (->) and directories (=>)
  from /mnt/store/melpa/working/hyde/
  to /tmp/hydeTO27q9/hyde-20160508.308
    hyde-git.el -> hyde-git.el
    hyde-md.el -> hyde-md.el
    hyde.el -> hyde.el
    sample-dot-hyde.el -> sample-dot-hyde.el
Created hyde-20160508.308.tar containing:
  hyde-20160508.308/
  hyde-20160508.308/hyde-git.el
  hyde-20160508.308/hyde-md.el
  hyde-20160508.308/hyde-pkg.el
  hyde-20160508.308/hyde.el
  hyde-20160508.308/sample-dot-hyde.el
 ✓ Success:
  2025-04-07T23:05:34+0000  hyde-20160508.308.entry
  2025-04-07T23:05:34+0000  hyde-20160508.308.tar
Built hyde in 3.720s, finished at 2025-04-07T23:05:35+0000
