Package: hyperstitional-themes
Fetcher: github
Source:  https://github.com/precompute/hyperstitional-themes.git

Updating /mnt/store/melpa/working/hyperstitional-themes/
Checking out e87e4ca39384c75398c64c920bf4cbc253f6740b
Copying files (->) and directories (=>)
  from /mnt/store/melpa/working/hyperstitional-themes/
  to /tmp/hyperstitional-themesGgv0mS/hyperstitional-themes-20240528.2016
    hyperstitional-themes-digitalsear-inverted-theme.el -> hyperstitional-themes-digitalsear-inverted-theme.el
    hyperstitional-themes-digitalsear-theme.el -> hyperstitional-themes-digitalsear-theme.el
    hyperstitional-themes.el -> hyperstitional-themes.el
Created hyperstitional-themes-20240528.2016.tar containing:
  hyperstitional-themes-20240528.2016/
  hyperstitional-themes-20240528.2016/hyperstitional-themes-digitalsear-inverted-theme.el
  hyperstitional-themes-20240528.2016/hyperstitional-themes-digitalsear-theme.el
  hyperstitional-themes-20240528.2016/hyperstitional-themes-pkg.el
  hyperstitional-themes-20240528.2016/hyperstitional-themes.el
 ✓ Success:
  2024-08-10T22:56:04+0000  hyperstitional-themes-20240528.2016.entry
  2024-08-10T22:56:03+0000  hyperstitional-themes-20240528.2016.tar
Built hyperstitional-themes in 5.099s, finished at 2024-08-10T22:56:05+0000
