Package: icomplete-vertical
Fetcher: github
Source:  https://github.com/oantolin/icomplete-vertical.git

Updating /mnt/store/melpa/working/icomplete-vertical/
Checking out f5775d535630199703c936380d210d38249b342c
Copying files (->) and directories (=>)
  from /mnt/store/melpa/working/icomplete-vertical/
  to /tmp/icomplete-verticalT9Fp0a/icomplete-vertical-20220418.2119
    icomplete-vertical.el -> icomplete-vertical.el
    icomplete-vertical.texi -> icomplete-vertical.texi
Generating /tmp/icomplete-verticalT9Fp0a/icomplete-vertical-20220418.2119/icomplete-vertical.info
Created icomplete-vertical-20220418.2119.tar containing:
  icomplete-vertical-20220418.2119/
  icomplete-vertical-20220418.2119/dir
  icomplete-vertical-20220418.2119/icomplete-vertical-pkg.el
  icomplete-vertical-20220418.2119/icomplete-vertical.el
  icomplete-vertical-20220418.2119/icomplete-vertical.info
 ✓ Success:
  2024-08-27T00:39:58+0000  icomplete-vertical-20220418.2119.entry
  2024-08-27T00:39:58+0000  icomplete-vertical-20220418.2119.tar
Built icomplete-vertical in 3.996s, finished at 2024-08-27T00:39:59+0000
