Package: identica-mode
Fetcher: github
Source:  https://github.com/gabrielsaldana/Emacs-Identica-mode

Updating /mnt/store/melpa/working/identica-mode/
Checking out cf9183ee11ac922e85c7c908f04e2d00b03111b3
Copying files (->) and directories (=>)
  from /mnt/store/melpa/working/identica-mode/
  to /tmp/identica-modeCLbO1r/identica-mode-20130204.2253
    bbdb-identica.el -> bbdb-identica.el
    identica-friends.el -> identica-friends.el
    identica-mode.el -> identica-mode.el
  ! doc/fdl.texi -> fdl.texi
  ! doc/identica-mode.texi -> identica-mode.texi
Generating fdl.info
Generating identica-mode.info
Created identica-mode-20130204.2253.tar containing:
  identica-mode-20130204.2253/
  identica-mode-20130204.2253/bbdb-identica.el
  identica-mode-20130204.2253/dir
  identica-mode-20130204.2253/fdl.info
  identica-mode-20130204.2253/identica-friends.el
  identica-mode-20130204.2253/identica-mode-pkg.el
  identica-mode-20130204.2253/identica-mode.el
  identica-mode-20130204.2253/identica-mode.info
 ✓ Success:
  2025-03-19T00:11:06+0000  identica-mode-20130204.2253.entry
  2025-03-19T00:11:06+0000  identica-mode-20130204.2253.tar
Built identica-mode in 6.817s, finished at 2025-03-19T00:11:07+0000
