Package: imbot
Fetcher: github
Source:  https://github.com/QiangF/imbot

Updating /mnt/store/melpa/working/imbot/
Checking out d0fe4aca029e251d00102107c3747b41376c32c6
Copying files (->) and directories (=>)
  from /mnt/store/melpa/working/imbot/
  to /tmp/imbot48AwjU/imbot-20250102.1113
    imbot--fcitx5.el -> imbot--fcitx5.el
    imbot--ibus.el -> imbot--ibus.el
    imbot--windows.el -> imbot--windows.el
    imbot.el -> imbot.el
Created imbot-20250102.1113.tar containing:
  imbot-20250102.1113/
  imbot-20250102.1113/imbot--fcitx5.el
  imbot-20250102.1113/imbot--ibus.el
  imbot-20250102.1113/imbot--windows.el
  imbot-20250102.1113/imbot-pkg.el
  imbot-20250102.1113/imbot.el
 ✓ Success:
  2025-01-07T23:44:15+0000  imbot-20250102.1113.entry
  2025-01-07T23:44:14+0000  imbot-20250102.1113.tar
Built imbot in 1.580s, finished at 2025-01-07T23:44:15+0000
