Package: indexed
Fetcher: github
Source:  https://github.com/meedstrom/indexed

Updating /mnt/store/melpa/working/indexed/
Checking out 2859d28d51b38fd9b2f5b1bb3cd0f8fc4357e59b
Copying files (->) and directories (=>)
  from /mnt/store/melpa/working/indexed/
  to /tmp/indexedsxwiaR/indexed-20250318.1750
    indexed-list.el -> indexed-list.el
    indexed-org-parser.el -> indexed-org-parser.el
    indexed-roam.el -> indexed-roam.el
    indexed-x.el -> indexed-x.el
    indexed.el -> indexed.el
Created indexed-20250318.1750.tar containing:
  indexed-20250318.1750/
  indexed-20250318.1750/indexed-list.el
  indexed-20250318.1750/indexed-org-parser.el
  indexed-20250318.1750/indexed-pkg.el
  indexed-20250318.1750/indexed-roam.el
  indexed-20250318.1750/indexed-x.el
  indexed-20250318.1750/indexed.el
 ✓ Success:
  2025-03-19T00:11:48+0000  indexed-20250318.1750.entry
  2025-03-19T00:11:48+0000  indexed-20250318.1750.tar
Built indexed in 3.168s, finished at 2025-03-19T00:11:49+0000
