Package: islisp-mode
Fetcher: gitlab
Source:  https://gitlab.com/sasanidas/islisp-mode.git

Updating /mnt/store/melpa/working/islisp-mode/
Checking out bbf45d02495f9455e91beed01676178dfa5d3561
Copying files (->) and directories (=>)
  from /mnt/store/melpa/working/islisp-mode/
  to /tmp/islisp-modeYcx71U/islisp-mode-20220924.1043
    islisp-mode.el -> islisp-mode.el
    islisp-hyperdraft.el -> islisp-hyperdraft.el
    advance/islisp-tags.el -> advance/islisp-tags.el
    implementations/easy-islisp => implementations/easy-islisp
Created islisp-mode-20220924.1043.tar containing:
  islisp-mode-20220924.1043/
  islisp-mode-20220924.1043/advance/
  islisp-mode-20220924.1043/advance/islisp-tags.el
  islisp-mode-20220924.1043/implementations/
  islisp-mode-20220924.1043/implementations/easy-islisp/
  islisp-mode-20220924.1043/implementations/easy-islisp/easy-format.lsp
  islisp-mode-20220924.1043/implementations/easy-islisp/easy-islisp.el
  islisp-mode-20220924.1043/islisp-hyperdraft.el
  islisp-mode-20220924.1043/islisp-mode-pkg.el
  islisp-mode-20220924.1043/islisp-mode.el
 ✓ Success:
  2024-01-08T14:59:19+0000  islisp-mode-20220924.1043.entry
  2024-01-08T14:59:19+0000  islisp-mode-20220924.1043.tar
Built islisp-mode in 1.965s, finished at 2024-01-08T14:59:20+0000
