Package: ivy-erlang-complete
Fetcher: github
Source:  https://github.com/s-kostyaev/ivy-erlang-complete.git

Updating /mnt/store/melpa/working/ivy-erlang-complete/
Checking out 6913f6ef7c942a5a2c42bc17635d09c91353e7ca
Copying files (->) and directories (=>)
  from /mnt/store/melpa/working/ivy-erlang-complete/
  to /tmp/ivy-erlang-complete5WGIVG/ivy-erlang-complete-20211019.447
    ivy-erlang-complete-pkg.el -> ivy-erlang-complete-pkg.el
    ivy-erlang-complete.el -> ivy-erlang-complete.el
    bin => bin
Created ivy-erlang-complete-20211019.447.tar containing:
  ivy-erlang-complete-20211019.447/
  ivy-erlang-complete-20211019.447/bin/
  ivy-erlang-complete-20211019.447/bin/exported-funcs-macos.sh
  ivy-erlang-complete-20211019.447/bin/exported-funcs.sh
  ivy-erlang-complete-20211019.447/bin/exported-types-macos.sh
  ivy-erlang-complete-20211019.447/bin/exported-types.sh
  ivy-erlang-complete-20211019.447/bin/find-deps-dir
  ivy-erlang-complete-20211019.447/bin/parse-record
  ivy-erlang-complete-20211019.447/ivy-erlang-complete-pkg.el
  ivy-erlang-complete-20211019.447/ivy-erlang-complete.el
 ✓ Success:
  2024-01-24T02:41:35+0000  ivy-erlang-complete-20211019.447.entry
  2024-01-24T02:41:35+0000  ivy-erlang-complete-20211019.447.tar
Built ivy-erlang-complete in 3.695s, finished at 2024-01-24T02:41:37+0000
