Package: ivy
Fetcher: github
Source:  https://github.com/abo-abo/swiper

Updating /mnt/store/melpa/working/ivy/
Checking out 078dcc713e088cb959af549cbd00f2267deb175a
Copying files (->) and directories (=>)
  from /mnt/store/melpa/working/ivy/
  to /tmp/ivyBXB8dD/ivy-20250320.39
    colir.el -> colir.el
    elpa.el -> elpa.el
    ivy-faces.el -> ivy-faces.el
    ivy-overlay.el -> ivy-overlay.el
    ivy.el -> ivy.el
  ! doc/ivy.texi -> ivy.texi
  ! doc/ivy-help.org -> ivy-help.org
Generating ivy.info
Created ivy-20250320.39.tar containing:
  ivy-20250320.39/
  ivy-20250320.39/colir.el
  ivy-20250320.39/dir
  ivy-20250320.39/elpa.el
  ivy-20250320.39/ivy-faces.el
  ivy-20250320.39/ivy-help.org
  ivy-20250320.39/ivy-overlay.el
  ivy-20250320.39/ivy-pkg.el
  ivy-20250320.39/ivy.el
  ivy-20250320.39/ivy.info
 ✓ Success:
  2025-03-20T21:02:57+0000  ivy-20250224.2125.entry
  2025-03-20T21:02:57+0000  ivy-20250224.2125.tar
  2025-03-20T23:44:42+0000  ivy-20250320.39.entry
  2025-03-20T23:44:42+0000  ivy-20250320.39.tar
Built ivy in 5.769s, finished at 2025-03-20T23:44:43+0000
