Package: j-mode
Fetcher: github
Source:  https://github.com/zellio/j-mode.git

Updating /mnt/store/melpa/working/j-mode/
Checking out e8725ac8af95498faabb2ca3ab3bd809a8f148e6
Copying files (->) and directories (=>)
  from /mnt/store/melpa/working/j-mode/
  to /tmp/j-modenozxsX/j-mode-20171224.1856
    j-console.el -> j-console.el
    j-font-lock.el -> j-font-lock.el
    j-help.el -> j-help.el
    j-mode.el -> j-mode.el
Created j-mode-20171224.1856.tar containing:
  j-mode-20171224.1856/
  j-mode-20171224.1856/j-console.el
  j-mode-20171224.1856/j-font-lock.el
  j-mode-20171224.1856/j-help.el
  j-mode-20171224.1856/j-mode-pkg.el
  j-mode-20171224.1856/j-mode.el
 ✓ Success:
  2024-03-13T23:35:41+0000  j-mode-20171224.1856.entry
  2024-03-13T23:35:41+0000  j-mode-20171224.1856.tar
Built j-mode in 3.368s, finished at 2024-03-13T23:35:43+0000
