Package: jasminejs-mode
Fetcher: github
Source:  https://github.com/stoltene2/jasminejs-mode

Updating /mnt/store/melpa/working/jasminejs-mode/
Checking out 23637d6718423d376eebbdaa4d6d914c7cab26ed
Copying files (->) and directories (=>)
  from /mnt/store/melpa/working/jasminejs-mode/
  to /tmp/jasminejs-mode3yeNkE/jasminejs-mode-20150527.5
    jasminejs-mode.el -> jasminejs-mode.el
  ! snippets/jasminejs-mode => jasminejs-mode
Created jasminejs-mode-20150527.5.tar containing:
  jasminejs-mode-20150527.5/
  jasminejs-mode-20150527.5/jasminejs-mode-pkg.el
  jasminejs-mode-20150527.5/jasminejs-mode.el
  jasminejs-mode-20150527.5/jasminejs-mode/
  jasminejs-mode-20150527.5/jasminejs-mode/.yas-parents
  jasminejs-mode-20150527.5/jasminejs-mode/afte.yasnippet
  jasminejs-mode-20150527.5/jasminejs-mode/befe.yasnippet
  jasminejs-mode-20150527.5/jasminejs-mode/describe.yasnippet
  jasminejs-mode-20150527.5/jasminejs-mode/ex.yasnippet
  jasminejs-mode-20150527.5/jasminejs-mode/expb.yasnippet
  jasminejs-mode-20150527.5/jasminejs-mode/expc.yasnippet
  jasminejs-mode-20150527.5/jasminejs-mode/expcw.yasnippet
  jasminejs-mode-20150527.5/jasminejs-mode/expe.yasnippet
  jasminejs-mode-20150527.5/jasminejs-mode/expf.yasnippet
  jasminejs-mode-20150527.5/jasminejs-mode/expt.yasnippet
  jasminejs-mode-20150527.5/jasminejs-mode/it.yasnippet
  jasminejs-mode-20150527.5/jasminejs-mode/itd.yasnippet
 ✓ Success:
  2025-03-02T22:22:27+0000  jasminejs-mode-20150527.5.entry
  2025-03-02T22:22:27+0000  jasminejs-mode-20150527.5.tar
Built jasminejs-mode in 3.262s, finished at 2025-03-02T22:22:28+0000
