Package: jedi-core
Fetcher: github
Source:  https://github.com/tkf/emacs-jedi.git

Updating /mnt/store/melpa/working/jedi-core/
Checking out ecb53487c6131d39931ab2927e4b77e9cbfb7204
Copying files (->) and directories (=>)
  from /mnt/store/melpa/working/jedi-core/
  to /tmp/jedi-coreFnOt9i/jedi-core-20210503.1315
    jedi-core.el -> jedi-core.el
    jediepcserver.py -> jediepcserver.py
    Makefile -> Makefile
    setup.py -> setup.py
Created jedi-core-20210503.1315.tar containing:
  jedi-core-20210503.1315/
  jedi-core-20210503.1315/Makefile
  jedi-core-20210503.1315/jedi-core-pkg.el
  jedi-core-20210503.1315/jedi-core.el
  jedi-core-20210503.1315/jediepcserver.py
  jedi-core-20210503.1315/setup.py
 ✓ Success:
  2024-01-13T23:26:42+0000  jedi-core-20210503.1315.entry
  2024-01-13T23:26:42+0000  jedi-core-20210503.1315.tar
Built jedi-core in 2.977s, finished at 2024-01-13T23:26:43+0000
