Package: jinx
Fetcher: github
Source:  https://github.com/minad/jinx

Updating /mnt/store/melpa/working/jinx/
Checking out 45961dfdb2a56573af6e06d023e262530d60c09d
Copying files (->) and directories (=>)
  from /mnt/store/melpa/working/jinx/
  to /tmp/jinxr2iI8q/jinx-20240914.1607
    jinx.el -> jinx.el
    jinx-mod.c -> jinx-mod.c
    emacs-module.h -> emacs-module.h
Created jinx-20240914.1607.tar containing:
  jinx-20240914.1607/
  jinx-20240914.1607/emacs-module.h
  jinx-20240914.1607/jinx-mod.c
  jinx-20240914.1607/jinx-pkg.el
  jinx-20240914.1607/jinx.el
 ✓ Success:
  2024-09-26T00:20:11+0000  jinx-20240914.1607.entry
  2024-09-26T00:20:11+0000  jinx-20240914.1607.tar
Built jinx in 2.548s, finished at 2024-09-26T00:20:12+0000
