Package: jonprl-mode
Fetcher: github
Source:  https://github.com/david-christiansen/jonprl-mode

Updating /mnt/store/melpa/working/jonprl-mode/
Checking out 6059bb64891fae45827174e044d6a87ac07172d8
Copying files (->) and directories (=>)
  from /mnt/store/melpa/working/jonprl-mode/
  to /tmp/jonprl-modeMqeL6b/jonprl-mode-20160819.59
    jonprl-compat.el -> jonprl-compat.el
    jonprl-mode.el -> jonprl-mode.el
    jonprl-icon.png -> jonprl-icon.png
Created jonprl-mode-20160819.59.tar containing:
  jonprl-mode-20160819.59/
  jonprl-mode-20160819.59/jonprl-compat.el
  jonprl-mode-20160819.59/jonprl-icon.png
  jonprl-mode-20160819.59/jonprl-mode-pkg.el
  jonprl-mode-20160819.59/jonprl-mode.el
 ✓ Success:
  2025-03-03T22:38:17+0000  jonprl-mode-20160819.59.entry
  2025-03-03T22:38:17+0000  jonprl-mode-20160819.59.tar
Built jonprl-mode in 3.678s, finished at 2025-03-03T22:38:18+0000
