Package: js2-mode
Fetcher: github
Source:  https://github.com/mooz/js2-mode.git

Updating /mnt/store/melpa/working/js2-mode/
Checking out 010a536da6df345a0b9a55bbd892f5f4d0d9fdfc
Copying files (->) and directories (=>)
  from /mnt/store/melpa/working/js2-mode/
  to /tmp/js2-modeVYzyas/js2-mode-20231224.1851
    js2-imenu-extras.el -> js2-imenu-extras.el
    js2-mode.el -> js2-mode.el
    js2-old-indent.el -> js2-old-indent.el
Created js2-mode-20231224.1851.tar containing:
  js2-mode-20231224.1851/
  js2-mode-20231224.1851/js2-imenu-extras.el
  js2-mode-20231224.1851/js2-mode-pkg.el
  js2-mode-20231224.1851/js2-mode.el
  js2-mode-20231224.1851/js2-old-indent.el
 ✓ Success:
  2023-12-25T10:36:23+0000  js2-mode-20231224.1851.entry
  2023-12-25T10:36:23+0000  js2-mode-20231224.1851.tar
Built js2-mode in 4.002s, finished at 2023-12-25T10:36:25+0000
