Package: json-par
Fetcher: github
Source:  https://github.com/taku0/json-par.git

Updating /mnt/store/melpa/working/json-par/
Checking out 52f69108d4eca328f7eb74c2dfb841db2f0ffa8a
Copying files (->) and directories (=>)
  from /mnt/store/melpa/working/json-par/
  to /tmp/json-paruzEX3t/json-par-20240217.550
    json-par-ancestor-overlay.el -> json-par-ancestor-overlay.el
    json-par-clone.el -> json-par-clone.el
    json-par-delete.el -> json-par-delete.el
    json-par-fixup.el -> json-par-fixup.el
    json-par-guess.el -> json-par-guess.el
    json-par-indent.el -> json-par-indent.el
    json-par-insert.el -> json-par-insert.el
    json-par-keymap.el -> json-par-keymap.el
    json-par-lexer.el -> json-par-lexer.el
    json-par-mark-narrow.el -> json-par-mark-narrow.el
    json-par-motion.el -> json-par-motion.el
    json-par-oneline-multiline.el -> json-par-oneline-multiline.el
    json-par-raise.el -> json-par-raise.el
    json-par-split-join.el -> json-par-split-join.el
    json-par-transpose.el -> json-par-transpose.el
    json-par-utils.el -> json-par-utils.el
    json-par.el -> json-par.el
Created json-par-20240217.550.tar containing:
  json-par-20240217.550/
  json-par-20240217.550/json-par-ancestor-overlay.el
  json-par-20240217.550/json-par-clone.el
  json-par-20240217.550/json-par-delete.el
  json-par-20240217.550/json-par-fixup.el
  json-par-20240217.550/json-par-guess.el
  json-par-20240217.550/json-par-indent.el
  json-par-20240217.550/json-par-insert.el
  json-par-20240217.550/json-par-keymap.el
  json-par-20240217.550/json-par-lexer.el
  json-par-20240217.550/json-par-mark-narrow.el
  json-par-20240217.550/json-par-motion.el
  json-par-20240217.550/json-par-oneline-multiline.el
  json-par-20240217.550/json-par-pkg.el
  json-par-20240217.550/json-par-raise.el
  json-par-20240217.550/json-par-split-join.el
  json-par-20240217.550/json-par-transpose.el
  json-par-20240217.550/json-par-utils.el
  json-par-20240217.550/json-par.el
 ✓ Success:
  2024-03-29T23:33:01+0000  json-par-20240217.550.entry
  2024-03-29T23:33:01+0000  json-par-20240217.550.tar
Built json-par in 3.629s, finished at 2024-03-29T23:33:02+0000
