Package: jump-tree
Fetcher: github
Source:  https://github.com/yangwen0228/jump-tree.git

Updating /mnt/store/melpa/working/jump-tree/
Checking out 282267dc6305889e31d46b405b7ad4dfe5923b66
Copying files (->) and directories (=>)
  from /mnt/store/melpa/working/jump-tree/
  to /tmp/jump-treeMP2M38/jump-tree-20171014.1551
    jump-tree-pos.el -> jump-tree-pos.el
    jump-tree-visualizer.el -> jump-tree-visualizer.el
    jump-tree.el -> jump-tree.el
Created jump-tree-20171014.1551.tar containing:
  jump-tree-20171014.1551/
  jump-tree-20171014.1551/jump-tree-pkg.el
  jump-tree-20171014.1551/jump-tree-pos.el
  jump-tree-20171014.1551/jump-tree-visualizer.el
  jump-tree-20171014.1551/jump-tree.el
 ✓ Success:
  2024-01-30T07:46:39+0000  jump-tree-20171014.1551.entry
  2024-01-30T07:46:38+0000  jump-tree-20171014.1551.tar
Built jump-tree in 3.253s, finished at 2024-01-30T07:46:40+0000
