Package: jupyter
Fetcher: github
Source:  https://github.com/emacs-jupyter/jupyter.git

Updating /mnt/store/melpa/working/jupyter/
Checking out da306a6dbda6f1e285281765a311938a1d9db022
Copying files (->) and directories (=>)
  from /mnt/store/melpa/working/jupyter/
  to /tmp/jupyterw3mhdt/jupyter-20231204.529
    jupyter-R.el -> jupyter-R.el
    jupyter-base.el -> jupyter-base.el
    jupyter-c++.el -> jupyter-c++.el
    jupyter-channel-ioloop.el -> jupyter-channel-ioloop.el
    jupyter-channel.el -> jupyter-channel.el
    jupyter-client.el -> jupyter-client.el
    jupyter-env.el -> jupyter-env.el
    jupyter-ioloop.el -> jupyter-ioloop.el
    jupyter-javascript.el -> jupyter-javascript.el
    jupyter-julia.el -> jupyter-julia.el
    jupyter-kernel-process.el -> jupyter-kernel-process.el
    jupyter-kernel.el -> jupyter-kernel.el
    jupyter-kernelspec.el -> jupyter-kernelspec.el
    jupyter-messages.el -> jupyter-messages.el
    jupyter-mime.el -> jupyter-mime.el
    jupyter-monads.el -> jupyter-monads.el
    jupyter-org-client.el -> jupyter-org-client.el
    jupyter-org-extensions.el -> jupyter-org-extensions.el
    jupyter-python.el -> jupyter-python.el
    jupyter-repl.el -> jupyter-repl.el
    jupyter-rest-api.el -> jupyter-rest-api.el
    jupyter-server-kernel.el -> jupyter-server-kernel.el
    jupyter-server.el -> jupyter-server.el
    jupyter-tramp.el -> jupyter-tramp.el
    jupyter-widget-client.el -> jupyter-widget-client.el
    jupyter-zmq-channel-ioloop.el -> jupyter-zmq-channel-ioloop.el
    jupyter-zmq-channel.el -> jupyter-zmq-channel.el
    jupyter.el -> jupyter.el
    ob-jupyter.el -> ob-jupyter.el
    Makefile -> Makefile
    widget.html -> widget.html
    js => js
Created jupyter-20231204.529.tar containing:
  jupyter-20231204.529/
  jupyter-20231204.529/Makefile
  jupyter-20231204.529/js/
  jupyter-20231204.529/js/Makefile
  jupyter-20231204.529/js/emacs-jupyter.js
  jupyter-20231204.529/js/index.js
  jupyter-20231204.529/js/manager.js
  jupyter-20231204.529/js/package.json
  jupyter-20231204.529/js/webpack.config.js
  jupyter-20231204.529/jupyter-R.el
  jupyter-20231204.529/jupyter-base.el
  jupyter-20231204.529/jupyter-c++.el
  jupyter-20231204.529/jupyter-channel-ioloop.el
  jupyter-20231204.529/jupyter-channel.el
  jupyter-20231204.529/jupyter-client.el
  jupyter-20231204.529/jupyter-env.el
  jupyter-20231204.529/jupyter-ioloop.el
  jupyter-20231204.529/jupyter-javascript.el
  jupyter-20231204.529/jupyter-julia.el
  jupyter-20231204.529/jupyter-kernel-process.el
  jupyter-20231204.529/jupyter-kernel.el
  jupyter-20231204.529/jupyter-kernelspec.el
  jupyter-20231204.529/jupyter-messages.el
  jupyter-20231204.529/jupyter-mime.el
  jupyter-20231204.529/jupyter-monads.el
  jupyter-20231204.529/jupyter-org-client.el
  jupyter-20231204.529/jupyter-org-extensions.el
  jupyter-20231204.529/jupyter-pkg.el
  jupyter-20231204.529/jupyter-python.el
  jupyter-20231204.529/jupyter-repl.el
  jupyter-20231204.529/jupyter-rest-api.el
  jupyter-20231204.529/jupyter-server-kernel.el
  jupyter-20231204.529/jupyter-server.el
  jupyter-20231204.529/jupyter-tramp.el
  jupyter-20231204.529/jupyter-widget-client.el
  jupyter-20231204.529/jupyter-zmq-channel-ioloop.el
  jupyter-20231204.529/jupyter-zmq-channel.el
  jupyter-20231204.529/jupyter.el
  jupyter-20231204.529/ob-jupyter.el
  jupyter-20231204.529/widget.html
 ✓ Success:
  2024-03-01T23:52:02+0000  jupyter-20231204.529.entry
  2024-03-01T23:52:01+0000  jupyter-20231204.529.tar
Built jupyter in 6.326s, finished at 2024-03-01T23:52:04+0000
