Package: kanagawa-themes
Fetcher: github
Source:  https://github.com/Fabiokleis/kanagawa-emacs

Updating /mnt/store/melpa/working/kanagawa-themes/
Checking out fa426fb20966c9fde9cbf70e16172472756db492
Copying files (->) and directories (=>)
  from /mnt/store/melpa/working/kanagawa-themes/
  to /tmp/kanagawa-themeswZfUC2/kanagawa-themes-20250719.2252
    kanagawa-dragon-theme.el -> kanagawa-dragon-theme.el
    kanagawa-lotus-theme.el -> kanagawa-lotus-theme.el
    kanagawa-themes.el -> kanagawa-themes.el
    kanagawa-wave-theme.el -> kanagawa-wave-theme.el
Created kanagawa-themes-20250719.2252.tar containing:
  kanagawa-themes-20250719.2252/
  kanagawa-themes-20250719.2252/kanagawa-dragon-theme.el
  kanagawa-themes-20250719.2252/kanagawa-lotus-theme.el
  kanagawa-themes-20250719.2252/kanagawa-themes-pkg.el
  kanagawa-themes-20250719.2252/kanagawa-themes.el
  kanagawa-themes-20250719.2252/kanagawa-wave-theme.el
 ✓ Success:
  2025-09-01T00:01:01+0000  kanagawa-themes-20250719.2252.entry
  2025-09-01T00:01:01+0000  kanagawa-themes-20250719.2252.tar
Built kanagawa-themes in 2.601s, finished at 2025-09-01T00:01:02+0000
