Package: kaolin-themes
Fetcher: github
Source:  https://github.com/ogdenwebb/emacs-kaolin-themes

Updating /mnt/store/melpa/working/kaolin-themes/
Checking out a1692e383ce4c794d177deec6813c24a17435e97
Copying files (->) and directories (=>)
  from /mnt/store/melpa/working/kaolin-themes/
  to /tmp/kaolin-themes7zITT0/kaolin-themes-20241231.2248
    kaolin-themes-lib.el -> kaolin-themes-lib.el
    kaolin-themes-treemacs.el -> kaolin-themes-treemacs.el
    kaolin-themes.el -> kaolin-themes.el
  ! themes/kaolin-aurora-theme.el -> kaolin-aurora-theme.el
  ! themes/kaolin-blossom-theme.el -> kaolin-blossom-theme.el
  ! themes/kaolin-breeze-theme.el -> kaolin-breeze-theme.el
  ! themes/kaolin-bubblegum-theme.el -> kaolin-bubblegum-theme.el
  ! themes/kaolin-dark-theme.el -> kaolin-dark-theme.el
  ! themes/kaolin-eclipse-theme.el -> kaolin-eclipse-theme.el
  ! themes/kaolin-galaxy-theme.el -> kaolin-galaxy-theme.el
  ! themes/kaolin-light-theme.el -> kaolin-light-theme.el
  ! themes/kaolin-mono-dark-theme.el -> kaolin-mono-dark-theme.el
  ! themes/kaolin-mono-light-theme.el -> kaolin-mono-light-theme.el
  ! themes/kaolin-ocean-theme.el -> kaolin-ocean-theme.el
  ! themes/kaolin-shiva-theme.el -> kaolin-shiva-theme.el
  ! themes/kaolin-temple-theme.el -> kaolin-temple-theme.el
  ! themes/kaolin-valley-dark-theme.el -> kaolin-valley-dark-theme.el
  ! themes/kaolin-valley-light-theme.el -> kaolin-valley-light-theme.el
Created kaolin-themes-20241231.2248.tar containing:
  kaolin-themes-20241231.2248/
  kaolin-themes-20241231.2248/kaolin-aurora-theme.el
  kaolin-themes-20241231.2248/kaolin-blossom-theme.el
  kaolin-themes-20241231.2248/kaolin-breeze-theme.el
  kaolin-themes-20241231.2248/kaolin-bubblegum-theme.el
  kaolin-themes-20241231.2248/kaolin-dark-theme.el
  kaolin-themes-20241231.2248/kaolin-eclipse-theme.el
  kaolin-themes-20241231.2248/kaolin-galaxy-theme.el
  kaolin-themes-20241231.2248/kaolin-light-theme.el
  kaolin-themes-20241231.2248/kaolin-mono-dark-theme.el
  kaolin-themes-20241231.2248/kaolin-mono-light-theme.el
  kaolin-themes-20241231.2248/kaolin-ocean-theme.el
  kaolin-themes-20241231.2248/kaolin-shiva-theme.el
  kaolin-themes-20241231.2248/kaolin-temple-theme.el
  kaolin-themes-20241231.2248/kaolin-themes-lib.el
  kaolin-themes-20241231.2248/kaolin-themes-pkg.el
  kaolin-themes-20241231.2248/kaolin-themes-treemacs.el
  kaolin-themes-20241231.2248/kaolin-themes.el
  kaolin-themes-20241231.2248/kaolin-valley-dark-theme.el
  kaolin-themes-20241231.2248/kaolin-valley-light-theme.el
 ✓ Success:
  2024-12-31T22:08:30+0000  kaolin-themes-20241104.1.entry
  2024-12-31T22:08:30+0000  kaolin-themes-20241104.1.tar
  2025-01-01T00:29:39+0000  kaolin-themes-20241231.2248.entry
  2025-01-01T00:29:39+0000  kaolin-themes-20241231.2248.tar
Built kaolin-themes in 4.203s, finished at 2025-01-01T00:29:40+0000
