Package: keyword-search
Fetcher: github
Source:  https://github.com/keyword-search/keyword-search

Updating /mnt/store/melpa/working/keyword-search/
Checking out f8475ecaddb8804a9be6bee47678207c86ac8dee
Copying files (->) and directories (=>)
  from /mnt/store/melpa/working/keyword-search/
  to /tmp/keyword-searchgUGUW7/keyword-search-20180424.1102
    keyword-search-extra.el -> keyword-search-extra.el
    keyword-search-mad.el -> keyword-search-mad.el
    keyword-search.el -> keyword-search.el
Created keyword-search-20180424.1102.tar containing:
  keyword-search-20180424.1102/
  keyword-search-20180424.1102/keyword-search-extra.el
  keyword-search-20180424.1102/keyword-search-mad.el
  keyword-search-20180424.1102/keyword-search-pkg.el
  keyword-search-20180424.1102/keyword-search.el
 ✓ Success:
  2025-02-04T22:34:09+0000  keyword-search-20180424.1102.entry
  2025-02-04T22:34:09+0000  keyword-search-20180424.1102.tar
Built keyword-search in 4.015s, finished at 2025-02-04T22:34:10+0000
