Package: kixtart-mode
Fetcher: sourcehut
Source:  https://git.sr.ht/~mew/kixtart-mode

Updating /mnt/store/melpa/working/kixtart-mode/
Checking out ddf0c3b207e5695fbc80fe45374db29f5ea18211
Copying files (->) and directories (=>)
  from /mnt/store/melpa/working/kixtart-mode/
  to /tmp/kixtart-modegBy2to/kixtart-mode-20250806.1656
  ! doc/kixtart-mode.texi -> kixtart-mode.texi
    kixtart-docstrings.el -> kixtart-docstrings.el
    kixtart-mode.el -> kixtart-mode.el
Generating kixtart-mode.info
Created kixtart-mode-20250806.1656.tar containing:
  kixtart-mode-20250806.1656/
  kixtart-mode-20250806.1656/dir
  kixtart-mode-20250806.1656/kixtart-docstrings.el
  kixtart-mode-20250806.1656/kixtart-mode-pkg.el
  kixtart-mode-20250806.1656/kixtart-mode.el
  kixtart-mode-20250806.1656/kixtart-mode.info
 ✓ Success:
  2025-08-11T00:32:16+0000  kixtart-mode-20250806.1656.entry
  2025-08-11T00:32:16+0000  kixtart-mode-20250806.1656.tar
Built kixtart-mode in 8.807s, finished at 2025-08-11T00:32:17+0000
