Package: kotlin-mode
Fetcher: github
Source:  https://github.com/Emacs-Kotlin-Mode-Maintainers/kotlin-mode

Updating /mnt/store/melpa/working/kotlin-mode/
Checking out fddd747e5b4736e8b27a147960f369b86179ddff
Copying files (->) and directories (=>)
  from /mnt/store/melpa/working/kotlin-mode/
  to /tmp/kotlin-modeYZ6JeU/kotlin-mode-20230123.1859
    kotlin-mode-indent.el -> kotlin-mode-indent.el
    kotlin-mode-lexer.el -> kotlin-mode-lexer.el
    kotlin-mode.el -> kotlin-mode.el
Created kotlin-mode-20230123.1859.tar containing:
  kotlin-mode-20230123.1859/
  kotlin-mode-20230123.1859/kotlin-mode-indent.el
  kotlin-mode-20230123.1859/kotlin-mode-lexer.el
  kotlin-mode-20230123.1859/kotlin-mode-pkg.el
  kotlin-mode-20230123.1859/kotlin-mode.el
 ✓ Success:
  2024-10-05T23:39:22+0000  kotlin-mode-20230123.1859.entry
  2024-10-05T23:39:22+0000  kotlin-mode-20230123.1859.tar
Built kotlin-mode in 3.185s, finished at 2024-10-05T23:39:23+0000
