Package: lacquer
Fetcher: github
Source:  https://github.com/zakudriver/lacquer

Updating /mnt/store/melpa/working/lacquer/
Checking out c8a0fb81f18001b3d510f545ba253ed4f9a50f5b
Copying files (->) and directories (=>)
  from /mnt/store/melpa/working/lacquer/
  to /tmp/lacquer3IqZIw/lacquer-20230824.725
    lacquer-automation.el -> lacquer-automation.el
    lacquer-setting.el -> lacquer-setting.el
    lacquer-utils.el -> lacquer-utils.el
    lacquer.el -> lacquer.el
Created lacquer-20230824.725.tar containing:
  lacquer-20230824.725/
  lacquer-20230824.725/lacquer-automation.el
  lacquer-20230824.725/lacquer-pkg.el
  lacquer-20230824.725/lacquer-setting.el
  lacquer-20230824.725/lacquer-utils.el
  lacquer-20230824.725/lacquer.el
 ✓ Success:
  2024-10-27T23:44:46+0000  lacquer-20230824.725.entry
  2024-10-27T23:44:46+0000  lacquer-20230824.725.tar
Built lacquer in 2.642s, finished at 2024-10-27T23:44:47+0000
