Package: lambdapi-mode
Fetcher: github
Source:  https://github.com/Deducteam/lambdapi

Updating /mnt/store/melpa/working/lambdapi-mode/
Checking out c5c337b67771cea1d6a09cefa426941195748da9
Copying files (->) and directories (=>)
  from /mnt/store/melpa/working/lambdapi-mode/
  to /tmp/lambdapi-modezl50T7/lambdapi-mode-20250210.1426
  ! editors/emacs/lambdapi-abbrev.el -> lambdapi-abbrev.el
  ! editors/emacs/lambdapi-capf.el -> lambdapi-capf.el
  ! editors/emacs/lambdapi-input.el -> lambdapi-input.el
  ! editors/emacs/lambdapi-layout.el -> lambdapi-layout.el
  ! editors/emacs/lambdapi-mode.el -> lambdapi-mode.el
  ! editors/emacs/lambdapi-proofs.el -> lambdapi-proofs.el
  ! editors/emacs/lambdapi-smie.el -> lambdapi-smie.el
  ! editors/emacs/lambdapi-vars.el -> lambdapi-vars.el
Created lambdapi-mode-20250210.1426.tar containing:
  lambdapi-mode-20250210.1426/
  lambdapi-mode-20250210.1426/lambdapi-abbrev.el
  lambdapi-mode-20250210.1426/lambdapi-capf.el
  lambdapi-mode-20250210.1426/lambdapi-input.el
  lambdapi-mode-20250210.1426/lambdapi-layout.el
  lambdapi-mode-20250210.1426/lambdapi-mode-pkg.el
  lambdapi-mode-20250210.1426/lambdapi-mode.el
  lambdapi-mode-20250210.1426/lambdapi-proofs.el
  lambdapi-mode-20250210.1426/lambdapi-smie.el
  lambdapi-mode-20250210.1426/lambdapi-vars.el
 ✓ Success:
  2025-02-10T23:52:21+0000  lambdapi-mode-20250210.1426.entry
  2025-02-10T23:52:21+0000  lambdapi-mode-20250210.1426.tar
Built lambdapi-mode in 3.589s, finished at 2025-02-10T23:52:22+0000
