 • Building package languagetool (from github:PillFall/languagetool.el)...
Updating /mnt/store/melpa/working/languagetool/
Checking out fa3c08c369bf53f3311f1f365b54271cf126e4dd
Copying files (->) and directories (=>)
  from /mnt/store/melpa/working/languagetool/
  to /tmp/languagetoolYdSmiR/languagetool-20250924.1813
    languagetool-console.el -> languagetool-console.el
    languagetool-core.el -> languagetool-core.el
    languagetool-correction.el -> languagetool-correction.el
    languagetool-issue.el -> languagetool-issue.el
    languagetool-java.el -> languagetool-java.el
    languagetool-server.el -> languagetool-server.el
    languagetool.el -> languagetool.el
Created languagetool-20250924.1813.tar containing:
  languagetool-20250924.1813/
  languagetool-20250924.1813/languagetool-console.el
  languagetool-20250924.1813/languagetool-core.el
  languagetool-20250924.1813/languagetool-correction.el
  languagetool-20250924.1813/languagetool-issue.el
  languagetool-20250924.1813/languagetool-java.el
  languagetool-20250924.1813/languagetool-pkg.el
  languagetool-20250924.1813/languagetool-server.el
  languagetool-20250924.1813/languagetool.el
 ✓ Success:
  2025-12-15T00:16:26+0000  languagetool-20250924.1813.entry
  2025-12-15T00:16:26+0000  languagetool-20250924.1813.tar
Built languagetool in 3.620s, finished at 2025-12-15T00:16:27+0000
