Package: latex-table-wizard
Fetcher: github
Source:  https://github.com/enricoflor/latex-table-wizard

Updating /mnt/store/melpa/working/latex-table-wizard/
Checking out b55d215dbef321194dbf10553d4c0d3b244a50f0
Copying files (->) and directories (=>)
  from /mnt/store/melpa/working/latex-table-wizard/
  to /tmp/latex-table-wizarda5o4d3/latex-table-wizard-20230903.2104
    latex-table-wizard.el -> latex-table-wizard.el
    latex-table-wizard.info -> latex-table-wizard.info
    latex-table-wizard.texi -> latex-table-wizard.texi
Generating latex-table-wizard.info
Created latex-table-wizard-20230903.2104.tar containing:
  latex-table-wizard-20230903.2104/
  latex-table-wizard-20230903.2104/dir
  latex-table-wizard-20230903.2104/latex-table-wizard-pkg.el
  latex-table-wizard-20230903.2104/latex-table-wizard.el
  latex-table-wizard-20230903.2104/latex-table-wizard.info
 ✓ Success:
  2025-03-19T23:20:20+0000  latex-table-wizard-20230903.2104.entry
  2025-03-19T23:20:20+0000  latex-table-wizard-20230903.2104.tar
Built latex-table-wizard in 5.190s, finished at 2025-03-19T23:20:21+0000
