Package: ledger-mode
Fetcher: github
Source:  https://github.com/ledger/ledger-mode.git

Updating /mnt/store/melpa/working/ledger-mode/
Checking out 34a74306ec9e0f542fd421fd4b7edd2e99d8e94d
Copying files (->) and directories (=>)
  from /mnt/store/melpa/working/ledger-mode/
  to /tmp/ledger-modeiVorTj/ledger-mode-20240324.1619
    ledger-check.el -> ledger-check.el
    ledger-commodities.el -> ledger-commodities.el
    ledger-complete.el -> ledger-complete.el
    ledger-context.el -> ledger-context.el
    ledger-exec.el -> ledger-exec.el
    ledger-flymake.el -> ledger-flymake.el
    ledger-fontify.el -> ledger-fontify.el
    ledger-fonts.el -> ledger-fonts.el
    ledger-init.el -> ledger-init.el
    ledger-mode.el -> ledger-mode.el
    ledger-navigate.el -> ledger-navigate.el
    ledger-occur.el -> ledger-occur.el
    ledger-post.el -> ledger-post.el
    ledger-reconcile.el -> ledger-reconcile.el
    ledger-regex.el -> ledger-regex.el
    ledger-report.el -> ledger-report.el
    ledger-schedule.el -> ledger-schedule.el
    ledger-sort.el -> ledger-sort.el
    ledger-state.el -> ledger-state.el
    ledger-test.el -> ledger-test.el
    ledger-texi.el -> ledger-texi.el
    ledger-xact.el -> ledger-xact.el
  ! doc/ledger-mode.texi -> ledger-mode.texi
Generating /tmp/ledger-modeiVorTj/ledger-mode-20240324.1619/ledger-mode.info
Created ledger-mode-20240324.1619.tar containing:
  ledger-mode-20240324.1619/
  ledger-mode-20240324.1619/dir
  ledger-mode-20240324.1619/ledger-check.el
  ledger-mode-20240324.1619/ledger-commodities.el
  ledger-mode-20240324.1619/ledger-complete.el
  ledger-mode-20240324.1619/ledger-context.el
  ledger-mode-20240324.1619/ledger-exec.el
  ledger-mode-20240324.1619/ledger-flymake.el
  ledger-mode-20240324.1619/ledger-fontify.el
  ledger-mode-20240324.1619/ledger-fonts.el
  ledger-mode-20240324.1619/ledger-init.el
  ledger-mode-20240324.1619/ledger-mode-pkg.el
  ledger-mode-20240324.1619/ledger-mode.el
  ledger-mode-20240324.1619/ledger-mode.info
  ledger-mode-20240324.1619/ledger-navigate.el
  ledger-mode-20240324.1619/ledger-occur.el
  ledger-mode-20240324.1619/ledger-post.el
  ledger-mode-20240324.1619/ledger-reconcile.el
  ledger-mode-20240324.1619/ledger-regex.el
  ledger-mode-20240324.1619/ledger-report.el
  ledger-mode-20240324.1619/ledger-schedule.el
  ledger-mode-20240324.1619/ledger-sort.el
  ledger-mode-20240324.1619/ledger-state.el
  ledger-mode-20240324.1619/ledger-test.el
  ledger-mode-20240324.1619/ledger-texi.el
  ledger-mode-20240324.1619/ledger-xact.el
 ✓ Success:
  2024-03-24T22:50:07+0000  ledger-mode-20240324.1519.entry
  2024-03-24T22:50:07+0000  ledger-mode-20240324.1519.tar
  2024-03-25T00:42:11+0000  ledger-mode-20240324.1619.entry
  2024-03-25T00:42:10+0000  ledger-mode-20240324.1619.tar
Built ledger-mode in 8.445s, finished at 2024-03-25T00:42:13+0000
