Package: liberime
Fetcher: github
Source:  https://github.com/merrickluo/liberime

Updating /mnt/store/melpa/working/liberime/
Checking out 23c0caa1bf73f4e9ab58d52dc46cf21088dc6c54
Copying files (->) and directories (=>)
  from /mnt/store/melpa/working/liberime/
  to /tmp/liberimeNIV5mL/liberime-20240927.141
    liberime.el -> liberime.el
    src => src
    emacs-module => emacs-module
    LICENSE -> LICENSE
    Makefile -> Makefile
    README.org -> README.org
Created liberime-20240927.141.tar containing:
  liberime-20240927.141/
  liberime-20240927.141/LICENSE
  liberime-20240927.141/Makefile
  liberime-20240927.141/README.org
  liberime-20240927.141/emacs-module/
  liberime-20240927.141/emacs-module/26/
  liberime-20240927.141/emacs-module/26/emacs-module.h
  liberime-20240927.141/emacs-module/27/
  liberime-20240927.141/emacs-module/27/emacs-module.h
  liberime-20240927.141/emacs-module/28/
  liberime-20240927.141/emacs-module/28/emacs-module.h
  liberime-20240927.141/emacs-module/29/
  liberime-20240927.141/emacs-module/29/emacs-module.h
  liberime-20240927.141/emacs-module/30/
  liberime-20240927.141/emacs-module/30/emacs-module.h
  liberime-20240927.141/liberime-pkg.el
  liberime-20240927.141/liberime.el
  liberime-20240927.141/src/
  liberime-20240927.141/src/init.c
  liberime-20240927.141/src/interface.c
  liberime-20240927.141/src/interface.h
  liberime-20240927.141/src/liberime-core.c
  liberime-20240927.141/src/liberime-core.h
 ✓ Success:
  2025-01-23T00:17:41+0000  liberime-20240927.141.entry
  2025-01-23T00:17:41+0000  liberime-20240927.141.tar
Built liberime in 4.493s, finished at 2025-01-23T00:17:42+0000
