 • Building package librera-sync (from github:jumper047/librera-sync)...
Updating /mnt/store/melpa/working/librera-sync/
Checking out 19cf9496d71daac67ce4b0ebcdf7f6ac2c3e689a
Copying files (->) and directories (=>)
  from /mnt/store/melpa/working/librera-sync/
  to /tmp/librera-syncMNGcGU/librera-sync-20230902.1006
    librera-sync-doc-view.el -> librera-sync-doc-view.el
    librera-sync-fb2-reader-mode.el -> librera-sync-fb2-reader-mode.el
    librera-sync-pdf-view.el -> librera-sync-pdf-view.el
    librera-sync.el -> librera-sync.el
Created librera-sync-20230902.1006.tar containing:
  librera-sync-20230902.1006/
  librera-sync-20230902.1006/librera-sync-doc-view.el
  librera-sync-20230902.1006/librera-sync-fb2-reader-mode.el
  librera-sync-20230902.1006/librera-sync-pdf-view.el
  librera-sync-20230902.1006/librera-sync-pkg.el
  librera-sync-20230902.1006/librera-sync.el
 ✓ Success:
  2025-12-21T23:52:30+0000  librera-sync-20230902.1006.entry
  2025-12-21T23:52:30+0000  librera-sync-20230902.1006.tar
Built librera-sync in 4.316s, finished at 2025-12-21T23:52:31+0000
