Package: litex-mode
Fetcher: github
Source:  https://github.com/Atreyagaurav/litex-mode

Updating /mnt/store/melpa/working/litex-mode/
Checking out 45004b3a865771799b739d17ebb7849190fffa63
Copying files (->) and directories (=>)
  from /mnt/store/melpa/working/litex-mode/
  to /tmp/litex-modeefbn2Q/litex-mode-20221107.147
    litex-mode.el -> litex-mode.el
    litex-mode.texi -> litex-mode.texi
Generating litex-mode.info
Created litex-mode-20221107.147.tar containing:
  litex-mode-20221107.147/
  litex-mode-20221107.147/dir
  litex-mode-20221107.147/litex-mode-pkg.el
  litex-mode-20221107.147/litex-mode.el
  litex-mode-20221107.147/litex-mode.info
 ✓ Success:
  2025-02-19T00:01:38+0000  litex-mode-20221107.147.entry
  2025-02-19T00:01:38+0000  litex-mode-20221107.147.tar
Built litex-mode in 4.796s, finished at 2025-02-19T00:01:39+0000
