Package: live-py-mode
Fetcher: github
Source:  https://github.com/donkirkby/live-py-plugin.git

Updating /mnt/store/melpa/working/live-py-mode/
Checking out a7529311e9a60b26b562a98f00feeb09ef640afe
Copying files (->) and directories (=>)
  from /mnt/store/melpa/working/live-py-mode/
  to /tmp/live-py-modengR9mu/live-py-mode-20231219.314
  ! emacs-live-py-mode/live-py-mode.el -> live-py-mode.el
  ! plugin/PySrc/space_tracer => space_tracer
Created live-py-mode-20231219.314.tar containing:
  live-py-mode-20231219.314/
  live-py-mode-20231219.314/live-py-mode-pkg.el
  live-py-mode-20231219.314/live-py-mode.el
  live-py-mode-20231219.314/space_tracer/
  live-py-mode-20231219.314/space_tracer/__init__.py
  live-py-mode-20231219.314/space_tracer/__main__.py
  live-py-mode-20231219.314/space_tracer/about.py
  live-py-mode-20231219.314/space_tracer/canvas.py
  live-py-mode-20231219.314/space_tracer/code_tracer.py
  live-py-mode-20231219.314/space_tracer/live_image.py
  live-py-mode-20231219.314/space_tracer/main.py
  live-py-mode-20231219.314/space_tracer/mock_turtle.py
  live-py-mode-20231219.314/space_tracer/module_importers.py
  live-py-mode-20231219.314/space_tracer/py.typed
  live-py-mode-20231219.314/space_tracer/report_builder.py
  live-py-mode-20231219.314/space_tracer/traced_finder.py
 ✓ Success:
  2023-12-25T22:27:22+0000  live-py-mode-20231219.314.entry
  2023-12-25T22:27:22+0000  live-py-mode-20231219.314.tar
Built live-py-mode in 4.455s, finished at 2023-12-25T22:27:24+0000
