Package: loco
Fetcher: github
Source:  https://github.com/csmclaren/loco

Updating /mnt/store/melpa/working/loco/
Checking out fc590068204ae27eef0addfe89071bff2cfe117c
Copying files (->) and directories (=>)
  from /mnt/store/melpa/working/loco/
  to /tmp/lococg988P/loco-20240718.125
    loco.el -> loco.el
    loco.info -> loco.info
Created loco-20240718.125.tar containing:
  loco-20240718.125/
  loco-20240718.125/dir
  loco-20240718.125/loco-pkg.el
  loco-20240718.125/loco.el
  loco-20240718.125/loco.info
 ✓ Success:
  2025-02-16T23:14:48+0000  loco-20240718.125.entry
  2025-02-16T23:14:48+0000  loco-20240718.125.tar
Built loco in 3.331s, finished at 2025-02-16T23:14:49+0000
