Package: lsp-ui
Fetcher: github
Source:  https://github.com/emacs-lsp/lsp-ui

Updating /mnt/store/melpa/working/lsp-ui/
Checking out 9e92f75147599d447f569f20e5bb1b9c8b771181
Copying files (->) and directories (=>)
  from /mnt/store/melpa/working/lsp-ui/
  to /tmp/lsp-uiuJSp5v/lsp-ui-20250803.1341
    lsp-ui-doc.el -> lsp-ui-doc.el
    lsp-ui-flycheck.el -> lsp-ui-flycheck.el
    lsp-ui-imenu.el -> lsp-ui-imenu.el
    lsp-ui-peek.el -> lsp-ui-peek.el
    lsp-ui-sideline.el -> lsp-ui-sideline.el
    lsp-ui-util.el -> lsp-ui-util.el
    lsp-ui.el -> lsp-ui.el
    lsp-ui-doc.html -> lsp-ui-doc.html
    resources => resources
Created lsp-ui-20250803.1341.tar containing:
  lsp-ui-20250803.1341/
  lsp-ui-20250803.1341/lsp-ui-doc.el
  lsp-ui-20250803.1341/lsp-ui-doc.html
  lsp-ui-20250803.1341/lsp-ui-flycheck.el
  lsp-ui-20250803.1341/lsp-ui-imenu.el
  lsp-ui-20250803.1341/lsp-ui-peek.el
  lsp-ui-20250803.1341/lsp-ui-pkg.el
  lsp-ui-20250803.1341/lsp-ui-sideline.el
  lsp-ui-20250803.1341/lsp-ui-util.el
  lsp-ui-20250803.1341/lsp-ui.el
  lsp-ui-20250803.1341/resources/
  lsp-ui-20250803.1341/resources/lightbulb.png
 ✓ Success:
  2025-08-04T00:18:11+0000  lsp-ui-20250803.1341.entry
  2025-08-04T00:18:11+0000  lsp-ui-20250803.1341.tar
Built lsp-ui in 3.740s, finished at 2025-08-04T00:18:12+0000
