Package: lsp-scheme
Fetcher: codeberg
Source:  https://codeberg.org/rgherdt/emacs-lsp-scheme.git

Updating /mnt/store/melpa/working/lsp-scheme/
Checking out 99251252005650d6f39cead8b2b9698c83251f01
Copying files (->) and directories (=>)
  from /mnt/store/melpa/working/lsp-scheme/
  to /tmp/lsp-schemeXL5oj6/lsp-scheme-20230606.1722
    lsp-scheme.el -> lsp-scheme.el
    scripts => scripts
Created lsp-scheme-20230606.1722.tar containing:
  lsp-scheme-20230606.1722/
  lsp-scheme-20230606.1722/lsp-scheme-pkg.el
  lsp-scheme-20230606.1722/lsp-scheme.el
  lsp-scheme-20230606.1722/scripts/
  lsp-scheme-20230606.1722/scripts/install-gambit-lsp-server.sh
  lsp-scheme-20230606.1722/scripts/lsp-server-connect.sh
 ✓ Success:
  2024-04-15T03:15:00+0000  lsp-scheme-20230606.1722.entry
  2024-04-15T03:14:59+0000  lsp-scheme-20230606.1722.tar
Built lsp-scheme in 11.225s, finished at 2024-04-15T03:15:05+0000
