Package: lsp-metals
Fetcher: github
Source:  https://github.com/emacs-lsp/lsp-metals.git

Updating /mnt/store/melpa/working/lsp-metals/
Checking out 01060e9df33bb077ba6bb56ccfebc140aef8f8f3
Copying files (->) and directories (=>)
  from /mnt/store/melpa/working/lsp-metals/
  to /tmp/lsp-metalsruWhLW/lsp-metals-20240413.851
    lsp-metals-protocol.el -> lsp-metals-protocol.el
    lsp-metals-treeview.el -> lsp-metals-treeview.el
    lsp-metals.el -> lsp-metals.el
    icons => icons
Created lsp-metals-20240413.851.tar containing:
  lsp-metals-20240413.851/
  lsp-metals-20240413.851/icons/
  lsp-metals-20240413.851/icons/book-dark.png
  lsp-metals-20240413.851/icons/book-light.png
  lsp-metals-20240413.851/icons/bug-dark.png
  lsp-metals-20240413.851/icons/bug-light.png
  lsp-metals-20240413.851/icons/cancel-dark.png
  lsp-metals-20240413.851/icons/cancel-light.png
  lsp-metals-20240413.851/icons/cascade-dark.png
  lsp-metals-20240413.851/icons/cascade-light.png
  lsp-metals-20240413.851/icons/class.png
  lsp-metals-20240413.851/icons/clean-all-dark.png
  lsp-metals-20240413.851/icons/clean-all-light.png
  lsp-metals-20240413.851/icons/clean-dark.png
  lsp-metals-20240413.851/icons/clean-light.png
  lsp-metals-20240413.851/icons/close-dark.png
  lsp-metals-20240413.851/icons/close-light.png
  lsp-metals-20240413.851/icons/compile-dark.png
  lsp-metals-20240413.851/icons/compile-light.png
  lsp-metals-20240413.851/icons/connect-dark.png
  lsp-metals-20240413.851/icons/connect-light.png
  lsp-metals-20240413.851/icons/debug-stop-dark.png
  lsp-metals-20240413.851/icons/debug-stop-light.png
  lsp-metals-20240413.851/icons/discord-dark.png
  lsp-metals-20240413.851/icons/discord-light.png
  lsp-metals-20240413.851/icons/doctor.png
  lsp-metals-20240413.851/icons/empty-window-dark.png
  lsp-metals-20240413.851/icons/empty-window-light.png
  lsp-metals-20240413.851/icons/enum.png
  lsp-metals-20240413.851/icons/exception-dark.png
  lsp-metals-20240413.851/icons/exception-light.png
  lsp-metals-20240413.851/icons/field.png
  lsp-metals-20240413.851/icons/focus-dark.png
  lsp-metals-20240413.851/icons/focus-light.png
  lsp-metals-20240413.851/icons/github-dark.png
  lsp-metals-20240413.851/icons/github-light.png
  lsp-metals-20240413.851/icons/gitter-dark.png
  lsp-metals-20240413.851/icons/gitter-light.png
  lsp-metals-20240413.851/icons/info-dark.png
  lsp-metals-20240413.851/icons/info-light.png
  lsp-metals-20240413.851/icons/interface.png
  lsp-metals-20240413.851/icons/issue-opened-dark.png
  lsp-metals-20240413.851/icons/issue-opened-light.png
  lsp-metals-20240413.851/icons/location-dark.png
  lsp-metals-20240413.851/icons/location-light.png
  lsp-metals-20240413.851/icons/logo.png
  lsp-metals-20240413.851/icons/method.png
  lsp-metals-20240413.851/icons/object.png
  lsp-metals-20240413.851/icons/sync-dark.png
  lsp-metals-20240413.851/icons/sync-light.png
  lsp-metals-20240413.851/icons/trait.png
  lsp-metals-20240413.851/icons/twitter-dark.png
  lsp-metals-20240413.851/icons/twitter-light.png
  lsp-metals-20240413.851/icons/val.png
  lsp-metals-20240413.851/icons/var.png
  lsp-metals-20240413.851/lsp-metals-pkg.el
  lsp-metals-20240413.851/lsp-metals-protocol.el
  lsp-metals-20240413.851/lsp-metals-treeview.el
  lsp-metals-20240413.851/lsp-metals.el
 ✓ Success:
  2024-05-04T23:51:09+0000  lsp-metals-20240413.851.entry
  2024-05-04T23:51:09+0000  lsp-metals-20240413.851.tar
Built lsp-metals in 5.031s, finished at 2024-05-04T23:51:11+0000
