Package: lsp-dart
Fetcher: github
Source:  https://github.com/emacs-lsp/lsp-dart

Updating /mnt/store/melpa/working/lsp-dart/
Checking out 1f52e81c9371055ff9188117ace81f009d1c79f2
Copying files (->) and directories (=>)
  from /mnt/store/melpa/working/lsp-dart/
  to /tmp/lsp-darto9P8jh/lsp-dart-20240520.1834
    lsp-dart-closing-labels.el -> lsp-dart-closing-labels.el
    lsp-dart-code-lens.el -> lsp-dart-code-lens.el
    lsp-dart-commands.el -> lsp-dart-commands.el
    lsp-dart-dap.el -> lsp-dart-dap.el
    lsp-dart-devtools.el -> lsp-dart-devtools.el
    lsp-dart-flutter-colors.el -> lsp-dart-flutter-colors.el
    lsp-dart-flutter-daemon.el -> lsp-dart-flutter-daemon.el
    lsp-dart-flutter-fringe-colors.el -> lsp-dart-flutter-fringe-colors.el
    lsp-dart-flutter-widget-guide.el -> lsp-dart-flutter-widget-guide.el
    lsp-dart-outline.el -> lsp-dart-outline.el
    lsp-dart-protocol.el -> lsp-dart-protocol.el
    lsp-dart-test-output.el -> lsp-dart-test-output.el
    lsp-dart-test-support.el -> lsp-dart-test-support.el
    lsp-dart-test-tree.el -> lsp-dart-test-tree.el
    lsp-dart-utils.el -> lsp-dart-utils.el
    lsp-dart.el -> lsp-dart.el
Created lsp-dart-20240520.1834.tar containing:
  lsp-dart-20240520.1834/
  lsp-dart-20240520.1834/lsp-dart-closing-labels.el
  lsp-dart-20240520.1834/lsp-dart-code-lens.el
  lsp-dart-20240520.1834/lsp-dart-commands.el
  lsp-dart-20240520.1834/lsp-dart-dap.el
  lsp-dart-20240520.1834/lsp-dart-devtools.el
  lsp-dart-20240520.1834/lsp-dart-flutter-colors.el
  lsp-dart-20240520.1834/lsp-dart-flutter-daemon.el
  lsp-dart-20240520.1834/lsp-dart-flutter-fringe-colors.el
  lsp-dart-20240520.1834/lsp-dart-flutter-widget-guide.el
  lsp-dart-20240520.1834/lsp-dart-outline.el
  lsp-dart-20240520.1834/lsp-dart-pkg.el
  lsp-dart-20240520.1834/lsp-dart-protocol.el
  lsp-dart-20240520.1834/lsp-dart-test-output.el
  lsp-dart-20240520.1834/lsp-dart-test-support.el
  lsp-dart-20240520.1834/lsp-dart-test-tree.el
  lsp-dart-20240520.1834/lsp-dart-utils.el
  lsp-dart-20240520.1834/lsp-dart.el
 ✓ Success:
  2024-10-03T23:49:48+0000  lsp-dart-20240520.1834.entry
  2024-10-03T23:49:48+0000  lsp-dart-20240520.1834.tar
Built lsp-dart in 3.643s, finished at 2024-10-03T23:49:49+0000
