Package: lyrics-fetcher
Fetcher: github
Source:  https://github.com/SqrtMinusOne/lyrics-fetcher.el

Updating /mnt/store/melpa/working/lyrics-fetcher/
Checking out 2686f97830d6ba03e86992e44405fad9ae58981f
Copying files (->) and directories (=>)
  from /mnt/store/melpa/working/lyrics-fetcher/
  to /tmp/lyrics-fetcher58RHUu/lyrics-fetcher-20241222.1620
    lyrics-fetcher-analyze.el -> lyrics-fetcher-analyze.el
    lyrics-fetcher-genius.el -> lyrics-fetcher-genius.el
    lyrics-fetcher-neteasecloud.el -> lyrics-fetcher-neteasecloud.el
    lyrics-fetcher.el -> lyrics-fetcher.el
Created lyrics-fetcher-20241222.1620.tar containing:
  lyrics-fetcher-20241222.1620/
  lyrics-fetcher-20241222.1620/lyrics-fetcher-analyze.el
  lyrics-fetcher-20241222.1620/lyrics-fetcher-genius.el
  lyrics-fetcher-20241222.1620/lyrics-fetcher-neteasecloud.el
  lyrics-fetcher-20241222.1620/lyrics-fetcher-pkg.el
  lyrics-fetcher-20241222.1620/lyrics-fetcher.el
 ✓ Success:
  2025-01-07T23:50:40+0000  lyrics-fetcher-20241222.1620.entry
  2025-01-07T23:50:40+0000  lyrics-fetcher-20241222.1620.tar
Built lyrics-fetcher in 2.811s, finished at 2025-01-07T23:50:41+0000
