Package: m-buffer
Fetcher: github
Source:  https://github.com/phillord/m-buffer-el.git

Updating /mnt/store/melpa/working/m-buffer/
Checking out d2e35bf9293367f1a2d19f259f32a35bd9f4788b
Copying files (->) and directories (=>)
  from /mnt/store/melpa/working/m-buffer/
  to /tmp/m-bufferJaIMGd/m-buffer-20220719.1850
    m-buffer-at.el -> m-buffer-at.el
    m-buffer-macro.el -> m-buffer-macro.el
    m-buffer.el -> m-buffer.el
    m-buffer-doc.org -> m-buffer-doc.org
Created m-buffer-20220719.1850.tar containing:
  m-buffer-20220719.1850/
  m-buffer-20220719.1850/m-buffer-at.el
  m-buffer-20220719.1850/m-buffer-doc.org
  m-buffer-20220719.1850/m-buffer-macro.el
  m-buffer-20220719.1850/m-buffer-pkg.el
  m-buffer-20220719.1850/m-buffer.el
 ✓ Success:
  2024-01-30T07:49:39+0000  m-buffer-20220719.1850.entry
  2024-01-30T07:49:38+0000  m-buffer-20220719.1850.tar
Built m-buffer in 3.712s, finished at 2024-01-30T07:49:40+0000
