Package: macrostep
Fetcher: github
Source:  https://github.com/emacsorphanage/macrostep.git

Updating /mnt/store/melpa/working/macrostep/
Checking out 81fcf3dafb761fed82c8c3b1c2dfe6956b62344d
Copying files (->) and directories (=>)
  from /mnt/store/melpa/working/macrostep/
  to /tmp/macrostepCasQhn/macrostep-20240430.2219
    macrostep-c.el -> macrostep-c.el
    macrostep.el -> macrostep.el
Created macrostep-20240430.2219.tar containing:
  macrostep-20240430.2219/
  macrostep-20240430.2219/macrostep-c.el
  macrostep-20240430.2219/macrostep-pkg.el
  macrostep-20240430.2219/macrostep.el
 ✓ Success:
  2024-04-30T22:18:34+0000  macrostep-20240328.2134.entry
  2024-04-30T22:18:34+0000  macrostep-20240328.2134.tar
  2024-05-01T00:34:46+0000  macrostep-20240430.2219.entry
  2024-05-01T00:34:46+0000  macrostep-20240430.2219.tar
Built macrostep in 4.265s, finished at 2024-05-01T00:34:48+0000
