Package: magit-popup
Fetcher: github
Source:  https://github.com/magit/magit-popup.git

Updating /mnt/store/melpa/working/magit-popup/
Checking out d8585fa39f88956963d877b921322530257ba9f5
Copying files (->) and directories (=>)
  from /mnt/store/melpa/working/magit-popup/
  to /tmp/magit-popupa2kmLh/magit-popup-20200719.1015
    magit-popup.el -> magit-popup.el
    magit-popup.texi -> magit-popup.texi
Generating /tmp/magit-popupa2kmLh/magit-popup-20200719.1015/magit-popup.info
Created magit-popup-20200719.1015.tar containing:
  magit-popup-20200719.1015/
  magit-popup-20200719.1015/dir
  magit-popup-20200719.1015/magit-popup-pkg.el
  magit-popup-20200719.1015/magit-popup.el
  magit-popup-20200719.1015/magit-popup.info
 ✓ Success:
  2024-06-10T23:28:51+0000  magit-popup-20200719.1015.entry
  2024-06-10T23:28:50+0000  magit-popup-20200719.1015.tar
Built magit-popup in 9.278s, finished at 2024-06-10T23:28:53+0000
