Package: magit
Fetcher: github
Source:  https://github.com/magit/magit

Updating /mnt/store/melpa/working/magit/
Checking out 9e13473f28bcad07cb21229c62d887304e0d547b
Copying files (->) and directories (=>)
  from /mnt/store/melpa/working/magit/
  to /tmp/magittTTdN6/magit-20250725.2240
  ! lisp/magit-apply.el -> magit-apply.el
  ! lisp/magit-autorevert.el -> magit-autorevert.el
  ! lisp/magit-base.el -> magit-base.el
  ! lisp/magit-bisect.el -> magit-bisect.el
  ! lisp/magit-blame.el -> magit-blame.el
  ! lisp/magit-bookmark.el -> magit-bookmark.el
  ! lisp/magit-branch.el -> magit-branch.el
  ! lisp/magit-bundle.el -> magit-bundle.el
  ! lisp/magit-clone.el -> magit-clone.el
  ! lisp/magit-commit.el -> magit-commit.el
  ! lisp/magit-core.el -> magit-core.el
  ! lisp/magit-diff.el -> magit-diff.el
  ! lisp/magit-dired.el -> magit-dired.el
  ! lisp/magit-ediff.el -> magit-ediff.el
  ! lisp/magit-extras.el -> magit-extras.el
  ! lisp/magit-fetch.el -> magit-fetch.el
  ! lisp/magit-files.el -> magit-files.el
  ! lisp/magit-git.el -> magit-git.el
  ! lisp/magit-gitignore.el -> magit-gitignore.el
  ! lisp/magit-log.el -> magit-log.el
  ! lisp/magit-margin.el -> magit-margin.el
  ! lisp/magit-merge.el -> magit-merge.el
  ! lisp/magit-mode.el -> magit-mode.el
  ! lisp/magit-notes.el -> magit-notes.el
  ! lisp/magit-patch.el -> magit-patch.el
  ! lisp/magit-process.el -> magit-process.el
  ! lisp/magit-pull.el -> magit-pull.el
  ! lisp/magit-push.el -> magit-push.el
  ! lisp/magit-reflog.el -> magit-reflog.el
  ! lisp/magit-refs.el -> magit-refs.el
  ! lisp/magit-remote.el -> magit-remote.el
  ! lisp/magit-repos.el -> magit-repos.el
  ! lisp/magit-reset.el -> magit-reset.el
  ! lisp/magit-sequence.el -> magit-sequence.el
  ! lisp/magit-sparse-checkout.el -> magit-sparse-checkout.el
  ! lisp/magit-stash.el -> magit-stash.el
  ! lisp/magit-status.el -> magit-status.el
  ! lisp/magit-submodule.el -> magit-submodule.el
  ! lisp/magit-subtree.el -> magit-subtree.el
  ! lisp/magit-tag.el -> magit-tag.el
  ! lisp/magit-transient.el -> magit-transient.el
  ! lisp/magit-wip.el -> magit-wip.el
  ! lisp/magit-worktree.el -> magit-worktree.el
  ! lisp/magit.el -> magit.el
  ! lisp/git-commit.el -> git-commit.el
  ! lisp/git-rebase.el -> git-rebase.el
  ! docs/magit.texi -> magit.texi
  ! docs/AUTHORS.md -> AUTHORS.md
    LICENSE -> LICENSE
    .dir-locals.el -> .dir-locals.el
Generating magit.info
Created magit-20250725.2240.tar containing:
  magit-20250725.2240/
  magit-20250725.2240/.dir-locals.el
  magit-20250725.2240/AUTHORS.md
  magit-20250725.2240/LICENSE
  magit-20250725.2240/dir
  magit-20250725.2240/git-commit.el
  magit-20250725.2240/git-rebase.el
  magit-20250725.2240/magit-apply.el
  magit-20250725.2240/magit-autorevert.el
  magit-20250725.2240/magit-base.el
  magit-20250725.2240/magit-bisect.el
  magit-20250725.2240/magit-blame.el
  magit-20250725.2240/magit-bookmark.el
  magit-20250725.2240/magit-branch.el
  magit-20250725.2240/magit-bundle.el
  magit-20250725.2240/magit-clone.el
  magit-20250725.2240/magit-commit.el
  magit-20250725.2240/magit-core.el
  magit-20250725.2240/magit-diff.el
  magit-20250725.2240/magit-dired.el
  magit-20250725.2240/magit-ediff.el
  magit-20250725.2240/magit-extras.el
  magit-20250725.2240/magit-fetch.el
  magit-20250725.2240/magit-files.el
  magit-20250725.2240/magit-git.el
  magit-20250725.2240/magit-gitignore.el
  magit-20250725.2240/magit-log.el
  magit-20250725.2240/magit-margin.el
  magit-20250725.2240/magit-merge.el
  magit-20250725.2240/magit-mode.el
  magit-20250725.2240/magit-notes.el
  magit-20250725.2240/magit-patch.el
  magit-20250725.2240/magit-pkg.el
  magit-20250725.2240/magit-process.el
  magit-20250725.2240/magit-pull.el
  magit-20250725.2240/magit-push.el
  magit-20250725.2240/magit-reflog.el
  magit-20250725.2240/magit-refs.el
  magit-20250725.2240/magit-remote.el
  magit-20250725.2240/magit-repos.el
  magit-20250725.2240/magit-reset.el
  magit-20250725.2240/magit-sequence.el
  magit-20250725.2240/magit-sparse-checkout.el
  magit-20250725.2240/magit-stash.el
  magit-20250725.2240/magit-status.el
  magit-20250725.2240/magit-submodule.el
  magit-20250725.2240/magit-subtree.el
  magit-20250725.2240/magit-tag.el
  magit-20250725.2240/magit-transient.el
  magit-20250725.2240/magit-wip.el
  magit-20250725.2240/magit-worktree.el
  magit-20250725.2240/magit.el
  magit-20250725.2240/magit.info
 ✓ Success:
  2025-07-28T00:53:30+0000  magit-20250725.2240.entry
  2025-07-28T00:53:30+0000  magit-20250725.2240.tar
Built magit in 11.768s, finished at 2025-07-28T00:53:31+0000
