Package: magik-company
Fetcher: github
Source:  https://github.com/reinierkof/magik-company

Updating /mnt/store/melpa/working/magik-company/
Checking out db00024a7212dc6af674a9ce27c1a15a29d484e8
Copying files (->) and directories (=>)
  from /mnt/store/melpa/working/magik-company/
  to /tmp/magik-companyT4JWml/magik-company-20250822.1442
    magik-company-annotation.el -> magik-company-annotation.el
    magik-company-buffer-cache.el -> magik-company-buffer-cache.el
    magik-company-cb-cache.el -> magik-company-cb-cache.el
    magik-company-cb.el -> magik-company-cb.el
    magik-company-exemplar-types.el -> magik-company-exemplar-types.el
    magik-company-extras.el -> magik-company-extras.el
    magik-company-prefixes.el -> magik-company-prefixes.el
    magik-company-treesitter-extras.el -> magik-company-treesitter-extras.el
    magik-company-yasnippet-handling.el -> magik-company-yasnippet-handling.el
    magik-company.el -> magik-company.el
Created magik-company-20250822.1442.tar containing:
  magik-company-20250822.1442/
  magik-company-20250822.1442/magik-company-annotation.el
  magik-company-20250822.1442/magik-company-buffer-cache.el
  magik-company-20250822.1442/magik-company-cb-cache.el
  magik-company-20250822.1442/magik-company-cb.el
  magik-company-20250822.1442/magik-company-exemplar-types.el
  magik-company-20250822.1442/magik-company-extras.el
  magik-company-20250822.1442/magik-company-pkg.el
  magik-company-20250822.1442/magik-company-prefixes.el
  magik-company-20250822.1442/magik-company-treesitter-extras.el
  magik-company-20250822.1442/magik-company-yasnippet-handling.el
  magik-company-20250822.1442/magik-company.el
 ✓ Success:
  2025-09-08T01:50:14+0000  magik-company-20250822.1442.entry
  2025-09-08T01:50:14+0000  magik-company-20250822.1442.tar
Built magik-company in 2.786s, finished at 2025-09-08T01:50:15+0000
