Package: magma-mode
Fetcher: github
Source:  https://github.com/ThibautVerron/magma-mode.git

Updating /mnt/store/melpa/working/magma-mode/
Checking out 11428d18ce3742334923d14ff2a8f493e7bd5ef0
Copying files (->) and directories (=>)
  from /mnt/store/melpa/working/magma-mode/
  to /tmp/magma-modeInaKNk/magma-mode-20211018.917
    magma-completion.el -> magma-completion.el
    magma-extra.el -> magma-extra.el
    magma-font-lock.el -> magma-font-lock.el
    magma-interactive.el -> magma-interactive.el
    magma-mode.el -> magma-mode.el
    magma-q.el -> magma-q.el
    magma-scan.el -> magma-scan.el
    magma-smie.el -> magma-smie.el
    magma-snippets.el -> magma-snippets.el
    magma-vars.el -> magma-vars.el
    snippets => snippets
    data/magma_symbols.txt -> data/magma_symbols.txt
    bin/build_completion_table.sh -> bin/build_completion_table.sh
Created magma-mode-20211018.917.tar containing:
  magma-mode-20211018.917/
  magma-mode-20211018.917/bin/
  magma-mode-20211018.917/bin/build_completion_table.sh
  magma-mode-20211018.917/data/
  magma-mode-20211018.917/data/magma_symbols.txt
  magma-mode-20211018.917/magma-completion.el
  magma-mode-20211018.917/magma-extra.el
  magma-mode-20211018.917/magma-font-lock.el
  magma-mode-20211018.917/magma-interactive.el
  magma-mode-20211018.917/magma-mode-pkg.el
  magma-mode-20211018.917/magma-mode.el
  magma-mode-20211018.917/magma-q.el
  magma-mode-20211018.917/magma-scan.el
  magma-mode-20211018.917/magma-smie.el
  magma-mode-20211018.917/magma-snippets.el
  magma-mode-20211018.917/magma-vars.el
  magma-mode-20211018.917/snippets/
  magma-mode-20211018.917/snippets/magma-mode/
  magma-mode-20211018.917/snippets/magma-mode/for.yasnippet
  magma-mode-20211018.917/snippets/magma-mode/function.yasnippet
  magma-mode-20211018.917/snippets/magma-mode/if.yasnippet
  magma-mode-20211018.917/snippets/magma-mode/load.yasnippet
  magma-mode-20211018.917/snippets/magma-mode/proc.yasnippet
  magma-mode-20211018.917/snippets/magma-mode/try.yasnippet
  magma-mode-20211018.917/snippets/magma-mode/while.yasnippet
 ✓ Success:
  2024-03-29T23:37:50+0000  magma-mode-20211018.917.entry
  2024-03-29T23:37:50+0000  magma-mode-20211018.917.tar
Built magma-mode in 3.571s, finished at 2024-03-29T23:37:51+0000
