Package: magrant
Fetcher: github
Source:  https://github.com/p3r7/magrant.git

Updating /mnt/store/melpa/working/magrant/
Checking out 6309c001355126e3ade79493479b517925943d17
Copying files (->) and directories (=>)
  from /mnt/store/melpa/working/magrant/
  to /tmp/magrant4p3tpg/magrant-20210706.1438
    magrant-box.el -> magrant-box.el
    magrant-core.el -> magrant-core.el
    magrant-faces.el -> magrant-faces.el
    magrant-machine.el -> magrant-machine.el
    magrant-utils.el -> magrant-utils.el
    magrant.el -> magrant.el
Created magrant-20210706.1438.tar containing:
  magrant-20210706.1438/
  magrant-20210706.1438/magrant-box.el
  magrant-20210706.1438/magrant-core.el
  magrant-20210706.1438/magrant-faces.el
  magrant-20210706.1438/magrant-machine.el
  magrant-20210706.1438/magrant-pkg.el
  magrant-20210706.1438/magrant-utils.el
  magrant-20210706.1438/magrant.el
 ✓ Success:
  2024-01-18T15:57:42+0000  magrant-20210706.1438.entry
  2024-01-18T15:57:42+0000  magrant-20210706.1438.tar
Built magrant in 3.537s, finished at 2024-01-18T15:57:43+0000
