Package: majapahit-themes
Fetcher: github
Source:  https://github.com/emacsmirror/majapahit-themes.git

Updating /mnt/store/melpa/working/majapahit-themes/
Checking out 7200f16f0fd4cc18e8c7d82b62cc351b610609af
Copying files (->) and directories (=>)
  from /mnt/store/melpa/working/majapahit-themes/
  to /tmp/majapahit-themesxmX2Fs/majapahit-themes-20221207.121
    majapahit-dark-theme.el -> majapahit-dark-theme.el
    majapahit-light-theme.el -> majapahit-light-theme.el
    majapahit-theme.el -> majapahit-theme.el
    majapahit-themes-pkg.el -> majapahit-themes-pkg.el
    majapahit-themes.el -> majapahit-themes.el
Created majapahit-themes-20221207.121.tar containing:
  majapahit-themes-20221207.121/
  majapahit-themes-20221207.121/majapahit-dark-theme.el
  majapahit-themes-20221207.121/majapahit-light-theme.el
  majapahit-themes-20221207.121/majapahit-theme.el
  majapahit-themes-20221207.121/majapahit-themes-pkg.el
  majapahit-themes-20221207.121/majapahit-themes.el
 ✓ Success:
  2024-08-19T23:22:51+0000  majapahit-themes-20221207.121.entry
  2024-08-19T23:22:50+0000  majapahit-themes-20221207.121.tar
Built majapahit-themes in 2.944s, finished at 2024-08-19T23:22:52+0000
