Package: mark-multiple
Fetcher: github
Source:  https://github.com/magnars/mark-multiple.el.git

Updating /mnt/store/melpa/working/mark-multiple/
Checking out f6a53c7c5283d640ae718f4548b0fda78877a375
Copying files (->) and directories (=>)
  from /mnt/store/melpa/working/mark-multiple/
  to /tmp/mark-multiplenPHc7p/mark-multiple-20121118.1554
    inline-string-rectangle.el -> inline-string-rectangle.el
    mark-more-like-this.el -> mark-more-like-this.el
    mark-multiple-pkg.el -> mark-multiple-pkg.el
    mark-multiple.el -> mark-multiple.el
    mm-pabbrev-integration.el -> mm-pabbrev-integration.el
    rename-sgml-tag.el -> rename-sgml-tag.el
Created mark-multiple-20121118.1554.tar containing:
  mark-multiple-20121118.1554/
  mark-multiple-20121118.1554/inline-string-rectangle.el
  mark-multiple-20121118.1554/mark-more-like-this.el
  mark-multiple-20121118.1554/mark-multiple-pkg.el
  mark-multiple-20121118.1554/mark-multiple.el
  mark-multiple-20121118.1554/mm-pabbrev-integration.el
  mark-multiple-20121118.1554/rename-sgml-tag.el
 ✓ Success:
  2024-04-02T07:46:40+0000  mark-multiple-20121118.1554.entry
  2024-04-02T07:46:40+0000  mark-multiple-20121118.1554.tar
Built mark-multiple in 3.296s, finished at 2024-04-02T07:46:41+0000
