 • Building package mason (from github:deirn/mason.el)...
Updating /mnt/store/melpa/working/mason/
Checking out 3d3bc83bbb364f913b7bfd3f198048ba4a57f06f
Copying files (->) and directories (=>)
  from /mnt/store/melpa/working/mason/
  to /tmp/mason0tSpfw/mason-20251212.2009
    mason-basic.el -> mason-basic.el
    mason-info.el -> mason-info.el
    mason-manager.el -> mason-manager.el
    mason.el -> mason.el
Created mason-20251212.2009.tar containing:
  mason-20251212.2009/
  mason-20251212.2009/mason-basic.el
  mason-20251212.2009/mason-info.el
  mason-20251212.2009/mason-manager.el
  mason-20251212.2009/mason-pkg.el
  mason-20251212.2009/mason.el
 ✓ Success:
  2025-12-21T23:55:26+0000  mason-20251212.2009.entry
  2025-12-21T23:55:26+0000  mason-20251212.2009.tar
Built mason in 2.792s, finished at 2025-12-21T23:55:27+0000
