Package: mastodon
Fetcher: codeberg
Source:  https://codeberg.org/martianh/mastodon.el

Updating /mnt/store/melpa/working/mastodon/
Checking out e2443f1cd425b31228e87739d1fc5035640bba06
Copying files (->) and directories (=>)
  from /mnt/store/melpa/working/mastodon/
  to /tmp/mastodonEvRKlL/mastodon-20241223.1040
  ! lisp/mastodon-async.el -> mastodon-async.el
  ! lisp/mastodon-auth.el -> mastodon-auth.el
  ! lisp/mastodon-client.el -> mastodon-client.el
  ! lisp/mastodon-discover.el -> mastodon-discover.el
  ! lisp/mastodon-http.el -> mastodon-http.el
  ! lisp/mastodon-inspect.el -> mastodon-inspect.el
  ! lisp/mastodon-iso.el -> mastodon-iso.el
  ! lisp/mastodon-media.el -> mastodon-media.el
  ! lisp/mastodon-notifications.el -> mastodon-notifications.el
  ! lisp/mastodon-profile.el -> mastodon-profile.el
  ! lisp/mastodon-search.el -> mastodon-search.el
  ! lisp/mastodon-tl.el -> mastodon-tl.el
  ! lisp/mastodon-toot.el -> mastodon-toot.el
  ! lisp/mastodon-transient.el -> mastodon-transient.el
  ! lisp/mastodon-views.el -> mastodon-views.el
  ! lisp/mastodon-widget.el -> mastodon-widget.el
  ! lisp/mastodon.el -> mastodon.el
    dir -> dir
    mastodon.info -> mastodon.info
    mastodon.texi -> mastodon.texi
