Package: math-tex-convert
Fetcher: github
Source:  https://github.com/enricoflor/math-tex-convert

Updating /mnt/store/melpa/working/math-tex-convert/
Checking out 8b174d05e8e5269322a1ee90f94cf1ed018d4976
Copying files (->) and directories (=>)
  from /mnt/store/melpa/working/math-tex-convert/
  to /tmp/math-tex-convertElCdjQ/math-tex-convert-20221210.1937
    math-tex-convert.el -> math-tex-convert.el
    math-tex-convert.info -> math-tex-convert.info
    math-tex-convert.texi -> math-tex-convert.texi
Generating math-tex-convert.info
Created math-tex-convert-20221210.1937.tar containing:
  math-tex-convert-20221210.1937/
  math-tex-convert-20221210.1937/dir
  math-tex-convert-20221210.1937/math-tex-convert-pkg.el
  math-tex-convert-20221210.1937/math-tex-convert.el
  math-tex-convert-20221210.1937/math-tex-convert.info
 ✓ Success:
  2024-12-14T00:24:57+0000  math-tex-convert-20221210.1937.entry
  2024-12-14T00:24:57+0000  math-tex-convert-20221210.1937.tar
Built math-tex-convert in 6.399s, finished at 2024-12-14T00:24:59+0000
