 • Building package maxima (from gitlab:sasanidas/maxima)...
Updating /mnt/store/melpa/working/maxima/
Checking out 2de798f6644753772553cd0420d3c419ed50dd0b
Copying files (->) and directories (=>)
  from /mnt/store/melpa/working/maxima/
  to /tmp/maximaHYvlnt/maxima-20230529.1658
    maxima.el -> maxima.el
    maxima-font-lock.el -> maxima-font-lock.el
    keywords/constants -> keywords/constants
    keywords/functions -> keywords/functions
    keywords/global -> keywords/global
    keywords/graphic -> keywords/graphic
    keywords/object -> keywords/object
    keywords/operators -> keywords/operators
    keywords/options -> keywords/options
    keywords/plot -> keywords/plot
    keywords/properties -> keywords/properties
    keywords/scene -> keywords/scene
    keywords/special -> keywords/special
    keywords/system_variables -> keywords/system_variables
Created maxima-20230529.1658.tar containing:
  maxima-20230529.1658/
  maxima-20230529.1658/keywords/
  maxima-20230529.1658/keywords/constants
  maxima-20230529.1658/keywords/functions
  maxima-20230529.1658/keywords/global
  maxima-20230529.1658/keywords/graphic
  maxima-20230529.1658/keywords/object
  maxima-20230529.1658/keywords/operators
  maxima-20230529.1658/keywords/options
  maxima-20230529.1658/keywords/plot
  maxima-20230529.1658/keywords/properties
  maxima-20230529.1658/keywords/scene
  maxima-20230529.1658/keywords/special
  maxima-20230529.1658/keywords/system_variables
  maxima-20230529.1658/maxima-font-lock.el
  maxima-20230529.1658/maxima-pkg.el
  maxima-20230529.1658/maxima.el
 ✓ Success:
  2025-12-08T00:21:42+0000  maxima-20230529.1658.entry
  2025-12-08T00:21:42+0000  maxima-20230529.1658.tar
Built maxima in 3.728s, finished at 2025-12-08T00:21:43+0000
