Package: meow-tree-sitter
Fetcher: github
Source:  https://github.com/skissue/meow-tree-sitter

Updating /mnt/store/melpa/working/meow-tree-sitter/
Checking out d8dce964fac631a6d44b650a733075e14854159c
Copying files (->) and directories (=>)
  from /mnt/store/melpa/working/meow-tree-sitter/
  to /tmp/meow-tree-sitterjqBAFd/meow-tree-sitter-20240701.1422
    meow-tree-sitter.el -> meow-tree-sitter.el
    queries => queries
Created meow-tree-sitter-20240701.1422.tar containing:
  meow-tree-sitter-20240701.1422/
  meow-tree-sitter-20240701.1422/meow-tree-sitter-pkg.el
  meow-tree-sitter-20240701.1422/meow-tree-sitter.el
  meow-tree-sitter-20240701.1422/queries/
  meow-tree-sitter-20240701.1422/queries/_typescript.scm
  meow-tree-sitter-20240701.1422/queries/ada.scm
  meow-tree-sitter-20240701.1422/queries/adl.scm
  meow-tree-sitter-20240701.1422/queries/awk.scm
  meow-tree-sitter-20240701.1422/queries/bash.scm
  meow-tree-sitter-20240701.1422/queries/c-sharp.scm
  meow-tree-sitter-20240701.1422/queries/c.scm
  meow-tree-sitter-20240701.1422/queries/cairo.scm
  meow-tree-sitter-20240701.1422/queries/cmake.scm
  meow-tree-sitter-20240701.1422/queries/cpp.scm
  meow-tree-sitter-20240701.1422/queries/crystal.scm
  meow-tree-sitter-20240701.1422/queries/d.scm
  meow-tree-sitter-20240701.1422/queries/dart.scm
  meow-tree-sitter-20240701.1422/queries/dhall.scm
  meow-tree-sitter-20240701.1422/queries/earthfile.scm
  meow-tree-sitter-20240701.1422/queries/ecma.scm
  meow-tree-sitter-20240701.1422/queries/elixir.scm
  meow-tree-sitter-20240701.1422/queries/elm.scm
  meow-tree-sitter-20240701.1422/queries/erlang.scm
  meow-tree-sitter-20240701.1422/queries/fish.scm
  meow-tree-sitter-20240701.1422/queries/gas.scm
  meow-tree-sitter-20240701.1422/queries/gdscript.scm
  meow-tree-sitter-20240701.1422/queries/git-commit.scm
  meow-tree-sitter-20240701.1422/queries/gjs.scm
  meow-tree-sitter-20240701.1422/queries/gleam.scm
  meow-tree-sitter-20240701.1422/queries/glsl.scm
  meow-tree-sitter-20240701.1422/queries/go.scm
  meow-tree-sitter-20240701.1422/queries/graphql.scm
  meow-tree-sitter-20240701.1422/queries/gts.scm
  meow-tree-sitter-20240701.1422/queries/haskell.scm
  meow-tree-sitter-20240701.1422/queries/hcl.scm
  meow-tree-sitter-20240701.1422/queries/heex.scm
  meow-tree-sitter-20240701.1422/queries/hurl.scm
  meow-tree-sitter-20240701.1422/queries/inko.scm
  meow-tree-sitter-20240701.1422/queries/java.scm
  meow-tree-sitter-20240701.1422/queries/javascript.scm
  meow-tree-sitter-20240701.1422/queries/json.scm
  meow-tree-sitter-20240701.1422/queries/jsx.scm
  meow-tree-sitter-20240701.1422/queries/julia.scm
  meow-tree-sitter-20240701.1422/queries/just.scm
  meow-tree-sitter-20240701.1422/queries/kdl.scm
  meow-tree-sitter-20240701.1422/queries/latex.scm
  meow-tree-sitter-20240701.1422/queries/llvm-mir.scm
  meow-tree-sitter-20240701.1422/queries/llvm.scm
  meow-tree-sitter-20240701.1422/queries/lua.scm
  meow-tree-sitter-20240701.1422/queries/matlab.scm
  meow-tree-sitter-20240701.1422/queries/mojo.scm
  meow-tree-sitter-20240701.1422/queries/nasm.scm
  meow-tree-sitter-20240701.1422/queries/nim.scm
  meow-tree-sitter-20240701.1422/queries/nix.scm
  meow-tree-sitter-20240701.1422/queries/ohm.scm
  meow-tree-sitter-20240701.1422/queries/opencl.scm
  meow-tree-sitter-20240701.1422/queries/pascal.scm
  meow-tree-sitter-20240701.1422/queries/perl.scm
  meow-tree-sitter-20240701.1422/queries/pest.scm
  meow-tree-sitter-20240701.1422/queries/php.scm
  meow-tree-sitter-20240701.1422/queries/pkgbuild.scm
  meow-tree-sitter-20240701.1422/queries/po.scm
  meow-tree-sitter-20240701.1422/queries/ponylang.scm
  meow-tree-sitter-20240701.1422/queries/protobuf.scm
  meow-tree-sitter-20240701.1422/queries/purescript.scm
  meow-tree-sitter-20240701.1422/queries/python.scm
  meow-tree-sitter-20240701.1422/queries/rescript.scm
  meow-tree-sitter-20240701.1422/queries/ruby.scm
  meow-tree-sitter-20240701.1422/queries/rust.scm
  meow-tree-sitter-20240701.1422/queries/sage.scm
  meow-tree-sitter-20240701.1422/queries/scala.scm
  meow-tree-sitter-20240701.1422/queries/slint.scm
  meow-tree-sitter-20240701.1422/queries/solidity.scm
  meow-tree-sitter-20240701.1422/queries/starlark.scm
  meow-tree-sitter-20240701.1422/queries/sway.scm
  meow-tree-sitter-20240701.1422/queries/tablegen.scm
  meow-tree-sitter-20240701.1422/queries/tact.scm
  meow-tree-sitter-20240701.1422/queries/toml.scm
  meow-tree-sitter-20240701.1422/queries/tsx.scm
  meow-tree-sitter-20240701.1422/queries/typescript.scm
  meow-tree-sitter-20240701.1422/queries/v.scm
  meow-tree-sitter-20240701.1422/queries/vala.scm
  meow-tree-sitter-20240701.1422/queries/verilog.scm
  meow-tree-sitter-20240701.1422/queries/wren.scm
  meow-tree-sitter-20240701.1422/queries/zig.scm
 ✓ Success:
  2024-10-03T23:51:48+0000  meow-tree-sitter-20240701.1422.entry
  2024-10-03T23:51:48+0000  meow-tree-sitter-20240701.1422.tar
Built meow-tree-sitter in 3.107s, finished at 2024-10-03T23:51:49+0000
