Package: merlin
Fetcher: github
Source:  https://github.com/ocaml/merlin

Updating /mnt/store/melpa/working/merlin/
Checking out 80e919cf32a62acdaee95a5dab9b4bc18a8b4034
Copying files (->) and directories (=>)
  from /mnt/store/melpa/working/merlin/
  to /tmp/merlin6c5shb/merlin-20240925.900
  ! emacs/merlin-cap.el -> merlin-cap.el
  ! emacs/merlin-imenu.el -> merlin-imenu.el
  ! emacs/merlin-xref.el -> merlin-xref.el
  ! emacs/merlin.el -> merlin.el
Created merlin-20240925.900.tar containing:
  merlin-20240925.900/
  merlin-20240925.900/merlin-cap.el
  merlin-20240925.900/merlin-imenu.el
  merlin-20240925.900/merlin-pkg.el
  merlin-20240925.900/merlin-xref.el
  merlin-20240925.900/merlin.el
 ✓ Success:
  2025-05-19T00:14:44+0000  merlin-20240925.900.entry
  2025-05-19T00:14:44+0000  merlin-20240925.900.tar
Built merlin in 5.252s, finished at 2025-05-19T00:14:45+0000
