Package: metronome
Fetcher: sourcehut
Source:  https://git.sr.ht/~jagrg/metronome

Updating /mnt/store/melpa/working/metronome/
Checking out 4811b54d800d1bb69fd501ffeab3adf86978362d
Copying files (->) and directories (=>)
  from /mnt/store/melpa/working/metronome/
  to /tmp/metronomeQKc6LB/metronome-20230515.1850
    metronome.el -> metronome.el
    sounds => sounds
Created metronome-20230515.1850.tar containing:
  metronome-20230515.1850/
  metronome-20230515.1850/metronome-pkg.el
  metronome-20230515.1850/metronome.el
  metronome-20230515.1850/sounds/
  metronome-20230515.1850/sounds/high.wav
  metronome-20230515.1850/sounds/low.wav
 ✓ Success:
  2025-03-07T22:20:21+0000  metronome-20230515.1850.entry
  2025-03-07T22:20:21+0000  metronome-20230515.1850.tar
Built metronome in 3.695s, finished at 2025-03-07T22:20:22+0000
