Package: mhc
Fetcher: github
Source:  https://github.com/yoshinari-nomura/mhc

Updating /mnt/store/melpa/working/mhc/
Checking out b527a88748651d06222ad24f7417941088515275
Copying files (->) and directories (=>)
  from /mnt/store/melpa/working/mhc/
  to /tmp/mhcfX7w33/mhc-20240419.10
  ! emacs/mhc-calendar.el -> mhc-calendar.el
  ! emacs/mhc-calfw.el -> mhc-calfw.el
  ! emacs/mhc-compat.el -> mhc-compat.el
  ! emacs/mhc-date.el -> mhc-date.el
  ! emacs/mhc-day.el -> mhc-day.el
  ! emacs/mhc-db.el -> mhc-db.el
  ! emacs/mhc-draft.el -> mhc-draft.el
  ! emacs/mhc-e21.el -> mhc-e21.el
  ! emacs/mhc-face.el -> mhc-face.el
  ! emacs/mhc-file.el -> mhc-file.el
  ! emacs/mhc-guess.el -> mhc-guess.el
  ! emacs/mhc-header.el -> mhc-header.el
  ! emacs/mhc-logic.el -> mhc-logic.el
  ! emacs/mhc-message.el -> mhc-message.el
  ! emacs/mhc-minibuf.el -> mhc-minibuf.el
  ! emacs/mhc-misc.el -> mhc-misc.el
  ! emacs/mhc-parse.el -> mhc-parse.el
  ! emacs/mhc-process.el -> mhc-process.el
  ! emacs/mhc-ps.el -> mhc-ps.el
  ! emacs/mhc-record.el -> mhc-record.el
  ! emacs/mhc-schedule.el -> mhc-schedule.el
  ! emacs/mhc-summary.el -> mhc-summary.el
  ! emacs/mhc-sync.el -> mhc-sync.el
  ! emacs/mhc-vars.el -> mhc-vars.el
  ! emacs/mhc.el -> mhc.el
Created mhc-20240419.10.tar containing:
  mhc-20240419.10/
  mhc-20240419.10/mhc-calendar.el
  mhc-20240419.10/mhc-calfw.el
  mhc-20240419.10/mhc-compat.el
  mhc-20240419.10/mhc-date.el
  mhc-20240419.10/mhc-day.el
  mhc-20240419.10/mhc-db.el
  mhc-20240419.10/mhc-draft.el
  mhc-20240419.10/mhc-e21.el
  mhc-20240419.10/mhc-face.el
  mhc-20240419.10/mhc-file.el
  mhc-20240419.10/mhc-guess.el
  mhc-20240419.10/mhc-header.el
  mhc-20240419.10/mhc-logic.el
  mhc-20240419.10/mhc-message.el
  mhc-20240419.10/mhc-minibuf.el
  mhc-20240419.10/mhc-misc.el
  mhc-20240419.10/mhc-parse.el
  mhc-20240419.10/mhc-pkg.el
  mhc-20240419.10/mhc-process.el
  mhc-20240419.10/mhc-ps.el
  mhc-20240419.10/mhc-record.el
  mhc-20240419.10/mhc-schedule.el
  mhc-20240419.10/mhc-summary.el
  mhc-20240419.10/mhc-sync.el
  mhc-20240419.10/mhc-vars.el
  mhc-20240419.10/mhc.el
 ✓ Success:
  2024-10-05T23:43:44+0000  mhc-20240419.10.entry
  2024-10-05T23:43:44+0000  mhc-20240419.10.tar
Built mhc in 5.800s, finished at 2024-10-05T23:43:45+0000
