Package: mic
Fetcher: github
Source:  https://github.com/ROCKTAKEY/mic.git

Updating /mnt/store/melpa/working/mic/
Checking out f552ddf397e899e9c2b96ef4e56a08cc8804a1c5
Copying files (->) and directories (=>)
  from /mnt/store/melpa/working/mic/
  to /tmp/micCb0tGx/mic-20240806.1655
    mic-adapter.el -> mic-adapter.el
    mic-deffilter.el -> mic-deffilter.el
    mic-definputter.el -> mic-definputter.el
    mic-filter.el -> mic-filter.el
    mic-utils.el -> mic-utils.el
    mic.el -> mic.el
Created mic-20240806.1655.tar containing:
  mic-20240806.1655/
  mic-20240806.1655/mic-adapter.el
  mic-20240806.1655/mic-deffilter.el
  mic-20240806.1655/mic-definputter.el
  mic-20240806.1655/mic-filter.el
  mic-20240806.1655/mic-pkg.el
  mic-20240806.1655/mic-utils.el
  mic-20240806.1655/mic.el
 ✓ Success:
  2024-08-24T23:37:47+0000  mic-20240806.1655.entry
  2024-08-24T23:37:46+0000  mic-20240806.1655.tar
Built mic in 3.152s, finished at 2024-08-24T23:37:48+0000
