Package: mindstream
Fetcher: github
Source:  https://github.com/countvajhula/mindstream.git

Updating /mnt/store/melpa/working/mindstream/
Checking out 7db93414305d34c4e51e04b6b9c109d6f3941868
Copying files (->) and directories (=>)
  from /mnt/store/melpa/working/mindstream/
  to /tmp/mindstreamawnOuK/mindstream-20240507.2339
    mindstream-backend.el -> mindstream-backend.el
    mindstream-custom.el -> mindstream-custom.el
    mindstream-session.el -> mindstream-session.el
    mindstream-util.el -> mindstream-util.el
    mindstream.el -> mindstream.el
Created mindstream-20240507.2339.tar containing:
  mindstream-20240507.2339/
  mindstream-20240507.2339/mindstream-backend.el
  mindstream-20240507.2339/mindstream-custom.el
  mindstream-20240507.2339/mindstream-pkg.el
  mindstream-20240507.2339/mindstream-session.el
  mindstream-20240507.2339/mindstream-util.el
  mindstream-20240507.2339/mindstream.el
 ✓ Success:
  2024-05-07T22:41:37+0000  mindstream-20240507.2035.entry
  2024-05-07T22:41:37+0000  mindstream-20240507.2035.tar
  2024-05-08T00:12:39+0000  mindstream-20240507.2339.entry
  2024-05-08T00:12:39+0000  mindstream-20240507.2339.tar
Built mindstream in 5.305s, finished at 2024-05-08T00:12:41+0000
