Package: mini-echo
Fetcher: github
Source:  https://github.com/liuyinz/mini-echo.el.git

Updating /mnt/store/melpa/working/mini-echo/
Checking out ddb25108bb09b61461aba582df97f16725de6a23
Copying files (->) and directories (=>)
  from /mnt/store/melpa/working/mini-echo/
  to /tmp/mini-echosf0bKY/mini-echo-20240902.2214
    mini-echo-segments.el -> mini-echo-segments.el
    mini-echo.el -> mini-echo.el
Created mini-echo-20240902.2214.tar containing:
  mini-echo-20240902.2214/
  mini-echo-20240902.2214/mini-echo-pkg.el
  mini-echo-20240902.2214/mini-echo-segments.el
  mini-echo-20240902.2214/mini-echo.el
 ✓ Success:
  2024-09-02T23:21:26+0000  mini-echo-20240902.2214.entry
  2024-09-02T23:21:26+0000  mini-echo-20240902.2214.tar
  2024-09-02T21:37:27+0000  mini-echo-20240902.229.entry
  2024-09-02T21:37:27+0000  mini-echo-20240902.229.tar
Built mini-echo in 4.854s, finished at 2024-09-02T23:21:28+0000
