Package: mistty
Fetcher: github
Source:  https://github.com/szermatt/mistty

Updating /mnt/store/melpa/working/mistty/
Checking out 3a75e33a257f14d15c8bfdefc4694a11376ed040
Copying files (->) and directories (=>)
  from /mnt/store/melpa/working/mistty/
  to /tmp/misttySh6QXq/mistty-20250316.2045
    mistty-changeset.el -> mistty-changeset.el
    mistty-launch.el -> mistty-launch.el
    mistty-log.el -> mistty-log.el
    mistty-osc-colors.el -> mistty-osc-colors.el
    mistty-osc7.el -> mistty-osc7.el
    mistty-project.el -> mistty-project.el
    mistty-queue.el -> mistty-queue.el
    mistty-term.el -> mistty-term.el
    mistty-undo.el -> mistty-undo.el
    mistty-util.el -> mistty-util.el
    mistty.el -> mistty.el
    mistty.texi -> mistty.texi
Generating mistty.info
Created mistty-20250316.2045.tar containing:
  mistty-20250316.2045/
  mistty-20250316.2045/dir
  mistty-20250316.2045/mistty-changeset.el
  mistty-20250316.2045/mistty-launch.el
  mistty-20250316.2045/mistty-log.el
  mistty-20250316.2045/mistty-osc-colors.el
  mistty-20250316.2045/mistty-osc7.el
  mistty-20250316.2045/mistty-pkg.el
  mistty-20250316.2045/mistty-project.el
  mistty-20250316.2045/mistty-queue.el
  mistty-20250316.2045/mistty-term.el
  mistty-20250316.2045/mistty-undo.el
  mistty-20250316.2045/mistty-util.el
  mistty-20250316.2045/mistty.el
  mistty-20250316.2045/mistty.info
 ✓ Success:
  2025-03-17T23:35:39+0000  mistty-20250316.2045.entry
  2025-03-17T23:35:39+0000  mistty-20250316.2045.tar
Built mistty in 6.031s, finished at 2025-03-17T23:35:40+0000
