Package: modus-themes
Fetcher: github
Source:  https://github.com/protesilaos/modus-themes

Updating /mnt/store/melpa/working/modus-themes/
Checking out cfe8702f56f9c06254d9a8f8996766ffa2c6f609
Copying files (->) and directories (=>)
  from /mnt/store/melpa/working/modus-themes/
  to /tmp/modus-themesoBj6SQ/modus-themes-20250412.1515
    modus-operandi-deuteranopia-theme.el -> modus-operandi-deuteranopia-theme.el
    modus-operandi-theme.el -> modus-operandi-theme.el
    modus-operandi-tinted-theme.el -> modus-operandi-tinted-theme.el
    modus-operandi-tritanopia-theme.el -> modus-operandi-tritanopia-theme.el
    modus-themes.el -> modus-themes.el
    modus-vivendi-deuteranopia-theme.el -> modus-vivendi-deuteranopia-theme.el
    modus-vivendi-theme.el -> modus-vivendi-theme.el
    modus-vivendi-tinted-theme.el -> modus-vivendi-tinted-theme.el
    modus-vivendi-tritanopia-theme.el -> modus-vivendi-tritanopia-theme.el
  ! doc/modus-themes.info -> modus-themes.info
  ! doc/doclicense.texi -> doclicense.texi
Generating doclicense.info
Created modus-themes-20250412.1515.tar containing:
  modus-themes-20250412.1515/
  modus-themes-20250412.1515/dir
  modus-themes-20250412.1515/doclicense.info
  modus-themes-20250412.1515/modus-operandi-deuteranopia-theme.el
  modus-themes-20250412.1515/modus-operandi-theme.el
  modus-themes-20250412.1515/modus-operandi-tinted-theme.el
  modus-themes-20250412.1515/modus-operandi-tritanopia-theme.el
  modus-themes-20250412.1515/modus-themes-pkg.el
  modus-themes-20250412.1515/modus-themes.el
  modus-themes-20250412.1515/modus-themes.info
  modus-themes-20250412.1515/modus-vivendi-deuteranopia-theme.el
  modus-themes-20250412.1515/modus-vivendi-theme.el
  modus-themes-20250412.1515/modus-vivendi-tinted-theme.el
  modus-themes-20250412.1515/modus-vivendi-tritanopia-theme.el
 ✓ Success:
  2025-04-13T02:24:14+0000  modus-themes-20250412.1515.entry
  2025-04-13T02:24:14+0000  modus-themes-20250412.1515.tar
Built modus-themes in 5.684s, finished at 2025-04-13T02:24:15+0000
