Package: moe-theme
Fetcher: github
Source:  https://github.com/kuanyui/moe-theme.el

Updating /mnt/store/melpa/working/moe-theme/
Checking out c2f6c12dbc6e06706be4fd0752e4174fa5f6c5c2
Copying files (->) and directories (=>)
  from /mnt/store/melpa/working/moe-theme/
  to /tmp/moe-themeql5NeB/moe-theme-20250131.1525
    moe-dark-theme.el -> moe-dark-theme.el
    moe-light-theme.el -> moe-light-theme.el
    moe-theme-flavours.el -> moe-theme-flavours.el
    moe-theme-switcher.el -> moe-theme-switcher.el
    moe-theme.el -> moe-theme.el
Created moe-theme-20250131.1525.tar containing:
  moe-theme-20250131.1525/
  moe-theme-20250131.1525/moe-dark-theme.el
  moe-theme-20250131.1525/moe-light-theme.el
  moe-theme-20250131.1525/moe-theme-flavours.el
  moe-theme-20250131.1525/moe-theme-pkg.el
  moe-theme-20250131.1525/moe-theme-switcher.el
  moe-theme-20250131.1525/moe-theme.el
 ✓ Success:
  2025-02-02T00:16:30+0000  moe-theme-20250131.1525.entry
  2025-02-02T00:16:30+0000  moe-theme-20250131.1525.tar
Built moe-theme in 5.785s, finished at 2025-02-02T00:16:31+0000
