Package: monitor
Fetcher: github
Source:  https://github.com/GuiltyDolphin/monitor.git

Updating /mnt/store/melpa/working/monitor/
Checking out 63f4643a0ee81616dbb692b8b03bae21df2283e2
Copying files (->) and directories (=>)
  from /mnt/store/melpa/working/monitor/
  to /tmp/monitorsOyeMl/monitor-20161018.1144
    monitor.el -> monitor.el
  ! doc/fdl-1.3.texi -> fdl-1.3.texi
  ! doc/monitor.texi -> monitor.texi
Generating /tmp/monitorsOyeMl/monitor-20161018.1144/fdl-1.3.info
Generating /tmp/monitorsOyeMl/monitor-20161018.1144/monitor.info
Created monitor-20161018.1144.tar containing:
  monitor-20161018.1144/
  monitor-20161018.1144/dir
  monitor-20161018.1144/fdl-1.3.info
  monitor-20161018.1144/monitor-pkg.el
  monitor-20161018.1144/monitor.el
  monitor-20161018.1144/monitor.info
 ✓ Success:
  2024-01-17T00:08:49+0000  monitor-20161018.1144.entry
  2024-01-17T00:08:49+0000  monitor-20161018.1144.tar
Built monitor in 8.381s, finished at 2024-01-17T00:08:51+0000
