Package: mood-line
Fetcher: gitlab
Source:  https://gitlab.com/jessieh/mood-line

Updating /mnt/store/melpa/working/mood-line/
Checking out d1c024fdf9543fbc0101cd2c6e8b248378f591cd
Copying files (->) and directories (=>)
  from /mnt/store/melpa/working/mood-line/
  to /tmp/mood-linerzRZ9Z/mood-line-20231210.1309
    mood-line-segment-checker.el -> mood-line-segment-checker.el
    mood-line-segment-indentation.el -> mood-line-segment-indentation.el
    mood-line-segment-modal.el -> mood-line-segment-modal.el
    mood-line-segment-vc.el -> mood-line-segment-vc.el
    mood-line.el -> mood-line.el
Created mood-line-20231210.1309.tar containing:
  mood-line-20231210.1309/
  mood-line-20231210.1309/mood-line-pkg.el
  mood-line-20231210.1309/mood-line-segment-checker.el
  mood-line-20231210.1309/mood-line-segment-indentation.el
  mood-line-20231210.1309/mood-line-segment-modal.el
  mood-line-20231210.1309/mood-line-segment-vc.el
  mood-line-20231210.1309/mood-line.el
 ✓ Success:
  2024-10-31T23:17:49+0000  mood-line-20231210.1309.entry
  2024-10-31T23:17:49+0000  mood-line-20231210.1309.tar
Built mood-line in 5.179s, finished at 2024-10-31T23:17:51+0000
