Package: moom
Fetcher: github
Source:  https://github.com/takaxp/moom

Updating /mnt/store/melpa/working/moom/
Checking out 127563df03abad087b68478bb57ee016dd50bede
Copying files (->) and directories (=>)
  from /mnt/store/melpa/working/moom/
  to /tmp/moomE3CpmY/moom-20250327.141
    moom-font.el -> moom-font.el
    moom-transient.el -> moom-transient.el
    moom.el -> moom.el
Created moom-20250327.141.tar containing:
  moom-20250327.141/
  moom-20250327.141/moom-font.el
  moom-20250327.141/moom-pkg.el
  moom-20250327.141/moom-transient.el
  moom-20250327.141/moom.el
 ✓ Success:
  2025-04-13T02:24:27+0000  moom-20250327.141.entry
  2025-04-13T02:24:26+0000  moom-20250327.141.tar
Built moom in 3.201s, finished at 2025-04-13T02:24:27+0000
