Package: motion-mode
Fetcher: github
Source:  https://github.com/ainame/motion-mode

Updating /mnt/store/melpa/working/motion-mode/
Checking out 4c94180e3ecea611a61240a0c0cd48f1032c4a55
Copying files (->) and directories (=>)
  from /mnt/store/melpa/working/motion-mode/
  to /tmp/motion-modefccg9I/motion-mode-20140920.156
    motion-mode.el -> motion-mode.el
    bin => bin
    lib => lib
Created motion-mode-20140920.156.tar containing:
  motion-mode-20140920.156/
  motion-mode-20140920.156/bin/
  motion-mode-20140920.156/bin/code_converter.rb
  motion-mode-20140920.156/bin/make_dict.rb
  motion-mode-20140920.156/lib/
  motion-mode-20140920.156/lib/motion/
  motion-mode-20140920.156/lib/motion/code_converter.rb
  motion-mode-20140920.156/motion-mode-pkg.el
  motion-mode-20140920.156/motion-mode.el
 ✓ Success:
  2025-01-29T00:35:59+0000  motion-mode-20140920.156.entry
  2025-01-29T00:35:59+0000  motion-mode-20140920.156.tar
Built motion-mode in 3.730s, finished at 2025-01-29T00:36:00+0000
