Package: mpdel
Fetcher: github
Source:  https://github.com/mpdel/mpdel

Updating /mnt/store/melpa/working/mpdel/
Checking out b7a76a95bde185a3dc2c948c68465b1d532b095b
Copying files (->) and directories (=>)
  from /mnt/store/melpa/working/mpdel/
  to /tmp/mpdel3CRJ52/mpdel-20230903.915
    mpdel-browser.el -> mpdel-browser.el
    mpdel-core.el -> mpdel-core.el
    mpdel-playlist.el -> mpdel-playlist.el
    mpdel-song.el -> mpdel-song.el
    mpdel-tablist.el -> mpdel-tablist.el
    mpdel.el -> mpdel.el
Created mpdel-20230903.915.tar containing:
  mpdel-20230903.915/
  mpdel-20230903.915/mpdel-browser.el
  mpdel-20230903.915/mpdel-core.el
  mpdel-20230903.915/mpdel-pkg.el
  mpdel-20230903.915/mpdel-playlist.el
  mpdel-20230903.915/mpdel-song.el
  mpdel-20230903.915/mpdel-tablist.el
  mpdel-20230903.915/mpdel.el
 ✓ Success:
  2025-01-14T23:47:40+0000  mpdel-20230903.915.entry
  2025-01-14T23:47:40+0000  mpdel-20230903.915.tar
Built mpdel in 2.567s, finished at 2025-01-14T23:47:41+0000
