 • Building package mtg-deck-mode (from github:mattiasb/mtg-deck-mode)...
Updating /mnt/store/melpa/working/mtg-deck-mode/
Checking out 3cb3866951feae40531c0a2e4fa72c0f2989c36c
Copying files (->) and directories (=>)
  from /mnt/store/melpa/working/mtg-deck-mode/
  to /tmp/mtg-deck-modeqMgcrA/mtg-deck-mode-20231202.1546
    mtg-deck-mode.el -> mtg-deck-mode.el
    formats => formats
Created mtg-deck-mode-20231202.1546.tar containing:
  mtg-deck-mode-20231202.1546/
  mtg-deck-mode-20231202.1546/formats/
  mtg-deck-mode-20231202.1546/formats/all.cards
  mtg-deck-mode-20231202.1546/formats/all.names
  mtg-deck-mode-20231202.1546/formats/legacy.names
  mtg-deck-mode-20231202.1546/formats/modern.names
  mtg-deck-mode-20231202.1546/formats/standard.names
  mtg-deck-mode-20231202.1546/formats/vintage.names
  mtg-deck-mode-20231202.1546/mtg-deck-mode-pkg.el
  mtg-deck-mode-20231202.1546/mtg-deck-mode.el
 ✓ Success:
  2025-12-21T23:57:41+0000  mtg-deck-mode-20231202.1546.entry
  2025-12-21T23:57:41+0000  mtg-deck-mode-20231202.1546.tar
Built mtg-deck-mode in 3.183s, finished at 2025-12-21T23:57:42+0000
