Package: multi-run
Fetcher: github
Source:  https://github.com/sagarjha/multi-run.git

Updating /mnt/store/melpa/working/multi-run/
Checking out 13d4d923535b5e8482b13ff76185203075fb26a3
Copying files (->) and directories (=>)
  from /mnt/store/melpa/working/multi-run/
  to /tmp/multi-runW3wioK/multi-run-20210108.336
    multi-run-helpers.el -> multi-run-helpers.el
    multi-run-vars.el -> multi-run-vars.el
    multi-run.el -> multi-run.el
Created multi-run-20210108.336.tar containing:
  multi-run-20210108.336/
  multi-run-20210108.336/multi-run-helpers.el
  multi-run-20210108.336/multi-run-pkg.el
  multi-run-20210108.336/multi-run-vars.el
  multi-run-20210108.336/multi-run.el
 ✓ Success:
  2024-02-16T15:19:09+0000  multi-run-20210108.336.entry
  2024-02-16T15:19:09+0000  multi-run-20210108.336.tar
Built multi-run in 3.077s, finished at 2024-02-16T15:19:10+0000
