Package: multi-line
Fetcher: github
Source:  https://github.com/colonelpanic8/multi-line

Updating /mnt/store/melpa/working/multi-line/
Checking out 06ea7294c4e4ace0c3253b7952a6d937a169eb55
Copying files (->) and directories (=>)
  from /mnt/store/melpa/working/multi-line/
  to /tmp/multi-lineeNMBfP/multi-line-20230721.1814
    multi-line-candidate.el -> multi-line-candidate.el
    multi-line-cycle.el -> multi-line-cycle.el
    multi-line-decorator.el -> multi-line-decorator.el
    multi-line-enter.el -> multi-line-enter.el
    multi-line-find.el -> multi-line-find.el
    multi-line-highlight.el -> multi-line-highlight.el
    multi-line-respace.el -> multi-line-respace.el
    multi-line-shared.el -> multi-line-shared.el
    multi-line.el -> multi-line.el
Created multi-line-20230721.1814.tar containing:
  multi-line-20230721.1814/
  multi-line-20230721.1814/multi-line-candidate.el
  multi-line-20230721.1814/multi-line-cycle.el
  multi-line-20230721.1814/multi-line-decorator.el
  multi-line-20230721.1814/multi-line-enter.el
  multi-line-20230721.1814/multi-line-find.el
  multi-line-20230721.1814/multi-line-highlight.el
  multi-line-20230721.1814/multi-line-pkg.el
  multi-line-20230721.1814/multi-line-respace.el
  multi-line-20230721.1814/multi-line-shared.el
  multi-line-20230721.1814/multi-line.el
 ✓ Success:
  2025-03-06T23:30:25+0000  multi-line-20230721.1814.entry
  2025-03-06T23:30:25+0000  multi-line-20230721.1814.tar
Built multi-line in 3.608s, finished at 2025-03-06T23:30:26+0000
