Package: nand2tetris
Fetcher: github
Source:  https://github.com/CestDiego/nand2tetris.el

Updating /mnt/store/melpa/working/nand2tetris/
Checking out fe37ee41367ceff6f7d7a472a5f80cf1285e1e01
Copying files (->) and directories (=>)
  from /mnt/store/melpa/working/nand2tetris/
  to /tmp/nand2tetrismOLyaz/nand2tetris-20171201.1813
    nand2tetris.el -> nand2tetris.el
    nand2tetris-core.el -> nand2tetris-core.el
    snippets => snippets
Created nand2tetris-20171201.1813.tar containing:
  nand2tetris-20171201.1813/
  nand2tetris-20171201.1813/nand2tetris-core.el
  nand2tetris-20171201.1813/nand2tetris-pkg.el
  nand2tetris-20171201.1813/nand2tetris.el
  nand2tetris-20171201.1813/snippets/
  nand2tetris-20171201.1813/snippets/nand2tetris-mode/
  nand2tetris-20171201.1813/snippets/nand2tetris-mode/.yas-parents
  nand2tetris-20171201.1813/snippets/nand2tetris-mode/ALU
  nand2tetris-20171201.1813/snippets/nand2tetris-mode/Adders/
  nand2tetris-20171201.1813/snippets/nand2tetris-mode/Adders/Add16
  nand2tetris-20171201.1813/snippets/nand2tetris-mode/Adders/FullAdder
  nand2tetris-20171201.1813/snippets/nand2tetris-mode/Adders/HalfAdder
  nand2tetris-20171201.1813/snippets/nand2tetris-mode/Adders/Inc16
  nand2tetris-20171201.1813/snippets/nand2tetris-mode/Aregister
  nand2tetris-20171201.1813/snippets/nand2tetris-mode/Bit
  nand2tetris-20171201.1813/snippets/nand2tetris-mode/CPU
  nand2tetris-20171201.1813/snippets/nand2tetris-mode/DFF
  nand2tetris-20171201.1813/snippets/nand2tetris-mode/DMux/
  nand2tetris-20171201.1813/snippets/nand2tetris-mode/DMux/DMux
  nand2tetris-20171201.1813/snippets/nand2tetris-mode/DMux/DMux4Way
  nand2tetris-20171201.1813/snippets/nand2tetris-mode/DMux/DMux8Way
  nand2tetris-20171201.1813/snippets/nand2tetris-mode/DRegister
  nand2tetris-20171201.1813/snippets/nand2tetris-mode/Keyboard
  nand2tetris-20171201.1813/snippets/nand2tetris-mode/Logical/
  nand2tetris-20171201.1813/snippets/nand2tetris-mode/Logical/And
  nand2tetris-20171201.1813/snippets/nand2tetris-mode/Logical/And16
  nand2tetris-20171201.1813/snippets/nand2tetris-mode/Logical/Nand
  nand2tetris-20171201.1813/snippets/nand2tetris-mode/Logical/Not
  nand2tetris-20171201.1813/snippets/nand2tetris-mode/Logical/Not16
  nand2tetris-20171201.1813/snippets/nand2tetris-mode/Logical/Or
  nand2tetris-20171201.1813/snippets/nand2tetris-mode/Logical/Or16
  nand2tetris-20171201.1813/snippets/nand2tetris-mode/Logical/Or8Way
  nand2tetris-20171201.1813/snippets/nand2tetris-mode/Logical/Xor
  nand2tetris-20171201.1813/snippets/nand2tetris-mode/Memory
  nand2tetris-20171201.1813/snippets/nand2tetris-mode/Mux/
  nand2tetris-20171201.1813/snippets/nand2tetris-mode/Mux/Mux
  nand2tetris-20171201.1813/snippets/nand2tetris-mode/Mux/Mux16
  nand2tetris-20171201.1813/snippets/nand2tetris-mode/Mux/Mux4Way16
  nand2tetris-20171201.1813/snippets/nand2tetris-mode/Mux/Mux8Way16
  nand2tetris-20171201.1813/snippets/nand2tetris-mode/PC
  nand2tetris-20171201.1813/snippets/nand2tetris-mode/RAM/
  nand2tetris-20171201.1813/snippets/nand2tetris-mode/RAM/RAM16K
  nand2tetris-20171201.1813/snippets/nand2tetris-mode/RAM/RAM4K
  nand2tetris-20171201.1813/snippets/nand2tetris-mode/RAM/RAM512
  nand2tetris-20171201.1813/snippets/nand2tetris-mode/RAM/RAM64
  nand2tetris-20171201.1813/snippets/nand2tetris-mode/RAM/RAM8
  nand2tetris-20171201.1813/snippets/nand2tetris-mode/ROM32K
  nand2tetris-20171201.1813/snippets/nand2tetris-mode/Register
  nand2tetris-20171201.1813/snippets/nand2tetris-mode/Screen
 ✓ Success:
  2024-10-04T23:21:09+0000  nand2tetris-20171201.1813.entry
  2024-10-04T23:21:09+0000  nand2tetris-20171201.1813.tar
Built nand2tetris in 2.935s, finished at 2024-10-04T23:21:10+0000
