Package: nav
Fetcher: github
Source:  https://github.com/ijt/emacs-nav

Updating /mnt/store/melpa/working/nav/
Checking out c5eb234c063f435dbdcd1f8bdc46cfc68c973ebe
Copying files (->) and directories (=>)
  from /mnt/store/melpa/working/nav/
  to /tmp/nav9R0bEh/nav-20120507.707
    ack -> ack
    ack.el -> ack.el
    nav.el -> nav.el
Created nav-20120507.707.tar containing:
  nav-20120507.707/
  nav-20120507.707/ack
  nav-20120507.707/ack.el
  nav-20120507.707/nav-pkg.el
  nav-20120507.707/nav.el
 ✓ Success:
  2025-01-09T00:04:56+0000  nav-20120507.707.entry
  2025-01-09T00:04:56+0000  nav-20120507.707.tar
Built nav in 2.783s, finished at 2025-01-09T00:04:57+0000
