Package: nerd-icons
Fetcher: github
Source:  https://github.com/rainstormstudio/nerd-icons.el

Updating /mnt/store/melpa/working/nerd-icons/
Checking out 46040d0cccb3c858d626777149de9d511b65e601
Copying files (->) and directories (=>)
  from /mnt/store/melpa/working/nerd-icons/
  to /tmp/nerd-iconsnc869s/nerd-icons-20250714.120
    nerd-icons-data.el -> nerd-icons-data.el
    nerd-icons-faces.el -> nerd-icons-faces.el
    nerd-icons.el -> nerd-icons.el
    data => data
Created nerd-icons-20250714.120.tar containing:
  nerd-icons-20250714.120/
  nerd-icons-20250714.120/data/
  nerd-icons-20250714.120/data/nerd-icons-data-codicon.el
  nerd-icons-20250714.120/data/nerd-icons-data-devicon.el
  nerd-icons-20250714.120/data/nerd-icons-data-faicon.el
  nerd-icons-20250714.120/data/nerd-icons-data-flicon.el
  nerd-icons-20250714.120/data/nerd-icons-data-ipsicon.el
  nerd-icons-20250714.120/data/nerd-icons-data-mdicon.el
  nerd-icons-20250714.120/data/nerd-icons-data-octicon.el
  nerd-icons-20250714.120/data/nerd-icons-data-pomicon.el
  nerd-icons-20250714.120/data/nerd-icons-data-powerline.el
  nerd-icons-20250714.120/data/nerd-icons-data-sucicon.el
  nerd-icons-20250714.120/data/nerd-icons-data-wicon.el
  nerd-icons-20250714.120/nerd-icons-data.el
  nerd-icons-20250714.120/nerd-icons-faces.el
  nerd-icons-20250714.120/nerd-icons-pkg.el
  nerd-icons-20250714.120/nerd-icons.el
 ✓ Success:
  2025-07-13T23:34:55+0000  nerd-icons-20250711.711.entry
  2025-07-13T23:34:55+0000  nerd-icons-20250711.711.tar
  2025-07-14T01:58:46+0000  nerd-icons-20250714.120.entry
  2025-07-14T01:58:46+0000  nerd-icons-20250714.120.tar
Built nerd-icons in 3.734s, finished at 2025-07-14T01:58:47+0000
