Package: netease-cloud-music
Fetcher: github
Source:  https://github.com/SpringHan/netease-cloud-music.el.git

Updating /mnt/store/melpa/working/netease-cloud-music/
Checking out f5d622e2d376d995f412aef93d031836d8c9997c
Copying files (->) and directories (=>)
  from /mnt/store/melpa/working/netease-cloud-music/
  to /tmp/netease-cloud-music0B629s/netease-cloud-music-20231226.1525
    netease-cloud-music-comment.el -> netease-cloud-music-comment.el
    netease-cloud-music-functions.el -> netease-cloud-music-functions.el
    netease-cloud-music-ui.el -> netease-cloud-music-ui.el
    netease-cloud-music.el -> netease-cloud-music.el
Created netease-cloud-music-20231226.1525.tar containing:
  netease-cloud-music-20231226.1525/
  netease-cloud-music-20231226.1525/netease-cloud-music-comment.el
  netease-cloud-music-20231226.1525/netease-cloud-music-functions.el
  netease-cloud-music-20231226.1525/netease-cloud-music-pkg.el
  netease-cloud-music-20231226.1525/netease-cloud-music-ui.el
  netease-cloud-music-20231226.1525/netease-cloud-music.el
 ✓ Success:
  2024-03-28T06:09:08+0000  netease-cloud-music-20231226.1525.entry
  2024-03-28T06:09:08+0000  netease-cloud-music-20231226.1525.tar
Built netease-cloud-music in 6.582s, finished at 2024-03-28T06:09:11+0000
