Package: nexus
Fetcher: github
Source:  https://github.com/juergenhoetzel/emacs-nexus

Updating /mnt/store/melpa/working/nexus/
Checking out 9f0ddf7d6cb5f7df44f684f02e2bd8a96ecabbd6
Copying files (->) and directories (=>)
  from /mnt/store/melpa/working/nexus/
  to /tmp/nexusT8aQgx/nexus-20220902.2009
    ac-nexus.el -> ac-nexus.el
    nexus-widget.el -> nexus-widget.el
    nexus.el -> nexus.el
Created nexus-20220902.2009.tar containing:
  nexus-20220902.2009/
  nexus-20220902.2009/ac-nexus.el
  nexus-20220902.2009/nexus-pkg.el
  nexus-20220902.2009/nexus-widget.el
  nexus-20220902.2009/nexus.el
 ✓ Success:
  2025-01-16T22:01:59+0000  nexus-20220902.2009.entry
  2025-01-16T22:01:59+0000  nexus-20220902.2009.tar
Built nexus in 6.076s, finished at 2025-01-16T22:02:01+0000
