 • Building package ng2-mode (from github:AdamNiederer/ng2-mode)...
Updating /mnt/store/melpa/working/ng2-mode/
Checking out d341f177c6e4fb9d99b8639943ab5fc9184e2715
Copying files (->) and directories (=>)
  from /mnt/store/melpa/working/ng2-mode/
  to /tmp/ng2-modejj4Kfx/ng2-mode-20201203.1925
    ng2-html.el -> ng2-html.el
    ng2-mode.el -> ng2-mode.el
    ng2-shared.el -> ng2-shared.el
    ng2-ts.el -> ng2-ts.el
Created ng2-mode-20201203.1925.tar containing:
  ng2-mode-20201203.1925/
  ng2-mode-20201203.1925/ng2-html.el
  ng2-mode-20201203.1925/ng2-mode-pkg.el
  ng2-mode-20201203.1925/ng2-mode.el
  ng2-mode-20201203.1925/ng2-shared.el
  ng2-mode-20201203.1925/ng2-ts.el
 ✓ Success:
  2025-12-08T00:24:54+0000  ng2-mode-20201203.1925.entry
  2025-12-08T00:24:54+0000  ng2-mode-20201203.1925.tar
Built ng2-mode in 2.597s, finished at 2025-12-08T00:24:55+0000
