Package: nice-org-html
Fetcher: github
Source:  https://github.com/ewantown/nice-org-html

Updating /mnt/store/melpa/working/nice-org-html/
Checking out bdb49bbe22dbd99489f2c65a10cb90f29d39d80d
Copying files (->) and directories (=>)
  from /mnt/store/melpa/working/nice-org-html/
  to /tmp/nice-org-htmliYt9sy/nice-org-html-20250608.1715
  ! code/nice-org-html.el -> nice-org-html.el
  ! code/nice-org-html.css -> nice-org-html.css
  ! code/nice-org-html.js -> nice-org-html.js
Created nice-org-html-20250608.1715.tar containing:
  nice-org-html-20250608.1715/
  nice-org-html-20250608.1715/nice-org-html-pkg.el
  nice-org-html-20250608.1715/nice-org-html.css
  nice-org-html-20250608.1715/nice-org-html.el
  nice-org-html-20250608.1715/nice-org-html.js
 ✓ Success:
  2025-09-29T00:08:47+0000  nice-org-html-20250608.1715.entry
  2025-09-29T00:08:46+0000  nice-org-html-20250608.1715.tar
Built nice-org-html in 2.825s, finished at 2025-09-29T00:08:47+0000
