Package: nndiscourse
Fetcher: github
Source:  https://github.com/dickmao/nndiscourse

Updating /mnt/store/melpa/working/nndiscourse/
Checking out c8aaf40d3d8f10b0bbb40fa60a2d98c864b05aaf
Copying files (->) and directories (=>)
  from /mnt/store/melpa/working/nndiscourse/
  to /tmp/nndiscourseMJV66t/nndiscourse-20241014.2134
    nndiscourse.el -> nndiscourse.el
    nndiscourse/Gemfile -> nndiscourse/Gemfile
    nndiscourse/Gemfile.lock -> nndiscourse/Gemfile.lock
    nndiscourse/nndiscourse.gemspec -> nndiscourse/nndiscourse.gemspec
    nndiscourse/nndiscourse.thor -> nndiscourse/nndiscourse.thor
    nndiscourse/lib => nndiscourse/lib
Created nndiscourse-20241014.2134.tar containing:
  nndiscourse-20241014.2134/
  nndiscourse-20241014.2134/nndiscourse-pkg.el
  nndiscourse-20241014.2134/nndiscourse.el
  nndiscourse-20241014.2134/nndiscourse/
  nndiscourse-20241014.2134/nndiscourse/Gemfile
  nndiscourse-20241014.2134/nndiscourse/Gemfile.lock
  nndiscourse-20241014.2134/nndiscourse/lib/
  nndiscourse-20241014.2134/nndiscourse/lib/nndiscourse.rb
  nndiscourse-20241014.2134/nndiscourse/lib/nndiscourse/
  nndiscourse-20241014.2134/nndiscourse/lib/nndiscourse/version.rb
  nndiscourse-20241014.2134/nndiscourse/nndiscourse.gemspec
  nndiscourse-20241014.2134/nndiscourse/nndiscourse.thor
 ✓ Success:
  2024-12-13T00:07:31+0000  nndiscourse-20241014.2134.entry
  2024-12-13T00:07:31+0000  nndiscourse-20241014.2134.tar
Built nndiscourse in 2.406s, finished at 2024-12-13T00:07:32+0000
