 • Building package nofrils-acme-theme (from gitlab:esessoms/nofrils-theme)...
Updating /mnt/store/melpa/working/nofrils-acme-theme/
Checking out 98ad7bfaff1d85b33dc162645670285b067c6f92
Copying files (->) and directories (=>)
  from /mnt/store/melpa/working/nofrils-acme-theme/
  to /tmp/nofrils-acme-themejm8d9Z/nofrils-acme-theme-20180620.1248
    nofrils-acme-theme.el -> nofrils-acme-theme.el
    nofrils-dark-theme.el -> nofrils-dark-theme.el
    nofrils-light-theme.el -> nofrils-light-theme.el
    nofrils-sepia-theme.el -> nofrils-sepia-theme.el
Created nofrils-acme-theme-20180620.1248.tar containing:
  nofrils-acme-theme-20180620.1248/
  nofrils-acme-theme-20180620.1248/nofrils-acme-theme-pkg.el
  nofrils-acme-theme-20180620.1248/nofrils-acme-theme.el
  nofrils-acme-theme-20180620.1248/nofrils-dark-theme.el
  nofrils-acme-theme-20180620.1248/nofrils-light-theme.el
  nofrils-acme-theme-20180620.1248/nofrils-sepia-theme.el
 ✓ Success:
  2025-12-08T00:25:38+0000  nofrils-acme-theme-20180620.1248.entry
  2025-12-08T00:25:38+0000  nofrils-acme-theme-20180620.1248.tar
Built nofrils-acme-theme in 4.582s, finished at 2025-12-08T00:25:39+0000
