Package: notmuch
Fetcher: git
Source:  https://git.notmuchmail.org/git/notmuch

Updating /mnt/store/melpa/working/notmuch/
Checking out fefc7a94740946e9d13a2d25c6170b55c9e075e4
Copying files (->) and directories (=>)
  from /mnt/store/melpa/working/notmuch/
  to /tmp/notmuchGK3Ibb/notmuch-20240725.1037
  ! emacs/coolj.el -> coolj.el
  ! emacs/make-deps.el -> make-deps.el
  ! emacs/notmuch-address.el -> notmuch-address.el
  ! emacs/notmuch-company.el -> notmuch-company.el
  ! emacs/notmuch-compat.el -> notmuch-compat.el
  ! emacs/notmuch-crypto.el -> notmuch-crypto.el
  ! emacs/notmuch-draft.el -> notmuch-draft.el
  ! emacs/notmuch-hello.el -> notmuch-hello.el
  ! emacs/notmuch-jump.el -> notmuch-jump.el
  ! emacs/notmuch-lib.el -> notmuch-lib.el
  ! emacs/notmuch-maildir-fcc.el -> notmuch-maildir-fcc.el
  ! emacs/notmuch-message.el -> notmuch-message.el
  ! emacs/notmuch-mua.el -> notmuch-mua.el
  ! emacs/notmuch-parser.el -> notmuch-parser.el
  ! emacs/notmuch-print.el -> notmuch-print.el
  ! emacs/notmuch-query.el -> notmuch-query.el
  ! emacs/notmuch-show.el -> notmuch-show.el
  ! emacs/notmuch-tag.el -> notmuch-tag.el
  ! emacs/notmuch-tree.el -> notmuch-tree.el
  ! emacs/notmuch-wash.el -> notmuch-wash.el
  ! emacs/notmuch.el -> notmuch.el
  ! emacs/rstdoc.el -> rstdoc.el
  ! emacs/notmuch-logo.svg -> notmuch-logo.svg
Created notmuch-20240725.1037.tar containing:
  notmuch-20240725.1037/
  notmuch-20240725.1037/coolj.el
  notmuch-20240725.1037/make-deps.el
  notmuch-20240725.1037/notmuch-address.el
  notmuch-20240725.1037/notmuch-company.el
  notmuch-20240725.1037/notmuch-compat.el
  notmuch-20240725.1037/notmuch-crypto.el
  notmuch-20240725.1037/notmuch-draft.el
  notmuch-20240725.1037/notmuch-hello.el
  notmuch-20240725.1037/notmuch-jump.el
  notmuch-20240725.1037/notmuch-lib.el
  notmuch-20240725.1037/notmuch-logo.svg
  notmuch-20240725.1037/notmuch-maildir-fcc.el
  notmuch-20240725.1037/notmuch-message.el
  notmuch-20240725.1037/notmuch-mua.el
  notmuch-20240725.1037/notmuch-parser.el
  notmuch-20240725.1037/notmuch-pkg.el
  notmuch-20240725.1037/notmuch-print.el
  notmuch-20240725.1037/notmuch-query.el
  notmuch-20240725.1037/notmuch-show.el
  notmuch-20240725.1037/notmuch-tag.el
  notmuch-20240725.1037/notmuch-tree.el
  notmuch-20240725.1037/notmuch-wash.el
  notmuch-20240725.1037/notmuch.el
  notmuch-20240725.1037/rstdoc.el
 ✓ Success:
  2024-08-04T23:15:11+0000  notmuch-20240725.1037.entry
  2024-08-04T23:15:10+0000  notmuch-20240725.1037.tar
Built notmuch in 4.631s, finished at 2024-08-04T23:15:12+0000
