Package: nsis-mode
Fetcher: github
Source:  https://github.com/mattfidler/nsis-mode

Updating /mnt/store/melpa/working/nsis-mode/
Checking out b5ae66dbab9b2d933a234bdcd28e017d44a1276f
Copying files (->) and directories (=>)
  from /mnt/store/melpa/working/nsis-mode/
  to /tmp/nsis-modedVmkD7/nsis-mode-20230619.1220
    nsis-mode.el -> nsis-mode.el
    nsis-mode.texi -> nsis-mode.texi
Generating nsis-mode.info
Created nsis-mode-20230619.1220.tar containing:
  nsis-mode-20230619.1220/
  nsis-mode-20230619.1220/dir
  nsis-mode-20230619.1220/nsis-mode-pkg.el
  nsis-mode-20230619.1220/nsis-mode.el
  nsis-mode-20230619.1220/nsis-mode.info
 ✓ Success:
  2025-03-26T00:20:14+0000  nsis-mode-20230619.1220.entry
  2025-03-26T00:20:14+0000  nsis-mode-20230619.1220.tar
Built nsis-mode in 4.751s, finished at 2025-03-26T00:20:15+0000
