Package: nu-mode
Fetcher: github
Source:  https://github.com/pyluyten/emacs-nu

Updating /mnt/store/melpa/working/nu-mode/
Checking out 6510bc3f22e921aeb8ef3190bca1f432acc2870e
Copying files (->) and directories (=>)
  from /mnt/store/melpa/working/nu-mode/
  to /tmp/nu-modekXxhnP/nu-mode-20250211.1243
  ! nu-mode/nu-commands.el -> nu-commands.el
  ! nu-mode/nu-common.el -> nu-common.el
  ! nu-mode/nu-helm.el -> nu-helm.el
  ! nu-mode/nu-integration.el -> nu-integration.el
  ! nu-mode/nu-ivy.el -> nu-ivy.el
  ! nu-mode/nu-markdown.el -> nu-markdown.el
  ! nu-mode/nu-menus.el -> nu-menus.el
  ! nu-mode/nu-mode-evil.el -> nu-mode-evil.el
  ! nu-mode/nu-mode.el -> nu-mode.el
  ! nu-mode/nu-org.el -> nu-org.el
  ! nu-mode/nu-prompters-lv.el -> nu-prompters-lv.el
  ! nu-mode/nu-prompters.el -> nu-prompters.el
  ! nu-mode/nu-setup.el -> nu-setup.el
  ! nu-mode/nu-slow-motion.el -> nu-slow-motion.el
  ! nu-mode/nu-state.el -> nu-state.el
  ! nu-mode/nu-tile.el -> nu-tile.el
  ! nu-mode/nu-vars.el -> nu-vars.el
  ! doc/nu-mode.info -> nu-mode.info
Created nu-mode-20250211.1243.tar containing:
  nu-mode-20250211.1243/
  nu-mode-20250211.1243/dir
  nu-mode-20250211.1243/nu-commands.el
  nu-mode-20250211.1243/nu-common.el
  nu-mode-20250211.1243/nu-helm.el
  nu-mode-20250211.1243/nu-integration.el
  nu-mode-20250211.1243/nu-ivy.el
  nu-mode-20250211.1243/nu-markdown.el
  nu-mode-20250211.1243/nu-menus.el
  nu-mode-20250211.1243/nu-mode-evil.el
  nu-mode-20250211.1243/nu-mode-pkg.el
  nu-mode-20250211.1243/nu-mode.el
  nu-mode-20250211.1243/nu-mode.info
  nu-mode-20250211.1243/nu-org.el
  nu-mode-20250211.1243/nu-prompters-lv.el
  nu-mode-20250211.1243/nu-prompters.el
  nu-mode-20250211.1243/nu-setup.el
  nu-mode-20250211.1243/nu-slow-motion.el
  nu-mode-20250211.1243/nu-state.el
  nu-mode-20250211.1243/nu-tile.el
  nu-mode-20250211.1243/nu-vars.el
 ✓ Success:
  2025-02-14T22:28:55+0000  nu-mode-20250211.1243.entry
  2025-02-14T22:28:55+0000  nu-mode-20250211.1243.tar
Built nu-mode in 3.824s, finished at 2025-02-14T22:28:56+0000
