 • Building package nubox (from github:martijnat/nubox)...
Updating /mnt/store/melpa/working/nubox/
Checking out 84aa965f0cb4bde293237e4cc586643d1f662f83
Copying files (->) and directories (=>)
  from /mnt/store/melpa/working/nubox/
  to /tmp/nuboxTGv0z3/nubox-20170619.910
    nubox-dark-theme.el -> nubox-dark-theme.el
    nubox-light-theme.el -> nubox-light-theme.el
    nubox-tty-theme.el -> nubox-tty-theme.el
    nubox.el -> nubox.el
Created nubox-20170619.910.tar containing:
  nubox-20170619.910/
  nubox-20170619.910/nubox-dark-theme.el
  nubox-20170619.910/nubox-light-theme.el
  nubox-20170619.910/nubox-pkg.el
  nubox-20170619.910/nubox-tty-theme.el
  nubox-20170619.910/nubox.el
 ✓ Success:
  2025-12-15T00:24:23+0000  nubox-20170619.910.entry
  2025-12-15T00:24:23+0000  nubox-20170619.910.tar
Built nubox in 2.442s, finished at 2025-12-15T00:24:24+0000
