Package: ob-ffuf
Fetcher: github
Source:  https://github.com/daniel-ts/ob-ffuf.git

Updating /mnt/store/melpa/working/ob-ffuf/
Checking out 5310a3e766a252ac34f8cb2307c4e48e982f5611
Copying files (->) and directories (=>)
  from /mnt/store/melpa/working/ob-ffuf/
  to /tmp/ob-ffufNPbsfT/ob-ffuf-20221004.1715
    ob-ffuf-helpers.el -> ob-ffuf-helpers.el
    ob-ffuf-mode.el -> ob-ffuf-mode.el
    ob-ffuf.el -> ob-ffuf.el
Created ob-ffuf-20221004.1715.tar containing:
  ob-ffuf-20221004.1715/
  ob-ffuf-20221004.1715/ob-ffuf-helpers.el
  ob-ffuf-20221004.1715/ob-ffuf-mode.el
  ob-ffuf-20221004.1715/ob-ffuf-pkg.el
  ob-ffuf-20221004.1715/ob-ffuf.el
 ✓ Success:
  2024-01-10T14:36:21+0000  ob-ffuf-20221004.1715.entry
  2024-01-10T14:36:21+0000  ob-ffuf-20221004.1715.tar
Built ob-ffuf in 1.196s, finished at 2024-01-10T14:36:21+0000
