Package: octopress
Fetcher: github
Source:  https://github.com/aaronbieber/octopress.el.git

Updating /mnt/store/melpa/working/octopress/
Checking out f2c92d5420f14fc9167c7de1873836510e652de2
Copying files (->) and directories (=>)
  from /mnt/store/melpa/working/octopress/
  to /tmp/octopressc7NTQJ/octopress-20190123.107
    octopress.el -> octopress.el
    octopress.texi -> octopress.texi
Generating /tmp/octopressc7NTQJ/octopress-20190123.107/octopress.info
Created octopress-20190123.107.tar containing:
  octopress-20190123.107/
  octopress-20190123.107/dir
  octopress-20190123.107/octopress-pkg.el
  octopress-20190123.107/octopress.el
  octopress-20190123.107/octopress.info
 ✓ Success:
  2024-04-02T07:52:42+0000  octopress-20190123.107.entry
  2024-04-02T07:52:42+0000  octopress-20190123.107.tar
Built octopress in 5.308s, finished at 2024-04-02T07:52:43+0000
