Package: oer-reveal
Fetcher: gitlab
Source:  https://gitlab.com/oer/oer-reveal

Updating /mnt/store/melpa/working/oer-reveal/
Checking out 440c6229013b41c7d8eceaccc3ba7778143fb097
Copying files (->) and directories (=>)
  from /mnt/store/melpa/working/oer-reveal/
  to /tmp/oer-revealilew1F/oer-reveal-20250319.1454
    oer-reveal-publish.el -> oer-reveal-publish.el
    oer-reveal.el -> oer-reveal.el
    ox-oer-reveal.el -> ox-oer-reveal.el
    README.md -> README.md
    README.md.license -> README.md.license
    LICENSE -> LICENSE
    LICENSES => LICENSES
    org => org
    css => css
    title-slide => title-slide
    examples => examples
Created oer-reveal-20250319.1454.tar containing:
  oer-reveal-20250319.1454/
  oer-reveal-20250319.1454/LICENSE
  oer-reveal-20250319.1454/LICENSES/
  oer-reveal-20250319.1454/LICENSES/CC-BY-4.0.txt
  oer-reveal-20250319.1454/LICENSES/CC-BY-SA-4.0.txt
  oer-reveal-20250319.1454/LICENSES/CC0-1.0.txt
  oer-reveal-20250319.1454/LICENSES/GPL-3.0-or-later.txt
  oer-reveal-20250319.1454/LICENSES/LicenseRef-MIT-HEH-JL.txt
  oer-reveal-20250319.1454/LICENSES/LicenseRef-MIT-JL.txt
  oer-reveal-20250319.1454/README.md
  oer-reveal-20250319.1454/README.md.license
  oer-reveal-20250319.1454/css/
  oer-reveal-20250319.1454/css/chevron-left.svg
  oer-reveal-20250319.1454/css/chevron-left.svg.license
  oer-reveal-20250319.1454/css/chevron-right.svg
  oer-reveal-20250319.1454/css/chevron-right.svg.license
  oer-reveal-20250319.1454/css/comment.svg
  oer-reveal-20250319.1454/css/comment.svg.license
  oer-reveal-20250319.1454/css/dbis-longtitle.css
  oer-reveal-20250319.1454/css/dbis.css
  oer-reveal-20250319.1454/css/ercis-quote.css
  oer-reveal-20250319.1454/css/ercis.css
  oer-reveal-20250319.1454/css/ercis2019.css
  oer-reveal-20250319.1454/css/expand.svg
  oer-reveal-20250319.1454/css/expand.svg.license
  oer-reveal-20250319.1454/css/folder_inbox.png
  oer-reveal-20250319.1454/css/folder_inbox.png.base
  oer-reveal-20250319.1454/css/folder_inbox.png.base.license
  oer-reveal-20250319.1454/css/folder_inbox.png.license
  oer-reveal-20250319.1454/css/hidelinks.js
  oer-reveal-20250319.1454/css/index.css
  oer-reveal-20250319.1454/css/keyboard.svg
  oer-reveal-20250319.1454/css/keyboard.svg.license
  oer-reveal-20250319.1454/css/oer-reveal.css
  oer-reveal-20250319.1454/css/outgoing-link.png
  oer-reveal-20250319.1454/css/outgoing-link.png.base
  oer-reveal-20250319.1454/css/outgoing-link.png.base.license
  oer-reveal-20250319.1454/css/outgoing-link.png.license
  oer-reveal-20250319.1454/css/recycle.svg
  oer-reveal-20250319.1454/css/recycle.svg.license
  oer-reveal-20250319.1454/css/search.svg
  oer-reveal-20250319.1454/css/search.svg.license
  oer-reveal-20250319.1454/css/toc-style.css
  oer-reveal-20250319.1454/css/wwu-ercis.css
  oer-reveal-20250319.1454/examples/
  oer-reveal-20250319.1454/examples/publish.el
  oer-reveal-20250319.1454/examples/quizzes/
  oer-reveal-20250319.1454/examples/quizzes/usage-hints.js
  oer-reveal-20250319.1454/examples/test-audio-jump.org
  oer-reveal-20250319.1454/examples/test-default.org
  oer-reveal-20250319.1454/examples/test-license.org
  oer-reveal-20250319.1454/examples/test-local.org
  oer-reveal-20250319.1454/examples/test-plain.org
  oer-reveal-20250319.1454/examples/title-slide.html
  oer-reveal-20250319.1454/oer-reveal-pkg.el
  oer-reveal-20250319.1454/oer-reveal-publish.el
  oer-reveal-20250319.1454/oer-reveal.el
  oer-reveal-20250319.1454/org/
  oer-reveal-20250319.1454/org/backmatter-de.org
  oer-reveal-20250319.1454/org/backmatter-ercis.org
  oer-reveal-20250319.1454/org/backmatter.org
  oer-reveal-20250319.1454/org/bibliography-de.org
  oer-reveal-20250319.1454/org/bibliography.org
  oer-reveal-20250319.1454/org/config-de.org
  oer-reveal-20250319.1454/org/config-ercis2019-de.org
  oer-reveal-20250319.1454/org/config-ercis2019.org
  oer-reveal-20250319.1454/org/config-title-notes.org
  oer-reveal-20250319.1454/org/config-usage-notes-de.org
  oer-reveal-20250319.1454/org/config-usage-notes.org
  oer-reveal-20250319.1454/org/config.org
  oer-reveal-20250319.1454/org/finalslide-ercis.org
  oer-reveal-20250319.1454/org/learning-objectives-notes.org
  oer-reveal-20250319.1454/org/license-disclaimer-cc-by-sa-4.0-de.org
  oer-reveal-20250319.1454/org/license-disclaimer-cc-by-sa-4.0.org
  oer-reveal-20250319.1454/org/license-template-de.org
  oer-reveal-20250319.1454/org/license-template.org
  oer-reveal-20250319.1454/org/reveal.js-hints-de.org
  oer-reveal-20250319.1454/org/reveal.js-hints.org
  oer-reveal-20250319.1454/org/source-code-licenses-de.org
  oer-reveal-20250319.1454/org/source-code-licenses.org
  oer-reveal-20250319.1454/ox-oer-reveal.el
  oer-reveal-20250319.1454/title-slide/
  oer-reveal-20250319.1454/title-slide/course-mlde-qr.html
  oer-reveal-20250319.1454/title-slide/course-mlde.html
  oer-reveal-20250319.1454/title-slide/csos.html
  oer-reveal-20250319.1454/title-slide/dbis-course.html
  oer-reveal-20250319.1454/title-slide/dbis-talk-de.html
  oer-reveal-20250319.1454/title-slide/dbis-talk-glr-de.html
  oer-reveal-20250319.1454/title-slide/dbis-talk-pdf.html
  oer-reveal-20250319.1454/title-slide/dbis-talk-qr-de.html
  oer-reveal-20250319.1454/title-slide/dbis-talk-qr.html
  oer-reveal-20250319.1454/title-slide/dbis-talk.html
  oer-reveal-20250319.1454/title-slide/ds.html
  oer-reveal-20250319.1454/title-slide/ercis-talk-online-qr.html
  oer-reveal-20250319.1454/title-slide/ercis-talk-online.html
  oer-reveal-20250319.1454/title-slide/ercis-talk.html
  oer-reveal-20250319.1454/title-slide/ercis-talk2019.html
  oer-reveal-20250319.1454/title-slide/ercis2019-talk-online-qr.html
  oer-reveal-20250319.1454/title-slide/ercis2019-vortrag.html
  oer-reveal-20250319.1454/title-slide/ercis2023-talk-online-qr.html
  oer-reveal-20250319.1454/title-slide/kurs-mlde.html
  oer-reveal-20250319.1454/title-slide/kurs.html
 ✓ Success:
  2025-03-19T23:29:35+0000  oer-reveal-20250319.1454.entry
  2025-03-19T23:29:35+0000  oer-reveal-20250319.1454.tar
Built oer-reveal in 4.629s, finished at 2025-03-19T23:29:36+0000
