 • Building package olc (from https://gitlab.liu.se/davby02/olc.git)...
Updating /mnt/store/melpa/working/olc/
Checking out d2dc62dbc3cf6460cc12bd96857a988bc80ac37e
Copying files (->) and directories (=>)
  from /mnt/store/melpa/working/olc/
  to /tmp/olcxUzWhK/olc-20200818.1221
    olc.el -> olc.el
    olc.info -> olc.info
    olc.texi -> olc.texi
Generating olc.info
Created olc-20200818.1221.tar containing:
  olc-20200818.1221/
  olc-20200818.1221/dir
  olc-20200818.1221/olc-pkg.el
  olc-20200818.1221/olc.el
  olc-20200818.1221/olc.info
 ✓ Success:
  2025-12-15T00:26:02+0000  olc-20200818.1221.entry
  2025-12-15T00:26:02+0000  olc-20200818.1221.tar
Built olc in 7.759s, finished at 2025-12-15T00:26:03+0000
