Package: omni-tags
Fetcher: github
Source:  https://github.com/AdrieanKhisbe/omni-tags.el.git

Updating /mnt/store/melpa/working/omni-tags/
Checking out 8f0f6c302fab900b7681e5c039f90850cbbabd33
Copying files (->) and directories (=>)
  from /mnt/store/melpa/working/omni-tags/
  to /tmp/omni-tagsRF74uK/omni-tags-20170426.2109
    omni-tags-face.el -> omni-tags-face.el
    omni-tags-navigation.el -> omni-tags-navigation.el
    omni-tags-utils.el -> omni-tags-utils.el
    omni-tags.el -> omni-tags.el
Created omni-tags-20170426.2109.tar containing:
  omni-tags-20170426.2109/
  omni-tags-20170426.2109/omni-tags-face.el
  omni-tags-20170426.2109/omni-tags-navigation.el
  omni-tags-20170426.2109/omni-tags-pkg.el
  omni-tags-20170426.2109/omni-tags-utils.el
  omni-tags-20170426.2109/omni-tags.el
 ✓ Success:
  2024-08-09T00:11:01+0000  omni-tags-20170426.2109.entry
  2024-08-09T00:11:01+0000  omni-tags-20170426.2109.tar
Built omni-tags in 2.928s, finished at 2024-08-09T00:11:02+0000
