Package: one-themes
Fetcher: github
Source:  https://github.com/balajisivaraman/emacs-one-themes

Updating /mnt/store/melpa/working/one-themes/
Checking out 16aa7318490c0f47aca328a8c6cfe3267a80bb76
Copying files (->) and directories (=>)
  from /mnt/store/melpa/working/one-themes/
  to /tmp/one-themesFuQPZV/one-themes-20200720.1444
    one-dark-theme.el -> one-dark-theme.el
    one-light-theme.el -> one-light-theme.el
    one-themes.el -> one-themes.el
Created one-themes-20200720.1444.tar containing:
  one-themes-20200720.1444/
  one-themes-20200720.1444/one-dark-theme.el
  one-themes-20200720.1444/one-light-theme.el
  one-themes-20200720.1444/one-themes-pkg.el
  one-themes-20200720.1444/one-themes.el
 ✓ Success:
  2025-01-10T23:52:06+0000  one-themes-20200720.1444.entry
  2025-01-10T23:52:06+0000  one-themes-20200720.1444.tar
Built one-themes in 2.315s, finished at 2025-01-10T23:52:07+0000
