Package: opensource
Fetcher: github
Source:  https://github.com/OpenSourceOrg/el-opensourceorg.git

Updating /mnt/store/melpa/working/opensource/
Checking out 42742d5f1b9590acff7f05ee0094e3a80f4f7171
Copying files (->) and directories (=>)
  from /mnt/store/melpa/working/opensource/
  to /tmp/opensourcexSi3be/opensource-20160926.1616
    opensource-api.el -> opensource-api.el
    opensource-http.el -> opensource-http.el
    opensource-licenses.el -> opensource-licenses.el
    opensource-utils.el -> opensource-utils.el
    opensource-version.el -> opensource-version.el
    opensource.el -> opensource.el
Created opensource-20160926.1616.tar containing:
  opensource-20160926.1616/
  opensource-20160926.1616/opensource-api.el
  opensource-20160926.1616/opensource-http.el
  opensource-20160926.1616/opensource-licenses.el
  opensource-20160926.1616/opensource-pkg.el
  opensource-20160926.1616/opensource-utils.el
  opensource-20160926.1616/opensource-version.el
  opensource-20160926.1616/opensource.el
 ✓ Success:
  2023-12-28T15:26:33+0000  opensource-20160926.1616.entry
  2023-12-28T15:26:33+0000  opensource-20160926.1616.tar
Built opensource in 4.109s, finished at 2023-12-28T15:26:34+0000
