Package: org-mem
Fetcher: github
Source:  https://github.com/meedstrom/org-mem

Updating /mnt/store/melpa/working/org-mem/
Checking out cb5a2626c764b51a00858416dd5dfca225364f67
Copying files (->) and directories (=>)
  from /mnt/store/melpa/working/org-mem/
  to /tmp/org-memi0AXnv/org-mem-20250712.845
    org-mem-db1.el -> org-mem-db1.el
    org-mem-list.el -> org-mem-list.el
    org-mem-parser.el -> org-mem-parser.el
    org-mem-roamy.el -> org-mem-roamy.el
    org-mem-updater.el -> org-mem-updater.el
    org-mem.el -> org-mem.el
  ! lisp/indexed-list.el -> indexed-list.el
  ! lisp/indexed-org-parser.el -> indexed-org-parser.el
  ! lisp/indexed-orgdb.el -> indexed-orgdb.el
  ! lisp/indexed-roam.el -> indexed-roam.el
  ! lisp/indexed-x.el -> indexed-x.el
  ! lisp/indexed.el -> indexed.el
  ! lisp/org-mem-x.el -> org-mem-x.el
Created org-mem-20250712.845.tar containing:
  org-mem-20250712.845/
  org-mem-20250712.845/indexed-list.el
  org-mem-20250712.845/indexed-org-parser.el
  org-mem-20250712.845/indexed-orgdb.el
  org-mem-20250712.845/indexed-roam.el
  org-mem-20250712.845/indexed-x.el
  org-mem-20250712.845/indexed.el
  org-mem-20250712.845/org-mem-db1.el
  org-mem-20250712.845/org-mem-list.el
  org-mem-20250712.845/org-mem-parser.el
  org-mem-20250712.845/org-mem-pkg.el
  org-mem-20250712.845/org-mem-roamy.el
  org-mem-20250712.845/org-mem-updater.el
  org-mem-20250712.845/org-mem-x.el
  org-mem-20250712.845/org-mem.el
 ✓ Success:
  2025-07-14T02:03:20+0000  org-mem-20250712.845.entry
  2025-07-14T02:03:20+0000  org-mem-20250712.845.tar
Built org-mem in 3.635s, finished at 2025-07-14T02:03:21+0000
