Package: org-link-beautify
Fetcher: git
Source:  https://repo.or.cz/org-link-beautify.git

Updating /mnt/store/melpa/working/org-link-beautify/
Checking out ea2eb5107c342ac914b60fc81077592a7b882c81
Copying files (->) and directories (=>)
  from /mnt/store/melpa/working/org-link-beautify/
  to /tmp/org-link-beautifybo7ntF/org-link-beautify-20240630.1705
    org-link-beautify.el -> org-link-beautify.el
    scripts => scripts
Created org-link-beautify-20240630.1705.tar containing:
  org-link-beautify-20240630.1705/
  org-link-beautify-20240630.1705/org-link-beautify-pkg.el
  org-link-beautify-20240630.1705/org-link-beautify.el
  org-link-beautify-20240630.1705/scripts/
  org-link-beautify-20240630.1705/scripts/epub-thumbnailer.py
 ✓ Success:
  2024-06-30T23:09:08+0000  org-link-beautify-20240630.1705.entry
  2024-06-30T23:09:08+0000  org-link-beautify-20240630.1705.tar
Built org-link-beautify in 5.492s, finished at 2024-06-30T23:09:10+0000
