Package: org-chef
Fetcher: github
Source:  https://github.com/Chobbes/org-chef

Updating /mnt/store/melpa/working/org-chef/
Checking out 1710b54441ed744dcdfb125d08fb88cfaf452f10
Copying files (->) and directories (=>)
  from /mnt/store/melpa/working/org-chef/
  to /tmp/org-chefZ7LnUr/org-chef-20231127.1601
    org-chef-24kitchen.el -> org-chef-24kitchen.el
    org-chef-basics-with-babish.el -> org-chef-basics-with-babish.el
    org-chef-bbc-food.el -> org-chef-bbc-food.el
    org-chef-bbc-good-food.el -> org-chef-bbc-good-food.el
    org-chef-binging-with-babish.el -> org-chef-binging-with-babish.el
    org-chef-chef-koch.el -> org-chef-chef-koch.el
    org-chef-cultures-for-health.el -> org-chef-cultures-for-health.el
    org-chef-edit.el -> org-chef-edit.el
    org-chef-fine-cooking.el -> org-chef-fine-cooking.el
    org-chef-genius-kitchen.el -> org-chef-genius-kitchen.el
    org-chef-jamie-oliver.el -> org-chef-jamie-oliver.el
    org-chef-json-ld.el -> org-chef-json-ld.el
    org-chef-kotikokki.el -> org-chef-kotikokki.el
    org-chef-marmiton.el -> org-chef-marmiton.el
    org-chef-martha-stewart.el -> org-chef-martha-stewart.el
    org-chef-nytimes.el -> org-chef-nytimes.el
    org-chef-recipetin-eats.el -> org-chef-recipetin-eats.el
    org-chef-reluctant-gourmet.el -> org-chef-reluctant-gourmet.el
    org-chef-saveur.el -> org-chef-saveur.el
    org-chef-serious-eats.el -> org-chef-serious-eats.el
    org-chef-simply-recipes.el -> org-chef-simply-recipes.el
    org-chef-taste.el -> org-chef-taste.el
    org-chef-utils.el -> org-chef-utils.el
    org-chef-wordpress.el -> org-chef-wordpress.el
    org-chef-xiachufang.el -> org-chef-xiachufang.el
    org-chef.el -> org-chef.el
Created org-chef-20231127.1601.tar containing:
  org-chef-20231127.1601/
  org-chef-20231127.1601/org-chef-24kitchen.el
  org-chef-20231127.1601/org-chef-basics-with-babish.el
  org-chef-20231127.1601/org-chef-bbc-food.el
  org-chef-20231127.1601/org-chef-bbc-good-food.el
  org-chef-20231127.1601/org-chef-binging-with-babish.el
  org-chef-20231127.1601/org-chef-chef-koch.el
  org-chef-20231127.1601/org-chef-cultures-for-health.el
  org-chef-20231127.1601/org-chef-edit.el
  org-chef-20231127.1601/org-chef-fine-cooking.el
  org-chef-20231127.1601/org-chef-genius-kitchen.el
  org-chef-20231127.1601/org-chef-jamie-oliver.el
  org-chef-20231127.1601/org-chef-json-ld.el
  org-chef-20231127.1601/org-chef-kotikokki.el
  org-chef-20231127.1601/org-chef-marmiton.el
  org-chef-20231127.1601/org-chef-martha-stewart.el
  org-chef-20231127.1601/org-chef-nytimes.el
  org-chef-20231127.1601/org-chef-pkg.el
  org-chef-20231127.1601/org-chef-recipetin-eats.el
  org-chef-20231127.1601/org-chef-reluctant-gourmet.el
  org-chef-20231127.1601/org-chef-saveur.el
  org-chef-20231127.1601/org-chef-serious-eats.el
  org-chef-20231127.1601/org-chef-simply-recipes.el
  org-chef-20231127.1601/org-chef-taste.el
  org-chef-20231127.1601/org-chef-utils.el
  org-chef-20231127.1601/org-chef-wordpress.el
  org-chef-20231127.1601/org-chef-xiachufang.el
  org-chef-20231127.1601/org-chef.el
 ✓ Success:
  2025-01-13T00:00:14+0000  org-chef-20231127.1601.entry
  2025-01-13T00:00:14+0000  org-chef-20231127.1601.tar
Built org-chef in 2.129s, finished at 2025-01-13T00:00:14+0000
