Package: org-newtab
Fetcher: github
Source:  https://github.com/Zweihander-Main/org-newtab.git

Updating /mnt/store/melpa/working/org-newtab/
Checking out faa4096b177a3bd0c568a1233cd2299d89a3df0c
Copying files (->) and directories (=>)
  from /mnt/store/melpa/working/org-newtab/
  to /tmp/org-newtabjf8XLs/org-newtab-20240206.412
  ! lisp/org-newtab-agenda.el -> org-newtab-agenda.el
  ! lisp/org-newtab-mode.el -> org-newtab-mode.el
  ! lisp/org-newtab-server.el -> org-newtab-server.el
  ! lisp/org-newtab.el -> org-newtab.el
Created org-newtab-20240206.412.tar containing:
  org-newtab-20240206.412/
  org-newtab-20240206.412/org-newtab-agenda.el
  org-newtab-20240206.412/org-newtab-mode.el
  org-newtab-20240206.412/org-newtab-pkg.el
  org-newtab-20240206.412/org-newtab-server.el
  org-newtab-20240206.412/org-newtab.el
 ✓ Success:
  2024-02-18T23:55:24+0000  org-newtab-20240206.412.entry
  2024-02-18T23:55:24+0000  org-newtab-20240206.412.tar
Built org-newtab in 3.967s, finished at 2024-02-18T23:55:26+0000
