Package: org-notifications
Fetcher: github
Source:  https://github.com/doppelc/org-notifications

Updating /mnt/store/melpa/working/org-notifications/
Checking out b8032f8adfbeb328962a5657c6dd173e64cc76e5
Copying files (->) and directories (=>)
  from /mnt/store/melpa/working/org-notifications/
  to /tmp/org-notificationsbXJAak/org-notifications-20210918.1827
    org-notifications.el -> org-notifications.el
    sounds => sounds
Created org-notifications-20210918.1827.tar containing:
  org-notifications-20210918.1827/
  org-notifications-20210918.1827/org-notifications-pkg.el
  org-notifications-20210918.1827/org-notifications.el
  org-notifications-20210918.1827/sounds/
  org-notifications-20210918.1827/sounds/ding_elevator.wav
  org-notifications-20210918.1827/sounds/ding_percussion.wav
 ✓ Success:
  2025-02-14T22:32:24+0000  org-notifications-20210918.1827.entry
  2025-02-14T22:32:23+0000  org-notifications-20210918.1827.tar
Built org-notifications in 4.265s, finished at 2025-02-14T22:32:25+0000
