Package: org-caldav
Fetcher: github
Source:  https://github.com/dengste/org-caldav.git

Updating /mnt/store/melpa/working/org-caldav/
Checking out 9f4db50f06e787737581e9134164837216848fa6
Copying files (->) and directories (=>)
  from /mnt/store/melpa/working/org-caldav/
  to /tmp/org-caldavJ0eZWo/org-caldav-20240714.1732
    org-caldav.el -> org-caldav.el
  ! doc/org-caldav.texi -> org-caldav.texi
Generating /tmp/org-caldavJ0eZWo/org-caldav-20240714.1732/org-caldav.info
Created org-caldav-20240714.1732.tar containing:
  org-caldav-20240714.1732/
  org-caldav-20240714.1732/dir
  org-caldav-20240714.1732/org-caldav-pkg.el
  org-caldav-20240714.1732/org-caldav.el
  org-caldav-20240714.1732/org-caldav.info
 ✓ Success:
  2024-07-22T22:19:08+0000  org-caldav-20240714.1732.entry
  2024-07-22T22:19:08+0000  org-caldav-20240714.1732.tar
Built org-caldav in 10.998s, finished at 2024-07-22T22:19:10+0000
