Package: org-roam-bibtex
Fetcher: github
Source:  https://github.com/org-roam/org-roam-bibtex.git

Updating /mnt/store/melpa/working/org-roam-bibtex/
Checking out f90ac12b7ae5ba7bcdebfe53796fd0417946e5e1
Copying files (->) and directories (=>)
  from /mnt/store/melpa/working/org-roam-bibtex/
  to /tmp/org-roam-bibtexnFDRew/org-roam-bibtex-20230628.2036
    orb-anystyle.el -> orb-anystyle.el
    orb-compat.el -> orb-compat.el
    orb-core.el -> orb-core.el
    orb-helm.el -> orb-helm.el
    orb-ivy.el -> orb-ivy.el
    orb-pdf-scrapper.el -> orb-pdf-scrapper.el
    orb-pkg.el -> orb-pkg.el
    orb-section.el -> orb-section.el
    orb-utils.el -> orb-utils.el
    org-roam-bibtex.el -> org-roam-bibtex.el
Created org-roam-bibtex-20230628.2036.tar containing:
  org-roam-bibtex-20230628.2036/
  org-roam-bibtex-20230628.2036/orb-anystyle.el
  org-roam-bibtex-20230628.2036/orb-compat.el
  org-roam-bibtex-20230628.2036/orb-core.el
  org-roam-bibtex-20230628.2036/orb-helm.el
  org-roam-bibtex-20230628.2036/orb-ivy.el
  org-roam-bibtex-20230628.2036/orb-pdf-scrapper.el
  org-roam-bibtex-20230628.2036/orb-pkg.el
  org-roam-bibtex-20230628.2036/orb-section.el
  org-roam-bibtex-20230628.2036/orb-utils.el
  org-roam-bibtex-20230628.2036/org-roam-bibtex-pkg.el
  org-roam-bibtex-20230628.2036/org-roam-bibtex.el
 ✓ Success:
  2024-02-14T06:37:07+0000  org-roam-bibtex-20230628.2036.entry
  2024-02-14T06:37:07+0000  org-roam-bibtex-20230628.2036.tar
Built org-roam-bibtex in 1.604s, finished at 2024-02-14T06:37:07+0000
