Package: org-doing
Fetcher: github
Source:  https://github.com/emacsattic/org-doing.git

Updating /mnt/store/melpa/working/org-doing/
Checking out 4819e75c827c2115bd28f3b3148d846aa64ccd9b
Copying files (->) and directories (=>)
  from /mnt/store/melpa/working/org-doing/
  to /tmp/org-doingflg6sW/org-doing-20161017.1620
    org-doing.el -> org-doing.el
    bin => bin
Created org-doing-20161017.1620.tar containing:
  org-doing-20161017.1620/
  org-doing-20161017.1620/bin/
  org-doing-20161017.1620/bin/org-doing
  org-doing-20161017.1620/org-doing-pkg.el
  org-doing-20161017.1620/org-doing.el
 ✓ Success:
  2024-09-08T00:01:06+0000  org-doing-20161017.1620.entry
  2024-09-08T00:01:06+0000  org-doing-20161017.1620.tar
Built org-doing in 2.425s, finished at 2024-09-08T00:01:07+0000
