Package: org-linenote
Fetcher: github
Source:  https://github.com/seokbeomKim/org-linenote

Updating /mnt/store/melpa/working/org-linenote/
Checking out 407d2ac834d1de82dd1e37f4642f74a81cf03350
Copying files (->) and directories (=>)
  from /mnt/store/melpa/working/org-linenote/
  to /tmp/org-linenote5JE4rN/org-linenote-20241231.616
    org-linenote.el -> org-linenote.el
    org-linenote.info -> org-linenote.info
Created org-linenote-20241231.616.tar containing:
  org-linenote-20241231.616/
  org-linenote-20241231.616/dir
  org-linenote-20241231.616/org-linenote-pkg.el
  org-linenote-20241231.616/org-linenote.el
  org-linenote-20241231.616/org-linenote.info
 ✓ Success:
  2025-02-04T22:46:44+0000  org-linenote-20241231.616.entry
  2025-02-04T22:46:43+0000  org-linenote-20241231.616.tar
Built org-linenote in 3.231s, finished at 2025-02-04T22:46:44+0000
