Package: org-mpv-notes
Fetcher: github
Source:  https://github.com/bpanthi977/org-mpv-notes.git

Updating /mnt/store/melpa/working/org-mpv-notes/
Checking out f4d8d5702704844b8999e33063782d85a582a46a
Copying files (->) and directories (=>)
  from /mnt/store/melpa/working/org-mpv-notes/
  to /tmp/org-mpv-notesT5PwxE/org-mpv-notes-20240916.1730
    org-mpv-notes-compat.el -> org-mpv-notes-compat.el
    org-mpv-notes-subtitles.el -> org-mpv-notes-subtitles.el
    org-mpv-notes.el -> org-mpv-notes.el
Created org-mpv-notes-20240916.1730.tar containing:
  org-mpv-notes-20240916.1730/
  org-mpv-notes-20240916.1730/org-mpv-notes-compat.el
  org-mpv-notes-20240916.1730/org-mpv-notes-pkg.el
  org-mpv-notes-20240916.1730/org-mpv-notes-subtitles.el
  org-mpv-notes-20240916.1730/org-mpv-notes.el
 ✓ Success:
  2024-09-16T23:00:10+0000  org-mpv-notes-20240916.1730.entry
  2024-09-16T23:00:10+0000  org-mpv-notes-20240916.1730.tar
Built org-mpv-notes in 2.580s, finished at 2024-09-16T23:00:11+0000
