Package: org-roam
Fetcher: github
Source:  https://github.com/org-roam/org-roam.git

Updating /mnt/store/melpa/working/org-roam/
Checking out fdd834d9bf2d98a05488854f1201df5e701f000b
Copying files (->) and directories (=>)
  from /mnt/store/melpa/working/org-roam/
  to /tmp/org-roamG0eFzV/org-roam-20240714.815
    org-roam-capture.el -> org-roam-capture.el
    org-roam-compat.el -> org-roam-compat.el
    org-roam-db.el -> org-roam-db.el
    org-roam-id.el -> org-roam-id.el
    org-roam-log.el -> org-roam-log.el
    org-roam-migrate.el -> org-roam-migrate.el
    org-roam-mode.el -> org-roam-mode.el
    org-roam-node.el -> org-roam-node.el
    org-roam-utils.el -> org-roam-utils.el
    org-roam.el -> org-roam.el
  ! doc/org-roam.texi -> org-roam.texi
  ! extensions/org-roam-dailies.el -> org-roam-dailies.el
  ! extensions/org-roam-export.el -> org-roam-export.el
  ! extensions/org-roam-graph.el -> org-roam-graph.el
  ! extensions/org-roam-overlay.el -> org-roam-overlay.el
  ! extensions/org-roam-protocol.el -> org-roam-protocol.el
Generating /tmp/org-roamG0eFzV/org-roam-20240714.815/org-roam.info
Created org-roam-20240714.815.tar containing:
  org-roam-20240714.815/
  org-roam-20240714.815/dir
  org-roam-20240714.815/org-roam-capture.el
  org-roam-20240714.815/org-roam-compat.el
  org-roam-20240714.815/org-roam-dailies.el
  org-roam-20240714.815/org-roam-db.el
  org-roam-20240714.815/org-roam-export.el
  org-roam-20240714.815/org-roam-graph.el
  org-roam-20240714.815/org-roam-id.el
  org-roam-20240714.815/org-roam-log.el
  org-roam-20240714.815/org-roam-migrate.el
  org-roam-20240714.815/org-roam-mode.el
  org-roam-20240714.815/org-roam-node.el
  org-roam-20240714.815/org-roam-overlay.el
  org-roam-20240714.815/org-roam-pkg.el
  org-roam-20240714.815/org-roam-protocol.el
  org-roam-20240714.815/org-roam-utils.el
  org-roam-20240714.815/org-roam.el
  org-roam-20240714.815/org-roam.info
 ✓ Success:
  2024-07-14T23:57:46+0000  org-roam-20240714.815.entry
  2024-07-14T23:57:46+0000  org-roam-20240714.815.tar
Built org-roam in 6.554s, finished at 2024-07-14T23:57:47+0000
