Package: org-iv
Fetcher: github
Source:  https://github.com/kuangdash/org-iv

Updating /mnt/store/melpa/working/org-iv/
Checking out 7f2bb1b32647655fd9d6684f6f09dcc66b61b0cd
Copying files (->) and directories (=>)
  from /mnt/store/melpa/working/org-iv/
  to /tmp/org-ivMlh8Xq/org-iv-20171001.1022
    org-iv-config.el -> org-iv-config.el
    org-iv-pkg.el -> org-iv-pkg.el
    org-iv.el -> org-iv.el
Created org-iv-20171001.1022.tar containing:
  org-iv-20171001.1022/
  org-iv-20171001.1022/org-iv-config.el
  org-iv-20171001.1022/org-iv-pkg.el
  org-iv-20171001.1022/org-iv.el
 ✓ Success:
  2025-03-27T00:12:26+0000  org-iv-20171001.1022.entry
  2025-03-27T00:12:26+0000  org-iv-20171001.1022.tar
Built org-iv in 3.203s, finished at 2025-03-27T00:12:27+0000
