 • Building package org-srs (from github:bohonghuang/org-srs)...
Updating /mnt/store/melpa/working/org-srs/
Checking out 6b66dce1b8729558b9e7d7e775e51e05c4e398ec
Copying files (->) and directories (=>)
  from /mnt/store/melpa/working/org-srs/
  to /tmp/org-srs3EQDMi/org-srs-20251217.1414
    org-srs-algorithm-fsrs-optimizer.el -> org-srs-algorithm-fsrs-optimizer.el
    org-srs-algorithm-fsrs.el -> org-srs-algorithm-fsrs.el
    org-srs-algorithm.el -> org-srs-algorithm.el
    org-srs-embed.el -> org-srs-embed.el
    org-srs-entry.el -> org-srs-entry.el
    org-srs-item-card.el -> org-srs-item-card.el
    org-srs-item-cloze-latex.el -> org-srs-item-cloze-latex.el
    org-srs-item-cloze.el -> org-srs-item-cloze.el
    org-srs-item.el -> org-srs-item.el
    org-srs-log.el -> org-srs-log.el
    org-srs-property.el -> org-srs-property.el
    org-srs-query.el -> org-srs-query.el
    org-srs-review-ahead.el -> org-srs-review-ahead.el
    org-srs-review-cache.el -> org-srs-review-cache.el
    org-srs-review-cram.el -> org-srs-review-cram.el
    org-srs-review-rate.el -> org-srs-review-rate.el
    org-srs-review-strategy.el -> org-srs-review-strategy.el
    org-srs-review.el -> org-srs-review.el
    org-srs-schedule-bury.el -> org-srs-schedule-bury.el
    org-srs-schedule-fuzz.el -> org-srs-schedule-fuzz.el
    org-srs-schedule-offset.el -> org-srs-schedule-offset.el
    org-srs-schedule-step.el -> org-srs-schedule-step.el
    org-srs-schedule.el -> org-srs-schedule.el
    org-srs-stats-history.el -> org-srs-stats-history.el
    org-srs-stats-interval.el -> org-srs-stats-interval.el
    org-srs-stats.el -> org-srs-stats.el
    org-srs-table.el -> org-srs-table.el
    org-srs-time.el -> org-srs-time.el
    org-srs-ui-child-frame.el -> org-srs-ui-child-frame.el
    org-srs-ui-header-line.el -> org-srs-ui-header-line.el
    org-srs-ui-mouse.el -> org-srs-ui-mouse.el
    org-srs-ui.el -> org-srs-ui.el
    org-srs.el -> org-srs.el
Created org-srs-20251217.1414.tar containing:
  org-srs-20251217.1414/
  org-srs-20251217.1414/org-srs-algorithm-fsrs-optimizer.el
  org-srs-20251217.1414/org-srs-algorithm-fsrs.el
  org-srs-20251217.1414/org-srs-algorithm.el
  org-srs-20251217.1414/org-srs-embed.el
  org-srs-20251217.1414/org-srs-entry.el
  org-srs-20251217.1414/org-srs-item-card.el
  org-srs-20251217.1414/org-srs-item-cloze-latex.el
  org-srs-20251217.1414/org-srs-item-cloze.el
  org-srs-20251217.1414/org-srs-item.el
  org-srs-20251217.1414/org-srs-log.el
  org-srs-20251217.1414/org-srs-pkg.el
  org-srs-20251217.1414/org-srs-property.el
  org-srs-20251217.1414/org-srs-query.el
  org-srs-20251217.1414/org-srs-review-ahead.el
  org-srs-20251217.1414/org-srs-review-cache.el
  org-srs-20251217.1414/org-srs-review-cram.el
  org-srs-20251217.1414/org-srs-review-rate.el
  org-srs-20251217.1414/org-srs-review-strategy.el
  org-srs-20251217.1414/org-srs-review.el
  org-srs-20251217.1414/org-srs-schedule-bury.el
  org-srs-20251217.1414/org-srs-schedule-fuzz.el
  org-srs-20251217.1414/org-srs-schedule-offset.el
  org-srs-20251217.1414/org-srs-schedule-step.el
  org-srs-20251217.1414/org-srs-schedule.el
  org-srs-20251217.1414/org-srs-stats-history.el
  org-srs-20251217.1414/org-srs-stats-interval.el
  org-srs-20251217.1414/org-srs-stats.el
  org-srs-20251217.1414/org-srs-table.el
  org-srs-20251217.1414/org-srs-time.el
  org-srs-20251217.1414/org-srs-ui-child-frame.el
  org-srs-20251217.1414/org-srs-ui-header-line.el
  org-srs-20251217.1414/org-srs-ui-mouse.el
  org-srs-20251217.1414/org-srs-ui.el
  org-srs-20251217.1414/org-srs.el
 ✓ Success:
  2025-12-22T00:04:49+0000  org-srs-20251217.1414.entry
  2025-12-22T00:04:49+0000  org-srs-20251217.1414.tar
Built org-srs in 3.769s, finished at 2025-12-22T00:04:50+0000
