Package: org-node
Fetcher: github
Source:  https://github.com/meedstrom/org-node

Updating /mnt/store/melpa/working/org-node/
Checking out 35cd714d0157ca1c7d4f9ce577b600e8f4e6679f
Copying files (->) and directories (=>)
  from /mnt/store/melpa/working/org-node/
  to /tmp/org-node1Zi2Gb/org-node-20250130.1423
    org-node-backlink.el -> org-node-backlink.el
    org-node-changes.el -> org-node-changes.el
    org-node-parser.el -> org-node-parser.el
    org-node-seq.el -> org-node-seq.el
    org-node.el -> org-node.el
    org-node.texi -> org-node.texi
Generating org-node.info
Created org-node-20250130.1423.tar containing:
  org-node-20250130.1423/
  org-node-20250130.1423/dir
  org-node-20250130.1423/org-node-backlink.el
  org-node-20250130.1423/org-node-changes.el
  org-node-20250130.1423/org-node-parser.el
  org-node-20250130.1423/org-node-pkg.el
  org-node-20250130.1423/org-node-seq.el
  org-node-20250130.1423/org-node.el
  org-node-20250130.1423/org-node.info
 ✓ Success:
  2025-01-30T23:25:24+0000  org-node-20250130.1423.entry
  2025-01-30T23:25:24+0000  org-node-20250130.1423.tar
Built org-node in 7.789s, finished at 2025-01-30T23:25:25+0000
