Package: org-node-fakeroam
Fetcher: github
Source:  https://github.com/meedstrom/org-node-fakeroam

Updating /mnt/store/melpa/working/org-node-fakeroam/
Checking out fdc2852eabe8c0f2f6366f88d1cf813c3394da4c
Copying files (->) and directories (=>)
  from /mnt/store/melpa/working/org-node-fakeroam/
  to /tmp/org-node-fakeroam5g0xi8/org-node-fakeroam-20250301.1413
    org-node-fakeroam.el -> org-node-fakeroam.el
    org-node-fakeroam.texi -> org-node-fakeroam.texi
Generating org-node-fakeroam.info
Created org-node-fakeroam-20250301.1413.tar containing:
  org-node-fakeroam-20250301.1413/
  org-node-fakeroam-20250301.1413/dir
  org-node-fakeroam-20250301.1413/org-node-fakeroam-pkg.el
  org-node-fakeroam-20250301.1413/org-node-fakeroam.el
  org-node-fakeroam-20250301.1413/org-node-fakeroam.info
 ✓ Success:
  2025-03-02T22:38:01+0000  org-node-fakeroam-20250301.1413.entry
  2025-03-02T22:38:01+0000  org-node-fakeroam-20250301.1413.tar
Built org-node-fakeroam in 8.817s, finished at 2025-03-02T22:38:03+0000
