Package: org-octopress
Fetcher: github
Source:  https://github.com/yoshinari-nomura/org-octopress.git

Updating /mnt/store/melpa/working/org-octopress/
Checking out 38598ef98d04076a8eb78d549907ddfde8d3a652
Copying files (->) and directories (=>)
  from /mnt/store/melpa/working/org-octopress/
  to /tmp/org-octopressfu1R78/org-octopress-20170821.415
    org-octopress.el -> org-octopress.el
    ox-jekyll.el -> ox-jekyll.el
    setupfile-sample.org -> setupfile-sample.org
Created org-octopress-20170821.415.tar containing:
  org-octopress-20170821.415/
  org-octopress-20170821.415/org-octopress-pkg.el
  org-octopress-20170821.415/org-octopress.el
  org-octopress-20170821.415/ox-jekyll.el
  org-octopress-20170821.415/setupfile-sample.org
 ✓ Success:
  2024-02-17T23:23:11+0000  org-octopress-20170821.415.entry
  2024-02-17T23:23:11+0000  org-octopress-20170821.415.tar
Built org-octopress in 0.974s, finished at 2024-02-17T23:23:12+0000
