Package: org-linkotron
Fetcher: gitlab
Source:  https://gitlab.com/perweij/org-linkotron

Updating /mnt/store/melpa/working/org-linkotron/
Checking out d0adc5247b205bc73d2f1a83d4a512d2be541eb5
Copying files (->) and directories (=>)
  from /mnt/store/melpa/working/org-linkotron/
  to /tmp/org-linkotronfPlSTl/org-linkotron-20200112.2235
    org-linkotron.el -> org-linkotron.el
    org-linkotron.info -> org-linkotron.info
Created org-linkotron-20200112.2235.tar containing:
  org-linkotron-20200112.2235/
  org-linkotron-20200112.2235/dir
  org-linkotron-20200112.2235/org-linkotron-pkg.el
  org-linkotron-20200112.2235/org-linkotron.el
  org-linkotron-20200112.2235/org-linkotron.info
 ✓ Success:
  2024-09-26T23:08:26+0000  org-linkotron-20200112.2235.entry
  2024-09-26T23:08:26+0000  org-linkotron-20200112.2235.tar
Built org-linkotron in 3.153s, finished at 2024-09-26T23:08:27+0000
