Package: org-pomodoro
Fetcher: github
Source:  https://github.com/marcinkoziej/org-pomodoro.git

Updating /mnt/store/melpa/working/org-pomodoro/
Checking out 3f5bcfb80d61556d35fc29e5ddb09750df962cc6
Copying files (->) and directories (=>)
  from /mnt/store/melpa/working/org-pomodoro/
  to /tmp/org-pomodoroHmvQx4/org-pomodoro-20220318.1618
    org-pomodoro-pidgin.el -> org-pomodoro-pidgin.el
    org-pomodoro.el -> org-pomodoro.el
    resources => resources
Created org-pomodoro-20220318.1618.tar containing:
  org-pomodoro-20220318.1618/
  org-pomodoro-20220318.1618/org-pomodoro-pidgin.el
  org-pomodoro-20220318.1618/org-pomodoro-pkg.el
  org-pomodoro-20220318.1618/org-pomodoro.el
  org-pomodoro-20220318.1618/resources/
  org-pomodoro-20220318.1618/resources/bell.wav
  org-pomodoro-20220318.1618/resources/bell_multiple.wav
  org-pomodoro-20220318.1618/resources/tick.wav
 ✓ Success:
  2024-06-30T23:09:33+0000  org-pomodoro-20220318.1618.entry
  2024-06-30T23:09:32+0000  org-pomodoro-20220318.1618.tar
Built org-pomodoro in 4.315s, finished at 2024-06-30T23:09:34+0000
