 • Building package org-treeusage (from gitlab:mtekman/org-treeusage.el)...
Updating /mnt/store/melpa/working/org-treeusage/
Checking out c561b3d468aa35e70a43d9a18a4f505996ae882d
Copying files (->) and directories (=>)
  from /mnt/store/melpa/working/org-treeusage/
  to /tmp/org-treeusagee1OV0s/org-treeusage-20221011.1301
    org-treeusage-cycle.el -> org-treeusage-cycle.el
    org-treeusage-overlay.el -> org-treeusage-overlay.el
    org-treeusage-parse.el -> org-treeusage-parse.el
    org-treeusage.el -> org-treeusage.el
Created org-treeusage-20221011.1301.tar containing:
  org-treeusage-20221011.1301/
  org-treeusage-20221011.1301/org-treeusage-cycle.el
  org-treeusage-20221011.1301/org-treeusage-overlay.el
  org-treeusage-20221011.1301/org-treeusage-parse.el
  org-treeusage-20221011.1301/org-treeusage-pkg.el
  org-treeusage-20221011.1301/org-treeusage.el
 ✓ Success:
  2025-12-15T00:29:02+0000  org-treeusage-20221011.1301.entry
  2025-12-15T00:29:02+0000  org-treeusage-20221011.1301.tar
Built org-treeusage in 3.623s, finished at 2025-12-15T00:29:03+0000
