Package: org-cliplink
Fetcher: github
Source:  https://github.com/rexim/org-cliplink

Updating /mnt/store/melpa/working/org-cliplink/
Checking out 13e0940b65d22bec34e2de4bc8cba1412a7abfbc
Copying files (->) and directories (=>)
  from /mnt/store/melpa/working/org-cliplink/
  to /tmp/org-cliplinkbkKKBi/org-cliplink-20201126.1020
    org-cliplink-string.el -> org-cliplink-string.el
    org-cliplink-transport.el -> org-cliplink-transport.el
    org-cliplink.el -> org-cliplink.el
Created org-cliplink-20201126.1020.tar containing:
  org-cliplink-20201126.1020/
  org-cliplink-20201126.1020/org-cliplink-pkg.el
  org-cliplink-20201126.1020/org-cliplink-string.el
  org-cliplink-20201126.1020/org-cliplink-transport.el
  org-cliplink-20201126.1020/org-cliplink.el
 ✓ Success:
  2025-01-13T23:18:10+0000  org-cliplink-20201126.1020.entry
  2025-01-13T23:18:10+0000  org-cliplink-20201126.1020.tar
Built org-cliplink in 1.572s, finished at 2025-01-13T23:18:11+0000
