Package: org-analyzer
Fetcher: github
Source:  https://github.com/rksm/clj-org-analyzer

Updating /mnt/store/melpa/working/org-analyzer/
Checking out 19da62aa4dcf1090be8f574f6f2d4c7e116163a8
Copying files (->) and directories (=>)
  from /mnt/store/melpa/working/org-analyzer/
  to /tmp/org-analyzer7AxqPE/org-analyzer-20191001.1717
  ! org-analyzer-el/org-analyzer.jar -> org-analyzer.jar
  ! org-analyzer-el/org-analyzer-pkg.el -> org-analyzer-pkg.el
  ! org-analyzer-el/org-analyzer.el -> org-analyzer.el
Created org-analyzer-20191001.1717.tar containing:
  org-analyzer-20191001.1717/
  org-analyzer-20191001.1717/org-analyzer-pkg.el
  org-analyzer-20191001.1717/org-analyzer.el
  org-analyzer-20191001.1717/org-analyzer.jar
 ✓ Success:
  2025-03-24T23:15:28+0000  org-analyzer-20191001.1717.entry
  2025-03-24T23:15:28+0000  org-analyzer-20191001.1717.tar
Built org-analyzer in 3.995s, finished at 2025-03-24T23:15:29+0000
