Package: org-ql
Fetcher: github
Source:  https://github.com/alphapapa/org-ql.git

Updating /mnt/store/melpa/working/org-ql/
Checking out fff110acded7f7746b086079204fb37c005d7763
Copying files (->) and directories (=>)
  from /mnt/store/melpa/working/org-ql/
  to /tmp/org-qlafWfB8/org-ql-20240916.1842
    org-ql-completing-read.el -> org-ql-completing-read.el
    org-ql-find.el -> org-ql-find.el
    org-ql-search.el -> org-ql-search.el
    org-ql-view.el -> org-ql-view.el
    org-ql.el -> org-ql.el
    org-ql.info -> org-ql.info
Created org-ql-20240916.1842.tar containing:
  org-ql-20240916.1842/
  org-ql-20240916.1842/dir
  org-ql-20240916.1842/org-ql-completing-read.el
  org-ql-20240916.1842/org-ql-find.el
  org-ql-20240916.1842/org-ql-pkg.el
  org-ql-20240916.1842/org-ql-search.el
  org-ql-20240916.1842/org-ql-view.el
  org-ql-20240916.1842/org-ql.el
  org-ql-20240916.1842/org-ql.info
 ✓ Success:
  2024-09-16T23:00:31+0000  org-ql-20240916.1842.entry
  2024-09-16T23:00:31+0000  org-ql-20240916.1842.tar
Built org-ql in 4.599s, finished at 2024-09-16T23:00:32+0000
