Package: org-noter
Fetcher: github
Source:  https://github.com/org-noter/org-noter.git

Updating /mnt/store/melpa/working/org-noter/
Checking out 761c551ecc88fec57e840d346c6af5f5b94591d5
Copying files (->) and directories (=>)
  from /mnt/store/melpa/working/org-noter/
  to /tmp/org-noterSxOGSt/org-noter-20240915.344
    org-noter-core.el -> org-noter-core.el
    org-noter.el -> org-noter.el
    modules => modules
Created org-noter-20240915.344.tar containing:
  org-noter-20240915.344/
  org-noter-20240915.344/modules/
  org-noter-20240915.344/modules/org-noter-djvu.el
  org-noter-20240915.344/modules/org-noter-nov.el
  org-noter-20240915.344/modules/org-noter-org-roam.el
  org-noter-20240915.344/modules/org-noter-pdf.el
  org-noter-20240915.344/org-noter-core.el
  org-noter-20240915.344/org-noter-pkg.el
  org-noter-20240915.344/org-noter.el
 ✓ Success:
  2024-09-16T23:00:16+0000  org-noter-20240915.344.entry
  2024-09-16T23:00:16+0000  org-noter-20240915.344.tar
Built org-noter in 3.112s, finished at 2024-09-16T23:00:17+0000
