Package: org-hyperscheduler
Fetcher: github
Source:  https://github.com/dmitrym0/org-hyperscheduler

Updating /mnt/store/melpa/working/org-hyperscheduler/
Checking out b7f33e7bf19b7ce7c81dbac4de765a854ee7f52f
Copying files (->) and directories (=>)
  from /mnt/store/melpa/working/org-hyperscheduler/
  to /tmp/org-hyperschedulerH2vZ6N/org-hyperscheduler-20220704.2140
    org-hyperscheduler.el -> org-hyperscheduler.el
    calendar/index.html -> calendar/index.html
    calendar/index.js -> calendar/index.js
    calendar/org-hs.css -> calendar/org-hs.css
Created org-hyperscheduler-20220704.2140.tar containing:
  org-hyperscheduler-20220704.2140/
  org-hyperscheduler-20220704.2140/calendar/
  org-hyperscheduler-20220704.2140/calendar/index.html
  org-hyperscheduler-20220704.2140/calendar/index.js
  org-hyperscheduler-20220704.2140/calendar/org-hs.css
  org-hyperscheduler-20220704.2140/org-hyperscheduler-pkg.el
  org-hyperscheduler-20220704.2140/org-hyperscheduler.el
 ✓ Success:
  2024-11-15T01:54:22+0000  org-hyperscheduler-20220704.2140.entry
  2024-11-15T01:54:21+0000  org-hyperscheduler-20220704.2140.tar
Built org-hyperscheduler in 4.995s, finished at 2024-11-15T01:54:23+0000
