Package: org-commentary
Fetcher: github
Source:  https://github.com/smaximov/org-commentary.git

Updating /mnt/store/melpa/working/org-commentary/
Checking out 821ccb994811359c42f4e3d459e0e88849d42b75
Copying files (->) and directories (=>)
  from /mnt/store/melpa/working/org-commentary/
  to /tmp/org-commentarymzdhJJ/org-commentary-20160802.637
    org-commentary-cli.el -> org-commentary-cli.el
    org-commentary-export.el -> org-commentary-export.el
    org-commentary-headers.el -> org-commentary-headers.el
    org-commentary-util.el -> org-commentary-util.el
    org-commentary.el -> org-commentary.el
    bin => bin
Created org-commentary-20160802.637.tar containing:
  org-commentary-20160802.637/
  org-commentary-20160802.637/bin/
  org-commentary-20160802.637/bin/org-doc
  org-commentary-20160802.637/org-commentary-cli.el
  org-commentary-20160802.637/org-commentary-export.el
  org-commentary-20160802.637/org-commentary-headers.el
  org-commentary-20160802.637/org-commentary-pkg.el
  org-commentary-20160802.637/org-commentary-util.el
  org-commentary-20160802.637/org-commentary.el
 ✓ Success:
  2024-07-16T22:48:54+0000  org-commentary-20160802.637.entry
  2024-07-16T22:48:54+0000  org-commentary-20160802.637.tar
Built org-commentary in 3.319s, finished at 2024-07-16T22:48:55+0000
