Package: org-ref
Fetcher: github
Source:  https://github.com/jkitchin/org-ref.git

Updating /mnt/store/melpa/working/org-ref/
Checking out 6fc62e68dfa608620ae067a70db6ab31c237ad93
Copying files (->) and directories (=>)
  from /mnt/store/melpa/working/org-ref/
  to /tmp/org-refsURcW1/org-ref-20240116.154
    contrib.el -> contrib.el
    doi-utils.el -> doi-utils.el
    nist-webbook.el -> nist-webbook.el
    openalex.el -> openalex.el
    org-ref-arxiv.el -> org-ref-arxiv.el
    org-ref-bibliography-links.el -> org-ref-bibliography-links.el
    org-ref-bibtex.el -> org-ref-bibtex.el
    org-ref-citation-links.el -> org-ref-citation-links.el
    org-ref-compat.el -> org-ref-compat.el
    org-ref-core.el -> org-ref-core.el
    org-ref-export.el -> org-ref-export.el
    org-ref-extract.el -> org-ref-extract.el
    org-ref-glossary.el -> org-ref-glossary.el
    org-ref-helm.el -> org-ref-helm.el
    org-ref-isbn.el -> org-ref-isbn.el
    org-ref-ivy.el -> org-ref-ivy.el
    org-ref-label-link.el -> org-ref-label-link.el
    org-ref-latex.el -> org-ref-latex.el
    org-ref-misc-links.el -> org-ref-misc-links.el
    org-ref-natbib-bbl-citeproc.el -> org-ref-natbib-bbl-citeproc.el
    org-ref-pdf.el -> org-ref-pdf.el
    org-ref-pgk.el -> org-ref-pgk.el
    org-ref-publish.el -> org-ref-publish.el
    org-ref-pubmed.el -> org-ref-pubmed.el
    org-ref-ref-links.el -> org-ref-ref-links.el
    org-ref-refproc.el -> org-ref-refproc.el
    org-ref-sci-id.el -> org-ref-sci-id.el
    org-ref-scifinder.el -> org-ref-scifinder.el
    org-ref-scopus.el -> org-ref-scopus.el
    org-ref-url-utils.el -> org-ref-url-utils.el
    org-ref-utils.el -> org-ref-utils.el
    org-ref-worldcat.el -> org-ref-worldcat.el
    org-ref-wos.el -> org-ref-wos.el
    org-ref.el -> org-ref.el
    x2bib.el -> x2bib.el
    org-ref.org -> org-ref.org
    org-ref.bib -> org-ref.bib
    citeproc => citeproc
Created org-ref-20240116.154.tar containing:
  org-ref-20240116.154/
  org-ref-20240116.154/citeproc/
  org-ref-20240116.154/citeproc/csl-locales/
  org-ref-20240116.154/citeproc/csl-locales/locales-en-US.xml
  org-ref-20240116.154/citeproc/csl-styles/
  org-ref-20240116.154/citeproc/csl-styles/apa-5th-edition.csl
  org-ref-20240116.154/citeproc/csl-styles/apa-numeric-superscript-brackets.csl
  org-ref-20240116.154/citeproc/csl-styles/chicago-author-date-16th-edition.csl
  org-ref-20240116.154/citeproc/csl-styles/elsevier-harvard.csl
  org-ref-20240116.154/citeproc/csl-styles/elsevier-with-titles.csl
  org-ref-20240116.154/contrib.el
  org-ref-20240116.154/doi-utils.el
  org-ref-20240116.154/nist-webbook.el
  org-ref-20240116.154/openalex.el
  org-ref-20240116.154/org-ref-arxiv.el
  org-ref-20240116.154/org-ref-bibliography-links.el
  org-ref-20240116.154/org-ref-bibtex.el
  org-ref-20240116.154/org-ref-citation-links.el
  org-ref-20240116.154/org-ref-compat.el
  org-ref-20240116.154/org-ref-core.el
  org-ref-20240116.154/org-ref-export.el
  org-ref-20240116.154/org-ref-extract.el
  org-ref-20240116.154/org-ref-glossary.el
  org-ref-20240116.154/org-ref-helm.el
  org-ref-20240116.154/org-ref-isbn.el
  org-ref-20240116.154/org-ref-ivy.el
  org-ref-20240116.154/org-ref-label-link.el
  org-ref-20240116.154/org-ref-latex.el
  org-ref-20240116.154/org-ref-misc-links.el
  org-ref-20240116.154/org-ref-natbib-bbl-citeproc.el
  org-ref-20240116.154/org-ref-pdf.el
  org-ref-20240116.154/org-ref-pgk.el
  org-ref-20240116.154/org-ref-pkg.el
  org-ref-20240116.154/org-ref-publish.el
  org-ref-20240116.154/org-ref-pubmed.el
  org-ref-20240116.154/org-ref-ref-links.el
  org-ref-20240116.154/org-ref-refproc.el
  org-ref-20240116.154/org-ref-sci-id.el
  org-ref-20240116.154/org-ref-scifinder.el
  org-ref-20240116.154/org-ref-scopus.el
  org-ref-20240116.154/org-ref-url-utils.el
  org-ref-20240116.154/org-ref-utils.el
  org-ref-20240116.154/org-ref-worldcat.el
  org-ref-20240116.154/org-ref-wos.el
  org-ref-20240116.154/org-ref.bib
  org-ref-20240116.154/org-ref.el
  org-ref-20240116.154/org-ref.org
  org-ref-20240116.154/x2bib.el
 ✓ Success:
  2024-01-17T07:50:36+0000  org-ref-20240116.154.entry
  2024-01-17T07:50:36+0000  org-ref-20240116.154.tar
Built org-ref in 4.675s, finished at 2024-01-17T07:50:37+0000
