Package: org-evil
Fetcher: github
Source:  https://github.com/GuiltyDolphin/org-evil.git

Updating /mnt/store/melpa/working/org-evil/
Checking out 981b0931d043d3b0eb61fcab6258b5a88cc74d15
Copying files (->) and directories (=>)
  from /mnt/store/melpa/working/org-evil/
  to /tmp/org-evilL6ysm3/org-evil-20210809.1724
    org-evil-commands.el -> org-evil-commands.el
    org-evil-core.el -> org-evil-core.el
    org-evil-list.el -> org-evil-list.el
    org-evil-motion.el -> org-evil-motion.el
    org-evil-table.el -> org-evil-table.el
    org-evil.el -> org-evil.el
Created org-evil-20210809.1724.tar containing:
  org-evil-20210809.1724/
  org-evil-20210809.1724/org-evil-commands.el
  org-evil-20210809.1724/org-evil-core.el
  org-evil-20210809.1724/org-evil-list.el
  org-evil-20210809.1724/org-evil-motion.el
  org-evil-20210809.1724/org-evil-pkg.el
  org-evil-20210809.1724/org-evil-table.el
  org-evil-20210809.1724/org-evil.el
 ✓ Success:
  2024-08-24T23:42:59+0000  org-evil-20210809.1724.entry
  2024-08-24T23:42:59+0000  org-evil-20210809.1724.tar
Built org-evil in 2.506s, finished at 2024-08-24T23:43:00+0000
