Package: org2blog
Fetcher: github
Source:  https://github.com/org2blog/org2blog

Updating /mnt/store/melpa/working/org2blog/
Checking out 175244a0b7dae8211cf42c17a51c35e9236eda71
Copying files (->) and directories (=>)
  from /mnt/store/melpa/working/org2blog/
  to /tmp/org2blogHtW3Dk/org2blog-20250126.517
    org2blog-test-system.el -> org2blog-test-system.el
    org2blog.el -> org2blog.el
    ox-wp.el -> ox-wp.el
    README.org -> README.org
Created org2blog-20250126.517.tar containing:
  org2blog-20250126.517/
  org2blog-20250126.517/README.org
  org2blog-20250126.517/org2blog-pkg.el
  org2blog-20250126.517/org2blog-test-system.el
  org2blog-20250126.517/org2blog.el
  org2blog-20250126.517/ox-wp.el
 ✓ Success:
  2025-01-31T22:34:45+0000  org2blog-20250126.517.entry
  2025-01-31T22:34:45+0000  org2blog-20250126.517.tar
Built org2blog in 4.481s, finished at 2025-01-31T22:34:46+0000
