Package: orgnav
Fetcher: github
Source:  https://github.com/facetframer/orgnav.git

Updating /mnt/store/melpa/working/orgnav/
Checking out 9e2cac9c1a67af5f0080e60022e821bf7b70312d
Copying files (->) and directories (=>)
  from /mnt/store/melpa/working/orgnav/
  to /tmp/orgnavEc3uzY/orgnav-20170608.1713
    orgnav-capture.el -> orgnav-capture.el
    orgnav-clock.el -> orgnav-clock.el
    orgnav-hack.el -> orgnav-hack.el
    orgnav-link.el -> orgnav-link.el
    orgnav-log.el -> orgnav-log.el
    orgnav-refile.el -> orgnav-refile.el
    orgnav-tree.el -> orgnav-tree.el
    orgnav.el -> orgnav.el
Created orgnav-20170608.1713.tar containing:
  orgnav-20170608.1713/
  orgnav-20170608.1713/orgnav-capture.el
  orgnav-20170608.1713/orgnav-clock.el
  orgnav-20170608.1713/orgnav-hack.el
  orgnav-20170608.1713/orgnav-link.el
  orgnav-20170608.1713/orgnav-log.el
  orgnav-20170608.1713/orgnav-pkg.el
  orgnav-20170608.1713/orgnav-refile.el
  orgnav-20170608.1713/orgnav-tree.el
  orgnav-20170608.1713/orgnav.el
 ✓ Success:
  2024-05-01T00:46:34+0000  orgnav-20170608.1713.entry
  2024-05-01T00:46:34+0000  orgnav-20170608.1713.tar
Built orgnav in 3.731s, finished at 2024-05-01T00:46:36+0000
