Package: orgtbl-join
Fetcher: github
Source:  https://github.com/tbanel/orgtbljoin

Updating /mnt/store/melpa/working/orgtbl-join/
Checking out 8529ba3631406358dd3ffdb14a63cd7f31d09b2a
Copying files (->) and directories (=>)
  from /mnt/store/melpa/working/orgtbl-join/
  to /tmp/orgtbl-join6Sw7dW/orgtbl-join-20250711.915
    orgtbl-join.el -> orgtbl-join.el
    orgtbl-join.info -> orgtbl-join.info
Created orgtbl-join-20250711.915.tar containing:
  orgtbl-join-20250711.915/
  orgtbl-join-20250711.915/dir
  orgtbl-join-20250711.915/orgtbl-join-pkg.el
  orgtbl-join-20250711.915/orgtbl-join.el
  orgtbl-join-20250711.915/orgtbl-join.info
 ✓ Success:
  2025-07-14T02:05:05+0000  orgtbl-join-20250711.915.entry
  2025-07-14T02:05:05+0000  orgtbl-join-20250711.915.tar
Built orgtbl-join in 3.507s, finished at 2025-07-14T02:05:06+0000
