Package: orgtbl-aggregate
Fetcher: github
Source:  https://github.com/tbanel/orgaggregate

Updating /mnt/store/melpa/working/orgtbl-aggregate/
Checking out 20060ab4d7a73beffe141145ee319d6a6b86d891
Copying files (->) and directories (=>)
  from /mnt/store/melpa/working/orgtbl-aggregate/
  to /tmp/orgtbl-aggregatebjzSNb/orgtbl-aggregate-20250328.1730
    orgtbl-aggregate.el -> orgtbl-aggregate.el
    orgtbl-aggregate.info -> orgtbl-aggregate.info
Created orgtbl-aggregate-20250328.1730.tar containing:
  orgtbl-aggregate-20250328.1730/
  orgtbl-aggregate-20250328.1730/dir
  orgtbl-aggregate-20250328.1730/orgtbl-aggregate-pkg.el
  orgtbl-aggregate-20250328.1730/orgtbl-aggregate.el
  orgtbl-aggregate-20250328.1730/orgtbl-aggregate.info
 ✓ Success:
  2025-04-03T00:22:03+0000  orgtbl-aggregate-20250328.1730.entry
  2025-04-03T00:22:03+0000  orgtbl-aggregate-20250328.1730.tar
Built orgtbl-aggregate in 3.549s, finished at 2025-04-03T00:22:04+0000
