Package: orgtbl-fit
Fetcher: github
Source:  https://github.com/tbanel/orgtblfit

Updating /mnt/store/melpa/working/orgtbl-fit/
Checking out aa4c132d8186e10ddb3c2a336be72123c284eb2c
Copying files (->) and directories (=>)
  from /mnt/store/melpa/working/orgtbl-fit/
  to /tmp/orgtbl-fitQPGmst/orgtbl-fit-20250210.1535
    orgtbl-fit.el -> orgtbl-fit.el
    orgtbl-fit.info -> orgtbl-fit.info
Created orgtbl-fit-20250210.1535.tar containing:
  orgtbl-fit-20250210.1535/
  orgtbl-fit-20250210.1535/dir
  orgtbl-fit-20250210.1535/orgtbl-fit-pkg.el
  orgtbl-fit-20250210.1535/orgtbl-fit.el
  orgtbl-fit-20250210.1535/orgtbl-fit.info
 ✓ Success:
  2025-02-22T23:46:24+0000  orgtbl-fit-20250210.1535.entry
  2025-02-22T23:46:24+0000  orgtbl-fit-20250210.1535.tar
Built orgtbl-fit in 3.145s, finished at 2025-02-22T23:46:25+0000
