 • Building package osa (from github:atomontage/osa)...
Updating /mnt/store/melpa/working/osa/
Checking out 615ca9eef4131a23d9971691fa0d0f20fe59d01b
Copying files (->) and directories (=>)
  from /mnt/store/melpa/working/osa/
  to /tmp/osaXieecm/osa-20200522.2103
    osa-examples.el -> osa-examples.el
    osa.el -> osa.el
    scripts/notify.js -> scripts/notify.js
    scripts/show-finder.applescript -> scripts/show-finder.applescript
    scripts/terminal.applescript -> scripts/terminal.applescript
Created osa-20200522.2103.tar containing:
  osa-20200522.2103/
  osa-20200522.2103/osa-examples.el
  osa-20200522.2103/osa-pkg.el
  osa-20200522.2103/osa.el
  osa-20200522.2103/scripts/
  osa-20200522.2103/scripts/notify.js
  osa-20200522.2103/scripts/show-finder.applescript
  osa-20200522.2103/scripts/terminal.applescript
 ✓ Success:
  2025-12-15T00:29:30+0000  osa-20200522.2103.entry
  2025-12-15T00:29:30+0000  osa-20200522.2103.tar
Built osa in 2.686s, finished at 2025-12-15T00:29:30+0000
