 • Building package ox-hugo (from github:kaushalmodi/ox-hugo)...
Updating /mnt/store/melpa/working/ox-hugo/
Checking out b7dc44dc28911b9d8e3055a18deac16c3b560b03
Copying files (->) and directories (=>)
  from /mnt/store/melpa/working/ox-hugo/
  to /tmp/ox-hugofuohLv/ox-hugo-20251206.1738
    org-hugo-auto-export-mode.el -> org-hugo-auto-export-mode.el
    ox-blackfriday.el -> ox-blackfriday.el
    ox-hugo-deprecated.el -> ox-hugo-deprecated.el
    ox-hugo-pandoc-cite.el -> ox-hugo-pandoc-cite.el
    ox-hugo.el -> ox-hugo.el
Created ox-hugo-20251206.1738.tar containing:
  ox-hugo-20251206.1738/
  ox-hugo-20251206.1738/org-hugo-auto-export-mode.el
  ox-hugo-20251206.1738/ox-blackfriday.el
  ox-hugo-20251206.1738/ox-hugo-deprecated.el
  ox-hugo-20251206.1738/ox-hugo-pandoc-cite.el
  ox-hugo-20251206.1738/ox-hugo-pkg.el
  ox-hugo-20251206.1738/ox-hugo.el
 ✓ Success:
  2025-12-08T00:31:31+0000  ox-hugo-20251206.1738.entry
  2025-12-08T00:31:31+0000  ox-hugo-20251206.1738.tar
Built ox-hugo in 3.866s, finished at 2025-12-08T00:31:32+0000
