Package: ox-linuxmag-fr
Fetcher: github
Source:  https://github.com/DamienCassou/ox-linuxmag-fr

Updating /mnt/store/melpa/working/ox-linuxmag-fr/
Checking out 1273146d58ca05f2e43278e9d15787f1b39c70a4
Copying files (->) and directories (=>)
  from /mnt/store/melpa/working/ox-linuxmag-fr/
  to /tmp/ox-linuxmag-fre0zPsP/ox-linuxmag-fr-20250825.2001
    ox-linuxmag-fr.el -> ox-linuxmag-fr.el
    resources => resources
Created ox-linuxmag-fr-20250825.2001.tar containing:
  ox-linuxmag-fr-20250825.2001/
  ox-linuxmag-fr-20250825.2001/ox-linuxmag-fr-pkg.el
  ox-linuxmag-fr-20250825.2001/ox-linuxmag-fr.el
  ox-linuxmag-fr-20250825.2001/resources/
  ox-linuxmag-fr-20250825.2001/resources/styles.xml
  ox-linuxmag-fr-20250825.2001/resources/template.xml
 ✓ Success:
  2025-09-01T00:16:07+0000  ox-linuxmag-fr-20250825.2001.entry
  2025-09-01T00:16:07+0000  ox-linuxmag-fr-20250825.2001.tar
Built ox-linuxmag-fr in 2.567s, finished at 2025-09-01T00:16:08+0000
