Package: ox-leanpub
Fetcher: gitlab
Source:  https://gitlab.com/zzamboni/ox-leanpub.git

Updating /mnt/store/melpa/working/ox-leanpub/
Checking out e8cd440632fd46812d7311360f565828a12380b7
Copying files (->) and directories (=>)
  from /mnt/store/melpa/working/ox-leanpub/
  to /tmp/ox-leanpubxz4AoN/ox-leanpub-20230415.2139
    ox-leanpub-book.el -> ox-leanpub-book.el
    ox-leanpub-markdown.el -> ox-leanpub-markdown.el
    ox-leanpub-markua.el -> ox-leanpub-markua.el
    ox-leanpub.el -> ox-leanpub.el
Created ox-leanpub-20230415.2139.tar containing:
  ox-leanpub-20230415.2139/
  ox-leanpub-20230415.2139/ox-leanpub-book.el
  ox-leanpub-20230415.2139/ox-leanpub-markdown.el
  ox-leanpub-20230415.2139/ox-leanpub-markua.el
  ox-leanpub-20230415.2139/ox-leanpub-pkg.el
  ox-leanpub-20230415.2139/ox-leanpub.el
 ✓ Success:
  2024-07-16T22:52:43+0000  ox-leanpub-20230415.2139.entry
  2024-07-16T22:52:43+0000  ox-leanpub-20230415.2139.tar
Built ox-leanpub in 4.490s, finished at 2024-07-16T22:52:45+0000
