Package: package-lint
Fetcher: github
Source:  https://github.com/purcell/package-lint.git

Updating /mnt/store/melpa/working/package-lint/
Checking out 3d74189df110b1656c2cd97c332921f4856dbd76
Copying files (->) and directories (=>)
  from /mnt/store/melpa/working/package-lint/
  to /tmp/package-lint9Rolc9/package-lint-20240118.1725
    package-lint.el -> package-lint.el
    data => data
Created package-lint-20240118.1725.tar containing:
  package-lint-20240118.1725/
  package-lint-20240118.1725/data/
  package-lint-20240118.1725/data/stdlib-changes
  package-lint-20240118.1725/package-lint-pkg.el
  package-lint-20240118.1725/package-lint.el
 ✓ Success:
  2024-02-13T15:46:21+0000  package-lint-20240118.1725.entry
  2024-02-13T15:46:21+0000  package-lint-20240118.1725.tar
Built package-lint in 2.039s, finished at 2024-02-13T15:46:22+0000
