Package: package-build
Fetcher: github
Source:  https://github.com/melpa/package-build

Updating /mnt/store/melpa/working/package-build/
Checking out 23fd04c94d9623930c2c70e75ff6916fdbe3efdd
Copying files (->) and directories (=>)
  from /mnt/store/melpa/working/package-build/
  to /tmp/package-buildc9xxE8/package-build-20241226.942
    package-build-badges.el -> package-build-badges.el
    package-build.el -> package-build.el
    package-recipe-mode.el -> package-recipe-mode.el
    package-recipe.el -> package-recipe.el
Created package-build-20241226.942.tar containing:
  package-build-20241226.942/
  package-build-20241226.942/package-build-badges.el
  package-build-20241226.942/package-build-pkg.el
  package-build-20241226.942/package-build.el
  package-build-20241226.942/package-recipe-mode.el
  package-build-20241226.942/package-recipe.el
 ✓ Success:
  2024-12-28T00:12:49+0000  package-build-20241226.942.entry
  2024-12-28T00:12:49+0000  package-build-20241226.942.tar
Built package-build in 1.592s, finished at 2024-12-28T00:12:49+0000
