Package: parinfer-rust-mode
Fetcher: github
Source:  https://github.com/justinbarclay/parinfer-rust-mode.git

Updating /mnt/store/melpa/working/parinfer-rust-mode/
Checking out a88eff726d50cbb9c666cf75c31df38b697c2ee4
Copying files (->) and directories (=>)
  from /mnt/store/melpa/working/parinfer-rust-mode/
  to /tmp/parinfer-rust-modelP2fKc/parinfer-rust-mode-20240502.727
    parinfer-rust-changes.el -> parinfer-rust-changes.el
    parinfer-rust-helper.el -> parinfer-rust-helper.el
    parinfer-rust-mode.el -> parinfer-rust-mode.el
Created parinfer-rust-mode-20240502.727.tar containing:
  parinfer-rust-mode-20240502.727/
  parinfer-rust-mode-20240502.727/parinfer-rust-changes.el
  parinfer-rust-mode-20240502.727/parinfer-rust-helper.el
  parinfer-rust-mode-20240502.727/parinfer-rust-mode-pkg.el
  parinfer-rust-mode-20240502.727/parinfer-rust-mode.el
 ✓ Success:
  2024-05-04T00:08:05+0000  parinfer-rust-mode-20240502.727.entry
  2024-05-04T00:08:05+0000  parinfer-rust-mode-20240502.727.tar
Built parinfer-rust-mode in 4.961s, finished at 2024-05-04T00:08:07+0000
