Package: perject
Fetcher: github
Source:  https://github.com/overideal/perject

Updating /mnt/store/melpa/working/perject/
Checking out 27c6fdad199f930aff5b0fb1343654ee3b4c4205
Copying files (->) and directories (=>)
  from /mnt/store/melpa/working/perject/
  to /tmp/perjectZN8JwG/perject-20241204.1632
    perject-consult.el -> perject-consult.el
    perject-ibuffer.el -> perject-ibuffer.el
    perject-tab.el -> perject-tab.el
    perject-transient.el -> perject-transient.el
    perject.el -> perject.el
Created perject-20241204.1632.tar containing:
  perject-20241204.1632/
  perject-20241204.1632/perject-consult.el
  perject-20241204.1632/perject-ibuffer.el
  perject-20241204.1632/perject-pkg.el
  perject-20241204.1632/perject-tab.el
  perject-20241204.1632/perject-transient.el
  perject-20241204.1632/perject.el
 ✓ Success:
  2024-12-13T00:15:18+0000  perject-20241204.1632.entry
  2024-12-13T00:15:18+0000  perject-20241204.1632.tar
Built perject in 1.605s, finished at 2024-12-13T00:15:19+0000
