Package: persistent-overlays
Fetcher: github
Source:  https://github.com/mneilly/Emacs-Persistent-Overlays

Updating /mnt/store/melpa/working/persistent-overlays/
Checking out f563c8b966edc78c9d806661c4eb80e4781c4eab
Copying files (->) and directories (=>)
  from /mnt/store/melpa/working/persistent-overlays/
  to /tmp/persistent-overlaysfA7iUS/persistent-overlays-20161128.700
    persistent-overlays.el -> persistent-overlays.el
    README.md -> README.md
    LICENSE -> LICENSE
Created persistent-overlays-20161128.700.tar containing:
  persistent-overlays-20161128.700/
  persistent-overlays-20161128.700/LICENSE
  persistent-overlays-20161128.700/README.md
  persistent-overlays-20161128.700/persistent-overlays-pkg.el
  persistent-overlays-20161128.700/persistent-overlays.el
 ✓ Success:
  2024-12-04T00:12:15+0000  persistent-overlays-20161128.700.entry
  2024-12-04T00:12:15+0000  persistent-overlays-20161128.700.tar
Built persistent-overlays in 2.565s, finished at 2024-12-04T00:12:16+0000
