Package: pg
Fetcher: github
Source:  https://github.com/emarsden/pg-el.git

Updating /mnt/store/melpa/working/pg/
Checking out 2c32085cee56afb751599941221d52c5e7df3908
Copying files (->) and directories (=>)
  from /mnt/store/melpa/working/pg/
  to /tmp/pgoLSL0V/pg-20240721.1520
    pg-geometry.el -> pg-geometry.el
    pg-gis.el -> pg-gis.el
    pg-lo.el -> pg-lo.el
    pg.el -> pg.el
Created pg-20240721.1520.tar containing:
  pg-20240721.1520/
  pg-20240721.1520/pg-geometry.el
  pg-20240721.1520/pg-gis.el
  pg-20240721.1520/pg-lo.el
  pg-20240721.1520/pg-pkg.el
  pg-20240721.1520/pg.el
 ✓ Success:
  2024-07-22T22:25:46+0000  pg-20240721.1520.entry
  2024-07-22T22:25:45+0000  pg-20240721.1520.tar
Built pg in 4.297s, finished at 2024-07-22T22:25:47+0000
