Package: phpactor
Fetcher: github
Source:  https://github.com/emacs-php/phpactor.el.git

Updating /mnt/store/melpa/working/phpactor/
Checking out dde09addf36017527441a855054406f8ffc4e534
Copying files (->) and directories (=>)
  from /mnt/store/melpa/working/phpactor/
  to /tmp/phpactors4FXo8/phpactor-20221023.608
    phpactor.el -> phpactor.el
    composer.json -> composer.json
    composer.lock -> composer.lock
Created phpactor-20221023.608.tar containing:
  phpactor-20221023.608/
  phpactor-20221023.608/composer.json
  phpactor-20221023.608/composer.lock
  phpactor-20221023.608/phpactor-pkg.el
  phpactor-20221023.608/phpactor.el
 ✓ Success:
  2023-12-25T10:54:02+0000  phpactor-20221023.608.entry
  2023-12-25T10:54:01+0000  phpactor-20221023.608.tar
Built phpactor in 4.205s, finished at 2023-12-25T10:54:03+0000
