Package: po-mode
Fetcher: github
Source:  https://github.com/emacsmirror/po-mode.git

Updating /mnt/store/melpa/working/po-mode/
Checking out ca125eba813a6b29b5fbe7ea8a2e3d92f225ab8c
Copying files (->) and directories (=>)
  from /mnt/store/melpa/working/po-mode/
  to /tmp/po-mode5nHLfH/po-mode-20231006.1425
    po-compat.el -> po-compat.el
    po-mode.el -> po-mode.el
    start-po.el -> start-po.el
Created po-mode-20231006.1425.tar containing:
  po-mode-20231006.1425/
  po-mode-20231006.1425/po-compat.el
  po-mode-20231006.1425/po-mode-pkg.el
  po-mode-20231006.1425/po-mode.el
  po-mode-20231006.1425/start-po.el
 ✓ Success:
  2024-02-05T23:42:45+0000  po-mode-20231006.1425.entry
  2024-02-05T23:42:45+0000  po-mode-20231006.1425.tar
Built po-mode in 2.632s, finished at 2024-02-05T23:42:46+0000
