Package: poet-theme
Fetcher: github
Source:  https://github.com/kunalb/poet.git

Updating /mnt/store/melpa/working/poet-theme/
Checking out 16eb694f0755c04c4db98614d0eca1199fddad70
Copying files (->) and directories (=>)
  from /mnt/store/melpa/working/poet-theme/
  to /tmp/poet-themelNwou9/poet-theme-20200606.2343
    poet-dark-monochrome-theme.el -> poet-dark-monochrome-theme.el
    poet-dark-theme.el -> poet-dark-theme.el
    poet-monochrome-theme.el -> poet-monochrome-theme.el
    poet-theme.el -> poet-theme.el
Created poet-theme-20200606.2343.tar containing:
  poet-theme-20200606.2343/
  poet-theme-20200606.2343/poet-dark-monochrome-theme.el
  poet-theme-20200606.2343/poet-dark-theme.el
  poet-theme-20200606.2343/poet-monochrome-theme.el
  poet-theme-20200606.2343/poet-theme-pkg.el
  poet-theme-20200606.2343/poet-theme.el
 ✓ Success:
  2024-02-17T23:27:39+0000  poet-theme-20200606.2343.entry
  2024-02-17T23:27:38+0000  poet-theme-20200606.2343.tar
Built poet-theme in 3.057s, finished at 2024-02-17T23:27:40+0000
