Package: poke-line
Fetcher: github
Source:  https://github.com/RyanMillerC/poke-line

Updating /mnt/store/melpa/working/poke-line/
Checking out 8d484dbaa1215d902fbd1e3c9163b39a43ec532a
Copying files (->) and directories (=>)
  from /mnt/store/melpa/working/poke-line/
  to /tmp/poke-line4W4LlG/poke-line-20201023.247
    poke-line-types.el -> poke-line-types.el
    poke-line.el -> poke-line.el
    img => img
Created poke-line-20201023.247.tar containing:
  poke-line-20201023.247/
  poke-line-20201023.247/img/
  poke-line-20201023.247/img/background.png
  poke-line-20201023.247/img/elements/
  poke-line-20201023.247/img/elements/bug.png
  poke-line-20201023.247/img/elements/dark.png
  poke-line-20201023.247/img/elements/dragon.png
  poke-line-20201023.247/img/elements/electric.png
  poke-line-20201023.247/img/elements/fairy.png
  poke-line-20201023.247/img/elements/fighting.png
  poke-line-20201023.247/img/elements/fire.png
  poke-line-20201023.247/img/elements/flying.png
  poke-line-20201023.247/img/elements/ghost.png
  poke-line-20201023.247/img/elements/grass.png
  poke-line-20201023.247/img/elements/ground.png
  poke-line-20201023.247/img/elements/ice.png
  poke-line-20201023.247/img/elements/normal.png
  poke-line-20201023.247/img/elements/poison.png
  poke-line-20201023.247/img/elements/psychic.png
  poke-line-20201023.247/img/elements/rock.png
  poke-line-20201023.247/img/elements/steel.png
  poke-line-20201023.247/img/elements/water.png
  poke-line-20201023.247/img/pokemon/
  poke-line-20201023.247/img/pokemon/abomasnow.png
  poke-line-20201023.247/img/pokemon/abra.png
  poke-line-20201023.247/img/pokemon/absol.png
  poke-line-20201023.247/img/pokemon/accelgor.png
  poke-line-20201023.247/img/pokemon/aegislash.png
  poke-line-20201023.247/img/pokemon/aerodactyl.png
  poke-line-20201023.247/img/pokemon/aggron.png
  poke-line-20201023.247/img/pokemon/aipom.png
  poke-line-20201023.247/img/pokemon/alakazam.png
  poke-line-20201023.247/img/pokemon/alcremie.png
  poke-line-20201023.247/img/pokemon/alomomola.png
  poke-line-20201023.247/img/pokemon/altaria.png
  poke-line-20201023.247/img/pokemon/amaura.png
  poke-line-20201023.247/img/pokemon/ambipom.png
  poke-line-20201023.247/img/pokemon/amoonguss.png
  poke-line-20201023.247/img/pokemon/ampharos.png
  poke-line-20201023.247/img/pokemon/anorith.png
  poke-line-20201023.247/img/pokemon/appletun.png
  poke-line-20201023.247/img/pokemon/applin.png
  poke-line-20201023.247/img/pokemon/araquanid.png
  poke-line-20201023.247/img/pokemon/arbok.png
  poke-line-20201023.247/img/pokemon/arcanine.png
  poke-line-20201023.247/img/pokemon/arceus.png
  poke-line-20201023.247/img/pokemon/archen.png
  poke-line-20201023.247/img/pokemon/archeops.png
  poke-line-20201023.247/img/pokemon/arctovish.png
  poke-line-20201023.247/img/pokemon/arctozolt.png
  poke-line-20201023.247/img/pokemon/ariados.png
  poke-line-20201023.247/img/pokemon/armaldo.png
  poke-line-20201023.247/img/pokemon/aromatisse.png
  poke-line-20201023.247/img/pokemon/aron.png
  poke-line-20201023.247/img/pokemon/arrokuda.png
  poke-line-20201023.247/img/pokemon/articuno.png
  poke-line-20201023.247/img/pokemon/audino.png
  poke-line-20201023.247/img/pokemon/aurorus.png
  poke-line-20201023.247/img/pokemon/avalugg.png
  poke-line-20201023.247/img/pokemon/axew.png
  poke-line-20201023.247/img/pokemon/azelf.png
  poke-line-20201023.247/img/pokemon/azumarill.png
  poke-line-20201023.247/img/pokemon/azurill.png
  poke-line-20201023.247/img/pokemon/bagon.png
  poke-line-20201023.247/img/pokemon/baltoy.png
  poke-line-20201023.247/img/pokemon/banette.png
  poke-line-20201023.247/img/pokemon/barbaracle.png
  poke-line-20201023.247/img/pokemon/barboach.png
  poke-line-20201023.247/img/pokemon/barraskewda.png
  poke-line-20201023.247/img/pokemon/basculin.png
  poke-line-20201023.247/img/pokemon/bastiodon.png
  poke-line-20201023.247/img/pokemon/bayleef.png
  poke-line-20201023.247/img/pokemon/beartic.png
  poke-line-20201023.247/img/pokemon/beautifly.png
  poke-line-20201023.247/img/pokemon/beedrill.png
  poke-line-20201023.247/img/pokemon/beheeyem.png
  poke-line-20201023.247/img/pokemon/beldum.png
  poke-line-20201023.247/img/pokemon/bellossom.png
  poke-line-20201023.247/img/pokemon/bellsprout.png
  poke-line-20201023.247/img/pokemon/bergmite.png
  poke-line-20201023.247/img/pokemon/bewear.png
  poke-line-20201023.247/img/pokemon/bibarel.png
  poke-line-20201023.247/img/pokemon/bidoof.png
  poke-line-20201023.247/img/pokemon/binacle.png
  poke-line-20201023.247/img/pokemon/bisharp.png
  poke-line-20201023.247/img/pokemon/blacephalon.png
  poke-line-20201023.247/img/pokemon/blastoise.png
  poke-line-20201023.247/img/pokemon/blaziken.png
  poke-line-20201023.247/img/pokemon/blipbug.png
  poke-line-20201023.247/img/pokemon/blissey.png
  poke-line-20201023.247/img/pokemon/blitzle.png
  poke-line-20201023.247/img/pokemon/boldore.png
  poke-line-20201023.247/img/pokemon/boltund.png
  poke-line-20201023.247/img/pokemon/bonsly.png
  poke-line-20201023.247/img/pokemon/bouffalant.png
  poke-line-20201023.247/img/pokemon/bounsweet.png
  poke-line-20201023.247/img/pokemon/braixen.png
  poke-line-20201023.247/img/pokemon/braviary.png
  poke-line-20201023.247/img/pokemon/breloom.png
  poke-line-20201023.247/img/pokemon/brionne.png
  poke-line-20201023.247/img/pokemon/bronzong.png
  poke-line-20201023.247/img/pokemon/bronzor.png
  poke-line-20201023.247/img/pokemon/bruxish.png
  poke-line-20201023.247/img/pokemon/budew.png
  poke-line-20201023.247/img/pokemon/buizel.png
  poke-line-20201023.247/img/pokemon/bulbasaur.png
  poke-line-20201023.247/img/pokemon/buneary.png
  poke-line-20201023.247/img/pokemon/bunnelby.png
  poke-line-20201023.247/img/pokemon/burmy.png
  poke-line-20201023.247/img/pokemon/butterfree.png
  poke-line-20201023.247/img/pokemon/buzzwole.png
  poke-line-20201023.247/img/pokemon/cacnea.png
  poke-line-20201023.247/img/pokemon/cacturne.png
  poke-line-20201023.247/img/pokemon/camerupt.png
  poke-line-20201023.247/img/pokemon/carbink.png
  poke-line-20201023.247/img/pokemon/carkol.png
  poke-line-20201023.247/img/pokemon/carnivine.png
  poke-line-20201023.247/img/pokemon/carracosta.png
  poke-line-20201023.247/img/pokemon/carvanha.png
  poke-line-20201023.247/img/pokemon/cascoon.png
  poke-line-20201023.247/img/pokemon/castform.png
  poke-line-20201023.247/img/pokemon/caterpie.png
  poke-line-20201023.247/img/pokemon/celebi.png
  poke-line-20201023.247/img/pokemon/celesteela.png
  poke-line-20201023.247/img/pokemon/centiskorch.png
  poke-line-20201023.247/img/pokemon/chandelure.png
  poke-line-20201023.247/img/pokemon/chansey.png
  poke-line-20201023.247/img/pokemon/charizard.png
  poke-line-20201023.247/img/pokemon/charjabug.png
  poke-line-20201023.247/img/pokemon/charmander.png
  poke-line-20201023.247/img/pokemon/charmeleon.png
  poke-line-20201023.247/img/pokemon/chatot.png
  poke-line-20201023.247/img/pokemon/cherrim.png
  poke-line-20201023.247/img/pokemon/cherubi.png
  poke-line-20201023.247/img/pokemon/chesnaught.png
  poke-line-20201023.247/img/pokemon/chespin.png
  poke-line-20201023.247/img/pokemon/chewtle.png
  poke-line-20201023.247/img/pokemon/chikorita.png
  poke-line-20201023.247/img/pokemon/chimchar.png
  poke-line-20201023.247/img/pokemon/chimecho.png
  poke-line-20201023.247/img/pokemon/chinchou.png
  poke-line-20201023.247/img/pokemon/chingling.png
  poke-line-20201023.247/img/pokemon/cinccino.png
  poke-line-20201023.247/img/pokemon/cinderace.png
  poke-line-20201023.247/img/pokemon/clamperl.png
  poke-line-20201023.247/img/pokemon/clauncher.png
  poke-line-20201023.247/img/pokemon/clawitzer.png
  poke-line-20201023.247/img/pokemon/claydol.png
  poke-line-20201023.247/img/pokemon/clefable.png
  poke-line-20201023.247/img/pokemon/clefairy.png
  poke-line-20201023.247/img/pokemon/cleffa.png
  poke-line-20201023.247/img/pokemon/clobbopus.png
  poke-line-20201023.247/img/pokemon/cloyster.png
  poke-line-20201023.247/img/pokemon/coalossal.png
  poke-line-20201023.247/img/pokemon/cobalion.png
  poke-line-20201023.247/img/pokemon/cofagrigus.png
  poke-line-20201023.247/img/pokemon/combee.png
  poke-line-20201023.247/img/pokemon/combusken.png
  poke-line-20201023.247/img/pokemon/comfey.png
  poke-line-20201023.247/img/pokemon/conkeldurr.png
  poke-line-20201023.247/img/pokemon/copperajah.png
  poke-line-20201023.247/img/pokemon/corphish.png
  poke-line-20201023.247/img/pokemon/corsola.png
  poke-line-20201023.247/img/pokemon/corviknight.png
  poke-line-20201023.247/img/pokemon/corvisquire.png
  poke-line-20201023.247/img/pokemon/cosmoem.png
  poke-line-20201023.247/img/pokemon/cosmog.png
  poke-line-20201023.247/img/pokemon/cottonee.png
  poke-line-20201023.247/img/pokemon/crabominable.png
  poke-line-20201023.247/img/pokemon/crabrawler.png
  poke-line-20201023.247/img/pokemon/cradily.png
  poke-line-20201023.247/img/pokemon/cramorant.png
  poke-line-20201023.247/img/pokemon/cranidos.png
  poke-line-20201023.247/img/pokemon/crawdaunt.png
  poke-line-20201023.247/img/pokemon/cresselia.png
  poke-line-20201023.247/img/pokemon/croagunk.png
  poke-line-20201023.247/img/pokemon/crobat.png
  poke-line-20201023.247/img/pokemon/croconaw.png
  poke-line-20201023.247/img/pokemon/crustle.png
  poke-line-20201023.247/img/pokemon/cryogonal.png
  poke-line-20201023.247/img/pokemon/cubchoo.png
  poke-line-20201023.247/img/pokemon/cubone.png
  poke-line-20201023.247/img/pokemon/cufant.png
  poke-line-20201023.247/img/pokemon/cursola.png
  poke-line-20201023.247/img/pokemon/cutiefly.png
  poke-line-20201023.247/img/pokemon/cyndaquil.png
  poke-line-20201023.247/img/pokemon/darkrai.png
  poke-line-20201023.247/img/pokemon/darmanitan.png
  poke-line-20201023.247/img/pokemon/dartrix.png
  poke-line-20201023.247/img/pokemon/darumaka.png
  poke-line-20201023.247/img/pokemon/decidueye.png
  poke-line-20201023.247/img/pokemon/dedenne.png
  poke-line-20201023.247/img/pokemon/deerling.png
  poke-line-20201023.247/img/pokemon/deino.png
  poke-line-20201023.247/img/pokemon/delcatty.png
  poke-line-20201023.247/img/pokemon/delibird.png
  poke-line-20201023.247/img/pokemon/delphox.png
  poke-line-20201023.247/img/pokemon/deoxys.png
  poke-line-20201023.247/img/pokemon/dewgong.png
  poke-line-20201023.247/img/pokemon/dewott.png
  poke-line-20201023.247/img/pokemon/dewpider.png
  poke-line-20201023.247/img/pokemon/dhelmise.png
  poke-line-20201023.247/img/pokemon/dialga.png
  poke-line-20201023.247/img/pokemon/diancie.png
  poke-line-20201023.247/img/pokemon/diggersby.png
  poke-line-20201023.247/img/pokemon/diglett.png
  poke-line-20201023.247/img/pokemon/ditto.png
  poke-line-20201023.247/img/pokemon/dodrio.png
  poke-line-20201023.247/img/pokemon/doduo.png
  poke-line-20201023.247/img/pokemon/donphan.png
  poke-line-20201023.247/img/pokemon/dottler.png
  poke-line-20201023.247/img/pokemon/doublade.png
  poke-line-20201023.247/img/pokemon/dracovish.png
  poke-line-20201023.247/img/pokemon/dracozolt.png
  poke-line-20201023.247/img/pokemon/dragalge.png
  poke-line-20201023.247/img/pokemon/dragapult.png
  poke-line-20201023.247/img/pokemon/dragonair.png
  poke-line-20201023.247/img/pokemon/dragonite.png
  poke-line-20201023.247/img/pokemon/drakloak.png
  poke-line-20201023.247/img/pokemon/drampa.png
  poke-line-20201023.247/img/pokemon/drapion.png
  poke-line-20201023.247/img/pokemon/dratini.png
  poke-line-20201023.247/img/pokemon/drednaw.png
  poke-line-20201023.247/img/pokemon/dreepy.png
  poke-line-20201023.247/img/pokemon/drifblim.png
  poke-line-20201023.247/img/pokemon/drifloon.png
  poke-line-20201023.247/img/pokemon/drilbur.png
  poke-line-20201023.247/img/pokemon/drizzile.png
  poke-line-20201023.247/img/pokemon/drowzee.png
  poke-line-20201023.247/img/pokemon/druddigon.png
  poke-line-20201023.247/img/pokemon/dubwool.png
  poke-line-20201023.247/img/pokemon/ducklett.png
  poke-line-20201023.247/img/pokemon/dugtrio.png
  poke-line-20201023.247/img/pokemon/dunsparce.png
  poke-line-20201023.247/img/pokemon/duosion.png
  poke-line-20201023.247/img/pokemon/duraludon.png
  poke-line-20201023.247/img/pokemon/durant.png
  poke-line-20201023.247/img/pokemon/dusclops.png
  poke-line-20201023.247/img/pokemon/dusknoir.png
  poke-line-20201023.247/img/pokemon/duskull.png
  poke-line-20201023.247/img/pokemon/dustox.png
  poke-line-20201023.247/img/pokemon/dwebble.png
  poke-line-20201023.247/img/pokemon/eelektrik.png
  poke-line-20201023.247/img/pokemon/eelektross.png
  poke-line-20201023.247/img/pokemon/eevee.png
  poke-line-20201023.247/img/pokemon/eiscue.png
  poke-line-20201023.247/img/pokemon/ekans.png
  poke-line-20201023.247/img/pokemon/eldegoss.png
  poke-line-20201023.247/img/pokemon/electabuzz.png
  poke-line-20201023.247/img/pokemon/electivire.png
  poke-line-20201023.247/img/pokemon/electrike.png
  poke-line-20201023.247/img/pokemon/electrode.png
  poke-line-20201023.247/img/pokemon/elekid.png
  poke-line-20201023.247/img/pokemon/elgyem.png
  poke-line-20201023.247/img/pokemon/emboar.png
  poke-line-20201023.247/img/pokemon/emolga.png
  poke-line-20201023.247/img/pokemon/empoleon.png
  poke-line-20201023.247/img/pokemon/entei.png
  poke-line-20201023.247/img/pokemon/escavalier.png
  poke-line-20201023.247/img/pokemon/espeon.png
  poke-line-20201023.247/img/pokemon/espurr.png
  poke-line-20201023.247/img/pokemon/eternatus.png
  poke-line-20201023.247/img/pokemon/excadrill.png
  poke-line-20201023.247/img/pokemon/exeggcute.png
  poke-line-20201023.247/img/pokemon/exeggutor.png
  poke-line-20201023.247/img/pokemon/exploud.png
  poke-line-20201023.247/img/pokemon/falinks.png
  poke-line-20201023.247/img/pokemon/farfetchd.png
  poke-line-20201023.247/img/pokemon/fearow.png
  poke-line-20201023.247/img/pokemon/feebas.png
  poke-line-20201023.247/img/pokemon/fennekin.png
  poke-line-20201023.247/img/pokemon/feraligatr.png
  poke-line-20201023.247/img/pokemon/ferroseed.png
  poke-line-20201023.247/img/pokemon/ferrothorn.png
  poke-line-20201023.247/img/pokemon/finneon.png
  poke-line-20201023.247/img/pokemon/flaaffy.png
  poke-line-20201023.247/img/pokemon/flabebe.png
  poke-line-20201023.247/img/pokemon/flapple.png
  poke-line-20201023.247/img/pokemon/flareon.png
  poke-line-20201023.247/img/pokemon/fletchinder.png
  poke-line-20201023.247/img/pokemon/fletchling.png
  poke-line-20201023.247/img/pokemon/floatzel.png
  poke-line-20201023.247/img/pokemon/floette.png
  poke-line-20201023.247/img/pokemon/florges.png
  poke-line-20201023.247/img/pokemon/flygon.png
  poke-line-20201023.247/img/pokemon/fomantis.png
  poke-line-20201023.247/img/pokemon/foongus.png
  poke-line-20201023.247/img/pokemon/forretress.png
  poke-line-20201023.247/img/pokemon/fraxure.png
  poke-line-20201023.247/img/pokemon/frillish.png
  poke-line-20201023.247/img/pokemon/froakie.png
  poke-line-20201023.247/img/pokemon/frogadier.png
  poke-line-20201023.247/img/pokemon/froslass.png
  poke-line-20201023.247/img/pokemon/frosmoth.png
  poke-line-20201023.247/img/pokemon/furfrou.png
  poke-line-20201023.247/img/pokemon/furret.png
  poke-line-20201023.247/img/pokemon/gabite.png
  poke-line-20201023.247/img/pokemon/gallade.png
  poke-line-20201023.247/img/pokemon/galvantula.png
  poke-line-20201023.247/img/pokemon/garbodor.png
  poke-line-20201023.247/img/pokemon/garchomp.png
  poke-line-20201023.247/img/pokemon/gardevoir.png
  poke-line-20201023.247/img/pokemon/gastly.png
  poke-line-20201023.247/img/pokemon/gastrodon.png
  poke-line-20201023.247/img/pokemon/genesect.png
  poke-line-20201023.247/img/pokemon/gengar.png
  poke-line-20201023.247/img/pokemon/geodude.png
  poke-line-20201023.247/img/pokemon/gible.png
  poke-line-20201023.247/img/pokemon/gigalith.png
  poke-line-20201023.247/img/pokemon/girafarig.png
  poke-line-20201023.247/img/pokemon/giratina.png
  poke-line-20201023.247/img/pokemon/glaceon.png
  poke-line-20201023.247/img/pokemon/glalie.png
  poke-line-20201023.247/img/pokemon/glameow.png
  poke-line-20201023.247/img/pokemon/gligar.png
  poke-line-20201023.247/img/pokemon/gliscor.png
  poke-line-20201023.247/img/pokemon/gloom.png
  poke-line-20201023.247/img/pokemon/gogoat.png
  poke-line-20201023.247/img/pokemon/golbat.png
  poke-line-20201023.247/img/pokemon/goldeen.png
  poke-line-20201023.247/img/pokemon/golduck.png
  poke-line-20201023.247/img/pokemon/golem.png
  poke-line-20201023.247/img/pokemon/golett.png
  poke-line-20201023.247/img/pokemon/golisopod.png
  poke-line-20201023.247/img/pokemon/golurk.png
  poke-line-20201023.247/img/pokemon/goodra.png
  poke-line-20201023.247/img/pokemon/goomy.png
  poke-line-20201023.247/img/pokemon/gorebyss.png
  poke-line-20201023.247/img/pokemon/gossifleur.png
  poke-line-20201023.247/img/pokemon/gothita.png
  poke-line-20201023.247/img/pokemon/gothitelle.png
  poke-line-20201023.247/img/pokemon/gothorita.png
  poke-line-20201023.247/img/pokemon/gourgeist.png
  poke-line-20201023.247/img/pokemon/granbull.png
  poke-line-20201023.247/img/pokemon/grapploct.png
  poke-line-20201023.247/img/pokemon/graveler.png
  poke-line-20201023.247/img/pokemon/greedent.png
  poke-line-20201023.247/img/pokemon/greninja.png
  poke-line-20201023.247/img/pokemon/grimer.png
  poke-line-20201023.247/img/pokemon/grimmsnarl.png
  poke-line-20201023.247/img/pokemon/grookey.png
  poke-line-20201023.247/img/pokemon/grotle.png
  poke-line-20201023.247/img/pokemon/groudon.png
  poke-line-20201023.247/img/pokemon/grovyle.png
  poke-line-20201023.247/img/pokemon/growlithe.png
  poke-line-20201023.247/img/pokemon/grubbin.png
  poke-line-20201023.247/img/pokemon/grumpig.png
  poke-line-20201023.247/img/pokemon/gulpin.png
  poke-line-20201023.247/img/pokemon/gumshoos.png
  poke-line-20201023.247/img/pokemon/gurdurr.png
  poke-line-20201023.247/img/pokemon/guzzlord.png
  poke-line-20201023.247/img/pokemon/gyarados.png
  poke-line-20201023.247/img/pokemon/hakamo-o.png
  poke-line-20201023.247/img/pokemon/happiny.png
  poke-line-20201023.247/img/pokemon/hariyama.png
  poke-line-20201023.247/img/pokemon/hatenna.png
  poke-line-20201023.247/img/pokemon/hatterene.png
  poke-line-20201023.247/img/pokemon/hattrem.png
  poke-line-20201023.247/img/pokemon/haunter.png
  poke-line-20201023.247/img/pokemon/hawlucha.png
  poke-line-20201023.247/img/pokemon/haxorus.png
  poke-line-20201023.247/img/pokemon/heatmor.png
  poke-line-20201023.247/img/pokemon/heatran.png
  poke-line-20201023.247/img/pokemon/heliolisk.png
  poke-line-20201023.247/img/pokemon/helioptile.png
  poke-line-20201023.247/img/pokemon/heracross.png
  poke-line-20201023.247/img/pokemon/herdier.png
  poke-line-20201023.247/img/pokemon/hippopotas.png
  poke-line-20201023.247/img/pokemon/hippowdon.png
  poke-line-20201023.247/img/pokemon/hitmonchan.png
  poke-line-20201023.247/img/pokemon/hitmonlee.png
  poke-line-20201023.247/img/pokemon/hitmontop.png
  poke-line-20201023.247/img/pokemon/ho-oh.png
  poke-line-20201023.247/img/pokemon/honchkrow.png
  poke-line-20201023.247/img/pokemon/honedge.png
  poke-line-20201023.247/img/pokemon/hoopa.png
  poke-line-20201023.247/img/pokemon/hoothoot.png
  poke-line-20201023.247/img/pokemon/hoppip.png
  poke-line-20201023.247/img/pokemon/horsea.png
  poke-line-20201023.247/img/pokemon/houndoom.png
  poke-line-20201023.247/img/pokemon/houndour.png
  poke-line-20201023.247/img/pokemon/huntail.png
  poke-line-20201023.247/img/pokemon/hydreigon.png
  poke-line-20201023.247/img/pokemon/hypno.png
  poke-line-20201023.247/img/pokemon/igglybuff.png
  poke-line-20201023.247/img/pokemon/illumise.png
  poke-line-20201023.247/img/pokemon/impidimp.png
  poke-line-20201023.247/img/pokemon/incineroar.png
  poke-line-20201023.247/img/pokemon/indeedee.png
  poke-line-20201023.247/img/pokemon/infernape.png
  poke-line-20201023.247/img/pokemon/inkay.png
  poke-line-20201023.247/img/pokemon/inteleon.png
  poke-line-20201023.247/img/pokemon/ivysaur.png
  poke-line-20201023.247/img/pokemon/jangmo-o.png
  poke-line-20201023.247/img/pokemon/jellicent.png
  poke-line-20201023.247/img/pokemon/jigglypuff.png
  poke-line-20201023.247/img/pokemon/jirachi.png
  poke-line-20201023.247/img/pokemon/jolteon.png
  poke-line-20201023.247/img/pokemon/joltik.png
  poke-line-20201023.247/img/pokemon/jumpluff.png
  poke-line-20201023.247/img/pokemon/jynx.png
  poke-line-20201023.247/img/pokemon/kabuto.png
  poke-line-20201023.247/img/pokemon/kabutops.png
  poke-line-20201023.247/img/pokemon/kadabra.png
  poke-line-20201023.247/img/pokemon/kakuna.png
  poke-line-20201023.247/img/pokemon/kangaskhan.png
  poke-line-20201023.247/img/pokemon/karrablast.png
  poke-line-20201023.247/img/pokemon/kartana.png
  poke-line-20201023.247/img/pokemon/kecleon.png
  poke-line-20201023.247/img/pokemon/keldeo.png
  poke-line-20201023.247/img/pokemon/kingdra.png
  poke-line-20201023.247/img/pokemon/kingler.png
  poke-line-20201023.247/img/pokemon/kirlia.png
  poke-line-20201023.247/img/pokemon/klang.png
  poke-line-20201023.247/img/pokemon/klefki.png
  poke-line-20201023.247/img/pokemon/klink.png
  poke-line-20201023.247/img/pokemon/klinklang.png
  poke-line-20201023.247/img/pokemon/koffing.png
  poke-line-20201023.247/img/pokemon/komala.png
  poke-line-20201023.247/img/pokemon/kommo-o.png
  poke-line-20201023.247/img/pokemon/krabby.png
  poke-line-20201023.247/img/pokemon/kricketot.png
  poke-line-20201023.247/img/pokemon/kricketune.png
  poke-line-20201023.247/img/pokemon/krokorok.png
  poke-line-20201023.247/img/pokemon/krookodile.png
  poke-line-20201023.247/img/pokemon/kyogre.png
  poke-line-20201023.247/img/pokemon/kyurem.png
  poke-line-20201023.247/img/pokemon/lairon.png
  poke-line-20201023.247/img/pokemon/lampent.png
  poke-line-20201023.247/img/pokemon/landorus.png
  poke-line-20201023.247/img/pokemon/lanturn.png
  poke-line-20201023.247/img/pokemon/lapras.png
  poke-line-20201023.247/img/pokemon/larvesta.png
  poke-line-20201023.247/img/pokemon/larvitar.png
  poke-line-20201023.247/img/pokemon/latias.png
  poke-line-20201023.247/img/pokemon/latios.png
  poke-line-20201023.247/img/pokemon/leafeon.png
  poke-line-20201023.247/img/pokemon/leavanny.png
  poke-line-20201023.247/img/pokemon/ledian.png
  poke-line-20201023.247/img/pokemon/ledyba.png
  poke-line-20201023.247/img/pokemon/lickilicky.png
  poke-line-20201023.247/img/pokemon/lickitung.png
  poke-line-20201023.247/img/pokemon/liepard.png
  poke-line-20201023.247/img/pokemon/lileep.png
  poke-line-20201023.247/img/pokemon/lilligant.png
  poke-line-20201023.247/img/pokemon/lillipup.png
  poke-line-20201023.247/img/pokemon/linoone.png
  poke-line-20201023.247/img/pokemon/litleo.png
  poke-line-20201023.247/img/pokemon/litten.png
  poke-line-20201023.247/img/pokemon/litwick.png
  poke-line-20201023.247/img/pokemon/lombre.png
  poke-line-20201023.247/img/pokemon/lopunny.png
  poke-line-20201023.247/img/pokemon/lotad.png
  poke-line-20201023.247/img/pokemon/loudred.png
  poke-line-20201023.247/img/pokemon/lucario.png
  poke-line-20201023.247/img/pokemon/ludicolo.png
  poke-line-20201023.247/img/pokemon/lugia.png
  poke-line-20201023.247/img/pokemon/lumineon.png
  poke-line-20201023.247/img/pokemon/lunala.png
  poke-line-20201023.247/img/pokemon/lunatone.png
  poke-line-20201023.247/img/pokemon/lurantis.png
  poke-line-20201023.247/img/pokemon/luvdisc.png
  poke-line-20201023.247/img/pokemon/luxio.png
  poke-line-20201023.247/img/pokemon/luxray.png
  poke-line-20201023.247/img/pokemon/lycanroc.png
  poke-line-20201023.247/img/pokemon/machamp.png
  poke-line-20201023.247/img/pokemon/machoke.png
  poke-line-20201023.247/img/pokemon/machop.png
  poke-line-20201023.247/img/pokemon/magby.png
  poke-line-20201023.247/img/pokemon/magcargo.png
  poke-line-20201023.247/img/pokemon/magearna.png
  poke-line-20201023.247/img/pokemon/magikarp.png
  poke-line-20201023.247/img/pokemon/magmar.png
  poke-line-20201023.247/img/pokemon/magmortar.png
  poke-line-20201023.247/img/pokemon/magnemite.png
  poke-line-20201023.247/img/pokemon/magneton.png
  poke-line-20201023.247/img/pokemon/magnezone.png
  poke-line-20201023.247/img/pokemon/makuhita.png
  poke-line-20201023.247/img/pokemon/malamar.png
  poke-line-20201023.247/img/pokemon/mamoswine.png
  poke-line-20201023.247/img/pokemon/manaphy.png
  poke-line-20201023.247/img/pokemon/mandibuzz.png
  poke-line-20201023.247/img/pokemon/manectric.png
  poke-line-20201023.247/img/pokemon/mankey.png
  poke-line-20201023.247/img/pokemon/mantine.png
  poke-line-20201023.247/img/pokemon/mantyke.png
  poke-line-20201023.247/img/pokemon/maractus.png
  poke-line-20201023.247/img/pokemon/mareanie.png
  poke-line-20201023.247/img/pokemon/mareep.png
  poke-line-20201023.247/img/pokemon/marill.png
  poke-line-20201023.247/img/pokemon/marowak.png
  poke-line-20201023.247/img/pokemon/marshadow.png
  poke-line-20201023.247/img/pokemon/marshtomp.png
  poke-line-20201023.247/img/pokemon/masquerain.png
  poke-line-20201023.247/img/pokemon/mawile.png
  poke-line-20201023.247/img/pokemon/medicham.png
  poke-line-20201023.247/img/pokemon/meditite.png
  poke-line-20201023.247/img/pokemon/meganium.png
  poke-line-20201023.247/img/pokemon/melmetal.png
  poke-line-20201023.247/img/pokemon/meloetta.png
  poke-line-20201023.247/img/pokemon/meltan.png
  poke-line-20201023.247/img/pokemon/meowstic.png
  poke-line-20201023.247/img/pokemon/meowth.png
  poke-line-20201023.247/img/pokemon/mesprit.png
  poke-line-20201023.247/img/pokemon/metagross.png
  poke-line-20201023.247/img/pokemon/metang.png
  poke-line-20201023.247/img/pokemon/metapod.png
  poke-line-20201023.247/img/pokemon/mew.png
  poke-line-20201023.247/img/pokemon/mewtwo.png
  poke-line-20201023.247/img/pokemon/mienfoo.png
  poke-line-20201023.247/img/pokemon/mienshao.png
  poke-line-20201023.247/img/pokemon/mightyena.png
  poke-line-20201023.247/img/pokemon/milcery.png
  poke-line-20201023.247/img/pokemon/milotic.png
  poke-line-20201023.247/img/pokemon/miltank.png
  poke-line-20201023.247/img/pokemon/mime jr.png
  poke-line-20201023.247/img/pokemon/mimikyu.png
  poke-line-20201023.247/img/pokemon/minccino.png
  poke-line-20201023.247/img/pokemon/minior.png
  poke-line-20201023.247/img/pokemon/minun.png
  poke-line-20201023.247/img/pokemon/misdreavus.png
  poke-line-20201023.247/img/pokemon/mismagius.png
  poke-line-20201023.247/img/pokemon/moltres.png
  poke-line-20201023.247/img/pokemon/monferno.png
  poke-line-20201023.247/img/pokemon/morelull.png
  poke-line-20201023.247/img/pokemon/morgrem.png
  poke-line-20201023.247/img/pokemon/morpeko.png
  poke-line-20201023.247/img/pokemon/mothim.png
  poke-line-20201023.247/img/pokemon/mr mime.png
  poke-line-20201023.247/img/pokemon/mr rime.png
  poke-line-20201023.247/img/pokemon/mudbray.png
  poke-line-20201023.247/img/pokemon/mudkip.png
  poke-line-20201023.247/img/pokemon/mudsdale.png
  poke-line-20201023.247/img/pokemon/muk.png
  poke-line-20201023.247/img/pokemon/munchlax.png
  poke-line-20201023.247/img/pokemon/munna.png
  poke-line-20201023.247/img/pokemon/murkrow.png
  poke-line-20201023.247/img/pokemon/musharna.png
  poke-line-20201023.247/img/pokemon/naganadel.png
  poke-line-20201023.247/img/pokemon/natu.png
  poke-line-20201023.247/img/pokemon/necrozma.png
  poke-line-20201023.247/img/pokemon/nickit.png
  poke-line-20201023.247/img/pokemon/nidoking.png
  poke-line-20201023.247/img/pokemon/nidoqueen.png
  poke-line-20201023.247/img/pokemon/nidoran-f.png
  poke-line-20201023.247/img/pokemon/nidoran-m.png
  poke-line-20201023.247/img/pokemon/nidorina.png
  poke-line-20201023.247/img/pokemon/nidorino.png
  poke-line-20201023.247/img/pokemon/nihilego.png
  poke-line-20201023.247/img/pokemon/nincada.png
  poke-line-20201023.247/img/pokemon/ninetales.png
  poke-line-20201023.247/img/pokemon/ninjask.png
  poke-line-20201023.247/img/pokemon/noctowl.png
  poke-line-20201023.247/img/pokemon/noibat.png
  poke-line-20201023.247/img/pokemon/noivern.png
  poke-line-20201023.247/img/pokemon/nosepass.png
  poke-line-20201023.247/img/pokemon/numel.png
  poke-line-20201023.247/img/pokemon/nuzleaf.png
  poke-line-20201023.247/img/pokemon/obstagoon.png
  poke-line-20201023.247/img/pokemon/octillery.png
  poke-line-20201023.247/img/pokemon/oddish.png
  poke-line-20201023.247/img/pokemon/omanyte.png
  poke-line-20201023.247/img/pokemon/omastar.png
  poke-line-20201023.247/img/pokemon/onix.png
  poke-line-20201023.247/img/pokemon/oranguru.png
  poke-line-20201023.247/img/pokemon/orbeetle.png
  poke-line-20201023.247/img/pokemon/oricorio.png
  poke-line-20201023.247/img/pokemon/oshawott.png
  poke-line-20201023.247/img/pokemon/pachirisu.png
  poke-line-20201023.247/img/pokemon/palkia.png
  poke-line-20201023.247/img/pokemon/palossand.png
  poke-line-20201023.247/img/pokemon/palpitoad.png
  poke-line-20201023.247/img/pokemon/pancham.png
  poke-line-20201023.247/img/pokemon/pangoro.png
  poke-line-20201023.247/img/pokemon/panpour.png
  poke-line-20201023.247/img/pokemon/pansage.png
  poke-line-20201023.247/img/pokemon/pansear.png
  poke-line-20201023.247/img/pokemon/paras.png
  poke-line-20201023.247/img/pokemon/parasect.png
  poke-line-20201023.247/img/pokemon/passimian.png
  poke-line-20201023.247/img/pokemon/patrat.png
  poke-line-20201023.247/img/pokemon/pawniard.png
  poke-line-20201023.247/img/pokemon/pelipper.png
  poke-line-20201023.247/img/pokemon/perrserker.png
  poke-line-20201023.247/img/pokemon/persian.png
  poke-line-20201023.247/img/pokemon/petilil.png
  poke-line-20201023.247/img/pokemon/phanpy.png
  poke-line-20201023.247/img/pokemon/phantump.png
  poke-line-20201023.247/img/pokemon/pheromosa.png
  poke-line-20201023.247/img/pokemon/phione.png
  poke-line-20201023.247/img/pokemon/pichu.png
  poke-line-20201023.247/img/pokemon/pidgeot.png
  poke-line-20201023.247/img/pokemon/pidgeotto.png
  poke-line-20201023.247/img/pokemon/pidgey.png
  poke-line-20201023.247/img/pokemon/pidove.png
  poke-line-20201023.247/img/pokemon/pignite.png
  poke-line-20201023.247/img/pokemon/pikachu.png
  poke-line-20201023.247/img/pokemon/pikipek.png
  poke-line-20201023.247/img/pokemon/piloswine.png
  poke-line-20201023.247/img/pokemon/pincurchin.png
  poke-line-20201023.247/img/pokemon/pineco.png
  poke-line-20201023.247/img/pokemon/pinsir.png
  poke-line-20201023.247/img/pokemon/piplup.png
  poke-line-20201023.247/img/pokemon/plusle.png
  poke-line-20201023.247/img/pokemon/poipole.png
  poke-line-20201023.247/img/pokemon/politoed.png
  poke-line-20201023.247/img/pokemon/poliwag.png
  poke-line-20201023.247/img/pokemon/poliwhirl.png
  poke-line-20201023.247/img/pokemon/poliwrath.png
  poke-line-20201023.247/img/pokemon/polteageist.png
  poke-line-20201023.247/img/pokemon/ponyta.png
  poke-line-20201023.247/img/pokemon/poochyena.png
  poke-line-20201023.247/img/pokemon/popplio.png
  poke-line-20201023.247/img/pokemon/porygon-z.png
  poke-line-20201023.247/img/pokemon/porygon.png
  poke-line-20201023.247/img/pokemon/porygon2.png
  poke-line-20201023.247/img/pokemon/primarina.png
  poke-line-20201023.247/img/pokemon/primeape.png
  poke-line-20201023.247/img/pokemon/prinplup.png
  poke-line-20201023.247/img/pokemon/probopass.png
  poke-line-20201023.247/img/pokemon/psyduck.png
  poke-line-20201023.247/img/pokemon/pumpkaboo.png
  poke-line-20201023.247/img/pokemon/pupitar.png
  poke-line-20201023.247/img/pokemon/purrloin.png
  poke-line-20201023.247/img/pokemon/purugly.png
  poke-line-20201023.247/img/pokemon/pyroar.png
  poke-line-20201023.247/img/pokemon/pyukumuku.png
  poke-line-20201023.247/img/pokemon/quagsire.png
  poke-line-20201023.247/img/pokemon/quilava.png
  poke-line-20201023.247/img/pokemon/quilladin.png
  poke-line-20201023.247/img/pokemon/qwilfish.png
  poke-line-20201023.247/img/pokemon/raboot.png
  poke-line-20201023.247/img/pokemon/raichu.png
  poke-line-20201023.247/img/pokemon/raikou.png
  poke-line-20201023.247/img/pokemon/ralts.png
  poke-line-20201023.247/img/pokemon/rampardos.png
  poke-line-20201023.247/img/pokemon/rapidash.png
  poke-line-20201023.247/img/pokemon/raticate.png
  poke-line-20201023.247/img/pokemon/rattata.png
  poke-line-20201023.247/img/pokemon/rayquaza.png
  poke-line-20201023.247/img/pokemon/regice.png
  poke-line-20201023.247/img/pokemon/regigigas.png
  poke-line-20201023.247/img/pokemon/regirock.png
  poke-line-20201023.247/img/pokemon/registeel.png
  poke-line-20201023.247/img/pokemon/relicanth.png
  poke-line-20201023.247/img/pokemon/remoraid.png
  poke-line-20201023.247/img/pokemon/reshiram.png
  poke-line-20201023.247/img/pokemon/reuniclus.png
  poke-line-20201023.247/img/pokemon/rhydon.png
  poke-line-20201023.247/img/pokemon/rhyhorn.png
  poke-line-20201023.247/img/pokemon/rhyperior.png
  poke-line-20201023.247/img/pokemon/ribombee.png
  poke-line-20201023.247/img/pokemon/rillaboom.png
  poke-line-20201023.247/img/pokemon/riolu.png
  poke-line-20201023.247/img/pokemon/rockruff.png
  poke-line-20201023.247/img/pokemon/roggenrola.png
  poke-line-20201023.247/img/pokemon/rolycoly.png
  poke-line-20201023.247/img/pokemon/rookidee.png
  poke-line-20201023.247/img/pokemon/roselia.png
  poke-line-20201023.247/img/pokemon/roserade.png
  poke-line-20201023.247/img/pokemon/rotom.png
  poke-line-20201023.247/img/pokemon/rowlet.png
  poke-line-20201023.247/img/pokemon/rufflet.png
  poke-line-20201023.247/img/pokemon/runerigus.png
  poke-line-20201023.247/img/pokemon/sableye.png
  poke-line-20201023.247/img/pokemon/salamence.png
  poke-line-20201023.247/img/pokemon/salandit.png
  poke-line-20201023.247/img/pokemon/salazzle.png
  poke-line-20201023.247/img/pokemon/samurott.png
  poke-line-20201023.247/img/pokemon/sandaconda.png
  poke-line-20201023.247/img/pokemon/sandile.png
  poke-line-20201023.247/img/pokemon/sandshrew.png
  poke-line-20201023.247/img/pokemon/sandslash.png
  poke-line-20201023.247/img/pokemon/sandygast.png
  poke-line-20201023.247/img/pokemon/sawk.png
  poke-line-20201023.247/img/pokemon/sawsbuck.png
  poke-line-20201023.247/img/pokemon/scatterbug.png
  poke-line-20201023.247/img/pokemon/sceptile.png
  poke-line-20201023.247/img/pokemon/scizor.png
  poke-line-20201023.247/img/pokemon/scolipede.png
  poke-line-20201023.247/img/pokemon/scorbunny.png
  poke-line-20201023.247/img/pokemon/scrafty.png
  poke-line-20201023.247/img/pokemon/scraggy.png
  poke-line-20201023.247/img/pokemon/scyther.png
  poke-line-20201023.247/img/pokemon/seadra.png
  poke-line-20201023.247/img/pokemon/seaking.png
  poke-line-20201023.247/img/pokemon/sealeo.png
  poke-line-20201023.247/img/pokemon/seedot.png
  poke-line-20201023.247/img/pokemon/seel.png
  poke-line-20201023.247/img/pokemon/seismitoad.png
  poke-line-20201023.247/img/pokemon/sentret.png
  poke-line-20201023.247/img/pokemon/serperior.png
  poke-line-20201023.247/img/pokemon/servine.png
  poke-line-20201023.247/img/pokemon/seviper.png
  poke-line-20201023.247/img/pokemon/sewaddle.png
  poke-line-20201023.247/img/pokemon/sharpedo.png
  poke-line-20201023.247/img/pokemon/shaymin.png
  poke-line-20201023.247/img/pokemon/shedinja.png
  poke-line-20201023.247/img/pokemon/shelgon.png
  poke-line-20201023.247/img/pokemon/shellder.png
  poke-line-20201023.247/img/pokemon/shellos.png
  poke-line-20201023.247/img/pokemon/shelmet.png
  poke-line-20201023.247/img/pokemon/shieldon.png
  poke-line-20201023.247/img/pokemon/shiftry.png
  poke-line-20201023.247/img/pokemon/shiinotic.png
  poke-line-20201023.247/img/pokemon/shinx.png
  poke-line-20201023.247/img/pokemon/shroomish.png
  poke-line-20201023.247/img/pokemon/shuckle.png
  poke-line-20201023.247/img/pokemon/shuppet.png
  poke-line-20201023.247/img/pokemon/sigilyph.png
  poke-line-20201023.247/img/pokemon/silcoon.png
  poke-line-20201023.247/img/pokemon/silicobra.png
  poke-line-20201023.247/img/pokemon/silvally.png
  poke-line-20201023.247/img/pokemon/simipour.png
  poke-line-20201023.247/img/pokemon/simisage.png
  poke-line-20201023.247/img/pokemon/simisear.png
  poke-line-20201023.247/img/pokemon/sinistea.png
  poke-line-20201023.247/img/pokemon/sirfetchd.png
  poke-line-20201023.247/img/pokemon/sizzlipede.png
  poke-line-20201023.247/img/pokemon/skarmory.png
  poke-line-20201023.247/img/pokemon/skiddo.png
  poke-line-20201023.247/img/pokemon/skiploom.png
  poke-line-20201023.247/img/pokemon/skitty.png
  poke-line-20201023.247/img/pokemon/skorupi.png
  poke-line-20201023.247/img/pokemon/skrelp.png
  poke-line-20201023.247/img/pokemon/skuntank.png
  poke-line-20201023.247/img/pokemon/skwovet.png
  poke-line-20201023.247/img/pokemon/slaking.png
  poke-line-20201023.247/img/pokemon/slakoth.png
  poke-line-20201023.247/img/pokemon/sliggoo.png
  poke-line-20201023.247/img/pokemon/slowbro.png
  poke-line-20201023.247/img/pokemon/slowking.png
  poke-line-20201023.247/img/pokemon/slowpoke.png
  poke-line-20201023.247/img/pokemon/slugma.png
  poke-line-20201023.247/img/pokemon/slurpuff.png
  poke-line-20201023.247/img/pokemon/smeargle.png
  poke-line-20201023.247/img/pokemon/smoochum.png
  poke-line-20201023.247/img/pokemon/sneasel.png
  poke-line-20201023.247/img/pokemon/snivy.png
  poke-line-20201023.247/img/pokemon/snom.png
  poke-line-20201023.247/img/pokemon/snorlax.png
  poke-line-20201023.247/img/pokemon/snorunt.png
  poke-line-20201023.247/img/pokemon/snover.png
  poke-line-20201023.247/img/pokemon/snubbull.png
  poke-line-20201023.247/img/pokemon/sobble.png
  poke-line-20201023.247/img/pokemon/solgaleo.png
  poke-line-20201023.247/img/pokemon/solosis.png
  poke-line-20201023.247/img/pokemon/solrock.png
  poke-line-20201023.247/img/pokemon/spearow.png
  poke-line-20201023.247/img/pokemon/spewpa.png
  poke-line-20201023.247/img/pokemon/spheal.png
  poke-line-20201023.247/img/pokemon/spinarak.png
  poke-line-20201023.247/img/pokemon/spinda.png
  poke-line-20201023.247/img/pokemon/spiritomb.png
  poke-line-20201023.247/img/pokemon/spoink.png
  poke-line-20201023.247/img/pokemon/spritzee.png
  poke-line-20201023.247/img/pokemon/squirtle.png
  poke-line-20201023.247/img/pokemon/stakataka.png
  poke-line-20201023.247/img/pokemon/stantler.png
  poke-line-20201023.247/img/pokemon/staraptor.png
  poke-line-20201023.247/img/pokemon/staravia.png
  poke-line-20201023.247/img/pokemon/starly.png
  poke-line-20201023.247/img/pokemon/starmie.png
  poke-line-20201023.247/img/pokemon/staryu.png
  poke-line-20201023.247/img/pokemon/steelix.png
  poke-line-20201023.247/img/pokemon/steenee.png
  poke-line-20201023.247/img/pokemon/stonjourner.png
  poke-line-20201023.247/img/pokemon/stoutland.png
  poke-line-20201023.247/img/pokemon/stufful.png
  poke-line-20201023.247/img/pokemon/stunfisk.png
  poke-line-20201023.247/img/pokemon/stunky.png
  poke-line-20201023.247/img/pokemon/sudowoodo.png
  poke-line-20201023.247/img/pokemon/suicune.png
  poke-line-20201023.247/img/pokemon/sunflora.png
  poke-line-20201023.247/img/pokemon/sunkern.png
  poke-line-20201023.247/img/pokemon/surskit.png
  poke-line-20201023.247/img/pokemon/swablu.png
  poke-line-20201023.247/img/pokemon/swadloon.png
  poke-line-20201023.247/img/pokemon/swalot.png
  poke-line-20201023.247/img/pokemon/swampert.png
  poke-line-20201023.247/img/pokemon/swanna.png
  poke-line-20201023.247/img/pokemon/swellow.png
  poke-line-20201023.247/img/pokemon/swinub.png
  poke-line-20201023.247/img/pokemon/swirlix.png
  poke-line-20201023.247/img/pokemon/swoobat.png
  poke-line-20201023.247/img/pokemon/sylveon.png
  poke-line-20201023.247/img/pokemon/taillow.png
  poke-line-20201023.247/img/pokemon/talonflame.png
  poke-line-20201023.247/img/pokemon/tangela.png
  poke-line-20201023.247/img/pokemon/tangrowth.png
  poke-line-20201023.247/img/pokemon/tapu bulu.png
  poke-line-20201023.247/img/pokemon/tapu fini.png
  poke-line-20201023.247/img/pokemon/tapu koko.png
  poke-line-20201023.247/img/pokemon/tapu lele.png
  poke-line-20201023.247/img/pokemon/tauros.png
  poke-line-20201023.247/img/pokemon/teddiursa.png
  poke-line-20201023.247/img/pokemon/tentacool.png
  poke-line-20201023.247/img/pokemon/tentacruel.png
  poke-line-20201023.247/img/pokemon/tepig.png
  poke-line-20201023.247/img/pokemon/terrakion.png
  poke-line-20201023.247/img/pokemon/thievul.png
  poke-line-20201023.247/img/pokemon/throh.png
  poke-line-20201023.247/img/pokemon/thundurus.png
  poke-line-20201023.247/img/pokemon/thwackey.png
  poke-line-20201023.247/img/pokemon/timburr.png
  poke-line-20201023.247/img/pokemon/tirtouga.png
  poke-line-20201023.247/img/pokemon/togedemaru.png
  poke-line-20201023.247/img/pokemon/togekiss.png
  poke-line-20201023.247/img/pokemon/togepi.png
  poke-line-20201023.247/img/pokemon/togetic.png
  poke-line-20201023.247/img/pokemon/torchic.png
  poke-line-20201023.247/img/pokemon/torkoal.png
  poke-line-20201023.247/img/pokemon/tornadus.png
  poke-line-20201023.247/img/pokemon/torracat.png
  poke-line-20201023.247/img/pokemon/torterra.png
  poke-line-20201023.247/img/pokemon/totodile.png
  poke-line-20201023.247/img/pokemon/toucannon.png
  poke-line-20201023.247/img/pokemon/toxapex.png
  poke-line-20201023.247/img/pokemon/toxel.png
  poke-line-20201023.247/img/pokemon/toxicroak.png
  poke-line-20201023.247/img/pokemon/toxtricity.png
  poke-line-20201023.247/img/pokemon/tranquill.png
  poke-line-20201023.247/img/pokemon/trapinch.png
  poke-line-20201023.247/img/pokemon/treecko.png
  poke-line-20201023.247/img/pokemon/trevenant.png
  poke-line-20201023.247/img/pokemon/tropius.png
  poke-line-20201023.247/img/pokemon/trubbish.png
  poke-line-20201023.247/img/pokemon/trumbeak.png
  poke-line-20201023.247/img/pokemon/tsareena.png
  poke-line-20201023.247/img/pokemon/turtonator.png
  poke-line-20201023.247/img/pokemon/turtwig.png
  poke-line-20201023.247/img/pokemon/tympole.png
  poke-line-20201023.247/img/pokemon/tynamo.png
  poke-line-20201023.247/img/pokemon/type-null.png
  poke-line-20201023.247/img/pokemon/typhlosion.png
  poke-line-20201023.247/img/pokemon/tyranitar.png
  poke-line-20201023.247/img/pokemon/tyrantrum.png
  poke-line-20201023.247/img/pokemon/tyrogue.png
  poke-line-20201023.247/img/pokemon/tyrunt.png
  poke-line-20201023.247/img/pokemon/umbreon.png
  poke-line-20201023.247/img/pokemon/unfezant.png
  poke-line-20201023.247/img/pokemon/unown.png
  poke-line-20201023.247/img/pokemon/ursaring.png
  poke-line-20201023.247/img/pokemon/uxie.png
  poke-line-20201023.247/img/pokemon/vanillish.png
  poke-line-20201023.247/img/pokemon/vanillite.png
  poke-line-20201023.247/img/pokemon/vanilluxe.png
  poke-line-20201023.247/img/pokemon/vaporeon.png
  poke-line-20201023.247/img/pokemon/venipede.png
  poke-line-20201023.247/img/pokemon/venomoth.png
  poke-line-20201023.247/img/pokemon/venonat.png
  poke-line-20201023.247/img/pokemon/venusaur.png
  poke-line-20201023.247/img/pokemon/vespiquen.png
  poke-line-20201023.247/img/pokemon/vibrava.png
  poke-line-20201023.247/img/pokemon/victini.png
  poke-line-20201023.247/img/pokemon/victreebel.png
  poke-line-20201023.247/img/pokemon/vigoroth.png
  poke-line-20201023.247/img/pokemon/vikavolt.png
  poke-line-20201023.247/img/pokemon/vileplume.png
  poke-line-20201023.247/img/pokemon/virizion.png
  poke-line-20201023.247/img/pokemon/vivillon.png
  poke-line-20201023.247/img/pokemon/volbeat.png
  poke-line-20201023.247/img/pokemon/volcanion.png
  poke-line-20201023.247/img/pokemon/volcarona.png
  poke-line-20201023.247/img/pokemon/voltorb.png
  poke-line-20201023.247/img/pokemon/vullaby.png
  poke-line-20201023.247/img/pokemon/vulpix.png
  poke-line-20201023.247/img/pokemon/wailmer.png
  poke-line-20201023.247/img/pokemon/wailord.png
  poke-line-20201023.247/img/pokemon/walrein.png
  poke-line-20201023.247/img/pokemon/wartortle.png
  poke-line-20201023.247/img/pokemon/watchog.png
  poke-line-20201023.247/img/pokemon/weavile.png
  poke-line-20201023.247/img/pokemon/weedle.png
  poke-line-20201023.247/img/pokemon/weepinbell.png
  poke-line-20201023.247/img/pokemon/weezing.png
  poke-line-20201023.247/img/pokemon/whimsicott.png
  poke-line-20201023.247/img/pokemon/whirlipede.png
  poke-line-20201023.247/img/pokemon/whiscash.png
  poke-line-20201023.247/img/pokemon/whismur.png
  poke-line-20201023.247/img/pokemon/wigglytuff.png
  poke-line-20201023.247/img/pokemon/wimpod.png
  poke-line-20201023.247/img/pokemon/wingull.png
  poke-line-20201023.247/img/pokemon/wishiwashi.png
  poke-line-20201023.247/img/pokemon/wobbuffet.png
  poke-line-20201023.247/img/pokemon/woobat.png
  poke-line-20201023.247/img/pokemon/wooloo.png
  poke-line-20201023.247/img/pokemon/wooper.png
  poke-line-20201023.247/img/pokemon/wormadam.png
  poke-line-20201023.247/img/pokemon/wurmple.png
  poke-line-20201023.247/img/pokemon/wynaut.png
  poke-line-20201023.247/img/pokemon/xatu.png
  poke-line-20201023.247/img/pokemon/xerneas.png
  poke-line-20201023.247/img/pokemon/xurkitree.png
  poke-line-20201023.247/img/pokemon/yamask.png
  poke-line-20201023.247/img/pokemon/yamper.png
  poke-line-20201023.247/img/pokemon/yanma.png
  poke-line-20201023.247/img/pokemon/yanmega.png
  poke-line-20201023.247/img/pokemon/yungoos.png
  poke-line-20201023.247/img/pokemon/yveltal.png
  poke-line-20201023.247/img/pokemon/zacian.png
  poke-line-20201023.247/img/pokemon/zamazenta.png
  poke-line-20201023.247/img/pokemon/zangoose.png
  poke-line-20201023.247/img/pokemon/zapdos.png
  poke-line-20201023.247/img/pokemon/zebstrika.png
  poke-line-20201023.247/img/pokemon/zekrom.png
  poke-line-20201023.247/img/pokemon/zeraora.png
  poke-line-20201023.247/img/pokemon/zigzagoon.png
  poke-line-20201023.247/img/pokemon/zoroark.png
  poke-line-20201023.247/img/pokemon/zorua.png
  poke-line-20201023.247/img/pokemon/zubat.png
  poke-line-20201023.247/img/pokemon/zweilous.png
  poke-line-20201023.247/img/pokemon/zygarde.png
  poke-line-20201023.247/poke-line-pkg.el
  poke-line-20201023.247/poke-line-types.el
  poke-line-20201023.247/poke-line.el
 ✓ Success:
  2024-11-27T23:33:58+0000  poke-line-20201023.247.entry
  2024-11-27T23:33:57+0000  poke-line-20201023.247.tar
Built poke-line in 4.693s, finished at 2024-11-27T23:33:59+0000
