Package: pomidor
Fetcher: github
Source:  https://github.com/TatriX/pomidor

Updating /mnt/store/melpa/working/pomidor/
Checking out de71c34a1a9aff745181107094d3389816dbeca5
Copying files (->) and directories (=>)
  from /mnt/store/melpa/working/pomidor/
  to /tmp/pomidorATcd4Y/pomidor-20240601.1617
    pomidor.el -> pomidor.el
    tick.wav -> tick.wav
    tack.wav -> tack.wav
    overwork.wav -> overwork.wav
Created pomidor-20240601.1617.tar containing:
  pomidor-20240601.1617/
  pomidor-20240601.1617/overwork.wav
  pomidor-20240601.1617/pomidor-pkg.el
  pomidor-20240601.1617/pomidor.el
  pomidor-20240601.1617/tack.wav
  pomidor-20240601.1617/tick.wav
 ✓ Success:
  2025-02-24T22:30:37+0000  pomidor-20240601.1617.entry
  2025-02-24T22:30:37+0000  pomidor-20240601.1617.tar
Built pomidor in 3.379s, finished at 2025-02-24T22:30:38+0000
