Package: pomm
Fetcher: github
Source:  https://github.com/SqrtMinusOne/pomm.el

Updating /mnt/store/melpa/working/pomm/
Checking out ee7b60c65e3d15e0fcf2169ff3ba4b43ebaa65d6
Copying files (->) and directories (=>)
  from /mnt/store/melpa/working/pomm/
  to /tmp/pommzVpICz/pomm-20250202.1202
    pomm-third-time.el -> pomm-third-time.el
    pomm.el -> pomm.el
    resources => resources
Created pomm-20250202.1202.tar containing:
  pomm-20250202.1202/
  pomm-20250202.1202/pomm-pkg.el
  pomm-20250202.1202/pomm-third-time.el
  pomm-20250202.1202/pomm.el
  pomm-20250202.1202/resources/
  pomm-20250202.1202/resources/air_horn.wav
  pomm-20250202.1202/resources/bell.wav
  pomm-20250202.1202/resources/tick.wav
 ✓ Success:
  2025-02-06T00:32:23+0000  pomm-20250202.1202.entry
  2025-02-06T00:32:23+0000  pomm-20250202.1202.tar
Built pomm in 3.089s, finished at 2025-02-06T00:32:24+0000
