Package: popper
Fetcher: github
Source:  https://github.com/karthink/popper.git

Updating /mnt/store/melpa/working/popper/
Checking out c6b78fdd546e19582fa2195cf51f6753c45e7c03
Copying files (->) and directories (=>)
  from /mnt/store/melpa/working/popper/
  to /tmp/popperLIka5U/popper-20240325.10
    popper-echo.el -> popper-echo.el
    popper.el -> popper.el
Created popper-20240325.10.tar containing:
  popper-20240325.10/
  popper-20240325.10/popper-echo.el
  popper-20240325.10/popper-pkg.el
  popper-20240325.10/popper.el
 ✓ Success:
  2024-03-24T23:04:52+0000  popper-20240324.2216.entry
  2024-03-24T23:04:51+0000  popper-20240324.2216.tar
  2024-03-25T00:57:21+0000  popper-20240325.10.entry
  2024-03-25T00:57:21+0000  popper-20240325.10.tar
Built popper in 4.063s, finished at 2024-03-25T00:57:23+0000
