Package: pov-mode
Fetcher: github
Source:  https://github.com/melmothx/pov-mode.git

Updating /mnt/store/melpa/working/pov-mode/
Checking out 9fc1db3aab7c27155674dd1a87ec62606035d074
Copying files (->) and directories (=>)
  from /mnt/store/melpa/working/pov-mode/
  to /tmp/pov-modetCgmcf/pov-mode-20161115.743
    pov-mode-pkg.el -> pov-mode-pkg.el
    pov-mode.el -> pov-mode.el
    dir -> dir
    pov-mode.info -> pov-mode.info
Created pov-mode-20161115.743.tar containing:
  pov-mode-20161115.743/
  pov-mode-20161115.743/dir
  pov-mode-20161115.743/pov-mode-pkg.el
  pov-mode-20161115.743/pov-mode.el
  pov-mode-20161115.743/pov-mode.info
 ✓ Success:
  2024-01-11T00:35:59+0000  pov-mode-20161115.743.entry
  2024-01-11T00:35:59+0000  pov-mode-20161115.743.tar
Built pov-mode in 3.515s, finished at 2024-01-11T00:36:00+0000
