Package: powerline
Fetcher: github
Source:  https://github.com/milkypostman/powerline.git

Updating /mnt/store/melpa/working/powerline/
Checking out c35c35bdf5ce2d992882c1f06f0f078058870d4a
Copying files (->) and directories (=>)
  from /mnt/store/melpa/working/powerline/
  to /tmp/powerline6uOS94/powerline-20221110.1956
    powerline-separators.el -> powerline-separators.el
    powerline-themes.el -> powerline-themes.el
    powerline.el -> powerline.el
Created powerline-20221110.1956.tar containing:
  powerline-20221110.1956/
  powerline-20221110.1956/powerline-pkg.el
  powerline-20221110.1956/powerline-separators.el
  powerline-20221110.1956/powerline-themes.el
  powerline-20221110.1956/powerline.el
 ✓ Success:
  2024-05-07T01:06:38+0000  powerline-20221110.1956.entry
  2024-05-07T01:06:37+0000  powerline-20221110.1956.tar
Built powerline in 5.171s, finished at 2024-05-07T01:06:40+0000
