Package: pr-review
Fetcher: github
Source:  https://github.com/blahgeek/emacs-pr-review

Updating /mnt/store/melpa/working/pr-review/
Checking out 25b71053c404070629c1d5a6112a1158ffdb704c
Copying files (->) and directories (=>)
  from /mnt/store/melpa/working/pr-review/
  to /tmp/pr-reviewSa7ebv/pr-review-20250410.1615
    pr-review-action.el -> pr-review-action.el
    pr-review-api.el -> pr-review-api.el
    pr-review-common.el -> pr-review-common.el
    pr-review-input.el -> pr-review-input.el
    pr-review-listview.el -> pr-review-listview.el
    pr-review-notification.el -> pr-review-notification.el
    pr-review-render.el -> pr-review-render.el
    pr-review-search.el -> pr-review-search.el
    pr-review.el -> pr-review.el
    graphql => graphql
Created pr-review-20250410.1615.tar containing:
  pr-review-20250410.1615/
  pr-review-20250410.1615/graphql/
  pr-review-20250410.1615/graphql/add-comment.graphql
  pr-review-20250410.1615/graphql/add-labels.graphql
  pr-review-20250410.1615/graphql/add-review-comment-reply.graphql
  pr-review-20250410.1615/graphql/add-review.graphql
  pr-review-20250410.1615/graphql/clear-labels.graphql
  pr-review-20250410.1615/graphql/close-pr.graphql
  pr-review-20250410.1615/graphql/get-assignable-users.graphql
  pr-review-20250410.1615/graphql/get-pull-request-for-notification.inc.graphql
  pr-review-20250410.1615/graphql/get-pull-request.graphql
  pr-review-20250410.1615/graphql/merge-pr.graphql
  pr-review-20250410.1615/graphql/reopen-pr.graphql
  pr-review-20250410.1615/graphql/request-reviews.graphql
  pr-review-20250410.1615/graphql/resolve-review-thread.graphql
  pr-review-20250410.1615/graphql/search-prs.graphql
  pr-review-20250410.1615/graphql/submit-review.graphql
  pr-review-20250410.1615/graphql/unresolve-review-thread.graphql
  pr-review-20250410.1615/graphql/update-comment.graphql
  pr-review-20250410.1615/graphql/update-pr.graphql
  pr-review-20250410.1615/graphql/update-review-comment.graphql
  pr-review-20250410.1615/graphql/update-review.graphql
  pr-review-20250410.1615/graphql/update-subscription.graphql
  pr-review-20250410.1615/graphql/whoami.graphql
  pr-review-20250410.1615/pr-review-action.el
  pr-review-20250410.1615/pr-review-api.el
  pr-review-20250410.1615/pr-review-common.el
  pr-review-20250410.1615/pr-review-input.el
  pr-review-20250410.1615/pr-review-listview.el
  pr-review-20250410.1615/pr-review-notification.el
  pr-review-20250410.1615/pr-review-pkg.el
  pr-review-20250410.1615/pr-review-render.el
  pr-review-20250410.1615/pr-review-search.el
  pr-review-20250410.1615/pr-review.el
 ✓ Success:
  2025-04-11T22:44:32+0000  pr-review-20250410.1615.entry
  2025-04-11T22:44:32+0000  pr-review-20250410.1615.tar
Built pr-review in 2.863s, finished at 2025-04-11T22:44:32+0000
