Package: prettier
Fetcher: github
Source:  https://github.com/jscheid/prettier.el.git

Updating /mnt/store/melpa/working/prettier/
Checking out d6d7a6ac9e8a08ab497d2cf4d7e2317f6b93dfbf
Copying files (->) and directories (=>)
  from /mnt/store/melpa/working/prettier/
  to /tmp/prettierToa9a5/prettier-20231002.1153
    prettier.el -> prettier.el
    dir -> dir
    prettier.info -> prettier.info
    bootstrap-min.js -> bootstrap-min.js
    prettier-el.js.gz.base64 -> prettier-el.js.gz.base64
Created prettier-20231002.1153.tar containing:
  prettier-20231002.1153/
  prettier-20231002.1153/bootstrap-min.js
  prettier-20231002.1153/dir
  prettier-20231002.1153/prettier-el.js.gz.base64
  prettier-20231002.1153/prettier-pkg.el
  prettier-20231002.1153/prettier.el
  prettier-20231002.1153/prettier.info
 ✓ Success:
  2023-12-26T23:36:48+0000  prettier-20231002.1153.entry
  2023-12-26T23:36:47+0000  prettier-20231002.1153.tar
Built prettier in 4.366s, finished at 2023-12-26T23:36:49+0000
