Package: projection-multi
Fetcher: github
Source:  https://github.com/mohkale/projection

Updating /mnt/store/melpa/working/projection-multi/
Checking out eab3a7f57ada46f1f30662495b9cd7a84b60bffd
Copying files (->) and directories (=>)
  from /mnt/store/melpa/working/projection-multi/
  to /tmp/projection-multif5rvEl/projection-multi-20250831.1727
  ! src/projection-multi/projection-multi-cmake.el -> projection-multi-cmake.el
  ! src/projection-multi/projection-multi-ctest.el -> projection-multi-ctest.el
  ! src/projection-multi/projection-multi-golang.el -> projection-multi-golang.el
  ! src/projection-multi/projection-multi-gradle.el -> projection-multi-gradle.el
  ! src/projection-multi/projection-multi-make.el -> projection-multi-make.el
  ! src/projection-multi/projection-multi-meson.el -> projection-multi-meson.el
  ! src/projection-multi/projection-multi-npm-scripts.el -> projection-multi-npm-scripts.el
  ! src/projection-multi/projection-multi-poetry-poe.el -> projection-multi-poetry-poe.el
  ! src/projection-multi/projection-multi-pytest.el -> projection-multi-pytest.el
  ! src/projection-multi/projection-multi-rustic.el -> projection-multi-rustic.el
  ! src/projection-multi/projection-multi-tox.el -> projection-multi-tox.el
  ! src/projection-multi/projection-multi-vscode-tasks.el -> projection-multi-vscode-tasks.el
  ! src/projection-multi/projection-multi-yarn-scripts.el -> projection-multi-yarn-scripts.el
  ! src/projection-multi/projection-multi.el -> projection-multi.el
Created projection-multi-20250831.1727.tar containing:
  projection-multi-20250831.1727/
  projection-multi-20250831.1727/projection-multi-cmake.el
  projection-multi-20250831.1727/projection-multi-ctest.el
  projection-multi-20250831.1727/projection-multi-golang.el
  projection-multi-20250831.1727/projection-multi-gradle.el
  projection-multi-20250831.1727/projection-multi-make.el
  projection-multi-20250831.1727/projection-multi-meson.el
  projection-multi-20250831.1727/projection-multi-npm-scripts.el
  projection-multi-20250831.1727/projection-multi-pkg.el
  projection-multi-20250831.1727/projection-multi-poetry-poe.el
  projection-multi-20250831.1727/projection-multi-pytest.el
  projection-multi-20250831.1727/projection-multi-rustic.el
  projection-multi-20250831.1727/projection-multi-tox.el
  projection-multi-20250831.1727/projection-multi-vscode-tasks.el
  projection-multi-20250831.1727/projection-multi-yarn-scripts.el
  projection-multi-20250831.1727/projection-multi.el
 ✓ Success:
  2025-09-01T00:20:27+0000  projection-multi-20250831.1727.entry
  2025-09-01T00:20:27+0000  projection-multi-20250831.1727.tar
Built projection-multi in 3.266s, finished at 2025-09-01T00:20:28+0000
