Package: project-butler
Fetcher: codeberg
Source:  https://codeberg.org/jabbo/project-butler.git

Updating /mnt/store/melpa/working/project-butler/
Checking out 1cf28f5e5e584bac2411662405c96f13d43179f9
Copying files (->) and directories (=>)
  from /mnt/store/melpa/working/project-butler/
  to /tmp/project-butlerwQd86f/project-butler-20240520.943
    project-butler.el -> project-butler.el
    project-butler.info -> project-butler.info
Created project-butler-20240520.943.tar containing:
  project-butler-20240520.943/
  project-butler-20240520.943/dir
  project-butler-20240520.943/project-butler-pkg.el
  project-butler-20240520.943/project-butler.el
  project-butler-20240520.943/project-butler.info
 ✓ Success:
  2024-07-04T23:48:17+0000  project-butler-20240520.943.entry
  2024-07-04T23:48:17+0000  project-butler-20240520.943.tar
Built project-butler in 4.312s, finished at 2024-07-04T23:48:18+0000
