Package: proof-general
Fetcher: github
Source:  https://github.com/ProofGeneral/PG

Updating /mnt/store/melpa/working/proof-general/
Checking out f5d929ec447f3ad9cddba454e7c2dc6ca43cd732
Copying files (->) and directories (=>)
  from /mnt/store/melpa/working/proof-general/
  to /tmp/proof-generalPyLdIe/proof-general-20250516.913
    proof-general.el -> proof-general.el
  ! doc/dir -> dir
  ! doc/PG-adapting.texi -> PG-adapting.texi
  ! doc/ProofGeneral.texi -> ProofGeneral.texi
    CHANGES -> CHANGES
    AUTHORS -> AUTHORS
    COPYING -> COPYING
    generic => generic
    images => images
    lib => lib
    coq/coq-abbrev.el -> coq/coq-abbrev.el
    coq/coq-autotest.el -> coq/coq-autotest.el
    coq/coq-compile-common.el -> coq/coq-compile-common.el
    coq/coq-db.el -> coq/coq-db.el
    coq/coq-diffs.el -> coq/coq-diffs.el
    coq/coq-indent.el -> coq/coq-indent.el
    coq/coq-local-vars.el -> coq/coq-local-vars.el
    coq/coq-mode.el -> coq/coq-mode.el
    coq/coq-par-compile.el -> coq/coq-par-compile.el
    coq/coq-seq-compile.el -> coq/coq-seq-compile.el
    coq/coq-smie.el -> coq/coq-smie.el
    coq/coq-syntax.el -> coq/coq-syntax.el
    coq/coq-system.el -> coq/coq-system.el
    coq/coq-unicode-tokens.el -> coq/coq-unicode-tokens.el
    coq/coq.el -> coq/coq.el
    easycrypt => easycrypt
    phox => phox
    qrhl => qrhl
    pghaskell => pghaskell
    pgocaml => pgocaml
    pgshell => pgshell
Generating PG-adapting.info
Generating ProofGeneral.info
Created proof-general-20250516.913.tar containing:
  proof-general-20250516.913/
  proof-general-20250516.913/AUTHORS
  proof-general-20250516.913/CHANGES
  proof-general-20250516.913/COPYING
  proof-general-20250516.913/PG-adapting.info
  proof-general-20250516.913/ProofGeneral.info
  proof-general-20250516.913/coq/
  proof-general-20250516.913/coq/coq-abbrev.el
  proof-general-20250516.913/coq/coq-autotest.el
  proof-general-20250516.913/coq/coq-compile-common.el
  proof-general-20250516.913/coq/coq-db.el
  proof-general-20250516.913/coq/coq-diffs.el
  proof-general-20250516.913/coq/coq-indent.el
  proof-general-20250516.913/coq/coq-local-vars.el
  proof-general-20250516.913/coq/coq-mode.el
  proof-general-20250516.913/coq/coq-par-compile.el
  proof-general-20250516.913/coq/coq-seq-compile.el
  proof-general-20250516.913/coq/coq-smie.el
  proof-general-20250516.913/coq/coq-syntax.el
  proof-general-20250516.913/coq/coq-system.el
  proof-general-20250516.913/coq/coq-unicode-tokens.el
  proof-general-20250516.913/coq/coq.el
  proof-general-20250516.913/dir
  proof-general-20250516.913/easycrypt/
  proof-general-20250516.913/easycrypt/easycrypt-abbrev.el
  proof-general-20250516.913/easycrypt/easycrypt-hooks.el
  proof-general-20250516.913/easycrypt/easycrypt-keywords.el
  proof-general-20250516.913/easycrypt/easycrypt-syntax.el
  proof-general-20250516.913/easycrypt/easycrypt.el
  proof-general-20250516.913/generic/
  proof-general-20250516.913/generic/README
  proof-general-20250516.913/generic/pg-assoc.el
  proof-general-20250516.913/generic/pg-autotest.el
  proof-general-20250516.913/generic/pg-custom.el
  proof-general-20250516.913/generic/pg-goals.el
  proof-general-20250516.913/generic/pg-movie.el
  proof-general-20250516.913/generic/pg-pamacs.el
  proof-general-20250516.913/generic/pg-pbrpm.el
  proof-general-20250516.913/generic/pg-pgip.el
  proof-general-20250516.913/generic/pg-response.el
  proof-general-20250516.913/generic/pg-user.el
  proof-general-20250516.913/generic/pg-vars.el
  proof-general-20250516.913/generic/pg-xml.el
  proof-general-20250516.913/generic/proof-autoloads.el
  proof-general-20250516.913/generic/proof-auxmodes.el
  proof-general-20250516.913/generic/proof-config.el
  proof-general-20250516.913/generic/proof-depends.el
  proof-general-20250516.913/generic/proof-easy-config.el
  proof-general-20250516.913/generic/proof-faces.el
  proof-general-20250516.913/generic/proof-indent.el
  proof-general-20250516.913/generic/proof-maths-menu.el
  proof-general-20250516.913/generic/proof-menu.el
  proof-general-20250516.913/generic/proof-script.el
  proof-general-20250516.913/generic/proof-shell.el
  proof-general-20250516.913/generic/proof-site.el
  proof-general-20250516.913/generic/proof-splash.el
  proof-general-20250516.913/generic/proof-syntax.el
  proof-general-20250516.913/generic/proof-toolbar.el
  proof-general-20250516.913/generic/proof-tree.el
  proof-general-20250516.913/generic/proof-unicode-tokens.el
  proof-general-20250516.913/generic/proof-useropts.el
  proof-general-20250516.913/generic/proof-utils.el
  proof-general-20250516.913/generic/proof.el
  proof-general-20250516.913/images/
  proof-general-20250516.913/images/ProofGeneral-splash.png
  proof-general-20250516.913/images/ProofGeneral.png
  proof-general-20250516.913/images/README
  proof-general-20250516.913/images/epg-abort.png
  proof-general-20250516.913/images/epg-abort.xpm
  proof-general-20250516.913/images/epg-command.png
  proof-general-20250516.913/images/epg-command.xpm
  proof-general-20250516.913/images/epg-context.png
  proof-general-20250516.913/images/epg-context.xpm
  proof-general-20250516.913/images/epg-find.png
  proof-general-20250516.913/images/epg-find.xpm
  proof-general-20250516.913/images/epg-goal.png
  proof-general-20250516.913/images/epg-goal.xpm
  proof-general-20250516.913/images/epg-goto.png
  proof-general-20250516.913/images/epg-goto.xpm
  proof-general-20250516.913/images/epg-help.png
  proof-general-20250516.913/images/epg-help.xpm
  proof-general-20250516.913/images/epg-home.png
  proof-general-20250516.913/images/epg-home.xpm
  proof-general-20250516.913/images/epg-info.png
  proof-general-20250516.913/images/epg-info.xpm
  proof-general-20250516.913/images/epg-interrupt.png
  proof-general-20250516.913/images/epg-interrupt.xpm
  proof-general-20250516.913/images/epg-next.png
  proof-general-20250516.913/images/epg-next.xpm
  proof-general-20250516.913/images/epg-prooftree.png
  proof-general-20250516.913/images/epg-prooftree.xpm
  proof-general-20250516.913/images/epg-qed.png
  proof-general-20250516.913/images/epg-qed.xpm
  proof-general-20250516.913/images/epg-restart.png
  proof-general-20250516.913/images/epg-restart.xpm
  proof-general-20250516.913/images/epg-retract.png
  proof-general-20250516.913/images/epg-retract.xpm
  proof-general-20250516.913/images/epg-state.png
  proof-general-20250516.913/images/epg-state.xpm
  proof-general-20250516.913/images/epg-undo.png
  proof-general-20250516.913/images/epg-undo.xpm
  proof-general-20250516.913/images/epg-use.png
  proof-general-20250516.913/images/epg-use.xpm
  proof-general-20250516.913/images/hiddenproof.xpm
  proof-general-20250516.913/lib/
  proof-general-20250516.913/lib/README
  proof-general-20250516.913/lib/bufhist.el
  proof-general-20250516.913/lib/holes.el
  proof-general-20250516.913/lib/local-vars-list.el
  proof-general-20250516.913/lib/maths-menu.el
  proof-general-20250516.913/lib/pg-dev.el
  proof-general-20250516.913/lib/pg-fontsets.el
  proof-general-20250516.913/lib/proof-compat.el
  proof-general-20250516.913/lib/scomint.el
  proof-general-20250516.913/lib/span.el
  proof-general-20250516.913/lib/texi-docstring-magic.el
  proof-general-20250516.913/lib/unicode-chars.el
  proof-general-20250516.913/lib/unicode-tokens.el
  proof-general-20250516.913/pghaskell/
  proof-general-20250516.913/pghaskell/pghaskell.el
  proof-general-20250516.913/pgocaml/
  proof-general-20250516.913/pgocaml/pgocaml.el
  proof-general-20250516.913/pgshell/
  proof-general-20250516.913/pgshell/README
  proof-general-20250516.913/pgshell/example.pgsh
  proof-general-20250516.913/pgshell/pgshell.el
  proof-general-20250516.913/phox/
  proof-general-20250516.913/phox/phox.el
  proof-general-20250516.913/phox/sqrt2.phx
  proof-general-20250516.913/proof-general-pkg.el
  proof-general-20250516.913/proof-general.el
  proof-general-20250516.913/qrhl/
  proof-general-20250516.913/qrhl/qrhl-input.el
  proof-general-20250516.913/qrhl/qrhl.el
 ✓ Success:
  2025-05-25T23:56:59+0000  proof-general-20250516.913.entry
  2025-05-25T23:56:59+0000  proof-general-20250516.913.tar
Built proof-general in 10.323s, finished at 2025-05-25T23:56:59+0000
