Package: prosjekt
Fetcher: github
Source:  https://github.com/abingham/prosjekt.git

Updating /mnt/store/melpa/working/prosjekt/
Checking out a864a8be5842223043702395f311e3350c28e9db
Copying files (->) and directories (=>)
  from /mnt/store/melpa/working/prosjekt/
  to /tmp/prosjekttUVjGo/prosjekt-20151127.1416
  ! prosjekt/prosjekt.el -> prosjekt.el
  ! prosjekt/ext/async-shell-command-prosjekt.el -> async-shell-command-prosjekt.el
  ! prosjekt/ext/find-project-file-prosjekt.el -> find-project-file-prosjekt.el
Created prosjekt-20151127.1416.tar containing:
  prosjekt-20151127.1416/
  prosjekt-20151127.1416/async-shell-command-prosjekt.el
  prosjekt-20151127.1416/find-project-file-prosjekt.el
  prosjekt-20151127.1416/prosjekt-pkg.el
  prosjekt-20151127.1416/prosjekt.el
 ✓ Success:
  2024-07-10T22:28:00+0000  prosjekt-20151127.1416.entry
  2024-07-10T22:27:59+0000  prosjekt-20151127.1416.tar
Built prosjekt in 3.173s, finished at 2024-07-10T22:28:01+0000
