Package: ptemplate-templates
Fetcher: github
Source:  https://github.com/nbfalcon/ptemplate-templates

Updating /mnt/store/melpa/working/ptemplate-templates/
Checking out 3788387973dde3101f9a3f2064572be033c59ad6
Copying files (->) and directories (=>)
  from /mnt/store/melpa/working/ptemplate-templates/
  to /tmp/ptemplate-templatesJygdmz/ptemplate-templates-20210324.1443
    ptemplate-templates.el -> ptemplate-templates.el
    rsc => rsc
Created ptemplate-templates-20210324.1443.tar containing:
  ptemplate-templates-20210324.1443/
  ptemplate-templates-20210324.1443/ptemplate-templates-pkg.el
  ptemplate-templates-20210324.1443/ptemplate-templates.el
  ptemplate-templates-20210324.1443/rsc/
  ptemplate-templates-20210324.1443/rsc/project-templates/
  ptemplate-templates-20210324.1443/rsc/project-templates/C-C++/
  ptemplate-templates-20210324.1443/rsc/project-templates/C-C++/cmake-qt-project/
  ptemplate-templates-20210324.1443/rsc/project-templates/C-C++/cmake-qt-project/.ptemplate.el
  ptemplate-templates-20210324.1443/rsc/project-templates/C-C++/cmake-qt-project/CMakeLists.txt.autoyas
  ptemplate-templates-20210324.1443/rsc/project-templates/C-C++/cmake-qt-project/src/
  ptemplate-templates-20210324.1443/rsc/project-templates/C-C++/cmake-qt-project/src/gui/
  ptemplate-templates-20210324.1443/rsc/project-templates/C-C++/cmake-qt-project/src/gui/Application.cpp
  ptemplate-templates-20210324.1443/rsc/project-templates/C-C++/cmake-qt-project/src/gui/Application.hpp
  ptemplate-templates-20210324.1443/rsc/project-templates/C-C++/cmake-qt-project/src/main.cpp
  ptemplate-templates-20210324.1443/rsc/project-templates/C-C++/meson-project/
  ptemplate-templates-20210324.1443/rsc/project-templates/C-C++/meson-project/.ptemplate.el
  ptemplate-templates-20210324.1443/rsc/project-templates/C-C++/meson-project/README.md
  ptemplate-templates-20210324.1443/rsc/project-templates/C-C++/meson-project/include/
  ptemplate-templates-20210324.1443/rsc/project-templates/C-C++/meson-project/include/.gitkeep
  ptemplate-templates-20210324.1443/rsc/project-templates/C-C++/meson-project/meson.build.autoyas
  ptemplate-templates-20210324.1443/rsc/project-templates/C-C++/meson-project/src/
  ptemplate-templates-20210324.1443/rsc/project-templates/C-C++/meson-project/src/main.c.yas
  ptemplate-templates-20210324.1443/rsc/project-templates/Emacs/
  ptemplate-templates-20210324.1443/rsc/project-templates/Emacs/cask-plugin/
  ptemplate-templates-20210324.1443/rsc/project-templates/Emacs/cask-plugin/.ptemplate.el
  ptemplate-templates-20210324.1443/rsc/project-templates/Emacs/cask-plugin/Cask.autoyas
  ptemplate-templates-20210324.1443/rsc/project-templates/Emacs/cask-plugin/README.md
  ptemplate-templates-20210324.1443/rsc/project-templates/Emacs/plugin/
  ptemplate-templates-20210324.1443/rsc/project-templates/Emacs/plugin/.ptemplate.el
  ptemplate-templates-20210324.1443/rsc/project-templates/Emacs/plugin/COPYING.txt
  ptemplate-templates-20210324.1443/rsc/project-templates/Emacs/plugin/README.md
  ptemplate-templates-20210324.1443/rsc/project-templates/Emacs/plugin/src.el.yas
 ✓ Success:
  2025-03-16T22:58:02+0000  ptemplate-templates-20210324.1443.entry
  2025-03-16T22:58:02+0000  ptemplate-templates-20210324.1443.tar
Built ptemplate-templates in 2.780s, finished at 2025-03-16T22:58:02+0000
