 • Building package pubmed (from gitlab:fvdbeek/emacs-pubmed)...
Updating /mnt/store/melpa/working/pubmed/
Checking out b2fbc124cabf0d373845763adf882e9d89ff5daa
Copying files (->) and directories (=>)
  from /mnt/store/melpa/working/pubmed/
  to /tmp/pubmed1WS3rh/pubmed-20221023.930
    pubmed-advanced-search.el -> pubmed-advanced-search.el
    pubmed-bibtex.el -> pubmed-bibtex.el
    pubmed-dissemin.el -> pubmed-dissemin.el
    pubmed-openaccessbutton.el -> pubmed-openaccessbutton.el
    pubmed-pmc.el -> pubmed-pmc.el
    pubmed-scihub.el -> pubmed-scihub.el
    pubmed-springer.el -> pubmed-springer.el
    pubmed-unpaywall.el -> pubmed-unpaywall.el
    pubmed.el -> pubmed.el
Created pubmed-20221023.930.tar containing:
  pubmed-20221023.930/
  pubmed-20221023.930/pubmed-advanced-search.el
  pubmed-20221023.930/pubmed-bibtex.el
  pubmed-20221023.930/pubmed-dissemin.el
  pubmed-20221023.930/pubmed-openaccessbutton.el
  pubmed-20221023.930/pubmed-pkg.el
  pubmed-20221023.930/pubmed-pmc.el
  pubmed-20221023.930/pubmed-scihub.el
  pubmed-20221023.930/pubmed-springer.el
  pubmed-20221023.930/pubmed-unpaywall.el
  pubmed-20221023.930/pubmed.el
 ✓ Success:
  2025-12-15T00:35:02+0000  pubmed-20221023.930.entry
  2025-12-15T00:35:02+0000  pubmed-20221023.930.tar
Built pubmed in 4.519s, finished at 2025-12-15T00:35:03+0000
