Package: purescript-mode
Fetcher: github
Source:  https://github.com/purescript-emacs/purescript-mode

Updating /mnt/store/melpa/working/purescript-mode/
Checking out 8c4736759afc0d567394740729d535774662afba
Copying files (->) and directories (=>)
  from /mnt/store/melpa/working/purescript-mode/
  to /tmp/purescript-modezagnpO/purescript-mode-20250409.446
    purescript-align-imports.el -> purescript-align-imports.el
    purescript-collapse.el -> purescript-collapse.el
    purescript-decl-scan.el -> purescript-decl-scan.el
    purescript-font-lock.el -> purescript-font-lock.el
    purescript-indent.el -> purescript-indent.el
    purescript-indentation.el -> purescript-indentation.el
    purescript-mode.el -> purescript-mode.el
    purescript-move-nested.el -> purescript-move-nested.el
    purescript-navigate-imports.el -> purescript-navigate-imports.el
    purescript-presentation-mode.el -> purescript-presentation-mode.el
    purescript-simple-indent.el -> purescript-simple-indent.el
    purescript-sort-imports.el -> purescript-sort-imports.el
    purescript-str.el -> purescript-str.el
    purescript-string.el -> purescript-string.el
    purescript-unicode-input-method.el -> purescript-unicode-input-method.el
    purescript-utils.el -> purescript-utils.el
    purescript-yas.el -> purescript-yas.el
    purescript-mode.texi -> purescript-mode.texi
    NEWS -> NEWS
    snippets => snippets
Generating purescript-mode.info
Created purescript-mode-20250409.446.tar containing:
  purescript-mode-20250409.446/
  purescript-mode-20250409.446/NEWS
  purescript-mode-20250409.446/dir
  purescript-mode-20250409.446/purescript-align-imports.el
  purescript-mode-20250409.446/purescript-collapse.el
  purescript-mode-20250409.446/purescript-decl-scan.el
  purescript-mode-20250409.446/purescript-font-lock.el
  purescript-mode-20250409.446/purescript-indent.el
  purescript-mode-20250409.446/purescript-indentation.el
  purescript-mode-20250409.446/purescript-mode-pkg.el
  purescript-mode-20250409.446/purescript-mode.el
  purescript-mode-20250409.446/purescript-mode.info
  purescript-mode-20250409.446/purescript-move-nested.el
  purescript-mode-20250409.446/purescript-navigate-imports.el
  purescript-mode-20250409.446/purescript-presentation-mode.el
  purescript-mode-20250409.446/purescript-simple-indent.el
  purescript-mode-20250409.446/purescript-sort-imports.el
  purescript-mode-20250409.446/purescript-str.el
  purescript-mode-20250409.446/purescript-string.el
  purescript-mode-20250409.446/purescript-unicode-input-method.el
  purescript-mode-20250409.446/purescript-utils.el
  purescript-mode-20250409.446/purescript-yas.el
  purescript-mode-20250409.446/snippets/
  purescript-mode-20250409.446/snippets/README.md
  purescript-mode-20250409.446/snippets/haskell-mode/
  purescript-mode-20250409.446/snippets/haskell-mode/.yas-ignore-filenames-as-triggers
  purescript-mode-20250409.446/snippets/haskell-mode/.yas-make-groups
  purescript-mode-20250409.446/snippets/haskell-mode/case
  purescript-mode-20250409.446/snippets/haskell-mode/comment.block
  purescript-mode-20250409.446/snippets/haskell-mode/constraint
  purescript-mode-20250409.446/snippets/haskell-mode/data.inline
  purescript-mode-20250409.446/snippets/haskell-mode/data.record
  purescript-mode-20250409.446/snippets/haskell-mode/fn
  purescript-mode-20250409.446/snippets/haskell-mode/fn.clause
  purescript-mode-20250409.446/snippets/haskell-mode/fn.guarded
  purescript-mode-20250409.446/snippets/haskell-mode/get
  purescript-mode-20250409.446/snippets/haskell-mode/if.block
  purescript-mode-20250409.446/snippets/haskell-mode/if.inline
  purescript-mode-20250409.446/snippets/haskell-mode/import
  purescript-mode-20250409.446/snippets/haskell-mode/import.qualified
  purescript-mode-20250409.446/snippets/haskell-mode/instance
  purescript-mode-20250409.446/snippets/haskell-mode/lambda
  purescript-mode-20250409.446/snippets/haskell-mode/lang-pragma
  purescript-mode-20250409.446/snippets/haskell-mode/let
  purescript-mode-20250409.446/snippets/haskell-mode/main
  purescript-mode-20250409.446/snippets/haskell-mode/module
  purescript-mode-20250409.446/snippets/haskell-mode/module.exports
  purescript-mode-20250409.446/snippets/haskell-mode/newtype
 ✓ Success:
  2025-04-11T22:46:08+0000  purescript-mode-20250409.446.entry
  2025-04-11T22:46:08+0000  purescript-mode-20250409.446.tar
Built purescript-mode in 6.257s, finished at 2025-04-11T22:46:09+0000
