Package: py-snippets
Fetcher: github
Source:  https://github.com/Xaldew/py-snippets.git

Updating /mnt/store/melpa/working/py-snippets/
Checking out 1a85c41ea33f33e5b4a5a12a64fd9c4591fc0bcb
Copying files (->) and directories (=>)
  from /mnt/store/melpa/working/py-snippets/
  to /tmp/py-snippetseLSrkF/py-snippets-20220918.952
    py-snippets.el -> py-snippets.el
    snippets => snippets
Created py-snippets-20220918.952.tar containing:
  py-snippets-20220918.952/
  py-snippets-20220918.952/py-snippets-pkg.el
  py-snippets-20220918.952/py-snippets.el
  py-snippets-20220918.952/snippets/
  py-snippets-20220918.952/snippets/.nosearch
  py-snippets-20220918.952/snippets/python-mode/
  py-snippets-20220918.952/snippets/python-mode/.yas-setup.el
  py-snippets-20220918.952/snippets/python-mode/class_rest_docstring
  py-snippets-20220918.952/snippets/python-mode/fn_google_docstring
  py-snippets-20220918.952/snippets/python-mode/fn_rest_docstring
  py-snippets-20220918.952/snippets/python-mode/update_rest_docstring
 ✓ Success:
  2024-08-21T22:56:52+0000  py-snippets-20220918.952.entry
  2024-08-21T22:56:52+0000  py-snippets-20220918.952.tar
Built py-snippets in 2.845s, finished at 2024-08-21T22:56:53+0000
