Package: pyim-cangjiedict
Fetcher: github
Source:  https://github.com/ba11aStone/pyim-cangjiedict.git

Updating /mnt/store/melpa/working/pyim-cangjiedict/
Checking out d17e3d32a6480939b350a91a915ebe8e6efad819
Copying files (->) and directories (=>)
  from /mnt/store/melpa/working/pyim-cangjiedict/
  to /tmp/pyim-cangjiedict38H1Qk/pyim-cangjiedict-20210617.934
    pyim-cangjie5dict.el -> pyim-cangjie5dict.el
    pyim-cangjiedict.el -> pyim-cangjiedict.el
    pyim-cangjie3dict.pyim -> pyim-cangjie3dict.pyim
    pyim-cangjie5dict.pyim -> pyim-cangjie5dict.pyim
    pyim-cangjie6dict.pyim -> pyim-cangjie6dict.pyim
Created pyim-cangjiedict-20210617.934.tar containing:
  pyim-cangjiedict-20210617.934/
  pyim-cangjiedict-20210617.934/pyim-cangjie3dict.pyim
  pyim-cangjiedict-20210617.934/pyim-cangjie5dict.el
  pyim-cangjiedict-20210617.934/pyim-cangjie5dict.pyim
  pyim-cangjiedict-20210617.934/pyim-cangjie6dict.pyim
  pyim-cangjiedict-20210617.934/pyim-cangjiedict-pkg.el
  pyim-cangjiedict-20210617.934/pyim-cangjiedict.el
 ✓ Success:
  2023-12-28T23:39:02+0000  pyim-cangjiedict-20210617.934.entry
  2023-12-28T23:39:02+0000  pyim-cangjiedict-20210617.934.tar
Built pyim-cangjiedict in 4.075s, finished at 2023-12-28T23:39:04+0000
