Package: pyim-basedict
Fetcher: github
Source:  https://github.com/tumashu/pyim-basedict

Updating /mnt/store/melpa/working/pyim-basedict/
Checking out 55d9b324831b0fc79ff62f1c6f21aad72341a114
Copying files (->) and directories (=>)
  from /mnt/store/melpa/working/pyim-basedict/
  to /tmp/pyim-basedictiT6hNG/pyim-basedict-20240923.739
    pyim-basedict-utils.el -> pyim-basedict-utils.el
    pyim-basedict.el -> pyim-basedict.el
    pyim-basedict.pyim -> pyim-basedict.pyim
Created pyim-basedict-20240923.739.tar containing:
  pyim-basedict-20240923.739/
  pyim-basedict-20240923.739/pyim-basedict-pkg.el
  pyim-basedict-20240923.739/pyim-basedict-utils.el
  pyim-basedict-20240923.739/pyim-basedict.el
  pyim-basedict-20240923.739/pyim-basedict.pyim
 ✓ Success:
  2025-02-20T22:51:03+0000  pyim-basedict-20240923.739.entry
  2025-02-20T22:51:03+0000  pyim-basedict-20240923.739.tar
Built pyim-basedict in 3.642s, finished at 2025-02-20T22:51:04+0000
