 • Building package pyim (from github:tumashu/pyim)...
Updating /mnt/store/melpa/working/pyim/
Checking out bc85ecc3b2521d05c7585df97939f7c0ec5b1496
Copying files (->) and directories (=>)
  from /mnt/store/melpa/working/pyim/
  to /tmp/pyimjyAQM6/pyim-20251125.839
    pyim-autoselector.el -> pyim-autoselector.el
    pyim-candidates.el -> pyim-candidates.el
    pyim-cloudim.el -> pyim-cloudim.el
    pyim-codes.el -> pyim-codes.el
    pyim-common.el -> pyim-common.el
    pyim-cregexp-utils.el -> pyim-cregexp-utils.el
    pyim-cregexp.el -> pyim-cregexp.el
    pyim-cstring-utils.el -> pyim-cstring-utils.el
    pyim-cstring.el -> pyim-cstring.el
    pyim-dcache.el -> pyim-dcache.el
    pyim-dhashcache.el -> pyim-dhashcache.el
    pyim-dict-manager.el -> pyim-dict-manager.el
    pyim-dict.el -> pyim-dict.el
    pyim-dregcache.el -> pyim-dregcache.el
    pyim-entered.el -> pyim-entered.el
    pyim-imobjs.el -> pyim-imobjs.el
    pyim-indicator.el -> pyim-indicator.el
    pyim-liberime.el -> pyim-liberime.el
    pyim-outcome.el -> pyim-outcome.el
    pyim-page.el -> pyim-page.el
    pyim-pinyin.el -> pyim-pinyin.el
    pyim-preview.el -> pyim-preview.el
    pyim-probe.el -> pyim-probe.el
    pyim-process.el -> pyim-process.el
    pyim-punctuation.el -> pyim-punctuation.el
    pyim-pymap-utils.el -> pyim-pymap-utils.el
    pyim-pymap.el -> pyim-pymap.el
    pyim-scheme.el -> pyim-scheme.el
    pyim.el -> pyim.el
Created pyim-20251125.839.tar containing:
  pyim-20251125.839/
  pyim-20251125.839/pyim-autoselector.el
  pyim-20251125.839/pyim-candidates.el
  pyim-20251125.839/pyim-cloudim.el
  pyim-20251125.839/pyim-codes.el
  pyim-20251125.839/pyim-common.el
  pyim-20251125.839/pyim-cregexp-utils.el
  pyim-20251125.839/pyim-cregexp.el
  pyim-20251125.839/pyim-cstring-utils.el
  pyim-20251125.839/pyim-cstring.el
  pyim-20251125.839/pyim-dcache.el
  pyim-20251125.839/pyim-dhashcache.el
  pyim-20251125.839/pyim-dict-manager.el
  pyim-20251125.839/pyim-dict.el
  pyim-20251125.839/pyim-dregcache.el
  pyim-20251125.839/pyim-entered.el
  pyim-20251125.839/pyim-imobjs.el
  pyim-20251125.839/pyim-indicator.el
  pyim-20251125.839/pyim-liberime.el
  pyim-20251125.839/pyim-outcome.el
  pyim-20251125.839/pyim-page.el
  pyim-20251125.839/pyim-pinyin.el
  pyim-20251125.839/pyim-pkg.el
  pyim-20251125.839/pyim-preview.el
  pyim-20251125.839/pyim-probe.el
  pyim-20251125.839/pyim-process.el
  pyim-20251125.839/pyim-punctuation.el
  pyim-20251125.839/pyim-pymap-utils.el
  pyim-20251125.839/pyim-pymap.el
  pyim-20251125.839/pyim-scheme.el
  pyim-20251125.839/pyim.el
 ✓ Success:
  2025-12-22T00:11:25+0000  pyim-20251125.839.entry
  2025-12-22T00:11:25+0000  pyim-20251125.839.tar
Built pyim in 5.919s, finished at 2025-12-22T00:11:26+0000
