 • Building package pyramid (from github:dakra/pyramid.el)...
Updating /mnt/store/melpa/working/pyramid/
Checking out c8a8b36725d85664e74f59600fe5d18d06ea907d
Copying files (->) and directories (=>)
  from /mnt/store/melpa/working/pyramid/
  to /tmp/pyramid8ORGsO/pyramid-20230114.1049
    pyramid.el -> pyramid.el
    snippets => snippets
Created pyramid-20230114.1049.tar containing:
  pyramid-20230114.1049/
  pyramid-20230114.1049/pyramid-pkg.el
  pyramid-20230114.1049/pyramid.el
  pyramid-20230114.1049/snippets/
  pyramid-20230114.1049/snippets/python-mode/
  pyramid-20230114.1049/snippets/python-mode/assign_translate
  pyramid-20230114.1049/snippets/python-mode/translate
  pyramid-20230114.1049/snippets/python-mode/view
  pyramid-20230114.1049/snippets/web-mode/
  pyramid-20230114.1049/snippets/web-mode/route_url
 ✓ Success:
  2025-12-08T00:36:31+0000  pyramid-20230114.1049.entry
  2025-12-08T00:36:31+0000  pyramid-20230114.1049.tar
Built pyramid in 4.674s, finished at 2025-12-08T00:36:32+0000
