 • Building package python-mode (from gitlab:python-mode-devs/python-mode)...
Updating /mnt/store/melpa/working/python-mode/
Checking out 5719f9a18c4813303df6c8102ac25fce8e4536d0
Copying files (->) and directories (=>)
  from /mnt/store/melpa/working/python-mode/
  to /tmp/python-mode4q7JIA/python-mode-20251215.1157
    python-mode.el -> python-mode.el
    completion/pycomplete.el -> completion/pycomplete.el
    completion/pycomplete.py -> completion/pycomplete.py
Created python-mode-20251215.1157.tar containing:
  python-mode-20251215.1157/
  python-mode-20251215.1157/completion/
  python-mode-20251215.1157/completion/pycomplete.el
  python-mode-20251215.1157/completion/pycomplete.py
  python-mode-20251215.1157/python-mode-pkg.el
  python-mode-20251215.1157/python-mode.el
 ✓ Success:
  2025-12-22T00:11:40+0000  python-mode-20251215.1157.entry
  2025-12-22T00:11:40+0000  python-mode-20251215.1157.tar
Built python-mode in 4.804s, finished at 2025-12-22T00:11:41+0000
