Package: raku-mode
Fetcher: github
Source:  https://github.com/Raku/raku-mode.git

Updating /mnt/store/melpa/working/raku-mode/
Checking out 4ee9045eeb90f7831d7c0ee2e4adfcd957f712be
Copying files (->) and directories (=>)
  from /mnt/store/melpa/working/raku-mode/
  to /tmp/raku-modeA0sE3O/raku-mode-20210927.1227
    raku-detect.el -> raku-detect.el
    raku-font-lock.el -> raku-font-lock.el
    raku-imenu.el -> raku-imenu.el
    raku-indent.el -> raku-indent.el
    raku-mode.el -> raku-mode.el
    raku-repl.el -> raku-repl.el
    raku-skeletons.el -> raku-skeletons.el
    raku-unicode-menu.el -> raku-unicode-menu.el
Created raku-mode-20210927.1227.tar containing:
  raku-mode-20210927.1227/
  raku-mode-20210927.1227/raku-detect.el
  raku-mode-20210927.1227/raku-font-lock.el
  raku-mode-20210927.1227/raku-imenu.el
  raku-mode-20210927.1227/raku-indent.el
  raku-mode-20210927.1227/raku-mode-pkg.el
  raku-mode-20210927.1227/raku-mode.el
  raku-mode-20210927.1227/raku-repl.el
  raku-mode-20210927.1227/raku-skeletons.el
  raku-mode-20210927.1227/raku-unicode-menu.el
 ✓ Success:
  2024-02-15T14:44:45+0000  raku-mode-20210927.1227.entry
  2024-02-15T14:44:45+0000  raku-mode-20210927.1227.tar
Built raku-mode in 5.081s, finished at 2024-02-15T14:44:47+0000
