Package: rcirc-alert
Fetcher: github
Source:  https://github.com/csantosb/rcirc-alert

Updating /mnt/store/melpa/working/rcirc-alert/
Checking out 0adf8ff9c47023fec578f678424be62b0f49057f
Copying files (->) and directories (=>)
  from /mnt/store/melpa/working/rcirc-alert/
  to /tmp/rcirc-alertEBCZUh/rcirc-alert-20141127.1047
    rcirc-alert.el -> rcirc-alert.el
    xfrp_find_replace_pairs.el -> xfrp_find_replace_pairs.el
    rcirc-alert.sh -> rcirc-alert.sh
Created rcirc-alert-20141127.1047.tar containing:
  rcirc-alert-20141127.1047/
  rcirc-alert-20141127.1047/rcirc-alert-pkg.el
  rcirc-alert-20141127.1047/rcirc-alert.el
  rcirc-alert-20141127.1047/rcirc-alert.sh
  rcirc-alert-20141127.1047/xfrp_find_replace_pairs.el
 ✓ Success:
  2025-03-06T23:44:16+0000  rcirc-alert-20141127.1047.entry
  2025-03-06T23:44:15+0000  rcirc-alert-20141127.1047.tar
Built rcirc-alert in 3.595s, finished at 2025-03-06T23:44:16+0000
