Package: realgud-pry
Fetcher: github
Source:  https://github.com/realgud/realgud-pry.git

Updating /mnt/store/melpa/working/realgud-pry/
Checking out 264ca6811b0bef5de4decc54acfeacf0bce2f51f
Copying files (->) and directories (=>)
  from /mnt/store/melpa/working/realgud-pry/
  to /tmp/realgud-pryATTrCf/realgud-pry-20201011.1815
    realgud-pry.el -> realgud-pry.el
    pry/core.el -> pry/core.el
    pry/init.el -> pry/init.el
    pry/pry.el -> pry/pry.el
    pry/track-mode.el -> pry/track-mode.el
Created realgud-pry-20201011.1815.tar containing:
  realgud-pry-20201011.1815/
  realgud-pry-20201011.1815/pry/
  realgud-pry-20201011.1815/pry/core.el
  realgud-pry-20201011.1815/pry/init.el
  realgud-pry-20201011.1815/pry/pry.el
  realgud-pry-20201011.1815/pry/track-mode.el
  realgud-pry-20201011.1815/realgud-pry-pkg.el
  realgud-pry-20201011.1815/realgud-pry.el
 ✓ Success:
  2023-12-28T15:36:53+0000  realgud-pry-20201011.1815.entry
  2023-12-28T15:36:52+0000  realgud-pry-20201011.1815.tar
Built realgud-pry in 4.068s, finished at 2023-12-28T15:36:54+0000
