Package: realgud-trepan-ni
Fetcher: github
Source:  https://github.com/realgud/realgud-trepan-ni.git

Updating /mnt/store/melpa/working/realgud-trepan-ni/
Checking out 0ec088ea343835e24ae73da09bea96bfb02a3130
Copying files (->) and directories (=>)
  from /mnt/store/melpa/working/realgud-trepan-ni/
  to /tmp/realgud-trepan-niG6PxW0/realgud-trepan-ni-20210513.2237
    cask-install.el -> cask-install.el
    realgud-trepan-ni.el -> realgud-trepan-ni.el
    trepan-ni/core.el -> trepan-ni/core.el
    trepan-ni/init.el -> trepan-ni/init.el
    trepan-ni/track-mode.el -> trepan-ni/track-mode.el
    trepan-ni/trepan-ni.el -> trepan-ni/trepan-ni.el
Created realgud-trepan-ni-20210513.2237.tar containing:
  realgud-trepan-ni-20210513.2237/
  realgud-trepan-ni-20210513.2237/cask-install.el
  realgud-trepan-ni-20210513.2237/realgud-trepan-ni-pkg.el
  realgud-trepan-ni-20210513.2237/realgud-trepan-ni.el
  realgud-trepan-ni-20210513.2237/trepan-ni/
  realgud-trepan-ni-20210513.2237/trepan-ni/core.el
  realgud-trepan-ni-20210513.2237/trepan-ni/init.el
  realgud-trepan-ni-20210513.2237/trepan-ni/track-mode.el
  realgud-trepan-ni-20210513.2237/trepan-ni/trepan-ni.el
 ✓ Success:
  2023-12-29T15:31:20+0000  realgud-trepan-ni-20210513.2237.entry
  2023-12-29T15:31:20+0000  realgud-trepan-ni-20210513.2237.tar
Built realgud-trepan-ni in 4.511s, finished at 2023-12-29T15:31:22+0000
