Package: realgud-byebug
Fetcher: github
Source:  https://github.com/realgud/realgud-byebug.git

Updating /mnt/store/melpa/working/realgud-byebug/
Checking out f8f20b92c6b13f75cc9797921c0e28d3def48b1c
Copying files (->) and directories (=>)
  from /mnt/store/melpa/working/realgud-byebug/
  to /tmp/realgud-byebugzmor00/realgud-byebug-20190520.1140
    realgud-byebug.el -> realgud-byebug.el
    byebug/byebug.el -> byebug/byebug.el
    byebug/core.el -> byebug/core.el
    byebug/init.el -> byebug/init.el
    byebug/track-mode.el -> byebug/track-mode.el
Created realgud-byebug-20190520.1140.tar containing:
  realgud-byebug-20190520.1140/
  realgud-byebug-20190520.1140/byebug/
  realgud-byebug-20190520.1140/byebug/byebug.el
  realgud-byebug-20190520.1140/byebug/core.el
  realgud-byebug-20190520.1140/byebug/init.el
  realgud-byebug-20190520.1140/byebug/track-mode.el
  realgud-byebug-20190520.1140/realgud-byebug-pkg.el
  realgud-byebug-20190520.1140/realgud-byebug.el
 ✓ Success:
  2023-12-30T14:39:08+0000  realgud-byebug-20190520.1140.entry
  2023-12-30T14:39:08+0000  realgud-byebug-20190520.1140.tar
Built realgud-byebug in 3.604s, finished at 2023-12-30T14:39:10+0000
