Package: realgud-node-debug
Fetcher: github
Source:  https://github.com/realgud/realgud-node-debug

Updating /mnt/store/melpa/working/realgud-node-debug/
Checking out 72e786359ce9dace1796b0d81a00e9340e9c90ad
Copying files (->) and directories (=>)
  from /mnt/store/melpa/working/realgud-node-debug/
  to /tmp/realgud-node-debug9hHtE8/realgud-node-debug-20190525.1634
    realgud-node-debug.el -> realgud-node-debug.el
    realgud-node-debug/core.el -> realgud-node-debug/core.el
    realgud-node-debug/init.el -> realgud-node-debug/init.el
    realgud-node-debug/node-debug.el -> realgud-node-debug/node-debug.el
    realgud-node-debug/track-mode.el -> realgud-node-debug/track-mode.el
Created realgud-node-debug-20190525.1634.tar containing:
  realgud-node-debug-20190525.1634/
  realgud-node-debug-20190525.1634/realgud-node-debug-pkg.el
  realgud-node-debug-20190525.1634/realgud-node-debug.el
  realgud-node-debug-20190525.1634/realgud-node-debug/
  realgud-node-debug-20190525.1634/realgud-node-debug/core.el
  realgud-node-debug-20190525.1634/realgud-node-debug/init.el
  realgud-node-debug-20190525.1634/realgud-node-debug/node-debug.el
  realgud-node-debug-20190525.1634/realgud-node-debug/track-mode.el
 ✓ Success:
  2025-03-09T23:29:52+0000  realgud-node-debug-20190525.1634.entry
  2025-03-09T23:29:52+0000  realgud-node-debug-20190525.1634.tar
Built realgud-node-debug in 2.742s, finished at 2025-03-09T23:29:53+0000
