Package: redtick
Fetcher: github
Source:  https://github.com/ferfebles/redtick.git

Updating /mnt/store/melpa/working/redtick/
Checking out 0faa6b7b479fae39f5d4632f0cbbef0f2917780e
Copying files (->) and directories (=>)
  from /mnt/store/melpa/working/redtick/
  to /tmp/redtickGsylog/redtick-20180424.2136
    redtick.el -> redtick.el
    resources => resources
Created redtick-20180424.2136.tar containing:
  redtick-20180424.2136/
  redtick-20180424.2136/redtick-pkg.el
  redtick-20180424.2136/redtick.el
  redtick-20180424.2136/resources/
  redtick-20180424.2136/resources/end-rest.mp3
  redtick-20180424.2136/resources/rest.wav
  redtick-20180424.2136/resources/work.wav
 ✓ Success:
  2024-03-28T06:23:05+0000  redtick-20180424.2136.entry
  2024-03-28T06:23:05+0000  redtick-20180424.2136.tar
Built redtick in 3.496s, finished at 2024-03-28T06:23:06+0000
