Package: related-files
Fetcher: github
Source:  https://github.com/DamienCassou/related-files.git

Updating /mnt/store/melpa/working/related-files/
Checking out 8020f375013d5e83c9b8117d118d2402c63e66bb
Copying files (->) and directories (=>)
  from /mnt/store/melpa/working/related-files/
  to /tmp/related-filesEaTQRt/related-files-20230903.851
    related-files-buffer.el -> related-files-buffer.el
    related-files-file.el -> related-files-file.el
    related-files-recipe.el -> related-files-recipe.el
    related-files.el -> related-files.el
Created related-files-20230903.851.tar containing:
  related-files-20230903.851/
  related-files-20230903.851/related-files-buffer.el
  related-files-20230903.851/related-files-file.el
  related-files-20230903.851/related-files-pkg.el
  related-files-20230903.851/related-files-recipe.el
  related-files-20230903.851/related-files.el
 ✓ Success:
  2024-05-12T22:57:47+0000  related-files-20230903.851.entry
  2024-05-12T22:57:47+0000  related-files-20230903.851.tar
Built related-files in 4.816s, finished at 2024-05-12T22:57:49+0000
