Package: remark-mode
Fetcher: github
Source:  https://github.com/torgeir/remark-mode.el.git

Updating /mnt/store/melpa/working/remark-mode/
Checking out 5a2a702d2af8fd007ae02237d5824356d0c1acc6
Copying files (->) and directories (=>)
  from /mnt/store/melpa/working/remark-mode/
  to /tmp/remark-modeHPt13m/remark-mode-20221123.2127
    remark-mode.el -> remark-mode.el
    remark.html -> remark.html
    server.js -> server.js
Created remark-mode-20221123.2127.tar containing:
  remark-mode-20221123.2127/
  remark-mode-20221123.2127/remark-mode-pkg.el
  remark-mode-20221123.2127/remark-mode.el
  remark-mode-20221123.2127/remark.html
  remark-mode-20221123.2127/server.js
 ✓ Success:
  2024-01-15T07:02:47+0000  remark-mode-20221123.2127.entry
  2024-01-15T07:02:47+0000  remark-mode-20221123.2127.tar
Built remark-mode in 3.777s, finished at 2024-01-15T07:02:48+0000
