Package: repeat-fu
Fetcher: codeberg
Source:  https://codeberg.org/ideasman42/emacs-repeat-fu

Updating /mnt/store/melpa/working/repeat-fu/
Checking out c7707c98730bb3ffaf84aeed341fae3cf35c314b
Copying files (->) and directories (=>)
  from /mnt/store/melpa/working/repeat-fu/
  to /tmp/repeat-fuVspe9z/repeat-fu-20250428.2323
    repeat-fu-preset-meep.el -> repeat-fu-preset-meep.el
    repeat-fu-preset-meow.el -> repeat-fu-preset-meow.el
    repeat-fu-preset-multi.el -> repeat-fu-preset-multi.el
    repeat-fu-preset-single.el -> repeat-fu-preset-single.el
    repeat-fu.el -> repeat-fu.el
Created repeat-fu-20250428.2323.tar containing:
  repeat-fu-20250428.2323/
  repeat-fu-20250428.2323/repeat-fu-pkg.el
  repeat-fu-20250428.2323/repeat-fu-preset-meep.el
  repeat-fu-20250428.2323/repeat-fu-preset-meow.el
  repeat-fu-20250428.2323/repeat-fu-preset-multi.el
  repeat-fu-20250428.2323/repeat-fu-preset-single.el
  repeat-fu-20250428.2323/repeat-fu.el
 ✓ Success:
  2025-05-25T23:58:58+0000  repeat-fu-20250428.2323.entry
  2025-05-25T23:58:58+0000  repeat-fu-20250428.2323.tar
Built repeat-fu in 3.280s, finished at 2025-05-25T23:58:59+0000
