Package: req-package
Fetcher: github
Source:  https://github.com/edvorg/req-package.git

Updating /mnt/store/melpa/working/req-package/
Checking out a77da72931914ac5f3f64dc61fe9dc3522b2817e
Copying files (->) and directories (=>)
  from /mnt/store/melpa/working/req-package/
  to /tmp/req-packageJuG9Ne/req-package-20180605.1141
    req-package-args.el -> req-package-args.el
    req-package-cycles.el -> req-package-cycles.el
    req-package-hooks.el -> req-package-hooks.el
    req-package.el -> req-package.el
Created req-package-20180605.1141.tar containing:
  req-package-20180605.1141/
  req-package-20180605.1141/req-package-args.el
  req-package-20180605.1141/req-package-cycles.el
  req-package-20180605.1141/req-package-hooks.el
  req-package-20180605.1141/req-package-pkg.el
  req-package-20180605.1141/req-package.el
 ✓ Success:
  2024-01-01T07:03:17+0000  req-package-20180605.1141.entry
  2024-01-01T07:03:17+0000  req-package-20180605.1141.tar
Built req-package in 4.031s, finished at 2024-01-01T07:03:18+0000
