Package: requirejs
Fetcher: github
Source:  https://github.com/joeheyming/requirejs-emacs

Updating /mnt/store/melpa/working/requirejs/
Checking out 4ea2a5fcbc76e4cbb6a7461e6f05f019b75865b1
Copying files (->) and directories (=>)
  from /mnt/store/melpa/working/requirejs/
  to /tmp/requirejsUAF6T3/requirejs-20151204.719
    requirejs.el -> requirejs.el
    snippets => snippets
Created requirejs-20151204.719.tar containing:
  requirejs-20151204.719/
  requirejs-20151204.719/requirejs-pkg.el
  requirejs-20151204.719/requirejs.el
  requirejs-20151204.719/snippets/
  requirejs-20151204.719/snippets/js-mode/
  requirejs-20151204.719/snippets/js-mode/def
  requirejs-20151204.719/snippets/js2-mode/
  requirejs-20151204.719/snippets/js2-mode/.yas-parents
 ✓ Success:
  2025-02-27T23:11:34+0000  requirejs-20151204.719.entry
  2025-02-27T23:11:34+0000  requirejs-20151204.719.tar
Built requirejs in 2.925s, finished at 2025-02-27T23:11:35+0000
