Package: rg
Fetcher: github
Source:  https://github.com/dajva/rg.el

Updating /mnt/store/melpa/working/rg/
Checking out bd63cd3346fcabab0ff25e841e9d1ee56f5db705
Copying files (->) and directories (=>)
  from /mnt/store/melpa/working/rg/
  to /tmp/rgTghvQQ/rg-20241112.1353
    rg-header.el -> rg-header.el
    rg-history.el -> rg-history.el
    rg-ibuffer.el -> rg-ibuffer.el
    rg-info-hack.el -> rg-info-hack.el
    rg-isearch.el -> rg-isearch.el
    rg-menu.el -> rg-menu.el
    rg-result.el -> rg-result.el
    rg.el -> rg.el
    wgrep-rg.el -> wgrep-rg.el
    rgel.info -> rgel.info
Created rg-20241112.1353.tar containing:
  rg-20241112.1353/
  rg-20241112.1353/dir
  rg-20241112.1353/rg-header.el
  rg-20241112.1353/rg-history.el
  rg-20241112.1353/rg-ibuffer.el
  rg-20241112.1353/rg-info-hack.el
  rg-20241112.1353/rg-isearch.el
  rg-20241112.1353/rg-menu.el
  rg-20241112.1353/rg-pkg.el
  rg-20241112.1353/rg-result.el
  rg-20241112.1353/rg.el
  rg-20241112.1353/rgel.info
  rg-20241112.1353/wgrep-rg.el
 ✓ Success:
  2024-12-18T23:19:35+0000  rg-20241112.1353.entry
  2024-12-18T23:19:35+0000  rg-20241112.1353.tar
Built rg in 1.585s, finished at 2024-12-18T23:19:35+0000
