 • Building package rhtml-mode (from github:eschulte/rhtml)...
Updating /mnt/store/melpa/working/rhtml-mode/
Checking out a6d71b38a3db867ccf82999c99805db1a3a33c33
Copying files (->) and directories (=>)
  from /mnt/store/melpa/working/rhtml-mode/
  to /tmp/rhtml-modeak45sI/rhtml-mode-20130422.1311
    rhtml-erb.el -> rhtml-erb.el
    rhtml-fonts.el -> rhtml-fonts.el
    rhtml-mode.el -> rhtml-mode.el
    rhtml-navigation.el -> rhtml-navigation.el
    rhtml-ruby-hook.el -> rhtml-ruby-hook.el
    rhtml-sgml-hacks.el -> rhtml-sgml-hacks.el
Created rhtml-mode-20130422.1311.tar containing:
  rhtml-mode-20130422.1311/
  rhtml-mode-20130422.1311/rhtml-erb.el
  rhtml-mode-20130422.1311/rhtml-fonts.el
  rhtml-mode-20130422.1311/rhtml-mode-pkg.el
  rhtml-mode-20130422.1311/rhtml-mode.el
  rhtml-mode-20130422.1311/rhtml-navigation.el
  rhtml-mode-20130422.1311/rhtml-ruby-hook.el
  rhtml-mode-20130422.1311/rhtml-sgml-hacks.el
 ✓ Success:
  2025-12-22T00:13:41+0000  rhtml-mode-20130422.1311.entry
  2025-12-22T00:13:41+0000  rhtml-mode-20130422.1311.tar
Built rhtml-mode in 2.600s, finished at 2025-12-22T00:13:42+0000
