Package: rime
Fetcher: github
Source:  https://github.com/DogLooksGood/emacs-rime

Updating /mnt/store/melpa/working/rime/
Checking out e5c5ffb57088aa7ec6b82a6ca3f9499294124954
Copying files (->) and directories (=>)
  from /mnt/store/melpa/working/rime/
  to /tmp/rimeRA4jii/rime-20241003.1750
    rime-predicates.el -> rime-predicates.el
    rime.el -> rime.el
    lib.c -> lib.c
    Makefile -> Makefile
Created rime-20241003.1750.tar containing:
  rime-20241003.1750/
  rime-20241003.1750/Makefile
  rime-20241003.1750/lib.c
  rime-20241003.1750/rime-pkg.el
  rime-20241003.1750/rime-predicates.el
  rime-20241003.1750/rime.el
 ✓ Success:
  2024-10-04T23:34:01+0000  rime-20241003.1750.entry
  2024-10-04T23:34:01+0000  rime-20241003.1750.tar
Built rime in 2.986s, finished at 2024-10-04T23:34:02+0000
