Package: robe
Fetcher: github
Source:  https://github.com/dgutov/robe.git

Updating /mnt/store/melpa/working/robe/
Checking out 021a7bc34848ef77eaeaa41d7899c6cab873cb0e
Copying files (->) and directories (=>)
  from /mnt/store/melpa/working/robe/
  to /tmp/robeG1g9ca/robe-20231023.2046
    ac-robe.el -> ac-robe.el
    company-robe.el -> company-robe.el
    robe.el -> robe.el
    lib => lib
Created robe-20231023.2046.tar containing:
  robe-20231023.2046/
  robe-20231023.2046/ac-robe.el
  robe-20231023.2046/company-robe.el
  robe-20231023.2046/lib/
  robe-20231023.2046/lib/robe.rb
  robe-20231023.2046/lib/robe/
  robe-20231023.2046/lib/robe/core_ext.rb
  robe-20231023.2046/lib/robe/jvisor.rb
  robe-20231023.2046/lib/robe/sash.rb
  robe-20231023.2046/lib/robe/sash/
  robe-20231023.2046/lib/robe/sash/const_locations.rb
  robe-20231023.2046/lib/robe/sash/doc_for.rb
  robe-20231023.2046/lib/robe/sash/includes_tracker.rb
  robe-20231023.2046/lib/robe/scanners.rb
  robe-20231023.2046/lib/robe/server.rb
  robe-20231023.2046/lib/robe/type_space.rb
  robe-20231023.2046/lib/robe/visor.rb
  robe-20231023.2046/robe-pkg.el
  robe-20231023.2046/robe.el
 ✓ Success:
  2023-12-25T10:59:34+0000  robe-20231023.2046.entry
  2023-12-25T10:59:34+0000  robe-20231023.2046.tar
Built robe in 4.169s, finished at 2023-12-25T10:59:36+0000
