Package: roc-ts-mode
Fetcher: gitlab
Source:  https://gitlab.com/tad-lispy/roc-ts-mode

Updating /mnt/store/melpa/working/roc-ts-mode/
Checking out 8b652d53e3eeb457c4a820a5ca0c1ad4430c9d73
Copying files (->) and directories (=>)
  from /mnt/store/melpa/working/roc-ts-mode/
  to /tmp/roc-ts-mode9xh6md/roc-ts-mode-20250122.208
    roc-ts-cli.el -> roc-ts-cli.el
    roc-ts-mode.el -> roc-ts-mode.el
    roc-ts-repl.el -> roc-ts-repl.el
    roc-ts-start.el -> roc-ts-start.el
Created roc-ts-mode-20250122.208.tar containing:
  roc-ts-mode-20250122.208/
  roc-ts-mode-20250122.208/roc-ts-cli.el
  roc-ts-mode-20250122.208/roc-ts-mode-pkg.el
  roc-ts-mode-20250122.208/roc-ts-mode.el
  roc-ts-mode-20250122.208/roc-ts-repl.el
  roc-ts-mode-20250122.208/roc-ts-start.el
 ✓ Success:
  2025-03-05T00:25:44+0000  roc-ts-mode-20250122.208.entry
  2025-03-05T00:25:44+0000  roc-ts-mode-20250122.208.tar
Built roc-ts-mode in 4.001s, finished at 2025-03-05T00:25:45+0000
