Package: run-command
Fetcher: github
Source:  https://github.com/bard/emacs-run-command.git

Updating /mnt/store/melpa/working/run-command/
Checking out 477c42acce9e36ec59d18deaa73992f94faf7b99
Copying files (->) and directories (=>)
  from /mnt/store/melpa/working/run-command/
  to /tmp/run-commandszJfHX/run-command-20230317.2004
    run-command-core.el -> run-command-core.el
    run-command-runner-compile.el -> run-command-runner-compile.el
    run-command-runner-eat.el -> run-command-runner-eat.el
    run-command-runner-term.el -> run-command-runner-term.el
    run-command-runner-vterm.el -> run-command-runner-vterm.el
    run-command-selector-completing-read.el -> run-command-selector-completing-read.el
    run-command-selector-helm.el -> run-command-selector-helm.el
    run-command-selector-ivy.el -> run-command-selector-ivy.el
    run-command-util.el -> run-command-util.el
    run-command.el -> run-command.el
Created run-command-20230317.2004.tar containing:
  run-command-20230317.2004/
  run-command-20230317.2004/run-command-core.el
  run-command-20230317.2004/run-command-pkg.el
  run-command-20230317.2004/run-command-runner-compile.el
  run-command-20230317.2004/run-command-runner-eat.el
  run-command-20230317.2004/run-command-runner-term.el
  run-command-20230317.2004/run-command-runner-vterm.el
  run-command-20230317.2004/run-command-selector-completing-read.el
  run-command-20230317.2004/run-command-selector-helm.el
  run-command-20230317.2004/run-command-selector-ivy.el
  run-command-20230317.2004/run-command-util.el
  run-command-20230317.2004/run-command.el
 ✓ Success:
  2024-09-15T23:48:30+0000  run-command-20230317.2004.entry
  2024-09-15T23:48:29+0000  run-command-20230317.2004.tar
Built run-command in 2.623s, finished at 2024-09-15T23:48:30+0000
