Package: russian-calendar
Fetcher: codeberg
Source:  https://codeberg.org/Anoncheg/emacs-russian-calendar

Cloning https://codeberg.org/Anoncheg/emacs-russian-calendar to /mnt/store/melpa/working/russian-calendar/
Checking out 984f568abcbfa29ec13119c8eb13da365a502327
Copying files (->) and directories (=>)
  from /mnt/store/melpa/working/russian-calendar/
  to /tmp/russian-calendarvUgkKR/russian-calendar-20241221.2203
    russian-calendar-2024.el -> russian-calendar-2024.el
    russian-calendar-2025.el -> russian-calendar-2025.el
    russian-calendar.el -> russian-calendar.el
Created russian-calendar-20241221.2203.tar containing:
  russian-calendar-20241221.2203/
  russian-calendar-20241221.2203/russian-calendar-2024.el
  russian-calendar-20241221.2203/russian-calendar-2025.el
  russian-calendar-20241221.2203/russian-calendar-pkg.el
  russian-calendar-20241221.2203/russian-calendar.el
 ✓ Success:
  2024-12-23T00:00:36+0000  russian-calendar-20241221.2203.entry
  2024-12-23T00:00:36+0000  russian-calendar-20241221.2203.tar
Built russian-calendar in 1.995s, finished at 2024-12-23T00:00:36+0000
