Package: rutils
Fetcher: github
Source:  https://github.com/ShuguangSun/rutils.el.git

Updating /mnt/store/melpa/working/rutils/
Checking out dd500ab8062ce40cb339ec8620bdfc63fdd28364
Copying files (->) and directories (=>)
  from /mnt/store/melpa/working/rutils/
  to /tmp/rutils8Bwa2K/rutils-20220619.1421
    rutils-devtools.el -> rutils-devtools.el
    rutils-lib.el -> rutils-lib.el
    rutils-packrat.el -> rutils-packrat.el
    rutils-renv.el -> rutils-renv.el
    rutils.el -> rutils.el
Created rutils-20220619.1421.tar containing:
  rutils-20220619.1421/
  rutils-20220619.1421/rutils-devtools.el
  rutils-20220619.1421/rutils-lib.el
  rutils-20220619.1421/rutils-packrat.el
  rutils-20220619.1421/rutils-pkg.el
  rutils-20220619.1421/rutils-renv.el
  rutils-20220619.1421/rutils.el
 ✓ Success:
  2024-01-13T23:49:58+0000  rutils-20220619.1421.entry
  2024-01-13T23:49:58+0000  rutils-20220619.1421.tar
Built rutils in 2.830s, finished at 2024-01-13T23:49:59+0000
