Package: sage-shell-mode
Fetcher: github
Source:  https://github.com/sagemath/sage-shell-mode.git

Updating /mnt/store/melpa/working/sage-shell-mode/
Checking out 2f069323cb722c608405a3621d8185f4b7130fc3
Copying files (->) and directories (=>)
  from /mnt/store/melpa/working/sage-shell-mode/
  to /tmp/sage-shell-modeopllgs/sage-shell-mode-20231013.1408
    sage-shell-blocks.el -> sage-shell-blocks.el
    sage-shell-mode.el -> sage-shell-mode.el
    sage-shell-view.el -> sage-shell-view.el
    emacs_sage_shell.py -> emacs_sage_shell.py
    emacs_sage_shell_view.py -> emacs_sage_shell_view.py
Created sage-shell-mode-20231013.1408.tar containing:
  sage-shell-mode-20231013.1408/
  sage-shell-mode-20231013.1408/emacs_sage_shell.py
  sage-shell-mode-20231013.1408/emacs_sage_shell_view.py
  sage-shell-mode-20231013.1408/sage-shell-blocks.el
  sage-shell-mode-20231013.1408/sage-shell-mode-pkg.el
  sage-shell-mode-20231013.1408/sage-shell-mode.el
  sage-shell-mode-20231013.1408/sage-shell-view.el
 ✓ Success:
  2024-01-14T07:44:43+0000  sage-shell-mode-20231013.1408.entry
  2024-01-14T07:44:43+0000  sage-shell-mode-20231013.1408.tar
Built sage-shell-mode in 3.078s, finished at 2024-01-14T07:44:44+0000
