Package: sauron
Fetcher: github
Source:  https://github.com/djcb/sauron

Updating /mnt/store/melpa/working/sauron/
Checking out 5daade4836da5b1b2ab26d84128d6c38328a5d52
Copying files (->) and directories (=>)
  from /mnt/store/melpa/working/sauron/
  to /tmp/sauronpFG9fv/sauron-20201015.836
    sauron-ams-org.el -> sauron-ams-org.el
    sauron-appt.el -> sauron-appt.el
    sauron-compilation.el -> sauron-compilation.el
    sauron-dbus.el -> sauron-dbus.el
    sauron-elfeed.el -> sauron-elfeed.el
    sauron-erc.el -> sauron-erc.el
    sauron-identica.el -> sauron-identica.el
    sauron-jabber.el -> sauron-jabber.el
    sauron-mu4e.el -> sauron-mu4e.el
    sauron-notifications.el -> sauron-notifications.el
    sauron-org.el -> sauron-org.el
    sauron-tail.el -> sauron-tail.el
    sauron-twittering.el -> sauron-twittering.el
    sauron-zeroconf.el -> sauron-zeroconf.el
    sauron.el -> sauron.el
Created sauron-20201015.836.tar containing:
  sauron-20201015.836/
  sauron-20201015.836/sauron-ams-org.el
  sauron-20201015.836/sauron-appt.el
  sauron-20201015.836/sauron-compilation.el
  sauron-20201015.836/sauron-dbus.el
  sauron-20201015.836/sauron-elfeed.el
  sauron-20201015.836/sauron-erc.el
  sauron-20201015.836/sauron-identica.el
  sauron-20201015.836/sauron-jabber.el
  sauron-20201015.836/sauron-mu4e.el
  sauron-20201015.836/sauron-notifications.el
  sauron-20201015.836/sauron-org.el
  sauron-20201015.836/sauron-pkg.el
  sauron-20201015.836/sauron-tail.el
  sauron-20201015.836/sauron-twittering.el
  sauron-20201015.836/sauron-zeroconf.el
  sauron-20201015.836/sauron.el
 ✓ Success:
  2024-11-02T23:02:18+0000  sauron-20201015.836.entry
  2024-11-02T23:02:18+0000  sauron-20201015.836.tar
Built sauron in 3.304s, finished at 2024-11-02T23:02:19+0000
