Package: sbt-mode
Fetcher: github
Source:  https://github.com/hvesalai/emacs-sbt-mode.git

Updating /mnt/store/melpa/working/sbt-mode/
Checking out bcf8d6040021013430b39d6f6766ce1aab0b691a
Copying files (->) and directories (=>)
  from /mnt/store/melpa/working/sbt-mode/
  to /tmp/sbt-modehFEjh2/sbt-mode-20240208.626
    sbt-mode-buffer.el -> sbt-mode-buffer.el
    sbt-mode-comint.el -> sbt-mode-comint.el
    sbt-mode-hydra.el -> sbt-mode-hydra.el
    sbt-mode-project.el -> sbt-mode-project.el
    sbt-mode-rgrep.el -> sbt-mode-rgrep.el
    sbt-mode-vars.el -> sbt-mode-vars.el
    sbt-mode.el -> sbt-mode.el
Created sbt-mode-20240208.626.tar containing:
  sbt-mode-20240208.626/
  sbt-mode-20240208.626/sbt-mode-buffer.el
  sbt-mode-20240208.626/sbt-mode-comint.el
  sbt-mode-20240208.626/sbt-mode-hydra.el
  sbt-mode-20240208.626/sbt-mode-pkg.el
  sbt-mode-20240208.626/sbt-mode-project.el
  sbt-mode-20240208.626/sbt-mode-rgrep.el
  sbt-mode-20240208.626/sbt-mode-vars.el
  sbt-mode-20240208.626/sbt-mode.el
 ✓ Success:
  2024-03-30T23:51:33+0000  sbt-mode-20240208.626.entry
  2024-03-30T23:51:33+0000  sbt-mode-20240208.626.tar
Built sbt-mode in 3.916s, finished at 2024-03-30T23:51:35+0000
