Package: scala-ts-mode
Fetcher: github
Source:  https://github.com/KaranAhlawat/scala-ts-mode

Updating /mnt/store/melpa/working/scala-ts-mode/
Checking out 039af6d4e353726245e60756667f0b7378840f6c
Copying files (->) and directories (=>)
  from /mnt/store/melpa/working/scala-ts-mode/
  to /tmp/scala-ts-moden615Zb/scala-ts-mode-20241027.701
    scala-ts-mode-autoloads.el -> scala-ts-mode-autoloads.el
    scala-ts-mode-pkg.el -> scala-ts-mode-pkg.el
    scala-ts-mode.el -> scala-ts-mode.el
Created scala-ts-mode-20241027.701.tar containing:
  scala-ts-mode-20241027.701/
  scala-ts-mode-20241027.701/scala-ts-mode-autoloads.el
  scala-ts-mode-20241027.701/scala-ts-mode-pkg.el
  scala-ts-mode-20241027.701/scala-ts-mode.el
 ✓ Success:
  2024-12-05T23:40:15+0000  scala-ts-mode-20241027.701.entry
  2024-12-05T23:40:15+0000  scala-ts-mode-20241027.701.tar
Built scala-ts-mode in 1.590s, finished at 2024-12-05T23:40:16+0000
