Package: scala-mode
Fetcher: github
Source:  https://github.com/hvesalai/emacs-scala-mode

Updating /mnt/store/melpa/working/scala-mode/
Checking out d23e6f4fea8b13bec0edbaa16267ac03713ab69f
Copying files (->) and directories (=>)
  from /mnt/store/melpa/working/scala-mode/
  to /tmp/scala-mode4Sw1Ow/scala-mode-20241227.2110
    scala-compile.el -> scala-compile.el
    scala-mode-fontlock.el -> scala-mode-fontlock.el
    scala-mode-imenu.el -> scala-mode-imenu.el
    scala-mode-indent.el -> scala-mode-indent.el
    scala-mode-lib.el -> scala-mode-lib.el
    scala-mode-map.el -> scala-mode-map.el
    scala-mode-paragraph.el -> scala-mode-paragraph.el
    scala-mode-prettify-symbols.el -> scala-mode-prettify-symbols.el
    scala-mode-syntax.el -> scala-mode-syntax.el
    scala-mode.el -> scala-mode.el
    scala-organise.el -> scala-organise.el
Created scala-mode-20241227.2110.tar containing:
  scala-mode-20241227.2110/
  scala-mode-20241227.2110/scala-compile.el
  scala-mode-20241227.2110/scala-mode-fontlock.el
  scala-mode-20241227.2110/scala-mode-imenu.el
  scala-mode-20241227.2110/scala-mode-indent.el
  scala-mode-20241227.2110/scala-mode-lib.el
  scala-mode-20241227.2110/scala-mode-map.el
  scala-mode-20241227.2110/scala-mode-paragraph.el
  scala-mode-20241227.2110/scala-mode-pkg.el
  scala-mode-20241227.2110/scala-mode-prettify-symbols.el
  scala-mode-20241227.2110/scala-mode-syntax.el
  scala-mode-20241227.2110/scala-mode.el
  scala-mode-20241227.2110/scala-organise.el
 ✓ Success:
  2024-12-28T23:49:43+0000  scala-mode-20241227.2110.entry
  2024-12-28T23:49:43+0000  scala-mode-20241227.2110.tar
Built scala-mode in 1.925s, finished at 2024-12-28T23:49:43+0000
