Package: sculpture-themes
Fetcher: github
Source:  https://github.com/precompute/sculpture-themes

Updating /mnt/store/melpa/working/sculpture-themes/
Checking out 48fdbc2f10452f9ccc63e197a5d39d9a154aa668
Copying files (->) and directories (=>)
  from /mnt/store/melpa/working/sculpture-themes/
  to /tmp/sculpture-themesdKHrqB/sculpture-themes-20250523.2201
    sculpture-themes-dark-theme.el -> sculpture-themes-dark-theme.el
    sculpture-themes-light-theme.el -> sculpture-themes-light-theme.el
    sculpture-themes-pastel-theme.el -> sculpture-themes-pastel-theme.el
    sculpture-themes.el -> sculpture-themes.el
Created sculpture-themes-20250523.2201.tar containing:
  sculpture-themes-20250523.2201/
  sculpture-themes-20250523.2201/sculpture-themes-dark-theme.el
  sculpture-themes-20250523.2201/sculpture-themes-light-theme.el
  sculpture-themes-20250523.2201/sculpture-themes-pastel-theme.el
  sculpture-themes-20250523.2201/sculpture-themes-pkg.el
  sculpture-themes-20250523.2201/sculpture-themes.el
 ✓ Success:
  2025-05-26T00:01:16+0000  sculpture-themes-20250523.2201.entry
  2025-05-26T00:01:16+0000  sculpture-themes-20250523.2201.tar
Built sculpture-themes in 4.172s, finished at 2025-05-26T00:01:17+0000
