Package: sdml-mode
Fetcher: github
Source:  https://github.com/sdm-lang/emacs-sdml-mode.git

Updating /mnt/store/melpa/working/sdml-mode/
Checking out a5133f608f50bdac089bb72e6ae5037111132728
Copying files (->) and directories (=>)
  from /mnt/store/melpa/working/sdml-mode/
  to /tmp/sdml-modeFp8cIF/sdml-mode-20240716.1826
    sdml-mode-abbrev.el -> sdml-mode-abbrev.el
    sdml-mode-cli.el -> sdml-mode-cli.el
    sdml-mode-ctags.el -> sdml-mode-ctags.el
    sdml-mode-hl.el -> sdml-mode-hl.el
    sdml-mode-indent.el -> sdml-mode-indent.el
    sdml-mode.el -> sdml-mode.el
Created sdml-mode-20240716.1826.tar containing:
  sdml-mode-20240716.1826/
  sdml-mode-20240716.1826/sdml-mode-abbrev.el
  sdml-mode-20240716.1826/sdml-mode-cli.el
  sdml-mode-20240716.1826/sdml-mode-ctags.el
  sdml-mode-20240716.1826/sdml-mode-hl.el
  sdml-mode-20240716.1826/sdml-mode-indent.el
  sdml-mode-20240716.1826/sdml-mode-pkg.el
  sdml-mode-20240716.1826/sdml-mode.el
 ✓ Success:
  2024-07-23T23:36:16+0000  sdml-mode-20240716.1826.entry
  2024-07-23T23:36:16+0000  sdml-mode-20240716.1826.tar
Built sdml-mode in 4.846s, finished at 2024-07-23T23:36:18+0000
