Package: selected-window-accent-mode
Fetcher: github
Source:  https://github.com/captainflasmr/selected-window-accent-mode

Updating /mnt/store/melpa/working/selected-window-accent-mode/
Checking out c1437e01f192fae52908ca9d141d8c9bb0141e55
Copying files (->) and directories (=>)
  from /mnt/store/melpa/working/selected-window-accent-mode/
  to /tmp/selected-window-accent-moderKVxkE/selected-window-accent-mode-20250303.2033
    selected-window-accent-init-file.el -> selected-window-accent-init-file.el
    selected-window-accent-mode-quick-tests_local.el -> selected-window-accent-mode-quick-tests_local.el
    selected-window-accent-mode.el -> selected-window-accent-mode.el
Created selected-window-accent-mode-20250303.2033.tar containing:
  selected-window-accent-mode-20250303.2033/
  selected-window-accent-mode-20250303.2033/selected-window-accent-init-file.el
  selected-window-accent-mode-20250303.2033/selected-window-accent-mode-pkg.el
  selected-window-accent-mode-20250303.2033/selected-window-accent-mode-quick-tests_local.el
  selected-window-accent-mode-20250303.2033/selected-window-accent-mode.el
 ✓ Success:
  2025-03-03T20:26:12+0000  selected-window-accent-mode-20241019.1342.entry
  2025-03-03T20:26:12+0000  selected-window-accent-mode-20241019.1342.tar
  2025-03-03T23:04:54+0000  selected-window-accent-mode-20250303.2033.entry
  2025-03-03T23:04:54+0000  selected-window-accent-mode-20250303.2033.tar
Built selected-window-accent-mode in 3.415s, finished at 2025-03-03T23:04:55+0000
