Package: selectric-mode
Fetcher: github
Source:  https://github.com/rbanffy/selectric-mode.git

Updating /mnt/store/melpa/working/selectric-mode/
Checking out bb9e66678f34e9bc23624ff6292cf5e7857e8e5f
Copying files (->) and directories (=>)
  from /mnt/store/melpa/working/selectric-mode/
  to /tmp/selectric-modetTmijb/selectric-mode-20200209.2107
    selectric-mode.el -> selectric-mode.el
    ping.wav -> ping.wav
    selectric-move.wav -> selectric-move.wav
    selectric-type.wav -> selectric-type.wav
Created selectric-mode-20200209.2107.tar containing:
  selectric-mode-20200209.2107/
  selectric-mode-20200209.2107/ping.wav
  selectric-mode-20200209.2107/selectric-mode-pkg.el
  selectric-mode-20200209.2107/selectric-mode.el
  selectric-mode-20200209.2107/selectric-move.wav
  selectric-mode-20200209.2107/selectric-type.wav
 ✓ Success:
  2024-03-05T23:36:21+0000  selectric-mode-20200209.2107.entry
  2024-03-05T23:36:21+0000  selectric-mode-20200209.2107.tar
Built selectric-mode in 3.958s, finished at 2024-03-05T23:36:22+0000
