Package: semi
Fetcher: github
Source:  https://github.com/emacsmirror/semi

Updating /mnt/store/melpa/working/semi/
Checking out e9e3282f40a6c1d0c71d62fe98a67cf6c83a66cb
Copying files (->) and directories (=>)
  from /mnt/store/melpa/working/semi/
  to /tmp/semiwppHDV/semi-20250519.1830
    mail-mime-setup.el -> mail-mime-setup.el
    mime-edit.el -> mime-edit.el
    mime-image.el -> mime-image.el
    mime-mac.el -> mime-mac.el
    mime-partial.el -> mime-partial.el
    mime-pgp.el -> mime-pgp.el
    mime-play.el -> mime-play.el
    mime-setup.el -> mime-setup.el
    mime-shr.el -> mime-shr.el
    mime-signature.el -> mime-signature.el
    mime-tnef.el -> mime-tnef.el
    mime-vcard.el -> mime-vcard.el
    mime-view.el -> mime-view.el
    mime-w3.el -> mime-w3.el
    semi-def.el -> semi-def.el
    semi-setup.el -> semi-setup.el
    semi.el -> semi.el
    mime-ui-en.texi -> mime-ui-en.texi
    mime-ui-ja.texi -> mime-ui-ja.texi
Generating mime-ui-en.info
Generating mime-ui-ja.info
Created semi-20250519.1830.tar containing:
  semi-20250519.1830/
  semi-20250519.1830/dir
  semi-20250519.1830/mail-mime-setup.el
  semi-20250519.1830/mime-edit.el
  semi-20250519.1830/mime-image.el
  semi-20250519.1830/mime-mac.el
  semi-20250519.1830/mime-partial.el
  semi-20250519.1830/mime-pgp.el
  semi-20250519.1830/mime-play.el
  semi-20250519.1830/mime-setup.el
  semi-20250519.1830/mime-shr.el
  semi-20250519.1830/mime-signature.el
  semi-20250519.1830/mime-tnef.el
  semi-20250519.1830/mime-ui-en.info
  semi-20250519.1830/mime-ui-ja.info
  semi-20250519.1830/mime-vcard.el
  semi-20250519.1830/mime-view.el
  semi-20250519.1830/mime-w3.el
  semi-20250519.1830/semi-def.el
  semi-20250519.1830/semi-pkg.el
  semi-20250519.1830/semi-setup.el
  semi-20250519.1830/semi.el
 ✓ Success:
  2025-05-26T00:01:39+0000  semi-20250519.1830.entry
  2025-05-26T00:01:39+0000  semi-20250519.1830.tar
Built semi in 6.682s, finished at 2025-05-26T00:01:40+0000
