Package: sentex
Fetcher: codeberg
Source:  https://codeberg.org/martianh/sentex.git

Updating /mnt/store/melpa/working/sentex/
Checking out ab96ee0e9856222aaad6b085cf4ca0c5dda73789
Copying files (->) and directories (=>)
  from /mnt/store/melpa/working/sentex/
  to /tmp/sentexEf00La/sentex-20230411.1650
    sentex.el -> sentex.el
    sentex-icu4j-rules-converted.eld -> sentex-icu4j-rules-converted.eld
    sentex-okapi-alt-rules-converted.eld -> sentex-okapi-alt-rules-converted.eld
    sentex-omegat-rules-converted.eld -> sentex-omegat-rules-converted.eld
Created sentex-20230411.1650.tar containing:
  sentex-20230411.1650/
  sentex-20230411.1650/sentex-icu4j-rules-converted.eld
  sentex-20230411.1650/sentex-okapi-alt-rules-converted.eld
  sentex-20230411.1650/sentex-omegat-rules-converted.eld
  sentex-20230411.1650/sentex-pkg.el
  sentex-20230411.1650/sentex.el
 ✓ Success:
  2024-09-14T00:50:43+0000  sentex-20230411.1650.entry
  2024-09-14T00:50:42+0000  sentex-20230411.1650.tar
Built sentex in 3.360s, finished at 2024-09-14T00:50:43+0000
