Package: servant
Fetcher: github
Source:  https://github.com/cask/servant

Updating /mnt/store/melpa/working/servant/
Checking out 4d2aa8250b54b28e6e7ee4cd5ebd98a33db2c134
Copying files (->) and directories (=>)
  from /mnt/store/melpa/working/servant/
  to /tmp/servantPvftCa/servant-20140216.1219
    servant-cli.el -> servant-cli.el
    servant.el -> servant.el
    bin => bin
Created servant-20140216.1219.tar containing:
  servant-20140216.1219/
  servant-20140216.1219/bin/
  servant-20140216.1219/bin/servant
  servant-20140216.1219/servant-cli.el
  servant-20140216.1219/servant-pkg.el
  servant-20140216.1219/servant.el
 ✓ Success:
  2024-09-29T23:45:46+0000  servant-20140216.1219.entry
  2024-09-29T23:45:46+0000  servant-20140216.1219.tar
Built servant in 4.297s, finished at 2024-09-29T23:45:48+0000
