Package: shanty-themes
Fetcher: github
Source:  https://github.com/qhga/shanty-themes.git

Updating /mnt/store/melpa/working/shanty-themes/
Checking out 3f678d953771c4a109bd16f6d7def6bd9bbc811d
Copying files (->) and directories (=>)
  from /mnt/store/melpa/working/shanty-themes/
  to /tmp/shanty-themesVnSvih/shanty-themes-20230123.2111
    shanty-themes-dark-theme.el -> shanty-themes-dark-theme.el
    shanty-themes-light-theme.el -> shanty-themes-light-theme.el
    shanty-themes.el -> shanty-themes.el
Created shanty-themes-20230123.2111.tar containing:
  shanty-themes-20230123.2111/
  shanty-themes-20230123.2111/shanty-themes-dark-theme.el
  shanty-themes-20230123.2111/shanty-themes-light-theme.el
  shanty-themes-20230123.2111/shanty-themes-pkg.el
  shanty-themes-20230123.2111/shanty-themes.el
 ✓ Success:
  2024-08-02T00:34:13+0000  shanty-themes-20230123.2111.entry
  2024-08-02T00:34:13+0000  shanty-themes-20230123.2111.tar
Built shanty-themes in 4.056s, finished at 2024-08-02T00:34:14+0000
