Package: shm
Fetcher: github
Source:  https://github.com/projectional-haskell/structured-haskell-mode.git

Updating /mnt/store/melpa/working/shm/
Checking out 7f9df73f45d107017c18ce4835bbc190dfe6782e
Copying files (->) and directories (=>)
  from /mnt/store/melpa/working/shm/
  to /tmp/shmIN0KUi/shm-20180327.57
  ! elisp/shm-ast-documentation.el -> shm-ast-documentation.el
  ! elisp/shm-ast.el -> shm-ast.el
  ! elisp/shm-case-split.el -> shm-case-split.el
  ! elisp/shm-constraint.el -> shm-constraint.el
  ! elisp/shm-customizations.el -> shm-customizations.el
  ! elisp/shm-debug.el -> shm-debug.el
  ! elisp/shm-edit-string.el -> shm-edit-string.el
  ! elisp/shm-evaporate.el -> shm-evaporate.el
  ! elisp/shm-fold.el -> shm-fold.el
  ! elisp/shm-in.el -> shm-in.el
  ! elisp/shm-indent.el -> shm-indent.el
  ! elisp/shm-insert-del.el -> shm-insert-del.el
  ! elisp/shm-languages.el -> shm-languages.el
  ! elisp/shm-layout.el -> shm-layout.el
  ! elisp/shm-macros.el -> shm-macros.el
  ! elisp/shm-manipulation.el -> shm-manipulation.el
  ! elisp/shm-nav.el -> shm-nav.el
  ! elisp/shm-node.el -> shm-node.el
  ! elisp/shm-overlays.el -> shm-overlays.el
  ! elisp/shm-reformat.el -> shm-reformat.el
  ! elisp/shm-simple-indent.el -> shm-simple-indent.el
  ! elisp/shm-slot.el -> shm-slot.el
  ! elisp/shm-stack.el -> shm-stack.el
  ! elisp/shm-test.el -> shm-test.el
  ! elisp/shm-tests.el -> shm-tests.el
  ! elisp/shm-type.el -> shm-type.el
  ! elisp/shm-yank-kill.el -> shm-yank-kill.el
  ! elisp/shm.el -> shm.el
Created shm-20180327.57.tar containing:
  shm-20180327.57/
  shm-20180327.57/shm-ast-documentation.el
  shm-20180327.57/shm-ast.el
  shm-20180327.57/shm-case-split.el
  shm-20180327.57/shm-constraint.el
  shm-20180327.57/shm-customizations.el
  shm-20180327.57/shm-debug.el
  shm-20180327.57/shm-edit-string.el
  shm-20180327.57/shm-evaporate.el
  shm-20180327.57/shm-fold.el
  shm-20180327.57/shm-in.el
  shm-20180327.57/shm-indent.el
  shm-20180327.57/shm-insert-del.el
  shm-20180327.57/shm-languages.el
  shm-20180327.57/shm-layout.el
  shm-20180327.57/shm-macros.el
  shm-20180327.57/shm-manipulation.el
  shm-20180327.57/shm-nav.el
  shm-20180327.57/shm-node.el
  shm-20180327.57/shm-overlays.el
  shm-20180327.57/shm-pkg.el
  shm-20180327.57/shm-reformat.el
  shm-20180327.57/shm-simple-indent.el
  shm-20180327.57/shm-slot.el
  shm-20180327.57/shm-stack.el
  shm-20180327.57/shm-test.el
  shm-20180327.57/shm-tests.el
  shm-20180327.57/shm-type.el
  shm-20180327.57/shm-yank-kill.el
  shm-20180327.57/shm.el
 ✓ Success:
  2024-01-14T23:23:02+0000  shm-20180327.57.entry
  2024-01-14T23:23:02+0000  shm-20180327.57.tar
Built shm in 6.872s, finished at 2024-01-14T23:23:05+0000
