Package: sicp
Fetcher: github
Source:  https://github.com/webframp/sicp-info.git

Updating /mnt/store/melpa/working/sicp/
Checking out 4002d83083d520c6b5ede2df36cc2cee885d450a
Copying files (->) and directories (=>)
  from /mnt/store/melpa/working/sicp/
  to /tmp/sicpp9O3Jc/sicp-20200512.1137
    sicp.el -> sicp.el
    dir -> dir
    sicp.info -> sicp.info
    sicp.texi -> sicp.texi
Created sicp-20200512.1137.tar containing:
  sicp-20200512.1137/
  sicp-20200512.1137/dir
  sicp-20200512.1137/sicp-pkg.el
  sicp-20200512.1137/sicp.el
  sicp-20200512.1137/sicp.info
 ✓ Success:
  2024-07-02T23:34:35+0000  sicp-20200512.1137.entry
  2024-07-02T23:34:35+0000  sicp-20200512.1137.tar
Built sicp in 3.237s, finished at 2024-07-02T23:34:36+0000
