Package: simple-modeline
Fetcher: github
Source:  https://github.com/gexplorer/simple-modeline

Updating /mnt/store/melpa/working/simple-modeline/
Checking out 119d8224a8ae0ee17b09ac1fed6cdb9cb1d048fd
Copying files (->) and directories (=>)
  from /mnt/store/melpa/working/simple-modeline/
  to /tmp/simple-modelineJOo9W8/simple-modeline-20210312.1048
    simple-modeline-core.el -> simple-modeline-core.el
    simple-modeline-segments.el -> simple-modeline-segments.el
    simple-modeline.el -> simple-modeline.el
Created simple-modeline-20210312.1048.tar containing:
  simple-modeline-20210312.1048/
  simple-modeline-20210312.1048/simple-modeline-core.el
  simple-modeline-20210312.1048/simple-modeline-pkg.el
  simple-modeline-20210312.1048/simple-modeline-segments.el
  simple-modeline-20210312.1048/simple-modeline.el
 ✓ Success:
  2025-02-07T23:53:16+0000  simple-modeline-20210312.1048.entry
  2025-02-07T23:53:16+0000  simple-modeline-20210312.1048.tar
Built simple-modeline in 3.218s, finished at 2025-02-07T23:53:17+0000
