 • Building package simp (from github:re5et/simp)...
Updating /mnt/store/melpa/working/simp/
Checking out d4d4b8547055347828bedccbeffdb4fd2d5a5d34
Copying files (->) and directories (=>)
  from /mnt/store/melpa/working/simp/
  to /tmp/simplWjSjs/simp-20180607.254
    simp-project-files.el -> simp-project-files.el
    simp-project-git.el -> simp-project-git.el
    simp-project-ibuffer.el -> simp-project-ibuffer.el
    simp-project-rgrep.el -> simp-project-rgrep.el
    simp-project-root-dired.el -> simp-project-root-dired.el
    simp-project-with-bookmarks.el -> simp-project-with-bookmarks.el
    simp-project.el -> simp-project.el
    simp.el -> simp.el
Created simp-20180607.254.tar containing:
  simp-20180607.254/
  simp-20180607.254/simp-pkg.el
  simp-20180607.254/simp-project-files.el
  simp-20180607.254/simp-project-git.el
  simp-20180607.254/simp-project-ibuffer.el
  simp-20180607.254/simp-project-rgrep.el
  simp-20180607.254/simp-project-root-dired.el
  simp-20180607.254/simp-project-with-bookmarks.el
  simp-20180607.254/simp-project.el
  simp-20180607.254/simp.el
 ✓ Success:
  2025-12-22T00:16:41+0000  simp-20180607.254.entry
  2025-12-22T00:16:41+0000  simp-20180607.254.tar
Built simp in 2.736s, finished at 2025-12-22T00:16:42+0000
