Package: simple-bookmarks
Fetcher: github
Source:  https://github.com/jtkDvlp/simple-bookmarks

Updating /mnt/store/melpa/working/simple-bookmarks/
Checking out 54e8d771bcdb0eb235b31c0aa9642171369500e5
Copying files (->) and directories (=>)
  from /mnt/store/melpa/working/simple-bookmarks/
  to /tmp/simple-bookmarksIlP8cF/simple-bookmarks-20190204.1426
    simple-bookmarks-filters.el -> simple-bookmarks-filters.el
    simple-bookmarks-funcs.el -> simple-bookmarks-funcs.el
    simple-bookmarks-interactive.el -> simple-bookmarks-interactive.el
    simple-bookmarks-utils.el -> simple-bookmarks-utils.el
    simple-bookmarks.el -> simple-bookmarks.el
Created simple-bookmarks-20190204.1426.tar containing:
  simple-bookmarks-20190204.1426/
  simple-bookmarks-20190204.1426/simple-bookmarks-filters.el
  simple-bookmarks-20190204.1426/simple-bookmarks-funcs.el
  simple-bookmarks-20190204.1426/simple-bookmarks-interactive.el
  simple-bookmarks-20190204.1426/simple-bookmarks-pkg.el
  simple-bookmarks-20190204.1426/simple-bookmarks-utils.el
  simple-bookmarks-20190204.1426/simple-bookmarks.el
 ✓ Success:
  2025-01-04T23:59:40+0000  simple-bookmarks-20190204.1426.entry
  2025-01-04T23:59:40+0000  simple-bookmarks-20190204.1426.tar
Built simple-bookmarks in 2.763s, finished at 2025-01-04T23:59:41+0000
