Package: skewer-mode
Fetcher: github
Source:  https://github.com/skeeto/skewer-mode.git

Updating /mnt/store/melpa/working/skewer-mode/
Checking out e5bed351939c92a1f788f78398583c2f83f1bb3c
Copying files (->) and directories (=>)
  from /mnt/store/melpa/working/skewer-mode/
  to /tmp/skewer-modeExfmPD/skewer-mode-20200304.1142
    example.html -> example.html
    skewer-everything.user.js -> skewer-everything.user.js
    skewer.js -> skewer.js
    cache-table.el -> cache-table.el
    skewer-bower.el -> skewer-bower.el
    skewer-css.el -> skewer-css.el
    skewer-html.el -> skewer-html.el
    skewer-mode-pkg.el -> skewer-mode-pkg.el
    skewer-mode.el -> skewer-mode.el
    skewer-repl.el -> skewer-repl.el
    skewer-setup.el -> skewer-setup.el
Created skewer-mode-20200304.1142.tar containing:
  skewer-mode-20200304.1142/
  skewer-mode-20200304.1142/cache-table.el
  skewer-mode-20200304.1142/example.html
  skewer-mode-20200304.1142/skewer-bower.el
  skewer-mode-20200304.1142/skewer-css.el
  skewer-mode-20200304.1142/skewer-everything.user.js
  skewer-mode-20200304.1142/skewer-html.el
  skewer-mode-20200304.1142/skewer-mode-pkg.el
  skewer-mode-20200304.1142/skewer-mode.el
  skewer-mode-20200304.1142/skewer-repl.el
  skewer-mode-20200304.1142/skewer-setup.el
  skewer-mode-20200304.1142/skewer.js
 ✓ Success:
  2023-12-25T22:49:24+0000  skewer-mode-20200304.1142.entry
  2023-12-25T22:49:24+0000  skewer-mode-20200304.1142.tar
Built skewer-mode in 3.844s, finished at 2023-12-25T22:49:26+0000
