Package: slime-volleyball
Fetcher: github
Source:  https://github.com/fitzsim/slime-volleyball.git

Updating /mnt/store/melpa/working/slime-volleyball/
Checking out 6c135ad18897c3566d4dadfe847061532600ba2e
Copying files (->) and directories (=>)
  from /mnt/store/melpa/working/slime-volleyball/
  to /tmp/slime-volleyballNGcLo0/slime-volleyball-20190701.1624
    slime-volleyball.el -> slime-volleyball.el
    green-slime.el.gz -> green-slime.el.gz
    grey-slime.el.gz -> grey-slime.el.gz
    title-screen.svg -> title-screen.svg
    end.b64 -> end.b64
    start.b64 -> start.b64
Created slime-volleyball-20190701.1624.tar containing:
  slime-volleyball-20190701.1624/
  slime-volleyball-20190701.1624/end.b64
  slime-volleyball-20190701.1624/green-slime.el.gz
  slime-volleyball-20190701.1624/grey-slime.el.gz
  slime-volleyball-20190701.1624/slime-volleyball-pkg.el
  slime-volleyball-20190701.1624/slime-volleyball.el
  slime-volleyball-20190701.1624/start.b64
  slime-volleyball-20190701.1624/title-screen.svg
 ✓ Success:
  2024-09-15T23:50:28+0000  slime-volleyball-20190701.1624.entry
  2024-09-15T23:50:28+0000  slime-volleyball-20190701.1624.tar
Built slime-volleyball in 2.762s, finished at 2024-09-15T23:50:29+0000
