 • Building package slothbar (from codeberg:agnes-li/slothbar)...
Updating /mnt/store/melpa/working/slothbar/
Checking out 52010da65a4688b2b2f16427f81dfeedf4443077
Copying files (->) and directories (=>)
  from /mnt/store/melpa/working/slothbar/
  to /tmp/slothbar37uhxV/slothbar-20251124.353
    slothbar-backlight.el -> slothbar-backlight.el
    slothbar-battery.el -> slothbar-battery.el
    slothbar-color.el -> slothbar-color.el
    slothbar-date.el -> slothbar-date.el
    slothbar-ewmh.el -> slothbar-ewmh.el
    slothbar-font.el -> slothbar-font.el
    slothbar-layout.el -> slothbar-layout.el
    slothbar-log.el -> slothbar-log.el
    slothbar-module-.el -> slothbar-module-.el
    slothbar-module-requires.el -> slothbar-module-requires.el
    slothbar-module.el -> slothbar-module.el
    slothbar-randr.el -> slothbar-randr.el
    slothbar-render.el -> slothbar-render.el
    slothbar-tray.el -> slothbar-tray.el
    slothbar-util.el -> slothbar-util.el
    slothbar-volume.el -> slothbar-volume.el
    slothbar-wifi.el -> slothbar-wifi.el
    slothbar-workspaces.el -> slothbar-workspaces.el
    slothbar.el -> slothbar.el
Created slothbar-20251124.353.tar containing:
  slothbar-20251124.353/
  slothbar-20251124.353/slothbar-backlight.el
  slothbar-20251124.353/slothbar-battery.el
  slothbar-20251124.353/slothbar-color.el
  slothbar-20251124.353/slothbar-date.el
  slothbar-20251124.353/slothbar-ewmh.el
  slothbar-20251124.353/slothbar-font.el
  slothbar-20251124.353/slothbar-layout.el
  slothbar-20251124.353/slothbar-log.el
  slothbar-20251124.353/slothbar-module-.el
  slothbar-20251124.353/slothbar-module-requires.el
  slothbar-20251124.353/slothbar-module.el
  slothbar-20251124.353/slothbar-pkg.el
  slothbar-20251124.353/slothbar-randr.el
  slothbar-20251124.353/slothbar-render.el
  slothbar-20251124.353/slothbar-tray.el
  slothbar-20251124.353/slothbar-util.el
  slothbar-20251124.353/slothbar-volume.el
  slothbar-20251124.353/slothbar-wifi.el
  slothbar-20251124.353/slothbar-workspaces.el
  slothbar-20251124.353/slothbar.el
 ✓ Success:
  2025-12-22T00:17:14+0000  slothbar-20251124.353.entry
  2025-12-22T00:17:13+0000  slothbar-20251124.353.tar
Built slothbar in 4.712s, finished at 2025-12-22T00:17:14+0000
