Package: slurm-mode
Fetcher: github
Source:  https://github.com/ffevotte/slurm.el.git

Updating /mnt/store/melpa/working/slurm-mode/
Checking out 4e6ac09245313cf4018b8e5784b2fca8604269d7
Copying files (->) and directories (=>)
  from /mnt/store/melpa/working/slurm-mode/
  to /tmp/slurm-modejoOkz0/slurm-mode-20210519.1109
    slurm-mode.el -> slurm-mode.el
    slurm-pkg.el -> slurm-pkg.el
    slurm-script-mode.el -> slurm-script-mode.el
Created slurm-mode-20210519.1109.tar containing:
  slurm-mode-20210519.1109/
  slurm-mode-20210519.1109/slurm-mode-pkg.el
  slurm-mode-20210519.1109/slurm-mode.el
  slurm-mode-20210519.1109/slurm-pkg.el
  slurm-mode-20210519.1109/slurm-script-mode.el
 ✓ Success:
  2024-04-20T00:43:17+0000  slurm-mode-20210519.1109.entry
  2024-04-20T00:43:17+0000  slurm-mode-20210519.1109.tar
Built slurm-mode in 4.612s, finished at 2024-04-20T00:43:19+0000
