Package: sly-hello-world
Fetcher: github
Source:  https://github.com/joaotavora/sly-hello-world.git

Updating /mnt/store/melpa/working/sly-hello-world/
Checking out be257e9ad354db690c7378e89899335597348a0d
Copying files (->) and directories (=>)
  from /mnt/store/melpa/working/sly-hello-world/
  to /tmp/sly-hello-worlds2isEP/sly-hello-world-20200225.1755
    sly-hello-world-autoloads.el -> sly-hello-world-autoloads.el
    sly-hello-world.el -> sly-hello-world.el
    slynk-hello-world.lisp -> slynk-hello-world.lisp
    slynk-hello-world.asd -> slynk-hello-world.asd
Created sly-hello-world-20200225.1755.tar containing:
  sly-hello-world-20200225.1755/
  sly-hello-world-20200225.1755/sly-hello-world-autoloads.el
  sly-hello-world-20200225.1755/sly-hello-world-pkg.el
  sly-hello-world-20200225.1755/sly-hello-world.el
  sly-hello-world-20200225.1755/slynk-hello-world.asd
  sly-hello-world-20200225.1755/slynk-hello-world.lisp
 ✓ Success:
  2024-01-20T23:26:39+0000  sly-hello-world-20200225.1755.entry
  2024-01-20T23:26:39+0000  sly-hello-world-20200225.1755.tar
Built sly-hello-world in 4.187s, finished at 2024-01-20T23:26:40+0000
