Package: sly-macrostep
Fetcher: github
Source:  https://github.com/joaotavora/sly-macrostep.git

Updating /mnt/store/melpa/working/sly-macrostep/
Checking out 5113e4e926cd752b1d0bcc1508b3ebad5def5fad
Copying files (->) and directories (=>)
  from /mnt/store/melpa/working/sly-macrostep/
  to /tmp/sly-macrostep5k3r1p/sly-macrostep-20191211.1630
    sly-macrostep-autoloads.el -> sly-macrostep-autoloads.el
    sly-macrostep.el -> sly-macrostep.el
    collect-macro-forms.lisp -> collect-macro-forms.lisp
    package.lisp -> package.lisp
    slynk-macrostep.lisp -> slynk-macrostep.lisp
    slynk-macrostep.asd -> slynk-macrostep.asd
Created sly-macrostep-20191211.1630.tar containing:
  sly-macrostep-20191211.1630/
  sly-macrostep-20191211.1630/collect-macro-forms.lisp
  sly-macrostep-20191211.1630/package.lisp
  sly-macrostep-20191211.1630/sly-macrostep-autoloads.el
  sly-macrostep-20191211.1630/sly-macrostep-pkg.el
  sly-macrostep-20191211.1630/sly-macrostep.el
  sly-macrostep-20191211.1630/slynk-macrostep.asd
  sly-macrostep-20191211.1630/slynk-macrostep.lisp
 ✓ Success:
  2023-12-29T07:43:00+0000  sly-macrostep-20191211.1630.entry
  2023-12-29T07:43:00+0000  sly-macrostep-20191211.1630.tar
Built sly-macrostep in 3.908s, finished at 2023-12-29T07:43:02+0000
