Package: sly-asdf
Fetcher: github
Source:  https://github.com/mmgeorge/sly-asdf.git

Updating /mnt/store/melpa/working/sly-asdf/
Checking out 6f9d751469bb82530db1673c22e7437ca6c95f45
Copying files (->) and directories (=>)
  from /mnt/store/melpa/working/sly-asdf/
  to /tmp/sly-asdf7rpqBp/sly-asdf-20221119.2235
    sly-asdf-flymake-base.el -> sly-asdf-flymake-base.el
    sly-asdf-flymake.el -> sly-asdf-flymake.el
    sly-asdf.el -> sly-asdf.el
    slynk-asdf.lisp -> slynk-asdf.lisp
    slynk-asdf.asd -> slynk-asdf.asd
Created sly-asdf-20221119.2235.tar containing:
  sly-asdf-20221119.2235/
  sly-asdf-20221119.2235/sly-asdf-flymake-base.el
  sly-asdf-20221119.2235/sly-asdf-flymake.el
  sly-asdf-20221119.2235/sly-asdf-pkg.el
  sly-asdf-20221119.2235/sly-asdf.el
  sly-asdf-20221119.2235/slynk-asdf.asd
  sly-asdf-20221119.2235/slynk-asdf.lisp
 ✓ Success:
  2024-02-11T08:14:53+0000  sly-asdf-20221119.2235.entry
  2024-02-11T08:14:53+0000  sly-asdf-20221119.2235.tar
Built sly-asdf in 3.586s, finished at 2024-02-11T08:14:54+0000
