Package: sly-quicklisp
Fetcher: github
Source:  https://github.com/joaotavora/sly-quicklisp

Updating /mnt/store/melpa/working/sly-quicklisp/
Checking out 34c73d43dd9066262387c626c17a9b486db07b2d
Copying files (->) and directories (=>)
  from /mnt/store/melpa/working/sly-quicklisp/
  to /tmp/sly-quicklisp1hxp0g/sly-quicklisp-20211206.948
    sly-quicklisp-autoloads.el -> sly-quicklisp-autoloads.el
    sly-quicklisp.el -> sly-quicklisp.el
    slynk-quicklisp.lisp -> slynk-quicklisp.lisp
    slynk-quicklisp.asd -> slynk-quicklisp.asd
Created sly-quicklisp-20211206.948.tar containing:
  sly-quicklisp-20211206.948/
  sly-quicklisp-20211206.948/sly-quicklisp-autoloads.el
  sly-quicklisp-20211206.948/sly-quicklisp-pkg.el
  sly-quicklisp-20211206.948/sly-quicklisp.el
  sly-quicklisp-20211206.948/slynk-quicklisp.asd
  sly-quicklisp-20211206.948/slynk-quicklisp.lisp
 ✓ Success:
  2025-06-30T01:18:32+0000  sly-quicklisp-20211206.948.entry
  2025-06-30T01:18:32+0000  sly-quicklisp-20211206.948.tar
Built sly-quicklisp in 3.510s, finished at 2025-06-30T01:18:33+0000
