Package: smart-mode-line
Fetcher: github
Source:  https://github.com/Malabarba/smart-mode-line.git

Updating /mnt/store/melpa/working/smart-mode-line/
Checking out abcb0ab6f7110a03d6c7428bae67cf8731496433
Copying files (->) and directories (=>)
  from /mnt/store/melpa/working/smart-mode-line/
  to /tmp/smart-mode-line3PPqQG/smart-mode-line-20211005.233
    smart-mode-line-dark-theme.el -> smart-mode-line-dark-theme.el
    smart-mode-line-light-theme.el -> smart-mode-line-light-theme.el
    smart-mode-line-respectful-theme.el -> smart-mode-line-respectful-theme.el
    smart-mode-line.el -> smart-mode-line.el
Created smart-mode-line-20211005.233.tar containing:
  smart-mode-line-20211005.233/
  smart-mode-line-20211005.233/smart-mode-line-dark-theme.el
  smart-mode-line-20211005.233/smart-mode-line-light-theme.el
  smart-mode-line-20211005.233/smart-mode-line-pkg.el
  smart-mode-line-20211005.233/smart-mode-line-respectful-theme.el
  smart-mode-line-20211005.233/smart-mode-line.el
 ✓ Success:
  2024-03-28T00:35:52+0000  smart-mode-line-20211005.233.entry
  2024-03-28T00:35:52+0000  smart-mode-line-20211005.233.tar
Built smart-mode-line in 7.777s, finished at 2024-03-28T00:35:55+0000
