Package: smartparens
Fetcher: github
Source:  https://github.com/Fuco1/smartparens.git

Updating /mnt/store/melpa/working/smartparens/
Checking out 37dfec50978609049ac402bf6514f9abc7b10b29
Copying files (->) and directories (=>)
  from /mnt/store/melpa/working/smartparens/
  to /tmp/smartparensG9D60i/smartparens-20240325.2141
    smartparens-c.el -> smartparens-c.el
    smartparens-clojure.el -> smartparens-clojure.el
    smartparens-config.el -> smartparens-config.el
    smartparens-crystal.el -> smartparens-crystal.el
    smartparens-elixir.el -> smartparens-elixir.el
    smartparens-erlang.el -> smartparens-erlang.el
    smartparens-ess.el -> smartparens-ess.el
    smartparens-go.el -> smartparens-go.el
    smartparens-haskell.el -> smartparens-haskell.el
    smartparens-html.el -> smartparens-html.el
    smartparens-javascript.el -> smartparens-javascript.el
    smartparens-latex.el -> smartparens-latex.el
    smartparens-lua.el -> smartparens-lua.el
    smartparens-markdown.el -> smartparens-markdown.el
    smartparens-ml.el -> smartparens-ml.el
    smartparens-org.el -> smartparens-org.el
    smartparens-pkg.el -> smartparens-pkg.el
    smartparens-python.el -> smartparens-python.el
    smartparens-racket.el -> smartparens-racket.el
    smartparens-rst.el -> smartparens-rst.el
    smartparens-ruby.el -> smartparens-ruby.el
    smartparens-rust.el -> smartparens-rust.el
    smartparens-scala.el -> smartparens-scala.el
    smartparens-swift.el -> smartparens-swift.el
    smartparens-text.el -> smartparens-text.el
    smartparens-unison.el -> smartparens-unison.el
    smartparens.el -> smartparens.el
    sp-sublimetext-like.el -> sp-sublimetext-like.el
Created smartparens-20240325.2141.tar containing:
  smartparens-20240325.2141/
  smartparens-20240325.2141/smartparens-c.el
  smartparens-20240325.2141/smartparens-clojure.el
  smartparens-20240325.2141/smartparens-config.el
  smartparens-20240325.2141/smartparens-crystal.el
  smartparens-20240325.2141/smartparens-elixir.el
  smartparens-20240325.2141/smartparens-erlang.el
  smartparens-20240325.2141/smartparens-ess.el
  smartparens-20240325.2141/smartparens-go.el
  smartparens-20240325.2141/smartparens-haskell.el
  smartparens-20240325.2141/smartparens-html.el
  smartparens-20240325.2141/smartparens-javascript.el
  smartparens-20240325.2141/smartparens-latex.el
  smartparens-20240325.2141/smartparens-lua.el
  smartparens-20240325.2141/smartparens-markdown.el
  smartparens-20240325.2141/smartparens-ml.el
  smartparens-20240325.2141/smartparens-org.el
  smartparens-20240325.2141/smartparens-pkg.el
  smartparens-20240325.2141/smartparens-python.el
  smartparens-20240325.2141/smartparens-racket.el
  smartparens-20240325.2141/smartparens-rst.el
  smartparens-20240325.2141/smartparens-ruby.el
  smartparens-20240325.2141/smartparens-rust.el
  smartparens-20240325.2141/smartparens-scala.el
  smartparens-20240325.2141/smartparens-swift.el
  smartparens-20240325.2141/smartparens-text.el
  smartparens-20240325.2141/smartparens-unison.el
  smartparens-20240325.2141/smartparens.el
  smartparens-20240325.2141/sp-sublimetext-like.el
 ✓ Success:
  2024-03-30T07:54:33+0000  smartparens-20240325.2141.entry
  2024-03-30T07:54:33+0000  smartparens-20240325.2141.tar
Built smartparens in 4.476s, finished at 2024-03-30T07:54:34+0000
