Package: smotitah
Fetcher: github
Source:  https://github.com/laynor/smotitah.git

Updating /mnt/store/melpa/working/smotitah/
Checking out f9ab562128a5460549d016913533778e8c94bcf3
Copying files (->) and directories (=>)
  from /mnt/store/melpa/working/smotitah/
  to /tmp/smotitah6RFlfu/smotitah-20150218.1030
    smotitah-pkg.el -> smotitah-pkg.el
    smotitah.el -> smotitah.el
    templates => templates
Created smotitah-20150218.1030.tar containing:
  smotitah-20150218.1030/
  smotitah-20150218.1030/smotitah-pkg.el
  smotitah-20150218.1030/smotitah.el
  smotitah-20150218.1030/templates/
  smotitah-20150218.1030/templates/sm-integration-template.el
  smotitah-20150218.1030/templates/sm-module-base-template.el
  smotitah-20150218.1030/templates/sm-module-template.el
  smotitah-20150218.1030/templates/sm-package-template.el
  smotitah-20150218.1030/templates/sm-profile-template.el
 ✓ Success:
  2024-01-05T07:40:20+0000  smotitah-20150218.1030.entry
  2024-01-05T07:40:20+0000  smotitah-20150218.1030.tar
Built smotitah in 3.363s, finished at 2024-01-05T07:40:21+0000
