Package: sniem
Fetcher: github
Source:  https://github.com/SpringHan/sniem

Updating /mnt/store/melpa/working/sniem/
Checking out 4f33cf6b24bdd9857127d7cfd73e6c368eeeba9e
Copying files (->) and directories (=>)
  from /mnt/store/melpa/working/sniem/
  to /tmp/sniemELtHDf/sniem-20250120.842
    sniem-cheatsheet.el -> sniem-cheatsheet.el
    sniem-common.el -> sniem-common.el
    sniem-linked-file.el -> sniem-linked-file.el
    sniem-macro.el -> sniem-macro.el
    sniem-mark-jump.el -> sniem-mark-jump.el
    sniem-object-catch.el -> sniem-object-catch.el
    sniem-operation.el -> sniem-operation.el
    sniem-var.el -> sniem-var.el
    sniem.el -> sniem.el
Created sniem-20250120.842.tar containing:
  sniem-20250120.842/
  sniem-20250120.842/sniem-cheatsheet.el
  sniem-20250120.842/sniem-common.el
  sniem-20250120.842/sniem-linked-file.el
  sniem-20250120.842/sniem-macro.el
  sniem-20250120.842/sniem-mark-jump.el
  sniem-20250120.842/sniem-object-catch.el
  sniem-20250120.842/sniem-operation.el
  sniem-20250120.842/sniem-pkg.el
  sniem-20250120.842/sniem-var.el
  sniem-20250120.842/sniem.el
 ✓ Success:
  2025-01-20T23:07:32+0000  sniem-20250120.842.entry
  2025-01-20T23:07:32+0000  sniem-20250120.842.tar
Built sniem in 6.198s, finished at 2025-01-20T23:07:34+0000
