Package: snitch
Fetcher: github
Source:  https://github.com/mrmekon/snitch-el

Updating /mnt/store/melpa/working/snitch/
Checking out 3b3e7f1bf612c4624764d1ec4b1a96e4d2850b05
Copying files (->) and directories (=>)
  from /mnt/store/melpa/working/snitch/
  to /tmp/snitchYfTeas/snitch-20210202.1730
    snitch-backtrace.el -> snitch-backtrace.el
    snitch-custom.el -> snitch-custom.el
    snitch-filter.el -> snitch-filter.el
    snitch-log.el -> snitch-log.el
    snitch-timer.el -> snitch-timer.el
    snitch.el -> snitch.el
Created snitch-20210202.1730.tar containing:
  snitch-20210202.1730/
  snitch-20210202.1730/snitch-backtrace.el
  snitch-20210202.1730/snitch-custom.el
  snitch-20210202.1730/snitch-filter.el
  snitch-20210202.1730/snitch-log.el
  snitch-20210202.1730/snitch-pkg.el
  snitch-20210202.1730/snitch-timer.el
  snitch-20210202.1730/snitch.el
 ✓ Success:
  2025-02-22T23:59:05+0000  snitch-20210202.1730.entry
  2025-02-22T23:59:05+0000  snitch-20210202.1730.tar
Built snitch in 3.544s, finished at 2025-02-22T23:59:06+0000
