Package: socyl
Fetcher: github
Source:  https://github.com/nlamirault/socyl.git

Updating /mnt/store/melpa/working/socyl/
Checking out 1ef2da42f66f3ab31a34131e51648f352416f0ba
Copying files (->) and directories (=>)
  from /mnt/store/melpa/working/socyl/
  to /tmp/socylXKhZBY/socyl-20170212.642
    socyl-ag.el -> socyl-ag.el
    socyl-backend.el -> socyl-backend.el
    socyl-custom.el -> socyl-custom.el
    socyl-mode.el -> socyl-mode.el
    socyl-pt.el -> socyl-pt.el
    socyl-ripgrep.el -> socyl-ripgrep.el
    socyl-sift.el -> socyl-sift.el
    socyl-version.el -> socyl-version.el
    socyl.el -> socyl.el
Created socyl-20170212.642.tar containing:
  socyl-20170212.642/
  socyl-20170212.642/socyl-ag.el
  socyl-20170212.642/socyl-backend.el
  socyl-20170212.642/socyl-custom.el
  socyl-20170212.642/socyl-mode.el
  socyl-20170212.642/socyl-pkg.el
  socyl-20170212.642/socyl-pt.el
  socyl-20170212.642/socyl-ripgrep.el
  socyl-20170212.642/socyl-sift.el
  socyl-20170212.642/socyl-version.el
  socyl-20170212.642/socyl.el
 ✓ Success:
  2024-04-13T23:05:29+0000  socyl-20170212.642.entry
  2024-04-13T23:05:29+0000  socyl-20170212.642.tar
Built socyl in 4.737s, finished at 2024-04-13T23:05:32+0000
