Package: sonic-pi
Fetcher: github
Source:  https://github.com/repl-electric/sonic-pi.el

Updating /mnt/store/melpa/working/sonic-pi/
Checking out 9ae16d0fd4cba77ae0bedac83f2cb46569be6ade
Copying files (->) and directories (=>)
  from /mnt/store/melpa/working/sonic-pi/
  to /tmp/sonic-pi04fq93/sonic-pi-20211214.1242
    sonic-pi-console.el -> sonic-pi-console.el
    sonic-pi-mode.el -> sonic-pi-mode.el
    sonic-pi-osc.el -> sonic-pi-osc.el
    sonic-pi.el -> sonic-pi.el
Created sonic-pi-20211214.1242.tar containing:
  sonic-pi-20211214.1242/
  sonic-pi-20211214.1242/sonic-pi-console.el
  sonic-pi-20211214.1242/sonic-pi-mode.el
  sonic-pi-20211214.1242/sonic-pi-osc.el
  sonic-pi-20211214.1242/sonic-pi-pkg.el
  sonic-pi-20211214.1242/sonic-pi.el
 ✓ Success:
  2025-02-14T22:46:10+0000  sonic-pi-20211214.1242.entry
  2025-02-14T22:46:10+0000  sonic-pi-20211214.1242.tar
Built sonic-pi in 3.098s, finished at 2025-02-14T22:46:11+0000
