Package: soothe-theme
Fetcher: github
Source:  https://github.com/emacsfodder/emacs-soothe-theme

Updating /mnt/store/melpa/working/soothe-theme/
Checking out a8d3d964cfe9fc2157f45d2d26647a450ed9161a
Copying files (->) and directories (=>)
  from /mnt/store/melpa/working/soothe-theme/
  to /tmp/soothe-themeYgA4dS/soothe-theme-20240415.837
    soothe-darker-theme.el -> soothe-darker-theme.el
    soothe-obsidian-theme.el -> soothe-obsidian-theme.el
    soothe-theme.el -> soothe-theme.el
    soothe-tva.el -> soothe-tva.el
Created soothe-theme-20240415.837.tar containing:
  soothe-theme-20240415.837/
  soothe-theme-20240415.837/soothe-darker-theme.el
  soothe-theme-20240415.837/soothe-obsidian-theme.el
  soothe-theme-20240415.837/soothe-theme-pkg.el
  soothe-theme-20240415.837/soothe-theme.el
  soothe-theme-20240415.837/soothe-tva.el
 ✓ Success:
  2024-11-13T23:12:15+0000  soothe-theme-20240415.837.entry
  2024-11-13T23:12:15+0000  soothe-theme-20240415.837.tar
Built soothe-theme in 2.822s, finished at 2024-11-13T23:12:16+0000
