 • Building package spacemacs-theme (from github:nashamri/spacemacs-theme)...
Updating /mnt/store/melpa/working/spacemacs-theme/
Checking out 5635d6bbc76e6f06b99fa5dac6e6fd6675459ca6
Copying files (->) and directories (=>)
  from /mnt/store/melpa/working/spacemacs-theme/
  to /tmp/spacemacs-theme5IRXcT/spacemacs-theme-20251221.1656
    spacemacs-dark-theme.el -> spacemacs-dark-theme.el
    spacemacs-light-theme.el -> spacemacs-light-theme.el
    spacemacs-theme-pkg.el -> spacemacs-theme-pkg.el
    spacemacs-theme.el -> spacemacs-theme.el
Created spacemacs-theme-20251221.1656.tar containing:
  spacemacs-theme-20251221.1656/
  spacemacs-theme-20251221.1656/spacemacs-dark-theme.el
  spacemacs-theme-20251221.1656/spacemacs-light-theme.el
  spacemacs-theme-20251221.1656/spacemacs-theme-pkg.el
  spacemacs-theme-20251221.1656/spacemacs-theme.el
 ✓ Success:
  2025-12-22T00:18:26+0000  spacemacs-theme-20251221.1656.entry
  2025-12-22T00:18:26+0000  spacemacs-theme-20251221.1656.tar
Built spacemacs-theme in 3.161s, finished at 2025-12-22T00:18:27+0000
