Package: spaceline-all-the-icons
Fetcher: github
Source:  https://github.com/domtronn/spaceline-all-the-icons.el

Updating /mnt/store/melpa/working/spaceline-all-the-icons/
Checking out 5afd48c10f1bd42d9b9648c5e64596b72f3e9042
Copying files (->) and directories (=>)
  from /mnt/store/melpa/working/spaceline-all-the-icons/
  to /tmp/spaceline-all-the-iconsOacWC6/spaceline-all-the-icons-20190325.1602
    spaceline-all-the-icons-segments.el -> spaceline-all-the-icons-segments.el
    spaceline-all-the-icons-separators.el -> spaceline-all-the-icons-separators.el
    spaceline-all-the-icons.el -> spaceline-all-the-icons.el
Created spaceline-all-the-icons-20190325.1602.tar containing:
  spaceline-all-the-icons-20190325.1602/
  spaceline-all-the-icons-20190325.1602/spaceline-all-the-icons-pkg.el
  spaceline-all-the-icons-20190325.1602/spaceline-all-the-icons-segments.el
  spaceline-all-the-icons-20190325.1602/spaceline-all-the-icons-separators.el
  spaceline-all-the-icons-20190325.1602/spaceline-all-the-icons.el
 ✓ Success:
  2025-02-02T00:41:17+0000  spaceline-all-the-icons-20190325.1602.entry
  2025-02-02T00:41:17+0000  spaceline-all-the-icons-20190325.1602.tar
Built spaceline-all-the-icons in 4.139s, finished at 2025-02-02T00:41:18+0000
