Package: spaceline
Fetcher: github
Source:  https://github.com/TheBB/spaceline.git

Updating /mnt/store/melpa/working/spaceline/
Checking out 086420d16e526c79b67fc1edec4c2ae1e699f372
Copying files (->) and directories (=>)
  from /mnt/store/melpa/working/spaceline/
  to /tmp/spacelineMaY8ET/spaceline-20230922.1127
    spaceline-config.el -> spaceline-config.el
    spaceline-segments.el -> spaceline-segments.el
    spaceline.el -> spaceline.el
Created spaceline-20230922.1127.tar containing:
  spaceline-20230922.1127/
  spaceline-20230922.1127/spaceline-config.el
  spaceline-20230922.1127/spaceline-pkg.el
  spaceline-20230922.1127/spaceline-segments.el
  spaceline-20230922.1127/spaceline.el
 ✓ Success:
  2024-02-17T14:38:38+0000  spaceline-20230922.1127.entry
  2024-02-17T14:38:38+0000  spaceline-20230922.1127.tar
Built spaceline in 3.482s, finished at 2024-02-17T14:38:40+0000
