Package: sparql-mode
Fetcher: github
Source:  https://github.com/ljos/sparql-mode

Updating /mnt/store/melpa/working/sparql-mode/
Checking out 1f6196094ec6626722c6e03a13f6844c68f62703
Copying files (->) and directories (=>)
  from /mnt/store/melpa/working/sparql-mode/
  to /tmp/sparql-modepzJtiP/sparql-mode-20230104.1113
    company-sparql.el -> company-sparql.el
    ob-sparql.el -> ob-sparql.el
    sparql-mode.el -> sparql-mode.el
Created sparql-mode-20230104.1113.tar containing:
  sparql-mode-20230104.1113/
  sparql-mode-20230104.1113/company-sparql.el
  sparql-mode-20230104.1113/ob-sparql.el
  sparql-mode-20230104.1113/sparql-mode-pkg.el
  sparql-mode-20230104.1113/sparql-mode.el
 ✓ Success:
  2025-04-04T23:33:23+0000  sparql-mode-20230104.1113.entry
  2025-04-04T23:33:23+0000  sparql-mode-20230104.1113.tar
Built sparql-mode in 3.339s, finished at 2025-04-04T23:33:24+0000
