Package: spdx
Fetcher: github
Source:  https://github.com/condy0919/spdx.el.git

Updating /mnt/store/melpa/working/spdx/
Checking out cae58dd8c798269bb452f3cd48605c34ff58320a
Copying files (->) and directories (=>)
  from /mnt/store/melpa/working/spdx/
  to /tmp/spdxgVN406/spdx-20240730.109
    spdx-data.el -> spdx-data.el
    spdx.el -> spdx.el
Created spdx-20240730.109.tar containing:
  spdx-20240730.109/
  spdx-20240730.109/spdx-data.el
  spdx-20240730.109/spdx-pkg.el
  spdx-20240730.109/spdx.el
 ✓ Success:
  2024-07-30T00:53:53+0000  spdx-20240725.109.entry
  2024-07-30T00:53:53+0000  spdx-20240725.109.tar
  2024-07-30T03:36:34+0000  spdx-20240730.109.entry
  2024-07-30T03:36:34+0000  spdx-20240730.109.tar
Built spdx in 3.799s, finished at 2024-07-30T03:36:35+0000
