Package: speechd-el
Fetcher: github
Source:  https://github.com/brailcom/speechd-el.git

Updating /mnt/store/melpa/working/speechd-el/
Checking out 64218c59f1636af6a0cb3690bf0bedae1dd17442
Copying files (->) and directories (=>)
  from /mnt/store/melpa/working/speechd-el/
  to /tmp/speechd-el1qimhI/speechd-el-20240427.2112
    braille.el -> braille.el
    brltty.el -> brltty.el
    mmanager.el -> mmanager.el
    speechd-braille.el -> speechd-braille.el
    speechd-brltty.el -> speechd-brltty.el
    speechd-bug.el -> speechd-bug.el
    speechd-common.el -> speechd-common.el
    speechd-compile.el -> speechd-compile.el
    speechd-el-pkg.el -> speechd-el-pkg.el
    speechd-el.el -> speechd-el.el
    speechd-out.el -> speechd-out.el
    speechd-speak.el -> speechd-speak.el
    speechd-ssip.el -> speechd-ssip.el
    speechd.el -> speechd.el
Created speechd-el-20240427.2112.tar containing:
  speechd-el-20240427.2112/
  speechd-el-20240427.2112/braille.el
  speechd-el-20240427.2112/brltty.el
  speechd-el-20240427.2112/mmanager.el
  speechd-el-20240427.2112/speechd-braille.el
  speechd-el-20240427.2112/speechd-brltty.el
  speechd-el-20240427.2112/speechd-bug.el
  speechd-el-20240427.2112/speechd-common.el
  speechd-el-20240427.2112/speechd-compile.el
  speechd-el-20240427.2112/speechd-el-pkg.el
  speechd-el-20240427.2112/speechd-el.el
  speechd-el-20240427.2112/speechd-out.el
  speechd-el-20240427.2112/speechd-speak.el
  speechd-el-20240427.2112/speechd-ssip.el
  speechd-el-20240427.2112/speechd.el
 ✓ Success:
  2024-04-27T23:42:34+0000  speechd-el-20240427.2112.entry
  2024-04-27T23:42:34+0000  speechd-el-20240427.2112.tar
Built speechd-el in 3.638s, finished at 2024-04-27T23:42:36+0000
