Package: srefactor
Fetcher: github
Source:  https://github.com/tuhdo/semantic-refactor

Updating /mnt/store/melpa/working/srefactor/
Checking out 95c70a94b5aad4c85b35569e2f2325047791153a
Copying files (->) and directories (=>)
  from /mnt/store/melpa/working/srefactor/
  to /tmp/srefactorIHEzh2/srefactor-20230504.617
    srefactor-lisp.el -> srefactor-lisp.el
    srefactor-ui.el -> srefactor-ui.el
    srefactor.el -> srefactor.el
Created srefactor-20230504.617.tar containing:
  srefactor-20230504.617/
  srefactor-20230504.617/srefactor-lisp.el
  srefactor-20230504.617/srefactor-pkg.el
  srefactor-20230504.617/srefactor-ui.el
  srefactor-20230504.617/srefactor.el
 ✓ Success:
  2025-02-20T22:58:21+0000  srefactor-20230504.617.entry
  2025-02-20T22:58:21+0000  srefactor-20230504.617.tar
Built srefactor in 3.200s, finished at 2025-02-20T22:58:22+0000
