Package: ssh-deploy
Fetcher: github
Source:  https://github.com/cjohansson/emacs-ssh-deploy.git

Updating /mnt/store/melpa/working/ssh-deploy/
Checking out 95fb076c9b657c5f1bfad3ee5bf1f8691c50d428
Copying files (->) and directories (=>)
  from /mnt/store/melpa/working/ssh-deploy/
  to /tmp/ssh-deploy4PAIRG/ssh-deploy-20230702.928
    ssh-deploy-diff-mode.el -> ssh-deploy-diff-mode.el
    ssh-deploy-hydra.el -> ssh-deploy-hydra.el
    ssh-deploy.el -> ssh-deploy.el
Created ssh-deploy-20230702.928.tar containing:
  ssh-deploy-20230702.928/
  ssh-deploy-20230702.928/ssh-deploy-diff-mode.el
  ssh-deploy-20230702.928/ssh-deploy-hydra.el
  ssh-deploy-20230702.928/ssh-deploy-pkg.el
  ssh-deploy-20230702.928/ssh-deploy.el
 ✓ Success:
  2024-01-08T07:35:30+0000  ssh-deploy-20230702.928.entry
  2024-01-08T07:35:30+0000  ssh-deploy-20230702.928.tar
Built ssh-deploy in 2.433s, finished at 2024-01-08T07:35:31+0000
