Package: starhugger
Fetcher: gitlab
Source:  https://gitlab.com/daanturo/starhugger.el

Updating /mnt/store/melpa/working/starhugger/
Checking out c9753808184eaa9328b6ada18bfe418150b92eac
Copying files (->) and directories (=>)
  from /mnt/store/melpa/working/starhugger/
  to /tmp/starhugger6zK11R/starhugger-20250216.948
    starhugger-grep-context.el -> starhugger-grep-context.el
    starhugger.el -> starhugger.el
    starhugger-grep-context-process.py -> starhugger-grep-context-process.py
Created starhugger-20250216.948.tar containing:
  starhugger-20250216.948/
  starhugger-20250216.948/starhugger-grep-context-process.py
  starhugger-20250216.948/starhugger-grep-context.el
  starhugger-20250216.948/starhugger-pkg.el
  starhugger-20250216.948/starhugger.el
 ✓ Success:
  2025-02-20T00:50:48+0000  starhugger-20250216.948.entry
  2025-02-20T00:50:47+0000  starhugger-20250216.948.tar
Built starhugger in 4.036s, finished at 2025-02-20T00:50:48+0000
