Package: sublimity
Fetcher: github
Source:  https://github.com/zk-phi/sublimity.git

Updating /mnt/store/melpa/working/sublimity/
Checking out 8e2ffc4d62194106130014531e7b54fc9b4b9e6c
Copying files (->) and directories (=>)
  from /mnt/store/melpa/working/sublimity/
  to /tmp/sublimityO7QIuW/sublimity-20200905.1730
    sublimity-attractive.el -> sublimity-attractive.el
    sublimity-map.el -> sublimity-map.el
    sublimity-scroll.el -> sublimity-scroll.el
    sublimity.el -> sublimity.el
Created sublimity-20200905.1730.tar containing:
  sublimity-20200905.1730/
  sublimity-20200905.1730/sublimity-attractive.el
  sublimity-20200905.1730/sublimity-map.el
  sublimity-20200905.1730/sublimity-pkg.el
  sublimity-20200905.1730/sublimity-scroll.el
  sublimity-20200905.1730/sublimity.el
 ✓ Success:
  2023-12-30T07:05:56+0000  sublimity-20200905.1730.entry
  2023-12-30T07:05:56+0000  sublimity-20200905.1730.tar
Built sublimity in 3.835s, finished at 2023-12-30T07:05:58+0000
