Package: suomalainen-kalenteri
Fetcher: github
Source:  https://github.com/tlikonen/suomalainen-kalenteri

Updating /mnt/store/melpa/working/suomalainen-kalenteri/
Checking out 4b63a82c3145bfff2dc1f7b45ce2463824462da0
Copying files (->) and directories (=>)
  from /mnt/store/melpa/working/suomalainen-kalenteri/
  to /tmp/suomalainen-kalenteriNtK1dy/suomalainen-kalenteri-20250103.1003
    loader.el -> loader.el
    suomalainen-kalenteri-pkg.el -> suomalainen-kalenteri-pkg.el
    suomalainen-kalenteri.el -> suomalainen-kalenteri.el
Created suomalainen-kalenteri-20250103.1003.tar containing:
  suomalainen-kalenteri-20250103.1003/
  suomalainen-kalenteri-20250103.1003/loader.el
  suomalainen-kalenteri-20250103.1003/suomalainen-kalenteri-pkg.el
  suomalainen-kalenteri-20250103.1003/suomalainen-kalenteri.el
 ✓ Success:
  2025-06-02T01:50:24+0000  suomalainen-kalenteri-20250103.1003.entry
  2025-06-02T01:50:24+0000  suomalainen-kalenteri-20250103.1003.tar
Built suomalainen-kalenteri in 2.917s, finished at 2025-06-02T01:50:24+0000
