Package: swift3-mode
Fetcher: github
Source:  https://github.com/taku0/swift3-mode.git

Updating /mnt/store/melpa/working/swift3-mode/
Checking out ea34d46bf9a4293e75ffdac9500d34989316d9e9
Copying files (->) and directories (=>)
  from /mnt/store/melpa/working/swift3-mode/
  to /tmp/swift3-modecWRi6E/swift3-mode-20160918.1250
    swift3-mode-beginning-of-defun.el -> swift3-mode-beginning-of-defun.el
    swift3-mode-font-lock.el -> swift3-mode-font-lock.el
    swift3-mode-indent.el -> swift3-mode-indent.el
    swift3-mode-lexer.el -> swift3-mode-lexer.el
    swift3-mode-repl.el -> swift3-mode-repl.el
    swift3-mode.el -> swift3-mode.el
Created swift3-mode-20160918.1250.tar containing:
  swift3-mode-20160918.1250/
  swift3-mode-20160918.1250/swift3-mode-beginning-of-defun.el
  swift3-mode-20160918.1250/swift3-mode-font-lock.el
  swift3-mode-20160918.1250/swift3-mode-indent.el
  swift3-mode-20160918.1250/swift3-mode-lexer.el
  swift3-mode-20160918.1250/swift3-mode-pkg.el
  swift3-mode-20160918.1250/swift3-mode-repl.el
  swift3-mode-20160918.1250/swift3-mode.el
 ✓ Success:
  2024-09-15T23:52:54+0000  swift3-mode-20160918.1250.entry
  2024-09-15T23:52:53+0000  swift3-mode-20160918.1250.tar
Built swift3-mode in 2.988s, finished at 2024-09-15T23:52:55+0000
