Package: swift-helpful
Fetcher: github
Source:  https://github.com/danielmartin/swift-helpful

Updating /mnt/store/melpa/working/swift-helpful/
Checking out b46c580e4b8f55761431ec677866de3fc66592e9
Copying files (->) and directories (=>)
  from /mnt/store/melpa/working/swift-helpful/
  to /tmp/swift-helpfulh4N7Ui/swift-helpful-20220707.846
    swift-helpful-regex.el -> swift-helpful-regex.el
    swift-helpful.el -> swift-helpful.el
  ! swift-info/swift-reference.info -> swift-reference.info
  ! swift-info/swift.info -> swift.info
  ! swift-info/images/CollectionTypes_intro_2x.png -> images/CollectionTypes_intro_2x.png
  ! swift-info/images/UTF16_2x.png -> images/UTF16_2x.png
  ! swift-info/images/UTF8_2x.png -> images/UTF8_2x.png
  ! swift-info/images/UnicodeScalar_2x.png -> images/UnicodeScalar_2x.png
  ! swift-info/images/barcode_QR_2x.png -> images/barcode_QR_2x.png
  ! swift-info/images/barcode_UPC_2x.png -> images/barcode_UPC_2x.png
  ! swift-info/images/bitshiftSignedAddition_2x.png -> images/bitshiftSignedAddition_2x.png
  ! swift-info/images/bitshiftSignedFour_2x.png -> images/bitshiftSignedFour_2x.png
  ! swift-info/images/bitshiftSignedMinusFourValue_2x.png -> images/bitshiftSignedMinusFourValue_2x.png
  ! swift-info/images/bitshiftSignedMinusFour_2x.png -> images/bitshiftSignedMinusFour_2x.png
  ! swift-info/images/bitshiftSigned_2x.png -> images/bitshiftSigned_2x.png
  ! swift-info/images/bitshiftUnsigned_2x.png -> images/bitshiftUnsigned_2x.png
  ! swift-info/images/bitwiseAND_2x.png -> images/bitwiseAND_2x.png
  ! swift-info/images/bitwiseNOT_2x.png -> images/bitwiseNOT_2x.png
  ! swift-info/images/bitwiseOR_2x.png -> images/bitwiseOR_2x.png
  ! swift-info/images/bitwiseXOR_2x.png -> images/bitwiseXOR_2x.png
  ! swift-info/images/chessBoard_2x.png -> images/chessBoard_2x.png
  ! swift-info/images/closureReferenceCycle01_2x.png -> images/closureReferenceCycle01_2x.png
  ! swift-info/images/closureReferenceCycle02_2x.png -> images/closureReferenceCycle02_2x.png
  ! swift-info/images/computedProperties_2x.png -> images/computedProperties_2x.png
  ! swift-info/images/coordinateGraphComplex_2x.png -> images/coordinateGraphComplex_2x.png
  ! swift-info/images/coordinateGraphMedium_2x.png -> images/coordinateGraphMedium_2x.png
  ! swift-info/images/coordinateGraphSimple_2x.png -> images/coordinateGraphSimple_2x.png
  ! swift-info/images/initializerDelegation01_2x.png -> images/initializerDelegation01_2x.png
  ! swift-info/images/initializerDelegation02_2x.png -> images/initializerDelegation02_2x.png
  ! swift-info/images/initializersExample01_2x.png -> images/initializersExample01_2x.png
  ! swift-info/images/initializersExample02_2x.png -> images/initializersExample02_2x.png
  ! swift-info/images/initializersExample03_2x.png -> images/initializersExample03_2x.png
  ! swift-info/images/memory_increment_2x.png -> images/memory_increment_2x.png
  ! swift-info/images/memory_share_health_maria_2x.png -> images/memory_share_health_maria_2x.png
  ! swift-info/images/memory_share_health_oscar_2x.png -> images/memory_share_health_oscar_2x.png
  ! swift-info/images/memory_shopping_2x.png -> images/memory_shopping_2x.png
  ! swift-info/images/multilineStringWhitespace_2x.png -> images/multilineStringWhitespace_2x.png
  ! swift-info/images/overflowAddition_2x.png -> images/overflowAddition_2x.png
  ! swift-info/images/overflowSignedSubtraction_2x.png -> images/overflowSignedSubtraction_2x.png
  ! swift-info/images/overflowUnsignedSubtraction_2x.png -> images/overflowUnsignedSubtraction_2x.png
  ! swift-info/images/referenceCycle01_2x.png -> images/referenceCycle01_2x.png
  ! swift-info/images/referenceCycle02_2x.png -> images/referenceCycle02_2x.png
  ! swift-info/images/referenceCycle03_2x.png -> images/referenceCycle03_2x.png
  ! swift-info/images/remainderInteger_2x.png -> images/remainderInteger_2x.png
  ! swift-info/images/setEulerDiagram_2x.png -> images/setEulerDiagram_2x.png
  ! swift-info/images/setVennDiagram_2x.png -> images/setVennDiagram_2x.png
  ! swift-info/images/sharedStateClass_2x.png -> images/sharedStateClass_2x.png
  ! swift-info/images/sharedStateStruct_2x.png -> images/sharedStateStruct_2x.png
  ! swift-info/images/snakesAndLadders_2x.png -> images/snakesAndLadders_2x.png
  ! swift-info/images/stackPoppedOneString_2x.png -> images/stackPoppedOneString_2x.png
  ! swift-info/images/stackPushPop_2x.png -> images/stackPushPop_2x.png
  ! swift-info/images/stackPushedFourStrings_2x.png -> images/stackPushedFourStrings_2x.png
  ! swift-info/images/staticPropertiesVUMeter_2x.png -> images/staticPropertiesVUMeter_2x.png
  ! swift-info/images/stringSubstring_2x.png -> images/stringSubstring_2x.png
  ! swift-info/images/subscriptMatrix01_2x.png -> images/subscriptMatrix01_2x.png
  ! swift-info/images/subscriptMatrix02_2x.png -> images/subscriptMatrix02_2x.png
  ! swift-info/images/twoPhaseInitialization01_2x.png -> images/twoPhaseInitialization01_2x.png
  ! swift-info/images/twoPhaseInitialization02_2x.png -> images/twoPhaseInitialization02_2x.png
  ! swift-info/images/unownedOptionalReference_2x.png -> images/unownedOptionalReference_2x.png
  ! swift-info/images/unownedReference01_2x.png -> images/unownedReference01_2x.png
  ! swift-info/images/unownedReference02_2x.png -> images/unownedReference02_2x.png
  ! swift-info/images/vectorAddition_2x.png -> images/vectorAddition_2x.png
  ! swift-info/images/weakReference01_2x.png -> images/weakReference01_2x.png
  ! swift-info/images/weakReference02_2x.png -> images/weakReference02_2x.png
  ! swift-info/images/weakReference03_2x.png -> images/weakReference03_2x.png
Created swift-helpful-20220707.846.tar containing:
  swift-helpful-20220707.846/
  swift-helpful-20220707.846/dir
  swift-helpful-20220707.846/images/
  swift-helpful-20220707.846/images/CollectionTypes_intro_2x.png
  swift-helpful-20220707.846/images/UTF16_2x.png
  swift-helpful-20220707.846/images/UTF8_2x.png
  swift-helpful-20220707.846/images/UnicodeScalar_2x.png
  swift-helpful-20220707.846/images/barcode_QR_2x.png
  swift-helpful-20220707.846/images/barcode_UPC_2x.png
  swift-helpful-20220707.846/images/bitshiftSignedAddition_2x.png
  swift-helpful-20220707.846/images/bitshiftSignedFour_2x.png
  swift-helpful-20220707.846/images/bitshiftSignedMinusFourValue_2x.png
  swift-helpful-20220707.846/images/bitshiftSignedMinusFour_2x.png
  swift-helpful-20220707.846/images/bitshiftSigned_2x.png
  swift-helpful-20220707.846/images/bitshiftUnsigned_2x.png
  swift-helpful-20220707.846/images/bitwiseAND_2x.png
  swift-helpful-20220707.846/images/bitwiseNOT_2x.png
  swift-helpful-20220707.846/images/bitwiseOR_2x.png
  swift-helpful-20220707.846/images/bitwiseXOR_2x.png
  swift-helpful-20220707.846/images/chessBoard_2x.png
  swift-helpful-20220707.846/images/closureReferenceCycle01_2x.png
  swift-helpful-20220707.846/images/closureReferenceCycle02_2x.png
  swift-helpful-20220707.846/images/computedProperties_2x.png
  swift-helpful-20220707.846/images/coordinateGraphComplex_2x.png
  swift-helpful-20220707.846/images/coordinateGraphMedium_2x.png
  swift-helpful-20220707.846/images/coordinateGraphSimple_2x.png
  swift-helpful-20220707.846/images/initializerDelegation01_2x.png
  swift-helpful-20220707.846/images/initializerDelegation02_2x.png
  swift-helpful-20220707.846/images/initializersExample01_2x.png
  swift-helpful-20220707.846/images/initializersExample02_2x.png
  swift-helpful-20220707.846/images/initializersExample03_2x.png
  swift-helpful-20220707.846/images/memory_increment_2x.png
  swift-helpful-20220707.846/images/memory_share_health_maria_2x.png
  swift-helpful-20220707.846/images/memory_share_health_oscar_2x.png
  swift-helpful-20220707.846/images/memory_shopping_2x.png
  swift-helpful-20220707.846/images/multilineStringWhitespace_2x.png
  swift-helpful-20220707.846/images/overflowAddition_2x.png
  swift-helpful-20220707.846/images/overflowSignedSubtraction_2x.png
  swift-helpful-20220707.846/images/overflowUnsignedSubtraction_2x.png
  swift-helpful-20220707.846/images/referenceCycle01_2x.png
  swift-helpful-20220707.846/images/referenceCycle02_2x.png
  swift-helpful-20220707.846/images/referenceCycle03_2x.png
  swift-helpful-20220707.846/images/remainderInteger_2x.png
  swift-helpful-20220707.846/images/setEulerDiagram_2x.png
  swift-helpful-20220707.846/images/setVennDiagram_2x.png
  swift-helpful-20220707.846/images/sharedStateClass_2x.png
  swift-helpful-20220707.846/images/sharedStateStruct_2x.png
  swift-helpful-20220707.846/images/snakesAndLadders_2x.png
  swift-helpful-20220707.846/images/stackPoppedOneString_2x.png
  swift-helpful-20220707.846/images/stackPushPop_2x.png
  swift-helpful-20220707.846/images/stackPushedFourStrings_2x.png
  swift-helpful-20220707.846/images/staticPropertiesVUMeter_2x.png
  swift-helpful-20220707.846/images/stringSubstring_2x.png
  swift-helpful-20220707.846/images/subscriptMatrix01_2x.png
  swift-helpful-20220707.846/images/subscriptMatrix02_2x.png
  swift-helpful-20220707.846/images/twoPhaseInitialization01_2x.png
  swift-helpful-20220707.846/images/twoPhaseInitialization02_2x.png
  swift-helpful-20220707.846/images/unownedOptionalReference_2x.png
  swift-helpful-20220707.846/images/unownedReference01_2x.png
  swift-helpful-20220707.846/images/unownedReference02_2x.png
  swift-helpful-20220707.846/images/vectorAddition_2x.png
  swift-helpful-20220707.846/images/weakReference01_2x.png
  swift-helpful-20220707.846/images/weakReference02_2x.png
  swift-helpful-20220707.846/images/weakReference03_2x.png
  swift-helpful-20220707.846/swift-helpful-pkg.el
  swift-helpful-20220707.846/swift-helpful-regex.el
  swift-helpful-20220707.846/swift-helpful.el
  swift-helpful-20220707.846/swift-reference.info
  swift-helpful-20220707.846/swift.info
 ✓ Success:
  2025-01-18T23:21:26+0000  swift-helpful-20220707.846.entry
  2025-01-18T23:21:26+0000  swift-helpful-20220707.846.tar
Built swift-helpful in 4.187s, finished at 2025-01-18T23:21:27+0000
