Package: swift-mode
Fetcher: github
Source:  https://github.com/swift-emacs/swift-mode.git

Updating /mnt/store/melpa/working/swift-mode/
Checking out b06c97b909418b5dca3d15351b2ce86a04df32fb
Copying files (->) and directories (=>)
  from /mnt/store/melpa/working/swift-mode/
  to /tmp/swift-mode7CiLGG/swift-mode-20240622.935
    swift-mode-beginning-of-defun.el -> swift-mode-beginning-of-defun.el
    swift-mode-fill.el -> swift-mode-fill.el
    swift-mode-font-lock.el -> swift-mode-font-lock.el
    swift-mode-imenu.el -> swift-mode-imenu.el
    swift-mode-indent.el -> swift-mode-indent.el
    swift-mode-lexer.el -> swift-mode-lexer.el
    swift-mode-repl.el -> swift-mode-repl.el
    swift-mode-standard-types.el -> swift-mode-standard-types.el
    swift-mode.el -> swift-mode.el
Created swift-mode-20240622.935.tar containing:
  swift-mode-20240622.935/
  swift-mode-20240622.935/swift-mode-beginning-of-defun.el
  swift-mode-20240622.935/swift-mode-fill.el
  swift-mode-20240622.935/swift-mode-font-lock.el
  swift-mode-20240622.935/swift-mode-imenu.el
  swift-mode-20240622.935/swift-mode-indent.el
  swift-mode-20240622.935/swift-mode-lexer.el
  swift-mode-20240622.935/swift-mode-pkg.el
  swift-mode-20240622.935/swift-mode-repl.el
  swift-mode-20240622.935/swift-mode-standard-types.el
  swift-mode-20240622.935/swift-mode.el
 ✓ Success:
  2024-09-16T23:13:06+0000  swift-mode-20240622.935.entry
  2024-09-16T23:13:06+0000  swift-mode-20240622.935.tar
Built swift-mode in 2.824s, finished at 2024-09-16T23:13:07+0000
