Package: switch-window
Fetcher: github
Source:  https://github.com/dimitri/switch-window.git

Updating /mnt/store/melpa/working/switch-window/
Checking out 71ef2f54c97f3fd2e7ff7964d82e6562eb6282f7
Copying files (->) and directories (=>)
  from /mnt/store/melpa/working/switch-window/
  to /tmp/switch-windowRw0qcr/switch-window-20220812.2137
    switch-window-asciiart.el -> switch-window-asciiart.el
    switch-window-mvborder.el -> switch-window-mvborder.el
    switch-window.el -> switch-window.el
Created switch-window-20220812.2137.tar containing:
  switch-window-20220812.2137/
  switch-window-20220812.2137/switch-window-asciiart.el
  switch-window-20220812.2137/switch-window-mvborder.el
  switch-window-20220812.2137/switch-window-pkg.el
  switch-window-20220812.2137/switch-window.el
 ✓ Success:
  2024-09-15T00:07:38+0000  switch-window-20220812.2137.entry
  2024-09-15T00:07:37+0000  switch-window-20220812.2137.tar
Built switch-window in 5.313s, finished at 2024-09-15T00:07:40+0000
