Package: swoop
Fetcher: github
Source:  https://github.com/emacsorphanage/swoop.git

Updating /mnt/store/melpa/working/swoop/
Checking out 828ae0f17f3beaea50ee66d06c500f4847ccc7dd
Copying files (->) and directories (=>)
  from /mnt/store/melpa/working/swoop/
  to /tmp/swoopqD3Cog/swoop-20200618.905
    swoop-edit.el -> swoop-edit.el
    swoop-lib.el -> swoop-lib.el
    swoop.el -> swoop.el
Created swoop-20200618.905.tar containing:
  swoop-20200618.905/
  swoop-20200618.905/swoop-edit.el
  swoop-20200618.905/swoop-lib.el
  swoop-20200618.905/swoop-pkg.el
  swoop-20200618.905/swoop.el
 ✓ Success:
  2024-01-01T07:09:43+0000  swoop-20200618.905.entry
  2024-01-01T07:09:43+0000  swoop-20200618.905.tar
Built swoop in 6.337s, finished at 2024-01-01T07:09:46+0000
