Package: symbols-outline
Fetcher: github
Source:  https://github.com/liushihao456/symbols-outline.el

Updating /mnt/store/melpa/working/symbols-outline/
Checking out 6579f284c6d22336b99fd5cba8803b6a5f0a1f90
Copying files (->) and directories (=>)
  from /mnt/store/melpa/working/symbols-outline/
  to /tmp/symbols-outlineUjoNVY/symbols-outline-20250711.608
    symbols-outline-ctags.el -> symbols-outline-ctags.el
    symbols-outline-follow-mode.el -> symbols-outline-follow-mode.el
    symbols-outline-lsp.el -> symbols-outline-lsp.el
    symbols-outline-nerd-icon.el -> symbols-outline-nerd-icon.el
    symbols-outline-node.el -> symbols-outline-node.el
    symbols-outline-svg-icon.el -> symbols-outline-svg-icon.el
    symbols-outline.el -> symbols-outline.el
    icons => icons
Created symbols-outline-20250711.608.tar containing:
  symbols-outline-20250711.608/
  symbols-outline-20250711.608/icons/
  symbols-outline-20250711.608/icons/alias.svg
  symbols-outline-20250711.608/icons/annotation.svg
  symbols-outline-20250711.608/icons/array.svg
  symbols-outline-20250711.608/icons/boolean.svg
  symbols-outline-20250711.608/icons/chapter.svg
  symbols-outline-20250711.608/icons/chevron-down.svg
  symbols-outline-20250711.608/icons/chevron-right.svg
  symbols-outline-20250711.608/icons/class.svg
  symbols-outline-20250711.608/icons/const.svg
  symbols-outline-20250711.608/icons/constant.svg
  symbols-outline-20250711.608/icons/constructor.svg
  symbols-outline-20250711.608/icons/custom.svg
  symbols-outline-20250711.608/icons/derivedMode.svg
  symbols-outline-20250711.608/icons/enum.svg
  symbols-outline-20250711.608/icons/enumerator.svg
  symbols-outline-20250711.608/icons/enummember.svg
  symbols-outline-20250711.608/icons/error.svg
  symbols-outline-20250711.608/icons/event.svg
  symbols-outline-20250711.608/icons/externvar.svg
  symbols-outline-20250711.608/icons/face.svg
  symbols-outline-20250711.608/icons/field.svg
  symbols-outline-20250711.608/icons/file.svg
  symbols-outline-20250711.608/icons/function.svg
  symbols-outline-20250711.608/icons/group.svg
  symbols-outline-20250711.608/icons/inline.svg
  symbols-outline-20250711.608/icons/interface.svg
  symbols-outline-20250711.608/icons/key.svg
  symbols-outline-20250711.608/icons/l4subsection.svg
  symbols-outline-20250711.608/icons/l5subsection.svg
  symbols-outline-20250711.608/icons/local.svg
  symbols-outline-20250711.608/icons/macro.svg
  symbols-outline-20250711.608/icons/macroparam.svg
  symbols-outline-20250711.608/icons/majorMode.svg
  symbols-outline-20250711.608/icons/member.svg
  symbols-outline-20250711.608/icons/method.svg
  symbols-outline-20250711.608/icons/minorMode.svg
  symbols-outline-20250711.608/icons/misc.svg
  symbols-outline-20250711.608/icons/module.svg
  symbols-outline-20250711.608/icons/namespace.svg
  symbols-outline-20250711.608/icons/null.svg
  symbols-outline-20250711.608/icons/number.svg
  symbols-outline-20250711.608/icons/object.svg
  symbols-outline-20250711.608/icons/operator.svg
  symbols-outline-20250711.608/icons/package.svg
  symbols-outline-20250711.608/icons/parameter.svg
  symbols-outline-20250711.608/icons/part.svg
  symbols-outline-20250711.608/icons/property.svg
  symbols-outline-20250711.608/icons/prototype.svg
  symbols-outline-20250711.608/icons/section.svg
  symbols-outline-20250711.608/icons/string.svg
  symbols-outline-20250711.608/icons/struct.svg
  symbols-outline-20250711.608/icons/subsection.svg
  symbols-outline-20250711.608/icons/subst.svg
  symbols-outline-20250711.608/icons/subsubsection.svg
  symbols-outline-20250711.608/icons/tag.svg
  symbols-outline-20250711.608/icons/tparam.svg
  symbols-outline-20250711.608/icons/typedef.svg
  symbols-outline-20250711.608/icons/typeparameter.svg
  symbols-outline-20250711.608/icons/union.svg
  symbols-outline-20250711.608/icons/unknown.svg
  symbols-outline-20250711.608/icons/using.svg
  symbols-outline-20250711.608/icons/variable.svg
  symbols-outline-20250711.608/symbols-outline-ctags.el
  symbols-outline-20250711.608/symbols-outline-follow-mode.el
  symbols-outline-20250711.608/symbols-outline-lsp.el
  symbols-outline-20250711.608/symbols-outline-nerd-icon.el
  symbols-outline-20250711.608/symbols-outline-node.el
  symbols-outline-20250711.608/symbols-outline-pkg.el
  symbols-outline-20250711.608/symbols-outline-svg-icon.el
  symbols-outline-20250711.608/symbols-outline.el
 ✓ Success:
  2025-07-13T23:55:52+0000  symbols-outline-20250711.608.entry
  2025-07-13T23:55:52+0000  symbols-outline-20250711.608.tar
Built symbols-outline in 3.539s, finished at 2025-07-13T23:55:53+0000
