Package: syncthing
Fetcher: github
Source:  https://github.com/KeyWeeUsr/emacs-syncthing

Updating /mnt/store/melpa/working/syncthing/
Checking out 70569dd11762125205015b0e59638c6b1683f0f5
Copying files (->) and directories (=>)
  from /mnt/store/melpa/working/syncthing/
  to /tmp/syncthingeIQ8xp/syncthing-20241126.247
    syncthing-common.el -> syncthing-common.el
    syncthing-constants.el -> syncthing-constants.el
    syncthing-custom.el -> syncthing-custom.el
    syncthing-draw.el -> syncthing-draw.el
    syncthing-errors.el -> syncthing-errors.el
    syncthing-faces.el -> syncthing-faces.el
    syncthing-groups.el -> syncthing-groups.el
    syncthing-keyboard.el -> syncthing-keyboard.el
    syncthing-network.el -> syncthing-network.el
    syncthing-state.el -> syncthing-state.el
    syncthing-themes.el -> syncthing-themes.el
    syncthing-update.el -> syncthing-update.el
    syncthing-watcher.el -> syncthing-watcher.el
    syncthing-widgets.el -> syncthing-widgets.el
    syncthing.el -> syncthing.el
Created syncthing-20241126.247.tar containing:
  syncthing-20241126.247/
  syncthing-20241126.247/syncthing-common.el
  syncthing-20241126.247/syncthing-constants.el
  syncthing-20241126.247/syncthing-custom.el
  syncthing-20241126.247/syncthing-draw.el
  syncthing-20241126.247/syncthing-errors.el
  syncthing-20241126.247/syncthing-faces.el
  syncthing-20241126.247/syncthing-groups.el
  syncthing-20241126.247/syncthing-keyboard.el
  syncthing-20241126.247/syncthing-network.el
  syncthing-20241126.247/syncthing-pkg.el
  syncthing-20241126.247/syncthing-state.el
  syncthing-20241126.247/syncthing-themes.el
  syncthing-20241126.247/syncthing-update.el
  syncthing-20241126.247/syncthing-watcher.el
  syncthing-20241126.247/syncthing-widgets.el
  syncthing-20241126.247/syncthing.el
 ✓ Success:
  2024-11-27T23:43:50+0000  syncthing-20241126.247.entry
  2024-11-27T23:43:50+0000  syncthing-20241126.247.tar
Built syncthing in 3.257s, finished at 2024-11-27T23:43:51+0000
