Package: synosaurus
Fetcher: github
Source:  https://github.com/hpdeifel/synosaurus

Updating /mnt/store/melpa/working/synosaurus/
Checking out 690755ce88a50e65ab0441ce9aabe6341aae3964
Copying files (->) and directories (=>)
  from /mnt/store/melpa/working/synosaurus/
  to /tmp/synosaurusbWubxy/synosaurus-20250113.2057
    synosaurus-openthesaurus.el -> synosaurus-openthesaurus.el
    synosaurus-wordnet.el -> synosaurus-wordnet.el
    synosaurus.el -> synosaurus.el
Created synosaurus-20250113.2057.tar containing:
  synosaurus-20250113.2057/
  synosaurus-20250113.2057/synosaurus-openthesaurus.el
  synosaurus-20250113.2057/synosaurus-pkg.el
  synosaurus-20250113.2057/synosaurus-wordnet.el
  synosaurus-20250113.2057/synosaurus.el
 ✓ Success:
  2025-02-23T22:22:27+0000  synosaurus-20250113.2057.entry
  2025-02-23T22:22:27+0000  synosaurus-20250113.2057.tar
Built synosaurus in 5.282s, finished at 2025-02-23T22:22:29+0000
