Package: syslog-mode
Fetcher: github
Source:  https://github.com/vapniks/syslog-mode

Updating /mnt/store/melpa/working/syslog-mode/
Checking out 3972f7e6697c052b293a8b090f08a94bf7296729
Copying files (->) and directories (=>)
  from /mnt/store/melpa/working/syslog-mode/
  to /tmp/syslog-modewhiYAY/syslog-mode-20240818.2215
    make_notes.el -> make_notes.el
    strace_notes.el -> strace_notes.el
    syslog-mode.el -> syslog-mode.el
    syslog_notes.el -> syslog_notes.el
Created syslog-mode-20240818.2215.tar containing:
  syslog-mode-20240818.2215/
  syslog-mode-20240818.2215/make_notes.el
  syslog-mode-20240818.2215/strace_notes.el
  syslog-mode-20240818.2215/syslog-mode-pkg.el
  syslog-mode-20240818.2215/syslog-mode.el
  syslog-mode-20240818.2215/syslog_notes.el
 ✓ Success:
  2025-01-20T23:10:37+0000  syslog-mode-20240818.2215.entry
  2025-01-20T23:10:37+0000  syslog-mode-20240818.2215.tar
Built syslog-mode in 3.089s, finished at 2025-01-20T23:10:38+0000
