Package: systemd
Fetcher: github
Source:  https://github.com/holomorph/systemd-mode

Updating /mnt/store/melpa/working/systemd/
Checking out 8742607120fbc440821acbc351fda1e8e68a8806
Copying files (->) and directories (=>)
  from /mnt/store/melpa/working/systemd/
  to /tmp/systemd0q7SYA/systemd-20230201.302
    systemd.el -> systemd.el
    network-directives.txt -> network-directives.txt
    nspawn-directives.txt -> nspawn-directives.txt
    unit-directives.txt -> unit-directives.txt
Created systemd-20230201.302.tar containing:
  systemd-20230201.302/
  systemd-20230201.302/network-directives.txt
  systemd-20230201.302/nspawn-directives.txt
  systemd-20230201.302/systemd-pkg.el
  systemd-20230201.302/systemd.el
  systemd-20230201.302/unit-directives.txt
 ✓ Success:
  2025-02-14T22:48:19+0000  systemd-20230201.302.entry
  2025-02-14T22:48:19+0000  systemd-20230201.302.tar
Built systemd in 3.196s, finished at 2025-02-14T22:48:20+0000
