Package: tabbar
Fetcher: github
Source:  https://github.com/dholm/tabbar.git

Updating /mnt/store/melpa/working/tabbar/
Checking out 82bbda31cbe8ef367dd6501c3aa14b7f2c835910
Copying files (->) and directories (=>)
  from /mnt/store/melpa/working/tabbar/
  to /tmp/tabbarIxqJlI/tabbar-20180726.1735
    tabbar.el -> tabbar.el
    down.png -> down.png
    up.png -> up.png
Created tabbar-20180726.1735.tar containing:
  tabbar-20180726.1735/
  tabbar-20180726.1735/down.png
  tabbar-20180726.1735/tabbar-pkg.el
  tabbar-20180726.1735/tabbar.el
  tabbar-20180726.1735/up.png
 ✓ Success:
  2024-05-19T23:58:56+0000  tabbar-20180726.1735.entry
  2024-05-19T23:58:56+0000  tabbar-20180726.1735.tar
Built tabbar in 4.428s, finished at 2024-05-19T23:58:58+0000
