Package: tao-theme
Fetcher: github
Source:  https://github.com/11111000000/tao-theme-emacs.git

Updating /mnt/store/melpa/working/tao-theme/
Checking out 593494030bc7651efff0c79c62d5e21d3fd54f4f
Copying files (->) and directories (=>)
  from /mnt/store/melpa/working/tao-theme/
  to /tmp/tao-themekztCtS/tao-theme-20231117.1840
    tao-theme-emacs-autoloads.el -> tao-theme-emacs-autoloads.el
    tao-theme-emacs-pkg.el -> tao-theme-emacs-pkg.el
    tao-theme-pkg.el -> tao-theme-pkg.el
    tao-theme.el -> tao-theme.el
    tao-yang-theme.el -> tao-yang-theme.el
    tao-yin-theme.el -> tao-yin-theme.el
Created tao-theme-20231117.1840.tar containing:
  tao-theme-20231117.1840/
  tao-theme-20231117.1840/tao-theme-emacs-autoloads.el
  tao-theme-20231117.1840/tao-theme-emacs-pkg.el
  tao-theme-20231117.1840/tao-theme-pkg.el
  tao-theme-20231117.1840/tao-theme.el
  tao-theme-20231117.1840/tao-yang-theme.el
  tao-theme-20231117.1840/tao-yin-theme.el
 ✓ Success:
  2024-01-15T07:09:44+0000  tao-theme-20231117.1840.entry
  2024-01-15T07:09:44+0000  tao-theme-20231117.1840.tar
Built tao-theme in 4.168s, finished at 2024-01-15T07:09:46+0000
