Package: term-alert
Fetcher: github
Source:  https://github.com/calliecameron/term-alert.git

Updating /mnt/store/melpa/working/term-alert/
Checking out 8e7e744773e41355bcd9f5c911001be08bc79bec
Copying files (->) and directories (=>)
  from /mnt/store/melpa/working/term-alert/
  to /tmp/term-alerty1qZ9L/term-alert-20230407.1715
    term-alert-pkg.el -> term-alert-pkg.el
    term-alert.el -> term-alert.el
    setup => setup
Created term-alert-20230407.1715.tar containing:
  term-alert-20230407.1715/
  term-alert-20230407.1715/setup/
  term-alert-20230407.1715/setup/setup.bash
  term-alert-20230407.1715/setup/setup.zsh
  term-alert-20230407.1715/term-alert-pkg.el
  term-alert-20230407.1715/term-alert.el
 ✓ Success:
  2024-09-12T00:34:57+0000  term-alert-20230407.1715.entry
  2024-09-12T00:34:57+0000  term-alert-20230407.1715.tar
Built term-alert in 2.871s, finished at 2024-09-12T00:34:58+0000
