Package: term-cmd
Fetcher: github
Source:  https://github.com/calliecameron/term-cmd

Updating /mnt/store/melpa/working/term-cmd/
Checking out 26c5a8cb6b55ac0d6c6bc08f6ea1b1e53f6e2654
Copying files (->) and directories (=>)
  from /mnt/store/melpa/working/term-cmd/
  to /tmp/term-cmddUMLWk/term-cmd-20230407.1704
    term-cmd-pkg.el -> term-cmd-pkg.el
    term-cmd.el -> term-cmd.el
    bin => bin
Created term-cmd-20230407.1704.tar containing:
  term-cmd-20230407.1704/
  term-cmd-20230407.1704/bin/
  term-cmd-20230407.1704/bin/emacs-term-cmd
  term-cmd-20230407.1704/term-cmd-pkg.el
  term-cmd-20230407.1704/term-cmd.el
 ✓ Success:
  2024-10-01T00:01:08+0000  term-cmd-20230407.1704.entry
  2024-10-01T00:01:08+0000  term-cmd-20230407.1704.tar
Built term-cmd in 2.933s, finished at 2024-10-01T00:01:09+0000
