Package: tide
Fetcher: github
Source:  https://github.com/ananthakumaran/tide.git

Updating /mnt/store/melpa/working/tide/
Checking out b38dfc3f8fb754e64e48e76fc92d472cb3d1a3dc
Copying files (->) and directories (=>)
  from /mnt/store/melpa/working/tide/
  to /tmp/tide6gLlQe/tide-20230620.1444
    tide-lv.el -> tide-lv.el
    tide.el -> tide.el
    tsserver => tsserver
Created tide-20230620.1444.tar containing:
  tide-20230620.1444/
  tide-20230620.1444/tide-lv.el
  tide-20230620.1444/tide-pkg.el
  tide-20230620.1444/tide.el
  tide-20230620.1444/tsserver/
  tide-20230620.1444/tsserver/lib.core.d.ts
  tide-20230620.1444/tsserver/lib.core.es6.d.ts
  tide-20230620.1444/tsserver/lib.d.ts
  tide-20230620.1444/tsserver/lib.decorators.d.ts
  tide-20230620.1444/tsserver/lib.decorators.legacy.d.ts
  tide-20230620.1444/tsserver/lib.dom.d.ts
  tide-20230620.1444/tsserver/lib.dom.iterable.d.ts
  tide-20230620.1444/tsserver/lib.es2015.collection.d.ts
  tide-20230620.1444/tsserver/lib.es2015.core.d.ts
  tide-20230620.1444/tsserver/lib.es2015.d.ts
  tide-20230620.1444/tsserver/lib.es2015.generator.d.ts
  tide-20230620.1444/tsserver/lib.es2015.iterable.d.ts
  tide-20230620.1444/tsserver/lib.es2015.promise.d.ts
  tide-20230620.1444/tsserver/lib.es2015.proxy.d.ts
  tide-20230620.1444/tsserver/lib.es2015.reflect.d.ts
  tide-20230620.1444/tsserver/lib.es2015.symbol.d.ts
  tide-20230620.1444/tsserver/lib.es2015.symbol.wellknown.d.ts
  tide-20230620.1444/tsserver/lib.es2016.array.include.d.ts
  tide-20230620.1444/tsserver/lib.es2016.d.ts
  tide-20230620.1444/tsserver/lib.es2016.full.d.ts
  tide-20230620.1444/tsserver/lib.es2017.d.ts
  tide-20230620.1444/tsserver/lib.es2017.full.d.ts
  tide-20230620.1444/tsserver/lib.es2017.intl.d.ts
  tide-20230620.1444/tsserver/lib.es2017.object.d.ts
  tide-20230620.1444/tsserver/lib.es2017.sharedmemory.d.ts
  tide-20230620.1444/tsserver/lib.es2017.string.d.ts
  tide-20230620.1444/tsserver/lib.es2017.typedarrays.d.ts
  tide-20230620.1444/tsserver/lib.es2018.asyncgenerator.d.ts
  tide-20230620.1444/tsserver/lib.es2018.asynciterable.d.ts
  tide-20230620.1444/tsserver/lib.es2018.d.ts
  tide-20230620.1444/tsserver/lib.es2018.full.d.ts
  tide-20230620.1444/tsserver/lib.es2018.intl.d.ts
  tide-20230620.1444/tsserver/lib.es2018.promise.d.ts
  tide-20230620.1444/tsserver/lib.es2018.regexp.d.ts
  tide-20230620.1444/tsserver/lib.es2019.array.d.ts
  tide-20230620.1444/tsserver/lib.es2019.d.ts
  tide-20230620.1444/tsserver/lib.es2019.full.d.ts
  tide-20230620.1444/tsserver/lib.es2019.intl.d.ts
  tide-20230620.1444/tsserver/lib.es2019.object.d.ts
  tide-20230620.1444/tsserver/lib.es2019.string.d.ts
  tide-20230620.1444/tsserver/lib.es2019.symbol.d.ts
  tide-20230620.1444/tsserver/lib.es2020.bigint.d.ts
  tide-20230620.1444/tsserver/lib.es2020.d.ts
  tide-20230620.1444/tsserver/lib.es2020.date.d.ts
  tide-20230620.1444/tsserver/lib.es2020.full.d.ts
  tide-20230620.1444/tsserver/lib.es2020.intl.d.ts
  tide-20230620.1444/tsserver/lib.es2020.number.d.ts
  tide-20230620.1444/tsserver/lib.es2020.promise.d.ts
  tide-20230620.1444/tsserver/lib.es2020.sharedmemory.d.ts
  tide-20230620.1444/tsserver/lib.es2020.string.d.ts
  tide-20230620.1444/tsserver/lib.es2020.symbol.wellknown.d.ts
  tide-20230620.1444/tsserver/lib.es2021.d.ts
  tide-20230620.1444/tsserver/lib.es2021.full.d.ts
  tide-20230620.1444/tsserver/lib.es2021.intl.d.ts
  tide-20230620.1444/tsserver/lib.es2021.promise.d.ts
  tide-20230620.1444/tsserver/lib.es2021.string.d.ts
  tide-20230620.1444/tsserver/lib.es2021.weakref.d.ts
  tide-20230620.1444/tsserver/lib.es2022.array.d.ts
  tide-20230620.1444/tsserver/lib.es2022.d.ts
  tide-20230620.1444/tsserver/lib.es2022.error.d.ts
  tide-20230620.1444/tsserver/lib.es2022.full.d.ts
  tide-20230620.1444/tsserver/lib.es2022.intl.d.ts
  tide-20230620.1444/tsserver/lib.es2022.object.d.ts
  tide-20230620.1444/tsserver/lib.es2022.regexp.d.ts
  tide-20230620.1444/tsserver/lib.es2022.sharedmemory.d.ts
  tide-20230620.1444/tsserver/lib.es2022.string.d.ts
  tide-20230620.1444/tsserver/lib.es2023.array.d.ts
  tide-20230620.1444/tsserver/lib.es2023.d.ts
  tide-20230620.1444/tsserver/lib.es2023.full.d.ts
  tide-20230620.1444/tsserver/lib.es5.d.ts
  tide-20230620.1444/tsserver/lib.es6.d.ts
  tide-20230620.1444/tsserver/lib.esnext.array.d.ts
  tide-20230620.1444/tsserver/lib.esnext.asynciterable.d.ts
  tide-20230620.1444/tsserver/lib.esnext.bigint.d.ts
  tide-20230620.1444/tsserver/lib.esnext.d.ts
  tide-20230620.1444/tsserver/lib.esnext.full.d.ts
  tide-20230620.1444/tsserver/lib.esnext.intl.d.ts
  tide-20230620.1444/tsserver/lib.esnext.promise.d.ts
  tide-20230620.1444/tsserver/lib.esnext.string.d.ts
  tide-20230620.1444/tsserver/lib.esnext.symbol.d.ts
  tide-20230620.1444/tsserver/lib.esnext.weakref.d.ts
  tide-20230620.1444/tsserver/lib.scripthost.d.ts
  tide-20230620.1444/tsserver/lib.webworker.d.ts
  tide-20230620.1444/tsserver/lib.webworker.importscripts.d.ts
  tide-20230620.1444/tsserver/lib.webworker.iterable.d.ts
  tide-20230620.1444/tsserver/tsconfig.json
  tide-20230620.1444/tsserver/tsserver.js
  tide-20230620.1444/tsserver/typingsInstaller.js
 ✓ Success:
  2024-08-29T23:45:05+0000  tide-20230620.1444.entry
  2024-08-29T23:45:04+0000  tide-20230620.1444.tar
Built tide in 3.226s, finished at 2024-08-29T23:45:06+0000
