Package: timonier
Fetcher: github
Source:  https://github.com/nlamirault/timonier.git

Updating /mnt/store/melpa/working/timonier/
Checking out 3460a878269424c8d19b7d5d8e04749d0a8bf203
Copying files (->) and directories (=>)
  from /mnt/store/melpa/working/timonier/
  to /tmp/timonierb0IqQm/timonier-20170411.800
    timonier-custom.el -> timonier-custom.el
    timonier-io.el -> timonier-io.el
    timonier-k8s.el -> timonier-k8s.el
    timonier-mode.el -> timonier-mode.el
    timonier-utils.el -> timonier-utils.el
    timonier-version.el -> timonier-version.el
    timonier.el -> timonier.el
Created timonier-20170411.800.tar containing:
  timonier-20170411.800/
  timonier-20170411.800/timonier-custom.el
  timonier-20170411.800/timonier-io.el
  timonier-20170411.800/timonier-k8s.el
  timonier-20170411.800/timonier-mode.el
  timonier-20170411.800/timonier-pkg.el
  timonier-20170411.800/timonier-utils.el
  timonier-20170411.800/timonier-version.el
  timonier-20170411.800/timonier.el
 ✓ Success:
  2024-01-13T07:54:16+0000  timonier-20170411.800.entry
  2024-01-13T07:54:16+0000  timonier-20170411.800.tar
Built timonier in 6.311s, finished at 2024-01-13T07:54:19+0000
