Package: timp
Fetcher: github
Source:  https://github.com/mola-T/timp.git

Updating /mnt/store/melpa/working/timp/
Checking out 59657bf603904635d88c3fe4ff1ce45ee6572428
Copying files (->) and directories (=>)
  from /mnt/store/melpa/working/timp/
  to /tmp/timpXzeG7x/timp-20160618.803
    timp-packet.el -> timp-packet.el
    timp-server.el -> timp-server.el
    timp-socket.el -> timp-socket.el
    timp.el -> timp.el
Created timp-20160618.803.tar containing:
  timp-20160618.803/
  timp-20160618.803/timp-packet.el
  timp-20160618.803/timp-pkg.el
  timp-20160618.803/timp-server.el
  timp-20160618.803/timp-socket.el
  timp-20160618.803/timp.el
 ✓ Success:
  2024-01-08T23:22:24+0000  timp-20160618.803.entry
  2024-01-08T23:22:24+0000  timp-20160618.803.tar
Built timp in 3.147s, finished at 2024-01-08T23:22:25+0000
