Package: timu-spacegrey-theme
Fetcher: gitlab
Source:  https://gitlab.com/aimebertrand/timu-spacegrey-theme

Updating /mnt/store/melpa/working/timu-spacegrey-theme/
Checking out a90616ae0b110920c8be134cb7ffacee75552ac7
Copying files (->) and directories (=>)
  from /mnt/store/melpa/working/timu-spacegrey-theme/
  to /tmp/timu-spacegrey-themekgRrwW/timu-spacegrey-theme-20250410.2248
    timu-spacegrey-theme.el -> timu-spacegrey-theme.el
    timu-spacegrey-theme.info -> timu-spacegrey-theme.info
Created timu-spacegrey-theme-20250410.2248.tar containing:
  timu-spacegrey-theme-20250410.2248/
  timu-spacegrey-theme-20250410.2248/dir
  timu-spacegrey-theme-20250410.2248/timu-spacegrey-theme-pkg.el
  timu-spacegrey-theme-20250410.2248/timu-spacegrey-theme.el
  timu-spacegrey-theme-20250410.2248/timu-spacegrey-theme.info
 ✓ Success:
  2025-08-18T01:56:00+0000  timu-spacegrey-theme-20250410.2248.entry
  2025-08-18T01:56:00+0000  timu-spacegrey-theme-20250410.2248.tar
Built timu-spacegrey-theme in 6.170s, finished at 2025-08-18T01:56:01+0000
