Package: tmsu
Fetcher: github
Source:  https://github.com/vifon/tmsu.el.git

Updating /mnt/store/melpa/working/tmsu/
Checking out 46e0c960629c82c090f42c196876aaf4d6edff1a
Copying files (->) and directories (=>)
  from /mnt/store/melpa/working/tmsu/
  to /tmp/tmsu6gV25h/tmsu-20240421.1056
    tmsu-dired-overlay.el -> tmsu-dired-overlay.el
    tmsu-dired.el -> tmsu-dired.el
    tmsu.el -> tmsu.el
Created tmsu-20240421.1056.tar containing:
  tmsu-20240421.1056/
  tmsu-20240421.1056/tmsu-dired-overlay.el
  tmsu-20240421.1056/tmsu-dired.el
  tmsu-20240421.1056/tmsu-pkg.el
  tmsu-20240421.1056/tmsu.el
 ✓ Success:
  2024-08-13T22:45:06+0000  tmsu-20240421.1056.entry
  2024-08-13T22:45:06+0000  tmsu-20240421.1056.tar
Built tmsu in 3.250s, finished at 2024-08-13T22:45:07+0000
