Package: tomatinho
Fetcher: github
Source:  https://github.com/konr/tomatinho.git

Updating /mnt/store/melpa/working/tomatinho/
Checking out b53354b9b9f496c0388d6a573b06b7d6fc53d0bd
Copying files (->) and directories (=>)
  from /mnt/store/melpa/working/tomatinho/
  to /tmp/tomatinhoSQP5nA/tomatinho-20180621.1748
    tomatinho.el -> tomatinho.el
    tick.wav -> tick.wav
    tack.wav -> tack.wav
Created tomatinho-20180621.1748.tar containing:
  tomatinho-20180621.1748/
  tomatinho-20180621.1748/tack.wav
  tomatinho-20180621.1748/tick.wav
  tomatinho-20180621.1748/tomatinho-pkg.el
  tomatinho-20180621.1748/tomatinho.el
 ✓ Success:
  2024-02-17T23:38:45+0000  tomatinho-20180621.1748.entry
  2024-02-17T23:38:45+0000  tomatinho-20180621.1748.tar
Built tomatinho in 1.971s, finished at 2024-02-17T23:38:46+0000
