Package: travis
Fetcher: github
Source:  https://github.com/nlamirault/emacs-travis.git

Updating /mnt/store/melpa/working/travis/
Checking out c8769d3db10ed4604969049e3bd276afa0a0138e
Copying files (->) and directories (=>)
  from /mnt/store/melpa/working/travis/
  to /tmp/travis2Ky4r3/travis-20150825.1138
    travis-api.el -> travis-api.el
    travis-auth.el -> travis-auth.el
    travis-builds.el -> travis-builds.el
    travis-mode.el -> travis-mode.el
    travis-repos.el -> travis-repos.el
    travis-ui.el -> travis-ui.el
    travis-users.el -> travis-users.el
    travis-utils.el -> travis-utils.el
    travis-version.el -> travis-version.el
    travis.el -> travis.el
Created travis-20150825.1138.tar containing:
  travis-20150825.1138/
  travis-20150825.1138/travis-api.el
  travis-20150825.1138/travis-auth.el
  travis-20150825.1138/travis-builds.el
  travis-20150825.1138/travis-mode.el
  travis-20150825.1138/travis-pkg.el
  travis-20150825.1138/travis-repos.el
  travis-20150825.1138/travis-ui.el
  travis-20150825.1138/travis-users.el
  travis-20150825.1138/travis-utils.el
  travis-20150825.1138/travis-version.el
  travis-20150825.1138/travis.el
 ✓ Success:
  2024-02-05T14:48:53+0000  travis-20150825.1138.entry
  2024-02-05T14:48:53+0000  travis-20150825.1138.tar
Built travis in 1.923s, finished at 2024-02-05T14:48:54+0000
