Package: treemacs
Fetcher: github
Source:  https://github.com/Alexander-Miller/treemacs

Updating /mnt/store/melpa/working/treemacs/
Checking out 32bb3dd02ddfca85661614b3b227e770fab821e2
Copying files (->) and directories (=>)
  from /mnt/store/melpa/working/treemacs/
  to /tmp/treemacsG8oLk0/treemacs-20250105.1321
    Changelog.org -> Changelog.org
    icons => icons
  ! src/elisp/treemacs-annotations.el -> treemacs-annotations.el
  ! src/elisp/treemacs-async.el -> treemacs-async.el
  ! src/elisp/treemacs-bookmarks.el -> treemacs-bookmarks.el
  ! src/elisp/treemacs-compatibility.el -> treemacs-compatibility.el
  ! src/elisp/treemacs-core-utils.el -> treemacs-core-utils.el
  ! src/elisp/treemacs-customization.el -> treemacs-customization.el
  ! src/elisp/treemacs-diagnostics.el -> treemacs-diagnostics.el
  ! src/elisp/treemacs-dom.el -> treemacs-dom.el
  ! src/elisp/treemacs-extensions.el -> treemacs-extensions.el
  ! src/elisp/treemacs-faces.el -> treemacs-faces.el
  ! src/elisp/treemacs-file-management.el -> treemacs-file-management.el
  ! src/elisp/treemacs-filewatch-mode.el -> treemacs-filewatch-mode.el
  ! src/elisp/treemacs-follow-mode.el -> treemacs-follow-mode.el
  ! src/elisp/treemacs-fringe-indicator.el -> treemacs-fringe-indicator.el
  ! src/elisp/treemacs-git-commit-diff-mode.el -> treemacs-git-commit-diff-mode.el
  ! src/elisp/treemacs-header-line.el -> treemacs-header-line.el
  ! src/elisp/treemacs-hydras.el -> treemacs-hydras.el
  ! src/elisp/treemacs-icons.el -> treemacs-icons.el
  ! src/elisp/treemacs-interface.el -> treemacs-interface.el
  ! src/elisp/treemacs-logging.el -> treemacs-logging.el
  ! src/elisp/treemacs-macros.el -> treemacs-macros.el
  ! src/elisp/treemacs-mode.el -> treemacs-mode.el
  ! src/elisp/treemacs-mouse-interface.el -> treemacs-mouse-interface.el
  ! src/elisp/treemacs-peek-mode.el -> treemacs-peek-mode.el
  ! src/elisp/treemacs-persistence.el -> treemacs-persistence.el
  ! src/elisp/treemacs-project-follow-mode.el -> treemacs-project-follow-mode.el
  ! src/elisp/treemacs-rendering.el -> treemacs-rendering.el
  ! src/elisp/treemacs-scope.el -> treemacs-scope.el
  ! src/elisp/treemacs-tag-follow-mode.el -> treemacs-tag-follow-mode.el
  ! src/elisp/treemacs-tags.el -> treemacs-tags.el
  ! src/elisp/treemacs-themes.el -> treemacs-themes.el
  ! src/elisp/treemacs-treelib.el -> treemacs-treelib.el
  ! src/elisp/treemacs-visuals.el -> treemacs-visuals.el
  ! src/elisp/treemacs-workspaces.el -> treemacs-workspaces.el
  ! src/elisp/treemacs.el -> treemacs.el
  ! src/scripts/treemacs-count-mail.py -> treemacs-count-mail.py
  ! src/scripts/treemacs-dirs-to-collapse.py -> treemacs-dirs-to-collapse.py
  ! src/scripts/treemacs-find-ignored-files.py -> treemacs-find-ignored-files.py
  ! src/scripts/treemacs-git-commit-diff.py -> treemacs-git-commit-diff.py
  ! src/scripts/treemacs-git-status.py -> treemacs-git-status.py
  ! src/scripts/treemacs-single-file-git-status.py -> treemacs-single-file-git-status.py
Created treemacs-20250105.1321.tar containing:
  treemacs-20250105.1321/
  treemacs-20250105.1321/Changelog.org
  treemacs-20250105.1321/icons/
  treemacs-20250105.1321/icons/default/
  treemacs-20250105.1321/icons/default/asciidoc.png
  treemacs-20250105.1321/icons/default/audio.png
  treemacs-20250105.1321/icons/default/babel.png
  treemacs-20250105.1321/icons/default/bookmark.png
  treemacs-20250105.1321/icons/default/buffer-group-closed.png
  treemacs-20250105.1321/icons/default/buffer-group-open.png
  treemacs-20250105.1321/icons/default/c.png
  treemacs-20250105.1321/icons/default/cabal.png
  treemacs-20250105.1321/icons/default/clojure.png
  treemacs-20250105.1321/icons/default/conf.png
  treemacs-20250105.1321/icons/default/css.png
  treemacs-20250105.1321/icons/default/dart.png
  treemacs-20250105.1321/icons/default/direnv.png
  treemacs-20250105.1321/icons/default/docker.png
  treemacs-20250105.1321/icons/default/elx-light.png
  treemacs-20250105.1321/icons/default/elx.png
  treemacs-20250105.1321/icons/default/emacs.png
  treemacs-20250105.1321/icons/default/erlang.png
  treemacs-20250105.1321/icons/default/error.png
  treemacs-20250105.1321/icons/default/git.png
  treemacs-20250105.1321/icons/default/go.png
  treemacs-20250105.1321/icons/default/gradle.png
  treemacs-20250105.1321/icons/default/haskell.png
  treemacs-20250105.1321/icons/default/html.png
  treemacs-20250105.1321/icons/default/hy.png
  treemacs-20250105.1321/icons/default/image.png
  treemacs-20250105.1321/icons/default/info.png
  treemacs-20250105.1321/icons/default/jar.png
  treemacs-20250105.1321/icons/default/jinja2.png
  treemacs-20250105.1321/icons/default/js.png
  treemacs-20250105.1321/icons/default/json.png
  treemacs-20250105.1321/icons/default/julia.png
  treemacs-20250105.1321/icons/default/kotlin.png
  treemacs-20250105.1321/icons/default/ledger.png
  treemacs-20250105.1321/icons/default/lock.png
  treemacs-20250105.1321/icons/default/markdown.png
  treemacs-20250105.1321/icons/default/nix.png
  treemacs-20250105.1321/icons/default/ocaml.png
  treemacs-20250105.1321/icons/default/pdf.png
  treemacs-20250105.1321/icons/default/php.png
  treemacs-20250105.1321/icons/default/project.png
  treemacs-20250105.1321/icons/default/puppet.png
  treemacs-20250105.1321/icons/default/purescript.png
  treemacs-20250105.1321/icons/default/python.png
  treemacs-20250105.1321/icons/default/racket.png
  treemacs-20250105.1321/icons/default/rust.png
  treemacs-20250105.1321/icons/default/sbt.png
  treemacs-20250105.1321/icons/default/scala.png
  treemacs-20250105.1321/icons/default/scons.png
  treemacs-20250105.1321/icons/default/shell.png
  treemacs-20250105.1321/icons/default/svgrepo/
  treemacs-20250105.1321/icons/default/svgrepo/README.txt
  treemacs-20250105.1321/icons/default/svgrepo/briefcase.png
  treemacs-20250105.1321/icons/default/svgrepo/cal.png
  treemacs-20250105.1321/icons/default/svgrepo/close.png
  treemacs-20250105.1321/icons/default/svgrepo/dir-docs-closed.svg
  treemacs-20250105.1321/icons/default/svgrepo/dir-docs-open.svg
  treemacs-20250105.1321/icons/default/svgrepo/dir-git-closed.png
  treemacs-20250105.1321/icons/default/svgrepo/dir-git-closed.svg
  treemacs-20250105.1321/icons/default/svgrepo/dir-git-open.png
  treemacs-20250105.1321/icons/default/svgrepo/dir-git-open.svg
  treemacs-20250105.1321/icons/default/svgrepo/dir-github-closed.svg
  treemacs-20250105.1321/icons/default/svgrepo/dir-github-open.svg
  treemacs-20250105.1321/icons/default/svgrepo/dir-src-closed.png
  treemacs-20250105.1321/icons/default/svgrepo/dir-src-closed.svg
  treemacs-20250105.1321/icons/default/svgrepo/dir-src-open.png
  treemacs-20250105.1321/icons/default/svgrepo/dir-src-open.svg
  treemacs-20250105.1321/icons/default/svgrepo/dir-test-closed.png
  treemacs-20250105.1321/icons/default/svgrepo/dir-test-closed.svg
  treemacs-20250105.1321/icons/default/svgrepo/dir-test-open.png
  treemacs-20250105.1321/icons/default/svgrepo/dir-test-open.svg
  treemacs-20250105.1321/icons/default/svgrepo/house.png
  treemacs-20250105.1321/icons/default/svgrepo/inbox.png
  treemacs-20250105.1321/icons/default/svgrepo/list.png
  treemacs-20250105.1321/icons/default/svgrepo/mail-plus.png
  treemacs-20250105.1321/icons/default/svgrepo/mail.png
  treemacs-20250105.1321/icons/default/svgrepo/repeat.png
  treemacs-20250105.1321/icons/default/svgrepo/screen.png
  treemacs-20250105.1321/icons/default/svgrepo/suitcase.png
  treemacs-20250105.1321/icons/default/systemd.png
  treemacs-20250105.1321/icons/default/tags-closed.png
  treemacs-20250105.1321/icons/default/tags-leaf.png
  treemacs-20250105.1321/icons/default/tags-open.png
  treemacs-20250105.1321/icons/default/tex.png
  treemacs-20250105.1321/icons/default/ts.png
  treemacs-20250105.1321/icons/default/txt.png
  treemacs-20250105.1321/icons/default/vagrant.png
  treemacs-20250105.1321/icons/default/video.png
  treemacs-20250105.1321/icons/default/vsc/
  treemacs-20250105.1321/icons/default/vsc/README.txt
  treemacs-20250105.1321/icons/default/vsc/access.png
  treemacs-20250105.1321/icons/default/vsc/ai.png
  treemacs-20250105.1321/icons/default/vsc/alaw.png
  treemacs-20250105.1321/icons/default/vsc/angular.png
  treemacs-20250105.1321/icons/default/vsc/ansible.png
  treemacs-20250105.1321/icons/default/vsc/antlr.png
  treemacs-20250105.1321/icons/default/vsc/any.png
  treemacs-20250105.1321/icons/default/vsc/apache.png
  treemacs-20250105.1321/icons/default/vsc/apple.png
  treemacs-20250105.1321/icons/default/vsc/appveyor.png
  treemacs-20250105.1321/icons/default/vsc/arduino.png
  treemacs-20250105.1321/icons/default/vsc/ascript.png
  treemacs-20250105.1321/icons/default/vsc/asm.png
  treemacs-20250105.1321/icons/default/vsc/asp.png
  treemacs-20250105.1321/icons/default/vsc/autohk.png
  treemacs-20250105.1321/icons/default/vsc/babel.png
  treemacs-20250105.1321/icons/default/vsc/bat.png
  treemacs-20250105.1321/icons/default/vsc/bazel.png
  treemacs-20250105.1321/icons/default/vsc/binary.png
  treemacs-20250105.1321/icons/default/vsc/bower.png
  treemacs-20250105.1321/icons/default/vsc/bundler.png
  treemacs-20250105.1321/icons/default/vsc/cargo.png
  treemacs-20250105.1321/icons/default/vsc/cert.png
  treemacs-20250105.1321/icons/default/vsc/cfscript.png
  treemacs-20250105.1321/icons/default/vsc/class.png
  treemacs-20250105.1321/icons/default/vsc/cmake.png
  treemacs-20250105.1321/icons/default/vsc/cobol.png
  treemacs-20250105.1321/icons/default/vsc/cpp.png
  treemacs-20250105.1321/icons/default/vsc/cpph.png
  treemacs-20250105.1321/icons/default/vsc/cucumber.png
  treemacs-20250105.1321/icons/default/vsc/cython.png
  treemacs-20250105.1321/icons/default/vsc/delphi.png
  treemacs-20250105.1321/icons/default/vsc/deps.png
  treemacs-20250105.1321/icons/default/vsc/diff.png
  treemacs-20250105.1321/icons/default/vsc/dir-binary-closed.png
  treemacs-20250105.1321/icons/default/vsc/dir-binary-closed.svg
  treemacs-20250105.1321/icons/default/vsc/dir-binary-open.png
  treemacs-20250105.1321/icons/default/vsc/dir-binary-open.svg
  treemacs-20250105.1321/icons/default/vsc/dir-closed.png
  treemacs-20250105.1321/icons/default/vsc/dir-docs-closed.png
  treemacs-20250105.1321/icons/default/vsc/dir-docs-closed.svg
  treemacs-20250105.1321/icons/default/vsc/dir-docs-open.png
  treemacs-20250105.1321/icons/default/vsc/dir-docs-open.svg
  treemacs-20250105.1321/icons/default/vsc/dir-git-closed.svg
  treemacs-20250105.1321/icons/default/vsc/dir-git-open.svg
  treemacs-20250105.1321/icons/default/vsc/dir-github-closed.png
  treemacs-20250105.1321/icons/default/vsc/dir-github-closed.svg
  treemacs-20250105.1321/icons/default/vsc/dir-github-open.png
  treemacs-20250105.1321/icons/default/vsc/dir-github-open.svg
  treemacs-20250105.1321/icons/default/vsc/dir-images-closed.png
  treemacs-20250105.1321/icons/default/vsc/dir-images-closed.svg
  treemacs-20250105.1321/icons/default/vsc/dir-images-open.png
  treemacs-20250105.1321/icons/default/vsc/dir-images-open.svg
  treemacs-20250105.1321/icons/default/vsc/dir-open.png
  treemacs-20250105.1321/icons/default/vsc/dir-private-closed.png
  treemacs-20250105.1321/icons/default/vsc/dir-private-closed.svg
  treemacs-20250105.1321/icons/default/vsc/dir-private-open.png
  treemacs-20250105.1321/icons/default/vsc/dir-private-open.svg
  treemacs-20250105.1321/icons/default/vsc/dir-public-closed.png
  treemacs-20250105.1321/icons/default/vsc/dir-public-closed.svg
  treemacs-20250105.1321/icons/default/vsc/dir-public-open.png
  treemacs-20250105.1321/icons/default/vsc/dir-public-open.svg
  treemacs-20250105.1321/icons/default/vsc/dir-services-closed.png
  treemacs-20250105.1321/icons/default/vsc/dir-services-closed.svg
  treemacs-20250105.1321/icons/default/vsc/dir-services-open.png
  treemacs-20250105.1321/icons/default/vsc/dir-services-open.svg
  treemacs-20250105.1321/icons/default/vsc/dir-src-closed.svg
  treemacs-20250105.1321/icons/default/vsc/dir-src-open.svg
  treemacs-20250105.1321/icons/default/vsc/dir-temp-closed.png
  treemacs-20250105.1321/icons/default/vsc/dir-temp-closed.svg
  treemacs-20250105.1321/icons/default/vsc/dir-temp-open.png
  treemacs-20250105.1321/icons/default/vsc/dir-temp-open.svg
  treemacs-20250105.1321/icons/default/vsc/dir-test-closed.svg
  treemacs-20250105.1321/icons/default/vsc/dir-test-open.svg
  treemacs-20250105.1321/icons/default/vsc/django.png
  treemacs-20250105.1321/icons/default/vsc/dlang.png
  treemacs-20250105.1321/icons/default/vsc/editorcfg.png
  treemacs-20250105.1321/icons/default/vsc/elm.png
  treemacs-20250105.1321/icons/default/vsc/elx.png
  treemacs-20250105.1321/icons/default/vsc/erb.png
  treemacs-20250105.1321/icons/default/vsc/eslint.png
  treemacs-20250105.1321/icons/default/vsc/excel.png
  treemacs-20250105.1321/icons/default/vsc/font.png
  treemacs-20250105.1321/icons/default/vsc/fortran.png
  treemacs-20250105.1321/icons/default/vsc/fsharp.png
  treemacs-20250105.1321/icons/default/vsc/fsproj.png
  treemacs-20250105.1321/icons/default/vsc/godot.png
  treemacs-20250105.1321/icons/default/vsc/graphql.png
  treemacs-20250105.1321/icons/default/vsc/helm.png
  treemacs-20250105.1321/icons/default/vsc/jar.png
  treemacs-20250105.1321/icons/default/vsc/java.png
  treemacs-20250105.1321/icons/default/vsc/jenkins.png
  treemacs-20250105.1321/icons/default/vsc/jupyter.png
  treemacs-20250105.1321/icons/default/vsc/key.png
  treemacs-20250105.1321/icons/default/vsc/less.png
  treemacs-20250105.1321/icons/default/vsc/license.png
  treemacs-20250105.1321/icons/default/vsc/lisp.png
  treemacs-20250105.1321/icons/default/vsc/locale.png
  treemacs-20250105.1321/icons/default/vsc/log.png
  treemacs-20250105.1321/icons/default/vsc/lua.png
  treemacs-20250105.1321/icons/default/vsc/make.png
  treemacs-20250105.1321/icons/default/vsc/manifest.png
  treemacs-20250105.1321/icons/default/vsc/maven.png
  treemacs-20250105.1321/icons/default/vsc/meson.png
  treemacs-20250105.1321/icons/default/vsc/nginx.png
  treemacs-20250105.1321/icons/default/vsc/nim.png
  treemacs-20250105.1321/icons/default/vsc/npm.png
  treemacs-20250105.1321/icons/default/vsc/org.png
  treemacs-20250105.1321/icons/default/vsc/patch.png
  treemacs-20250105.1321/icons/default/vsc/perl.png
  treemacs-20250105.1321/icons/default/vsc/perl6.png
  treemacs-20250105.1321/icons/default/vsc/pgsql.png
  treemacs-20250105.1321/icons/default/vsc/phpunit.png
  treemacs-20250105.1321/icons/default/vsc/pip.png
  treemacs-20250105.1321/icons/default/vsc/pkg.png
  treemacs-20250105.1321/icons/default/vsc/plsql.png
  treemacs-20250105.1321/icons/default/vsc/pp.png
  treemacs-20250105.1321/icons/default/vsc/prettier.png
  treemacs-20250105.1321/icons/default/vsc/prolog.png
  treemacs-20250105.1321/icons/default/vsc/protobuf.png
  treemacs-20250105.1321/icons/default/vsc/r.png
  treemacs-20250105.1321/icons/default/vsc/rake.png
  treemacs-20250105.1321/icons/default/vsc/reason.png
  treemacs-20250105.1321/icons/default/vsc/root-closed.png
  treemacs-20250105.1321/icons/default/vsc/root-open.png
  treemacs-20250105.1321/icons/default/vsc/ruby.png
  treemacs-20250105.1321/icons/default/vsc/scss.png
  treemacs-20250105.1321/icons/default/vsc/sql.png
  treemacs-20250105.1321/icons/default/vsc/sqlite.png
  treemacs-20250105.1321/icons/default/vsc/swagger.png
  treemacs-20250105.1321/icons/default/vsc/swift.png
  treemacs-20250105.1321/icons/default/vsc/terraform.png
  treemacs-20250105.1321/icons/default/vsc/toml.png
  treemacs-20250105.1321/icons/default/vsc/vim.png
  treemacs-20250105.1321/icons/default/vsc/wasm.png
  treemacs-20250105.1321/icons/default/vsc/xml.png
  treemacs-20250105.1321/icons/default/vsc/yarn.png
  treemacs-20250105.1321/icons/default/vsc/zip.png
  treemacs-20250105.1321/icons/default/vue.png
  treemacs-20250105.1321/icons/default/warning.png
  treemacs-20250105.1321/icons/default/yaml.png
  treemacs-20250105.1321/treemacs-annotations.el
  treemacs-20250105.1321/treemacs-async.el
  treemacs-20250105.1321/treemacs-bookmarks.el
  treemacs-20250105.1321/treemacs-compatibility.el
  treemacs-20250105.1321/treemacs-core-utils.el
  treemacs-20250105.1321/treemacs-count-mail.py
  treemacs-20250105.1321/treemacs-customization.el
  treemacs-20250105.1321/treemacs-diagnostics.el
  treemacs-20250105.1321/treemacs-dirs-to-collapse.py
  treemacs-20250105.1321/treemacs-dom.el
  treemacs-20250105.1321/treemacs-extensions.el
  treemacs-20250105.1321/treemacs-faces.el
  treemacs-20250105.1321/treemacs-file-management.el
  treemacs-20250105.1321/treemacs-filewatch-mode.el
  treemacs-20250105.1321/treemacs-find-ignored-files.py
  treemacs-20250105.1321/treemacs-follow-mode.el
  treemacs-20250105.1321/treemacs-fringe-indicator.el
  treemacs-20250105.1321/treemacs-git-commit-diff-mode.el
  treemacs-20250105.1321/treemacs-git-commit-diff.py
  treemacs-20250105.1321/treemacs-git-status.py
  treemacs-20250105.1321/treemacs-header-line.el
  treemacs-20250105.1321/treemacs-hydras.el
  treemacs-20250105.1321/treemacs-icons.el
  treemacs-20250105.1321/treemacs-interface.el
  treemacs-20250105.1321/treemacs-logging.el
  treemacs-20250105.1321/treemacs-macros.el
  treemacs-20250105.1321/treemacs-mode.el
  treemacs-20250105.1321/treemacs-mouse-interface.el
  treemacs-20250105.1321/treemacs-peek-mode.el
  treemacs-20250105.1321/treemacs-persistence.el
  treemacs-20250105.1321/treemacs-pkg.el
  treemacs-20250105.1321/treemacs-project-follow-mode.el
  treemacs-20250105.1321/treemacs-rendering.el
  treemacs-20250105.1321/treemacs-scope.el
  treemacs-20250105.1321/treemacs-single-file-git-status.py
  treemacs-20250105.1321/treemacs-tag-follow-mode.el
  treemacs-20250105.1321/treemacs-tags.el
  treemacs-20250105.1321/treemacs-themes.el
  treemacs-20250105.1321/treemacs-treelib.el
  treemacs-20250105.1321/treemacs-visuals.el
  treemacs-20250105.1321/treemacs-workspaces.el
  treemacs-20250105.1321/treemacs.el
 ✓ Success:
  2025-02-23T22:25:15+0000  treemacs-20250105.1321.entry
  2025-02-23T22:25:14+0000  treemacs-20250105.1321.tar
Built treemacs in 5.331s, finished at 2025-02-23T22:25:16+0000
