Package: tree-sitter-langs
Fetcher: github
Source:  https://github.com/emacs-tree-sitter/tree-sitter-langs

Updating /mnt/store/melpa/working/tree-sitter-langs/
Checking out a40c676f601c565791568c2966e46a80de0233b7
Copying files (->) and directories (=>)
  from /mnt/store/melpa/working/tree-sitter-langs/
  to /tmp/tree-sitter-langsKyL8eV/tree-sitter-langs-20241211.1232
    tree-sitter-langs-build.el -> tree-sitter-langs-build.el
    tree-sitter-langs.el -> tree-sitter-langs.el
    queries => queries
Created tree-sitter-langs-20241211.1232.tar containing:
  tree-sitter-langs-20241211.1232/
  tree-sitter-langs-20241211.1232/queries/
  tree-sitter-langs-20241211.1232/queries/agda/
  tree-sitter-langs-20241211.1232/queries/agda/highlights.scm
  tree-sitter-langs-20241211.1232/queries/arduino/
  tree-sitter-langs-20241211.1232/queries/arduino/highlights.scm
  tree-sitter-langs-20241211.1232/queries/asm/
  tree-sitter-langs-20241211.1232/queries/asm/highlights.scm
  tree-sitter-langs-20241211.1232/queries/astro/
  tree-sitter-langs-20241211.1232/queries/astro/highlights.scm
  tree-sitter-langs-20241211.1232/queries/bash/
  tree-sitter-langs-20241211.1232/queries/bash/highlights.scm
  tree-sitter-langs-20241211.1232/queries/bibtex/
  tree-sitter-langs-20241211.1232/queries/bibtex/highlights.scm
  tree-sitter-langs-20241211.1232/queries/c/
  tree-sitter-langs-20241211.1232/queries/c/highlights.scm
  tree-sitter-langs-20241211.1232/queries/cmake/
  tree-sitter-langs-20241211.1232/queries/cmake/highlights.scm
  tree-sitter-langs-20241211.1232/queries/cpp/
  tree-sitter-langs-20241211.1232/queries/cpp/highlights.scm
  tree-sitter-langs-20241211.1232/queries/css/
  tree-sitter-langs-20241211.1232/queries/css/highlights.scm
  tree-sitter-langs-20241211.1232/queries/csv/
  tree-sitter-langs-20241211.1232/queries/csv/highlights.scm
  tree-sitter-langs-20241211.1232/queries/dart/
  tree-sitter-langs-20241211.1232/queries/dart/highlights.scm
  tree-sitter-langs-20241211.1232/queries/dockerfile/
  tree-sitter-langs-20241211.1232/queries/dockerfile/highlights.scm
  tree-sitter-langs-20241211.1232/queries/doxygen/
  tree-sitter-langs-20241211.1232/queries/doxygen/highlights.scm
  tree-sitter-langs-20241211.1232/queries/ecma/
  tree-sitter-langs-20241211.1232/queries/ecma/highlights.scm
  tree-sitter-langs-20241211.1232/queries/editorconfig/
  tree-sitter-langs-20241211.1232/queries/editorconfig/highlights.scm
  tree-sitter-langs-20241211.1232/queries/elixir/
  tree-sitter-langs-20241211.1232/queries/elixir/highlights.scm
  tree-sitter-langs-20241211.1232/queries/elm/
  tree-sitter-langs-20241211.1232/queries/elm/highlights.scm
  tree-sitter-langs-20241211.1232/queries/fish/
  tree-sitter-langs-20241211.1232/queries/fish/highlights.scm
  tree-sitter-langs-20241211.1232/queries/gdscript/
  tree-sitter-langs-20241211.1232/queries/gdscript/highlights.scm
  tree-sitter-langs-20241211.1232/queries/git-rebase/
  tree-sitter-langs-20241211.1232/queries/git-rebase/highlights.scm
  tree-sitter-langs-20241211.1232/queries/gitattributes/
  tree-sitter-langs-20241211.1232/queries/gitattributes/highlights.scm
  tree-sitter-langs-20241211.1232/queries/gitcommit/
  tree-sitter-langs-20241211.1232/queries/gitcommit/highlights.scm
  tree-sitter-langs-20241211.1232/queries/gitignore/
  tree-sitter-langs-20241211.1232/queries/gitignore/highlights.scm
  tree-sitter-langs-20241211.1232/queries/glsl/
  tree-sitter-langs-20241211.1232/queries/glsl/highlights.scm
  tree-sitter-langs-20241211.1232/queries/go/
  tree-sitter-langs-20241211.1232/queries/go/highlights.scm
  tree-sitter-langs-20241211.1232/queries/groovy/
  tree-sitter-langs-20241211.1232/queries/groovy/highlights.scm
  tree-sitter-langs-20241211.1232/queries/haskell/
  tree-sitter-langs-20241211.1232/queries/haskell/highlights.scm
  tree-sitter-langs-20241211.1232/queries/haxe/
  tree-sitter-langs-20241211.1232/queries/haxe/highlights.scm
  tree-sitter-langs-20241211.1232/queries/hcl/
  tree-sitter-langs-20241211.1232/queries/hcl/highlights.scm
  tree-sitter-langs-20241211.1232/queries/hcl/highlights.terraform-mode.scm
  tree-sitter-langs-20241211.1232/queries/heex/
  tree-sitter-langs-20241211.1232/queries/heex/highlights.scm
  tree-sitter-langs-20241211.1232/queries/hlsl/
  tree-sitter-langs-20241211.1232/queries/hlsl/highlights.scm
  tree-sitter-langs-20241211.1232/queries/html/
  tree-sitter-langs-20241211.1232/queries/html/highlights.scm
  tree-sitter-langs-20241211.1232/queries/html_tags/
  tree-sitter-langs-20241211.1232/queries/html_tags/highlights.scm
  tree-sitter-langs-20241211.1232/queries/jai/
  tree-sitter-langs-20241211.1232/queries/jai/highlights.scm
  tree-sitter-langs-20241211.1232/queries/java/
  tree-sitter-langs-20241211.1232/queries/java/highlights.scm
  tree-sitter-langs-20241211.1232/queries/javascript/
  tree-sitter-langs-20241211.1232/queries/javascript/highlights.scm
  tree-sitter-langs-20241211.1232/queries/json/
  tree-sitter-langs-20241211.1232/queries/json/highlights.scm
  tree-sitter-langs-20241211.1232/queries/julia/
  tree-sitter-langs-20241211.1232/queries/julia/highlights.scm
  tree-sitter-langs-20241211.1232/queries/kotlin/
  tree-sitter-langs-20241211.1232/queries/kotlin/highlights.scm
  tree-sitter-langs-20241211.1232/queries/llvm-mir/
  tree-sitter-langs-20241211.1232/queries/llvm-mir/highlights.scm
  tree-sitter-langs-20241211.1232/queries/llvm/
  tree-sitter-langs-20241211.1232/queries/llvm/highlights.scm
  tree-sitter-langs-20241211.1232/queries/lua/
  tree-sitter-langs-20241211.1232/queries/lua/highlights.scm
  tree-sitter-langs-20241211.1232/queries/make/
  tree-sitter-langs-20241211.1232/queries/make/highlights.scm
  tree-sitter-langs-20241211.1232/queries/matlab/
  tree-sitter-langs-20241211.1232/queries/matlab/highlights.scm
  tree-sitter-langs-20241211.1232/queries/mermaid/
  tree-sitter-langs-20241211.1232/queries/mermaid/highlights.scm
  tree-sitter-langs-20241211.1232/queries/ninja/
  tree-sitter-langs-20241211.1232/queries/ninja/highlights.scm
  tree-sitter-langs-20241211.1232/queries/nix/
  tree-sitter-langs-20241211.1232/queries/nix/highlights.scm
  tree-sitter-langs-20241211.1232/queries/ocaml-interface/
  tree-sitter-langs-20241211.1232/queries/ocaml-interface/highlights.scm
  tree-sitter-langs-20241211.1232/queries/ocaml/
  tree-sitter-langs-20241211.1232/queries/ocaml/highlights.scm
  tree-sitter-langs-20241211.1232/queries/pascal/
  tree-sitter-langs-20241211.1232/queries/pascal/highlights.scm
  tree-sitter-langs-20241211.1232/queries/pgn/
  tree-sitter-langs-20241211.1232/queries/pgn/highlights.scm
  tree-sitter-langs-20241211.1232/queries/php/
  tree-sitter-langs-20241211.1232/queries/php/highlights.scm
  tree-sitter-langs-20241211.1232/queries/psv/
  tree-sitter-langs-20241211.1232/queries/psv/highlights.scm
  tree-sitter-langs-20241211.1232/queries/purescript/
  tree-sitter-langs-20241211.1232/queries/purescript/highlights.scm
  tree-sitter-langs-20241211.1232/queries/purescript/locals.scm
  tree-sitter-langs-20241211.1232/queries/python/
  tree-sitter-langs-20241211.1232/queries/python/highlights.scm
  tree-sitter-langs-20241211.1232/queries/r/
  tree-sitter-langs-20241211.1232/queries/r/highlights.scm
  tree-sitter-langs-20241211.1232/queries/r/locals.scm
  tree-sitter-langs-20241211.1232/queries/r/tags.scm
  tree-sitter-langs-20241211.1232/queries/racket/
  tree-sitter-langs-20241211.1232/queries/racket/highlights.scm
  tree-sitter-langs-20241211.1232/queries/ruby/
  tree-sitter-langs-20241211.1232/queries/ruby/highlights.scm
  tree-sitter-langs-20241211.1232/queries/rust/
  tree-sitter-langs-20241211.1232/queries/rust/highlights.scm
  tree-sitter-langs-20241211.1232/queries/solidity/
  tree-sitter-langs-20241211.1232/queries/solidity/highlights.scm
  tree-sitter-langs-20241211.1232/queries/sql/
  tree-sitter-langs-20241211.1232/queries/sql/highlights.scm
  tree-sitter-langs-20241211.1232/queries/svelte/
  tree-sitter-langs-20241211.1232/queries/svelte/highlights.scm
  tree-sitter-langs-20241211.1232/queries/tablegen/
  tree-sitter-langs-20241211.1232/queries/tablegen/highlights.scm
  tree-sitter-langs-20241211.1232/queries/tcl/
  tree-sitter-langs-20241211.1232/queries/tcl/highlights.scm
  tree-sitter-langs-20241211.1232/queries/tsv/
  tree-sitter-langs-20241211.1232/queries/tsv/highlights.scm
  tree-sitter-langs-20241211.1232/queries/tsx/
  tree-sitter-langs-20241211.1232/queries/tsx/highlights.scm
  tree-sitter-langs-20241211.1232/queries/twig/
  tree-sitter-langs-20241211.1232/queries/twig/highlights.scm
  tree-sitter-langs-20241211.1232/queries/typescript/
  tree-sitter-langs-20241211.1232/queries/typescript/highlights.scm
  tree-sitter-langs-20241211.1232/queries/typst/
  tree-sitter-langs-20241211.1232/queries/typst/highlights.scm
  tree-sitter-langs-20241211.1232/queries/xml/
  tree-sitter-langs-20241211.1232/queries/xml/highlights.scm
  tree-sitter-langs-20241211.1232/queries/yaml/
  tree-sitter-langs-20241211.1232/queries/yaml/highlights.scm
  tree-sitter-langs-20241211.1232/queries/zig/
  tree-sitter-langs-20241211.1232/queries/zig/highlights.scm
  tree-sitter-langs-20241211.1232/tree-sitter-langs-build.el
  tree-sitter-langs-20241211.1232/tree-sitter-langs-pkg.el
  tree-sitter-langs-20241211.1232/tree-sitter-langs.el
 ✓ Success:
  2024-12-12T00:02:21+0000  tree-sitter-langs-20241211.1232.entry
  2024-12-12T00:02:21+0000  tree-sitter-langs-20241211.1232.tar
Built tree-sitter-langs in 3.172s, finished at 2024-12-12T00:02:22+0000
