Package: tree-sitter
Fetcher: github
Source:  https://github.com/emacs-tree-sitter/elisp-tree-sitter

Updating /mnt/store/melpa/working/tree-sitter/
Checking out 909717c685ff5a2327fa2ca8fb8a25216129361c
Warning: tree-sitter :files spec is equivalent to the default
Copying files (->) and directories (=>)
  from /mnt/store/melpa/working/tree-sitter/
  to /tmp/tree-sitterMfTVj6/tree-sitter-20220212.1632
  ! lisp/tree-sitter-cli.el -> tree-sitter-cli.el
  ! lisp/tree-sitter-debug.el -> tree-sitter-debug.el
  ! lisp/tree-sitter-extras.el -> tree-sitter-extras.el
  ! lisp/tree-sitter-hl.el -> tree-sitter-hl.el
  ! lisp/tree-sitter-load.el -> tree-sitter-load.el
  ! lisp/tree-sitter-query.el -> tree-sitter-query.el
  ! lisp/tree-sitter.el -> tree-sitter.el
Created tree-sitter-20220212.1632.tar containing:
  tree-sitter-20220212.1632/
  tree-sitter-20220212.1632/tree-sitter-cli.el
  tree-sitter-20220212.1632/tree-sitter-debug.el
  tree-sitter-20220212.1632/tree-sitter-extras.el
  tree-sitter-20220212.1632/tree-sitter-hl.el
  tree-sitter-20220212.1632/tree-sitter-load.el
  tree-sitter-20220212.1632/tree-sitter-pkg.el
  tree-sitter-20220212.1632/tree-sitter-query.el
  tree-sitter-20220212.1632/tree-sitter.el
 ✓ Success:
  2024-11-06T23:46:13+0000  tree-sitter-20220212.1632.entry
  2024-11-06T23:46:13+0000  tree-sitter-20220212.1632.tar
Built tree-sitter in 4.334s, finished at 2024-11-06T23:46:14+0000
