Package: trr
Fetcher: github
Source:  https://github.com/kawabata/emacs-trr.git

Updating /mnt/store/melpa/working/trr/
Checking out f841173e11213ac6916b2d3394b28fb202543871
Copying files (->) and directories (=>)
  from /mnt/store/melpa/working/trr/
  to /tmp/trrrk8XZa/trr-20191019.1403
    trr-files.el -> trr-files.el
    trr-graphs.el -> trr-graphs.el
    trr-menus.el -> trr-menus.el
    trr-mesg.el -> trr-mesg.el
    trr-sess.el -> trr-sess.el
    trr.el -> trr.el
    trr.info -> trr.info
    trr.texi -> trr.texi
    record => record
    text => text
    CONTENTS -> CONTENTS
Created trr-20191019.1403.tar containing:
  trr-20191019.1403/
  trr-20191019.1403/CONTENTS
  trr-20191019.1403/dir
  trr-20191019.1403/record/
  trr-20191019.1403/record/SCORES-CA
  trr-20191019.1403/record/SCORES-CJ
  trr-20191019.1403/record/SCORES-EL
  trr-20191019.1403/record/SCORES-IC
  trr-20191019.1403/record/SCORES-JV
  trr-20191019.1403/record/SCORES-OC
  trr-20191019.1403/record/SCORES-PY
  trr-20191019.1403/record/SCORES-TR
  trr-20191019.1403/text/
  trr-20191019.1403/text/C_programs
  trr-20191019.1403/text/C_programs.formed
  trr-20191019.1403/text/Constitution_of_the_USA
  trr-20191019.1403/text/Constitution_of_the_USA.formed
  trr-20191019.1403/text/Elisp_programs
  trr-20191019.1403/text/Elisp_programs.formed
  trr-20191019.1403/text/Iccad_90
  trr-20191019.1403/text/Iccad_90.formed
  trr-20191019.1403/text/Java_programs
  trr-20191019.1403/text/Java_programs.formed
  trr-20191019.1403/text/Ocaml_programs
  trr-20191019.1403/text/Ocaml_programs.formed
  trr-20191019.1403/text/Python_programs
  trr-20191019.1403/text/Python_programs.formed
  trr-20191019.1403/text/The_Constitution_Of_JAPAN
  trr-20191019.1403/text/The_Constitution_Of_JAPAN.formed
  trr-20191019.1403/trr-files.el
  trr-20191019.1403/trr-graphs.el
  trr-20191019.1403/trr-menus.el
  trr-20191019.1403/trr-mesg.el
  trr-20191019.1403/trr-pkg.el
  trr-20191019.1403/trr-sess.el
  trr-20191019.1403/trr.el
  trr-20191019.1403/trr.info
 ✓ Success:
  2024-06-22T00:14:28+0000  trr-20191019.1403.entry
  2024-06-22T00:14:28+0000  trr-20191019.1403.tar
Built trr in 6.349s, finished at 2024-06-22T00:14:31+0000
