Package: tumblesocks
Fetcher: github
Source:  https://github.com/gcr/tumblesocks

Updating /mnt/store/melpa/working/tumblesocks/
Checking out 4e72482b21750f495bffa6785b873d86743e9c0a
Copying files (->) and directories (=>)
  from /mnt/store/melpa/working/tumblesocks/
  to /tmp/tumblesockszGY1Vp/tumblesocks-20250109.547
    tumblesocks-api.el -> tumblesocks-api.el
    tumblesocks-compose.el -> tumblesocks-compose.el
    tumblesocks-user.el -> tumblesocks-user.el
    tumblesocks-view.el -> tumblesocks-view.el
    tumblesocks.el -> tumblesocks.el
Created tumblesocks-20250109.547.tar containing:
  tumblesocks-20250109.547/
  tumblesocks-20250109.547/tumblesocks-api.el
  tumblesocks-20250109.547/tumblesocks-compose.el
  tumblesocks-20250109.547/tumblesocks-pkg.el
  tumblesocks-20250109.547/tumblesocks-user.el
  tumblesocks-20250109.547/tumblesocks-view.el
  tumblesocks-20250109.547/tumblesocks.el
 ✓ Success:
  2025-02-26T22:49:53+0000  tumblesocks-20250109.547.entry
  2025-02-26T22:49:53+0000  tumblesocks-20250109.547.tar
Built tumblesocks in 3.210s, finished at 2025-02-26T22:49:54+0000
