Package: turtles
Fetcher: github
Source:  https://github.com/szermatt/turtles

Updating /mnt/store/melpa/working/turtles/
Checking out 144ffad332a8c13ad60dbd797376cc8eac021633
Copying files (->) and directories (=>)
  from /mnt/store/melpa/working/turtles/
  to /tmp/turtlesgm6m49/turtles-20250106.1620
    turtles-instance.el -> turtles-instance.el
    turtles-io.el -> turtles-io.el
    turtles.el -> turtles.el
    turtles.texi -> turtles.texi
Generating turtles.info
Created turtles-20250106.1620.tar containing:
  turtles-20250106.1620/
  turtles-20250106.1620/dir
  turtles-20250106.1620/turtles-instance.el
  turtles-20250106.1620/turtles-io.el
  turtles-20250106.1620/turtles-pkg.el
  turtles-20250106.1620/turtles.el
  turtles-20250106.1620/turtles.info
 ✓ Success:
  2025-01-13T00:21:10+0000  turtles-20250106.1620.entry
  2025-01-13T00:21:10+0000  turtles-20250106.1620.tar
Built turtles in 3.948s, finished at 2025-01-13T00:21:10+0000
