Package: twtxt
Fetcher: codeberg
Source:  https://codeberg.org/deadblackclover/twtxt-el

Updating /mnt/store/melpa/working/twtxt/
Checking out 3175b258a0d5ae251e71c1859c39e518111ab45d
Copying files (->) and directories (=>)
  from /mnt/store/melpa/working/twtxt/
  to /tmp/twtxtZs7oLR/twtxt-20250214.1038
    twtxt-feed.el -> twtxt-feed.el
    twtxt-image.el -> twtxt-image.el
    twtxt-post.el -> twtxt-post.el
    twtxt-profile.el -> twtxt-profile.el
    twtxt-string.el -> twtxt-string.el
    twtxt-timeline.el -> twtxt-timeline.el
    twtxt-variables.el -> twtxt-variables.el
    twtxt.el -> twtxt.el
Created twtxt-20250214.1038.tar containing:
  twtxt-20250214.1038/
  twtxt-20250214.1038/twtxt-feed.el
  twtxt-20250214.1038/twtxt-image.el
  twtxt-20250214.1038/twtxt-pkg.el
  twtxt-20250214.1038/twtxt-post.el
  twtxt-20250214.1038/twtxt-profile.el
  twtxt-20250214.1038/twtxt-string.el
  twtxt-20250214.1038/twtxt-timeline.el
  twtxt-20250214.1038/twtxt-variables.el
  twtxt-20250214.1038/twtxt.el
 ✓ Success:
  2025-02-23T22:25:48+0000  twtxt-20250214.1038.entry
  2025-02-23T22:25:48+0000  twtxt-20250214.1038.tar
Built twtxt in 4.778s, finished at 2025-02-23T22:25:49+0000
