Package: typit
Fetcher: github
Source:  https://github.com/mrkkrp/typit

Updating /mnt/store/melpa/working/typit/
Checking out 6ad0d5a106c4a4428fd131653bbe7c0aab4b5f60
Copying files (->) and directories (=>)
  from /mnt/store/melpa/working/typit/
  to /tmp/typitt4SlMn/typit-20220909.1233
    typit.el -> typit.el
    dict => dict
Created typit-20220909.1233.tar containing:
  typit-20220909.1233/
  typit-20220909.1233/dict/
  typit-20220909.1233/dict/dictionary.quijote.es.txt
  typit-20220909.1233/dict/english.txt
  typit-20220909.1233/dict/french.txt
  typit-20220909.1233/dict/german.txt
  typit-20220909.1233/dict/russian.txt
  typit-20220909.1233/typit-pkg.el
  typit-20220909.1233/typit.el
 ✓ Success:
  2025-03-28T23:35:25+0000  typit-20220909.1233.entry
  2025-03-28T23:35:25+0000  typit-20220909.1233.tar
Built typit in 6.911s, finished at 2025-03-28T23:35:27+0000
