Package: uniline
Fetcher: github
Source:  https://github.com/tbanel/uniline

Updating /mnt/store/melpa/working/uniline/
Checking out 0fecee22572ebb00bea5eb83070c049979759874
Copying files (->) and directories (=>)
  from /mnt/store/melpa/working/uniline/
  to /tmp/unilineRjr0hl/uniline-20250411.841
    uniline.el -> uniline.el
    uniline.info -> uniline.info
Created uniline-20250411.841.tar containing:
  uniline-20250411.841/
  uniline-20250411.841/dir
  uniline-20250411.841/uniline-pkg.el
  uniline-20250411.841/uniline.el
  uniline-20250411.841/uniline.info
 ✓ Success:
  2025-04-13T00:16:43+0000  uniline-20250411.841.entry
  2025-04-13T00:16:43+0000  uniline-20250411.841.tar
Built uniline in 5.205s, finished at 2025-04-13T00:16:44+0000
