Package: vagrant-tramp
Fetcher: github
Source:  https://github.com/dougm/vagrant-tramp.git

Updating /mnt/store/melpa/working/vagrant-tramp/
Checking out 2b7a4fabd328961384da06e0e302250cd97edc47
Copying files (->) and directories (=>)
  from /mnt/store/melpa/working/vagrant-tramp/
  to /tmp/vagrant-trampSsvHgm/vagrant-tramp-20220508.52
    vagrant-tramp.el -> vagrant-tramp.el
    bin => bin
Created vagrant-tramp-20220508.52.tar containing:
  vagrant-tramp-20220508.52/
  vagrant-tramp-20220508.52/bin/
  vagrant-tramp-20220508.52/bin/vagrant-tramp-ssh
  vagrant-tramp-20220508.52/vagrant-tramp-pkg.el
  vagrant-tramp-20220508.52/vagrant-tramp.el
 ✓ Success:
  2024-01-24T07:04:52+0000  vagrant-tramp-20220508.52.entry
  2024-01-24T07:04:52+0000  vagrant-tramp-20220508.52.tar
Built vagrant-tramp in 3.707s, finished at 2024-01-24T07:04:53+0000
