Package: vdm-snippets
Fetcher: github
Source:  https://github.com/peterwvj/vdm-mode.git

Updating /mnt/store/melpa/working/vdm-snippets/
Checking out dc1756dd151752b3f538d68326059f8861e4ac66
Copying files (->) and directories (=>)
  from /mnt/store/melpa/working/vdm-snippets/
  to /tmp/vdm-snippets7llKl1/vdm-snippets-20190313.1122
    vdm-snippets.el -> vdm-snippets.el
    snippets => snippets
Created vdm-snippets-20190313.1122.tar containing:
  vdm-snippets-20190313.1122/
  vdm-snippets-20190313.1122/snippets/
  vdm-snippets-20190313.1122/snippets/vdm-mode/
  vdm-snippets-20190313.1122/snippets/vdm-mode/bus
  vdm-snippets-20190313.1122/snippets/vdm-mode/class
  vdm-snippets-20190313.1122/snippets/vdm-mode/cpu
  vdm-snippets-20190313.1122/snippets/vdm-mode/dcl
  vdm-snippets-20190313.1122/snippets/vdm-mode/definitions
  vdm-snippets-20190313.1122/snippets/vdm-mode/deploy
  vdm-snippets-20190313.1122/snippets/vdm-mode/exists
  vdm-snippets-20190313.1122/snippets/vdm-mode/exists1
  vdm-snippets-20190313.1122/snippets/vdm-mode/exports-all
  vdm-snippets-20190313.1122/snippets/vdm-mode/forall
  vdm-snippets-20190313.1122/snippets/vdm-mode/function-definition
  vdm-snippets-20190313.1122/snippets/vdm-mode/functions
  vdm-snippets-20190313.1122/snippets/vdm-mode/getter
  vdm-snippets-20190313.1122/snippets/vdm-mode/imports-all
  vdm-snippets-20190313.1122/snippets/vdm-mode/instance-var
  vdm-snippets-20190313.1122/snippets/vdm-mode/instance-variables
  vdm-snippets-20190313.1122/snippets/vdm-mode/is-not-yet-specified
  vdm-snippets-20190313.1122/snippets/vdm-mode/let
  vdm-snippets-20190313.1122/snippets/vdm-mode/map-comp
  vdm-snippets-20190313.1122/snippets/vdm-mode/maplet
  vdm-snippets-20190313.1122/snippets/vdm-mode/module
  vdm-snippets-20190313.1122/snippets/vdm-mode/operation-definition
  vdm-snippets-20190313.1122/snippets/vdm-mode/operations
  vdm-snippets-20190313.1122/snippets/vdm-mode/periodic-thread
  vdm-snippets-20190313.1122/snippets/vdm-mode/priority
  vdm-snippets-20190313.1122/snippets/vdm-mode/private
  vdm-snippets-20190313.1122/snippets/vdm-mode/protected
  vdm-snippets-20190313.1122/snippets/vdm-mode/public
  vdm-snippets-20190313.1122/snippets/vdm-mode/renamed
  vdm-snippets-20190313.1122/snippets/vdm-mode/renamed-same-name
  vdm-snippets-20190313.1122/snippets/vdm-mode/return
  vdm-snippets-20190313.1122/snippets/vdm-mode/seq-comp
  vdm-snippets-20190313.1122/snippets/vdm-mode/set-comp
  vdm-snippets-20190313.1122/snippets/vdm-mode/sporadic-thread
  vdm-snippets-20190313.1122/snippets/vdm-mode/state-definition
  vdm-snippets-20190313.1122/snippets/vdm-mode/static
  vdm-snippets-20190313.1122/snippets/vdm-mode/system
  vdm-snippets-20190313.1122/snippets/vdm-mode/traces
  vdm-snippets-20190313.1122/snippets/vdm-mode/types
  vdm-snippets-20190313.1122/snippets/vdm-mode/value definition
  vdm-snippets-20190313.1122/snippets/vdm-mode/values
  vdm-snippets-20190313.1122/vdm-snippets-pkg.el
  vdm-snippets-20190313.1122/vdm-snippets.el
 ✓ Success:
  2024-01-17T23:22:39+0000  vdm-snippets-20190313.1122.entry
  2024-01-17T23:22:39+0000  vdm-snippets-20190313.1122.tar
Built vdm-snippets in 4.345s, finished at 2024-01-17T23:22:41+0000
