Package: vertico
Fetcher: github
Source:  https://github.com/minad/vertico

Updating /mnt/store/melpa/working/vertico/
Checking out 718f8584d09082451c29066c3c370bdaff02fcab
Copying files (->) and directories (=>)
  from /mnt/store/melpa/working/vertico/
  to /tmp/verticoNIcOR6/vertico-20250827.1341
    vertico.el -> vertico.el
  ! extensions/vertico-buffer.el -> vertico-buffer.el
  ! extensions/vertico-directory.el -> vertico-directory.el
  ! extensions/vertico-flat.el -> vertico-flat.el
  ! extensions/vertico-grid.el -> vertico-grid.el
  ! extensions/vertico-indexed.el -> vertico-indexed.el
  ! extensions/vertico-mouse.el -> vertico-mouse.el
  ! extensions/vertico-multiform.el -> vertico-multiform.el
  ! extensions/vertico-quick.el -> vertico-quick.el
  ! extensions/vertico-repeat.el -> vertico-repeat.el
  ! extensions/vertico-reverse.el -> vertico-reverse.el
  ! extensions/vertico-sort.el -> vertico-sort.el
  ! extensions/vertico-suspend.el -> vertico-suspend.el
  ! extensions/vertico-unobtrusive.el -> vertico-unobtrusive.el
Created vertico-20250827.1341.tar containing:
  vertico-20250827.1341/
  vertico-20250827.1341/vertico-buffer.el
  vertico-20250827.1341/vertico-directory.el
  vertico-20250827.1341/vertico-flat.el
  vertico-20250827.1341/vertico-grid.el
  vertico-20250827.1341/vertico-indexed.el
  vertico-20250827.1341/vertico-mouse.el
  vertico-20250827.1341/vertico-multiform.el
  vertico-20250827.1341/vertico-pkg.el
  vertico-20250827.1341/vertico-quick.el
  vertico-20250827.1341/vertico-repeat.el
  vertico-20250827.1341/vertico-reverse.el
  vertico-20250827.1341/vertico-sort.el
  vertico-20250827.1341/vertico-suspend.el
  vertico-20250827.1341/vertico-unobtrusive.el
  vertico-20250827.1341/vertico.el
 ✓ Success:
  2025-09-01T00:35:32+0000  vertico-20250827.1341.entry
  2025-09-01T00:35:32+0000  vertico-20250827.1341.tar
Built vertico in 4.322s, finished at 2025-09-01T00:35:33+0000
