Package: vhdl-ext
Fetcher: github
Source:  https://github.com/gmlarumbe/vhdl-ext

Updating /mnt/store/melpa/working/vhdl-ext/
Checking out dedd8d9f06edd80575ff561b78771036f5390c15
Copying files (->) and directories (=>)
  from /mnt/store/melpa/working/vhdl-ext/
  to /tmp/vhdl-extcHp9OF/vhdl-ext-20250806.1615
    vhdl-ext-beautify.el -> vhdl-ext-beautify.el
    vhdl-ext-capf.el -> vhdl-ext-capf.el
    vhdl-ext-compile.el -> vhdl-ext-compile.el
    vhdl-ext-eglot.el -> vhdl-ext-eglot.el
    vhdl-ext-flycheck.el -> vhdl-ext-flycheck.el
    vhdl-ext-font-lock.el -> vhdl-ext-font-lock.el
    vhdl-ext-hierarchy.el -> vhdl-ext-hierarchy.el
    vhdl-ext-hs.el -> vhdl-ext-hs.el
    vhdl-ext-imenu.el -> vhdl-ext-imenu.el
    vhdl-ext-lsp-bridge.el -> vhdl-ext-lsp-bridge.el
    vhdl-ext-lsp.el -> vhdl-ext-lsp.el
    vhdl-ext-lspce.el -> vhdl-ext-lspce.el
    vhdl-ext-nav.el -> vhdl-ext-nav.el
    vhdl-ext-ports.el -> vhdl-ext-ports.el
    vhdl-ext-tags.el -> vhdl-ext-tags.el
    vhdl-ext-template.el -> vhdl-ext-template.el
    vhdl-ext-time-stamp.el -> vhdl-ext-time-stamp.el
    vhdl-ext-utils.el -> vhdl-ext-utils.el
    vhdl-ext-which-func.el -> vhdl-ext-which-func.el
    vhdl-ext-xref.el -> vhdl-ext-xref.el
    vhdl-ext.el -> vhdl-ext.el
    snippets => snippets
    langserver => langserver
Created vhdl-ext-20250806.1615.tar containing:
  vhdl-ext-20250806.1615/
  vhdl-ext-20250806.1615/langserver/
  vhdl-ext-20250806.1615/langserver/ghdl-ls.json
  vhdl-ext-20250806.1615/langserver/hdl-checker.json
  vhdl-ext-20250806.1615/langserver/rust-hdl.json
  vhdl-ext-20250806.1615/langserver/vhdl-tool.json
  vhdl-ext-20250806.1615/snippets/
  vhdl-ext-20250806.1615/snippets/PLACEHOLDER
  vhdl-ext-20250806.1615/vhdl-ext-beautify.el
  vhdl-ext-20250806.1615/vhdl-ext-capf.el
  vhdl-ext-20250806.1615/vhdl-ext-compile.el
  vhdl-ext-20250806.1615/vhdl-ext-eglot.el
  vhdl-ext-20250806.1615/vhdl-ext-flycheck.el
  vhdl-ext-20250806.1615/vhdl-ext-font-lock.el
  vhdl-ext-20250806.1615/vhdl-ext-hierarchy.el
  vhdl-ext-20250806.1615/vhdl-ext-hs.el
  vhdl-ext-20250806.1615/vhdl-ext-imenu.el
  vhdl-ext-20250806.1615/vhdl-ext-lsp-bridge.el
  vhdl-ext-20250806.1615/vhdl-ext-lsp.el
  vhdl-ext-20250806.1615/vhdl-ext-lspce.el
  vhdl-ext-20250806.1615/vhdl-ext-nav.el
  vhdl-ext-20250806.1615/vhdl-ext-pkg.el
  vhdl-ext-20250806.1615/vhdl-ext-ports.el
  vhdl-ext-20250806.1615/vhdl-ext-tags.el
  vhdl-ext-20250806.1615/vhdl-ext-template.el
  vhdl-ext-20250806.1615/vhdl-ext-time-stamp.el
  vhdl-ext-20250806.1615/vhdl-ext-utils.el
  vhdl-ext-20250806.1615/vhdl-ext-which-func.el
  vhdl-ext-20250806.1615/vhdl-ext-xref.el
  vhdl-ext-20250806.1615/vhdl-ext.el
 ✓ Success:
  2025-08-18T01:59:06+0000  vhdl-ext-20250806.1615.entry
  2025-08-18T01:59:06+0000  vhdl-ext-20250806.1615.tar
Built vhdl-ext in 3.486s, finished at 2025-08-18T01:59:07+0000
