Package: visual-replace
Fetcher: github
Source:  https://github.com/szermatt/visual-replace

Updating /mnt/store/melpa/working/visual-replace/
Checking out 2897c4b323cf38b58a23a78ecb5b081192dea3b7
Copying files (->) and directories (=>)
  from /mnt/store/melpa/working/visual-replace/
  to /tmp/visual-replacePuGcAG/visual-replace-20250324.1842
    visual-replace.el -> visual-replace.el
    visual-replace.texi -> visual-replace.texi
Generating visual-replace.info
Created visual-replace-20250324.1842.tar containing:
  visual-replace-20250324.1842/
  visual-replace-20250324.1842/dir
  visual-replace-20250324.1842/visual-replace-pkg.el
  visual-replace-20250324.1842/visual-replace.el
  visual-replace-20250324.1842/visual-replace.info
 ✓ Success:
  2025-04-07T23:51:10+0000  visual-replace-20250324.1842.entry
  2025-04-07T23:51:10+0000  visual-replace-20250324.1842.tar
Built visual-replace in 12.010s, finished at 2025-04-07T23:51:12+0000
