Package: vlf
Fetcher: github
Source:  https://github.com/m00natic/vlfi

Updating /mnt/store/melpa/working/vlf/
Checking out cc02f2533782d6b9b628cec7e2dcf25b2d05a27c
Copying files (->) and directories (=>)
  from /mnt/store/melpa/working/vlf/
  to /tmp/vlfQ84Pa1/vlf-20191126.2250
    vlf-base.el -> vlf-base.el
    vlf-ediff.el -> vlf-ediff.el
    vlf-follow.el -> vlf-follow.el
    vlf-occur.el -> vlf-occur.el
    vlf-search.el -> vlf-search.el
    vlf-setup.el -> vlf-setup.el
    vlf-tune.el -> vlf-tune.el
    vlf-write.el -> vlf-write.el
    vlf.el -> vlf.el
Created vlf-20191126.2250.tar containing:
  vlf-20191126.2250/
  vlf-20191126.2250/vlf-base.el
  vlf-20191126.2250/vlf-ediff.el
  vlf-20191126.2250/vlf-follow.el
  vlf-20191126.2250/vlf-occur.el
  vlf-20191126.2250/vlf-pkg.el
  vlf-20191126.2250/vlf-search.el
  vlf-20191126.2250/vlf-setup.el
  vlf-20191126.2250/vlf-tune.el
  vlf-20191126.2250/vlf-write.el
  vlf-20191126.2250/vlf.el
 ✓ Success:
  2024-12-09T00:10:07+0000  vlf-20191126.2250.entry
  2024-12-09T00:10:07+0000  vlf-20191126.2250.tar
Built vlf in 0.785s, finished at 2024-12-09T00:10:07+0000
