Package: vterm
Fetcher: github
Source:  https://github.com/akermu/emacs-libvterm

Updating /mnt/store/melpa/working/vterm/
Checking out 988279316fc89e6d78947b48513f248597ba969a
Copying files (->) and directories (=>)
  from /mnt/store/melpa/working/vterm/
  to /tmp/vtermd3Ceh9/vterm-20240825.133
    CMakeLists.txt -> CMakeLists.txt
    elisp.c -> elisp.c
    elisp.h -> elisp.h
    emacs-module.h -> emacs-module.h
    etc => etc
    utf8.c -> utf8.c
    utf8.h -> utf8.h
    vterm.el -> vterm.el
    vterm-module.c -> vterm-module.c
    vterm-module.h -> vterm-module.h
Created vterm-20240825.133.tar containing:
  vterm-20240825.133/
  vterm-20240825.133/CMakeLists.txt
  vterm-20240825.133/elisp.c
  vterm-20240825.133/elisp.h
  vterm-20240825.133/emacs-module.h
  vterm-20240825.133/etc/
  vterm-20240825.133/etc/emacs-vterm-bash.sh
  vterm-20240825.133/etc/emacs-vterm-zsh.sh
  vterm-20240825.133/etc/emacs-vterm.fish
  vterm-20240825.133/utf8.c
  vterm-20240825.133/utf8.h
  vterm-20240825.133/vterm-module.c
  vterm-20240825.133/vterm-module.h
  vterm-20240825.133/vterm-pkg.el
  vterm-20240825.133/vterm.el
 ✓ Success:
  2024-10-11T23:51:42+0000  vterm-20240825.133.entry
  2024-10-11T23:51:41+0000  vterm-20240825.133.tar
Built vterm in 5.264s, finished at 2024-10-11T23:51:43+0000
