Package: w3m
Fetcher: github
Source:  https://github.com/emacs-w3m/emacs-w3m.git

Updating /mnt/store/melpa/working/w3m/
Checking out 55baf2bcb1a583d3baae1d37ad0e17b0480ffd02
Copying files (->) and directories (=>)
  from /mnt/store/melpa/working/w3m/
  to /tmp/w3mKdTYJl/w3m-20231023.653
    bookmark-w3m.el -> bookmark-w3m.el
    mime-w3m.el -> mime-w3m.el
    w3m-antenna.el -> w3m-antenna.el
    w3m-bookmark.el -> w3m-bookmark.el
    w3m-bug.el -> w3m-bug.el
    w3m-cookie.el -> w3m-cookie.el
    w3m-dtree.el -> w3m-dtree.el
    w3m-ems.el -> w3m-ems.el
    w3m-favicon.el -> w3m-favicon.el
    w3m-fb.el -> w3m-fb.el
    w3m-filter.el -> w3m-filter.el
    w3m-form.el -> w3m-form.el
    w3m-hist.el -> w3m-hist.el
    w3m-image.el -> w3m-image.el
    w3m-lnum.el -> w3m-lnum.el
    w3m-mail.el -> w3m-mail.el
    w3m-namazu.el -> w3m-namazu.el
    w3m-perldoc.el -> w3m-perldoc.el
    w3m-proc.el -> w3m-proc.el
    w3m-rss.el -> w3m-rss.el
    w3m-save.el -> w3m-save.el
    w3m-search.el -> w3m-search.el
    w3m-session.el -> w3m-session.el
    w3m-symbol.el -> w3m-symbol.el
    w3m-tabmenu.el -> w3m-tabmenu.el
    w3m-util.el -> w3m-util.el
    w3m-weather.el -> w3m-weather.el
    w3m.el -> w3m.el
    w3mhack.el -> w3mhack.el
    icons => icons
Created w3m-20231023.653.tar containing:
  w3m-20231023.653/
  w3m-20231023.653/bookmark-w3m.el
  w3m-20231023.653/icons/
  w3m-20231023.653/icons/antenna-up.png
  w3m-20231023.653/icons/antenna-up.xpm
  w3m-20231023.653/icons/back-disabled.png
  w3m-20231023.653/icons/back-disabled.xpm
  w3m-20231023.653/icons/back-up.png
  w3m-20231023.653/icons/back-up.xpm
  w3m-20231023.653/icons/copy-up.png
  w3m-20231023.653/icons/copy-up.xpm
  w3m-20231023.653/icons/db-history-up.png
  w3m-20231023.653/icons/db-history-up.xpm
  w3m-20231023.653/icons/forward-disabled.png
  w3m-20231023.653/icons/forward-disabled.xpm
  w3m-20231023.653/icons/forward-up.png
  w3m-20231023.653/icons/forward-up.xpm
  w3m-20231023.653/icons/history-up.png
  w3m-20231023.653/icons/history-up.xpm
  w3m-20231023.653/icons/home-up.png
  w3m-20231023.653/icons/home-up.xpm
  w3m-20231023.653/icons/image-up.png
  w3m-20231023.653/icons/image-up.xpm
  w3m-20231023.653/icons/open-up.png
  w3m-20231023.653/icons/open-up.xpm
  w3m-20231023.653/icons/parent-disabled.png
  w3m-20231023.653/icons/parent-disabled.xpm
  w3m-20231023.653/icons/parent-up.png
  w3m-20231023.653/icons/parent-up.xpm
  w3m-20231023.653/icons/reload-up.png
  w3m-20231023.653/icons/reload-up.xpm
  w3m-20231023.653/icons/save-up.png
  w3m-20231023.653/icons/save-up.xpm
  w3m-20231023.653/icons/search-up.png
  w3m-20231023.653/icons/search-up.xpm
  w3m-20231023.653/icons/spinner.gif
  w3m-20231023.653/icons/state-00.png
  w3m-20231023.653/icons/state-00.xpm
  w3m-20231023.653/icons/state-01.png
  w3m-20231023.653/icons/state-01.xpm
  w3m-20231023.653/icons/state-10.png
  w3m-20231023.653/icons/state-10.xpm
  w3m-20231023.653/icons/state-11.png
  w3m-20231023.653/icons/state-11.xpm
  w3m-20231023.653/icons/weather-up.png
  w3m-20231023.653/icons/weather-up.xpm
  w3m-20231023.653/mime-w3m.el
  w3m-20231023.653/w3m-antenna.el
  w3m-20231023.653/w3m-bookmark.el
  w3m-20231023.653/w3m-bug.el
  w3m-20231023.653/w3m-cookie.el
  w3m-20231023.653/w3m-dtree.el
  w3m-20231023.653/w3m-ems.el
  w3m-20231023.653/w3m-favicon.el
  w3m-20231023.653/w3m-fb.el
  w3m-20231023.653/w3m-filter.el
  w3m-20231023.653/w3m-form.el
  w3m-20231023.653/w3m-hist.el
  w3m-20231023.653/w3m-image.el
  w3m-20231023.653/w3m-lnum.el
  w3m-20231023.653/w3m-mail.el
  w3m-20231023.653/w3m-namazu.el
  w3m-20231023.653/w3m-perldoc.el
  w3m-20231023.653/w3m-pkg.el
  w3m-20231023.653/w3m-proc.el
  w3m-20231023.653/w3m-rss.el
  w3m-20231023.653/w3m-save.el
  w3m-20231023.653/w3m-search.el
  w3m-20231023.653/w3m-session.el
  w3m-20231023.653/w3m-symbol.el
  w3m-20231023.653/w3m-tabmenu.el
  w3m-20231023.653/w3m-util.el
  w3m-20231023.653/w3m-weather.el
  w3m-20231023.653/w3m.el
  w3m-20231023.653/w3mhack.el
 ✓ Success:
  2024-02-16T06:53:25+0000  w3m-20231023.653.entry
  2024-02-16T06:53:25+0000  w3m-20231023.653.tar
Built w3m in 1.126s, finished at 2024-02-16T06:53:25+0000
