Package: wacspace
Fetcher: github
Source:  https://github.com/shosti/wacspace.el.git

Updating /mnt/store/melpa/working/wacspace/
Checking out 54d19aab6fd2bc5945b7ffc58104e695064927e2
Copying files (->) and directories (=>)
  from /mnt/store/melpa/working/wacspace/
  to /tmp/wacspacemdkmxq/wacspace-20180311.2350
    wacs-configuration.el -> wacs-configuration.el
    wacs-helper.el -> wacs-helper.el
    wacs-init.el -> wacs-init.el
    wacs-interactive.el -> wacs-interactive.el
    wacs-util.el -> wacs-util.el
    wacspace-pkg.el -> wacspace-pkg.el
    wacspace.el -> wacspace.el
Created wacspace-20180311.2350.tar containing:
  wacspace-20180311.2350/
  wacspace-20180311.2350/wacs-configuration.el
  wacspace-20180311.2350/wacs-helper.el
  wacspace-20180311.2350/wacs-init.el
  wacspace-20180311.2350/wacs-interactive.el
  wacspace-20180311.2350/wacs-util.el
  wacspace-20180311.2350/wacspace-pkg.el
  wacspace-20180311.2350/wacspace.el
 ✓ Success:
  2024-01-24T03:16:05+0000  wacspace-20180311.2350.entry
  2024-01-24T03:16:05+0000  wacspace-20180311.2350.tar
Built wacspace in 3.779s, finished at 2024-01-24T03:16:06+0000
