Package: wallabag
Fetcher: github
Source:  https://github.com/chenyanming/wallabag.el

Updating /mnt/store/melpa/working/wallabag/
Checking out 848d6567bf1165ede2070cac540d7bc17b95109c
Copying files (->) and directories (=>)
  from /mnt/store/melpa/working/wallabag/
  to /tmp/wallabagZyL5t0/wallabag-20250409.217
    wallabag-db.el -> wallabag-db.el
    wallabag-faces.el -> wallabag-faces.el
    wallabag-org.el -> wallabag-org.el
    wallabag-util.el -> wallabag-util.el
    wallabag.el -> wallabag.el
    default.css -> default.css
    emojis.alist -> emojis.alist
Created wallabag-20250409.217.tar containing:
  wallabag-20250409.217/
  wallabag-20250409.217/default.css
  wallabag-20250409.217/emojis.alist
  wallabag-20250409.217/wallabag-db.el
  wallabag-20250409.217/wallabag-faces.el
  wallabag-20250409.217/wallabag-org.el
  wallabag-20250409.217/wallabag-pkg.el
  wallabag-20250409.217/wallabag-util.el
  wallabag-20250409.217/wallabag.el
 ✓ Success:
  2025-04-11T23:01:14+0000  wallabag-20250409.217.entry
  2025-04-11T23:01:14+0000  wallabag-20250409.217.tar
Built wallabag in 3.313s, finished at 2025-04-11T23:01:15+0000
