Package: web-mode-edit-element
Fetcher: github
Source:  https://github.com/jtkDvlp/web-mode-edit-element

Updating /mnt/store/melpa/working/web-mode-edit-element/
Checking out ad5d7e4dc2420bdd00ce65d9adffbd38a5904afa
Copying files (->) and directories (=>)
  from /mnt/store/melpa/working/web-mode-edit-element/
  to /tmp/web-mode-edit-elementuOi2z0/web-mode-edit-element-20190531.852
    web-mode-edit-element-attributes.el -> web-mode-edit-element-attributes.el
    web-mode-edit-element-elements.el -> web-mode-edit-element-elements.el
    web-mode-edit-element-utils.el -> web-mode-edit-element-utils.el
    web-mode-edit-element.el -> web-mode-edit-element.el
Created web-mode-edit-element-20190531.852.tar containing:
  web-mode-edit-element-20190531.852/
  web-mode-edit-element-20190531.852/web-mode-edit-element-attributes.el
  web-mode-edit-element-20190531.852/web-mode-edit-element-elements.el
  web-mode-edit-element-20190531.852/web-mode-edit-element-pkg.el
  web-mode-edit-element-20190531.852/web-mode-edit-element-utils.el
  web-mode-edit-element-20190531.852/web-mode-edit-element.el
 ✓ Success:
  2025-01-27T22:33:14+0000  web-mode-edit-element-20190531.852.entry
  2025-01-27T22:33:13+0000  web-mode-edit-element-20190531.852.tar
Built web-mode-edit-element in 3.532s, finished at 2025-01-27T22:33:15+0000
