 • Building package web-server (from github:eschulte/emacs-web-server)...
Updating /mnt/store/melpa/working/web-server/
Checking out 6357a1c2d1718778503f7ee0909585094117525b
Copying files (->) and directories (=>)
  from /mnt/store/melpa/working/web-server/
  to /tmp/web-serverzGV9L6/web-server-20210708.2242
    web-server-status-codes.el -> web-server-status-codes.el
    web-server.el -> web-server.el
  ! doc/doclicense.texi -> doclicense.texi
  ! doc/gpl.texi -> gpl.texi
  ! doc/web-server.texi -> web-server.texi
Generating doclicense.info
Generating gpl.info
Generating web-server.info
Created web-server-20210708.2242.tar containing:
  web-server-20210708.2242/
  web-server-20210708.2242/dir
  web-server-20210708.2242/doclicense.info
  web-server-20210708.2242/gpl.info
  web-server-20210708.2242/web-server-pkg.el
  web-server-20210708.2242/web-server-status-codes.el
  web-server-20210708.2242/web-server.el
  web-server-20210708.2242/web-server.info
 ✓ Success:
  2025-12-22T00:26:29+0000  web-server-20210708.2242.entry
  2025-12-22T00:26:29+0000  web-server-20210708.2242.tar
Built web-server in 7.450s, finished at 2025-12-22T00:26:30+0000
