Package: webdriver
Fetcher: gitlab
Source:  https://gitlab.com/mauroaranda/emacs-webdriver.git

Updating /mnt/store/melpa/working/webdriver/
Checking out f73fc53aea5733d630e66d8da178218983d5898a
Copying files (->) and directories (=>)
  from /mnt/store/melpa/working/webdriver/
  to /tmp/webdriver0I7AL8/webdriver-20231016.1331
    webdriver-chrome.el -> webdriver-chrome.el
    webdriver.el -> webdriver.el
    webdriver.texi -> webdriver.texi
Generating /tmp/webdriver0I7AL8/webdriver-20231016.1331/webdriver.info
Created webdriver-20231016.1331.tar containing:
  webdriver-20231016.1331/
  webdriver-20231016.1331/dir
  webdriver-20231016.1331/webdriver-chrome.el
  webdriver-20231016.1331/webdriver-pkg.el
  webdriver-20231016.1331/webdriver.el
  webdriver-20231016.1331/webdriver.info
 ✓ Success:
  2024-01-13T15:59:18+0000  webdriver-20231016.1331.entry
  2024-01-13T15:59:18+0000  webdriver-20231016.1331.tar
Built webdriver in 11.053s, finished at 2024-01-13T15:59:20+0000
