Package: window-purpose
Fetcher: github
Source:  https://github.com/bmag/emacs-purpose.git

Updating /mnt/store/melpa/working/window-purpose/
Checking out bb462f12f836414425edac32ebd069b4fd5b98d4
Copying files (->) and directories (=>)
  from /mnt/store/melpa/working/window-purpose/
  to /tmp/window-purposeoDfOb4/window-purpose-20210628.715
    window-purpose-configuration.el -> window-purpose-configuration.el
    window-purpose-core.el -> window-purpose-core.el
    window-purpose-fixes.el -> window-purpose-fixes.el
    window-purpose-layout.el -> window-purpose-layout.el
    window-purpose-prefix-overload.el -> window-purpose-prefix-overload.el
    window-purpose-switch.el -> window-purpose-switch.el
    window-purpose-utils.el -> window-purpose-utils.el
    window-purpose-x.el -> window-purpose-x.el
    window-purpose.el -> window-purpose.el
    layouts => layouts
Created window-purpose-20210628.715.tar containing:
  window-purpose-20210628.715/
  window-purpose-20210628.715/layouts/
  window-purpose-20210628.715/layouts/edit-terminal-general.window-layout
  window-purpose-20210628.715/layouts/edit-terminal.window-layout
  window-purpose-20210628.715/window-purpose-configuration.el
  window-purpose-20210628.715/window-purpose-core.el
  window-purpose-20210628.715/window-purpose-fixes.el
  window-purpose-20210628.715/window-purpose-layout.el
  window-purpose-20210628.715/window-purpose-pkg.el
  window-purpose-20210628.715/window-purpose-prefix-overload.el
  window-purpose-20210628.715/window-purpose-switch.el
  window-purpose-20210628.715/window-purpose-utils.el
  window-purpose-20210628.715/window-purpose-x.el
  window-purpose-20210628.715/window-purpose.el
 ✓ Success:
  2024-03-04T23:22:10+0000  window-purpose-20210628.715.entry
  2024-03-04T23:22:10+0000  window-purpose-20210628.715.tar
Built window-purpose in 3.616s, finished at 2024-03-04T23:22:12+0000
