Package: wordel
Fetcher: github
Source:  https://github.com/progfolio/wordel

Updating /mnt/store/melpa/working/wordel/
Checking out f6ca7c7068e2cca8260ae8b061b41cee60d5845c
Copying files (->) and directories (=>)
  from /mnt/store/melpa/working/wordel/
  to /tmp/wordelkCxGU3/wordel-20250104.1247
    wordel.el -> wordel.el
    words => words
Created wordel-20250104.1247.tar containing:
  wordel-20250104.1247/
  wordel-20250104.1247/wordel-pkg.el
  wordel-20250104.1247/wordel.el
  wordel-20250104.1247/words/
  wordel-20250104.1247/words/scrabble
  wordel-20250104.1247/words/wordle
 ✓ Success:
  2025-01-27T22:34:23+0000  wordel-20250104.1247.entry
  2025-01-27T22:34:23+0000  wordel-20250104.1247.tar
Built wordel in 3.592s, finished at 2025-01-27T22:34:24+0000
