Package: wordnut
Fetcher: github
Source:  https://github.com/gromnitsky/wordnut

Updating /mnt/store/melpa/working/wordnut/
Checking out dffc75a455d0d4458b7555f4c051c51d71c8e18a
Copying files (->) and directories (=>)
  from /mnt/store/melpa/working/wordnut/
  to /tmp/wordnutgxJ8NY/wordnut-20241229.739
    wordnut-history.el -> wordnut-history.el
    wordnut-u.el -> wordnut-u.el
    wordnut.el -> wordnut.el
Created wordnut-20241229.739.tar containing:
  wordnut-20241229.739/
  wordnut-20241229.739/wordnut-history.el
  wordnut-20241229.739/wordnut-pkg.el
  wordnut-20241229.739/wordnut-u.el
  wordnut-20241229.739/wordnut.el
 ✓ Success:
  2024-12-30T23:05:28+0000  wordnut-20241229.739.entry
  2024-12-30T23:05:28+0000  wordnut-20241229.739.tar
Built wordnut in 1.787s, finished at 2024-12-30T23:05:29+0000
