Package: writeroom-mode
Fetcher: github
Source:  https://github.com/joostkremers/writeroom-mode.git

Updating /mnt/store/melpa/working/writeroom-mode/
Checking out f4d035e91d20bf1dd3f2857b9cc344f844979a78
Copying files (->) and directories (=>)
  from /mnt/store/melpa/working/writeroom-mode/
  to /tmp/writeroom-mode7oHJSi/writeroom-mode-20231103.931
    writeroom-mode.el -> writeroom-mode.el
    writeroom-mode.info -> writeroom-mode.info
Created writeroom-mode-20231103.931.tar containing:
  writeroom-mode-20231103.931/
  writeroom-mode-20231103.931/dir
  writeroom-mode-20231103.931/writeroom-mode-pkg.el
  writeroom-mode-20231103.931/writeroom-mode.el
  writeroom-mode-20231103.931/writeroom-mode.info
 ✓ Success:
  2024-03-31T00:04:06+0000  writeroom-mode-20231103.931.entry
  2024-03-31T00:04:06+0000  writeroom-mode-20231103.931.tar
Built writeroom-mode in 3.716s, finished at 2024-03-31T00:04:07+0000
