Package: wsd-mode
Fetcher: github
Source:  https://github.com/josteink/wsd-mode.git

Updating /mnt/store/melpa/working/wsd-mode/
Checking out 44aac55afb57cb540559aa1015f9ad2d770dd5c8
Copying files (->) and directories (=>)
  from /mnt/store/melpa/working/wsd-mode/
  to /tmp/wsd-modeXbf2Kv/wsd-mode-20191031.1211
    company-wsdmode.el -> company-wsdmode.el
    ob-wsdmode.el -> ob-wsdmode.el
    wsd-core.el -> wsd-core.el
    wsd-flycheck.el -> wsd-flycheck.el
    wsd-mode.el -> wsd-mode.el
Created wsd-mode-20191031.1211.tar containing:
  wsd-mode-20191031.1211/
  wsd-mode-20191031.1211/company-wsdmode.el
  wsd-mode-20191031.1211/ob-wsdmode.el
  wsd-mode-20191031.1211/wsd-core.el
  wsd-mode-20191031.1211/wsd-flycheck.el
  wsd-mode-20191031.1211/wsd-mode-pkg.el
  wsd-mode-20191031.1211/wsd-mode.el
 ✓ Success:
  2024-02-14T16:03:15+0000  wsd-mode-20191031.1211.entry
  2024-02-14T16:03:15+0000  wsd-mode-20191031.1211.tar
Built wsd-mode in 4.100s, finished at 2024-02-14T16:03:17+0000
