Package: x509-mode
Fetcher: github
Source:  https://github.com/jobbflykt/x509-mode

Updating /mnt/store/melpa/working/x509-mode/
Checking out c3874db7001bc2726b1548d05950671dd052ed24
Copying files (->) and directories (=>)
  from /mnt/store/melpa/working/x509-mode/
  to /tmp/x509-mode2Iokl7/x509-mode-20241111.1812
    x509-mode.el -> x509-mode.el
    constants.txt -> constants.txt
    keyword+constant.txt -> keyword+constant.txt
    keywords.txt -> keywords.txt
    long-name.txt -> long-name.txt
Created x509-mode-20241111.1812.tar containing:
  x509-mode-20241111.1812/
  x509-mode-20241111.1812/constants.txt
  x509-mode-20241111.1812/keyword+constant.txt
  x509-mode-20241111.1812/keywords.txt
  x509-mode-20241111.1812/long-name.txt
  x509-mode-20241111.1812/x509-mode-pkg.el
  x509-mode-20241111.1812/x509-mode.el
 ✓ Success:
  2024-11-12T00:18:56+0000  x509-mode-20241111.1812.entry
  2024-11-12T00:18:56+0000  x509-mode-20241111.1812.tar
Built x509-mode in 2.981s, finished at 2024-11-12T00:18:57+0000
