Package: xenops
Fetcher: github
Source:  https://github.com/dandavison/xenops.git

Updating /mnt/store/melpa/working/xenops/
Checking out 4d75c1cd5ee7afba62af3a39a1f43432b295c29c
Copying files (->) and directories (=>)
  from /mnt/store/melpa/working/xenops/
  to /tmp/xenopse0lZXz/xenops-20220821.1111
  ! lisp/xenops-aio.el -> xenops-aio.el
  ! lisp/xenops-apply.el -> xenops-apply.el
  ! lisp/xenops-auctex.el -> xenops-auctex.el
  ! lisp/xenops-avy.el -> xenops-avy.el
  ! lisp/xenops-doctor.el -> xenops-doctor.el
  ! lisp/xenops-element.el -> xenops-element.el
  ! lisp/xenops-elements.el -> xenops-elements.el
  ! lisp/xenops-font.el -> xenops-font.el
  ! lisp/xenops-footnote.el -> xenops-footnote.el
  ! lisp/xenops-image.el -> xenops-image.el
  ! lisp/xenops-math-latex.el -> xenops-math-latex.el
  ! lisp/xenops-math.el -> xenops-math.el
  ! lisp/xenops-minted.el -> xenops-minted.el
  ! lisp/xenops-overlay.el -> xenops-overlay.el
  ! lisp/xenops-parse.el -> xenops-parse.el
  ! lisp/xenops-png.el -> xenops-png.el
  ! lisp/xenops-src.el -> xenops-src.el
  ! lisp/xenops-style.el -> xenops-style.el
  ! lisp/xenops-util.el -> xenops-util.el
  ! lisp/xenops-xen.el -> xenops-xen.el
  ! lisp/xenops.el -> xenops.el
Created xenops-20220821.1111.tar containing:
  xenops-20220821.1111/
  xenops-20220821.1111/xenops-aio.el
  xenops-20220821.1111/xenops-apply.el
  xenops-20220821.1111/xenops-auctex.el
  xenops-20220821.1111/xenops-avy.el
  xenops-20220821.1111/xenops-doctor.el
  xenops-20220821.1111/xenops-element.el
  xenops-20220821.1111/xenops-elements.el
  xenops-20220821.1111/xenops-font.el
  xenops-20220821.1111/xenops-footnote.el
  xenops-20220821.1111/xenops-image.el
  xenops-20220821.1111/xenops-math-latex.el
  xenops-20220821.1111/xenops-math.el
  xenops-20220821.1111/xenops-minted.el
  xenops-20220821.1111/xenops-overlay.el
  xenops-20220821.1111/xenops-parse.el
  xenops-20220821.1111/xenops-pkg.el
  xenops-20220821.1111/xenops-png.el
  xenops-20220821.1111/xenops-src.el
  xenops-20220821.1111/xenops-style.el
  xenops-20220821.1111/xenops-util.el
  xenops-20220821.1111/xenops-xen.el
  xenops-20220821.1111/xenops.el
 ✓ Success:
  2024-01-31T04:05:25+0000  xenops-20220821.1111.entry
  2024-01-31T04:05:25+0000  xenops-20220821.1111.tar
Built xenops in 3.155s, finished at 2024-01-31T04:05:26+0000
