Package: xterm-keybinder
Fetcher: github
Source:  https://github.com/yuutayamada/xterm-keybinder-el

Updating /mnt/store/melpa/working/xterm-keybinder/
Checking out b29c4f700b0fa0c9f627f6725b36462b8fab06d6
Copying files (->) and directories (=>)
  from /mnt/store/melpa/working/xterm-keybinder/
  to /tmp/xterm-keybinderH1hT1l/xterm-keybinder-20160523.56
    xterm-keybinder.el -> xterm-keybinder.el
    xterm-option -> xterm-option
    emacs-urxvt-client -> emacs-urxvt-client
Created xterm-keybinder-20160523.56.tar containing:
  xterm-keybinder-20160523.56/
  xterm-keybinder-20160523.56/emacs-urxvt-client
  xterm-keybinder-20160523.56/xterm-keybinder-pkg.el
  xterm-keybinder-20160523.56/xterm-keybinder.el
  xterm-keybinder-20160523.56/xterm-option
 ✓ Success:
  2025-01-07T01:22:15+0000  xterm-keybinder-20160523.56.entry
  2025-01-07T01:22:15+0000  xterm-keybinder-20160523.56.tar
Built xterm-keybinder in 1.819s, finished at 2025-01-07T01:22:15+0000
