Package: xwwp
Fetcher: github
Source:  https://github.com/canatella/xwwp

Updating /mnt/store/melpa/working/xwwp/
Checking out 0c875e460d1c0637766204dc289ffbd0f2284194
Copying files (->) and directories (=>)
  from /mnt/store/melpa/working/xwwp/
  to /tmp/xwwpVDeT7L/xwwp-20240701.1040
    xwwp.el -> xwwp.el
    xwwp-follow-link.el -> xwwp-follow-link.el
    xwwp-follow-link-ido.el -> xwwp-follow-link-ido.el
Created xwwp-20240701.1040.tar containing:
  xwwp-20240701.1040/
  xwwp-20240701.1040/xwwp-follow-link-ido.el
  xwwp-20240701.1040/xwwp-follow-link.el
  xwwp-20240701.1040/xwwp-pkg.el
  xwwp-20240701.1040/xwwp.el
 ✓ Success:
  2025-02-27T23:26:39+0000  xwwp-20240701.1040.entry
  2025-02-27T23:26:39+0000  xwwp-20240701.1040.tar
Built xwwp in 5.538s, finished at 2025-02-27T23:26:41+0000
