Package: yaml-pro
Fetcher: github
Source:  https://github.com/zkry/yaml-pro.git

Updating /mnt/store/melpa/working/yaml-pro/
Checking out 5f06949e92dc19dcc48dc31662b2aa958fe33726
Copying files (->) and directories (=>)
  from /mnt/store/melpa/working/yaml-pro/
  to /tmp/yaml-proFknSoa/yaml-pro-20240623.1904
    yaml-pro-edit.el -> yaml-pro-edit.el
    yaml-pro-format.el -> yaml-pro-format.el
    yaml-pro.el -> yaml-pro.el
Created yaml-pro-20240623.1904.tar containing:
  yaml-pro-20240623.1904/
  yaml-pro-20240623.1904/yaml-pro-edit.el
  yaml-pro-20240623.1904/yaml-pro-format.el
  yaml-pro-20240623.1904/yaml-pro-pkg.el
  yaml-pro-20240623.1904/yaml-pro.el
 ✓ Success:
  2024-08-04T23:45:55+0000  yaml-pro-20240623.1904.entry
  2024-08-04T23:45:55+0000  yaml-pro-20240623.1904.tar
Built yaml-pro in 3.189s, finished at 2024-08-04T23:45:56+0000
