Package: yatex
Fetcher: hg
Source:  https://www.yatex.org/hgrepos/yatex

Updating /mnt/store/melpa/working/yatex/
Checking out 157aa7974191bbb4707d26b05ce830282ad70ef5
Copying files (->) and directories (=>)
  from /mnt/store/melpa/working/yatex/
  to /tmp/yatexay731H/yatex-20221225.512
    yahtml.el -> yahtml.el
    yatex.el -> yatex.el
    yatex19.el -> yatex19.el
    yatex23.el -> yatex23.el
    yatexadd.el -> yatexadd.el
    yatexenv.el -> yatexenv.el
    yatexflt.el -> yatexflt.el
    yatexgen.el -> yatexgen.el
    yatexhie.el -> yatexhie.el
    yatexhks.el -> yatexhks.el
    yatexhlp.el -> yatexhlp.el
    yatexinf.el -> yatexinf.el
    yatexlib.el -> yatexlib.el
    yatexm-o.el -> yatexm-o.el
    yatexmth.el -> yatexmth.el
    yatexpkg.el -> yatexpkg.el
    yatexprc.el -> yatexprc.el
    yatexsec.el -> yatexsec.el
    dir -> dir
Created yatex-20221225.512.tar containing:
  yatex-20221225.512/
  yatex-20221225.512/dir
  yatex-20221225.512/yahtml.el
  yatex-20221225.512/yatex-pkg.el
  yatex-20221225.512/yatex.el
  yatex-20221225.512/yatex19.el
  yatex-20221225.512/yatex23.el
  yatex-20221225.512/yatexadd.el
  yatex-20221225.512/yatexenv.el
  yatex-20221225.512/yatexflt.el
  yatex-20221225.512/yatexgen.el
  yatex-20221225.512/yatexhie.el
  yatex-20221225.512/yatexhks.el
  yatex-20221225.512/yatexhlp.el
  yatex-20221225.512/yatexinf.el
  yatex-20221225.512/yatexlib.el
  yatex-20221225.512/yatexm-o.el
  yatex-20221225.512/yatexmth.el
  yatex-20221225.512/yatexpkg.el
  yatex-20221225.512/yatexprc.el
  yatex-20221225.512/yatexsec.el
 ✓ Success:
  2024-12-23T00:13:45+0000  yatex-20221225.512.entry
  2024-12-23T00:13:45+0000  yatex-20221225.512.tar
Built yatex in 17.008s, finished at 2024-12-23T00:13:49+0000
