Package: zenscript-mode
Fetcher: github
Source:  https://github.com/eutro/zenscript-mode.git

Updating /mnt/store/melpa/working/zenscript-mode/
Checking out c33b4525502459fe60dd76b383e19919d450aeb8
Copying files (->) and directories (=>)
  from /mnt/store/melpa/working/zenscript-mode/
  to /tmp/zenscript-modegnOSBg/zenscript-mode-20210102.1350
    zenscript-common.el -> zenscript-common.el
    zenscript-completion.el -> zenscript-completion.el
    zenscript-highlighting.el -> zenscript-highlighting.el
    zenscript-indentation.el -> zenscript-indentation.el
    zenscript-language.el -> zenscript-language.el
    zenscript-mode.el -> zenscript-mode.el
    zenscript-parser.el -> zenscript-parser.el
Created zenscript-mode-20210102.1350.tar containing:
  zenscript-mode-20210102.1350/
  zenscript-mode-20210102.1350/zenscript-common.el
  zenscript-mode-20210102.1350/zenscript-completion.el
  zenscript-mode-20210102.1350/zenscript-highlighting.el
  zenscript-mode-20210102.1350/zenscript-indentation.el
  zenscript-mode-20210102.1350/zenscript-language.el
  zenscript-mode-20210102.1350/zenscript-mode-pkg.el
  zenscript-mode-20210102.1350/zenscript-mode.el
  zenscript-mode-20210102.1350/zenscript-parser.el
 ✓ Success:
  2024-05-10T04:00:19+0000  zenscript-mode-20210102.1350.entry
  2024-05-10T04:00:19+0000  zenscript-mode-20210102.1350.tar
Built zenscript-mode in 4.306s, finished at 2024-05-10T04:00:20+0000
