Package: zephir-mode
Fetcher: github
Source:  https://github.com/zephir-lang/zephir-mode

Updating /mnt/store/melpa/working/zephir-mode/
Checking out 4e9618b77dff67c1c7b6fff78605a62311db88b8
Copying files (->) and directories (=>)
  from /mnt/store/melpa/working/zephir-mode/
  to /tmp/zephir-modeBiSp1B/zephir-mode-20200417.830
    zephir-face.el -> zephir-face.el
    zephir-indent.el -> zephir-indent.el
    zephir-mode.el -> zephir-mode.el
    zephir.el -> zephir.el
Created zephir-mode-20200417.830.tar containing:
  zephir-mode-20200417.830/
  zephir-mode-20200417.830/zephir-face.el
  zephir-mode-20200417.830/zephir-indent.el
  zephir-mode-20200417.830/zephir-mode-pkg.el
  zephir-mode-20200417.830/zephir-mode.el
  zephir-mode-20200417.830/zephir.el
 ✓ Success:
  2025-03-05T22:30:06+0000  zephir-mode-20200417.830.entry
  2025-03-05T22:30:05+0000  zephir-mode-20200417.830.tar
Built zephir-mode in 2.741s, finished at 2025-03-05T22:30:06+0000
