Package: zotxt
Fetcher: gitlab
Source:  https://gitlab.com/egh/zotxt-emacs

Updating /mnt/store/melpa/working/zotxt/
Checking out 7eae5196dbe6fa3045b31412538ce4a81204abc4
Copying files (->) and directories (=>)
  from /mnt/store/melpa/working/zotxt/
  to /tmp/zotxtPJyXGm/zotxt-20240203.647
    org-zotxt-noter.el -> org-zotxt-noter.el
    org-zotxt.el -> org-zotxt.el
    zotxt-pkg.el -> zotxt-pkg.el
    zotxt.el -> zotxt.el
Created zotxt-20240203.647.tar containing:
  zotxt-20240203.647/
  zotxt-20240203.647/org-zotxt-noter.el
  zotxt-20240203.647/org-zotxt.el
  zotxt-20240203.647/zotxt-pkg.el
  zotxt-20240203.647/zotxt.el
 ✓ Success:
  2024-10-28T00:16:40+0000  zotxt-20240203.647.entry
  2024-10-28T00:16:40+0000  zotxt-20240203.647.tar
Built zotxt in 3.289s, finished at 2024-10-28T00:16:41+0000
